[2024-01-14T14:59:58.722+0000] {processor.py:154} INFO - Started process (PID=54) to work on /home/airflow/.local/lib/python3.7/site-packages/airflow/example_dags/example_task_group_decorator.py
[2024-01-14T14:59:58.723+0000] {processor.py:756} INFO - Processing file /home/airflow/.local/lib/python3.7/site-packages/airflow/example_dags/example_task_group_decorator.py for tasks to queue
[2024-01-14T14:59:58.724+0000] {logging_mixin.py:120} INFO - [2024-01-14T14:59:58.723+0000] {dagbag.py:537} INFO - Filling up the DagBag from /home/airflow/.local/lib/python3.7/site-packages/airflow/example_dags/example_task_group_decorator.py
[2024-01-14T14:59:58.755+0000] {processor.py:766} INFO - DAG(s) dict_keys(['example_task_group_decorator']) retrieved from /home/airflow/.local/lib/python3.7/site-packages/airflow/example_dags/example_task_group_decorator.py
[2024-01-14T14:59:58.888+0000] {logging_mixin.py:120} INFO - [2024-01-14T14:59:58.888+0000] {manager.py:507} INFO - Created Permission View: can read on DAG:example_task_group_decorator
[2024-01-14T14:59:58.898+0000] {logging_mixin.py:120} INFO - [2024-01-14T14:59:58.898+0000] {manager.py:507} INFO - Created Permission View: can edit on DAG:example_task_group_decorator
[2024-01-14T14:59:58.905+0000] {logging_mixin.py:120} INFO - [2024-01-14T14:59:58.905+0000] {manager.py:507} INFO - Created Permission View: can delete on DAG:example_task_group_decorator
[2024-01-14T14:59:58.906+0000] {logging_mixin.py:120} INFO - [2024-01-14T14:59:58.906+0000] {dag.py:2585} INFO - Sync 1 DAGs
[2024-01-14T14:59:58.916+0000] {logging_mixin.py:120} INFO - [2024-01-14T14:59:58.916+0000] {dag.py:2606} INFO - Creating ORM DAG for example_task_group_decorator
[2024-01-14T14:59:58.927+0000] {logging_mixin.py:120} INFO - [2024-01-14T14:59:58.927+0000] {dag.py:3340} INFO - Setting next_dagrun for example_task_group_decorator to 2024-01-13T14:59:58.927075+00:00, run_after=2024-01-14T14:59:58.927075+00:00
[2024-01-14T14:59:58.963+0000] {processor.py:176} INFO - Processing /home/airflow/.local/lib/python3.7/site-packages/airflow/example_dags/example_task_group_decorator.py took 0.244 seconds
[2024-01-14T15:00:29.696+0000] {processor.py:154} INFO - Started process (PID=117) to work on /home/airflow/.local/lib/python3.7/site-packages/airflow/example_dags/example_task_group_decorator.py
[2024-01-14T15:00:29.697+0000] {processor.py:756} INFO - Processing file /home/airflow/.local/lib/python3.7/site-packages/airflow/example_dags/example_task_group_decorator.py for tasks to queue
[2024-01-14T15:00:29.698+0000] {logging_mixin.py:120} INFO - [2024-01-14T15:00:29.697+0000] {dagbag.py:537} INFO - Filling up the DagBag from /home/airflow/.local/lib/python3.7/site-packages/airflow/example_dags/example_task_group_decorator.py
[2024-01-14T15:00:29.716+0000] {processor.py:766} INFO - DAG(s) dict_keys(['example_task_group_decorator']) retrieved from /home/airflow/.local/lib/python3.7/site-packages/airflow/example_dags/example_task_group_decorator.py
[2024-01-14T15:00:29.742+0000] {logging_mixin.py:120} INFO - [2024-01-14T15:00:29.742+0000] {dag.py:2585} INFO - Sync 1 DAGs
[2024-01-14T15:00:29.757+0000] {logging_mixin.py:120} INFO - [2024-01-14T15:00:29.757+0000] {dag.py:3340} INFO - Setting next_dagrun for example_task_group_decorator to 2024-01-13T15:00:29.757302+00:00, run_after=2024-01-14T15:00:29.757302+00:00
[2024-01-14T15:00:29.768+0000] {processor.py:176} INFO - Processing /home/airflow/.local/lib/python3.7/site-packages/airflow/example_dags/example_task_group_decorator.py took 0.074 seconds
[2024-01-14T15:00:59.948+0000] {processor.py:154} INFO - Started process (PID=182) to work on /home/airflow/.local/lib/python3.7/site-packages/airflow/example_dags/example_task_group_decorator.py
[2024-01-14T15:00:59.949+0000] {processor.py:756} INFO - Processing file /home/airflow/.local/lib/python3.7/site-packages/airflow/example_dags/example_task_group_decorator.py for tasks to queue
[2024-01-14T15:00:59.951+0000] {logging_mixin.py:120} INFO - [2024-01-14T15:00:59.951+0000] {dagbag.py:537} INFO - Filling up the DagBag from /home/airflow/.local/lib/python3.7/site-packages/airflow/example_dags/example_task_group_decorator.py
[2024-01-14T15:00:59.969+0000] {processor.py:766} INFO - DAG(s) dict_keys(['example_task_group_decorator']) retrieved from /home/airflow/.local/lib/python3.7/site-packages/airflow/example_dags/example_task_group_decorator.py
[2024-01-14T15:00:59.996+0000] {logging_mixin.py:120} INFO - [2024-01-14T15:00:59.996+0000] {dag.py:2585} INFO - Sync 1 DAGs
[2024-01-14T15:01:00.011+0000] {logging_mixin.py:120} INFO - [2024-01-14T15:01:00.011+0000] {dag.py:3340} INFO - Setting next_dagrun for example_task_group_decorator to 2024-01-13T15:01:00.010965+00:00, run_after=2024-01-14T15:01:00.010965+00:00
[2024-01-14T15:01:00.022+0000] {processor.py:176} INFO - Processing /home/airflow/.local/lib/python3.7/site-packages/airflow/example_dags/example_task_group_decorator.py took 0.076 seconds
[2024-01-14T15:01:30.860+0000] {processor.py:154} INFO - Started process (PID=244) to work on /home/airflow/.local/lib/python3.7/site-packages/airflow/example_dags/example_task_group_decorator.py
[2024-01-14T15:01:30.861+0000] {processor.py:756} INFO - Processing file /home/airflow/.local/lib/python3.7/site-packages/airflow/example_dags/example_task_group_decorator.py for tasks to queue
[2024-01-14T15:01:30.861+0000] {logging_mixin.py:120} INFO - [2024-01-14T15:01:30.861+0000] {dagbag.py:537} INFO - Filling up the DagBag from /home/airflow/.local/lib/python3.7/site-packages/airflow/example_dags/example_task_group_decorator.py
[2024-01-14T15:01:30.880+0000] {processor.py:766} INFO - DAG(s) dict_keys(['example_task_group_decorator']) retrieved from /home/airflow/.local/lib/python3.7/site-packages/airflow/example_dags/example_task_group_decorator.py
[2024-01-14T15:01:30.909+0000] {logging_mixin.py:120} INFO - [2024-01-14T15:01:30.909+0000] {dag.py:2585} INFO - Sync 1 DAGs
[2024-01-14T15:01:30.926+0000] {logging_mixin.py:120} INFO - [2024-01-14T15:01:30.926+0000] {dag.py:3340} INFO - Setting next_dagrun for example_task_group_decorator to 2024-01-13T15:01:30.925984+00:00, run_after=2024-01-14T15:01:30.925984+00:00
[2024-01-14T15:01:30.937+0000] {processor.py:176} INFO - Processing /home/airflow/.local/lib/python3.7/site-packages/airflow/example_dags/example_task_group_decorator.py took 0.079 seconds
[2024-01-14T15:02:01.028+0000] {processor.py:154} INFO - Started process (PID=307) to work on /home/airflow/.local/lib/python3.7/site-packages/airflow/example_dags/example_task_group_decorator.py
[2024-01-14T15:02:01.029+0000] {processor.py:756} INFO - Processing file /home/airflow/.local/lib/python3.7/site-packages/airflow/example_dags/example_task_group_decorator.py for tasks to queue
[2024-01-14T15:02:01.029+0000] {logging_mixin.py:120} INFO - [2024-01-14T15:02:01.029+0000] {dagbag.py:537} INFO - Filling up the DagBag from /home/airflow/.local/lib/python3.7/site-packages/airflow/example_dags/example_task_group_decorator.py
[2024-01-14T15:02:01.048+0000] {processor.py:766} INFO - DAG(s) dict_keys(['example_task_group_decorator']) retrieved from /home/airflow/.local/lib/python3.7/site-packages/airflow/example_dags/example_task_group_decorator.py
[2024-01-14T15:02:01.074+0000] {logging_mixin.py:120} INFO - [2024-01-14T15:02:01.074+0000] {dag.py:2585} INFO - Sync 1 DAGs
[2024-01-14T15:02:01.088+0000] {logging_mixin.py:120} INFO - [2024-01-14T15:02:01.088+0000] {dag.py:3340} INFO - Setting next_dagrun for example_task_group_decorator to 2024-01-13T15:02:01.088760+00:00, run_after=2024-01-14T15:02:01.088760+00:00
[2024-01-14T15:02:01.099+0000] {processor.py:176} INFO - Processing /home/airflow/.local/lib/python3.7/site-packages/airflow/example_dags/example_task_group_decorator.py took 0.074 seconds
[2024-01-14T15:02:31.134+0000] {processor.py:154} INFO - Started process (PID=361) to work on /home/airflow/.local/lib/python3.7/site-packages/airflow/example_dags/example_task_group_decorator.py
[2024-01-14T15:02:31.135+0000] {processor.py:756} INFO - Processing file /home/airflow/.local/lib/python3.7/site-packages/airflow/example_dags/example_task_group_decorator.py for tasks to queue
[2024-01-14T15:02:31.136+0000] {logging_mixin.py:120} INFO - [2024-01-14T15:02:31.135+0000] {dagbag.py:537} INFO - Filling up the DagBag from /home/airflow/.local/lib/python3.7/site-packages/airflow/example_dags/example_task_group_decorator.py
[2024-01-14T15:02:31.155+0000] {processor.py:766} INFO - DAG(s) dict_keys(['example_task_group_decorator']) retrieved from /home/airflow/.local/lib/python3.7/site-packages/airflow/example_dags/example_task_group_decorator.py
[2024-01-14T15:02:31.181+0000] {logging_mixin.py:120} INFO - [2024-01-14T15:02:31.181+0000] {dag.py:2585} INFO - Sync 1 DAGs
[2024-01-14T15:02:31.199+0000] {logging_mixin.py:120} INFO - [2024-01-14T15:02:31.199+0000] {dag.py:3340} INFO - Setting next_dagrun for example_task_group_decorator to 2024-01-13T15:02:31.199165+00:00, run_after=2024-01-14T15:02:31.199165+00:00
[2024-01-14T15:02:31.212+0000] {processor.py:176} INFO - Processing /home/airflow/.local/lib/python3.7/site-packages/airflow/example_dags/example_task_group_decorator.py took 0.079 seconds
[2024-01-14T15:03:01.298+0000] {processor.py:154} INFO - Started process (PID=423) to work on /home/airflow/.local/lib/python3.7/site-packages/airflow/example_dags/example_task_group_decorator.py
[2024-01-14T15:03:01.299+0000] {processor.py:756} INFO - Processing file /home/airflow/.local/lib/python3.7/site-packages/airflow/example_dags/example_task_group_decorator.py for tasks to queue
[2024-01-14T15:03:01.300+0000] {logging_mixin.py:120} INFO - [2024-01-14T15:03:01.300+0000] {dagbag.py:537} INFO - Filling up the DagBag from /home/airflow/.local/lib/python3.7/site-packages/airflow/example_dags/example_task_group_decorator.py
[2024-01-14T15:03:01.321+0000] {processor.py:766} INFO - DAG(s) dict_keys(['example_task_group_decorator']) retrieved from /home/airflow/.local/lib/python3.7/site-packages/airflow/example_dags/example_task_group_decorator.py
[2024-01-14T15:03:01.354+0000] {logging_mixin.py:120} INFO - [2024-01-14T15:03:01.354+0000] {dag.py:2585} INFO - Sync 1 DAGs
[2024-01-14T15:03:01.370+0000] {logging_mixin.py:120} INFO - [2024-01-14T15:03:01.370+0000] {dag.py:3340} INFO - Setting next_dagrun for example_task_group_decorator to 2024-01-13T15:03:01.370482+00:00, run_after=2024-01-14T15:03:01.370482+00:00
[2024-01-14T15:03:01.381+0000] {processor.py:176} INFO - Processing /home/airflow/.local/lib/python3.7/site-packages/airflow/example_dags/example_task_group_decorator.py took 0.086 seconds
[2024-01-14T15:03:31.418+0000] {processor.py:154} INFO - Started process (PID=486) to work on /home/airflow/.local/lib/python3.7/site-packages/airflow/example_dags/example_task_group_decorator.py
[2024-01-14T15:03:31.419+0000] {processor.py:756} INFO - Processing file /home/airflow/.local/lib/python3.7/site-packages/airflow/example_dags/example_task_group_decorator.py for tasks to queue
[2024-01-14T15:03:31.419+0000] {logging_mixin.py:120} INFO - [2024-01-14T15:03:31.419+0000] {dagbag.py:537} INFO - Filling up the DagBag from /home/airflow/.local/lib/python3.7/site-packages/airflow/example_dags/example_task_group_decorator.py
[2024-01-14T15:03:31.440+0000] {processor.py:766} INFO - DAG(s) dict_keys(['example_task_group_decorator']) retrieved from /home/airflow/.local/lib/python3.7/site-packages/airflow/example_dags/example_task_group_decorator.py
[2024-01-14T15:03:31.472+0000] {logging_mixin.py:120} INFO - [2024-01-14T15:03:31.472+0000] {dag.py:2585} INFO - Sync 1 DAGs
[2024-01-14T15:03:31.489+0000] {logging_mixin.py:120} INFO - [2024-01-14T15:03:31.489+0000] {dag.py:3340} INFO - Setting next_dagrun for example_task_group_decorator to 2024-01-13T15:03:31.488860+00:00, run_after=2024-01-14T15:03:31.488860+00:00
[2024-01-14T15:03:31.500+0000] {processor.py:176} INFO - Processing /home/airflow/.local/lib/python3.7/site-packages/airflow/example_dags/example_task_group_decorator.py took 0.085 seconds
[2024-01-14T15:04:02.521+0000] {processor.py:154} INFO - Started process (PID=550) to work on /home/airflow/.local/lib/python3.7/site-packages/airflow/example_dags/example_task_group_decorator.py
[2024-01-14T15:04:02.522+0000] {processor.py:756} INFO - Processing file /home/airflow/.local/lib/python3.7/site-packages/airflow/example_dags/example_task_group_decorator.py for tasks to queue
[2024-01-14T15:04:02.523+0000] {logging_mixin.py:120} INFO - [2024-01-14T15:04:02.523+0000] {dagbag.py:537} INFO - Filling up the DagBag from /home/airflow/.local/lib/python3.7/site-packages/airflow/example_dags/example_task_group_decorator.py
[2024-01-14T15:04:02.542+0000] {processor.py:766} INFO - DAG(s) dict_keys(['example_task_group_decorator']) retrieved from /home/airflow/.local/lib/python3.7/site-packages/airflow/example_dags/example_task_group_decorator.py
[2024-01-14T15:04:02.570+0000] {logging_mixin.py:120} INFO - [2024-01-14T15:04:02.570+0000] {dag.py:2585} INFO - Sync 1 DAGs
[2024-01-14T15:04:02.584+0000] {logging_mixin.py:120} INFO - [2024-01-14T15:04:02.584+0000] {dag.py:3340} INFO - Setting next_dagrun for example_task_group_decorator to 2024-01-13T15:04:02.584687+00:00, run_after=2024-01-14T15:04:02.584687+00:00
[2024-01-14T15:04:02.595+0000] {processor.py:176} INFO - Processing /home/airflow/.local/lib/python3.7/site-packages/airflow/example_dags/example_task_group_decorator.py took 0.077 seconds
[2024-01-14T15:04:33.448+0000] {processor.py:154} INFO - Started process (PID=613) to work on /home/airflow/.local/lib/python3.7/site-packages/airflow/example_dags/example_task_group_decorator.py
[2024-01-14T15:04:33.449+0000] {processor.py:756} INFO - Processing file /home/airflow/.local/lib/python3.7/site-packages/airflow/example_dags/example_task_group_decorator.py for tasks to queue
[2024-01-14T15:04:33.450+0000] {logging_mixin.py:120} INFO - [2024-01-14T15:04:33.449+0000] {dagbag.py:537} INFO - Filling up the DagBag from /home/airflow/.local/lib/python3.7/site-packages/airflow/example_dags/example_task_group_decorator.py
[2024-01-14T15:04:33.469+0000] {processor.py:766} INFO - DAG(s) dict_keys(['example_task_group_decorator']) retrieved from /home/airflow/.local/lib/python3.7/site-packages/airflow/example_dags/example_task_group_decorator.py
[2024-01-14T15:04:33.496+0000] {logging_mixin.py:120} INFO - [2024-01-14T15:04:33.496+0000] {dag.py:2585} INFO - Sync 1 DAGs
[2024-01-14T15:04:33.512+0000] {logging_mixin.py:120} INFO - [2024-01-14T15:04:33.512+0000] {dag.py:3340} INFO - Setting next_dagrun for example_task_group_decorator to 2024-01-13T15:04:33.512412+00:00, run_after=2024-01-14T15:04:33.512412+00:00
[2024-01-14T15:04:33.523+0000] {processor.py:176} INFO - Processing /home/airflow/.local/lib/python3.7/site-packages/airflow/example_dags/example_task_group_decorator.py took 0.077 seconds
[2024-01-14T15:05:03.605+0000] {processor.py:154} INFO - Started process (PID=676) to work on /home/airflow/.local/lib/python3.7/site-packages/airflow/example_dags/example_task_group_decorator.py
[2024-01-14T15:05:03.606+0000] {processor.py:756} INFO - Processing file /home/airflow/.local/lib/python3.7/site-packages/airflow/example_dags/example_task_group_decorator.py for tasks to queue
[2024-01-14T15:05:03.607+0000] {logging_mixin.py:120} INFO - [2024-01-14T15:05:03.607+0000] {dagbag.py:537} INFO - Filling up the DagBag from /home/airflow/.local/lib/python3.7/site-packages/airflow/example_dags/example_task_group_decorator.py
[2024-01-14T15:05:03.624+0000] {processor.py:766} INFO - DAG(s) dict_keys(['example_task_group_decorator']) retrieved from /home/airflow/.local/lib/python3.7/site-packages/airflow/example_dags/example_task_group_decorator.py
[2024-01-14T15:05:03.650+0000] {logging_mixin.py:120} INFO - [2024-01-14T15:05:03.649+0000] {dag.py:2585} INFO - Sync 1 DAGs
[2024-01-14T15:05:03.665+0000] {logging_mixin.py:120} INFO - [2024-01-14T15:05:03.665+0000] {dag.py:3340} INFO - Setting next_dagrun for example_task_group_decorator to 2024-01-13T15:05:03.665057+00:00, run_after=2024-01-14T15:05:03.665057+00:00
[2024-01-14T15:05:03.676+0000] {processor.py:176} INFO - Processing /home/airflow/.local/lib/python3.7/site-packages/airflow/example_dags/example_task_group_decorator.py took 0.073 seconds
[2024-01-14T15:05:34.738+0000] {processor.py:154} INFO - Started process (PID=730) to work on /home/airflow/.local/lib/python3.7/site-packages/airflow/example_dags/example_task_group_decorator.py
[2024-01-14T15:05:34.738+0000] {processor.py:756} INFO - Processing file /home/airflow/.local/lib/python3.7/site-packages/airflow/example_dags/example_task_group_decorator.py for tasks to queue
[2024-01-14T15:05:34.739+0000] {logging_mixin.py:120} INFO - [2024-01-14T15:05:34.739+0000] {dagbag.py:537} INFO - Filling up the DagBag from /home/airflow/.local/lib/python3.7/site-packages/airflow/example_dags/example_task_group_decorator.py
[2024-01-14T15:05:34.756+0000] {processor.py:766} INFO - DAG(s) dict_keys(['example_task_group_decorator']) retrieved from /home/airflow/.local/lib/python3.7/site-packages/airflow/example_dags/example_task_group_decorator.py
[2024-01-14T15:05:34.783+0000] {logging_mixin.py:120} INFO - [2024-01-14T15:05:34.783+0000] {dag.py:2585} INFO - Sync 1 DAGs
[2024-01-14T15:05:34.798+0000] {logging_mixin.py:120} INFO - [2024-01-14T15:05:34.798+0000] {dag.py:3340} INFO - Setting next_dagrun for example_task_group_decorator to 2024-01-13T15:05:34.798209+00:00, run_after=2024-01-14T15:05:34.798209+00:00
[2024-01-14T15:05:34.808+0000] {processor.py:176} INFO - Processing /home/airflow/.local/lib/python3.7/site-packages/airflow/example_dags/example_task_group_decorator.py took 0.073 seconds
[2024-01-14T15:06:05.619+0000] {processor.py:154} INFO - Started process (PID=793) to work on /home/airflow/.local/lib/python3.7/site-packages/airflow/example_dags/example_task_group_decorator.py
[2024-01-14T15:06:05.619+0000] {processor.py:756} INFO - Processing file /home/airflow/.local/lib/python3.7/site-packages/airflow/example_dags/example_task_group_decorator.py for tasks to queue
[2024-01-14T15:06:05.620+0000] {logging_mixin.py:120} INFO - [2024-01-14T15:06:05.620+0000] {dagbag.py:537} INFO - Filling up the DagBag from /home/airflow/.local/lib/python3.7/site-packages/airflow/example_dags/example_task_group_decorator.py
[2024-01-14T15:06:05.637+0000] {processor.py:766} INFO - DAG(s) dict_keys(['example_task_group_decorator']) retrieved from /home/airflow/.local/lib/python3.7/site-packages/airflow/example_dags/example_task_group_decorator.py
[2024-01-14T15:06:05.664+0000] {logging_mixin.py:120} INFO - [2024-01-14T15:06:05.664+0000] {dag.py:2585} INFO - Sync 1 DAGs
[2024-01-14T15:06:05.679+0000] {logging_mixin.py:120} INFO - [2024-01-14T15:06:05.679+0000] {dag.py:3340} INFO - Setting next_dagrun for example_task_group_decorator to 2024-01-13T15:06:05.679019+00:00, run_after=2024-01-14T15:06:05.679019+00:00
[2024-01-14T15:06:05.689+0000] {processor.py:176} INFO - Processing /home/airflow/.local/lib/python3.7/site-packages/airflow/example_dags/example_task_group_decorator.py took 0.072 seconds
[2024-01-14T15:06:36.678+0000] {processor.py:154} INFO - Started process (PID=856) to work on /home/airflow/.local/lib/python3.7/site-packages/airflow/example_dags/example_task_group_decorator.py
[2024-01-14T15:06:36.679+0000] {processor.py:756} INFO - Processing file /home/airflow/.local/lib/python3.7/site-packages/airflow/example_dags/example_task_group_decorator.py for tasks to queue
[2024-01-14T15:06:36.680+0000] {logging_mixin.py:120} INFO - [2024-01-14T15:06:36.679+0000] {dagbag.py:537} INFO - Filling up the DagBag from /home/airflow/.local/lib/python3.7/site-packages/airflow/example_dags/example_task_group_decorator.py
[2024-01-14T15:06:36.698+0000] {processor.py:766} INFO - DAG(s) dict_keys(['example_task_group_decorator']) retrieved from /home/airflow/.local/lib/python3.7/site-packages/airflow/example_dags/example_task_group_decorator.py
[2024-01-14T15:06:36.725+0000] {logging_mixin.py:120} INFO - [2024-01-14T15:06:36.725+0000] {dag.py:2585} INFO - Sync 1 DAGs
[2024-01-14T15:06:36.743+0000] {logging_mixin.py:120} INFO - [2024-01-14T15:06:36.742+0000] {dag.py:3340} INFO - Setting next_dagrun for example_task_group_decorator to 2024-01-13T15:06:36.742718+00:00, run_after=2024-01-14T15:06:36.742718+00:00
[2024-01-14T15:06:36.754+0000] {processor.py:176} INFO - Processing /home/airflow/.local/lib/python3.7/site-packages/airflow/example_dags/example_task_group_decorator.py took 0.079 seconds
[2024-01-14T15:07:06.788+0000] {processor.py:154} INFO - Started process (PID=919) to work on /home/airflow/.local/lib/python3.7/site-packages/airflow/example_dags/example_task_group_decorator.py
[2024-01-14T15:07:06.788+0000] {processor.py:756} INFO - Processing file /home/airflow/.local/lib/python3.7/site-packages/airflow/example_dags/example_task_group_decorator.py for tasks to queue
[2024-01-14T15:07:06.789+0000] {logging_mixin.py:120} INFO - [2024-01-14T15:07:06.789+0000] {dagbag.py:537} INFO - Filling up the DagBag from /home/airflow/.local/lib/python3.7/site-packages/airflow/example_dags/example_task_group_decorator.py
[2024-01-14T15:07:06.806+0000] {processor.py:766} INFO - DAG(s) dict_keys(['example_task_group_decorator']) retrieved from /home/airflow/.local/lib/python3.7/site-packages/airflow/example_dags/example_task_group_decorator.py
[2024-01-14T15:07:06.832+0000] {logging_mixin.py:120} INFO - [2024-01-14T15:07:06.832+0000] {dag.py:2585} INFO - Sync 1 DAGs
[2024-01-14T15:07:06.849+0000] {logging_mixin.py:120} INFO - [2024-01-14T15:07:06.848+0000] {dag.py:3340} INFO - Setting next_dagrun for example_task_group_decorator to 2024-01-13T15:07:06.848697+00:00, run_after=2024-01-14T15:07:06.848697+00:00
[2024-01-14T15:07:06.859+0000] {processor.py:176} INFO - Processing /home/airflow/.local/lib/python3.7/site-packages/airflow/example_dags/example_task_group_decorator.py took 0.073 seconds
[2024-01-14T15:07:37.700+0000] {processor.py:154} INFO - Started process (PID=981) to work on /home/airflow/.local/lib/python3.7/site-packages/airflow/example_dags/example_task_group_decorator.py
[2024-01-14T15:07:37.701+0000] {processor.py:756} INFO - Processing file /home/airflow/.local/lib/python3.7/site-packages/airflow/example_dags/example_task_group_decorator.py for tasks to queue
[2024-01-14T15:07:37.702+0000] {logging_mixin.py:120} INFO - [2024-01-14T15:07:37.701+0000] {dagbag.py:537} INFO - Filling up the DagBag from /home/airflow/.local/lib/python3.7/site-packages/airflow/example_dags/example_task_group_decorator.py
[2024-01-14T15:07:37.720+0000] {processor.py:766} INFO - DAG(s) dict_keys(['example_task_group_decorator']) retrieved from /home/airflow/.local/lib/python3.7/site-packages/airflow/example_dags/example_task_group_decorator.py
[2024-01-14T15:07:37.750+0000] {logging_mixin.py:120} INFO - [2024-01-14T15:07:37.750+0000] {dag.py:2585} INFO - Sync 1 DAGs
[2024-01-14T15:07:37.765+0000] {logging_mixin.py:120} INFO - [2024-01-14T15:07:37.765+0000] {dag.py:3340} INFO - Setting next_dagrun for example_task_group_decorator to 2024-01-13T15:07:37.765676+00:00, run_after=2024-01-14T15:07:37.765676+00:00
[2024-01-14T15:07:37.777+0000] {processor.py:176} INFO - Processing /home/airflow/.local/lib/python3.7/site-packages/airflow/example_dags/example_task_group_decorator.py took 0.080 seconds
[2024-01-14T15:08:07.932+0000] {processor.py:154} INFO - Started process (PID=1044) to work on /home/airflow/.local/lib/python3.7/site-packages/airflow/example_dags/example_task_group_decorator.py
[2024-01-14T15:08:07.933+0000] {processor.py:756} INFO - Processing file /home/airflow/.local/lib/python3.7/site-packages/airflow/example_dags/example_task_group_decorator.py for tasks to queue
[2024-01-14T15:08:07.933+0000] {logging_mixin.py:120} INFO - [2024-01-14T15:08:07.933+0000] {dagbag.py:537} INFO - Filling up the DagBag from /home/airflow/.local/lib/python3.7/site-packages/airflow/example_dags/example_task_group_decorator.py
[2024-01-14T15:08:07.953+0000] {processor.py:766} INFO - DAG(s) dict_keys(['example_task_group_decorator']) retrieved from /home/airflow/.local/lib/python3.7/site-packages/airflow/example_dags/example_task_group_decorator.py
[2024-01-14T15:08:07.980+0000] {logging_mixin.py:120} INFO - [2024-01-14T15:08:07.980+0000] {dag.py:2585} INFO - Sync 1 DAGs
[2024-01-14T15:08:07.995+0000] {logging_mixin.py:120} INFO - [2024-01-14T15:08:07.995+0000] {dag.py:3340} INFO - Setting next_dagrun for example_task_group_decorator to 2024-01-13T15:08:07.995191+00:00, run_after=2024-01-14T15:08:07.995191+00:00
[2024-01-14T15:08:08.006+0000] {processor.py:176} INFO - Processing /home/airflow/.local/lib/python3.7/site-packages/airflow/example_dags/example_task_group_decorator.py took 0.076 seconds
[2024-01-14T15:08:38.888+0000] {processor.py:154} INFO - Started process (PID=1098) to work on /home/airflow/.local/lib/python3.7/site-packages/airflow/example_dags/example_task_group_decorator.py
[2024-01-14T15:08:38.889+0000] {processor.py:756} INFO - Processing file /home/airflow/.local/lib/python3.7/site-packages/airflow/example_dags/example_task_group_decorator.py for tasks to queue
[2024-01-14T15:08:38.889+0000] {logging_mixin.py:120} INFO - [2024-01-14T15:08:38.889+0000] {dagbag.py:537} INFO - Filling up the DagBag from /home/airflow/.local/lib/python3.7/site-packages/airflow/example_dags/example_task_group_decorator.py
[2024-01-14T15:08:38.907+0000] {processor.py:766} INFO - DAG(s) dict_keys(['example_task_group_decorator']) retrieved from /home/airflow/.local/lib/python3.7/site-packages/airflow/example_dags/example_task_group_decorator.py
[2024-01-14T15:08:38.934+0000] {logging_mixin.py:120} INFO - [2024-01-14T15:08:38.934+0000] {dag.py:2585} INFO - Sync 1 DAGs
[2024-01-14T15:08:38.949+0000] {logging_mixin.py:120} INFO - [2024-01-14T15:08:38.949+0000] {dag.py:3340} INFO - Setting next_dagrun for example_task_group_decorator to 2024-01-13T15:08:38.949670+00:00, run_after=2024-01-14T15:08:38.949670+00:00
[2024-01-14T15:08:38.960+0000] {processor.py:176} INFO - Processing /home/airflow/.local/lib/python3.7/site-packages/airflow/example_dags/example_task_group_decorator.py took 0.074 seconds
[2024-01-14T15:09:09.854+0000] {processor.py:154} INFO - Started process (PID=1161) to work on /home/airflow/.local/lib/python3.7/site-packages/airflow/example_dags/example_task_group_decorator.py
[2024-01-14T15:09:09.854+0000] {processor.py:756} INFO - Processing file /home/airflow/.local/lib/python3.7/site-packages/airflow/example_dags/example_task_group_decorator.py for tasks to queue
[2024-01-14T15:09:09.855+0000] {logging_mixin.py:120} INFO - [2024-01-14T15:09:09.855+0000] {dagbag.py:537} INFO - Filling up the DagBag from /home/airflow/.local/lib/python3.7/site-packages/airflow/example_dags/example_task_group_decorator.py
[2024-01-14T15:09:09.873+0000] {processor.py:766} INFO - DAG(s) dict_keys(['example_task_group_decorator']) retrieved from /home/airflow/.local/lib/python3.7/site-packages/airflow/example_dags/example_task_group_decorator.py
[2024-01-14T15:09:09.900+0000] {logging_mixin.py:120} INFO - [2024-01-14T15:09:09.900+0000] {dag.py:2585} INFO - Sync 1 DAGs
[2024-01-14T15:09:09.916+0000] {logging_mixin.py:120} INFO - [2024-01-14T15:09:09.916+0000] {dag.py:3340} INFO - Setting next_dagrun for example_task_group_decorator to 2024-01-13T15:09:09.916146+00:00, run_after=2024-01-14T15:09:09.916146+00:00
[2024-01-14T15:09:09.927+0000] {processor.py:176} INFO - Processing /home/airflow/.local/lib/python3.7/site-packages/airflow/example_dags/example_task_group_decorator.py took 0.077 seconds
[2024-01-14T15:09:40.846+0000] {processor.py:154} INFO - Started process (PID=1224) to work on /home/airflow/.local/lib/python3.7/site-packages/airflow/example_dags/example_task_group_decorator.py
[2024-01-14T15:09:40.847+0000] {processor.py:756} INFO - Processing file /home/airflow/.local/lib/python3.7/site-packages/airflow/example_dags/example_task_group_decorator.py for tasks to queue
[2024-01-14T15:09:40.847+0000] {logging_mixin.py:120} INFO - [2024-01-14T15:09:40.847+0000] {dagbag.py:537} INFO - Filling up the DagBag from /home/airflow/.local/lib/python3.7/site-packages/airflow/example_dags/example_task_group_decorator.py
[2024-01-14T15:09:40.866+0000] {processor.py:766} INFO - DAG(s) dict_keys(['example_task_group_decorator']) retrieved from /home/airflow/.local/lib/python3.7/site-packages/airflow/example_dags/example_task_group_decorator.py
[2024-01-14T15:09:40.893+0000] {logging_mixin.py:120} INFO - [2024-01-14T15:09:40.893+0000] {dag.py:2585} INFO - Sync 1 DAGs
[2024-01-14T15:09:40.908+0000] {logging_mixin.py:120} INFO - [2024-01-14T15:09:40.908+0000] {dag.py:3340} INFO - Setting next_dagrun for example_task_group_decorator to 2024-01-13T15:09:40.908156+00:00, run_after=2024-01-14T15:09:40.908156+00:00
[2024-01-14T15:09:40.919+0000] {processor.py:176} INFO - Processing /home/airflow/.local/lib/python3.7/site-packages/airflow/example_dags/example_task_group_decorator.py took 0.076 seconds
[2024-01-14T15:10:11.795+0000] {processor.py:154} INFO - Started process (PID=1287) to work on /home/airflow/.local/lib/python3.7/site-packages/airflow/example_dags/example_task_group_decorator.py
[2024-01-14T15:10:11.796+0000] {processor.py:756} INFO - Processing file /home/airflow/.local/lib/python3.7/site-packages/airflow/example_dags/example_task_group_decorator.py for tasks to queue
[2024-01-14T15:10:11.796+0000] {logging_mixin.py:120} INFO - [2024-01-14T15:10:11.796+0000] {dagbag.py:537} INFO - Filling up the DagBag from /home/airflow/.local/lib/python3.7/site-packages/airflow/example_dags/example_task_group_decorator.py
[2024-01-14T15:10:11.814+0000] {processor.py:766} INFO - DAG(s) dict_keys(['example_task_group_decorator']) retrieved from /home/airflow/.local/lib/python3.7/site-packages/airflow/example_dags/example_task_group_decorator.py
[2024-01-14T15:10:11.841+0000] {logging_mixin.py:120} INFO - [2024-01-14T15:10:11.841+0000] {dag.py:2585} INFO - Sync 1 DAGs
[2024-01-14T15:10:11.855+0000] {logging_mixin.py:120} INFO - [2024-01-14T15:10:11.855+0000] {dag.py:3340} INFO - Setting next_dagrun for example_task_group_decorator to 2024-01-13T15:10:11.855724+00:00, run_after=2024-01-14T15:10:11.855724+00:00
[2024-01-14T15:10:11.867+0000] {processor.py:176} INFO - Processing /home/airflow/.local/lib/python3.7/site-packages/airflow/example_dags/example_task_group_decorator.py took 0.074 seconds
[2024-01-14T15:10:42.656+0000] {processor.py:154} INFO - Started process (PID=1350) to work on /home/airflow/.local/lib/python3.7/site-packages/airflow/example_dags/example_task_group_decorator.py
[2024-01-14T15:10:42.657+0000] {processor.py:756} INFO - Processing file /home/airflow/.local/lib/python3.7/site-packages/airflow/example_dags/example_task_group_decorator.py for tasks to queue
[2024-01-14T15:10:42.657+0000] {logging_mixin.py:120} INFO - [2024-01-14T15:10:42.657+0000] {dagbag.py:537} INFO - Filling up the DagBag from /home/airflow/.local/lib/python3.7/site-packages/airflow/example_dags/example_task_group_decorator.py
[2024-01-14T15:10:42.676+0000] {processor.py:766} INFO - DAG(s) dict_keys(['example_task_group_decorator']) retrieved from /home/airflow/.local/lib/python3.7/site-packages/airflow/example_dags/example_task_group_decorator.py
[2024-01-14T15:10:42.703+0000] {logging_mixin.py:120} INFO - [2024-01-14T15:10:42.703+0000] {dag.py:2585} INFO - Sync 1 DAGs
[2024-01-14T15:10:42.718+0000] {logging_mixin.py:120} INFO - [2024-01-14T15:10:42.718+0000] {dag.py:3340} INFO - Setting next_dagrun for example_task_group_decorator to 2024-01-13T15:10:42.718105+00:00, run_after=2024-01-14T15:10:42.718105+00:00
[2024-01-14T15:10:42.728+0000] {processor.py:176} INFO - Processing /home/airflow/.local/lib/python3.7/site-packages/airflow/example_dags/example_task_group_decorator.py took 0.075 seconds
[2024-01-14T15:11:44.699+0000] {processor.py:154} INFO - Started process (PID=1476) to work on /home/airflow/.local/lib/python3.7/site-packages/airflow/example_dags/example_task_group_decorator.py
[2024-01-14T15:11:44.700+0000] {processor.py:756} INFO - Processing file /home/airflow/.local/lib/python3.7/site-packages/airflow/example_dags/example_task_group_decorator.py for tasks to queue
[2024-01-14T15:11:44.700+0000] {logging_mixin.py:120} INFO - [2024-01-14T15:11:44.700+0000] {dagbag.py:537} INFO - Filling up the DagBag from /home/airflow/.local/lib/python3.7/site-packages/airflow/example_dags/example_task_group_decorator.py
[2024-01-14T15:11:44.718+0000] {processor.py:766} INFO - DAG(s) dict_keys(['example_task_group_decorator']) retrieved from /home/airflow/.local/lib/python3.7/site-packages/airflow/example_dags/example_task_group_decorator.py
[2024-01-14T15:11:44.746+0000] {logging_mixin.py:120} INFO - [2024-01-14T15:11:44.746+0000] {dag.py:2585} INFO - Sync 1 DAGs
[2024-01-14T15:11:44.761+0000] {logging_mixin.py:120} INFO - [2024-01-14T15:11:44.761+0000] {dag.py:3340} INFO - Setting next_dagrun for example_task_group_decorator to 2024-01-13T15:11:44.761535+00:00, run_after=2024-01-14T15:11:44.761535+00:00
[2024-01-14T15:11:44.772+0000] {processor.py:176} INFO - Processing /home/airflow/.local/lib/python3.7/site-packages/airflow/example_dags/example_task_group_decorator.py took 0.076 seconds
[2024-01-14T15:12:15.754+0000] {processor.py:154} INFO - Started process (PID=1530) to work on /home/airflow/.local/lib/python3.7/site-packages/airflow/example_dags/example_task_group_decorator.py
[2024-01-14T15:12:15.755+0000] {processor.py:756} INFO - Processing file /home/airflow/.local/lib/python3.7/site-packages/airflow/example_dags/example_task_group_decorator.py for tasks to queue
[2024-01-14T15:12:15.756+0000] {logging_mixin.py:120} INFO - [2024-01-14T15:12:15.756+0000] {dagbag.py:537} INFO - Filling up the DagBag from /home/airflow/.local/lib/python3.7/site-packages/airflow/example_dags/example_task_group_decorator.py
[2024-01-14T15:12:15.773+0000] {processor.py:766} INFO - DAG(s) dict_keys(['example_task_group_decorator']) retrieved from /home/airflow/.local/lib/python3.7/site-packages/airflow/example_dags/example_task_group_decorator.py
[2024-01-14T15:12:15.799+0000] {logging_mixin.py:120} INFO - [2024-01-14T15:12:15.799+0000] {dag.py:2585} INFO - Sync 1 DAGs
[2024-01-14T15:12:15.814+0000] {logging_mixin.py:120} INFO - [2024-01-14T15:12:15.814+0000] {dag.py:3340} INFO - Setting next_dagrun for example_task_group_decorator to 2024-01-13T15:12:15.813902+00:00, run_after=2024-01-14T15:12:15.813902+00:00
[2024-01-14T15:12:15.825+0000] {processor.py:176} INFO - Processing /home/airflow/.local/lib/python3.7/site-packages/airflow/example_dags/example_task_group_decorator.py took 0.073 seconds
[2024-01-14T15:12:46.612+0000] {processor.py:154} INFO - Started process (PID=1593) to work on /home/airflow/.local/lib/python3.7/site-packages/airflow/example_dags/example_task_group_decorator.py
[2024-01-14T15:12:46.613+0000] {processor.py:756} INFO - Processing file /home/airflow/.local/lib/python3.7/site-packages/airflow/example_dags/example_task_group_decorator.py for tasks to queue
[2024-01-14T15:12:46.613+0000] {logging_mixin.py:120} INFO - [2024-01-14T15:12:46.613+0000] {dagbag.py:537} INFO - Filling up the DagBag from /home/airflow/.local/lib/python3.7/site-packages/airflow/example_dags/example_task_group_decorator.py
[2024-01-14T15:12:46.630+0000] {processor.py:766} INFO - DAG(s) dict_keys(['example_task_group_decorator']) retrieved from /home/airflow/.local/lib/python3.7/site-packages/airflow/example_dags/example_task_group_decorator.py
[2024-01-14T15:12:46.657+0000] {logging_mixin.py:120} INFO - [2024-01-14T15:12:46.657+0000] {dag.py:2585} INFO - Sync 1 DAGs
[2024-01-14T15:12:46.673+0000] {logging_mixin.py:120} INFO - [2024-01-14T15:12:46.673+0000] {dag.py:3340} INFO - Setting next_dagrun for example_task_group_decorator to 2024-01-13T15:12:46.673463+00:00, run_after=2024-01-14T15:12:46.673463+00:00
[2024-01-14T15:12:46.685+0000] {processor.py:176} INFO - Processing /home/airflow/.local/lib/python3.7/site-packages/airflow/example_dags/example_task_group_decorator.py took 0.075 seconds
[2024-01-14T15:13:17.654+0000] {processor.py:154} INFO - Started process (PID=1656) to work on /home/airflow/.local/lib/python3.7/site-packages/airflow/example_dags/example_task_group_decorator.py
[2024-01-14T15:13:17.654+0000] {processor.py:756} INFO - Processing file /home/airflow/.local/lib/python3.7/site-packages/airflow/example_dags/example_task_group_decorator.py for tasks to queue
[2024-01-14T15:13:17.655+0000] {logging_mixin.py:120} INFO - [2024-01-14T15:13:17.655+0000] {dagbag.py:537} INFO - Filling up the DagBag from /home/airflow/.local/lib/python3.7/site-packages/airflow/example_dags/example_task_group_decorator.py
[2024-01-14T15:13:17.673+0000] {processor.py:766} INFO - DAG(s) dict_keys(['example_task_group_decorator']) retrieved from /home/airflow/.local/lib/python3.7/site-packages/airflow/example_dags/example_task_group_decorator.py
[2024-01-14T15:13:17.700+0000] {logging_mixin.py:120} INFO - [2024-01-14T15:13:17.700+0000] {dag.py:2585} INFO - Sync 1 DAGs
[2024-01-14T15:13:17.715+0000] {logging_mixin.py:120} INFO - [2024-01-14T15:13:17.715+0000] {dag.py:3340} INFO - Setting next_dagrun for example_task_group_decorator to 2024-01-13T15:13:17.715047+00:00, run_after=2024-01-14T15:13:17.715047+00:00
[2024-01-14T15:13:17.725+0000] {processor.py:176} INFO - Processing /home/airflow/.local/lib/python3.7/site-packages/airflow/example_dags/example_task_group_decorator.py took 0.074 seconds
[2024-01-14T15:13:48.545+0000] {processor.py:154} INFO - Started process (PID=1719) to work on /home/airflow/.local/lib/python3.7/site-packages/airflow/example_dags/example_task_group_decorator.py
[2024-01-14T15:13:48.545+0000] {processor.py:756} INFO - Processing file /home/airflow/.local/lib/python3.7/site-packages/airflow/example_dags/example_task_group_decorator.py for tasks to queue
[2024-01-14T15:13:48.546+0000] {logging_mixin.py:120} INFO - [2024-01-14T15:13:48.546+0000] {dagbag.py:537} INFO - Filling up the DagBag from /home/airflow/.local/lib/python3.7/site-packages/airflow/example_dags/example_task_group_decorator.py
[2024-01-14T15:13:48.564+0000] {processor.py:766} INFO - DAG(s) dict_keys(['example_task_group_decorator']) retrieved from /home/airflow/.local/lib/python3.7/site-packages/airflow/example_dags/example_task_group_decorator.py
[2024-01-14T15:13:48.591+0000] {logging_mixin.py:120} INFO - [2024-01-14T15:13:48.590+0000] {dag.py:2585} INFO - Sync 1 DAGs
[2024-01-14T15:13:48.605+0000] {logging_mixin.py:120} INFO - [2024-01-14T15:13:48.605+0000] {dag.py:3340} INFO - Setting next_dagrun for example_task_group_decorator to 2024-01-13T15:13:48.605269+00:00, run_after=2024-01-14T15:13:48.605269+00:00
[2024-01-14T15:13:48.616+0000] {processor.py:176} INFO - Processing /home/airflow/.local/lib/python3.7/site-packages/airflow/example_dags/example_task_group_decorator.py took 0.074 seconds
[2024-01-14T15:14:19.524+0000] {processor.py:154} INFO - Started process (PID=1782) to work on /home/airflow/.local/lib/python3.7/site-packages/airflow/example_dags/example_task_group_decorator.py
[2024-01-14T15:14:19.524+0000] {processor.py:756} INFO - Processing file /home/airflow/.local/lib/python3.7/site-packages/airflow/example_dags/example_task_group_decorator.py for tasks to queue
[2024-01-14T15:14:19.525+0000] {logging_mixin.py:120} INFO - [2024-01-14T15:14:19.525+0000] {dagbag.py:537} INFO - Filling up the DagBag from /home/airflow/.local/lib/python3.7/site-packages/airflow/example_dags/example_task_group_decorator.py
[2024-01-14T15:14:19.542+0000] {processor.py:766} INFO - DAG(s) dict_keys(['example_task_group_decorator']) retrieved from /home/airflow/.local/lib/python3.7/site-packages/airflow/example_dags/example_task_group_decorator.py
[2024-01-14T15:14:19.569+0000] {logging_mixin.py:120} INFO - [2024-01-14T15:14:19.569+0000] {dag.py:2585} INFO - Sync 1 DAGs
[2024-01-14T15:14:19.583+0000] {logging_mixin.py:120} INFO - [2024-01-14T15:14:19.583+0000] {dag.py:3340} INFO - Setting next_dagrun for example_task_group_decorator to 2024-01-13T15:14:19.583403+00:00, run_after=2024-01-14T15:14:19.583403+00:00
[2024-01-14T15:14:19.594+0000] {processor.py:176} INFO - Processing /home/airflow/.local/lib/python3.7/site-packages/airflow/example_dags/example_task_group_decorator.py took 0.073 seconds
[2024-01-14T15:14:50.502+0000] {processor.py:154} INFO - Started process (PID=1845) to work on /home/airflow/.local/lib/python3.7/site-packages/airflow/example_dags/example_task_group_decorator.py
[2024-01-14T15:14:50.503+0000] {processor.py:756} INFO - Processing file /home/airflow/.local/lib/python3.7/site-packages/airflow/example_dags/example_task_group_decorator.py for tasks to queue
[2024-01-14T15:14:50.503+0000] {logging_mixin.py:120} INFO - [2024-01-14T15:14:50.503+0000] {dagbag.py:537} INFO - Filling up the DagBag from /home/airflow/.local/lib/python3.7/site-packages/airflow/example_dags/example_task_group_decorator.py
[2024-01-14T15:14:50.521+0000] {processor.py:766} INFO - DAG(s) dict_keys(['example_task_group_decorator']) retrieved from /home/airflow/.local/lib/python3.7/site-packages/airflow/example_dags/example_task_group_decorator.py
[2024-01-14T15:14:50.549+0000] {logging_mixin.py:120} INFO - [2024-01-14T15:14:50.549+0000] {dag.py:2585} INFO - Sync 1 DAGs
[2024-01-14T15:14:50.565+0000] {logging_mixin.py:120} INFO - [2024-01-14T15:14:50.565+0000] {dag.py:3340} INFO - Setting next_dagrun for example_task_group_decorator to 2024-01-13T15:14:50.565220+00:00, run_after=2024-01-14T15:14:50.565220+00:00
[2024-01-14T15:14:50.575+0000] {processor.py:176} INFO - Processing /home/airflow/.local/lib/python3.7/site-packages/airflow/example_dags/example_task_group_decorator.py took 0.075 seconds
[2024-01-14T15:15:21.442+0000] {processor.py:154} INFO - Started process (PID=1908) to work on /home/airflow/.local/lib/python3.7/site-packages/airflow/example_dags/example_task_group_decorator.py
[2024-01-14T15:15:21.443+0000] {processor.py:756} INFO - Processing file /home/airflow/.local/lib/python3.7/site-packages/airflow/example_dags/example_task_group_decorator.py for tasks to queue
[2024-01-14T15:15:21.444+0000] {logging_mixin.py:120} INFO - [2024-01-14T15:15:21.444+0000] {dagbag.py:537} INFO - Filling up the DagBag from /home/airflow/.local/lib/python3.7/site-packages/airflow/example_dags/example_task_group_decorator.py
[2024-01-14T15:15:21.463+0000] {processor.py:766} INFO - DAG(s) dict_keys(['example_task_group_decorator']) retrieved from /home/airflow/.local/lib/python3.7/site-packages/airflow/example_dags/example_task_group_decorator.py
[2024-01-14T15:15:21.491+0000] {logging_mixin.py:120} INFO - [2024-01-14T15:15:21.491+0000] {dag.py:2585} INFO - Sync 1 DAGs
[2024-01-14T15:15:21.506+0000] {logging_mixin.py:120} INFO - [2024-01-14T15:15:21.506+0000] {dag.py:3340} INFO - Setting next_dagrun for example_task_group_decorator to 2024-01-13T15:15:21.506346+00:00, run_after=2024-01-14T15:15:21.506346+00:00
[2024-01-14T15:15:21.517+0000] {processor.py:176} INFO - Processing /home/airflow/.local/lib/python3.7/site-packages/airflow/example_dags/example_task_group_decorator.py took 0.078 seconds
[2024-01-14T15:15:51.579+0000] {processor.py:154} INFO - Started process (PID=1962) to work on /home/airflow/.local/lib/python3.7/site-packages/airflow/example_dags/example_task_group_decorator.py
[2024-01-14T15:15:51.580+0000] {processor.py:756} INFO - Processing file /home/airflow/.local/lib/python3.7/site-packages/airflow/example_dags/example_task_group_decorator.py for tasks to queue
[2024-01-14T15:15:51.580+0000] {logging_mixin.py:120} INFO - [2024-01-14T15:15:51.580+0000] {dagbag.py:537} INFO - Filling up the DagBag from /home/airflow/.local/lib/python3.7/site-packages/airflow/example_dags/example_task_group_decorator.py
[2024-01-14T15:15:51.598+0000] {processor.py:766} INFO - DAG(s) dict_keys(['example_task_group_decorator']) retrieved from /home/airflow/.local/lib/python3.7/site-packages/airflow/example_dags/example_task_group_decorator.py
[2024-01-14T15:15:51.625+0000] {logging_mixin.py:120} INFO - [2024-01-14T15:15:51.625+0000] {dag.py:2585} INFO - Sync 1 DAGs
[2024-01-14T15:15:51.640+0000] {logging_mixin.py:120} INFO - [2024-01-14T15:15:51.640+0000] {dag.py:3340} INFO - Setting next_dagrun for example_task_group_decorator to 2024-01-13T15:15:51.640667+00:00, run_after=2024-01-14T15:15:51.640667+00:00
[2024-01-14T15:15:51.651+0000] {processor.py:176} INFO - Processing /home/airflow/.local/lib/python3.7/site-packages/airflow/example_dags/example_task_group_decorator.py took 0.074 seconds
[2024-01-14T15:16:22.632+0000] {processor.py:154} INFO - Started process (PID=2025) to work on /home/airflow/.local/lib/python3.7/site-packages/airflow/example_dags/example_task_group_decorator.py
[2024-01-14T15:16:22.633+0000] {processor.py:756} INFO - Processing file /home/airflow/.local/lib/python3.7/site-packages/airflow/example_dags/example_task_group_decorator.py for tasks to queue
[2024-01-14T15:16:22.633+0000] {logging_mixin.py:120} INFO - [2024-01-14T15:16:22.633+0000] {dagbag.py:537} INFO - Filling up the DagBag from /home/airflow/.local/lib/python3.7/site-packages/airflow/example_dags/example_task_group_decorator.py
[2024-01-14T15:16:22.656+0000] {processor.py:766} INFO - DAG(s) dict_keys(['example_task_group_decorator']) retrieved from /home/airflow/.local/lib/python3.7/site-packages/airflow/example_dags/example_task_group_decorator.py
[2024-01-14T15:16:22.684+0000] {logging_mixin.py:120} INFO - [2024-01-14T15:16:22.684+0000] {dag.py:2585} INFO - Sync 1 DAGs
[2024-01-14T15:16:22.700+0000] {logging_mixin.py:120} INFO - [2024-01-14T15:16:22.699+0000] {dag.py:3340} INFO - Setting next_dagrun for example_task_group_decorator to 2024-01-13T15:16:22.699803+00:00, run_after=2024-01-14T15:16:22.699803+00:00
[2024-01-14T15:16:22.712+0000] {processor.py:176} INFO - Processing /home/airflow/.local/lib/python3.7/site-packages/airflow/example_dags/example_task_group_decorator.py took 0.083 seconds
[2024-01-14T15:16:53.693+0000] {processor.py:154} INFO - Started process (PID=2088) to work on /home/airflow/.local/lib/python3.7/site-packages/airflow/example_dags/example_task_group_decorator.py
[2024-01-14T15:16:53.694+0000] {processor.py:756} INFO - Processing file /home/airflow/.local/lib/python3.7/site-packages/airflow/example_dags/example_task_group_decorator.py for tasks to queue
[2024-01-14T15:16:53.695+0000] {logging_mixin.py:120} INFO - [2024-01-14T15:16:53.694+0000] {dagbag.py:537} INFO - Filling up the DagBag from /home/airflow/.local/lib/python3.7/site-packages/airflow/example_dags/example_task_group_decorator.py
[2024-01-14T15:16:53.713+0000] {processor.py:766} INFO - DAG(s) dict_keys(['example_task_group_decorator']) retrieved from /home/airflow/.local/lib/python3.7/site-packages/airflow/example_dags/example_task_group_decorator.py
[2024-01-14T15:16:53.740+0000] {logging_mixin.py:120} INFO - [2024-01-14T15:16:53.740+0000] {dag.py:2585} INFO - Sync 1 DAGs
[2024-01-14T15:16:53.756+0000] {logging_mixin.py:120} INFO - [2024-01-14T15:16:53.756+0000] {dag.py:3340} INFO - Setting next_dagrun for example_task_group_decorator to 2024-01-13T15:16:53.756005+00:00, run_after=2024-01-14T15:16:53.756005+00:00
[2024-01-14T15:16:53.767+0000] {processor.py:176} INFO - Processing /home/airflow/.local/lib/python3.7/site-packages/airflow/example_dags/example_task_group_decorator.py took 0.076 seconds
[2024-01-14T15:17:24.801+0000] {processor.py:154} INFO - Started process (PID=2151) to work on /home/airflow/.local/lib/python3.7/site-packages/airflow/example_dags/example_task_group_decorator.py
[2024-01-14T15:17:24.802+0000] {processor.py:756} INFO - Processing file /home/airflow/.local/lib/python3.7/site-packages/airflow/example_dags/example_task_group_decorator.py for tasks to queue
[2024-01-14T15:17:24.802+0000] {logging_mixin.py:120} INFO - [2024-01-14T15:17:24.802+0000] {dagbag.py:537} INFO - Filling up the DagBag from /home/airflow/.local/lib/python3.7/site-packages/airflow/example_dags/example_task_group_decorator.py
[2024-01-14T15:17:24.819+0000] {processor.py:766} INFO - DAG(s) dict_keys(['example_task_group_decorator']) retrieved from /home/airflow/.local/lib/python3.7/site-packages/airflow/example_dags/example_task_group_decorator.py
[2024-01-14T15:17:24.847+0000] {logging_mixin.py:120} INFO - [2024-01-14T15:17:24.847+0000] {dag.py:2585} INFO - Sync 1 DAGs
[2024-01-14T15:17:24.861+0000] {logging_mixin.py:120} INFO - [2024-01-14T15:17:24.861+0000] {dag.py:3340} INFO - Setting next_dagrun for example_task_group_decorator to 2024-01-13T15:17:24.861453+00:00, run_after=2024-01-14T15:17:24.861453+00:00
[2024-01-14T15:17:24.872+0000] {processor.py:176} INFO - Processing /home/airflow/.local/lib/python3.7/site-packages/airflow/example_dags/example_task_group_decorator.py took 0.073 seconds
[2024-01-14T15:17:55.053+0000] {processor.py:154} INFO - Started process (PID=2214) to work on /home/airflow/.local/lib/python3.7/site-packages/airflow/example_dags/example_task_group_decorator.py
[2024-01-14T15:17:55.054+0000] {processor.py:756} INFO - Processing file /home/airflow/.local/lib/python3.7/site-packages/airflow/example_dags/example_task_group_decorator.py for tasks to queue
[2024-01-14T15:17:55.054+0000] {logging_mixin.py:120} INFO - [2024-01-14T15:17:55.054+0000] {dagbag.py:537} INFO - Filling up the DagBag from /home/airflow/.local/lib/python3.7/site-packages/airflow/example_dags/example_task_group_decorator.py
[2024-01-14T15:17:55.073+0000] {processor.py:766} INFO - DAG(s) dict_keys(['example_task_group_decorator']) retrieved from /home/airflow/.local/lib/python3.7/site-packages/airflow/example_dags/example_task_group_decorator.py
[2024-01-14T15:17:55.101+0000] {logging_mixin.py:120} INFO - [2024-01-14T15:17:55.101+0000] {dag.py:2585} INFO - Sync 1 DAGs
[2024-01-14T15:17:55.119+0000] {logging_mixin.py:120} INFO - [2024-01-14T15:17:55.119+0000] {dag.py:3340} INFO - Setting next_dagrun for example_task_group_decorator to 2024-01-13T15:17:55.118887+00:00, run_after=2024-01-14T15:17:55.118887+00:00
[2024-01-14T15:17:55.129+0000] {processor.py:176} INFO - Processing /home/airflow/.local/lib/python3.7/site-packages/airflow/example_dags/example_task_group_decorator.py took 0.079 seconds
[2024-01-14T15:18:26.120+0000] {processor.py:154} INFO - Started process (PID=2277) to work on /home/airflow/.local/lib/python3.7/site-packages/airflow/example_dags/example_task_group_decorator.py
[2024-01-14T15:18:26.121+0000] {processor.py:756} INFO - Processing file /home/airflow/.local/lib/python3.7/site-packages/airflow/example_dags/example_task_group_decorator.py for tasks to queue
[2024-01-14T15:18:26.121+0000] {logging_mixin.py:120} INFO - [2024-01-14T15:18:26.121+0000] {dagbag.py:537} INFO - Filling up the DagBag from /home/airflow/.local/lib/python3.7/site-packages/airflow/example_dags/example_task_group_decorator.py
[2024-01-14T15:18:26.140+0000] {processor.py:766} INFO - DAG(s) dict_keys(['example_task_group_decorator']) retrieved from /home/airflow/.local/lib/python3.7/site-packages/airflow/example_dags/example_task_group_decorator.py
[2024-01-14T15:18:26.166+0000] {logging_mixin.py:120} INFO - [2024-01-14T15:18:26.166+0000] {dag.py:2585} INFO - Sync 1 DAGs
[2024-01-14T15:18:26.181+0000] {logging_mixin.py:120} INFO - [2024-01-14T15:18:26.181+0000] {dag.py:3340} INFO - Setting next_dagrun for example_task_group_decorator to 2024-01-13T15:18:26.181612+00:00, run_after=2024-01-14T15:18:26.181612+00:00
[2024-01-14T15:18:26.193+0000] {processor.py:176} INFO - Processing /home/airflow/.local/lib/python3.7/site-packages/airflow/example_dags/example_task_group_decorator.py took 0.075 seconds
[2024-01-14T15:18:56.982+0000] {processor.py:154} INFO - Started process (PID=2340) to work on /home/airflow/.local/lib/python3.7/site-packages/airflow/example_dags/example_task_group_decorator.py
[2024-01-14T15:18:56.983+0000] {processor.py:756} INFO - Processing file /home/airflow/.local/lib/python3.7/site-packages/airflow/example_dags/example_task_group_decorator.py for tasks to queue
[2024-01-14T15:18:56.983+0000] {logging_mixin.py:120} INFO - [2024-01-14T15:18:56.983+0000] {dagbag.py:537} INFO - Filling up the DagBag from /home/airflow/.local/lib/python3.7/site-packages/airflow/example_dags/example_task_group_decorator.py
[2024-01-14T15:18:57.002+0000] {processor.py:766} INFO - DAG(s) dict_keys(['example_task_group_decorator']) retrieved from /home/airflow/.local/lib/python3.7/site-packages/airflow/example_dags/example_task_group_decorator.py
[2024-01-14T15:18:57.033+0000] {logging_mixin.py:120} INFO - [2024-01-14T15:18:57.033+0000] {dag.py:2585} INFO - Sync 1 DAGs
[2024-01-14T15:18:57.055+0000] {logging_mixin.py:120} INFO - [2024-01-14T15:18:57.055+0000] {dag.py:3340} INFO - Setting next_dagrun for example_task_group_decorator to 2024-01-13T15:18:57.055386+00:00, run_after=2024-01-14T15:18:57.055386+00:00
[2024-01-14T15:18:57.067+0000] {processor.py:176} INFO - Processing /home/airflow/.local/lib/python3.7/site-packages/airflow/example_dags/example_task_group_decorator.py took 0.088 seconds
[2024-01-14T15:19:28.069+0000] {processor.py:154} INFO - Started process (PID=2394) to work on /home/airflow/.local/lib/python3.7/site-packages/airflow/example_dags/example_task_group_decorator.py
[2024-01-14T15:19:28.070+0000] {processor.py:756} INFO - Processing file /home/airflow/.local/lib/python3.7/site-packages/airflow/example_dags/example_task_group_decorator.py for tasks to queue
[2024-01-14T15:19:28.071+0000] {logging_mixin.py:120} INFO - [2024-01-14T15:19:28.071+0000] {dagbag.py:537} INFO - Filling up the DagBag from /home/airflow/.local/lib/python3.7/site-packages/airflow/example_dags/example_task_group_decorator.py
[2024-01-14T15:19:28.090+0000] {processor.py:766} INFO - DAG(s) dict_keys(['example_task_group_decorator']) retrieved from /home/airflow/.local/lib/python3.7/site-packages/airflow/example_dags/example_task_group_decorator.py
[2024-01-14T15:19:28.119+0000] {logging_mixin.py:120} INFO - [2024-01-14T15:19:28.118+0000] {dag.py:2585} INFO - Sync 1 DAGs
[2024-01-14T15:19:28.133+0000] {logging_mixin.py:120} INFO - [2024-01-14T15:19:28.133+0000] {dag.py:3340} INFO - Setting next_dagrun for example_task_group_decorator to 2024-01-13T15:19:28.133286+00:00, run_after=2024-01-14T15:19:28.133286+00:00
[2024-01-14T15:19:28.143+0000] {processor.py:176} INFO - Processing /home/airflow/.local/lib/python3.7/site-packages/airflow/example_dags/example_task_group_decorator.py took 0.077 seconds
[2024-01-14T15:19:58.209+0000] {processor.py:154} INFO - Started process (PID=2457) to work on /home/airflow/.local/lib/python3.7/site-packages/airflow/example_dags/example_task_group_decorator.py
[2024-01-14T15:19:58.209+0000] {processor.py:756} INFO - Processing file /home/airflow/.local/lib/python3.7/site-packages/airflow/example_dags/example_task_group_decorator.py for tasks to queue
[2024-01-14T15:19:58.210+0000] {logging_mixin.py:120} INFO - [2024-01-14T15:19:58.210+0000] {dagbag.py:537} INFO - Filling up the DagBag from /home/airflow/.local/lib/python3.7/site-packages/airflow/example_dags/example_task_group_decorator.py
[2024-01-14T15:19:58.227+0000] {processor.py:766} INFO - DAG(s) dict_keys(['example_task_group_decorator']) retrieved from /home/airflow/.local/lib/python3.7/site-packages/airflow/example_dags/example_task_group_decorator.py
[2024-01-14T15:19:58.255+0000] {logging_mixin.py:120} INFO - [2024-01-14T15:19:58.255+0000] {dag.py:2585} INFO - Sync 1 DAGs
[2024-01-14T15:19:58.269+0000] {logging_mixin.py:120} INFO - [2024-01-14T15:19:58.269+0000] {dag.py:3340} INFO - Setting next_dagrun for example_task_group_decorator to 2024-01-13T15:19:58.269690+00:00, run_after=2024-01-14T15:19:58.269690+00:00
[2024-01-14T15:19:58.281+0000] {processor.py:176} INFO - Processing /home/airflow/.local/lib/python3.7/site-packages/airflow/example_dags/example_task_group_decorator.py took 0.074 seconds
[2024-01-14T15:20:29.157+0000] {processor.py:154} INFO - Started process (PID=2520) to work on /home/airflow/.local/lib/python3.7/site-packages/airflow/example_dags/example_task_group_decorator.py
[2024-01-14T15:20:29.158+0000] {processor.py:756} INFO - Processing file /home/airflow/.local/lib/python3.7/site-packages/airflow/example_dags/example_task_group_decorator.py for tasks to queue
[2024-01-14T15:20:29.159+0000] {logging_mixin.py:120} INFO - [2024-01-14T15:20:29.159+0000] {dagbag.py:537} INFO - Filling up the DagBag from /home/airflow/.local/lib/python3.7/site-packages/airflow/example_dags/example_task_group_decorator.py
[2024-01-14T15:20:29.178+0000] {processor.py:766} INFO - DAG(s) dict_keys(['example_task_group_decorator']) retrieved from /home/airflow/.local/lib/python3.7/site-packages/airflow/example_dags/example_task_group_decorator.py
[2024-01-14T15:20:29.206+0000] {logging_mixin.py:120} INFO - [2024-01-14T15:20:29.206+0000] {dag.py:2585} INFO - Sync 1 DAGs
[2024-01-14T15:20:29.223+0000] {logging_mixin.py:120} INFO - [2024-01-14T15:20:29.222+0000] {dag.py:3340} INFO - Setting next_dagrun for example_task_group_decorator to 2024-01-13T15:20:29.222737+00:00, run_after=2024-01-14T15:20:29.222737+00:00
[2024-01-14T15:20:29.237+0000] {processor.py:176} INFO - Processing /home/airflow/.local/lib/python3.7/site-packages/airflow/example_dags/example_task_group_decorator.py took 0.082 seconds
[2024-01-14T15:21:00.104+0000] {processor.py:154} INFO - Started process (PID=2583) to work on /home/airflow/.local/lib/python3.7/site-packages/airflow/example_dags/example_task_group_decorator.py
[2024-01-14T15:21:00.105+0000] {processor.py:756} INFO - Processing file /home/airflow/.local/lib/python3.7/site-packages/airflow/example_dags/example_task_group_decorator.py for tasks to queue
[2024-01-14T15:21:00.106+0000] {logging_mixin.py:120} INFO - [2024-01-14T15:21:00.105+0000] {dagbag.py:537} INFO - Filling up the DagBag from /home/airflow/.local/lib/python3.7/site-packages/airflow/example_dags/example_task_group_decorator.py
[2024-01-14T15:21:00.125+0000] {processor.py:766} INFO - DAG(s) dict_keys(['example_task_group_decorator']) retrieved from /home/airflow/.local/lib/python3.7/site-packages/airflow/example_dags/example_task_group_decorator.py
[2024-01-14T15:21:00.152+0000] {logging_mixin.py:120} INFO - [2024-01-14T15:21:00.152+0000] {dag.py:2585} INFO - Sync 1 DAGs
[2024-01-14T15:21:00.168+0000] {logging_mixin.py:120} INFO - [2024-01-14T15:21:00.168+0000] {dag.py:3340} INFO - Setting next_dagrun for example_task_group_decorator to 2024-01-13T15:21:00.168042+00:00, run_after=2024-01-14T15:21:00.168042+00:00
[2024-01-14T15:21:00.179+0000] {processor.py:176} INFO - Processing /home/airflow/.local/lib/python3.7/site-packages/airflow/example_dags/example_task_group_decorator.py took 0.077 seconds
[2024-01-14T15:21:31.097+0000] {processor.py:154} INFO - Started process (PID=2646) to work on /home/airflow/.local/lib/python3.7/site-packages/airflow/example_dags/example_task_group_decorator.py
[2024-01-14T15:21:31.097+0000] {processor.py:756} INFO - Processing file /home/airflow/.local/lib/python3.7/site-packages/airflow/example_dags/example_task_group_decorator.py for tasks to queue
[2024-01-14T15:21:31.098+0000] {logging_mixin.py:120} INFO - [2024-01-14T15:21:31.098+0000] {dagbag.py:537} INFO - Filling up the DagBag from /home/airflow/.local/lib/python3.7/site-packages/airflow/example_dags/example_task_group_decorator.py
[2024-01-14T15:21:31.115+0000] {processor.py:766} INFO - DAG(s) dict_keys(['example_task_group_decorator']) retrieved from /home/airflow/.local/lib/python3.7/site-packages/airflow/example_dags/example_task_group_decorator.py
[2024-01-14T15:21:31.143+0000] {logging_mixin.py:120} INFO - [2024-01-14T15:21:31.142+0000] {dag.py:2585} INFO - Sync 1 DAGs
[2024-01-14T15:21:31.158+0000] {logging_mixin.py:120} INFO - [2024-01-14T15:21:31.158+0000] {dag.py:3340} INFO - Setting next_dagrun for example_task_group_decorator to 2024-01-13T15:21:31.158619+00:00, run_after=2024-01-14T15:21:31.158619+00:00
[2024-01-14T15:21:31.170+0000] {processor.py:176} INFO - Processing /home/airflow/.local/lib/python3.7/site-packages/airflow/example_dags/example_task_group_decorator.py took 0.075 seconds
[2024-01-14T15:22:02.077+0000] {processor.py:154} INFO - Started process (PID=2709) to work on /home/airflow/.local/lib/python3.7/site-packages/airflow/example_dags/example_task_group_decorator.py
[2024-01-14T15:22:02.078+0000] {processor.py:756} INFO - Processing file /home/airflow/.local/lib/python3.7/site-packages/airflow/example_dags/example_task_group_decorator.py for tasks to queue
[2024-01-14T15:22:02.079+0000] {logging_mixin.py:120} INFO - [2024-01-14T15:22:02.079+0000] {dagbag.py:537} INFO - Filling up the DagBag from /home/airflow/.local/lib/python3.7/site-packages/airflow/example_dags/example_task_group_decorator.py
[2024-01-14T15:22:02.097+0000] {processor.py:766} INFO - DAG(s) dict_keys(['example_task_group_decorator']) retrieved from /home/airflow/.local/lib/python3.7/site-packages/airflow/example_dags/example_task_group_decorator.py
[2024-01-14T15:22:02.122+0000] {logging_mixin.py:120} INFO - [2024-01-14T15:22:02.122+0000] {dag.py:2585} INFO - Sync 1 DAGs
[2024-01-14T15:22:02.137+0000] {logging_mixin.py:120} INFO - [2024-01-14T15:22:02.137+0000] {dag.py:3340} INFO - Setting next_dagrun for example_task_group_decorator to 2024-01-13T15:22:02.136876+00:00, run_after=2024-01-14T15:22:02.136876+00:00
[2024-01-14T15:22:02.148+0000] {processor.py:176} INFO - Processing /home/airflow/.local/lib/python3.7/site-packages/airflow/example_dags/example_task_group_decorator.py took 0.073 seconds
[2024-01-14T15:22:33.087+0000] {processor.py:154} INFO - Started process (PID=2772) to work on /home/airflow/.local/lib/python3.7/site-packages/airflow/example_dags/example_task_group_decorator.py
[2024-01-14T15:22:33.087+0000] {processor.py:756} INFO - Processing file /home/airflow/.local/lib/python3.7/site-packages/airflow/example_dags/example_task_group_decorator.py for tasks to queue
[2024-01-14T15:22:33.088+0000] {logging_mixin.py:120} INFO - [2024-01-14T15:22:33.088+0000] {dagbag.py:537} INFO - Filling up the DagBag from /home/airflow/.local/lib/python3.7/site-packages/airflow/example_dags/example_task_group_decorator.py
[2024-01-14T15:22:33.106+0000] {processor.py:766} INFO - DAG(s) dict_keys(['example_task_group_decorator']) retrieved from /home/airflow/.local/lib/python3.7/site-packages/airflow/example_dags/example_task_group_decorator.py
[2024-01-14T15:22:33.131+0000] {logging_mixin.py:120} INFO - [2024-01-14T15:22:33.131+0000] {dag.py:2585} INFO - Sync 1 DAGs
[2024-01-14T15:22:33.146+0000] {logging_mixin.py:120} INFO - [2024-01-14T15:22:33.146+0000] {dag.py:3340} INFO - Setting next_dagrun for example_task_group_decorator to 2024-01-13T15:22:33.146165+00:00, run_after=2024-01-14T15:22:33.146165+00:00
[2024-01-14T15:22:33.158+0000] {processor.py:176} INFO - Processing /home/airflow/.local/lib/python3.7/site-packages/airflow/example_dags/example_task_group_decorator.py took 0.074 seconds
[2024-01-14T15:23:03.298+0000] {processor.py:154} INFO - Started process (PID=2826) to work on /home/airflow/.local/lib/python3.7/site-packages/airflow/example_dags/example_task_group_decorator.py
[2024-01-14T15:23:03.298+0000] {processor.py:756} INFO - Processing file /home/airflow/.local/lib/python3.7/site-packages/airflow/example_dags/example_task_group_decorator.py for tasks to queue
[2024-01-14T15:23:03.299+0000] {logging_mixin.py:120} INFO - [2024-01-14T15:23:03.299+0000] {dagbag.py:537} INFO - Filling up the DagBag from /home/airflow/.local/lib/python3.7/site-packages/airflow/example_dags/example_task_group_decorator.py
[2024-01-14T15:23:03.319+0000] {processor.py:766} INFO - DAG(s) dict_keys(['example_task_group_decorator']) retrieved from /home/airflow/.local/lib/python3.7/site-packages/airflow/example_dags/example_task_group_decorator.py
[2024-01-14T15:23:03.347+0000] {logging_mixin.py:120} INFO - [2024-01-14T15:23:03.346+0000] {dag.py:2585} INFO - Sync 1 DAGs
[2024-01-14T15:23:03.363+0000] {logging_mixin.py:120} INFO - [2024-01-14T15:23:03.363+0000] {dag.py:3340} INFO - Setting next_dagrun for example_task_group_decorator to 2024-01-13T15:23:03.362997+00:00, run_after=2024-01-14T15:23:03.362997+00:00
[2024-01-14T15:23:03.373+0000] {processor.py:176} INFO - Processing /home/airflow/.local/lib/python3.7/site-packages/airflow/example_dags/example_task_group_decorator.py took 0.078 seconds
[2024-01-14T15:23:33.479+0000] {processor.py:154} INFO - Started process (PID=2889) to work on /home/airflow/.local/lib/python3.7/site-packages/airflow/example_dags/example_task_group_decorator.py
[2024-01-14T15:23:33.479+0000] {processor.py:756} INFO - Processing file /home/airflow/.local/lib/python3.7/site-packages/airflow/example_dags/example_task_group_decorator.py for tasks to queue
[2024-01-14T15:23:33.480+0000] {logging_mixin.py:120} INFO - [2024-01-14T15:23:33.480+0000] {dagbag.py:537} INFO - Filling up the DagBag from /home/airflow/.local/lib/python3.7/site-packages/airflow/example_dags/example_task_group_decorator.py
[2024-01-14T15:23:33.498+0000] {processor.py:766} INFO - DAG(s) dict_keys(['example_task_group_decorator']) retrieved from /home/airflow/.local/lib/python3.7/site-packages/airflow/example_dags/example_task_group_decorator.py
[2024-01-14T15:23:33.527+0000] {logging_mixin.py:120} INFO - [2024-01-14T15:23:33.527+0000] {dag.py:2585} INFO - Sync 1 DAGs
[2024-01-14T15:23:33.547+0000] {logging_mixin.py:120} INFO - [2024-01-14T15:23:33.547+0000] {dag.py:3340} INFO - Setting next_dagrun for example_task_group_decorator to 2024-01-13T15:23:33.547592+00:00, run_after=2024-01-14T15:23:33.547592+00:00
[2024-01-14T15:23:33.561+0000] {processor.py:176} INFO - Processing /home/airflow/.local/lib/python3.7/site-packages/airflow/example_dags/example_task_group_decorator.py took 0.085 seconds
[2024-01-14T15:24:04.642+0000] {processor.py:154} INFO - Started process (PID=2952) to work on /home/airflow/.local/lib/python3.7/site-packages/airflow/example_dags/example_task_group_decorator.py
[2024-01-14T15:24:04.643+0000] {processor.py:756} INFO - Processing file /home/airflow/.local/lib/python3.7/site-packages/airflow/example_dags/example_task_group_decorator.py for tasks to queue
[2024-01-14T15:24:04.644+0000] {logging_mixin.py:120} INFO - [2024-01-14T15:24:04.643+0000] {dagbag.py:537} INFO - Filling up the DagBag from /home/airflow/.local/lib/python3.7/site-packages/airflow/example_dags/example_task_group_decorator.py
[2024-01-14T15:24:04.663+0000] {processor.py:766} INFO - DAG(s) dict_keys(['example_task_group_decorator']) retrieved from /home/airflow/.local/lib/python3.7/site-packages/airflow/example_dags/example_task_group_decorator.py
[2024-01-14T15:24:04.693+0000] {logging_mixin.py:120} INFO - [2024-01-14T15:24:04.693+0000] {dag.py:2585} INFO - Sync 1 DAGs
[2024-01-14T15:24:04.708+0000] {logging_mixin.py:120} INFO - [2024-01-14T15:24:04.708+0000] {dag.py:3340} INFO - Setting next_dagrun for example_task_group_decorator to 2024-01-13T15:24:04.708254+00:00, run_after=2024-01-14T15:24:04.708254+00:00
[2024-01-14T15:24:04.719+0000] {processor.py:176} INFO - Processing /home/airflow/.local/lib/python3.7/site-packages/airflow/example_dags/example_task_group_decorator.py took 0.079 seconds
[2024-01-14T15:24:35.684+0000] {processor.py:154} INFO - Started process (PID=3015) to work on /home/airflow/.local/lib/python3.7/site-packages/airflow/example_dags/example_task_group_decorator.py
[2024-01-14T15:24:35.684+0000] {processor.py:756} INFO - Processing file /home/airflow/.local/lib/python3.7/site-packages/airflow/example_dags/example_task_group_decorator.py for tasks to queue
[2024-01-14T15:24:35.685+0000] {logging_mixin.py:120} INFO - [2024-01-14T15:24:35.685+0000] {dagbag.py:537} INFO - Filling up the DagBag from /home/airflow/.local/lib/python3.7/site-packages/airflow/example_dags/example_task_group_decorator.py
[2024-01-14T15:24:35.704+0000] {processor.py:766} INFO - DAG(s) dict_keys(['example_task_group_decorator']) retrieved from /home/airflow/.local/lib/python3.7/site-packages/airflow/example_dags/example_task_group_decorator.py
[2024-01-14T15:24:35.730+0000] {logging_mixin.py:120} INFO - [2024-01-14T15:24:35.730+0000] {dag.py:2585} INFO - Sync 1 DAGs
[2024-01-14T15:24:35.746+0000] {logging_mixin.py:120} INFO - [2024-01-14T15:24:35.746+0000] {dag.py:3340} INFO - Setting next_dagrun for example_task_group_decorator to 2024-01-13T15:24:35.746156+00:00, run_after=2024-01-14T15:24:35.746156+00:00
[2024-01-14T15:24:35.758+0000] {processor.py:176} INFO - Processing /home/airflow/.local/lib/python3.7/site-packages/airflow/example_dags/example_task_group_decorator.py took 0.076 seconds
[2024-01-14T15:25:06.602+0000] {processor.py:154} INFO - Started process (PID=3078) to work on /home/airflow/.local/lib/python3.7/site-packages/airflow/example_dags/example_task_group_decorator.py
[2024-01-14T15:25:06.602+0000] {processor.py:756} INFO - Processing file /home/airflow/.local/lib/python3.7/site-packages/airflow/example_dags/example_task_group_decorator.py for tasks to queue
[2024-01-14T15:25:06.603+0000] {logging_mixin.py:120} INFO - [2024-01-14T15:25:06.603+0000] {dagbag.py:537} INFO - Filling up the DagBag from /home/airflow/.local/lib/python3.7/site-packages/airflow/example_dags/example_task_group_decorator.py
[2024-01-14T15:25:06.621+0000] {processor.py:766} INFO - DAG(s) dict_keys(['example_task_group_decorator']) retrieved from /home/airflow/.local/lib/python3.7/site-packages/airflow/example_dags/example_task_group_decorator.py
[2024-01-14T15:25:06.647+0000] {logging_mixin.py:120} INFO - [2024-01-14T15:25:06.647+0000] {dag.py:2585} INFO - Sync 1 DAGs
[2024-01-14T15:25:06.662+0000] {logging_mixin.py:120} INFO - [2024-01-14T15:25:06.662+0000] {dag.py:3340} INFO - Setting next_dagrun for example_task_group_decorator to 2024-01-13T15:25:06.662486+00:00, run_after=2024-01-14T15:25:06.662486+00:00
[2024-01-14T15:25:06.674+0000] {processor.py:176} INFO - Processing /home/airflow/.local/lib/python3.7/site-packages/airflow/example_dags/example_task_group_decorator.py took 0.075 seconds
[2024-01-14T15:25:37.672+0000] {processor.py:154} INFO - Started process (PID=3141) to work on /home/airflow/.local/lib/python3.7/site-packages/airflow/example_dags/example_task_group_decorator.py
[2024-01-14T15:25:37.673+0000] {processor.py:756} INFO - Processing file /home/airflow/.local/lib/python3.7/site-packages/airflow/example_dags/example_task_group_decorator.py for tasks to queue
[2024-01-14T15:25:37.674+0000] {logging_mixin.py:120} INFO - [2024-01-14T15:25:37.674+0000] {dagbag.py:537} INFO - Filling up the DagBag from /home/airflow/.local/lib/python3.7/site-packages/airflow/example_dags/example_task_group_decorator.py
[2024-01-14T15:25:37.694+0000] {processor.py:766} INFO - DAG(s) dict_keys(['example_task_group_decorator']) retrieved from /home/airflow/.local/lib/python3.7/site-packages/airflow/example_dags/example_task_group_decorator.py
[2024-01-14T15:25:37.724+0000] {logging_mixin.py:120} INFO - [2024-01-14T15:25:37.724+0000] {dag.py:2585} INFO - Sync 1 DAGs
[2024-01-14T15:25:37.741+0000] {logging_mixin.py:120} INFO - [2024-01-14T15:25:37.741+0000] {dag.py:3340} INFO - Setting next_dagrun for example_task_group_decorator to 2024-01-13T15:25:37.741364+00:00, run_after=2024-01-14T15:25:37.741364+00:00
[2024-01-14T15:25:37.753+0000] {processor.py:176} INFO - Processing /home/airflow/.local/lib/python3.7/site-packages/airflow/example_dags/example_task_group_decorator.py took 0.083 seconds
[2024-01-14T15:26:08.712+0000] {processor.py:154} INFO - Started process (PID=3195) to work on /home/airflow/.local/lib/python3.7/site-packages/airflow/example_dags/example_task_group_decorator.py
[2024-01-14T15:26:08.713+0000] {processor.py:756} INFO - Processing file /home/airflow/.local/lib/python3.7/site-packages/airflow/example_dags/example_task_group_decorator.py for tasks to queue
[2024-01-14T15:26:08.714+0000] {logging_mixin.py:120} INFO - [2024-01-14T15:26:08.714+0000] {dagbag.py:537} INFO - Filling up the DagBag from /home/airflow/.local/lib/python3.7/site-packages/airflow/example_dags/example_task_group_decorator.py
[2024-01-14T15:26:08.732+0000] {processor.py:766} INFO - DAG(s) dict_keys(['example_task_group_decorator']) retrieved from /home/airflow/.local/lib/python3.7/site-packages/airflow/example_dags/example_task_group_decorator.py
[2024-01-14T15:26:08.758+0000] {logging_mixin.py:120} INFO - [2024-01-14T15:26:08.758+0000] {dag.py:2585} INFO - Sync 1 DAGs
[2024-01-14T15:26:08.774+0000] {logging_mixin.py:120} INFO - [2024-01-14T15:26:08.773+0000] {dag.py:3340} INFO - Setting next_dagrun for example_task_group_decorator to 2024-01-13T15:26:08.773772+00:00, run_after=2024-01-14T15:26:08.773772+00:00
[2024-01-14T15:26:08.784+0000] {processor.py:176} INFO - Processing /home/airflow/.local/lib/python3.7/site-packages/airflow/example_dags/example_task_group_decorator.py took 0.075 seconds
[2024-01-14T15:26:39.720+0000] {processor.py:154} INFO - Started process (PID=3258) to work on /home/airflow/.local/lib/python3.7/site-packages/airflow/example_dags/example_task_group_decorator.py
[2024-01-14T15:26:39.720+0000] {processor.py:756} INFO - Processing file /home/airflow/.local/lib/python3.7/site-packages/airflow/example_dags/example_task_group_decorator.py for tasks to queue
[2024-01-14T15:26:39.721+0000] {logging_mixin.py:120} INFO - [2024-01-14T15:26:39.721+0000] {dagbag.py:537} INFO - Filling up the DagBag from /home/airflow/.local/lib/python3.7/site-packages/airflow/example_dags/example_task_group_decorator.py
[2024-01-14T15:26:39.740+0000] {processor.py:766} INFO - DAG(s) dict_keys(['example_task_group_decorator']) retrieved from /home/airflow/.local/lib/python3.7/site-packages/airflow/example_dags/example_task_group_decorator.py
[2024-01-14T15:26:39.768+0000] {logging_mixin.py:120} INFO - [2024-01-14T15:26:39.768+0000] {dag.py:2585} INFO - Sync 1 DAGs
[2024-01-14T15:26:39.783+0000] {logging_mixin.py:120} INFO - [2024-01-14T15:26:39.783+0000] {dag.py:3340} INFO - Setting next_dagrun for example_task_group_decorator to 2024-01-13T15:26:39.783606+00:00, run_after=2024-01-14T15:26:39.783606+00:00
[2024-01-14T15:26:39.795+0000] {processor.py:176} INFO - Processing /home/airflow/.local/lib/python3.7/site-packages/airflow/example_dags/example_task_group_decorator.py took 0.078 seconds
[2024-01-14T15:27:10.750+0000] {processor.py:154} INFO - Started process (PID=3321) to work on /home/airflow/.local/lib/python3.7/site-packages/airflow/example_dags/example_task_group_decorator.py
[2024-01-14T15:27:10.751+0000] {processor.py:756} INFO - Processing file /home/airflow/.local/lib/python3.7/site-packages/airflow/example_dags/example_task_group_decorator.py for tasks to queue
[2024-01-14T15:27:10.752+0000] {logging_mixin.py:120} INFO - [2024-01-14T15:27:10.752+0000] {dagbag.py:537} INFO - Filling up the DagBag from /home/airflow/.local/lib/python3.7/site-packages/airflow/example_dags/example_task_group_decorator.py
[2024-01-14T15:27:10.771+0000] {processor.py:766} INFO - DAG(s) dict_keys(['example_task_group_decorator']) retrieved from /home/airflow/.local/lib/python3.7/site-packages/airflow/example_dags/example_task_group_decorator.py
[2024-01-14T15:27:10.798+0000] {logging_mixin.py:120} INFO - [2024-01-14T15:27:10.798+0000] {dag.py:2585} INFO - Sync 1 DAGs
[2024-01-14T15:27:10.813+0000] {logging_mixin.py:120} INFO - [2024-01-14T15:27:10.813+0000] {dag.py:3340} INFO - Setting next_dagrun for example_task_group_decorator to 2024-01-13T15:27:10.813416+00:00, run_after=2024-01-14T15:27:10.813416+00:00
[2024-01-14T15:27:10.825+0000] {processor.py:176} INFO - Processing /home/airflow/.local/lib/python3.7/site-packages/airflow/example_dags/example_task_group_decorator.py took 0.077 seconds
[2024-01-14T15:27:41.826+0000] {processor.py:154} INFO - Started process (PID=3384) to work on /home/airflow/.local/lib/python3.7/site-packages/airflow/example_dags/example_task_group_decorator.py
[2024-01-14T15:27:41.826+0000] {processor.py:756} INFO - Processing file /home/airflow/.local/lib/python3.7/site-packages/airflow/example_dags/example_task_group_decorator.py for tasks to queue
[2024-01-14T15:27:41.827+0000] {logging_mixin.py:120} INFO - [2024-01-14T15:27:41.827+0000] {dagbag.py:537} INFO - Filling up the DagBag from /home/airflow/.local/lib/python3.7/site-packages/airflow/example_dags/example_task_group_decorator.py
[2024-01-14T15:27:41.845+0000] {processor.py:766} INFO - DAG(s) dict_keys(['example_task_group_decorator']) retrieved from /home/airflow/.local/lib/python3.7/site-packages/airflow/example_dags/example_task_group_decorator.py
[2024-01-14T15:27:41.872+0000] {logging_mixin.py:120} INFO - [2024-01-14T15:27:41.872+0000] {dag.py:2585} INFO - Sync 1 DAGs
[2024-01-14T15:27:41.887+0000] {logging_mixin.py:120} INFO - [2024-01-14T15:27:41.887+0000] {dag.py:3340} INFO - Setting next_dagrun for example_task_group_decorator to 2024-01-13T15:27:41.887632+00:00, run_after=2024-01-14T15:27:41.887632+00:00
[2024-01-14T15:27:41.898+0000] {processor.py:176} INFO - Processing /home/airflow/.local/lib/python3.7/site-packages/airflow/example_dags/example_task_group_decorator.py took 0.075 seconds
[2024-01-14T15:28:12.711+0000] {processor.py:154} INFO - Started process (PID=3447) to work on /home/airflow/.local/lib/python3.7/site-packages/airflow/example_dags/example_task_group_decorator.py
[2024-01-14T15:28:12.712+0000] {processor.py:756} INFO - Processing file /home/airflow/.local/lib/python3.7/site-packages/airflow/example_dags/example_task_group_decorator.py for tasks to queue
[2024-01-14T15:28:12.712+0000] {logging_mixin.py:120} INFO - [2024-01-14T15:28:12.712+0000] {dagbag.py:537} INFO - Filling up the DagBag from /home/airflow/.local/lib/python3.7/site-packages/airflow/example_dags/example_task_group_decorator.py
[2024-01-14T15:28:12.730+0000] {processor.py:766} INFO - DAG(s) dict_keys(['example_task_group_decorator']) retrieved from /home/airflow/.local/lib/python3.7/site-packages/airflow/example_dags/example_task_group_decorator.py
[2024-01-14T15:28:12.757+0000] {logging_mixin.py:120} INFO - [2024-01-14T15:28:12.757+0000] {dag.py:2585} INFO - Sync 1 DAGs
[2024-01-14T15:28:12.773+0000] {logging_mixin.py:120} INFO - [2024-01-14T15:28:12.773+0000] {dag.py:3340} INFO - Setting next_dagrun for example_task_group_decorator to 2024-01-13T15:28:12.773036+00:00, run_after=2024-01-14T15:28:12.773036+00:00
[2024-01-14T15:28:12.785+0000] {processor.py:176} INFO - Processing /home/airflow/.local/lib/python3.7/site-packages/airflow/example_dags/example_task_group_decorator.py took 0.078 seconds
[2024-01-14T15:28:43.733+0000] {processor.py:154} INFO - Started process (PID=3510) to work on /home/airflow/.local/lib/python3.7/site-packages/airflow/example_dags/example_task_group_decorator.py
[2024-01-14T15:28:43.734+0000] {processor.py:756} INFO - Processing file /home/airflow/.local/lib/python3.7/site-packages/airflow/example_dags/example_task_group_decorator.py for tasks to queue
[2024-01-14T15:28:43.734+0000] {logging_mixin.py:120} INFO - [2024-01-14T15:28:43.734+0000] {dagbag.py:537} INFO - Filling up the DagBag from /home/airflow/.local/lib/python3.7/site-packages/airflow/example_dags/example_task_group_decorator.py
[2024-01-14T15:28:43.752+0000] {processor.py:766} INFO - DAG(s) dict_keys(['example_task_group_decorator']) retrieved from /home/airflow/.local/lib/python3.7/site-packages/airflow/example_dags/example_task_group_decorator.py
[2024-01-14T15:28:43.778+0000] {logging_mixin.py:120} INFO - [2024-01-14T15:28:43.778+0000] {dag.py:2585} INFO - Sync 1 DAGs
[2024-01-14T15:28:43.793+0000] {logging_mixin.py:120} INFO - [2024-01-14T15:28:43.793+0000] {dag.py:3340} INFO - Setting next_dagrun for example_task_group_decorator to 2024-01-13T15:28:43.793467+00:00, run_after=2024-01-14T15:28:43.793467+00:00
[2024-01-14T15:28:43.805+0000] {processor.py:176} INFO - Processing /home/airflow/.local/lib/python3.7/site-packages/airflow/example_dags/example_task_group_decorator.py took 0.075 seconds
[2024-01-14T15:29:14.718+0000] {processor.py:154} INFO - Started process (PID=3573) to work on /home/airflow/.local/lib/python3.7/site-packages/airflow/example_dags/example_task_group_decorator.py
[2024-01-14T15:29:14.719+0000] {processor.py:756} INFO - Processing file /home/airflow/.local/lib/python3.7/site-packages/airflow/example_dags/example_task_group_decorator.py for tasks to queue
[2024-01-14T15:29:14.719+0000] {logging_mixin.py:120} INFO - [2024-01-14T15:29:14.719+0000] {dagbag.py:537} INFO - Filling up the DagBag from /home/airflow/.local/lib/python3.7/site-packages/airflow/example_dags/example_task_group_decorator.py
[2024-01-14T15:29:14.738+0000] {processor.py:766} INFO - DAG(s) dict_keys(['example_task_group_decorator']) retrieved from /home/airflow/.local/lib/python3.7/site-packages/airflow/example_dags/example_task_group_decorator.py
[2024-01-14T15:29:14.767+0000] {logging_mixin.py:120} INFO - [2024-01-14T15:29:14.767+0000] {dag.py:2585} INFO - Sync 1 DAGs
[2024-01-14T15:29:14.783+0000] {logging_mixin.py:120} INFO - [2024-01-14T15:29:14.783+0000] {dag.py:3340} INFO - Setting next_dagrun for example_task_group_decorator to 2024-01-13T15:29:14.783378+00:00, run_after=2024-01-14T15:29:14.783378+00:00
[2024-01-14T15:29:14.795+0000] {processor.py:176} INFO - Processing /home/airflow/.local/lib/python3.7/site-packages/airflow/example_dags/example_task_group_decorator.py took 0.079 seconds
[2024-01-14T15:29:45.664+0000] {processor.py:154} INFO - Started process (PID=3626) to work on /home/airflow/.local/lib/python3.7/site-packages/airflow/example_dags/example_task_group_decorator.py
[2024-01-14T15:29:45.664+0000] {processor.py:756} INFO - Processing file /home/airflow/.local/lib/python3.7/site-packages/airflow/example_dags/example_task_group_decorator.py for tasks to queue
[2024-01-14T15:29:45.665+0000] {logging_mixin.py:120} INFO - [2024-01-14T15:29:45.665+0000] {dagbag.py:537} INFO - Filling up the DagBag from /home/airflow/.local/lib/python3.7/site-packages/airflow/example_dags/example_task_group_decorator.py
[2024-01-14T15:29:45.684+0000] {processor.py:766} INFO - DAG(s) dict_keys(['example_task_group_decorator']) retrieved from /home/airflow/.local/lib/python3.7/site-packages/airflow/example_dags/example_task_group_decorator.py
[2024-01-14T15:29:45.713+0000] {logging_mixin.py:120} INFO - [2024-01-14T15:29:45.713+0000] {dag.py:2585} INFO - Sync 1 DAGs
[2024-01-14T15:29:45.730+0000] {logging_mixin.py:120} INFO - [2024-01-14T15:29:45.730+0000] {dag.py:3340} INFO - Setting next_dagrun for example_task_group_decorator to 2024-01-13T15:29:45.729940+00:00, run_after=2024-01-14T15:29:45.729940+00:00
[2024-01-14T15:29:45.741+0000] {processor.py:176} INFO - Processing /home/airflow/.local/lib/python3.7/site-packages/airflow/example_dags/example_task_group_decorator.py took 0.080 seconds
[2024-01-14T15:30:16.002+0000] {processor.py:154} INFO - Started process (PID=3689) to work on /home/airflow/.local/lib/python3.7/site-packages/airflow/example_dags/example_task_group_decorator.py
[2024-01-14T15:30:16.003+0000] {processor.py:756} INFO - Processing file /home/airflow/.local/lib/python3.7/site-packages/airflow/example_dags/example_task_group_decorator.py for tasks to queue
[2024-01-14T15:30:16.003+0000] {logging_mixin.py:120} INFO - [2024-01-14T15:30:16.003+0000] {dagbag.py:537} INFO - Filling up the DagBag from /home/airflow/.local/lib/python3.7/site-packages/airflow/example_dags/example_task_group_decorator.py
[2024-01-14T15:30:16.022+0000] {processor.py:766} INFO - DAG(s) dict_keys(['example_task_group_decorator']) retrieved from /home/airflow/.local/lib/python3.7/site-packages/airflow/example_dags/example_task_group_decorator.py
[2024-01-14T15:30:16.050+0000] {logging_mixin.py:120} INFO - [2024-01-14T15:30:16.049+0000] {dag.py:2585} INFO - Sync 1 DAGs
[2024-01-14T15:30:16.064+0000] {logging_mixin.py:120} INFO - [2024-01-14T15:30:16.064+0000] {dag.py:3340} INFO - Setting next_dagrun for example_task_group_decorator to 2024-01-13T15:30:16.064394+00:00, run_after=2024-01-14T15:30:16.064394+00:00
[2024-01-14T15:30:16.076+0000] {processor.py:176} INFO - Processing /home/airflow/.local/lib/python3.7/site-packages/airflow/example_dags/example_task_group_decorator.py took 0.077 seconds
[2024-01-14T15:30:46.265+0000] {processor.py:154} INFO - Started process (PID=3752) to work on /home/airflow/.local/lib/python3.7/site-packages/airflow/example_dags/example_task_group_decorator.py
[2024-01-14T15:30:46.266+0000] {processor.py:756} INFO - Processing file /home/airflow/.local/lib/python3.7/site-packages/airflow/example_dags/example_task_group_decorator.py for tasks to queue
[2024-01-14T15:30:46.267+0000] {logging_mixin.py:120} INFO - [2024-01-14T15:30:46.267+0000] {dagbag.py:537} INFO - Filling up the DagBag from /home/airflow/.local/lib/python3.7/site-packages/airflow/example_dags/example_task_group_decorator.py
[2024-01-14T15:30:46.286+0000] {processor.py:766} INFO - DAG(s) dict_keys(['example_task_group_decorator']) retrieved from /home/airflow/.local/lib/python3.7/site-packages/airflow/example_dags/example_task_group_decorator.py
[2024-01-14T15:30:46.313+0000] {logging_mixin.py:120} INFO - [2024-01-14T15:30:46.313+0000] {dag.py:2585} INFO - Sync 1 DAGs
[2024-01-14T15:30:46.329+0000] {logging_mixin.py:120} INFO - [2024-01-14T15:30:46.329+0000] {dag.py:3340} INFO - Setting next_dagrun for example_task_group_decorator to 2024-01-13T15:30:46.329119+00:00, run_after=2024-01-14T15:30:46.329119+00:00
[2024-01-14T15:30:46.340+0000] {processor.py:176} INFO - Processing /home/airflow/.local/lib/python3.7/site-packages/airflow/example_dags/example_task_group_decorator.py took 0.077 seconds
