[2024-01-14T14:59:57.372+0000] {processor.py:154} INFO - Started process (PID=42) to work on /home/airflow/.local/lib/python3.7/site-packages/airflow/example_dags/example_subdag_operator.py
[2024-01-14T14:59:57.374+0000] {processor.py:756} INFO - Processing file /home/airflow/.local/lib/python3.7/site-packages/airflow/example_dags/example_subdag_operator.py for tasks to queue
[2024-01-14T14:59:57.376+0000] {logging_mixin.py:120} INFO - [2024-01-14T14:59:57.376+0000] {dagbag.py:537} INFO - Filling up the DagBag from /home/airflow/.local/lib/python3.7/site-packages/airflow/example_dags/example_subdag_operator.py
[2024-01-14T14:59:57.430+0000] {processor.py:766} INFO - DAG(s) dict_keys(['example_subdag_operator.section-1', 'example_subdag_operator.section-2', 'example_subdag_operator']) retrieved from /home/airflow/.local/lib/python3.7/site-packages/airflow/example_dags/example_subdag_operator.py
[2024-01-14T14:59:57.625+0000] {logging_mixin.py:120} INFO - [2024-01-14T14:59:57.625+0000] {manager.py:507} INFO - Created Permission View: can read on DAG:example_subdag_operator
[2024-01-14T14:59:57.630+0000] {logging_mixin.py:120} INFO - [2024-01-14T14:59:57.630+0000] {manager.py:507} INFO - Created Permission View: can edit on DAG:example_subdag_operator
[2024-01-14T14:59:57.634+0000] {logging_mixin.py:120} INFO - [2024-01-14T14:59:57.634+0000] {manager.py:507} INFO - Created Permission View: can delete on DAG:example_subdag_operator
[2024-01-14T14:59:57.634+0000] {logging_mixin.py:120} INFO - [2024-01-14T14:59:57.634+0000] {dag.py:2585} INFO - Sync 3 DAGs
[2024-01-14T14:59:57.654+0000] {logging_mixin.py:120} INFO - [2024-01-14T14:59:57.653+0000] {dag.py:2606} INFO - Creating ORM DAG for example_subdag_operator.section-1
[2024-01-14T14:59:57.656+0000] {logging_mixin.py:120} INFO - [2024-01-14T14:59:57.655+0000] {dag.py:2606} INFO - Creating ORM DAG for example_subdag_operator
[2024-01-14T14:59:57.657+0000] {logging_mixin.py:120} INFO - [2024-01-14T14:59:57.657+0000] {dag.py:2606} INFO - Creating ORM DAG for example_subdag_operator.section-2
[2024-01-14T14:59:57.666+0000] {logging_mixin.py:120} INFO - [2024-01-14T14:59:57.666+0000] {dag.py:3340} INFO - Setting next_dagrun for example_subdag_operator to 2022-01-01T00:00:00+00:00, run_after=2022-01-01T00:00:00+00:00
[2024-01-14T14:59:57.667+0000] {logging_mixin.py:120} INFO - [2024-01-14T14:59:57.667+0000] {dag.py:3340} INFO - Setting next_dagrun for example_subdag_operator.section-1 to None, run_after=None
[2024-01-14T14:59:57.667+0000] {logging_mixin.py:120} INFO - [2024-01-14T14:59:57.667+0000] {dag.py:3340} INFO - Setting next_dagrun for example_subdag_operator.section-2 to None, run_after=None
[2024-01-14T14:59:57.675+0000] {logging_mixin.py:120} INFO - [2024-01-14T14:59:57.675+0000] {dag.py:2585} INFO - Sync 2 DAGs
[2024-01-14T14:59:57.679+0000] {logging_mixin.py:120} INFO - [2024-01-14T14:59:57.679+0000] {dag.py:3340} INFO - Setting next_dagrun for example_subdag_operator.section-1 to None, run_after=None
[2024-01-14T14:59:57.681+0000] {logging_mixin.py:120} INFO - [2024-01-14T14:59:57.681+0000] {dag.py:3340} INFO - Setting next_dagrun for example_subdag_operator.section-2 to None, run_after=None
[2024-01-14T14:59:57.689+0000] {processor.py:176} INFO - Processing /home/airflow/.local/lib/python3.7/site-packages/airflow/example_dags/example_subdag_operator.py took 0.324 seconds
[2024-01-14T15:00:27.909+0000] {processor.py:154} INFO - Started process (PID=105) to work on /home/airflow/.local/lib/python3.7/site-packages/airflow/example_dags/example_subdag_operator.py
[2024-01-14T15:00:27.910+0000] {processor.py:756} INFO - Processing file /home/airflow/.local/lib/python3.7/site-packages/airflow/example_dags/example_subdag_operator.py for tasks to queue
[2024-01-14T15:00:27.911+0000] {logging_mixin.py:120} INFO - [2024-01-14T15:00:27.911+0000] {dagbag.py:537} INFO - Filling up the DagBag from /home/airflow/.local/lib/python3.7/site-packages/airflow/example_dags/example_subdag_operator.py
[2024-01-14T15:00:27.934+0000] {processor.py:766} INFO - DAG(s) dict_keys(['example_subdag_operator.section-1', 'example_subdag_operator.section-2', 'example_subdag_operator']) retrieved from /home/airflow/.local/lib/python3.7/site-packages/airflow/example_dags/example_subdag_operator.py
[2024-01-14T15:00:28.052+0000] {logging_mixin.py:120} INFO - [2024-01-14T15:00:28.052+0000] {dag.py:2585} INFO - Sync 3 DAGs
[2024-01-14T15:00:28.067+0000] {logging_mixin.py:120} INFO - [2024-01-14T15:00:28.067+0000] {dag.py:3340} INFO - Setting next_dagrun for example_subdag_operator to 2022-01-01T00:00:00+00:00, run_after=2022-01-01T00:00:00+00:00
[2024-01-14T15:00:28.069+0000] {logging_mixin.py:120} INFO - [2024-01-14T15:00:28.068+0000] {dag.py:3340} INFO - Setting next_dagrun for example_subdag_operator.section-1 to None, run_after=None
[2024-01-14T15:00:28.069+0000] {logging_mixin.py:120} INFO - [2024-01-14T15:00:28.069+0000] {dag.py:3340} INFO - Setting next_dagrun for example_subdag_operator.section-2 to None, run_after=None
[2024-01-14T15:00:28.074+0000] {logging_mixin.py:120} INFO - [2024-01-14T15:00:28.074+0000] {dag.py:2585} INFO - Sync 2 DAGs
[2024-01-14T15:00:28.077+0000] {logging_mixin.py:120} INFO - [2024-01-14T15:00:28.077+0000] {dag.py:3340} INFO - Setting next_dagrun for example_subdag_operator.section-1 to None, run_after=None
[2024-01-14T15:00:28.077+0000] {logging_mixin.py:120} INFO - [2024-01-14T15:00:28.077+0000] {dag.py:3340} INFO - Setting next_dagrun for example_subdag_operator.section-2 to None, run_after=None
[2024-01-14T15:00:28.084+0000] {processor.py:176} INFO - Processing /home/airflow/.local/lib/python3.7/site-packages/airflow/example_dags/example_subdag_operator.py took 0.177 seconds
[2024-01-14T15:00:58.100+0000] {processor.py:154} INFO - Started process (PID=170) to work on /home/airflow/.local/lib/python3.7/site-packages/airflow/example_dags/example_subdag_operator.py
[2024-01-14T15:00:58.100+0000] {processor.py:756} INFO - Processing file /home/airflow/.local/lib/python3.7/site-packages/airflow/example_dags/example_subdag_operator.py for tasks to queue
[2024-01-14T15:00:58.101+0000] {logging_mixin.py:120} INFO - [2024-01-14T15:00:58.101+0000] {dagbag.py:537} INFO - Filling up the DagBag from /home/airflow/.local/lib/python3.7/site-packages/airflow/example_dags/example_subdag_operator.py
[2024-01-14T15:00:58.122+0000] {processor.py:766} INFO - DAG(s) dict_keys(['example_subdag_operator.section-1', 'example_subdag_operator.section-2', 'example_subdag_operator']) retrieved from /home/airflow/.local/lib/python3.7/site-packages/airflow/example_dags/example_subdag_operator.py
[2024-01-14T15:00:58.230+0000] {logging_mixin.py:120} INFO - [2024-01-14T15:00:58.230+0000] {dag.py:2585} INFO - Sync 3 DAGs
[2024-01-14T15:00:58.247+0000] {logging_mixin.py:120} INFO - [2024-01-14T15:00:58.247+0000] {dag.py:3340} INFO - Setting next_dagrun for example_subdag_operator to 2022-01-01T00:00:00+00:00, run_after=2022-01-01T00:00:00+00:00
[2024-01-14T15:00:58.250+0000] {logging_mixin.py:120} INFO - [2024-01-14T15:00:58.250+0000] {dag.py:3340} INFO - Setting next_dagrun for example_subdag_operator.section-1 to None, run_after=None
[2024-01-14T15:00:58.251+0000] {logging_mixin.py:120} INFO - [2024-01-14T15:00:58.251+0000] {dag.py:3340} INFO - Setting next_dagrun for example_subdag_operator.section-2 to None, run_after=None
[2024-01-14T15:00:58.256+0000] {logging_mixin.py:120} INFO - [2024-01-14T15:00:58.256+0000] {dag.py:2585} INFO - Sync 2 DAGs
[2024-01-14T15:00:58.259+0000] {logging_mixin.py:120} INFO - [2024-01-14T15:00:58.259+0000] {dag.py:3340} INFO - Setting next_dagrun for example_subdag_operator.section-1 to None, run_after=None
[2024-01-14T15:00:58.259+0000] {logging_mixin.py:120} INFO - [2024-01-14T15:00:58.259+0000] {dag.py:3340} INFO - Setting next_dagrun for example_subdag_operator.section-2 to None, run_after=None
[2024-01-14T15:00:58.266+0000] {processor.py:176} INFO - Processing /home/airflow/.local/lib/python3.7/site-packages/airflow/example_dags/example_subdag_operator.py took 0.169 seconds
[2024-01-14T15:01:28.298+0000] {processor.py:154} INFO - Started process (PID=234) to work on /home/airflow/.local/lib/python3.7/site-packages/airflow/example_dags/example_subdag_operator.py
[2024-01-14T15:01:28.298+0000] {processor.py:756} INFO - Processing file /home/airflow/.local/lib/python3.7/site-packages/airflow/example_dags/example_subdag_operator.py for tasks to queue
[2024-01-14T15:01:28.299+0000] {logging_mixin.py:120} INFO - [2024-01-14T15:01:28.299+0000] {dagbag.py:537} INFO - Filling up the DagBag from /home/airflow/.local/lib/python3.7/site-packages/airflow/example_dags/example_subdag_operator.py
[2024-01-14T15:01:28.325+0000] {processor.py:766} INFO - DAG(s) dict_keys(['example_subdag_operator.section-1', 'example_subdag_operator.section-2', 'example_subdag_operator']) retrieved from /home/airflow/.local/lib/python3.7/site-packages/airflow/example_dags/example_subdag_operator.py
[2024-01-14T15:01:28.432+0000] {logging_mixin.py:120} INFO - [2024-01-14T15:01:28.432+0000] {dag.py:2585} INFO - Sync 3 DAGs
[2024-01-14T15:01:28.447+0000] {logging_mixin.py:120} INFO - [2024-01-14T15:01:28.447+0000] {dag.py:3340} INFO - Setting next_dagrun for example_subdag_operator to 2022-01-01T00:00:00+00:00, run_after=2022-01-01T00:00:00+00:00
[2024-01-14T15:01:28.449+0000] {logging_mixin.py:120} INFO - [2024-01-14T15:01:28.448+0000] {dag.py:3340} INFO - Setting next_dagrun for example_subdag_operator.section-1 to None, run_after=None
[2024-01-14T15:01:28.449+0000] {logging_mixin.py:120} INFO - [2024-01-14T15:01:28.449+0000] {dag.py:3340} INFO - Setting next_dagrun for example_subdag_operator.section-2 to None, run_after=None
[2024-01-14T15:01:28.453+0000] {logging_mixin.py:120} INFO - [2024-01-14T15:01:28.453+0000] {dag.py:2585} INFO - Sync 2 DAGs
[2024-01-14T15:01:28.457+0000] {logging_mixin.py:120} INFO - [2024-01-14T15:01:28.456+0000] {dag.py:3340} INFO - Setting next_dagrun for example_subdag_operator.section-1 to None, run_after=None
[2024-01-14T15:01:28.457+0000] {logging_mixin.py:120} INFO - [2024-01-14T15:01:28.457+0000] {dag.py:3340} INFO - Setting next_dagrun for example_subdag_operator.section-2 to None, run_after=None
[2024-01-14T15:01:28.462+0000] {processor.py:176} INFO - Processing /home/airflow/.local/lib/python3.7/site-packages/airflow/example_dags/example_subdag_operator.py took 0.168 seconds
[2024-01-14T15:01:58.489+0000] {processor.py:154} INFO - Started process (PID=289) to work on /home/airflow/.local/lib/python3.7/site-packages/airflow/example_dags/example_subdag_operator.py
[2024-01-14T15:01:58.490+0000] {processor.py:756} INFO - Processing file /home/airflow/.local/lib/python3.7/site-packages/airflow/example_dags/example_subdag_operator.py for tasks to queue
[2024-01-14T15:01:58.491+0000] {logging_mixin.py:120} INFO - [2024-01-14T15:01:58.491+0000] {dagbag.py:537} INFO - Filling up the DagBag from /home/airflow/.local/lib/python3.7/site-packages/airflow/example_dags/example_subdag_operator.py
[2024-01-14T15:01:58.514+0000] {processor.py:766} INFO - DAG(s) dict_keys(['example_subdag_operator.section-1', 'example_subdag_operator.section-2', 'example_subdag_operator']) retrieved from /home/airflow/.local/lib/python3.7/site-packages/airflow/example_dags/example_subdag_operator.py
[2024-01-14T15:01:58.626+0000] {logging_mixin.py:120} INFO - [2024-01-14T15:01:58.626+0000] {dag.py:2585} INFO - Sync 3 DAGs
[2024-01-14T15:01:58.641+0000] {logging_mixin.py:120} INFO - [2024-01-14T15:01:58.641+0000] {dag.py:3340} INFO - Setting next_dagrun for example_subdag_operator to 2022-01-01T00:00:00+00:00, run_after=2022-01-01T00:00:00+00:00
[2024-01-14T15:01:58.643+0000] {logging_mixin.py:120} INFO - [2024-01-14T15:01:58.643+0000] {dag.py:3340} INFO - Setting next_dagrun for example_subdag_operator.section-1 to None, run_after=None
[2024-01-14T15:01:58.645+0000] {logging_mixin.py:120} INFO - [2024-01-14T15:01:58.645+0000] {dag.py:3340} INFO - Setting next_dagrun for example_subdag_operator.section-2 to None, run_after=None
[2024-01-14T15:01:58.649+0000] {logging_mixin.py:120} INFO - [2024-01-14T15:01:58.649+0000] {dag.py:2585} INFO - Sync 2 DAGs
[2024-01-14T15:01:58.653+0000] {logging_mixin.py:120} INFO - [2024-01-14T15:01:58.653+0000] {dag.py:3340} INFO - Setting next_dagrun for example_subdag_operator.section-1 to None, run_after=None
[2024-01-14T15:01:58.653+0000] {logging_mixin.py:120} INFO - [2024-01-14T15:01:58.653+0000] {dag.py:3340} INFO - Setting next_dagrun for example_subdag_operator.section-2 to None, run_after=None
[2024-01-14T15:01:58.660+0000] {processor.py:176} INFO - Processing /home/airflow/.local/lib/python3.7/site-packages/airflow/example_dags/example_subdag_operator.py took 0.173 seconds
[2024-01-14T15:02:29.515+0000] {processor.py:154} INFO - Started process (PID=352) to work on /home/airflow/.local/lib/python3.7/site-packages/airflow/example_dags/example_subdag_operator.py
[2024-01-14T15:02:29.516+0000] {processor.py:756} INFO - Processing file /home/airflow/.local/lib/python3.7/site-packages/airflow/example_dags/example_subdag_operator.py for tasks to queue
[2024-01-14T15:02:29.518+0000] {logging_mixin.py:120} INFO - [2024-01-14T15:02:29.517+0000] {dagbag.py:537} INFO - Filling up the DagBag from /home/airflow/.local/lib/python3.7/site-packages/airflow/example_dags/example_subdag_operator.py
[2024-01-14T15:02:29.547+0000] {processor.py:766} INFO - DAG(s) dict_keys(['example_subdag_operator.section-1', 'example_subdag_operator.section-2', 'example_subdag_operator']) retrieved from /home/airflow/.local/lib/python3.7/site-packages/airflow/example_dags/example_subdag_operator.py
[2024-01-14T15:02:29.653+0000] {logging_mixin.py:120} INFO - [2024-01-14T15:02:29.653+0000] {dag.py:2585} INFO - Sync 3 DAGs
[2024-01-14T15:02:29.669+0000] {logging_mixin.py:120} INFO - [2024-01-14T15:02:29.669+0000] {dag.py:3340} INFO - Setting next_dagrun for example_subdag_operator to 2022-01-01T00:00:00+00:00, run_after=2022-01-01T00:00:00+00:00
[2024-01-14T15:02:29.672+0000] {logging_mixin.py:120} INFO - [2024-01-14T15:02:29.671+0000] {dag.py:3340} INFO - Setting next_dagrun for example_subdag_operator.section-1 to None, run_after=None
[2024-01-14T15:02:29.673+0000] {logging_mixin.py:120} INFO - [2024-01-14T15:02:29.673+0000] {dag.py:3340} INFO - Setting next_dagrun for example_subdag_operator.section-2 to None, run_after=None
[2024-01-14T15:02:29.678+0000] {logging_mixin.py:120} INFO - [2024-01-14T15:02:29.678+0000] {dag.py:2585} INFO - Sync 2 DAGs
[2024-01-14T15:02:29.682+0000] {logging_mixin.py:120} INFO - [2024-01-14T15:02:29.682+0000] {dag.py:3340} INFO - Setting next_dagrun for example_subdag_operator.section-1 to None, run_after=None
[2024-01-14T15:02:29.682+0000] {logging_mixin.py:120} INFO - [2024-01-14T15:02:29.682+0000] {dag.py:3340} INFO - Setting next_dagrun for example_subdag_operator.section-2 to None, run_after=None
[2024-01-14T15:02:29.690+0000] {processor.py:176} INFO - Processing /home/airflow/.local/lib/python3.7/site-packages/airflow/example_dags/example_subdag_operator.py took 0.180 seconds
[2024-01-14T15:02:59.742+0000] {processor.py:154} INFO - Started process (PID=416) to work on /home/airflow/.local/lib/python3.7/site-packages/airflow/example_dags/example_subdag_operator.py
[2024-01-14T15:02:59.743+0000] {processor.py:756} INFO - Processing file /home/airflow/.local/lib/python3.7/site-packages/airflow/example_dags/example_subdag_operator.py for tasks to queue
[2024-01-14T15:02:59.744+0000] {logging_mixin.py:120} INFO - [2024-01-14T15:02:59.744+0000] {dagbag.py:537} INFO - Filling up the DagBag from /home/airflow/.local/lib/python3.7/site-packages/airflow/example_dags/example_subdag_operator.py
[2024-01-14T15:02:59.767+0000] {processor.py:766} INFO - DAG(s) dict_keys(['example_subdag_operator.section-1', 'example_subdag_operator.section-2', 'example_subdag_operator']) retrieved from /home/airflow/.local/lib/python3.7/site-packages/airflow/example_dags/example_subdag_operator.py
[2024-01-14T15:02:59.870+0000] {logging_mixin.py:120} INFO - [2024-01-14T15:02:59.870+0000] {dag.py:2585} INFO - Sync 3 DAGs
[2024-01-14T15:02:59.885+0000] {logging_mixin.py:120} INFO - [2024-01-14T15:02:59.885+0000] {dag.py:3340} INFO - Setting next_dagrun for example_subdag_operator to 2022-01-01T00:00:00+00:00, run_after=2022-01-01T00:00:00+00:00
[2024-01-14T15:02:59.887+0000] {logging_mixin.py:120} INFO - [2024-01-14T15:02:59.887+0000] {dag.py:3340} INFO - Setting next_dagrun for example_subdag_operator.section-1 to None, run_after=None
[2024-01-14T15:02:59.887+0000] {logging_mixin.py:120} INFO - [2024-01-14T15:02:59.887+0000] {dag.py:3340} INFO - Setting next_dagrun for example_subdag_operator.section-2 to None, run_after=None
[2024-01-14T15:02:59.891+0000] {logging_mixin.py:120} INFO - [2024-01-14T15:02:59.891+0000] {dag.py:2585} INFO - Sync 2 DAGs
[2024-01-14T15:02:59.895+0000] {logging_mixin.py:120} INFO - [2024-01-14T15:02:59.894+0000] {dag.py:3340} INFO - Setting next_dagrun for example_subdag_operator.section-1 to None, run_after=None
[2024-01-14T15:02:59.895+0000] {logging_mixin.py:120} INFO - [2024-01-14T15:02:59.895+0000] {dag.py:3340} INFO - Setting next_dagrun for example_subdag_operator.section-2 to None, run_after=None
[2024-01-14T15:02:59.902+0000] {processor.py:176} INFO - Processing /home/airflow/.local/lib/python3.7/site-packages/airflow/example_dags/example_subdag_operator.py took 0.162 seconds
[2024-01-14T15:03:30.916+0000] {processor.py:154} INFO - Started process (PID=479) to work on /home/airflow/.local/lib/python3.7/site-packages/airflow/example_dags/example_subdag_operator.py
[2024-01-14T15:03:30.917+0000] {processor.py:756} INFO - Processing file /home/airflow/.local/lib/python3.7/site-packages/airflow/example_dags/example_subdag_operator.py for tasks to queue
[2024-01-14T15:03:30.918+0000] {logging_mixin.py:120} INFO - [2024-01-14T15:03:30.918+0000] {dagbag.py:537} INFO - Filling up the DagBag from /home/airflow/.local/lib/python3.7/site-packages/airflow/example_dags/example_subdag_operator.py
[2024-01-14T15:03:30.948+0000] {processor.py:766} INFO - DAG(s) dict_keys(['example_subdag_operator.section-1', 'example_subdag_operator.section-2', 'example_subdag_operator']) retrieved from /home/airflow/.local/lib/python3.7/site-packages/airflow/example_dags/example_subdag_operator.py
[2024-01-14T15:03:31.048+0000] {logging_mixin.py:120} INFO - [2024-01-14T15:03:31.048+0000] {dag.py:2585} INFO - Sync 3 DAGs
[2024-01-14T15:03:31.062+0000] {logging_mixin.py:120} INFO - [2024-01-14T15:03:31.062+0000] {dag.py:3340} INFO - Setting next_dagrun for example_subdag_operator to 2022-01-01T00:00:00+00:00, run_after=2022-01-01T00:00:00+00:00
[2024-01-14T15:03:31.064+0000] {logging_mixin.py:120} INFO - [2024-01-14T15:03:31.064+0000] {dag.py:3340} INFO - Setting next_dagrun for example_subdag_operator.section-1 to None, run_after=None
[2024-01-14T15:03:31.065+0000] {logging_mixin.py:120} INFO - [2024-01-14T15:03:31.065+0000] {dag.py:3340} INFO - Setting next_dagrun for example_subdag_operator.section-2 to None, run_after=None
[2024-01-14T15:03:31.069+0000] {logging_mixin.py:120} INFO - [2024-01-14T15:03:31.069+0000] {dag.py:2585} INFO - Sync 2 DAGs
[2024-01-14T15:03:31.073+0000] {logging_mixin.py:120} INFO - [2024-01-14T15:03:31.073+0000] {dag.py:3340} INFO - Setting next_dagrun for example_subdag_operator.section-1 to None, run_after=None
[2024-01-14T15:03:31.073+0000] {logging_mixin.py:120} INFO - [2024-01-14T15:03:31.073+0000] {dag.py:3340} INFO - Setting next_dagrun for example_subdag_operator.section-2 to None, run_after=None
[2024-01-14T15:03:31.079+0000] {processor.py:176} INFO - Processing /home/airflow/.local/lib/python3.7/site-packages/airflow/example_dags/example_subdag_operator.py took 0.169 seconds
[2024-01-14T15:04:02.013+0000] {processor.py:154} INFO - Started process (PID=542) to work on /home/airflow/.local/lib/python3.7/site-packages/airflow/example_dags/example_subdag_operator.py
[2024-01-14T15:04:02.014+0000] {processor.py:756} INFO - Processing file /home/airflow/.local/lib/python3.7/site-packages/airflow/example_dags/example_subdag_operator.py for tasks to queue
[2024-01-14T15:04:02.014+0000] {logging_mixin.py:120} INFO - [2024-01-14T15:04:02.014+0000] {dagbag.py:537} INFO - Filling up the DagBag from /home/airflow/.local/lib/python3.7/site-packages/airflow/example_dags/example_subdag_operator.py
[2024-01-14T15:04:02.039+0000] {processor.py:766} INFO - DAG(s) dict_keys(['example_subdag_operator.section-1', 'example_subdag_operator.section-2', 'example_subdag_operator']) retrieved from /home/airflow/.local/lib/python3.7/site-packages/airflow/example_dags/example_subdag_operator.py
[2024-01-14T15:04:02.140+0000] {logging_mixin.py:120} INFO - [2024-01-14T15:04:02.140+0000] {dag.py:2585} INFO - Sync 3 DAGs
[2024-01-14T15:04:02.154+0000] {logging_mixin.py:120} INFO - [2024-01-14T15:04:02.154+0000] {dag.py:3340} INFO - Setting next_dagrun for example_subdag_operator to 2022-01-01T00:00:00+00:00, run_after=2022-01-01T00:00:00+00:00
[2024-01-14T15:04:02.156+0000] {logging_mixin.py:120} INFO - [2024-01-14T15:04:02.156+0000] {dag.py:3340} INFO - Setting next_dagrun for example_subdag_operator.section-1 to None, run_after=None
[2024-01-14T15:04:02.157+0000] {logging_mixin.py:120} INFO - [2024-01-14T15:04:02.157+0000] {dag.py:3340} INFO - Setting next_dagrun for example_subdag_operator.section-2 to None, run_after=None
[2024-01-14T15:04:02.161+0000] {logging_mixin.py:120} INFO - [2024-01-14T15:04:02.161+0000] {dag.py:2585} INFO - Sync 2 DAGs
[2024-01-14T15:04:02.165+0000] {logging_mixin.py:120} INFO - [2024-01-14T15:04:02.165+0000] {dag.py:3340} INFO - Setting next_dagrun for example_subdag_operator.section-1 to None, run_after=None
[2024-01-14T15:04:02.165+0000] {logging_mixin.py:120} INFO - [2024-01-14T15:04:02.165+0000] {dag.py:3340} INFO - Setting next_dagrun for example_subdag_operator.section-2 to None, run_after=None
[2024-01-14T15:04:02.172+0000] {processor.py:176} INFO - Processing /home/airflow/.local/lib/python3.7/site-packages/airflow/example_dags/example_subdag_operator.py took 0.162 seconds
[2024-01-14T15:04:32.948+0000] {processor.py:154} INFO - Started process (PID=605) to work on /home/airflow/.local/lib/python3.7/site-packages/airflow/example_dags/example_subdag_operator.py
[2024-01-14T15:04:32.949+0000] {processor.py:756} INFO - Processing file /home/airflow/.local/lib/python3.7/site-packages/airflow/example_dags/example_subdag_operator.py for tasks to queue
[2024-01-14T15:04:32.950+0000] {logging_mixin.py:120} INFO - [2024-01-14T15:04:32.950+0000] {dagbag.py:537} INFO - Filling up the DagBag from /home/airflow/.local/lib/python3.7/site-packages/airflow/example_dags/example_subdag_operator.py
[2024-01-14T15:04:32.981+0000] {processor.py:766} INFO - DAG(s) dict_keys(['example_subdag_operator.section-1', 'example_subdag_operator.section-2', 'example_subdag_operator']) retrieved from /home/airflow/.local/lib/python3.7/site-packages/airflow/example_dags/example_subdag_operator.py
[2024-01-14T15:04:33.081+0000] {logging_mixin.py:120} INFO - [2024-01-14T15:04:33.081+0000] {dag.py:2585} INFO - Sync 3 DAGs
[2024-01-14T15:04:33.096+0000] {logging_mixin.py:120} INFO - [2024-01-14T15:04:33.096+0000] {dag.py:3340} INFO - Setting next_dagrun for example_subdag_operator to 2022-01-01T00:00:00+00:00, run_after=2022-01-01T00:00:00+00:00
[2024-01-14T15:04:33.098+0000] {logging_mixin.py:120} INFO - [2024-01-14T15:04:33.097+0000] {dag.py:3340} INFO - Setting next_dagrun for example_subdag_operator.section-1 to None, run_after=None
[2024-01-14T15:04:33.098+0000] {logging_mixin.py:120} INFO - [2024-01-14T15:04:33.098+0000] {dag.py:3340} INFO - Setting next_dagrun for example_subdag_operator.section-2 to None, run_after=None
[2024-01-14T15:04:33.102+0000] {logging_mixin.py:120} INFO - [2024-01-14T15:04:33.102+0000] {dag.py:2585} INFO - Sync 2 DAGs
[2024-01-14T15:04:33.106+0000] {logging_mixin.py:120} INFO - [2024-01-14T15:04:33.106+0000] {dag.py:3340} INFO - Setting next_dagrun for example_subdag_operator.section-1 to None, run_after=None
[2024-01-14T15:04:33.106+0000] {logging_mixin.py:120} INFO - [2024-01-14T15:04:33.106+0000] {dag.py:3340} INFO - Setting next_dagrun for example_subdag_operator.section-2 to None, run_after=None
[2024-01-14T15:04:33.112+0000] {processor.py:176} INFO - Processing /home/airflow/.local/lib/python3.7/site-packages/airflow/example_dags/example_subdag_operator.py took 0.171 seconds
[2024-01-14T15:05:03.179+0000] {processor.py:154} INFO - Started process (PID=659) to work on /home/airflow/.local/lib/python3.7/site-packages/airflow/example_dags/example_subdag_operator.py
[2024-01-14T15:05:03.181+0000] {processor.py:756} INFO - Processing file /home/airflow/.local/lib/python3.7/site-packages/airflow/example_dags/example_subdag_operator.py for tasks to queue
[2024-01-14T15:05:03.183+0000] {logging_mixin.py:120} INFO - [2024-01-14T15:05:03.182+0000] {dagbag.py:537} INFO - Filling up the DagBag from /home/airflow/.local/lib/python3.7/site-packages/airflow/example_dags/example_subdag_operator.py
[2024-01-14T15:05:03.213+0000] {processor.py:766} INFO - DAG(s) dict_keys(['example_subdag_operator.section-1', 'example_subdag_operator.section-2', 'example_subdag_operator']) retrieved from /home/airflow/.local/lib/python3.7/site-packages/airflow/example_dags/example_subdag_operator.py
[2024-01-14T15:05:03.316+0000] {logging_mixin.py:120} INFO - [2024-01-14T15:05:03.316+0000] {dag.py:2585} INFO - Sync 3 DAGs
[2024-01-14T15:05:03.331+0000] {logging_mixin.py:120} INFO - [2024-01-14T15:05:03.331+0000] {dag.py:3340} INFO - Setting next_dagrun for example_subdag_operator to 2022-01-01T00:00:00+00:00, run_after=2022-01-01T00:00:00+00:00
[2024-01-14T15:05:03.334+0000] {logging_mixin.py:120} INFO - [2024-01-14T15:05:03.334+0000] {dag.py:3340} INFO - Setting next_dagrun for example_subdag_operator.section-1 to None, run_after=None
[2024-01-14T15:05:03.334+0000] {logging_mixin.py:120} INFO - [2024-01-14T15:05:03.334+0000] {dag.py:3340} INFO - Setting next_dagrun for example_subdag_operator.section-2 to None, run_after=None
[2024-01-14T15:05:03.339+0000] {logging_mixin.py:120} INFO - [2024-01-14T15:05:03.339+0000] {dag.py:2585} INFO - Sync 2 DAGs
[2024-01-14T15:05:03.342+0000] {logging_mixin.py:120} INFO - [2024-01-14T15:05:03.342+0000] {dag.py:3340} INFO - Setting next_dagrun for example_subdag_operator.section-1 to None, run_after=None
[2024-01-14T15:05:03.342+0000] {logging_mixin.py:120} INFO - [2024-01-14T15:05:03.342+0000] {dag.py:3340} INFO - Setting next_dagrun for example_subdag_operator.section-2 to None, run_after=None
[2024-01-14T15:05:03.354+0000] {processor.py:176} INFO - Processing /home/airflow/.local/lib/python3.7/site-packages/airflow/example_dags/example_subdag_operator.py took 0.181 seconds
[2024-01-14T15:05:34.318+0000] {processor.py:154} INFO - Started process (PID=722) to work on /home/airflow/.local/lib/python3.7/site-packages/airflow/example_dags/example_subdag_operator.py
[2024-01-14T15:05:34.320+0000] {processor.py:756} INFO - Processing file /home/airflow/.local/lib/python3.7/site-packages/airflow/example_dags/example_subdag_operator.py for tasks to queue
[2024-01-14T15:05:34.321+0000] {logging_mixin.py:120} INFO - [2024-01-14T15:05:34.321+0000] {dagbag.py:537} INFO - Filling up the DagBag from /home/airflow/.local/lib/python3.7/site-packages/airflow/example_dags/example_subdag_operator.py
[2024-01-14T15:05:34.353+0000] {processor.py:766} INFO - DAG(s) dict_keys(['example_subdag_operator.section-1', 'example_subdag_operator.section-2', 'example_subdag_operator']) retrieved from /home/airflow/.local/lib/python3.7/site-packages/airflow/example_dags/example_subdag_operator.py
[2024-01-14T15:05:34.454+0000] {logging_mixin.py:120} INFO - [2024-01-14T15:05:34.454+0000] {dag.py:2585} INFO - Sync 3 DAGs
[2024-01-14T15:05:34.469+0000] {logging_mixin.py:120} INFO - [2024-01-14T15:05:34.468+0000] {dag.py:3340} INFO - Setting next_dagrun for example_subdag_operator to 2022-01-01T00:00:00+00:00, run_after=2022-01-01T00:00:00+00:00
[2024-01-14T15:05:34.471+0000] {logging_mixin.py:120} INFO - [2024-01-14T15:05:34.471+0000] {dag.py:3340} INFO - Setting next_dagrun for example_subdag_operator.section-1 to None, run_after=None
[2024-01-14T15:05:34.472+0000] {logging_mixin.py:120} INFO - [2024-01-14T15:05:34.472+0000] {dag.py:3340} INFO - Setting next_dagrun for example_subdag_operator.section-2 to None, run_after=None
[2024-01-14T15:05:34.477+0000] {logging_mixin.py:120} INFO - [2024-01-14T15:05:34.477+0000] {dag.py:2585} INFO - Sync 2 DAGs
[2024-01-14T15:05:34.481+0000] {logging_mixin.py:120} INFO - [2024-01-14T15:05:34.481+0000] {dag.py:3340} INFO - Setting next_dagrun for example_subdag_operator.section-1 to None, run_after=None
[2024-01-14T15:05:34.481+0000] {logging_mixin.py:120} INFO - [2024-01-14T15:05:34.481+0000] {dag.py:3340} INFO - Setting next_dagrun for example_subdag_operator.section-2 to None, run_after=None
[2024-01-14T15:05:34.487+0000] {processor.py:176} INFO - Processing /home/airflow/.local/lib/python3.7/site-packages/airflow/example_dags/example_subdag_operator.py took 0.176 seconds
[2024-01-14T15:06:05.199+0000] {processor.py:154} INFO - Started process (PID=785) to work on /home/airflow/.local/lib/python3.7/site-packages/airflow/example_dags/example_subdag_operator.py
[2024-01-14T15:06:05.200+0000] {processor.py:756} INFO - Processing file /home/airflow/.local/lib/python3.7/site-packages/airflow/example_dags/example_subdag_operator.py for tasks to queue
[2024-01-14T15:06:05.201+0000] {logging_mixin.py:120} INFO - [2024-01-14T15:06:05.201+0000] {dagbag.py:537} INFO - Filling up the DagBag from /home/airflow/.local/lib/python3.7/site-packages/airflow/example_dags/example_subdag_operator.py
[2024-01-14T15:06:05.231+0000] {processor.py:766} INFO - DAG(s) dict_keys(['example_subdag_operator.section-1', 'example_subdag_operator.section-2', 'example_subdag_operator']) retrieved from /home/airflow/.local/lib/python3.7/site-packages/airflow/example_dags/example_subdag_operator.py
[2024-01-14T15:06:05.332+0000] {logging_mixin.py:120} INFO - [2024-01-14T15:06:05.332+0000] {dag.py:2585} INFO - Sync 3 DAGs
[2024-01-14T15:06:05.346+0000] {logging_mixin.py:120} INFO - [2024-01-14T15:06:05.346+0000] {dag.py:3340} INFO - Setting next_dagrun for example_subdag_operator to 2022-01-01T00:00:00+00:00, run_after=2022-01-01T00:00:00+00:00
[2024-01-14T15:06:05.348+0000] {logging_mixin.py:120} INFO - [2024-01-14T15:06:05.348+0000] {dag.py:3340} INFO - Setting next_dagrun for example_subdag_operator.section-1 to None, run_after=None
[2024-01-14T15:06:05.349+0000] {logging_mixin.py:120} INFO - [2024-01-14T15:06:05.349+0000] {dag.py:3340} INFO - Setting next_dagrun for example_subdag_operator.section-2 to None, run_after=None
[2024-01-14T15:06:05.354+0000] {logging_mixin.py:120} INFO - [2024-01-14T15:06:05.354+0000] {dag.py:2585} INFO - Sync 2 DAGs
[2024-01-14T15:06:05.357+0000] {logging_mixin.py:120} INFO - [2024-01-14T15:06:05.357+0000] {dag.py:3340} INFO - Setting next_dagrun for example_subdag_operator.section-1 to None, run_after=None
[2024-01-14T15:06:05.357+0000] {logging_mixin.py:120} INFO - [2024-01-14T15:06:05.357+0000] {dag.py:3340} INFO - Setting next_dagrun for example_subdag_operator.section-2 to None, run_after=None
[2024-01-14T15:06:05.363+0000] {processor.py:176} INFO - Processing /home/airflow/.local/lib/python3.7/site-packages/airflow/example_dags/example_subdag_operator.py took 0.171 seconds
[2024-01-14T15:06:36.162+0000] {processor.py:154} INFO - Started process (PID=848) to work on /home/airflow/.local/lib/python3.7/site-packages/airflow/example_dags/example_subdag_operator.py
[2024-01-14T15:06:36.163+0000] {processor.py:756} INFO - Processing file /home/airflow/.local/lib/python3.7/site-packages/airflow/example_dags/example_subdag_operator.py for tasks to queue
[2024-01-14T15:06:36.164+0000] {logging_mixin.py:120} INFO - [2024-01-14T15:06:36.164+0000] {dagbag.py:537} INFO - Filling up the DagBag from /home/airflow/.local/lib/python3.7/site-packages/airflow/example_dags/example_subdag_operator.py
[2024-01-14T15:06:36.198+0000] {processor.py:766} INFO - DAG(s) dict_keys(['example_subdag_operator.section-1', 'example_subdag_operator.section-2', 'example_subdag_operator']) retrieved from /home/airflow/.local/lib/python3.7/site-packages/airflow/example_dags/example_subdag_operator.py
[2024-01-14T15:06:36.304+0000] {logging_mixin.py:120} INFO - [2024-01-14T15:06:36.304+0000] {dag.py:2585} INFO - Sync 3 DAGs
[2024-01-14T15:06:36.320+0000] {logging_mixin.py:120} INFO - [2024-01-14T15:06:36.320+0000] {dag.py:3340} INFO - Setting next_dagrun for example_subdag_operator to 2022-01-01T00:00:00+00:00, run_after=2022-01-01T00:00:00+00:00
[2024-01-14T15:06:36.323+0000] {logging_mixin.py:120} INFO - [2024-01-14T15:06:36.322+0000] {dag.py:3340} INFO - Setting next_dagrun for example_subdag_operator.section-1 to None, run_after=None
[2024-01-14T15:06:36.323+0000] {logging_mixin.py:120} INFO - [2024-01-14T15:06:36.323+0000] {dag.py:3340} INFO - Setting next_dagrun for example_subdag_operator.section-2 to None, run_after=None
[2024-01-14T15:06:36.328+0000] {logging_mixin.py:120} INFO - [2024-01-14T15:06:36.328+0000] {dag.py:2585} INFO - Sync 2 DAGs
[2024-01-14T15:06:36.332+0000] {logging_mixin.py:120} INFO - [2024-01-14T15:06:36.331+0000] {dag.py:3340} INFO - Setting next_dagrun for example_subdag_operator.section-1 to None, run_after=None
[2024-01-14T15:06:36.332+0000] {logging_mixin.py:120} INFO - [2024-01-14T15:06:36.332+0000] {dag.py:3340} INFO - Setting next_dagrun for example_subdag_operator.section-2 to None, run_after=None
[2024-01-14T15:06:36.339+0000] {processor.py:176} INFO - Processing /home/airflow/.local/lib/python3.7/site-packages/airflow/example_dags/example_subdag_operator.py took 0.183 seconds
[2024-01-14T15:07:06.374+0000] {processor.py:154} INFO - Started process (PID=912) to work on /home/airflow/.local/lib/python3.7/site-packages/airflow/example_dags/example_subdag_operator.py
[2024-01-14T15:07:06.375+0000] {processor.py:756} INFO - Processing file /home/airflow/.local/lib/python3.7/site-packages/airflow/example_dags/example_subdag_operator.py for tasks to queue
[2024-01-14T15:07:06.376+0000] {logging_mixin.py:120} INFO - [2024-01-14T15:07:06.376+0000] {dagbag.py:537} INFO - Filling up the DagBag from /home/airflow/.local/lib/python3.7/site-packages/airflow/example_dags/example_subdag_operator.py
[2024-01-14T15:07:06.402+0000] {processor.py:766} INFO - DAG(s) dict_keys(['example_subdag_operator.section-1', 'example_subdag_operator.section-2', 'example_subdag_operator']) retrieved from /home/airflow/.local/lib/python3.7/site-packages/airflow/example_dags/example_subdag_operator.py
[2024-01-14T15:07:06.504+0000] {logging_mixin.py:120} INFO - [2024-01-14T15:07:06.504+0000] {dag.py:2585} INFO - Sync 3 DAGs
[2024-01-14T15:07:06.519+0000] {logging_mixin.py:120} INFO - [2024-01-14T15:07:06.519+0000] {dag.py:3340} INFO - Setting next_dagrun for example_subdag_operator to 2022-01-01T00:00:00+00:00, run_after=2022-01-01T00:00:00+00:00
[2024-01-14T15:07:06.521+0000] {logging_mixin.py:120} INFO - [2024-01-14T15:07:06.521+0000] {dag.py:3340} INFO - Setting next_dagrun for example_subdag_operator.section-1 to None, run_after=None
[2024-01-14T15:07:06.522+0000] {logging_mixin.py:120} INFO - [2024-01-14T15:07:06.521+0000] {dag.py:3340} INFO - Setting next_dagrun for example_subdag_operator.section-2 to None, run_after=None
[2024-01-14T15:07:06.526+0000] {logging_mixin.py:120} INFO - [2024-01-14T15:07:06.526+0000] {dag.py:2585} INFO - Sync 2 DAGs
[2024-01-14T15:07:06.530+0000] {logging_mixin.py:120} INFO - [2024-01-14T15:07:06.530+0000] {dag.py:3340} INFO - Setting next_dagrun for example_subdag_operator.section-1 to None, run_after=None
[2024-01-14T15:07:06.530+0000] {logging_mixin.py:120} INFO - [2024-01-14T15:07:06.530+0000] {dag.py:3340} INFO - Setting next_dagrun for example_subdag_operator.section-2 to None, run_after=None
[2024-01-14T15:07:06.536+0000] {processor.py:176} INFO - Processing /home/airflow/.local/lib/python3.7/site-packages/airflow/example_dags/example_subdag_operator.py took 0.166 seconds
[2024-01-14T15:07:37.183+0000] {processor.py:154} INFO - Started process (PID=973) to work on /home/airflow/.local/lib/python3.7/site-packages/airflow/example_dags/example_subdag_operator.py
[2024-01-14T15:07:37.185+0000] {processor.py:756} INFO - Processing file /home/airflow/.local/lib/python3.7/site-packages/airflow/example_dags/example_subdag_operator.py for tasks to queue
[2024-01-14T15:07:37.187+0000] {logging_mixin.py:120} INFO - [2024-01-14T15:07:37.187+0000] {dagbag.py:537} INFO - Filling up the DagBag from /home/airflow/.local/lib/python3.7/site-packages/airflow/example_dags/example_subdag_operator.py
[2024-01-14T15:07:37.219+0000] {processor.py:766} INFO - DAG(s) dict_keys(['example_subdag_operator.section-1', 'example_subdag_operator.section-2', 'example_subdag_operator']) retrieved from /home/airflow/.local/lib/python3.7/site-packages/airflow/example_dags/example_subdag_operator.py
[2024-01-14T15:07:37.325+0000] {logging_mixin.py:120} INFO - [2024-01-14T15:07:37.325+0000] {dag.py:2585} INFO - Sync 3 DAGs
[2024-01-14T15:07:37.340+0000] {logging_mixin.py:120} INFO - [2024-01-14T15:07:37.340+0000] {dag.py:3340} INFO - Setting next_dagrun for example_subdag_operator to 2022-01-01T00:00:00+00:00, run_after=2022-01-01T00:00:00+00:00
[2024-01-14T15:07:37.342+0000] {logging_mixin.py:120} INFO - [2024-01-14T15:07:37.342+0000] {dag.py:3340} INFO - Setting next_dagrun for example_subdag_operator.section-1 to None, run_after=None
[2024-01-14T15:07:37.343+0000] {logging_mixin.py:120} INFO - [2024-01-14T15:07:37.343+0000] {dag.py:3340} INFO - Setting next_dagrun for example_subdag_operator.section-2 to None, run_after=None
[2024-01-14T15:07:37.347+0000] {logging_mixin.py:120} INFO - [2024-01-14T15:07:37.347+0000] {dag.py:2585} INFO - Sync 2 DAGs
[2024-01-14T15:07:37.351+0000] {logging_mixin.py:120} INFO - [2024-01-14T15:07:37.350+0000] {dag.py:3340} INFO - Setting next_dagrun for example_subdag_operator.section-1 to None, run_after=None
[2024-01-14T15:07:37.351+0000] {logging_mixin.py:120} INFO - [2024-01-14T15:07:37.351+0000] {dag.py:3340} INFO - Setting next_dagrun for example_subdag_operator.section-2 to None, run_after=None
[2024-01-14T15:07:37.357+0000] {processor.py:176} INFO - Processing /home/airflow/.local/lib/python3.7/site-packages/airflow/example_dags/example_subdag_operator.py took 0.180 seconds
[2024-01-14T15:08:07.400+0000] {processor.py:154} INFO - Started process (PID=1036) to work on /home/airflow/.local/lib/python3.7/site-packages/airflow/example_dags/example_subdag_operator.py
[2024-01-14T15:08:07.401+0000] {processor.py:756} INFO - Processing file /home/airflow/.local/lib/python3.7/site-packages/airflow/example_dags/example_subdag_operator.py for tasks to queue
[2024-01-14T15:08:07.402+0000] {logging_mixin.py:120} INFO - [2024-01-14T15:08:07.401+0000] {dagbag.py:537} INFO - Filling up the DagBag from /home/airflow/.local/lib/python3.7/site-packages/airflow/example_dags/example_subdag_operator.py
[2024-01-14T15:08:07.424+0000] {processor.py:766} INFO - DAG(s) dict_keys(['example_subdag_operator.section-1', 'example_subdag_operator.section-2', 'example_subdag_operator']) retrieved from /home/airflow/.local/lib/python3.7/site-packages/airflow/example_dags/example_subdag_operator.py
[2024-01-14T15:08:07.538+0000] {logging_mixin.py:120} INFO - [2024-01-14T15:08:07.538+0000] {dag.py:2585} INFO - Sync 3 DAGs
[2024-01-14T15:08:07.556+0000] {logging_mixin.py:120} INFO - [2024-01-14T15:08:07.556+0000] {dag.py:3340} INFO - Setting next_dagrun for example_subdag_operator to 2022-01-01T00:00:00+00:00, run_after=2022-01-01T00:00:00+00:00
[2024-01-14T15:08:07.560+0000] {logging_mixin.py:120} INFO - [2024-01-14T15:08:07.560+0000] {dag.py:3340} INFO - Setting next_dagrun for example_subdag_operator.section-1 to None, run_after=None
[2024-01-14T15:08:07.561+0000] {logging_mixin.py:120} INFO - [2024-01-14T15:08:07.561+0000] {dag.py:3340} INFO - Setting next_dagrun for example_subdag_operator.section-2 to None, run_after=None
[2024-01-14T15:08:07.566+0000] {logging_mixin.py:120} INFO - [2024-01-14T15:08:07.566+0000] {dag.py:2585} INFO - Sync 2 DAGs
[2024-01-14T15:08:07.570+0000] {logging_mixin.py:120} INFO - [2024-01-14T15:08:07.570+0000] {dag.py:3340} INFO - Setting next_dagrun for example_subdag_operator.section-1 to None, run_after=None
[2024-01-14T15:08:07.571+0000] {logging_mixin.py:120} INFO - [2024-01-14T15:08:07.571+0000] {dag.py:3340} INFO - Setting next_dagrun for example_subdag_operator.section-2 to None, run_after=None
[2024-01-14T15:08:07.579+0000] {processor.py:176} INFO - Processing /home/airflow/.local/lib/python3.7/site-packages/airflow/example_dags/example_subdag_operator.py took 0.181 seconds
[2024-01-14T15:08:38.469+0000] {processor.py:154} INFO - Started process (PID=1090) to work on /home/airflow/.local/lib/python3.7/site-packages/airflow/example_dags/example_subdag_operator.py
[2024-01-14T15:08:38.470+0000] {processor.py:756} INFO - Processing file /home/airflow/.local/lib/python3.7/site-packages/airflow/example_dags/example_subdag_operator.py for tasks to queue
[2024-01-14T15:08:38.472+0000] {logging_mixin.py:120} INFO - [2024-01-14T15:08:38.471+0000] {dagbag.py:537} INFO - Filling up the DagBag from /home/airflow/.local/lib/python3.7/site-packages/airflow/example_dags/example_subdag_operator.py
[2024-01-14T15:08:38.501+0000] {processor.py:766} INFO - DAG(s) dict_keys(['example_subdag_operator.section-1', 'example_subdag_operator.section-2', 'example_subdag_operator']) retrieved from /home/airflow/.local/lib/python3.7/site-packages/airflow/example_dags/example_subdag_operator.py
[2024-01-14T15:08:38.602+0000] {logging_mixin.py:120} INFO - [2024-01-14T15:08:38.602+0000] {dag.py:2585} INFO - Sync 3 DAGs
[2024-01-14T15:08:38.617+0000] {logging_mixin.py:120} INFO - [2024-01-14T15:08:38.617+0000] {dag.py:3340} INFO - Setting next_dagrun for example_subdag_operator to 2022-01-01T00:00:00+00:00, run_after=2022-01-01T00:00:00+00:00
[2024-01-14T15:08:38.619+0000] {logging_mixin.py:120} INFO - [2024-01-14T15:08:38.619+0000] {dag.py:3340} INFO - Setting next_dagrun for example_subdag_operator.section-1 to None, run_after=None
[2024-01-14T15:08:38.620+0000] {logging_mixin.py:120} INFO - [2024-01-14T15:08:38.620+0000] {dag.py:3340} INFO - Setting next_dagrun for example_subdag_operator.section-2 to None, run_after=None
[2024-01-14T15:08:38.624+0000] {logging_mixin.py:120} INFO - [2024-01-14T15:08:38.624+0000] {dag.py:2585} INFO - Sync 2 DAGs
[2024-01-14T15:08:38.627+0000] {logging_mixin.py:120} INFO - [2024-01-14T15:08:38.627+0000] {dag.py:3340} INFO - Setting next_dagrun for example_subdag_operator.section-1 to None, run_after=None
[2024-01-14T15:08:38.628+0000] {logging_mixin.py:120} INFO - [2024-01-14T15:08:38.628+0000] {dag.py:3340} INFO - Setting next_dagrun for example_subdag_operator.section-2 to None, run_after=None
[2024-01-14T15:08:38.634+0000] {processor.py:176} INFO - Processing /home/airflow/.local/lib/python3.7/site-packages/airflow/example_dags/example_subdag_operator.py took 0.171 seconds
[2024-01-14T15:09:09.410+0000] {processor.py:154} INFO - Started process (PID=1153) to work on /home/airflow/.local/lib/python3.7/site-packages/airflow/example_dags/example_subdag_operator.py
[2024-01-14T15:09:09.411+0000] {processor.py:756} INFO - Processing file /home/airflow/.local/lib/python3.7/site-packages/airflow/example_dags/example_subdag_operator.py for tasks to queue
[2024-01-14T15:09:09.412+0000] {logging_mixin.py:120} INFO - [2024-01-14T15:09:09.412+0000] {dagbag.py:537} INFO - Filling up the DagBag from /home/airflow/.local/lib/python3.7/site-packages/airflow/example_dags/example_subdag_operator.py
[2024-01-14T15:09:09.437+0000] {processor.py:766} INFO - DAG(s) dict_keys(['example_subdag_operator.section-1', 'example_subdag_operator.section-2', 'example_subdag_operator']) retrieved from /home/airflow/.local/lib/python3.7/site-packages/airflow/example_dags/example_subdag_operator.py
[2024-01-14T15:09:09.543+0000] {logging_mixin.py:120} INFO - [2024-01-14T15:09:09.543+0000] {dag.py:2585} INFO - Sync 3 DAGs
[2024-01-14T15:09:09.558+0000] {logging_mixin.py:120} INFO - [2024-01-14T15:09:09.558+0000] {dag.py:3340} INFO - Setting next_dagrun for example_subdag_operator to 2022-01-01T00:00:00+00:00, run_after=2022-01-01T00:00:00+00:00
[2024-01-14T15:09:09.560+0000] {logging_mixin.py:120} INFO - [2024-01-14T15:09:09.560+0000] {dag.py:3340} INFO - Setting next_dagrun for example_subdag_operator.section-1 to None, run_after=None
[2024-01-14T15:09:09.561+0000] {logging_mixin.py:120} INFO - [2024-01-14T15:09:09.561+0000] {dag.py:3340} INFO - Setting next_dagrun for example_subdag_operator.section-2 to None, run_after=None
[2024-01-14T15:09:09.566+0000] {logging_mixin.py:120} INFO - [2024-01-14T15:09:09.566+0000] {dag.py:2585} INFO - Sync 2 DAGs
[2024-01-14T15:09:09.569+0000] {logging_mixin.py:120} INFO - [2024-01-14T15:09:09.569+0000] {dag.py:3340} INFO - Setting next_dagrun for example_subdag_operator.section-1 to None, run_after=None
[2024-01-14T15:09:09.570+0000] {logging_mixin.py:120} INFO - [2024-01-14T15:09:09.570+0000] {dag.py:3340} INFO - Setting next_dagrun for example_subdag_operator.section-2 to None, run_after=None
[2024-01-14T15:09:09.576+0000] {processor.py:176} INFO - Processing /home/airflow/.local/lib/python3.7/site-packages/airflow/example_dags/example_subdag_operator.py took 0.168 seconds
[2024-01-14T15:09:40.345+0000] {processor.py:154} INFO - Started process (PID=1216) to work on /home/airflow/.local/lib/python3.7/site-packages/airflow/example_dags/example_subdag_operator.py
[2024-01-14T15:09:40.347+0000] {processor.py:756} INFO - Processing file /home/airflow/.local/lib/python3.7/site-packages/airflow/example_dags/example_subdag_operator.py for tasks to queue
[2024-01-14T15:09:40.348+0000] {logging_mixin.py:120} INFO - [2024-01-14T15:09:40.348+0000] {dagbag.py:537} INFO - Filling up the DagBag from /home/airflow/.local/lib/python3.7/site-packages/airflow/example_dags/example_subdag_operator.py
[2024-01-14T15:09:40.378+0000] {processor.py:766} INFO - DAG(s) dict_keys(['example_subdag_operator.section-1', 'example_subdag_operator.section-2', 'example_subdag_operator']) retrieved from /home/airflow/.local/lib/python3.7/site-packages/airflow/example_dags/example_subdag_operator.py
[2024-01-14T15:09:40.479+0000] {logging_mixin.py:120} INFO - [2024-01-14T15:09:40.479+0000] {dag.py:2585} INFO - Sync 3 DAGs
[2024-01-14T15:09:40.495+0000] {logging_mixin.py:120} INFO - [2024-01-14T15:09:40.495+0000] {dag.py:3340} INFO - Setting next_dagrun for example_subdag_operator to 2022-01-01T00:00:00+00:00, run_after=2022-01-01T00:00:00+00:00
[2024-01-14T15:09:40.498+0000] {logging_mixin.py:120} INFO - [2024-01-14T15:09:40.498+0000] {dag.py:3340} INFO - Setting next_dagrun for example_subdag_operator.section-1 to None, run_after=None
[2024-01-14T15:09:40.498+0000] {logging_mixin.py:120} INFO - [2024-01-14T15:09:40.498+0000] {dag.py:3340} INFO - Setting next_dagrun for example_subdag_operator.section-2 to None, run_after=None
[2024-01-14T15:09:40.503+0000] {logging_mixin.py:120} INFO - [2024-01-14T15:09:40.503+0000] {dag.py:2585} INFO - Sync 2 DAGs
[2024-01-14T15:09:40.507+0000] {logging_mixin.py:120} INFO - [2024-01-14T15:09:40.507+0000] {dag.py:3340} INFO - Setting next_dagrun for example_subdag_operator.section-1 to None, run_after=None
[2024-01-14T15:09:40.507+0000] {logging_mixin.py:120} INFO - [2024-01-14T15:09:40.507+0000] {dag.py:3340} INFO - Setting next_dagrun for example_subdag_operator.section-2 to None, run_after=None
[2024-01-14T15:09:40.513+0000] {processor.py:176} INFO - Processing /home/airflow/.local/lib/python3.7/site-packages/airflow/example_dags/example_subdag_operator.py took 0.174 seconds
[2024-01-14T15:10:11.377+0000] {processor.py:154} INFO - Started process (PID=1279) to work on /home/airflow/.local/lib/python3.7/site-packages/airflow/example_dags/example_subdag_operator.py
[2024-01-14T15:10:11.379+0000] {processor.py:756} INFO - Processing file /home/airflow/.local/lib/python3.7/site-packages/airflow/example_dags/example_subdag_operator.py for tasks to queue
[2024-01-14T15:10:11.380+0000] {logging_mixin.py:120} INFO - [2024-01-14T15:10:11.380+0000] {dagbag.py:537} INFO - Filling up the DagBag from /home/airflow/.local/lib/python3.7/site-packages/airflow/example_dags/example_subdag_operator.py
[2024-01-14T15:10:11.410+0000] {processor.py:766} INFO - DAG(s) dict_keys(['example_subdag_operator.section-1', 'example_subdag_operator.section-2', 'example_subdag_operator']) retrieved from /home/airflow/.local/lib/python3.7/site-packages/airflow/example_dags/example_subdag_operator.py
[2024-01-14T15:10:11.513+0000] {logging_mixin.py:120} INFO - [2024-01-14T15:10:11.513+0000] {dag.py:2585} INFO - Sync 3 DAGs
[2024-01-14T15:10:11.527+0000] {logging_mixin.py:120} INFO - [2024-01-14T15:10:11.527+0000] {dag.py:3340} INFO - Setting next_dagrun for example_subdag_operator to 2022-01-01T00:00:00+00:00, run_after=2022-01-01T00:00:00+00:00
[2024-01-14T15:10:11.529+0000] {logging_mixin.py:120} INFO - [2024-01-14T15:10:11.529+0000] {dag.py:3340} INFO - Setting next_dagrun for example_subdag_operator.section-1 to None, run_after=None
[2024-01-14T15:10:11.530+0000] {logging_mixin.py:120} INFO - [2024-01-14T15:10:11.530+0000] {dag.py:3340} INFO - Setting next_dagrun for example_subdag_operator.section-2 to None, run_after=None
[2024-01-14T15:10:11.535+0000] {logging_mixin.py:120} INFO - [2024-01-14T15:10:11.535+0000] {dag.py:2585} INFO - Sync 2 DAGs
[2024-01-14T15:10:11.539+0000] {logging_mixin.py:120} INFO - [2024-01-14T15:10:11.539+0000] {dag.py:3340} INFO - Setting next_dagrun for example_subdag_operator.section-1 to None, run_after=None
[2024-01-14T15:10:11.539+0000] {logging_mixin.py:120} INFO - [2024-01-14T15:10:11.539+0000] {dag.py:3340} INFO - Setting next_dagrun for example_subdag_operator.section-2 to None, run_after=None
[2024-01-14T15:10:11.546+0000] {processor.py:176} INFO - Processing /home/airflow/.local/lib/python3.7/site-packages/airflow/example_dags/example_subdag_operator.py took 0.175 seconds
[2024-01-14T15:10:42.225+0000] {processor.py:154} INFO - Started process (PID=1342) to work on /home/airflow/.local/lib/python3.7/site-packages/airflow/example_dags/example_subdag_operator.py
[2024-01-14T15:10:42.227+0000] {processor.py:756} INFO - Processing file /home/airflow/.local/lib/python3.7/site-packages/airflow/example_dags/example_subdag_operator.py for tasks to queue
[2024-01-14T15:10:42.228+0000] {logging_mixin.py:120} INFO - [2024-01-14T15:10:42.228+0000] {dagbag.py:537} INFO - Filling up the DagBag from /home/airflow/.local/lib/python3.7/site-packages/airflow/example_dags/example_subdag_operator.py
[2024-01-14T15:10:42.259+0000] {processor.py:766} INFO - DAG(s) dict_keys(['example_subdag_operator.section-1', 'example_subdag_operator.section-2', 'example_subdag_operator']) retrieved from /home/airflow/.local/lib/python3.7/site-packages/airflow/example_dags/example_subdag_operator.py
[2024-01-14T15:10:42.366+0000] {logging_mixin.py:120} INFO - [2024-01-14T15:10:42.366+0000] {dag.py:2585} INFO - Sync 3 DAGs
[2024-01-14T15:10:42.382+0000] {logging_mixin.py:120} INFO - [2024-01-14T15:10:42.382+0000] {dag.py:3340} INFO - Setting next_dagrun for example_subdag_operator to 2022-01-01T00:00:00+00:00, run_after=2022-01-01T00:00:00+00:00
[2024-01-14T15:10:42.384+0000] {logging_mixin.py:120} INFO - [2024-01-14T15:10:42.384+0000] {dag.py:3340} INFO - Setting next_dagrun for example_subdag_operator.section-1 to None, run_after=None
[2024-01-14T15:10:42.385+0000] {logging_mixin.py:120} INFO - [2024-01-14T15:10:42.385+0000] {dag.py:3340} INFO - Setting next_dagrun for example_subdag_operator.section-2 to None, run_after=None
[2024-01-14T15:10:42.390+0000] {logging_mixin.py:120} INFO - [2024-01-14T15:10:42.390+0000] {dag.py:2585} INFO - Sync 2 DAGs
[2024-01-14T15:10:42.394+0000] {logging_mixin.py:120} INFO - [2024-01-14T15:10:42.394+0000] {dag.py:3340} INFO - Setting next_dagrun for example_subdag_operator.section-1 to None, run_after=None
[2024-01-14T15:10:42.394+0000] {logging_mixin.py:120} INFO - [2024-01-14T15:10:42.394+0000] {dag.py:3340} INFO - Setting next_dagrun for example_subdag_operator.section-2 to None, run_after=None
[2024-01-14T15:10:42.400+0000] {processor.py:176} INFO - Processing /home/airflow/.local/lib/python3.7/site-packages/airflow/example_dags/example_subdag_operator.py took 0.181 seconds
[2024-01-14T15:11:44.279+0000] {processor.py:154} INFO - Started process (PID=1468) to work on /home/airflow/.local/lib/python3.7/site-packages/airflow/example_dags/example_subdag_operator.py
[2024-01-14T15:11:44.280+0000] {processor.py:756} INFO - Processing file /home/airflow/.local/lib/python3.7/site-packages/airflow/example_dags/example_subdag_operator.py for tasks to queue
[2024-01-14T15:11:44.281+0000] {logging_mixin.py:120} INFO - [2024-01-14T15:11:44.280+0000] {dagbag.py:537} INFO - Filling up the DagBag from /home/airflow/.local/lib/python3.7/site-packages/airflow/example_dags/example_subdag_operator.py
[2024-01-14T15:11:44.305+0000] {processor.py:766} INFO - DAG(s) dict_keys(['example_subdag_operator.section-1', 'example_subdag_operator.section-2', 'example_subdag_operator']) retrieved from /home/airflow/.local/lib/python3.7/site-packages/airflow/example_dags/example_subdag_operator.py
[2024-01-14T15:11:44.413+0000] {logging_mixin.py:120} INFO - [2024-01-14T15:11:44.413+0000] {dag.py:2585} INFO - Sync 3 DAGs
[2024-01-14T15:11:44.427+0000] {logging_mixin.py:120} INFO - [2024-01-14T15:11:44.427+0000] {dag.py:3340} INFO - Setting next_dagrun for example_subdag_operator to 2022-01-01T00:00:00+00:00, run_after=2022-01-01T00:00:00+00:00
[2024-01-14T15:11:44.429+0000] {logging_mixin.py:120} INFO - [2024-01-14T15:11:44.429+0000] {dag.py:3340} INFO - Setting next_dagrun for example_subdag_operator.section-1 to None, run_after=None
[2024-01-14T15:11:44.430+0000] {logging_mixin.py:120} INFO - [2024-01-14T15:11:44.430+0000] {dag.py:3340} INFO - Setting next_dagrun for example_subdag_operator.section-2 to None, run_after=None
[2024-01-14T15:11:44.435+0000] {logging_mixin.py:120} INFO - [2024-01-14T15:11:44.435+0000] {dag.py:2585} INFO - Sync 2 DAGs
[2024-01-14T15:11:44.438+0000] {logging_mixin.py:120} INFO - [2024-01-14T15:11:44.438+0000] {dag.py:3340} INFO - Setting next_dagrun for example_subdag_operator.section-1 to None, run_after=None
[2024-01-14T15:11:44.439+0000] {logging_mixin.py:120} INFO - [2024-01-14T15:11:44.439+0000] {dag.py:3340} INFO - Setting next_dagrun for example_subdag_operator.section-2 to None, run_after=None
[2024-01-14T15:11:44.445+0000] {processor.py:176} INFO - Processing /home/airflow/.local/lib/python3.7/site-packages/airflow/example_dags/example_subdag_operator.py took 0.169 seconds
[2024-01-14T15:12:15.347+0000] {processor.py:154} INFO - Started process (PID=1522) to work on /home/airflow/.local/lib/python3.7/site-packages/airflow/example_dags/example_subdag_operator.py
[2024-01-14T15:12:15.348+0000] {processor.py:756} INFO - Processing file /home/airflow/.local/lib/python3.7/site-packages/airflow/example_dags/example_subdag_operator.py for tasks to queue
[2024-01-14T15:12:15.348+0000] {logging_mixin.py:120} INFO - [2024-01-14T15:12:15.348+0000] {dagbag.py:537} INFO - Filling up the DagBag from /home/airflow/.local/lib/python3.7/site-packages/airflow/example_dags/example_subdag_operator.py
[2024-01-14T15:12:15.372+0000] {processor.py:766} INFO - DAG(s) dict_keys(['example_subdag_operator.section-1', 'example_subdag_operator.section-2', 'example_subdag_operator']) retrieved from /home/airflow/.local/lib/python3.7/site-packages/airflow/example_dags/example_subdag_operator.py
[2024-01-14T15:12:15.475+0000] {logging_mixin.py:120} INFO - [2024-01-14T15:12:15.474+0000] {dag.py:2585} INFO - Sync 3 DAGs
[2024-01-14T15:12:15.490+0000] {logging_mixin.py:120} INFO - [2024-01-14T15:12:15.490+0000] {dag.py:3340} INFO - Setting next_dagrun for example_subdag_operator to 2022-01-01T00:00:00+00:00, run_after=2022-01-01T00:00:00+00:00
[2024-01-14T15:12:15.492+0000] {logging_mixin.py:120} INFO - [2024-01-14T15:12:15.492+0000] {dag.py:3340} INFO - Setting next_dagrun for example_subdag_operator.section-1 to None, run_after=None
[2024-01-14T15:12:15.493+0000] {logging_mixin.py:120} INFO - [2024-01-14T15:12:15.492+0000] {dag.py:3340} INFO - Setting next_dagrun for example_subdag_operator.section-2 to None, run_after=None
[2024-01-14T15:12:15.498+0000] {logging_mixin.py:120} INFO - [2024-01-14T15:12:15.497+0000] {dag.py:2585} INFO - Sync 2 DAGs
[2024-01-14T15:12:15.501+0000] {logging_mixin.py:120} INFO - [2024-01-14T15:12:15.501+0000] {dag.py:3340} INFO - Setting next_dagrun for example_subdag_operator.section-1 to None, run_after=None
[2024-01-14T15:12:15.501+0000] {logging_mixin.py:120} INFO - [2024-01-14T15:12:15.501+0000] {dag.py:3340} INFO - Setting next_dagrun for example_subdag_operator.section-2 to None, run_after=None
[2024-01-14T15:12:15.508+0000] {processor.py:176} INFO - Processing /home/airflow/.local/lib/python3.7/site-packages/airflow/example_dags/example_subdag_operator.py took 0.164 seconds
[2024-01-14T15:12:46.194+0000] {processor.py:154} INFO - Started process (PID=1585) to work on /home/airflow/.local/lib/python3.7/site-packages/airflow/example_dags/example_subdag_operator.py
[2024-01-14T15:12:46.196+0000] {processor.py:756} INFO - Processing file /home/airflow/.local/lib/python3.7/site-packages/airflow/example_dags/example_subdag_operator.py for tasks to queue
[2024-01-14T15:12:46.197+0000] {logging_mixin.py:120} INFO - [2024-01-14T15:12:46.197+0000] {dagbag.py:537} INFO - Filling up the DagBag from /home/airflow/.local/lib/python3.7/site-packages/airflow/example_dags/example_subdag_operator.py
[2024-01-14T15:12:46.224+0000] {processor.py:766} INFO - DAG(s) dict_keys(['example_subdag_operator.section-1', 'example_subdag_operator.section-2', 'example_subdag_operator']) retrieved from /home/airflow/.local/lib/python3.7/site-packages/airflow/example_dags/example_subdag_operator.py
[2024-01-14T15:12:46.327+0000] {logging_mixin.py:120} INFO - [2024-01-14T15:12:46.327+0000] {dag.py:2585} INFO - Sync 3 DAGs
[2024-01-14T15:12:46.343+0000] {logging_mixin.py:120} INFO - [2024-01-14T15:12:46.342+0000] {dag.py:3340} INFO - Setting next_dagrun for example_subdag_operator to 2022-01-01T00:00:00+00:00, run_after=2022-01-01T00:00:00+00:00
[2024-01-14T15:12:46.345+0000] {logging_mixin.py:120} INFO - [2024-01-14T15:12:46.345+0000] {dag.py:3340} INFO - Setting next_dagrun for example_subdag_operator.section-1 to None, run_after=None
[2024-01-14T15:12:46.346+0000] {logging_mixin.py:120} INFO - [2024-01-14T15:12:46.346+0000] {dag.py:3340} INFO - Setting next_dagrun for example_subdag_operator.section-2 to None, run_after=None
[2024-01-14T15:12:46.350+0000] {logging_mixin.py:120} INFO - [2024-01-14T15:12:46.350+0000] {dag.py:2585} INFO - Sync 2 DAGs
[2024-01-14T15:12:46.354+0000] {logging_mixin.py:120} INFO - [2024-01-14T15:12:46.354+0000] {dag.py:3340} INFO - Setting next_dagrun for example_subdag_operator.section-1 to None, run_after=None
[2024-01-14T15:12:46.354+0000] {logging_mixin.py:120} INFO - [2024-01-14T15:12:46.354+0000] {dag.py:3340} INFO - Setting next_dagrun for example_subdag_operator.section-2 to None, run_after=None
[2024-01-14T15:12:46.360+0000] {processor.py:176} INFO - Processing /home/airflow/.local/lib/python3.7/site-packages/airflow/example_dags/example_subdag_operator.py took 0.171 seconds
[2024-01-14T15:13:17.153+0000] {processor.py:154} INFO - Started process (PID=1648) to work on /home/airflow/.local/lib/python3.7/site-packages/airflow/example_dags/example_subdag_operator.py
[2024-01-14T15:13:17.155+0000] {processor.py:756} INFO - Processing file /home/airflow/.local/lib/python3.7/site-packages/airflow/example_dags/example_subdag_operator.py for tasks to queue
[2024-01-14T15:13:17.156+0000] {logging_mixin.py:120} INFO - [2024-01-14T15:13:17.156+0000] {dagbag.py:537} INFO - Filling up the DagBag from /home/airflow/.local/lib/python3.7/site-packages/airflow/example_dags/example_subdag_operator.py
[2024-01-14T15:13:17.186+0000] {processor.py:766} INFO - DAG(s) dict_keys(['example_subdag_operator.section-1', 'example_subdag_operator.section-2', 'example_subdag_operator']) retrieved from /home/airflow/.local/lib/python3.7/site-packages/airflow/example_dags/example_subdag_operator.py
[2024-01-14T15:13:17.286+0000] {logging_mixin.py:120} INFO - [2024-01-14T15:13:17.286+0000] {dag.py:2585} INFO - Sync 3 DAGs
[2024-01-14T15:13:17.302+0000] {logging_mixin.py:120} INFO - [2024-01-14T15:13:17.301+0000] {dag.py:3340} INFO - Setting next_dagrun for example_subdag_operator to 2022-01-01T00:00:00+00:00, run_after=2022-01-01T00:00:00+00:00
[2024-01-14T15:13:17.303+0000] {logging_mixin.py:120} INFO - [2024-01-14T15:13:17.303+0000] {dag.py:3340} INFO - Setting next_dagrun for example_subdag_operator.section-1 to None, run_after=None
[2024-01-14T15:13:17.304+0000] {logging_mixin.py:120} INFO - [2024-01-14T15:13:17.304+0000] {dag.py:3340} INFO - Setting next_dagrun for example_subdag_operator.section-2 to None, run_after=None
[2024-01-14T15:13:17.308+0000] {logging_mixin.py:120} INFO - [2024-01-14T15:13:17.308+0000] {dag.py:2585} INFO - Sync 2 DAGs
[2024-01-14T15:13:17.312+0000] {logging_mixin.py:120} INFO - [2024-01-14T15:13:17.312+0000] {dag.py:3340} INFO - Setting next_dagrun for example_subdag_operator.section-1 to None, run_after=None
[2024-01-14T15:13:17.312+0000] {logging_mixin.py:120} INFO - [2024-01-14T15:13:17.312+0000] {dag.py:3340} INFO - Setting next_dagrun for example_subdag_operator.section-2 to None, run_after=None
[2024-01-14T15:13:17.319+0000] {processor.py:176} INFO - Processing /home/airflow/.local/lib/python3.7/site-packages/airflow/example_dags/example_subdag_operator.py took 0.172 seconds
[2024-01-14T15:13:48.123+0000] {processor.py:154} INFO - Started process (PID=1711) to work on /home/airflow/.local/lib/python3.7/site-packages/airflow/example_dags/example_subdag_operator.py
[2024-01-14T15:13:48.125+0000] {processor.py:756} INFO - Processing file /home/airflow/.local/lib/python3.7/site-packages/airflow/example_dags/example_subdag_operator.py for tasks to queue
[2024-01-14T15:13:48.126+0000] {logging_mixin.py:120} INFO - [2024-01-14T15:13:48.126+0000] {dagbag.py:537} INFO - Filling up the DagBag from /home/airflow/.local/lib/python3.7/site-packages/airflow/example_dags/example_subdag_operator.py
[2024-01-14T15:13:48.156+0000] {processor.py:766} INFO - DAG(s) dict_keys(['example_subdag_operator.section-1', 'example_subdag_operator.section-2', 'example_subdag_operator']) retrieved from /home/airflow/.local/lib/python3.7/site-packages/airflow/example_dags/example_subdag_operator.py
[2024-01-14T15:13:48.262+0000] {logging_mixin.py:120} INFO - [2024-01-14T15:13:48.262+0000] {dag.py:2585} INFO - Sync 3 DAGs
[2024-01-14T15:13:48.277+0000] {logging_mixin.py:120} INFO - [2024-01-14T15:13:48.277+0000] {dag.py:3340} INFO - Setting next_dagrun for example_subdag_operator to 2022-01-01T00:00:00+00:00, run_after=2022-01-01T00:00:00+00:00
[2024-01-14T15:13:48.279+0000] {logging_mixin.py:120} INFO - [2024-01-14T15:13:48.279+0000] {dag.py:3340} INFO - Setting next_dagrun for example_subdag_operator.section-1 to None, run_after=None
[2024-01-14T15:13:48.280+0000] {logging_mixin.py:120} INFO - [2024-01-14T15:13:48.280+0000] {dag.py:3340} INFO - Setting next_dagrun for example_subdag_operator.section-2 to None, run_after=None
[2024-01-14T15:13:48.284+0000] {logging_mixin.py:120} INFO - [2024-01-14T15:13:48.284+0000] {dag.py:2585} INFO - Sync 2 DAGs
[2024-01-14T15:13:48.288+0000] {logging_mixin.py:120} INFO - [2024-01-14T15:13:48.288+0000] {dag.py:3340} INFO - Setting next_dagrun for example_subdag_operator.section-1 to None, run_after=None
[2024-01-14T15:13:48.288+0000] {logging_mixin.py:120} INFO - [2024-01-14T15:13:48.288+0000] {dag.py:3340} INFO - Setting next_dagrun for example_subdag_operator.section-2 to None, run_after=None
[2024-01-14T15:13:48.294+0000] {processor.py:176} INFO - Processing /home/airflow/.local/lib/python3.7/site-packages/airflow/example_dags/example_subdag_operator.py took 0.177 seconds
