[2024-01-14T14:59:59.949+0000] {processor.py:154} INFO - Started process (PID=70) to work on /home/airflow/.local/lib/python3.7/site-packages/airflow/example_dags/example_complex.py
[2024-01-14T14:59:59.952+0000] {processor.py:756} INFO - Processing file /home/airflow/.local/lib/python3.7/site-packages/airflow/example_dags/example_complex.py for tasks to queue
[2024-01-14T14:59:59.956+0000] {logging_mixin.py:120} INFO - [2024-01-14T14:59:59.955+0000] {dagbag.py:537} INFO - Filling up the DagBag from /home/airflow/.local/lib/python3.7/site-packages/airflow/example_dags/example_complex.py
[2024-01-14T14:59:59.973+0000] {logging_mixin.py:120} INFO - [2024-01-14T14:59:59.972+0000] {taskmixin.py:205} WARNING - Dependency <Task(BashOperator): create_entry_group>, delete_entry_group already registered for DAG: example_complex
[2024-01-14T14:59:59.977+0000] {logging_mixin.py:120} INFO - [2024-01-14T14:59:59.976+0000] {taskmixin.py:205} WARNING - Dependency <Task(BashOperator): delete_entry_group>, create_entry_group already registered for DAG: example_complex
[2024-01-14T14:59:59.978+0000] {logging_mixin.py:120} INFO - [2024-01-14T14:59:59.978+0000] {taskmixin.py:205} WARNING - Dependency <Task(BashOperator): create_entry_gcs>, delete_entry already registered for DAG: example_complex
[2024-01-14T14:59:59.979+0000] {logging_mixin.py:120} INFO - [2024-01-14T14:59:59.979+0000] {taskmixin.py:205} WARNING - Dependency <Task(BashOperator): delete_entry>, create_entry_gcs already registered for DAG: example_complex
[2024-01-14T14:59:59.980+0000] {logging_mixin.py:120} INFO - [2024-01-14T14:59:59.980+0000] {taskmixin.py:205} WARNING - Dependency <Task(BashOperator): create_tag>, delete_tag already registered for DAG: example_complex
[2024-01-14T14:59:59.980+0000] {logging_mixin.py:120} INFO - [2024-01-14T14:59:59.980+0000] {taskmixin.py:205} WARNING - Dependency <Task(BashOperator): delete_tag>, create_tag already registered for DAG: example_complex
[2024-01-14T14:59:59.994+0000] {processor.py:766} INFO - DAG(s) dict_keys(['example_complex']) retrieved from /home/airflow/.local/lib/python3.7/site-packages/airflow/example_dags/example_complex.py
[2024-01-14T15:00:00.222+0000] {logging_mixin.py:120} INFO - [2024-01-14T15:00:00.222+0000] {manager.py:507} INFO - Created Permission View: can read on DAG:example_complex
[2024-01-14T15:00:00.243+0000] {logging_mixin.py:120} INFO - [2024-01-14T15:00:00.243+0000] {manager.py:507} INFO - Created Permission View: can edit on DAG:example_complex
[2024-01-14T15:00:00.256+0000] {logging_mixin.py:120} INFO - [2024-01-14T15:00:00.255+0000] {manager.py:507} INFO - Created Permission View: can delete on DAG:example_complex
[2024-01-14T15:00:00.258+0000] {logging_mixin.py:120} INFO - [2024-01-14T15:00:00.257+0000] {dag.py:2585} INFO - Sync 1 DAGs
[2024-01-14T15:00:00.305+0000] {logging_mixin.py:120} INFO - [2024-01-14T15:00:00.304+0000] {dag.py:2606} INFO - Creating ORM DAG for example_complex
[2024-01-14T15:00:00.338+0000] {logging_mixin.py:120} INFO - [2024-01-14T15:00:00.338+0000] {dag.py:3340} INFO - Setting next_dagrun for example_complex to None, run_after=None
[2024-01-14T15:00:00.396+0000] {processor.py:176} INFO - Processing /home/airflow/.local/lib/python3.7/site-packages/airflow/example_dags/example_complex.py took 0.455 seconds
[2024-01-14T15:00:31.065+0000] {processor.py:154} INFO - Started process (PID=124) to work on /home/airflow/.local/lib/python3.7/site-packages/airflow/example_dags/example_complex.py
[2024-01-14T15:00:31.067+0000] {processor.py:756} INFO - Processing file /home/airflow/.local/lib/python3.7/site-packages/airflow/example_dags/example_complex.py for tasks to queue
[2024-01-14T15:00:31.068+0000] {logging_mixin.py:120} INFO - [2024-01-14T15:00:31.068+0000] {dagbag.py:537} INFO - Filling up the DagBag from /home/airflow/.local/lib/python3.7/site-packages/airflow/example_dags/example_complex.py
[2024-01-14T15:00:31.081+0000] {logging_mixin.py:120} INFO - [2024-01-14T15:00:31.081+0000] {taskmixin.py:205} WARNING - Dependency <Task(BashOperator): create_entry_group>, delete_entry_group already registered for DAG: example_complex
[2024-01-14T15:00:31.082+0000] {logging_mixin.py:120} INFO - [2024-01-14T15:00:31.082+0000] {taskmixin.py:205} WARNING - Dependency <Task(BashOperator): delete_entry_group>, create_entry_group already registered for DAG: example_complex
[2024-01-14T15:00:31.082+0000] {logging_mixin.py:120} INFO - [2024-01-14T15:00:31.082+0000] {taskmixin.py:205} WARNING - Dependency <Task(BashOperator): create_entry_gcs>, delete_entry already registered for DAG: example_complex
[2024-01-14T15:00:31.082+0000] {logging_mixin.py:120} INFO - [2024-01-14T15:00:31.082+0000] {taskmixin.py:205} WARNING - Dependency <Task(BashOperator): delete_entry>, create_entry_gcs already registered for DAG: example_complex
[2024-01-14T15:00:31.083+0000] {logging_mixin.py:120} INFO - [2024-01-14T15:00:31.083+0000] {taskmixin.py:205} WARNING - Dependency <Task(BashOperator): create_tag>, delete_tag already registered for DAG: example_complex
[2024-01-14T15:00:31.083+0000] {logging_mixin.py:120} INFO - [2024-01-14T15:00:31.083+0000] {taskmixin.py:205} WARNING - Dependency <Task(BashOperator): delete_tag>, create_tag already registered for DAG: example_complex
[2024-01-14T15:00:31.091+0000] {processor.py:766} INFO - DAG(s) dict_keys(['example_complex']) retrieved from /home/airflow/.local/lib/python3.7/site-packages/airflow/example_dags/example_complex.py
[2024-01-14T15:00:31.122+0000] {logging_mixin.py:120} INFO - [2024-01-14T15:00:31.122+0000] {dag.py:2585} INFO - Sync 1 DAGs
[2024-01-14T15:00:31.136+0000] {logging_mixin.py:120} INFO - [2024-01-14T15:00:31.136+0000] {dag.py:3340} INFO - Setting next_dagrun for example_complex to None, run_after=None
[2024-01-14T15:00:31.146+0000] {processor.py:176} INFO - Processing /home/airflow/.local/lib/python3.7/site-packages/airflow/example_dags/example_complex.py took 0.088 seconds
[2024-01-14T15:01:01.231+0000] {processor.py:154} INFO - Started process (PID=188) to work on /home/airflow/.local/lib/python3.7/site-packages/airflow/example_dags/example_complex.py
[2024-01-14T15:01:01.233+0000] {processor.py:756} INFO - Processing file /home/airflow/.local/lib/python3.7/site-packages/airflow/example_dags/example_complex.py for tasks to queue
[2024-01-14T15:01:01.234+0000] {logging_mixin.py:120} INFO - [2024-01-14T15:01:01.233+0000] {dagbag.py:537} INFO - Filling up the DagBag from /home/airflow/.local/lib/python3.7/site-packages/airflow/example_dags/example_complex.py
[2024-01-14T15:01:01.245+0000] {logging_mixin.py:120} INFO - [2024-01-14T15:01:01.245+0000] {taskmixin.py:205} WARNING - Dependency <Task(BashOperator): create_entry_group>, delete_entry_group already registered for DAG: example_complex
[2024-01-14T15:01:01.245+0000] {logging_mixin.py:120} INFO - [2024-01-14T15:01:01.245+0000] {taskmixin.py:205} WARNING - Dependency <Task(BashOperator): delete_entry_group>, create_entry_group already registered for DAG: example_complex
[2024-01-14T15:01:01.246+0000] {logging_mixin.py:120} INFO - [2024-01-14T15:01:01.246+0000] {taskmixin.py:205} WARNING - Dependency <Task(BashOperator): create_entry_gcs>, delete_entry already registered for DAG: example_complex
[2024-01-14T15:01:01.246+0000] {logging_mixin.py:120} INFO - [2024-01-14T15:01:01.246+0000] {taskmixin.py:205} WARNING - Dependency <Task(BashOperator): delete_entry>, create_entry_gcs already registered for DAG: example_complex
[2024-01-14T15:01:01.246+0000] {logging_mixin.py:120} INFO - [2024-01-14T15:01:01.246+0000] {taskmixin.py:205} WARNING - Dependency <Task(BashOperator): create_tag>, delete_tag already registered for DAG: example_complex
[2024-01-14T15:01:01.247+0000] {logging_mixin.py:120} INFO - [2024-01-14T15:01:01.247+0000] {taskmixin.py:205} WARNING - Dependency <Task(BashOperator): delete_tag>, create_tag already registered for DAG: example_complex
[2024-01-14T15:01:01.252+0000] {processor.py:766} INFO - DAG(s) dict_keys(['example_complex']) retrieved from /home/airflow/.local/lib/python3.7/site-packages/airflow/example_dags/example_complex.py
[2024-01-14T15:01:01.282+0000] {logging_mixin.py:120} INFO - [2024-01-14T15:01:01.282+0000] {dag.py:2585} INFO - Sync 1 DAGs
[2024-01-14T15:01:01.297+0000] {logging_mixin.py:120} INFO - [2024-01-14T15:01:01.297+0000] {dag.py:3340} INFO - Setting next_dagrun for example_complex to None, run_after=None
[2024-01-14T15:01:01.308+0000] {processor.py:176} INFO - Processing /home/airflow/.local/lib/python3.7/site-packages/airflow/example_dags/example_complex.py took 0.082 seconds
[2024-01-14T15:01:32.215+0000] {processor.py:154} INFO - Started process (PID=251) to work on /home/airflow/.local/lib/python3.7/site-packages/airflow/example_dags/example_complex.py
[2024-01-14T15:01:32.216+0000] {processor.py:756} INFO - Processing file /home/airflow/.local/lib/python3.7/site-packages/airflow/example_dags/example_complex.py for tasks to queue
[2024-01-14T15:01:32.217+0000] {logging_mixin.py:120} INFO - [2024-01-14T15:01:32.216+0000] {dagbag.py:537} INFO - Filling up the DagBag from /home/airflow/.local/lib/python3.7/site-packages/airflow/example_dags/example_complex.py
[2024-01-14T15:01:32.224+0000] {logging_mixin.py:120} INFO - [2024-01-14T15:01:32.224+0000] {taskmixin.py:205} WARNING - Dependency <Task(BashOperator): create_entry_group>, delete_entry_group already registered for DAG: example_complex
[2024-01-14T15:01:32.225+0000] {logging_mixin.py:120} INFO - [2024-01-14T15:01:32.225+0000] {taskmixin.py:205} WARNING - Dependency <Task(BashOperator): delete_entry_group>, create_entry_group already registered for DAG: example_complex
[2024-01-14T15:01:32.225+0000] {logging_mixin.py:120} INFO - [2024-01-14T15:01:32.225+0000] {taskmixin.py:205} WARNING - Dependency <Task(BashOperator): create_entry_gcs>, delete_entry already registered for DAG: example_complex
[2024-01-14T15:01:32.225+0000] {logging_mixin.py:120} INFO - [2024-01-14T15:01:32.225+0000] {taskmixin.py:205} WARNING - Dependency <Task(BashOperator): delete_entry>, create_entry_gcs already registered for DAG: example_complex
[2024-01-14T15:01:32.226+0000] {logging_mixin.py:120} INFO - [2024-01-14T15:01:32.226+0000] {taskmixin.py:205} WARNING - Dependency <Task(BashOperator): create_tag>, delete_tag already registered for DAG: example_complex
[2024-01-14T15:01:32.226+0000] {logging_mixin.py:120} INFO - [2024-01-14T15:01:32.226+0000] {taskmixin.py:205} WARNING - Dependency <Task(BashOperator): delete_tag>, create_tag already registered for DAG: example_complex
[2024-01-14T15:01:32.232+0000] {processor.py:766} INFO - DAG(s) dict_keys(['example_complex']) retrieved from /home/airflow/.local/lib/python3.7/site-packages/airflow/example_dags/example_complex.py
[2024-01-14T15:01:32.263+0000] {logging_mixin.py:120} INFO - [2024-01-14T15:01:32.263+0000] {dag.py:2585} INFO - Sync 1 DAGs
[2024-01-14T15:01:32.277+0000] {logging_mixin.py:120} INFO - [2024-01-14T15:01:32.277+0000] {dag.py:3340} INFO - Setting next_dagrun for example_complex to None, run_after=None
[2024-01-14T15:01:32.287+0000] {processor.py:176} INFO - Processing /home/airflow/.local/lib/python3.7/site-packages/airflow/example_dags/example_complex.py took 0.074 seconds
[2024-01-14T15:02:02.363+0000] {processor.py:154} INFO - Started process (PID=314) to work on /home/airflow/.local/lib/python3.7/site-packages/airflow/example_dags/example_complex.py
[2024-01-14T15:02:02.364+0000] {processor.py:756} INFO - Processing file /home/airflow/.local/lib/python3.7/site-packages/airflow/example_dags/example_complex.py for tasks to queue
[2024-01-14T15:02:02.365+0000] {logging_mixin.py:120} INFO - [2024-01-14T15:02:02.364+0000] {dagbag.py:537} INFO - Filling up the DagBag from /home/airflow/.local/lib/python3.7/site-packages/airflow/example_dags/example_complex.py
[2024-01-14T15:02:02.372+0000] {logging_mixin.py:120} INFO - [2024-01-14T15:02:02.372+0000] {taskmixin.py:205} WARNING - Dependency <Task(BashOperator): create_entry_group>, delete_entry_group already registered for DAG: example_complex
[2024-01-14T15:02:02.373+0000] {logging_mixin.py:120} INFO - [2024-01-14T15:02:02.373+0000] {taskmixin.py:205} WARNING - Dependency <Task(BashOperator): delete_entry_group>, create_entry_group already registered for DAG: example_complex
[2024-01-14T15:02:02.373+0000] {logging_mixin.py:120} INFO - [2024-01-14T15:02:02.373+0000] {taskmixin.py:205} WARNING - Dependency <Task(BashOperator): create_entry_gcs>, delete_entry already registered for DAG: example_complex
[2024-01-14T15:02:02.373+0000] {logging_mixin.py:120} INFO - [2024-01-14T15:02:02.373+0000] {taskmixin.py:205} WARNING - Dependency <Task(BashOperator): delete_entry>, create_entry_gcs already registered for DAG: example_complex
[2024-01-14T15:02:02.373+0000] {logging_mixin.py:120} INFO - [2024-01-14T15:02:02.373+0000] {taskmixin.py:205} WARNING - Dependency <Task(BashOperator): create_tag>, delete_tag already registered for DAG: example_complex
[2024-01-14T15:02:02.374+0000] {logging_mixin.py:120} INFO - [2024-01-14T15:02:02.374+0000] {taskmixin.py:205} WARNING - Dependency <Task(BashOperator): delete_tag>, create_tag already registered for DAG: example_complex
[2024-01-14T15:02:02.379+0000] {processor.py:766} INFO - DAG(s) dict_keys(['example_complex']) retrieved from /home/airflow/.local/lib/python3.7/site-packages/airflow/example_dags/example_complex.py
[2024-01-14T15:02:02.410+0000] {logging_mixin.py:120} INFO - [2024-01-14T15:02:02.410+0000] {dag.py:2585} INFO - Sync 1 DAGs
[2024-01-14T15:02:02.424+0000] {logging_mixin.py:120} INFO - [2024-01-14T15:02:02.424+0000] {dag.py:3340} INFO - Setting next_dagrun for example_complex to None, run_after=None
[2024-01-14T15:02:02.435+0000] {processor.py:176} INFO - Processing /home/airflow/.local/lib/python3.7/site-packages/airflow/example_dags/example_complex.py took 0.074 seconds
[2024-01-14T15:02:32.484+0000] {processor.py:154} INFO - Started process (PID=377) to work on /home/airflow/.local/lib/python3.7/site-packages/airflow/example_dags/example_complex.py
[2024-01-14T15:02:32.485+0000] {processor.py:756} INFO - Processing file /home/airflow/.local/lib/python3.7/site-packages/airflow/example_dags/example_complex.py for tasks to queue
[2024-01-14T15:02:32.486+0000] {logging_mixin.py:120} INFO - [2024-01-14T15:02:32.486+0000] {dagbag.py:537} INFO - Filling up the DagBag from /home/airflow/.local/lib/python3.7/site-packages/airflow/example_dags/example_complex.py
[2024-01-14T15:02:32.493+0000] {logging_mixin.py:120} INFO - [2024-01-14T15:02:32.493+0000] {taskmixin.py:205} WARNING - Dependency <Task(BashOperator): create_entry_group>, delete_entry_group already registered for DAG: example_complex
[2024-01-14T15:02:32.493+0000] {logging_mixin.py:120} INFO - [2024-01-14T15:02:32.493+0000] {taskmixin.py:205} WARNING - Dependency <Task(BashOperator): delete_entry_group>, create_entry_group already registered for DAG: example_complex
[2024-01-14T15:02:32.493+0000] {logging_mixin.py:120} INFO - [2024-01-14T15:02:32.493+0000] {taskmixin.py:205} WARNING - Dependency <Task(BashOperator): create_entry_gcs>, delete_entry already registered for DAG: example_complex
[2024-01-14T15:02:32.494+0000] {logging_mixin.py:120} INFO - [2024-01-14T15:02:32.494+0000] {taskmixin.py:205} WARNING - Dependency <Task(BashOperator): delete_entry>, create_entry_gcs already registered for DAG: example_complex
[2024-01-14T15:02:32.494+0000] {logging_mixin.py:120} INFO - [2024-01-14T15:02:32.494+0000] {taskmixin.py:205} WARNING - Dependency <Task(BashOperator): create_tag>, delete_tag already registered for DAG: example_complex
[2024-01-14T15:02:32.494+0000] {logging_mixin.py:120} INFO - [2024-01-14T15:02:32.494+0000] {taskmixin.py:205} WARNING - Dependency <Task(BashOperator): delete_tag>, create_tag already registered for DAG: example_complex
[2024-01-14T15:02:32.499+0000] {processor.py:766} INFO - DAG(s) dict_keys(['example_complex']) retrieved from /home/airflow/.local/lib/python3.7/site-packages/airflow/example_dags/example_complex.py
[2024-01-14T15:02:32.530+0000] {logging_mixin.py:120} INFO - [2024-01-14T15:02:32.529+0000] {dag.py:2585} INFO - Sync 1 DAGs
[2024-01-14T15:02:32.545+0000] {logging_mixin.py:120} INFO - [2024-01-14T15:02:32.545+0000] {dag.py:3340} INFO - Setting next_dagrun for example_complex to None, run_after=None
[2024-01-14T15:02:32.558+0000] {processor.py:176} INFO - Processing /home/airflow/.local/lib/python3.7/site-packages/airflow/example_dags/example_complex.py took 0.076 seconds
[2024-01-14T15:03:02.684+0000] {processor.py:154} INFO - Started process (PID=431) to work on /home/airflow/.local/lib/python3.7/site-packages/airflow/example_dags/example_complex.py
[2024-01-14T15:03:02.686+0000] {processor.py:756} INFO - Processing file /home/airflow/.local/lib/python3.7/site-packages/airflow/example_dags/example_complex.py for tasks to queue
[2024-01-14T15:03:02.687+0000] {logging_mixin.py:120} INFO - [2024-01-14T15:03:02.687+0000] {dagbag.py:537} INFO - Filling up the DagBag from /home/airflow/.local/lib/python3.7/site-packages/airflow/example_dags/example_complex.py
[2024-01-14T15:03:02.701+0000] {logging_mixin.py:120} INFO - [2024-01-14T15:03:02.701+0000] {taskmixin.py:205} WARNING - Dependency <Task(BashOperator): create_entry_group>, delete_entry_group already registered for DAG: example_complex
[2024-01-14T15:03:02.702+0000] {logging_mixin.py:120} INFO - [2024-01-14T15:03:02.702+0000] {taskmixin.py:205} WARNING - Dependency <Task(BashOperator): delete_entry_group>, create_entry_group already registered for DAG: example_complex
[2024-01-14T15:03:02.702+0000] {logging_mixin.py:120} INFO - [2024-01-14T15:03:02.702+0000] {taskmixin.py:205} WARNING - Dependency <Task(BashOperator): create_entry_gcs>, delete_entry already registered for DAG: example_complex
[2024-01-14T15:03:02.702+0000] {logging_mixin.py:120} INFO - [2024-01-14T15:03:02.702+0000] {taskmixin.py:205} WARNING - Dependency <Task(BashOperator): delete_entry>, create_entry_gcs already registered for DAG: example_complex
[2024-01-14T15:03:02.703+0000] {logging_mixin.py:120} INFO - [2024-01-14T15:03:02.703+0000] {taskmixin.py:205} WARNING - Dependency <Task(BashOperator): create_tag>, delete_tag already registered for DAG: example_complex
[2024-01-14T15:03:02.703+0000] {logging_mixin.py:120} INFO - [2024-01-14T15:03:02.703+0000] {taskmixin.py:205} WARNING - Dependency <Task(BashOperator): delete_tag>, create_tag already registered for DAG: example_complex
[2024-01-14T15:03:02.709+0000] {processor.py:766} INFO - DAG(s) dict_keys(['example_complex']) retrieved from /home/airflow/.local/lib/python3.7/site-packages/airflow/example_dags/example_complex.py
[2024-01-14T15:03:02.742+0000] {logging_mixin.py:120} INFO - [2024-01-14T15:03:02.742+0000] {dag.py:2585} INFO - Sync 1 DAGs
[2024-01-14T15:03:02.757+0000] {logging_mixin.py:120} INFO - [2024-01-14T15:03:02.757+0000] {dag.py:3340} INFO - Setting next_dagrun for example_complex to None, run_after=None
[2024-01-14T15:03:02.769+0000] {processor.py:176} INFO - Processing /home/airflow/.local/lib/python3.7/site-packages/airflow/example_dags/example_complex.py took 0.091 seconds
[2024-01-14T15:03:32.885+0000] {processor.py:154} INFO - Started process (PID=494) to work on /home/airflow/.local/lib/python3.7/site-packages/airflow/example_dags/example_complex.py
[2024-01-14T15:03:32.885+0000] {processor.py:756} INFO - Processing file /home/airflow/.local/lib/python3.7/site-packages/airflow/example_dags/example_complex.py for tasks to queue
[2024-01-14T15:03:32.887+0000] {logging_mixin.py:120} INFO - [2024-01-14T15:03:32.886+0000] {dagbag.py:537} INFO - Filling up the DagBag from /home/airflow/.local/lib/python3.7/site-packages/airflow/example_dags/example_complex.py
[2024-01-14T15:03:32.894+0000] {logging_mixin.py:120} INFO - [2024-01-14T15:03:32.894+0000] {taskmixin.py:205} WARNING - Dependency <Task(BashOperator): create_entry_group>, delete_entry_group already registered for DAG: example_complex
[2024-01-14T15:03:32.895+0000] {logging_mixin.py:120} INFO - [2024-01-14T15:03:32.895+0000] {taskmixin.py:205} WARNING - Dependency <Task(BashOperator): delete_entry_group>, create_entry_group already registered for DAG: example_complex
[2024-01-14T15:03:32.895+0000] {logging_mixin.py:120} INFO - [2024-01-14T15:03:32.895+0000] {taskmixin.py:205} WARNING - Dependency <Task(BashOperator): create_entry_gcs>, delete_entry already registered for DAG: example_complex
[2024-01-14T15:03:32.895+0000] {logging_mixin.py:120} INFO - [2024-01-14T15:03:32.895+0000] {taskmixin.py:205} WARNING - Dependency <Task(BashOperator): delete_entry>, create_entry_gcs already registered for DAG: example_complex
[2024-01-14T15:03:32.896+0000] {logging_mixin.py:120} INFO - [2024-01-14T15:03:32.896+0000] {taskmixin.py:205} WARNING - Dependency <Task(BashOperator): create_tag>, delete_tag already registered for DAG: example_complex
[2024-01-14T15:03:32.896+0000] {logging_mixin.py:120} INFO - [2024-01-14T15:03:32.896+0000] {taskmixin.py:205} WARNING - Dependency <Task(BashOperator): delete_tag>, create_tag already registered for DAG: example_complex
[2024-01-14T15:03:32.901+0000] {processor.py:766} INFO - DAG(s) dict_keys(['example_complex']) retrieved from /home/airflow/.local/lib/python3.7/site-packages/airflow/example_dags/example_complex.py
[2024-01-14T15:03:32.931+0000] {logging_mixin.py:120} INFO - [2024-01-14T15:03:32.931+0000] {dag.py:2585} INFO - Sync 1 DAGs
[2024-01-14T15:03:32.945+0000] {logging_mixin.py:120} INFO - [2024-01-14T15:03:32.945+0000] {dag.py:3340} INFO - Setting next_dagrun for example_complex to None, run_after=None
[2024-01-14T15:03:32.956+0000] {processor.py:176} INFO - Processing /home/airflow/.local/lib/python3.7/site-packages/airflow/example_dags/example_complex.py took 0.074 seconds
[2024-01-14T15:04:03.792+0000] {processor.py:154} INFO - Started process (PID=557) to work on /home/airflow/.local/lib/python3.7/site-packages/airflow/example_dags/example_complex.py
[2024-01-14T15:04:03.793+0000] {processor.py:756} INFO - Processing file /home/airflow/.local/lib/python3.7/site-packages/airflow/example_dags/example_complex.py for tasks to queue
[2024-01-14T15:04:03.794+0000] {logging_mixin.py:120} INFO - [2024-01-14T15:04:03.794+0000] {dagbag.py:537} INFO - Filling up the DagBag from /home/airflow/.local/lib/python3.7/site-packages/airflow/example_dags/example_complex.py
[2024-01-14T15:04:03.805+0000] {logging_mixin.py:120} INFO - [2024-01-14T15:04:03.805+0000] {taskmixin.py:205} WARNING - Dependency <Task(BashOperator): create_entry_group>, delete_entry_group already registered for DAG: example_complex
[2024-01-14T15:04:03.805+0000] {logging_mixin.py:120} INFO - [2024-01-14T15:04:03.805+0000] {taskmixin.py:205} WARNING - Dependency <Task(BashOperator): delete_entry_group>, create_entry_group already registered for DAG: example_complex
[2024-01-14T15:04:03.806+0000] {logging_mixin.py:120} INFO - [2024-01-14T15:04:03.806+0000] {taskmixin.py:205} WARNING - Dependency <Task(BashOperator): create_entry_gcs>, delete_entry already registered for DAG: example_complex
[2024-01-14T15:04:03.806+0000] {logging_mixin.py:120} INFO - [2024-01-14T15:04:03.806+0000] {taskmixin.py:205} WARNING - Dependency <Task(BashOperator): delete_entry>, create_entry_gcs already registered for DAG: example_complex
[2024-01-14T15:04:03.806+0000] {logging_mixin.py:120} INFO - [2024-01-14T15:04:03.806+0000] {taskmixin.py:205} WARNING - Dependency <Task(BashOperator): create_tag>, delete_tag already registered for DAG: example_complex
[2024-01-14T15:04:03.807+0000] {logging_mixin.py:120} INFO - [2024-01-14T15:04:03.807+0000] {taskmixin.py:205} WARNING - Dependency <Task(BashOperator): delete_tag>, create_tag already registered for DAG: example_complex
[2024-01-14T15:04:03.812+0000] {processor.py:766} INFO - DAG(s) dict_keys(['example_complex']) retrieved from /home/airflow/.local/lib/python3.7/site-packages/airflow/example_dags/example_complex.py
[2024-01-14T15:04:03.842+0000] {logging_mixin.py:120} INFO - [2024-01-14T15:04:03.842+0000] {dag.py:2585} INFO - Sync 1 DAGs
[2024-01-14T15:04:03.856+0000] {logging_mixin.py:120} INFO - [2024-01-14T15:04:03.856+0000] {dag.py:3340} INFO - Setting next_dagrun for example_complex to None, run_after=None
[2024-01-14T15:04:03.868+0000] {processor.py:176} INFO - Processing /home/airflow/.local/lib/python3.7/site-packages/airflow/example_dags/example_complex.py took 0.081 seconds
[2024-01-14T15:04:33.886+0000] {processor.py:154} INFO - Started process (PID=620) to work on /home/airflow/.local/lib/python3.7/site-packages/airflow/example_dags/example_complex.py
[2024-01-14T15:04:33.887+0000] {processor.py:756} INFO - Processing file /home/airflow/.local/lib/python3.7/site-packages/airflow/example_dags/example_complex.py for tasks to queue
[2024-01-14T15:04:33.888+0000] {logging_mixin.py:120} INFO - [2024-01-14T15:04:33.888+0000] {dagbag.py:537} INFO - Filling up the DagBag from /home/airflow/.local/lib/python3.7/site-packages/airflow/example_dags/example_complex.py
[2024-01-14T15:04:33.898+0000] {logging_mixin.py:120} INFO - [2024-01-14T15:04:33.897+0000] {taskmixin.py:205} WARNING - Dependency <Task(BashOperator): create_entry_group>, delete_entry_group already registered for DAG: example_complex
[2024-01-14T15:04:33.898+0000] {logging_mixin.py:120} INFO - [2024-01-14T15:04:33.898+0000] {taskmixin.py:205} WARNING - Dependency <Task(BashOperator): delete_entry_group>, create_entry_group already registered for DAG: example_complex
[2024-01-14T15:04:33.898+0000] {logging_mixin.py:120} INFO - [2024-01-14T15:04:33.898+0000] {taskmixin.py:205} WARNING - Dependency <Task(BashOperator): create_entry_gcs>, delete_entry already registered for DAG: example_complex
[2024-01-14T15:04:33.899+0000] {logging_mixin.py:120} INFO - [2024-01-14T15:04:33.898+0000] {taskmixin.py:205} WARNING - Dependency <Task(BashOperator): delete_entry>, create_entry_gcs already registered for DAG: example_complex
[2024-01-14T15:04:33.899+0000] {logging_mixin.py:120} INFO - [2024-01-14T15:04:33.899+0000] {taskmixin.py:205} WARNING - Dependency <Task(BashOperator): create_tag>, delete_tag already registered for DAG: example_complex
[2024-01-14T15:04:33.899+0000] {logging_mixin.py:120} INFO - [2024-01-14T15:04:33.899+0000] {taskmixin.py:205} WARNING - Dependency <Task(BashOperator): delete_tag>, create_tag already registered for DAG: example_complex
[2024-01-14T15:04:33.905+0000] {processor.py:766} INFO - DAG(s) dict_keys(['example_complex']) retrieved from /home/airflow/.local/lib/python3.7/site-packages/airflow/example_dags/example_complex.py
[2024-01-14T15:04:33.938+0000] {logging_mixin.py:120} INFO - [2024-01-14T15:04:33.937+0000] {dag.py:2585} INFO - Sync 1 DAGs
[2024-01-14T15:04:33.952+0000] {logging_mixin.py:120} INFO - [2024-01-14T15:04:33.952+0000] {dag.py:3340} INFO - Setting next_dagrun for example_complex to None, run_after=None
[2024-01-14T15:04:33.964+0000] {processor.py:176} INFO - Processing /home/airflow/.local/lib/python3.7/site-packages/airflow/example_dags/example_complex.py took 0.081 seconds
[2024-01-14T15:05:03.996+0000] {processor.py:154} INFO - Started process (PID=683) to work on /home/airflow/.local/lib/python3.7/site-packages/airflow/example_dags/example_complex.py
[2024-01-14T15:05:03.997+0000] {processor.py:756} INFO - Processing file /home/airflow/.local/lib/python3.7/site-packages/airflow/example_dags/example_complex.py for tasks to queue
[2024-01-14T15:05:03.997+0000] {logging_mixin.py:120} INFO - [2024-01-14T15:05:03.997+0000] {dagbag.py:537} INFO - Filling up the DagBag from /home/airflow/.local/lib/python3.7/site-packages/airflow/example_dags/example_complex.py
[2024-01-14T15:05:04.005+0000] {logging_mixin.py:120} INFO - [2024-01-14T15:05:04.005+0000] {taskmixin.py:205} WARNING - Dependency <Task(BashOperator): create_entry_group>, delete_entry_group already registered for DAG: example_complex
[2024-01-14T15:05:04.006+0000] {logging_mixin.py:120} INFO - [2024-01-14T15:05:04.006+0000] {taskmixin.py:205} WARNING - Dependency <Task(BashOperator): delete_entry_group>, create_entry_group already registered for DAG: example_complex
[2024-01-14T15:05:04.006+0000] {logging_mixin.py:120} INFO - [2024-01-14T15:05:04.006+0000] {taskmixin.py:205} WARNING - Dependency <Task(BashOperator): create_entry_gcs>, delete_entry already registered for DAG: example_complex
[2024-01-14T15:05:04.007+0000] {logging_mixin.py:120} INFO - [2024-01-14T15:05:04.007+0000] {taskmixin.py:205} WARNING - Dependency <Task(BashOperator): delete_entry>, create_entry_gcs already registered for DAG: example_complex
[2024-01-14T15:05:04.008+0000] {logging_mixin.py:120} INFO - [2024-01-14T15:05:04.007+0000] {taskmixin.py:205} WARNING - Dependency <Task(BashOperator): create_tag>, delete_tag already registered for DAG: example_complex
[2024-01-14T15:05:04.008+0000] {logging_mixin.py:120} INFO - [2024-01-14T15:05:04.008+0000] {taskmixin.py:205} WARNING - Dependency <Task(BashOperator): delete_tag>, create_tag already registered for DAG: example_complex
[2024-01-14T15:05:04.013+0000] {processor.py:766} INFO - DAG(s) dict_keys(['example_complex']) retrieved from /home/airflow/.local/lib/python3.7/site-packages/airflow/example_dags/example_complex.py
[2024-01-14T15:05:04.044+0000] {logging_mixin.py:120} INFO - [2024-01-14T15:05:04.044+0000] {dag.py:2585} INFO - Sync 1 DAGs
[2024-01-14T15:05:04.060+0000] {logging_mixin.py:120} INFO - [2024-01-14T15:05:04.060+0000] {dag.py:3340} INFO - Setting next_dagrun for example_complex to None, run_after=None
[2024-01-14T15:05:04.072+0000] {processor.py:176} INFO - Processing /home/airflow/.local/lib/python3.7/site-packages/airflow/example_dags/example_complex.py took 0.078 seconds
[2024-01-14T15:05:35.059+0000] {processor.py:154} INFO - Started process (PID=737) to work on /home/airflow/.local/lib/python3.7/site-packages/airflow/example_dags/example_complex.py
[2024-01-14T15:05:35.060+0000] {processor.py:756} INFO - Processing file /home/airflow/.local/lib/python3.7/site-packages/airflow/example_dags/example_complex.py for tasks to queue
[2024-01-14T15:05:35.060+0000] {logging_mixin.py:120} INFO - [2024-01-14T15:05:35.060+0000] {dagbag.py:537} INFO - Filling up the DagBag from /home/airflow/.local/lib/python3.7/site-packages/airflow/example_dags/example_complex.py
[2024-01-14T15:05:35.068+0000] {logging_mixin.py:120} INFO - [2024-01-14T15:05:35.068+0000] {taskmixin.py:205} WARNING - Dependency <Task(BashOperator): create_entry_group>, delete_entry_group already registered for DAG: example_complex
[2024-01-14T15:05:35.068+0000] {logging_mixin.py:120} INFO - [2024-01-14T15:05:35.068+0000] {taskmixin.py:205} WARNING - Dependency <Task(BashOperator): delete_entry_group>, create_entry_group already registered for DAG: example_complex
[2024-01-14T15:05:35.068+0000] {logging_mixin.py:120} INFO - [2024-01-14T15:05:35.068+0000] {taskmixin.py:205} WARNING - Dependency <Task(BashOperator): create_entry_gcs>, delete_entry already registered for DAG: example_complex
[2024-01-14T15:05:35.068+0000] {logging_mixin.py:120} INFO - [2024-01-14T15:05:35.068+0000] {taskmixin.py:205} WARNING - Dependency <Task(BashOperator): delete_entry>, create_entry_gcs already registered for DAG: example_complex
[2024-01-14T15:05:35.069+0000] {logging_mixin.py:120} INFO - [2024-01-14T15:05:35.069+0000] {taskmixin.py:205} WARNING - Dependency <Task(BashOperator): create_tag>, delete_tag already registered for DAG: example_complex
[2024-01-14T15:05:35.069+0000] {logging_mixin.py:120} INFO - [2024-01-14T15:05:35.069+0000] {taskmixin.py:205} WARNING - Dependency <Task(BashOperator): delete_tag>, create_tag already registered for DAG: example_complex
[2024-01-14T15:05:35.074+0000] {processor.py:766} INFO - DAG(s) dict_keys(['example_complex']) retrieved from /home/airflow/.local/lib/python3.7/site-packages/airflow/example_dags/example_complex.py
[2024-01-14T15:05:35.104+0000] {logging_mixin.py:120} INFO - [2024-01-14T15:05:35.104+0000] {dag.py:2585} INFO - Sync 1 DAGs
[2024-01-14T15:05:35.119+0000] {logging_mixin.py:120} INFO - [2024-01-14T15:05:35.118+0000] {dag.py:3340} INFO - Setting next_dagrun for example_complex to None, run_after=None
[2024-01-14T15:05:35.129+0000] {processor.py:176} INFO - Processing /home/airflow/.local/lib/python3.7/site-packages/airflow/example_dags/example_complex.py took 0.072 seconds
[2024-01-14T15:06:05.936+0000] {processor.py:154} INFO - Started process (PID=800) to work on /home/airflow/.local/lib/python3.7/site-packages/airflow/example_dags/example_complex.py
[2024-01-14T15:06:05.937+0000] {processor.py:756} INFO - Processing file /home/airflow/.local/lib/python3.7/site-packages/airflow/example_dags/example_complex.py for tasks to queue
[2024-01-14T15:06:05.938+0000] {logging_mixin.py:120} INFO - [2024-01-14T15:06:05.938+0000] {dagbag.py:537} INFO - Filling up the DagBag from /home/airflow/.local/lib/python3.7/site-packages/airflow/example_dags/example_complex.py
[2024-01-14T15:06:05.945+0000] {logging_mixin.py:120} INFO - [2024-01-14T15:06:05.945+0000] {taskmixin.py:205} WARNING - Dependency <Task(BashOperator): create_entry_group>, delete_entry_group already registered for DAG: example_complex
[2024-01-14T15:06:05.946+0000] {logging_mixin.py:120} INFO - [2024-01-14T15:06:05.946+0000] {taskmixin.py:205} WARNING - Dependency <Task(BashOperator): delete_entry_group>, create_entry_group already registered for DAG: example_complex
[2024-01-14T15:06:05.946+0000] {logging_mixin.py:120} INFO - [2024-01-14T15:06:05.946+0000] {taskmixin.py:205} WARNING - Dependency <Task(BashOperator): create_entry_gcs>, delete_entry already registered for DAG: example_complex
[2024-01-14T15:06:05.946+0000] {logging_mixin.py:120} INFO - [2024-01-14T15:06:05.946+0000] {taskmixin.py:205} WARNING - Dependency <Task(BashOperator): delete_entry>, create_entry_gcs already registered for DAG: example_complex
[2024-01-14T15:06:05.946+0000] {logging_mixin.py:120} INFO - [2024-01-14T15:06:05.946+0000] {taskmixin.py:205} WARNING - Dependency <Task(BashOperator): create_tag>, delete_tag already registered for DAG: example_complex
[2024-01-14T15:06:05.947+0000] {logging_mixin.py:120} INFO - [2024-01-14T15:06:05.947+0000] {taskmixin.py:205} WARNING - Dependency <Task(BashOperator): delete_tag>, create_tag already registered for DAG: example_complex
[2024-01-14T15:06:05.952+0000] {processor.py:766} INFO - DAG(s) dict_keys(['example_complex']) retrieved from /home/airflow/.local/lib/python3.7/site-packages/airflow/example_dags/example_complex.py
[2024-01-14T15:06:05.982+0000] {logging_mixin.py:120} INFO - [2024-01-14T15:06:05.982+0000] {dag.py:2585} INFO - Sync 1 DAGs
[2024-01-14T15:06:05.996+0000] {logging_mixin.py:120} INFO - [2024-01-14T15:06:05.996+0000] {dag.py:3340} INFO - Setting next_dagrun for example_complex to None, run_after=None
[2024-01-14T15:06:06.007+0000] {processor.py:176} INFO - Processing /home/airflow/.local/lib/python3.7/site-packages/airflow/example_dags/example_complex.py took 0.073 seconds
[2024-01-14T15:06:37.025+0000] {processor.py:154} INFO - Started process (PID=863) to work on /home/airflow/.local/lib/python3.7/site-packages/airflow/example_dags/example_complex.py
[2024-01-14T15:06:37.026+0000] {processor.py:756} INFO - Processing file /home/airflow/.local/lib/python3.7/site-packages/airflow/example_dags/example_complex.py for tasks to queue
[2024-01-14T15:06:37.026+0000] {logging_mixin.py:120} INFO - [2024-01-14T15:06:37.026+0000] {dagbag.py:537} INFO - Filling up the DagBag from /home/airflow/.local/lib/python3.7/site-packages/airflow/example_dags/example_complex.py
[2024-01-14T15:06:37.034+0000] {logging_mixin.py:120} INFO - [2024-01-14T15:06:37.034+0000] {taskmixin.py:205} WARNING - Dependency <Task(BashOperator): create_entry_group>, delete_entry_group already registered for DAG: example_complex
[2024-01-14T15:06:37.034+0000] {logging_mixin.py:120} INFO - [2024-01-14T15:06:37.034+0000] {taskmixin.py:205} WARNING - Dependency <Task(BashOperator): delete_entry_group>, create_entry_group already registered for DAG: example_complex
[2024-01-14T15:06:37.034+0000] {logging_mixin.py:120} INFO - [2024-01-14T15:06:37.034+0000] {taskmixin.py:205} WARNING - Dependency <Task(BashOperator): create_entry_gcs>, delete_entry already registered for DAG: example_complex
[2024-01-14T15:06:37.035+0000] {logging_mixin.py:120} INFO - [2024-01-14T15:06:37.035+0000] {taskmixin.py:205} WARNING - Dependency <Task(BashOperator): delete_entry>, create_entry_gcs already registered for DAG: example_complex
[2024-01-14T15:06:37.035+0000] {logging_mixin.py:120} INFO - [2024-01-14T15:06:37.035+0000] {taskmixin.py:205} WARNING - Dependency <Task(BashOperator): create_tag>, delete_tag already registered for DAG: example_complex
[2024-01-14T15:06:37.035+0000] {logging_mixin.py:120} INFO - [2024-01-14T15:06:37.035+0000] {taskmixin.py:205} WARNING - Dependency <Task(BashOperator): delete_tag>, create_tag already registered for DAG: example_complex
[2024-01-14T15:06:37.041+0000] {processor.py:766} INFO - DAG(s) dict_keys(['example_complex']) retrieved from /home/airflow/.local/lib/python3.7/site-packages/airflow/example_dags/example_complex.py
[2024-01-14T15:06:37.073+0000] {logging_mixin.py:120} INFO - [2024-01-14T15:06:37.073+0000] {dag.py:2585} INFO - Sync 1 DAGs
[2024-01-14T15:06:37.088+0000] {logging_mixin.py:120} INFO - [2024-01-14T15:06:37.088+0000] {dag.py:3340} INFO - Setting next_dagrun for example_complex to None, run_after=None
[2024-01-14T15:06:37.101+0000] {processor.py:176} INFO - Processing /home/airflow/.local/lib/python3.7/site-packages/airflow/example_dags/example_complex.py took 0.079 seconds
[2024-01-14T15:07:07.115+0000] {processor.py:154} INFO - Started process (PID=926) to work on /home/airflow/.local/lib/python3.7/site-packages/airflow/example_dags/example_complex.py
[2024-01-14T15:07:07.116+0000] {processor.py:756} INFO - Processing file /home/airflow/.local/lib/python3.7/site-packages/airflow/example_dags/example_complex.py for tasks to queue
[2024-01-14T15:07:07.117+0000] {logging_mixin.py:120} INFO - [2024-01-14T15:07:07.116+0000] {dagbag.py:537} INFO - Filling up the DagBag from /home/airflow/.local/lib/python3.7/site-packages/airflow/example_dags/example_complex.py
[2024-01-14T15:07:07.125+0000] {logging_mixin.py:120} INFO - [2024-01-14T15:07:07.125+0000] {taskmixin.py:205} WARNING - Dependency <Task(BashOperator): create_entry_group>, delete_entry_group already registered for DAG: example_complex
[2024-01-14T15:07:07.125+0000] {logging_mixin.py:120} INFO - [2024-01-14T15:07:07.125+0000] {taskmixin.py:205} WARNING - Dependency <Task(BashOperator): delete_entry_group>, create_entry_group already registered for DAG: example_complex
[2024-01-14T15:07:07.125+0000] {logging_mixin.py:120} INFO - [2024-01-14T15:07:07.125+0000] {taskmixin.py:205} WARNING - Dependency <Task(BashOperator): create_entry_gcs>, delete_entry already registered for DAG: example_complex
[2024-01-14T15:07:07.126+0000] {logging_mixin.py:120} INFO - [2024-01-14T15:07:07.125+0000] {taskmixin.py:205} WARNING - Dependency <Task(BashOperator): delete_entry>, create_entry_gcs already registered for DAG: example_complex
[2024-01-14T15:07:07.126+0000] {logging_mixin.py:120} INFO - [2024-01-14T15:07:07.126+0000] {taskmixin.py:205} WARNING - Dependency <Task(BashOperator): create_tag>, delete_tag already registered for DAG: example_complex
[2024-01-14T15:07:07.126+0000] {logging_mixin.py:120} INFO - [2024-01-14T15:07:07.126+0000] {taskmixin.py:205} WARNING - Dependency <Task(BashOperator): delete_tag>, create_tag already registered for DAG: example_complex
[2024-01-14T15:07:07.131+0000] {processor.py:766} INFO - DAG(s) dict_keys(['example_complex']) retrieved from /home/airflow/.local/lib/python3.7/site-packages/airflow/example_dags/example_complex.py
[2024-01-14T15:07:07.162+0000] {logging_mixin.py:120} INFO - [2024-01-14T15:07:07.162+0000] {dag.py:2585} INFO - Sync 1 DAGs
[2024-01-14T15:07:07.178+0000] {logging_mixin.py:120} INFO - [2024-01-14T15:07:07.178+0000] {dag.py:3340} INFO - Setting next_dagrun for example_complex to None, run_after=None
[2024-01-14T15:07:07.190+0000] {processor.py:176} INFO - Processing /home/airflow/.local/lib/python3.7/site-packages/airflow/example_dags/example_complex.py took 0.077 seconds
[2024-01-14T15:07:38.052+0000] {processor.py:154} INFO - Started process (PID=988) to work on /home/airflow/.local/lib/python3.7/site-packages/airflow/example_dags/example_complex.py
[2024-01-14T15:07:38.053+0000] {processor.py:756} INFO - Processing file /home/airflow/.local/lib/python3.7/site-packages/airflow/example_dags/example_complex.py for tasks to queue
[2024-01-14T15:07:38.053+0000] {logging_mixin.py:120} INFO - [2024-01-14T15:07:38.053+0000] {dagbag.py:537} INFO - Filling up the DagBag from /home/airflow/.local/lib/python3.7/site-packages/airflow/example_dags/example_complex.py
[2024-01-14T15:07:38.062+0000] {logging_mixin.py:120} INFO - [2024-01-14T15:07:38.061+0000] {taskmixin.py:205} WARNING - Dependency <Task(BashOperator): create_entry_group>, delete_entry_group already registered for DAG: example_complex
[2024-01-14T15:07:38.062+0000] {logging_mixin.py:120} INFO - [2024-01-14T15:07:38.062+0000] {taskmixin.py:205} WARNING - Dependency <Task(BashOperator): delete_entry_group>, create_entry_group already registered for DAG: example_complex
[2024-01-14T15:07:38.062+0000] {logging_mixin.py:120} INFO - [2024-01-14T15:07:38.062+0000] {taskmixin.py:205} WARNING - Dependency <Task(BashOperator): create_entry_gcs>, delete_entry already registered for DAG: example_complex
[2024-01-14T15:07:38.063+0000] {logging_mixin.py:120} INFO - [2024-01-14T15:07:38.062+0000] {taskmixin.py:205} WARNING - Dependency <Task(BashOperator): delete_entry>, create_entry_gcs already registered for DAG: example_complex
[2024-01-14T15:07:38.063+0000] {logging_mixin.py:120} INFO - [2024-01-14T15:07:38.063+0000] {taskmixin.py:205} WARNING - Dependency <Task(BashOperator): create_tag>, delete_tag already registered for DAG: example_complex
[2024-01-14T15:07:38.063+0000] {logging_mixin.py:120} INFO - [2024-01-14T15:07:38.063+0000] {taskmixin.py:205} WARNING - Dependency <Task(BashOperator): delete_tag>, create_tag already registered for DAG: example_complex
[2024-01-14T15:07:38.069+0000] {processor.py:766} INFO - DAG(s) dict_keys(['example_complex']) retrieved from /home/airflow/.local/lib/python3.7/site-packages/airflow/example_dags/example_complex.py
[2024-01-14T15:07:38.101+0000] {logging_mixin.py:120} INFO - [2024-01-14T15:07:38.101+0000] {dag.py:2585} INFO - Sync 1 DAGs
[2024-01-14T15:07:38.116+0000] {logging_mixin.py:120} INFO - [2024-01-14T15:07:38.116+0000] {dag.py:3340} INFO - Setting next_dagrun for example_complex to None, run_after=None
[2024-01-14T15:07:38.127+0000] {processor.py:176} INFO - Processing /home/airflow/.local/lib/python3.7/site-packages/airflow/example_dags/example_complex.py took 0.077 seconds
[2024-01-14T15:08:08.276+0000] {processor.py:154} INFO - Started process (PID=1051) to work on /home/airflow/.local/lib/python3.7/site-packages/airflow/example_dags/example_complex.py
[2024-01-14T15:08:08.277+0000] {processor.py:756} INFO - Processing file /home/airflow/.local/lib/python3.7/site-packages/airflow/example_dags/example_complex.py for tasks to queue
[2024-01-14T15:08:08.278+0000] {logging_mixin.py:120} INFO - [2024-01-14T15:08:08.277+0000] {dagbag.py:537} INFO - Filling up the DagBag from /home/airflow/.local/lib/python3.7/site-packages/airflow/example_dags/example_complex.py
[2024-01-14T15:08:08.286+0000] {logging_mixin.py:120} INFO - [2024-01-14T15:08:08.286+0000] {taskmixin.py:205} WARNING - Dependency <Task(BashOperator): create_entry_group>, delete_entry_group already registered for DAG: example_complex
[2024-01-14T15:08:08.286+0000] {logging_mixin.py:120} INFO - [2024-01-14T15:08:08.286+0000] {taskmixin.py:205} WARNING - Dependency <Task(BashOperator): delete_entry_group>, create_entry_group already registered for DAG: example_complex
[2024-01-14T15:08:08.287+0000] {logging_mixin.py:120} INFO - [2024-01-14T15:08:08.287+0000] {taskmixin.py:205} WARNING - Dependency <Task(BashOperator): create_entry_gcs>, delete_entry already registered for DAG: example_complex
[2024-01-14T15:08:08.287+0000] {logging_mixin.py:120} INFO - [2024-01-14T15:08:08.287+0000] {taskmixin.py:205} WARNING - Dependency <Task(BashOperator): delete_entry>, create_entry_gcs already registered for DAG: example_complex
[2024-01-14T15:08:08.287+0000] {logging_mixin.py:120} INFO - [2024-01-14T15:08:08.287+0000] {taskmixin.py:205} WARNING - Dependency <Task(BashOperator): create_tag>, delete_tag already registered for DAG: example_complex
[2024-01-14T15:08:08.287+0000] {logging_mixin.py:120} INFO - [2024-01-14T15:08:08.287+0000] {taskmixin.py:205} WARNING - Dependency <Task(BashOperator): delete_tag>, create_tag already registered for DAG: example_complex
[2024-01-14T15:08:08.293+0000] {processor.py:766} INFO - DAG(s) dict_keys(['example_complex']) retrieved from /home/airflow/.local/lib/python3.7/site-packages/airflow/example_dags/example_complex.py
[2024-01-14T15:08:08.325+0000] {logging_mixin.py:120} INFO - [2024-01-14T15:08:08.325+0000] {dag.py:2585} INFO - Sync 1 DAGs
[2024-01-14T15:08:08.341+0000] {logging_mixin.py:120} INFO - [2024-01-14T15:08:08.341+0000] {dag.py:3340} INFO - Setting next_dagrun for example_complex to None, run_after=None
[2024-01-14T15:08:08.352+0000] {processor.py:176} INFO - Processing /home/airflow/.local/lib/python3.7/site-packages/airflow/example_dags/example_complex.py took 0.079 seconds
[2024-01-14T15:08:39.210+0000] {processor.py:154} INFO - Started process (PID=1105) to work on /home/airflow/.local/lib/python3.7/site-packages/airflow/example_dags/example_complex.py
[2024-01-14T15:08:39.210+0000] {processor.py:756} INFO - Processing file /home/airflow/.local/lib/python3.7/site-packages/airflow/example_dags/example_complex.py for tasks to queue
[2024-01-14T15:08:39.211+0000] {logging_mixin.py:120} INFO - [2024-01-14T15:08:39.211+0000] {dagbag.py:537} INFO - Filling up the DagBag from /home/airflow/.local/lib/python3.7/site-packages/airflow/example_dags/example_complex.py
[2024-01-14T15:08:39.218+0000] {logging_mixin.py:120} INFO - [2024-01-14T15:08:39.218+0000] {taskmixin.py:205} WARNING - Dependency <Task(BashOperator): create_entry_group>, delete_entry_group already registered for DAG: example_complex
[2024-01-14T15:08:39.218+0000] {logging_mixin.py:120} INFO - [2024-01-14T15:08:39.218+0000] {taskmixin.py:205} WARNING - Dependency <Task(BashOperator): delete_entry_group>, create_entry_group already registered for DAG: example_complex
[2024-01-14T15:08:39.219+0000] {logging_mixin.py:120} INFO - [2024-01-14T15:08:39.218+0000] {taskmixin.py:205} WARNING - Dependency <Task(BashOperator): create_entry_gcs>, delete_entry already registered for DAG: example_complex
[2024-01-14T15:08:39.219+0000] {logging_mixin.py:120} INFO - [2024-01-14T15:08:39.219+0000] {taskmixin.py:205} WARNING - Dependency <Task(BashOperator): delete_entry>, create_entry_gcs already registered for DAG: example_complex
[2024-01-14T15:08:39.219+0000] {logging_mixin.py:120} INFO - [2024-01-14T15:08:39.219+0000] {taskmixin.py:205} WARNING - Dependency <Task(BashOperator): create_tag>, delete_tag already registered for DAG: example_complex
[2024-01-14T15:08:39.219+0000] {logging_mixin.py:120} INFO - [2024-01-14T15:08:39.219+0000] {taskmixin.py:205} WARNING - Dependency <Task(BashOperator): delete_tag>, create_tag already registered for DAG: example_complex
[2024-01-14T15:08:39.224+0000] {processor.py:766} INFO - DAG(s) dict_keys(['example_complex']) retrieved from /home/airflow/.local/lib/python3.7/site-packages/airflow/example_dags/example_complex.py
[2024-01-14T15:08:39.255+0000] {logging_mixin.py:120} INFO - [2024-01-14T15:08:39.255+0000] {dag.py:2585} INFO - Sync 1 DAGs
[2024-01-14T15:08:39.270+0000] {logging_mixin.py:120} INFO - [2024-01-14T15:08:39.270+0000] {dag.py:3340} INFO - Setting next_dagrun for example_complex to None, run_after=None
[2024-01-14T15:08:39.281+0000] {processor.py:176} INFO - Processing /home/airflow/.local/lib/python3.7/site-packages/airflow/example_dags/example_complex.py took 0.074 seconds
[2024-01-14T15:09:10.187+0000] {processor.py:154} INFO - Started process (PID=1168) to work on /home/airflow/.local/lib/python3.7/site-packages/airflow/example_dags/example_complex.py
[2024-01-14T15:09:10.188+0000] {processor.py:756} INFO - Processing file /home/airflow/.local/lib/python3.7/site-packages/airflow/example_dags/example_complex.py for tasks to queue
[2024-01-14T15:09:10.189+0000] {logging_mixin.py:120} INFO - [2024-01-14T15:09:10.189+0000] {dagbag.py:537} INFO - Filling up the DagBag from /home/airflow/.local/lib/python3.7/site-packages/airflow/example_dags/example_complex.py
[2024-01-14T15:09:10.197+0000] {logging_mixin.py:120} INFO - [2024-01-14T15:09:10.197+0000] {taskmixin.py:205} WARNING - Dependency <Task(BashOperator): create_entry_group>, delete_entry_group already registered for DAG: example_complex
[2024-01-14T15:09:10.197+0000] {logging_mixin.py:120} INFO - [2024-01-14T15:09:10.197+0000] {taskmixin.py:205} WARNING - Dependency <Task(BashOperator): delete_entry_group>, create_entry_group already registered for DAG: example_complex
[2024-01-14T15:09:10.198+0000] {logging_mixin.py:120} INFO - [2024-01-14T15:09:10.198+0000] {taskmixin.py:205} WARNING - Dependency <Task(BashOperator): create_entry_gcs>, delete_entry already registered for DAG: example_complex
[2024-01-14T15:09:10.198+0000] {logging_mixin.py:120} INFO - [2024-01-14T15:09:10.198+0000] {taskmixin.py:205} WARNING - Dependency <Task(BashOperator): delete_entry>, create_entry_gcs already registered for DAG: example_complex
[2024-01-14T15:09:10.198+0000] {logging_mixin.py:120} INFO - [2024-01-14T15:09:10.198+0000] {taskmixin.py:205} WARNING - Dependency <Task(BashOperator): create_tag>, delete_tag already registered for DAG: example_complex
[2024-01-14T15:09:10.198+0000] {logging_mixin.py:120} INFO - [2024-01-14T15:09:10.198+0000] {taskmixin.py:205} WARNING - Dependency <Task(BashOperator): delete_tag>, create_tag already registered for DAG: example_complex
[2024-01-14T15:09:10.203+0000] {processor.py:766} INFO - DAG(s) dict_keys(['example_complex']) retrieved from /home/airflow/.local/lib/python3.7/site-packages/airflow/example_dags/example_complex.py
[2024-01-14T15:09:10.235+0000] {logging_mixin.py:120} INFO - [2024-01-14T15:09:10.235+0000] {dag.py:2585} INFO - Sync 1 DAGs
[2024-01-14T15:09:10.252+0000] {logging_mixin.py:120} INFO - [2024-01-14T15:09:10.252+0000] {dag.py:3340} INFO - Setting next_dagrun for example_complex to None, run_after=None
[2024-01-14T15:09:10.264+0000] {processor.py:176} INFO - Processing /home/airflow/.local/lib/python3.7/site-packages/airflow/example_dags/example_complex.py took 0.079 seconds
[2024-01-14T15:09:41.185+0000] {processor.py:154} INFO - Started process (PID=1231) to work on /home/airflow/.local/lib/python3.7/site-packages/airflow/example_dags/example_complex.py
[2024-01-14T15:09:41.186+0000] {processor.py:756} INFO - Processing file /home/airflow/.local/lib/python3.7/site-packages/airflow/example_dags/example_complex.py for tasks to queue
[2024-01-14T15:09:41.187+0000] {logging_mixin.py:120} INFO - [2024-01-14T15:09:41.187+0000] {dagbag.py:537} INFO - Filling up the DagBag from /home/airflow/.local/lib/python3.7/site-packages/airflow/example_dags/example_complex.py
[2024-01-14T15:09:41.194+0000] {logging_mixin.py:120} INFO - [2024-01-14T15:09:41.194+0000] {taskmixin.py:205} WARNING - Dependency <Task(BashOperator): create_entry_group>, delete_entry_group already registered for DAG: example_complex
[2024-01-14T15:09:41.195+0000] {logging_mixin.py:120} INFO - [2024-01-14T15:09:41.195+0000] {taskmixin.py:205} WARNING - Dependency <Task(BashOperator): delete_entry_group>, create_entry_group already registered for DAG: example_complex
[2024-01-14T15:09:41.195+0000] {logging_mixin.py:120} INFO - [2024-01-14T15:09:41.195+0000] {taskmixin.py:205} WARNING - Dependency <Task(BashOperator): create_entry_gcs>, delete_entry already registered for DAG: example_complex
[2024-01-14T15:09:41.195+0000] {logging_mixin.py:120} INFO - [2024-01-14T15:09:41.195+0000] {taskmixin.py:205} WARNING - Dependency <Task(BashOperator): delete_entry>, create_entry_gcs already registered for DAG: example_complex
[2024-01-14T15:09:41.196+0000] {logging_mixin.py:120} INFO - [2024-01-14T15:09:41.196+0000] {taskmixin.py:205} WARNING - Dependency <Task(BashOperator): create_tag>, delete_tag already registered for DAG: example_complex
[2024-01-14T15:09:41.196+0000] {logging_mixin.py:120} INFO - [2024-01-14T15:09:41.196+0000] {taskmixin.py:205} WARNING - Dependency <Task(BashOperator): delete_tag>, create_tag already registered for DAG: example_complex
[2024-01-14T15:09:41.200+0000] {processor.py:766} INFO - DAG(s) dict_keys(['example_complex']) retrieved from /home/airflow/.local/lib/python3.7/site-packages/airflow/example_dags/example_complex.py
[2024-01-14T15:09:41.231+0000] {logging_mixin.py:120} INFO - [2024-01-14T15:09:41.231+0000] {dag.py:2585} INFO - Sync 1 DAGs
[2024-01-14T15:09:41.245+0000] {logging_mixin.py:120} INFO - [2024-01-14T15:09:41.245+0000] {dag.py:3340} INFO - Setting next_dagrun for example_complex to None, run_after=None
[2024-01-14T15:09:41.256+0000] {processor.py:176} INFO - Processing /home/airflow/.local/lib/python3.7/site-packages/airflow/example_dags/example_complex.py took 0.073 seconds
[2024-01-14T15:10:12.117+0000] {processor.py:154} INFO - Started process (PID=1294) to work on /home/airflow/.local/lib/python3.7/site-packages/airflow/example_dags/example_complex.py
[2024-01-14T15:10:12.118+0000] {processor.py:756} INFO - Processing file /home/airflow/.local/lib/python3.7/site-packages/airflow/example_dags/example_complex.py for tasks to queue
[2024-01-14T15:10:12.118+0000] {logging_mixin.py:120} INFO - [2024-01-14T15:10:12.118+0000] {dagbag.py:537} INFO - Filling up the DagBag from /home/airflow/.local/lib/python3.7/site-packages/airflow/example_dags/example_complex.py
[2024-01-14T15:10:12.126+0000] {logging_mixin.py:120} INFO - [2024-01-14T15:10:12.126+0000] {taskmixin.py:205} WARNING - Dependency <Task(BashOperator): create_entry_group>, delete_entry_group already registered for DAG: example_complex
[2024-01-14T15:10:12.126+0000] {logging_mixin.py:120} INFO - [2024-01-14T15:10:12.126+0000] {taskmixin.py:205} WARNING - Dependency <Task(BashOperator): delete_entry_group>, create_entry_group already registered for DAG: example_complex
[2024-01-14T15:10:12.127+0000] {logging_mixin.py:120} INFO - [2024-01-14T15:10:12.127+0000] {taskmixin.py:205} WARNING - Dependency <Task(BashOperator): create_entry_gcs>, delete_entry already registered for DAG: example_complex
[2024-01-14T15:10:12.127+0000] {logging_mixin.py:120} INFO - [2024-01-14T15:10:12.127+0000] {taskmixin.py:205} WARNING - Dependency <Task(BashOperator): delete_entry>, create_entry_gcs already registered for DAG: example_complex
[2024-01-14T15:10:12.127+0000] {logging_mixin.py:120} INFO - [2024-01-14T15:10:12.127+0000] {taskmixin.py:205} WARNING - Dependency <Task(BashOperator): create_tag>, delete_tag already registered for DAG: example_complex
[2024-01-14T15:10:12.127+0000] {logging_mixin.py:120} INFO - [2024-01-14T15:10:12.127+0000] {taskmixin.py:205} WARNING - Dependency <Task(BashOperator): delete_tag>, create_tag already registered for DAG: example_complex
[2024-01-14T15:10:12.132+0000] {processor.py:766} INFO - DAG(s) dict_keys(['example_complex']) retrieved from /home/airflow/.local/lib/python3.7/site-packages/airflow/example_dags/example_complex.py
[2024-01-14T15:10:12.163+0000] {logging_mixin.py:120} INFO - [2024-01-14T15:10:12.163+0000] {dag.py:2585} INFO - Sync 1 DAGs
[2024-01-14T15:10:12.178+0000] {logging_mixin.py:120} INFO - [2024-01-14T15:10:12.178+0000] {dag.py:3340} INFO - Setting next_dagrun for example_complex to None, run_after=None
[2024-01-14T15:10:12.189+0000] {processor.py:176} INFO - Processing /home/airflow/.local/lib/python3.7/site-packages/airflow/example_dags/example_complex.py took 0.074 seconds
[2024-01-14T15:10:42.976+0000] {processor.py:154} INFO - Started process (PID=1357) to work on /home/airflow/.local/lib/python3.7/site-packages/airflow/example_dags/example_complex.py
[2024-01-14T15:10:42.977+0000] {processor.py:756} INFO - Processing file /home/airflow/.local/lib/python3.7/site-packages/airflow/example_dags/example_complex.py for tasks to queue
[2024-01-14T15:10:42.978+0000] {logging_mixin.py:120} INFO - [2024-01-14T15:10:42.978+0000] {dagbag.py:537} INFO - Filling up the DagBag from /home/airflow/.local/lib/python3.7/site-packages/airflow/example_dags/example_complex.py
[2024-01-14T15:10:42.985+0000] {logging_mixin.py:120} INFO - [2024-01-14T15:10:42.985+0000] {taskmixin.py:205} WARNING - Dependency <Task(BashOperator): create_entry_group>, delete_entry_group already registered for DAG: example_complex
[2024-01-14T15:10:42.986+0000] {logging_mixin.py:120} INFO - [2024-01-14T15:10:42.985+0000] {taskmixin.py:205} WARNING - Dependency <Task(BashOperator): delete_entry_group>, create_entry_group already registered for DAG: example_complex
[2024-01-14T15:10:42.986+0000] {logging_mixin.py:120} INFO - [2024-01-14T15:10:42.986+0000] {taskmixin.py:205} WARNING - Dependency <Task(BashOperator): create_entry_gcs>, delete_entry already registered for DAG: example_complex
[2024-01-14T15:10:42.986+0000] {logging_mixin.py:120} INFO - [2024-01-14T15:10:42.986+0000] {taskmixin.py:205} WARNING - Dependency <Task(BashOperator): delete_entry>, create_entry_gcs already registered for DAG: example_complex
[2024-01-14T15:10:42.986+0000] {logging_mixin.py:120} INFO - [2024-01-14T15:10:42.986+0000] {taskmixin.py:205} WARNING - Dependency <Task(BashOperator): create_tag>, delete_tag already registered for DAG: example_complex
[2024-01-14T15:10:42.987+0000] {logging_mixin.py:120} INFO - [2024-01-14T15:10:42.986+0000] {taskmixin.py:205} WARNING - Dependency <Task(BashOperator): delete_tag>, create_tag already registered for DAG: example_complex
[2024-01-14T15:10:42.992+0000] {processor.py:766} INFO - DAG(s) dict_keys(['example_complex']) retrieved from /home/airflow/.local/lib/python3.7/site-packages/airflow/example_dags/example_complex.py
[2024-01-14T15:10:43.022+0000] {logging_mixin.py:120} INFO - [2024-01-14T15:10:43.022+0000] {dag.py:2585} INFO - Sync 1 DAGs
[2024-01-14T15:10:43.037+0000] {logging_mixin.py:120} INFO - [2024-01-14T15:10:43.037+0000] {dag.py:3340} INFO - Setting next_dagrun for example_complex to None, run_after=None
[2024-01-14T15:10:43.049+0000] {processor.py:176} INFO - Processing /home/airflow/.local/lib/python3.7/site-packages/airflow/example_dags/example_complex.py took 0.075 seconds
[2024-01-14T15:11:45.018+0000] {processor.py:154} INFO - Started process (PID=1483) to work on /home/airflow/.local/lib/python3.7/site-packages/airflow/example_dags/example_complex.py
[2024-01-14T15:11:45.019+0000] {processor.py:756} INFO - Processing file /home/airflow/.local/lib/python3.7/site-packages/airflow/example_dags/example_complex.py for tasks to queue
[2024-01-14T15:11:45.019+0000] {logging_mixin.py:120} INFO - [2024-01-14T15:11:45.019+0000] {dagbag.py:537} INFO - Filling up the DagBag from /home/airflow/.local/lib/python3.7/site-packages/airflow/example_dags/example_complex.py
[2024-01-14T15:11:45.027+0000] {logging_mixin.py:120} INFO - [2024-01-14T15:11:45.027+0000] {taskmixin.py:205} WARNING - Dependency <Task(BashOperator): create_entry_group>, delete_entry_group already registered for DAG: example_complex
[2024-01-14T15:11:45.027+0000] {logging_mixin.py:120} INFO - [2024-01-14T15:11:45.027+0000] {taskmixin.py:205} WARNING - Dependency <Task(BashOperator): delete_entry_group>, create_entry_group already registered for DAG: example_complex
[2024-01-14T15:11:45.027+0000] {logging_mixin.py:120} INFO - [2024-01-14T15:11:45.027+0000] {taskmixin.py:205} WARNING - Dependency <Task(BashOperator): create_entry_gcs>, delete_entry already registered for DAG: example_complex
[2024-01-14T15:11:45.027+0000] {logging_mixin.py:120} INFO - [2024-01-14T15:11:45.027+0000] {taskmixin.py:205} WARNING - Dependency <Task(BashOperator): delete_entry>, create_entry_gcs already registered for DAG: example_complex
[2024-01-14T15:11:45.028+0000] {logging_mixin.py:120} INFO - [2024-01-14T15:11:45.028+0000] {taskmixin.py:205} WARNING - Dependency <Task(BashOperator): create_tag>, delete_tag already registered for DAG: example_complex
[2024-01-14T15:11:45.028+0000] {logging_mixin.py:120} INFO - [2024-01-14T15:11:45.028+0000] {taskmixin.py:205} WARNING - Dependency <Task(BashOperator): delete_tag>, create_tag already registered for DAG: example_complex
[2024-01-14T15:11:45.033+0000] {processor.py:766} INFO - DAG(s) dict_keys(['example_complex']) retrieved from /home/airflow/.local/lib/python3.7/site-packages/airflow/example_dags/example_complex.py
[2024-01-14T15:11:45.065+0000] {logging_mixin.py:120} INFO - [2024-01-14T15:11:45.065+0000] {dag.py:2585} INFO - Sync 1 DAGs
[2024-01-14T15:11:45.081+0000] {logging_mixin.py:120} INFO - [2024-01-14T15:11:45.081+0000] {dag.py:3340} INFO - Setting next_dagrun for example_complex to None, run_after=None
[2024-01-14T15:11:45.094+0000] {processor.py:176} INFO - Processing /home/airflow/.local/lib/python3.7/site-packages/airflow/example_dags/example_complex.py took 0.078 seconds
[2024-01-14T15:12:16.075+0000] {processor.py:154} INFO - Started process (PID=1544) to work on /home/airflow/.local/lib/python3.7/site-packages/airflow/example_dags/example_complex.py
[2024-01-14T15:12:16.076+0000] {processor.py:756} INFO - Processing file /home/airflow/.local/lib/python3.7/site-packages/airflow/example_dags/example_complex.py for tasks to queue
[2024-01-14T15:12:16.076+0000] {logging_mixin.py:120} INFO - [2024-01-14T15:12:16.076+0000] {dagbag.py:537} INFO - Filling up the DagBag from /home/airflow/.local/lib/python3.7/site-packages/airflow/example_dags/example_complex.py
[2024-01-14T15:12:16.084+0000] {logging_mixin.py:120} INFO - [2024-01-14T15:12:16.084+0000] {taskmixin.py:205} WARNING - Dependency <Task(BashOperator): create_entry_group>, delete_entry_group already registered for DAG: example_complex
[2024-01-14T15:12:16.084+0000] {logging_mixin.py:120} INFO - [2024-01-14T15:12:16.084+0000] {taskmixin.py:205} WARNING - Dependency <Task(BashOperator): delete_entry_group>, create_entry_group already registered for DAG: example_complex
[2024-01-14T15:12:16.085+0000] {logging_mixin.py:120} INFO - [2024-01-14T15:12:16.085+0000] {taskmixin.py:205} WARNING - Dependency <Task(BashOperator): create_entry_gcs>, delete_entry already registered for DAG: example_complex
[2024-01-14T15:12:16.085+0000] {logging_mixin.py:120} INFO - [2024-01-14T15:12:16.085+0000] {taskmixin.py:205} WARNING - Dependency <Task(BashOperator): delete_entry>, create_entry_gcs already registered for DAG: example_complex
[2024-01-14T15:12:16.085+0000] {logging_mixin.py:120} INFO - [2024-01-14T15:12:16.085+0000] {taskmixin.py:205} WARNING - Dependency <Task(BashOperator): create_tag>, delete_tag already registered for DAG: example_complex
[2024-01-14T15:12:16.085+0000] {logging_mixin.py:120} INFO - [2024-01-14T15:12:16.085+0000] {taskmixin.py:205} WARNING - Dependency <Task(BashOperator): delete_tag>, create_tag already registered for DAG: example_complex
[2024-01-14T15:12:16.090+0000] {processor.py:766} INFO - DAG(s) dict_keys(['example_complex']) retrieved from /home/airflow/.local/lib/python3.7/site-packages/airflow/example_dags/example_complex.py
[2024-01-14T15:12:16.119+0000] {logging_mixin.py:120} INFO - [2024-01-14T15:12:16.119+0000] {dag.py:2585} INFO - Sync 1 DAGs
[2024-01-14T15:12:16.142+0000] {logging_mixin.py:120} INFO - [2024-01-14T15:12:16.142+0000] {dag.py:3340} INFO - Setting next_dagrun for example_complex to None, run_after=None
[2024-01-14T15:12:16.163+0000] {processor.py:176} INFO - Processing /home/airflow/.local/lib/python3.7/site-packages/airflow/example_dags/example_complex.py took 0.091 seconds
[2024-01-14T15:12:46.937+0000] {processor.py:154} INFO - Started process (PID=1600) to work on /home/airflow/.local/lib/python3.7/site-packages/airflow/example_dags/example_complex.py
[2024-01-14T15:12:46.938+0000] {processor.py:756} INFO - Processing file /home/airflow/.local/lib/python3.7/site-packages/airflow/example_dags/example_complex.py for tasks to queue
[2024-01-14T15:12:46.938+0000] {logging_mixin.py:120} INFO - [2024-01-14T15:12:46.938+0000] {dagbag.py:537} INFO - Filling up the DagBag from /home/airflow/.local/lib/python3.7/site-packages/airflow/example_dags/example_complex.py
[2024-01-14T15:12:46.946+0000] {logging_mixin.py:120} INFO - [2024-01-14T15:12:46.946+0000] {taskmixin.py:205} WARNING - Dependency <Task(BashOperator): create_entry_group>, delete_entry_group already registered for DAG: example_complex
[2024-01-14T15:12:46.946+0000] {logging_mixin.py:120} INFO - [2024-01-14T15:12:46.946+0000] {taskmixin.py:205} WARNING - Dependency <Task(BashOperator): delete_entry_group>, create_entry_group already registered for DAG: example_complex
[2024-01-14T15:12:46.946+0000] {logging_mixin.py:120} INFO - [2024-01-14T15:12:46.946+0000] {taskmixin.py:205} WARNING - Dependency <Task(BashOperator): create_entry_gcs>, delete_entry already registered for DAG: example_complex
[2024-01-14T15:12:46.947+0000] {logging_mixin.py:120} INFO - [2024-01-14T15:12:46.947+0000] {taskmixin.py:205} WARNING - Dependency <Task(BashOperator): delete_entry>, create_entry_gcs already registered for DAG: example_complex
[2024-01-14T15:12:46.947+0000] {logging_mixin.py:120} INFO - [2024-01-14T15:12:46.947+0000] {taskmixin.py:205} WARNING - Dependency <Task(BashOperator): create_tag>, delete_tag already registered for DAG: example_complex
[2024-01-14T15:12:46.947+0000] {logging_mixin.py:120} INFO - [2024-01-14T15:12:46.947+0000] {taskmixin.py:205} WARNING - Dependency <Task(BashOperator): delete_tag>, create_tag already registered for DAG: example_complex
[2024-01-14T15:12:46.952+0000] {processor.py:766} INFO - DAG(s) dict_keys(['example_complex']) retrieved from /home/airflow/.local/lib/python3.7/site-packages/airflow/example_dags/example_complex.py
[2024-01-14T15:12:46.982+0000] {logging_mixin.py:120} INFO - [2024-01-14T15:12:46.982+0000] {dag.py:2585} INFO - Sync 1 DAGs
[2024-01-14T15:12:46.997+0000] {logging_mixin.py:120} INFO - [2024-01-14T15:12:46.997+0000] {dag.py:3340} INFO - Setting next_dagrun for example_complex to None, run_after=None
[2024-01-14T15:12:47.008+0000] {processor.py:176} INFO - Processing /home/airflow/.local/lib/python3.7/site-packages/airflow/example_dags/example_complex.py took 0.073 seconds
[2024-01-14T15:13:17.994+0000] {processor.py:154} INFO - Started process (PID=1663) to work on /home/airflow/.local/lib/python3.7/site-packages/airflow/example_dags/example_complex.py
[2024-01-14T15:13:17.995+0000] {processor.py:756} INFO - Processing file /home/airflow/.local/lib/python3.7/site-packages/airflow/example_dags/example_complex.py for tasks to queue
[2024-01-14T15:13:17.996+0000] {logging_mixin.py:120} INFO - [2024-01-14T15:13:17.996+0000] {dagbag.py:537} INFO - Filling up the DagBag from /home/airflow/.local/lib/python3.7/site-packages/airflow/example_dags/example_complex.py
[2024-01-14T15:13:18.004+0000] {logging_mixin.py:120} INFO - [2024-01-14T15:13:18.004+0000] {taskmixin.py:205} WARNING - Dependency <Task(BashOperator): create_entry_group>, delete_entry_group already registered for DAG: example_complex
[2024-01-14T15:13:18.005+0000] {logging_mixin.py:120} INFO - [2024-01-14T15:13:18.005+0000] {taskmixin.py:205} WARNING - Dependency <Task(BashOperator): delete_entry_group>, create_entry_group already registered for DAG: example_complex
[2024-01-14T15:13:18.005+0000] {logging_mixin.py:120} INFO - [2024-01-14T15:13:18.005+0000] {taskmixin.py:205} WARNING - Dependency <Task(BashOperator): create_entry_gcs>, delete_entry already registered for DAG: example_complex
[2024-01-14T15:13:18.005+0000] {logging_mixin.py:120} INFO - [2024-01-14T15:13:18.005+0000] {taskmixin.py:205} WARNING - Dependency <Task(BashOperator): delete_entry>, create_entry_gcs already registered for DAG: example_complex
[2024-01-14T15:13:18.006+0000] {logging_mixin.py:120} INFO - [2024-01-14T15:13:18.006+0000] {taskmixin.py:205} WARNING - Dependency <Task(BashOperator): create_tag>, delete_tag already registered for DAG: example_complex
[2024-01-14T15:13:18.006+0000] {logging_mixin.py:120} INFO - [2024-01-14T15:13:18.006+0000] {taskmixin.py:205} WARNING - Dependency <Task(BashOperator): delete_tag>, create_tag already registered for DAG: example_complex
[2024-01-14T15:13:18.011+0000] {processor.py:766} INFO - DAG(s) dict_keys(['example_complex']) retrieved from /home/airflow/.local/lib/python3.7/site-packages/airflow/example_dags/example_complex.py
[2024-01-14T15:13:18.042+0000] {logging_mixin.py:120} INFO - [2024-01-14T15:13:18.042+0000] {dag.py:2585} INFO - Sync 1 DAGs
[2024-01-14T15:13:18.057+0000] {logging_mixin.py:120} INFO - [2024-01-14T15:13:18.057+0000] {dag.py:3340} INFO - Setting next_dagrun for example_complex to None, run_after=None
[2024-01-14T15:13:18.069+0000] {processor.py:176} INFO - Processing /home/airflow/.local/lib/python3.7/site-packages/airflow/example_dags/example_complex.py took 0.077 seconds
[2024-01-14T15:13:48.865+0000] {processor.py:154} INFO - Started process (PID=1726) to work on /home/airflow/.local/lib/python3.7/site-packages/airflow/example_dags/example_complex.py
[2024-01-14T15:13:48.866+0000] {processor.py:756} INFO - Processing file /home/airflow/.local/lib/python3.7/site-packages/airflow/example_dags/example_complex.py for tasks to queue
[2024-01-14T15:13:48.867+0000] {logging_mixin.py:120} INFO - [2024-01-14T15:13:48.867+0000] {dagbag.py:537} INFO - Filling up the DagBag from /home/airflow/.local/lib/python3.7/site-packages/airflow/example_dags/example_complex.py
[2024-01-14T15:13:48.875+0000] {logging_mixin.py:120} INFO - [2024-01-14T15:13:48.874+0000] {taskmixin.py:205} WARNING - Dependency <Task(BashOperator): create_entry_group>, delete_entry_group already registered for DAG: example_complex
[2024-01-14T15:13:48.875+0000] {logging_mixin.py:120} INFO - [2024-01-14T15:13:48.875+0000] {taskmixin.py:205} WARNING - Dependency <Task(BashOperator): delete_entry_group>, create_entry_group already registered for DAG: example_complex
[2024-01-14T15:13:48.875+0000] {logging_mixin.py:120} INFO - [2024-01-14T15:13:48.875+0000] {taskmixin.py:205} WARNING - Dependency <Task(BashOperator): create_entry_gcs>, delete_entry already registered for DAG: example_complex
[2024-01-14T15:13:48.875+0000] {logging_mixin.py:120} INFO - [2024-01-14T15:13:48.875+0000] {taskmixin.py:205} WARNING - Dependency <Task(BashOperator): delete_entry>, create_entry_gcs already registered for DAG: example_complex
[2024-01-14T15:13:48.876+0000] {logging_mixin.py:120} INFO - [2024-01-14T15:13:48.876+0000] {taskmixin.py:205} WARNING - Dependency <Task(BashOperator): create_tag>, delete_tag already registered for DAG: example_complex
[2024-01-14T15:13:48.876+0000] {logging_mixin.py:120} INFO - [2024-01-14T15:13:48.876+0000] {taskmixin.py:205} WARNING - Dependency <Task(BashOperator): delete_tag>, create_tag already registered for DAG: example_complex
[2024-01-14T15:13:48.881+0000] {processor.py:766} INFO - DAG(s) dict_keys(['example_complex']) retrieved from /home/airflow/.local/lib/python3.7/site-packages/airflow/example_dags/example_complex.py
[2024-01-14T15:13:48.912+0000] {logging_mixin.py:120} INFO - [2024-01-14T15:13:48.912+0000] {dag.py:2585} INFO - Sync 1 DAGs
[2024-01-14T15:13:48.927+0000] {logging_mixin.py:120} INFO - [2024-01-14T15:13:48.927+0000] {dag.py:3340} INFO - Setting next_dagrun for example_complex to None, run_after=None
[2024-01-14T15:13:48.938+0000] {processor.py:176} INFO - Processing /home/airflow/.local/lib/python3.7/site-packages/airflow/example_dags/example_complex.py took 0.074 seconds
