[2024-01-14T15:00:01.995+0000] {processor.py:154} INFO - Started process (PID=79) to work on /home/airflow/.local/lib/python3.7/site-packages/airflow/example_dags/example_branch_datetime_operator.py
[2024-01-14T15:00:01.996+0000] {processor.py:756} INFO - Processing file /home/airflow/.local/lib/python3.7/site-packages/airflow/example_dags/example_branch_datetime_operator.py for tasks to queue
[2024-01-14T15:00:01.997+0000] {logging_mixin.py:120} INFO - [2024-01-14T15:00:01.997+0000] {dagbag.py:537} INFO - Filling up the DagBag from /home/airflow/.local/lib/python3.7/site-packages/airflow/example_dags/example_branch_datetime_operator.py
[2024-01-14T15:00:02.010+0000] {processor.py:766} INFO - DAG(s) dict_keys(['example_branch_datetime_operator_2', 'example_branch_datetime_operator_3', 'example_branch_datetime_operator']) retrieved from /home/airflow/.local/lib/python3.7/site-packages/airflow/example_dags/example_branch_datetime_operator.py
[2024-01-14T15:00:02.104+0000] {logging_mixin.py:120} INFO - [2024-01-14T15:00:02.104+0000] {manager.py:507} INFO - Created Permission View: can read on DAG:example_branch_datetime_operator_2
[2024-01-14T15:00:02.112+0000] {logging_mixin.py:120} INFO - [2024-01-14T15:00:02.112+0000] {manager.py:507} INFO - Created Permission View: can edit on DAG:example_branch_datetime_operator_2
[2024-01-14T15:00:02.119+0000] {logging_mixin.py:120} INFO - [2024-01-14T15:00:02.119+0000] {manager.py:507} INFO - Created Permission View: can delete on DAG:example_branch_datetime_operator_2
[2024-01-14T15:00:02.132+0000] {logging_mixin.py:120} INFO - [2024-01-14T15:00:02.132+0000] {manager.py:507} INFO - Created Permission View: can read on DAG:example_branch_datetime_operator_3
[2024-01-14T15:00:02.141+0000] {logging_mixin.py:120} INFO - [2024-01-14T15:00:02.141+0000] {manager.py:507} INFO - Created Permission View: can edit on DAG:example_branch_datetime_operator_3
[2024-01-14T15:00:02.151+0000] {logging_mixin.py:120} INFO - [2024-01-14T15:00:02.151+0000] {manager.py:507} INFO - Created Permission View: can delete on DAG:example_branch_datetime_operator_3
[2024-01-14T15:00:02.177+0000] {logging_mixin.py:120} INFO - [2024-01-14T15:00:02.177+0000] {manager.py:507} INFO - Created Permission View: can read on DAG:example_branch_datetime_operator
[2024-01-14T15:00:02.188+0000] {logging_mixin.py:120} INFO - [2024-01-14T15:00:02.188+0000] {manager.py:507} INFO - Created Permission View: can edit on DAG:example_branch_datetime_operator
[2024-01-14T15:00:02.199+0000] {logging_mixin.py:120} INFO - [2024-01-14T15:00:02.199+0000] {manager.py:507} INFO - Created Permission View: can delete on DAG:example_branch_datetime_operator
[2024-01-14T15:00:02.200+0000] {logging_mixin.py:120} INFO - [2024-01-14T15:00:02.199+0000] {dag.py:2585} INFO - Sync 3 DAGs
[2024-01-14T15:00:02.217+0000] {logging_mixin.py:120} INFO - [2024-01-14T15:00:02.217+0000] {dag.py:2606} INFO - Creating ORM DAG for example_branch_datetime_operator_2
[2024-01-14T15:00:02.218+0000] {logging_mixin.py:120} INFO - [2024-01-14T15:00:02.218+0000] {dag.py:2606} INFO - Creating ORM DAG for example_branch_datetime_operator_3
[2024-01-14T15:00:02.219+0000] {logging_mixin.py:120} INFO - [2024-01-14T15:00:02.219+0000] {dag.py:2606} INFO - Creating ORM DAG for example_branch_datetime_operator
[2024-01-14T15:00:02.231+0000] {logging_mixin.py:120} INFO - [2024-01-14T15:00:02.231+0000] {dag.py:3340} INFO - Setting next_dagrun for example_branch_datetime_operator to 2024-01-13T00:00:00+00:00, run_after=2024-01-14T00:00:00+00:00
[2024-01-14T15:00:02.234+0000] {logging_mixin.py:120} INFO - [2024-01-14T15:00:02.233+0000] {dag.py:3340} INFO - Setting next_dagrun for example_branch_datetime_operator_2 to 2024-01-13T00:00:00+00:00, run_after=2024-01-14T00:00:00+00:00
[2024-01-14T15:00:02.236+0000] {logging_mixin.py:120} INFO - [2024-01-14T15:00:02.236+0000] {dag.py:3340} INFO - Setting next_dagrun for example_branch_datetime_operator_3 to 2024-01-13T00:00:00+00:00, run_after=2024-01-14T00:00:00+00:00
[2024-01-14T15:00:02.276+0000] {processor.py:176} INFO - Processing /home/airflow/.local/lib/python3.7/site-packages/airflow/example_dags/example_branch_datetime_operator.py took 0.283 seconds
[2024-01-14T15:00:32.450+0000] {processor.py:154} INFO - Started process (PID=133) to work on /home/airflow/.local/lib/python3.7/site-packages/airflow/example_dags/example_branch_datetime_operator.py
[2024-01-14T15:00:32.451+0000] {processor.py:756} INFO - Processing file /home/airflow/.local/lib/python3.7/site-packages/airflow/example_dags/example_branch_datetime_operator.py for tasks to queue
[2024-01-14T15:00:32.451+0000] {logging_mixin.py:120} INFO - [2024-01-14T15:00:32.451+0000] {dagbag.py:537} INFO - Filling up the DagBag from /home/airflow/.local/lib/python3.7/site-packages/airflow/example_dags/example_branch_datetime_operator.py
[2024-01-14T15:00:32.464+0000] {processor.py:766} INFO - DAG(s) dict_keys(['example_branch_datetime_operator_2', 'example_branch_datetime_operator', 'example_branch_datetime_operator_3']) retrieved from /home/airflow/.local/lib/python3.7/site-packages/airflow/example_dags/example_branch_datetime_operator.py
[2024-01-14T15:00:32.493+0000] {logging_mixin.py:120} INFO - [2024-01-14T15:00:32.493+0000] {dag.py:2585} INFO - Sync 3 DAGs
[2024-01-14T15:00:32.510+0000] {logging_mixin.py:120} INFO - [2024-01-14T15:00:32.510+0000] {dag.py:3340} INFO - Setting next_dagrun for example_branch_datetime_operator to 2024-01-13T00:00:00+00:00, run_after=2024-01-14T00:00:00+00:00
[2024-01-14T15:00:32.513+0000] {logging_mixin.py:120} INFO - [2024-01-14T15:00:32.513+0000] {dag.py:3340} INFO - Setting next_dagrun for example_branch_datetime_operator_2 to 2024-01-13T00:00:00+00:00, run_after=2024-01-14T00:00:00+00:00
[2024-01-14T15:00:32.515+0000] {logging_mixin.py:120} INFO - [2024-01-14T15:00:32.515+0000] {dag.py:3340} INFO - Setting next_dagrun for example_branch_datetime_operator_3 to 2024-01-13T00:00:00+00:00, run_after=2024-01-14T00:00:00+00:00
[2024-01-14T15:00:32.525+0000] {processor.py:176} INFO - Processing /home/airflow/.local/lib/python3.7/site-packages/airflow/example_dags/example_branch_datetime_operator.py took 0.077 seconds
[2024-01-14T15:01:02.621+0000] {processor.py:154} INFO - Started process (PID=197) to work on /home/airflow/.local/lib/python3.7/site-packages/airflow/example_dags/example_branch_datetime_operator.py
[2024-01-14T15:01:02.622+0000] {processor.py:756} INFO - Processing file /home/airflow/.local/lib/python3.7/site-packages/airflow/example_dags/example_branch_datetime_operator.py for tasks to queue
[2024-01-14T15:01:02.622+0000] {logging_mixin.py:120} INFO - [2024-01-14T15:01:02.622+0000] {dagbag.py:537} INFO - Filling up the DagBag from /home/airflow/.local/lib/python3.7/site-packages/airflow/example_dags/example_branch_datetime_operator.py
[2024-01-14T15:01:02.634+0000] {processor.py:766} INFO - DAG(s) dict_keys(['example_branch_datetime_operator_2', 'example_branch_datetime_operator_3', 'example_branch_datetime_operator']) retrieved from /home/airflow/.local/lib/python3.7/site-packages/airflow/example_dags/example_branch_datetime_operator.py
[2024-01-14T15:01:02.663+0000] {logging_mixin.py:120} INFO - [2024-01-14T15:01:02.663+0000] {dag.py:2585} INFO - Sync 3 DAGs
[2024-01-14T15:01:02.680+0000] {logging_mixin.py:120} INFO - [2024-01-14T15:01:02.680+0000] {dag.py:3340} INFO - Setting next_dagrun for example_branch_datetime_operator to 2024-01-13T00:00:00+00:00, run_after=2024-01-14T00:00:00+00:00
[2024-01-14T15:01:02.683+0000] {logging_mixin.py:120} INFO - [2024-01-14T15:01:02.682+0000] {dag.py:3340} INFO - Setting next_dagrun for example_branch_datetime_operator_2 to 2024-01-13T00:00:00+00:00, run_after=2024-01-14T00:00:00+00:00
[2024-01-14T15:01:02.684+0000] {logging_mixin.py:120} INFO - [2024-01-14T15:01:02.684+0000] {dag.py:3340} INFO - Setting next_dagrun for example_branch_datetime_operator_3 to 2024-01-13T00:00:00+00:00, run_after=2024-01-14T00:00:00+00:00
[2024-01-14T15:01:02.694+0000] {processor.py:176} INFO - Processing /home/airflow/.local/lib/python3.7/site-packages/airflow/example_dags/example_branch_datetime_operator.py took 0.075 seconds
[2024-01-14T15:01:33.621+0000] {processor.py:154} INFO - Started process (PID=260) to work on /home/airflow/.local/lib/python3.7/site-packages/airflow/example_dags/example_branch_datetime_operator.py
[2024-01-14T15:01:33.622+0000] {processor.py:756} INFO - Processing file /home/airflow/.local/lib/python3.7/site-packages/airflow/example_dags/example_branch_datetime_operator.py for tasks to queue
[2024-01-14T15:01:33.622+0000] {logging_mixin.py:120} INFO - [2024-01-14T15:01:33.622+0000] {dagbag.py:537} INFO - Filling up the DagBag from /home/airflow/.local/lib/python3.7/site-packages/airflow/example_dags/example_branch_datetime_operator.py
[2024-01-14T15:01:33.635+0000] {processor.py:766} INFO - DAG(s) dict_keys(['example_branch_datetime_operator_3', 'example_branch_datetime_operator_2', 'example_branch_datetime_operator']) retrieved from /home/airflow/.local/lib/python3.7/site-packages/airflow/example_dags/example_branch_datetime_operator.py
[2024-01-14T15:01:33.665+0000] {logging_mixin.py:120} INFO - [2024-01-14T15:01:33.665+0000] {dag.py:2585} INFO - Sync 3 DAGs
[2024-01-14T15:01:33.681+0000] {logging_mixin.py:120} INFO - [2024-01-14T15:01:33.681+0000] {dag.py:3340} INFO - Setting next_dagrun for example_branch_datetime_operator to 2024-01-13T00:00:00+00:00, run_after=2024-01-14T00:00:00+00:00
[2024-01-14T15:01:33.684+0000] {logging_mixin.py:120} INFO - [2024-01-14T15:01:33.684+0000] {dag.py:3340} INFO - Setting next_dagrun for example_branch_datetime_operator_2 to 2024-01-13T00:00:00+00:00, run_after=2024-01-14T00:00:00+00:00
[2024-01-14T15:01:33.686+0000] {logging_mixin.py:120} INFO - [2024-01-14T15:01:33.685+0000] {dag.py:3340} INFO - Setting next_dagrun for example_branch_datetime_operator_3 to 2024-01-13T00:00:00+00:00, run_after=2024-01-14T00:00:00+00:00
[2024-01-14T15:01:33.695+0000] {processor.py:176} INFO - Processing /home/airflow/.local/lib/python3.7/site-packages/airflow/example_dags/example_branch_datetime_operator.py took 0.076 seconds
[2024-01-14T15:02:03.776+0000] {processor.py:154} INFO - Started process (PID=323) to work on /home/airflow/.local/lib/python3.7/site-packages/airflow/example_dags/example_branch_datetime_operator.py
[2024-01-14T15:02:03.777+0000] {processor.py:756} INFO - Processing file /home/airflow/.local/lib/python3.7/site-packages/airflow/example_dags/example_branch_datetime_operator.py for tasks to queue
[2024-01-14T15:02:03.778+0000] {logging_mixin.py:120} INFO - [2024-01-14T15:02:03.778+0000] {dagbag.py:537} INFO - Filling up the DagBag from /home/airflow/.local/lib/python3.7/site-packages/airflow/example_dags/example_branch_datetime_operator.py
[2024-01-14T15:02:03.789+0000] {processor.py:766} INFO - DAG(s) dict_keys(['example_branch_datetime_operator_3', 'example_branch_datetime_operator', 'example_branch_datetime_operator_2']) retrieved from /home/airflow/.local/lib/python3.7/site-packages/airflow/example_dags/example_branch_datetime_operator.py
[2024-01-14T15:02:03.820+0000] {logging_mixin.py:120} INFO - [2024-01-14T15:02:03.820+0000] {dag.py:2585} INFO - Sync 3 DAGs
[2024-01-14T15:02:03.836+0000] {logging_mixin.py:120} INFO - [2024-01-14T15:02:03.836+0000] {dag.py:3340} INFO - Setting next_dagrun for example_branch_datetime_operator to 2024-01-13T00:00:00+00:00, run_after=2024-01-14T00:00:00+00:00
[2024-01-14T15:02:03.839+0000] {logging_mixin.py:120} INFO - [2024-01-14T15:02:03.839+0000] {dag.py:3340} INFO - Setting next_dagrun for example_branch_datetime_operator_2 to 2024-01-13T00:00:00+00:00, run_after=2024-01-14T00:00:00+00:00
[2024-01-14T15:02:03.840+0000] {logging_mixin.py:120} INFO - [2024-01-14T15:02:03.840+0000] {dag.py:3340} INFO - Setting next_dagrun for example_branch_datetime_operator_3 to 2024-01-13T00:00:00+00:00, run_after=2024-01-14T00:00:00+00:00
[2024-01-14T15:02:03.851+0000] {processor.py:176} INFO - Processing /home/airflow/.local/lib/python3.7/site-packages/airflow/example_dags/example_branch_datetime_operator.py took 0.077 seconds
[2024-01-14T15:02:33.957+0000] {processor.py:154} INFO - Started process (PID=386) to work on /home/airflow/.local/lib/python3.7/site-packages/airflow/example_dags/example_branch_datetime_operator.py
[2024-01-14T15:02:33.958+0000] {processor.py:756} INFO - Processing file /home/airflow/.local/lib/python3.7/site-packages/airflow/example_dags/example_branch_datetime_operator.py for tasks to queue
[2024-01-14T15:02:33.958+0000] {logging_mixin.py:120} INFO - [2024-01-14T15:02:33.958+0000] {dagbag.py:537} INFO - Filling up the DagBag from /home/airflow/.local/lib/python3.7/site-packages/airflow/example_dags/example_branch_datetime_operator.py
[2024-01-14T15:02:33.971+0000] {processor.py:766} INFO - DAG(s) dict_keys(['example_branch_datetime_operator', 'example_branch_datetime_operator_3', 'example_branch_datetime_operator_2']) retrieved from /home/airflow/.local/lib/python3.7/site-packages/airflow/example_dags/example_branch_datetime_operator.py
[2024-01-14T15:02:34.001+0000] {logging_mixin.py:120} INFO - [2024-01-14T15:02:34.001+0000] {dag.py:2585} INFO - Sync 3 DAGs
[2024-01-14T15:02:34.018+0000] {logging_mixin.py:120} INFO - [2024-01-14T15:02:34.018+0000] {dag.py:3340} INFO - Setting next_dagrun for example_branch_datetime_operator to 2024-01-13T00:00:00+00:00, run_after=2024-01-14T00:00:00+00:00
[2024-01-14T15:02:34.022+0000] {logging_mixin.py:120} INFO - [2024-01-14T15:02:34.022+0000] {dag.py:3340} INFO - Setting next_dagrun for example_branch_datetime_operator_2 to 2024-01-13T00:00:00+00:00, run_after=2024-01-14T00:00:00+00:00
[2024-01-14T15:02:34.023+0000] {logging_mixin.py:120} INFO - [2024-01-14T15:02:34.023+0000] {dag.py:3340} INFO - Setting next_dagrun for example_branch_datetime_operator_3 to 2024-01-13T00:00:00+00:00, run_after=2024-01-14T00:00:00+00:00
[2024-01-14T15:02:34.033+0000] {processor.py:176} INFO - Processing /home/airflow/.local/lib/python3.7/site-packages/airflow/example_dags/example_branch_datetime_operator.py took 0.078 seconds
[2024-01-14T15:03:04.133+0000] {processor.py:154} INFO - Started process (PID=441) to work on /home/airflow/.local/lib/python3.7/site-packages/airflow/example_dags/example_branch_datetime_operator.py
[2024-01-14T15:03:04.133+0000] {processor.py:756} INFO - Processing file /home/airflow/.local/lib/python3.7/site-packages/airflow/example_dags/example_branch_datetime_operator.py for tasks to queue
[2024-01-14T15:03:04.134+0000] {logging_mixin.py:120} INFO - [2024-01-14T15:03:04.134+0000] {dagbag.py:537} INFO - Filling up the DagBag from /home/airflow/.local/lib/python3.7/site-packages/airflow/example_dags/example_branch_datetime_operator.py
[2024-01-14T15:03:04.146+0000] {processor.py:766} INFO - DAG(s) dict_keys(['example_branch_datetime_operator', 'example_branch_datetime_operator_2', 'example_branch_datetime_operator_3']) retrieved from /home/airflow/.local/lib/python3.7/site-packages/airflow/example_dags/example_branch_datetime_operator.py
[2024-01-14T15:03:04.175+0000] {logging_mixin.py:120} INFO - [2024-01-14T15:03:04.175+0000] {dag.py:2585} INFO - Sync 3 DAGs
[2024-01-14T15:03:04.193+0000] {logging_mixin.py:120} INFO - [2024-01-14T15:03:04.193+0000] {dag.py:3340} INFO - Setting next_dagrun for example_branch_datetime_operator to 2024-01-13T00:00:00+00:00, run_after=2024-01-14T00:00:00+00:00
[2024-01-14T15:03:04.196+0000] {logging_mixin.py:120} INFO - [2024-01-14T15:03:04.196+0000] {dag.py:3340} INFO - Setting next_dagrun for example_branch_datetime_operator_2 to 2024-01-13T00:00:00+00:00, run_after=2024-01-14T00:00:00+00:00
[2024-01-14T15:03:04.198+0000] {logging_mixin.py:120} INFO - [2024-01-14T15:03:04.198+0000] {dag.py:3340} INFO - Setting next_dagrun for example_branch_datetime_operator_3 to 2024-01-13T00:00:00+00:00, run_after=2024-01-14T00:00:00+00:00
[2024-01-14T15:03:04.206+0000] {processor.py:176} INFO - Processing /home/airflow/.local/lib/python3.7/site-packages/airflow/example_dags/example_branch_datetime_operator.py took 0.076 seconds
[2024-01-14T15:03:34.383+0000] {processor.py:154} INFO - Started process (PID=504) to work on /home/airflow/.local/lib/python3.7/site-packages/airflow/example_dags/example_branch_datetime_operator.py
[2024-01-14T15:03:34.384+0000] {processor.py:756} INFO - Processing file /home/airflow/.local/lib/python3.7/site-packages/airflow/example_dags/example_branch_datetime_operator.py for tasks to queue
[2024-01-14T15:03:34.385+0000] {logging_mixin.py:120} INFO - [2024-01-14T15:03:34.385+0000] {dagbag.py:537} INFO - Filling up the DagBag from /home/airflow/.local/lib/python3.7/site-packages/airflow/example_dags/example_branch_datetime_operator.py
[2024-01-14T15:03:34.397+0000] {processor.py:766} INFO - DAG(s) dict_keys(['example_branch_datetime_operator_2', 'example_branch_datetime_operator', 'example_branch_datetime_operator_3']) retrieved from /home/airflow/.local/lib/python3.7/site-packages/airflow/example_dags/example_branch_datetime_operator.py
[2024-01-14T15:03:34.428+0000] {logging_mixin.py:120} INFO - [2024-01-14T15:03:34.428+0000] {dag.py:2585} INFO - Sync 3 DAGs
[2024-01-14T15:03:34.445+0000] {logging_mixin.py:120} INFO - [2024-01-14T15:03:34.444+0000] {dag.py:3340} INFO - Setting next_dagrun for example_branch_datetime_operator to 2024-01-13T00:00:00+00:00, run_after=2024-01-14T00:00:00+00:00
[2024-01-14T15:03:34.448+0000] {logging_mixin.py:120} INFO - [2024-01-14T15:03:34.447+0000] {dag.py:3340} INFO - Setting next_dagrun for example_branch_datetime_operator_2 to 2024-01-13T00:00:00+00:00, run_after=2024-01-14T00:00:00+00:00
[2024-01-14T15:03:34.449+0000] {logging_mixin.py:120} INFO - [2024-01-14T15:03:34.449+0000] {dag.py:3340} INFO - Setting next_dagrun for example_branch_datetime_operator_3 to 2024-01-13T00:00:00+00:00, run_after=2024-01-14T00:00:00+00:00
[2024-01-14T15:03:34.459+0000] {processor.py:176} INFO - Processing /home/airflow/.local/lib/python3.7/site-packages/airflow/example_dags/example_branch_datetime_operator.py took 0.078 seconds
[2024-01-14T15:04:05.198+0000] {processor.py:154} INFO - Started process (PID=566) to work on /home/airflow/.local/lib/python3.7/site-packages/airflow/example_dags/example_branch_datetime_operator.py
[2024-01-14T15:04:05.199+0000] {processor.py:756} INFO - Processing file /home/airflow/.local/lib/python3.7/site-packages/airflow/example_dags/example_branch_datetime_operator.py for tasks to queue
[2024-01-14T15:04:05.199+0000] {logging_mixin.py:120} INFO - [2024-01-14T15:04:05.199+0000] {dagbag.py:537} INFO - Filling up the DagBag from /home/airflow/.local/lib/python3.7/site-packages/airflow/example_dags/example_branch_datetime_operator.py
[2024-01-14T15:04:05.211+0000] {processor.py:766} INFO - DAG(s) dict_keys(['example_branch_datetime_operator', 'example_branch_datetime_operator_2', 'example_branch_datetime_operator_3']) retrieved from /home/airflow/.local/lib/python3.7/site-packages/airflow/example_dags/example_branch_datetime_operator.py
[2024-01-14T15:04:05.242+0000] {logging_mixin.py:120} INFO - [2024-01-14T15:04:05.242+0000] {dag.py:2585} INFO - Sync 3 DAGs
[2024-01-14T15:04:05.258+0000] {logging_mixin.py:120} INFO - [2024-01-14T15:04:05.258+0000] {dag.py:3340} INFO - Setting next_dagrun for example_branch_datetime_operator to 2024-01-13T00:00:00+00:00, run_after=2024-01-14T00:00:00+00:00
[2024-01-14T15:04:05.261+0000] {logging_mixin.py:120} INFO - [2024-01-14T15:04:05.261+0000] {dag.py:3340} INFO - Setting next_dagrun for example_branch_datetime_operator_2 to 2024-01-13T00:00:00+00:00, run_after=2024-01-14T00:00:00+00:00
[2024-01-14T15:04:05.262+0000] {logging_mixin.py:120} INFO - [2024-01-14T15:04:05.262+0000] {dag.py:3340} INFO - Setting next_dagrun for example_branch_datetime_operator_3 to 2024-01-13T00:00:00+00:00, run_after=2024-01-14T00:00:00+00:00
[2024-01-14T15:04:05.271+0000] {processor.py:176} INFO - Processing /home/airflow/.local/lib/python3.7/site-packages/airflow/example_dags/example_branch_datetime_operator.py took 0.076 seconds
[2024-01-14T15:04:35.373+0000] {processor.py:154} INFO - Started process (PID=629) to work on /home/airflow/.local/lib/python3.7/site-packages/airflow/example_dags/example_branch_datetime_operator.py
[2024-01-14T15:04:35.374+0000] {processor.py:756} INFO - Processing file /home/airflow/.local/lib/python3.7/site-packages/airflow/example_dags/example_branch_datetime_operator.py for tasks to queue
[2024-01-14T15:04:35.374+0000] {logging_mixin.py:120} INFO - [2024-01-14T15:04:35.374+0000] {dagbag.py:537} INFO - Filling up the DagBag from /home/airflow/.local/lib/python3.7/site-packages/airflow/example_dags/example_branch_datetime_operator.py
[2024-01-14T15:04:35.386+0000] {processor.py:766} INFO - DAG(s) dict_keys(['example_branch_datetime_operator', 'example_branch_datetime_operator_3', 'example_branch_datetime_operator_2']) retrieved from /home/airflow/.local/lib/python3.7/site-packages/airflow/example_dags/example_branch_datetime_operator.py
[2024-01-14T15:04:35.416+0000] {logging_mixin.py:120} INFO - [2024-01-14T15:04:35.416+0000] {dag.py:2585} INFO - Sync 3 DAGs
[2024-01-14T15:04:35.432+0000] {logging_mixin.py:120} INFO - [2024-01-14T15:04:35.432+0000] {dag.py:3340} INFO - Setting next_dagrun for example_branch_datetime_operator to 2024-01-13T00:00:00+00:00, run_after=2024-01-14T00:00:00+00:00
[2024-01-14T15:04:35.435+0000] {logging_mixin.py:120} INFO - [2024-01-14T15:04:35.435+0000] {dag.py:3340} INFO - Setting next_dagrun for example_branch_datetime_operator_2 to 2024-01-13T00:00:00+00:00, run_after=2024-01-14T00:00:00+00:00
[2024-01-14T15:04:35.437+0000] {logging_mixin.py:120} INFO - [2024-01-14T15:04:35.437+0000] {dag.py:3340} INFO - Setting next_dagrun for example_branch_datetime_operator_3 to 2024-01-13T00:00:00+00:00, run_after=2024-01-14T00:00:00+00:00
[2024-01-14T15:04:35.448+0000] {processor.py:176} INFO - Processing /home/airflow/.local/lib/python3.7/site-packages/airflow/example_dags/example_branch_datetime_operator.py took 0.077 seconds
[2024-01-14T15:05:05.561+0000] {processor.py:154} INFO - Started process (PID=692) to work on /home/airflow/.local/lib/python3.7/site-packages/airflow/example_dags/example_branch_datetime_operator.py
[2024-01-14T15:05:05.562+0000] {processor.py:756} INFO - Processing file /home/airflow/.local/lib/python3.7/site-packages/airflow/example_dags/example_branch_datetime_operator.py for tasks to queue
[2024-01-14T15:05:05.562+0000] {logging_mixin.py:120} INFO - [2024-01-14T15:05:05.562+0000] {dagbag.py:537} INFO - Filling up the DagBag from /home/airflow/.local/lib/python3.7/site-packages/airflow/example_dags/example_branch_datetime_operator.py
[2024-01-14T15:05:05.574+0000] {processor.py:766} INFO - DAG(s) dict_keys(['example_branch_datetime_operator_2', 'example_branch_datetime_operator_3', 'example_branch_datetime_operator']) retrieved from /home/airflow/.local/lib/python3.7/site-packages/airflow/example_dags/example_branch_datetime_operator.py
[2024-01-14T15:05:05.604+0000] {logging_mixin.py:120} INFO - [2024-01-14T15:05:05.604+0000] {dag.py:2585} INFO - Sync 3 DAGs
[2024-01-14T15:05:05.621+0000] {logging_mixin.py:120} INFO - [2024-01-14T15:05:05.621+0000] {dag.py:3340} INFO - Setting next_dagrun for example_branch_datetime_operator to 2024-01-13T00:00:00+00:00, run_after=2024-01-14T00:00:00+00:00
[2024-01-14T15:05:05.624+0000] {logging_mixin.py:120} INFO - [2024-01-14T15:05:05.624+0000] {dag.py:3340} INFO - Setting next_dagrun for example_branch_datetime_operator_2 to 2024-01-13T00:00:00+00:00, run_after=2024-01-14T00:00:00+00:00
[2024-01-14T15:05:05.626+0000] {logging_mixin.py:120} INFO - [2024-01-14T15:05:05.626+0000] {dag.py:3340} INFO - Setting next_dagrun for example_branch_datetime_operator_3 to 2024-01-13T00:00:00+00:00, run_after=2024-01-14T00:00:00+00:00
[2024-01-14T15:05:05.636+0000] {processor.py:176} INFO - Processing /home/airflow/.local/lib/python3.7/site-packages/airflow/example_dags/example_branch_datetime_operator.py took 0.077 seconds
[2024-01-14T15:05:36.448+0000] {processor.py:154} INFO - Started process (PID=755) to work on /home/airflow/.local/lib/python3.7/site-packages/airflow/example_dags/example_branch_datetime_operator.py
[2024-01-14T15:05:36.449+0000] {processor.py:756} INFO - Processing file /home/airflow/.local/lib/python3.7/site-packages/airflow/example_dags/example_branch_datetime_operator.py for tasks to queue
[2024-01-14T15:05:36.450+0000] {logging_mixin.py:120} INFO - [2024-01-14T15:05:36.450+0000] {dagbag.py:537} INFO - Filling up the DagBag from /home/airflow/.local/lib/python3.7/site-packages/airflow/example_dags/example_branch_datetime_operator.py
[2024-01-14T15:05:36.462+0000] {processor.py:766} INFO - DAG(s) dict_keys(['example_branch_datetime_operator_2', 'example_branch_datetime_operator_3', 'example_branch_datetime_operator']) retrieved from /home/airflow/.local/lib/python3.7/site-packages/airflow/example_dags/example_branch_datetime_operator.py
[2024-01-14T15:05:36.493+0000] {logging_mixin.py:120} INFO - [2024-01-14T15:05:36.493+0000] {dag.py:2585} INFO - Sync 3 DAGs
[2024-01-14T15:05:36.510+0000] {logging_mixin.py:120} INFO - [2024-01-14T15:05:36.509+0000] {dag.py:3340} INFO - Setting next_dagrun for example_branch_datetime_operator to 2024-01-13T00:00:00+00:00, run_after=2024-01-14T00:00:00+00:00
[2024-01-14T15:05:36.513+0000] {logging_mixin.py:120} INFO - [2024-01-14T15:05:36.513+0000] {dag.py:3340} INFO - Setting next_dagrun for example_branch_datetime_operator_2 to 2024-01-13T00:00:00+00:00, run_after=2024-01-14T00:00:00+00:00
[2024-01-14T15:05:36.514+0000] {logging_mixin.py:120} INFO - [2024-01-14T15:05:36.514+0000] {dag.py:3340} INFO - Setting next_dagrun for example_branch_datetime_operator_3 to 2024-01-13T00:00:00+00:00, run_after=2024-01-14T00:00:00+00:00
[2024-01-14T15:05:36.523+0000] {processor.py:176} INFO - Processing /home/airflow/.local/lib/python3.7/site-packages/airflow/example_dags/example_branch_datetime_operator.py took 0.078 seconds
[2024-01-14T15:06:07.341+0000] {processor.py:154} INFO - Started process (PID=809) to work on /home/airflow/.local/lib/python3.7/site-packages/airflow/example_dags/example_branch_datetime_operator.py
[2024-01-14T15:06:07.342+0000] {processor.py:756} INFO - Processing file /home/airflow/.local/lib/python3.7/site-packages/airflow/example_dags/example_branch_datetime_operator.py for tasks to queue
[2024-01-14T15:06:07.343+0000] {logging_mixin.py:120} INFO - [2024-01-14T15:06:07.343+0000] {dagbag.py:537} INFO - Filling up the DagBag from /home/airflow/.local/lib/python3.7/site-packages/airflow/example_dags/example_branch_datetime_operator.py
[2024-01-14T15:06:07.354+0000] {processor.py:766} INFO - DAG(s) dict_keys(['example_branch_datetime_operator_2', 'example_branch_datetime_operator', 'example_branch_datetime_operator_3']) retrieved from /home/airflow/.local/lib/python3.7/site-packages/airflow/example_dags/example_branch_datetime_operator.py
[2024-01-14T15:06:07.384+0000] {logging_mixin.py:120} INFO - [2024-01-14T15:06:07.384+0000] {dag.py:2585} INFO - Sync 3 DAGs
[2024-01-14T15:06:07.400+0000] {logging_mixin.py:120} INFO - [2024-01-14T15:06:07.400+0000] {dag.py:3340} INFO - Setting next_dagrun for example_branch_datetime_operator to 2024-01-13T00:00:00+00:00, run_after=2024-01-14T00:00:00+00:00
[2024-01-14T15:06:07.402+0000] {logging_mixin.py:120} INFO - [2024-01-14T15:06:07.402+0000] {dag.py:3340} INFO - Setting next_dagrun for example_branch_datetime_operator_2 to 2024-01-13T00:00:00+00:00, run_after=2024-01-14T00:00:00+00:00
[2024-01-14T15:06:07.404+0000] {logging_mixin.py:120} INFO - [2024-01-14T15:06:07.404+0000] {dag.py:3340} INFO - Setting next_dagrun for example_branch_datetime_operator_3 to 2024-01-13T00:00:00+00:00, run_after=2024-01-14T00:00:00+00:00
[2024-01-14T15:06:07.413+0000] {processor.py:176} INFO - Processing /home/airflow/.local/lib/python3.7/site-packages/airflow/example_dags/example_branch_datetime_operator.py took 0.074 seconds
[2024-01-14T15:06:37.502+0000] {processor.py:154} INFO - Started process (PID=872) to work on /home/airflow/.local/lib/python3.7/site-packages/airflow/example_dags/example_branch_datetime_operator.py
[2024-01-14T15:06:37.502+0000] {processor.py:756} INFO - Processing file /home/airflow/.local/lib/python3.7/site-packages/airflow/example_dags/example_branch_datetime_operator.py for tasks to queue
[2024-01-14T15:06:37.503+0000] {logging_mixin.py:120} INFO - [2024-01-14T15:06:37.503+0000] {dagbag.py:537} INFO - Filling up the DagBag from /home/airflow/.local/lib/python3.7/site-packages/airflow/example_dags/example_branch_datetime_operator.py
[2024-01-14T15:06:37.515+0000] {processor.py:766} INFO - DAG(s) dict_keys(['example_branch_datetime_operator_2', 'example_branch_datetime_operator_3', 'example_branch_datetime_operator']) retrieved from /home/airflow/.local/lib/python3.7/site-packages/airflow/example_dags/example_branch_datetime_operator.py
[2024-01-14T15:06:37.546+0000] {logging_mixin.py:120} INFO - [2024-01-14T15:06:37.545+0000] {dag.py:2585} INFO - Sync 3 DAGs
[2024-01-14T15:06:37.562+0000] {logging_mixin.py:120} INFO - [2024-01-14T15:06:37.562+0000] {dag.py:3340} INFO - Setting next_dagrun for example_branch_datetime_operator to 2024-01-13T00:00:00+00:00, run_after=2024-01-14T00:00:00+00:00
[2024-01-14T15:06:37.565+0000] {logging_mixin.py:120} INFO - [2024-01-14T15:06:37.565+0000] {dag.py:3340} INFO - Setting next_dagrun for example_branch_datetime_operator_2 to 2024-01-13T00:00:00+00:00, run_after=2024-01-14T00:00:00+00:00
[2024-01-14T15:06:37.566+0000] {logging_mixin.py:120} INFO - [2024-01-14T15:06:37.566+0000] {dag.py:3340} INFO - Setting next_dagrun for example_branch_datetime_operator_3 to 2024-01-13T00:00:00+00:00, run_after=2024-01-14T00:00:00+00:00
[2024-01-14T15:06:37.576+0000] {processor.py:176} INFO - Processing /home/airflow/.local/lib/python3.7/site-packages/airflow/example_dags/example_branch_datetime_operator.py took 0.077 seconds
[2024-01-14T15:07:08.455+0000] {processor.py:154} INFO - Started process (PID=935) to work on /home/airflow/.local/lib/python3.7/site-packages/airflow/example_dags/example_branch_datetime_operator.py
[2024-01-14T15:07:08.456+0000] {processor.py:756} INFO - Processing file /home/airflow/.local/lib/python3.7/site-packages/airflow/example_dags/example_branch_datetime_operator.py for tasks to queue
[2024-01-14T15:07:08.456+0000] {logging_mixin.py:120} INFO - [2024-01-14T15:07:08.456+0000] {dagbag.py:537} INFO - Filling up the DagBag from /home/airflow/.local/lib/python3.7/site-packages/airflow/example_dags/example_branch_datetime_operator.py
[2024-01-14T15:07:08.468+0000] {processor.py:766} INFO - DAG(s) dict_keys(['example_branch_datetime_operator_3', 'example_branch_datetime_operator', 'example_branch_datetime_operator_2']) retrieved from /home/airflow/.local/lib/python3.7/site-packages/airflow/example_dags/example_branch_datetime_operator.py
[2024-01-14T15:07:08.498+0000] {logging_mixin.py:120} INFO - [2024-01-14T15:07:08.498+0000] {dag.py:2585} INFO - Sync 3 DAGs
[2024-01-14T15:07:08.515+0000] {logging_mixin.py:120} INFO - [2024-01-14T15:07:08.515+0000] {dag.py:3340} INFO - Setting next_dagrun for example_branch_datetime_operator to 2024-01-13T00:00:00+00:00, run_after=2024-01-14T00:00:00+00:00
[2024-01-14T15:07:08.518+0000] {logging_mixin.py:120} INFO - [2024-01-14T15:07:08.517+0000] {dag.py:3340} INFO - Setting next_dagrun for example_branch_datetime_operator_2 to 2024-01-13T00:00:00+00:00, run_after=2024-01-14T00:00:00+00:00
[2024-01-14T15:07:08.519+0000] {logging_mixin.py:120} INFO - [2024-01-14T15:07:08.519+0000] {dag.py:3340} INFO - Setting next_dagrun for example_branch_datetime_operator_3 to 2024-01-13T00:00:00+00:00, run_after=2024-01-14T00:00:00+00:00
[2024-01-14T15:07:08.529+0000] {processor.py:176} INFO - Processing /home/airflow/.local/lib/python3.7/site-packages/airflow/example_dags/example_branch_datetime_operator.py took 0.076 seconds
[2024-01-14T15:07:39.472+0000] {processor.py:154} INFO - Started process (PID=997) to work on /home/airflow/.local/lib/python3.7/site-packages/airflow/example_dags/example_branch_datetime_operator.py
[2024-01-14T15:07:39.473+0000] {processor.py:756} INFO - Processing file /home/airflow/.local/lib/python3.7/site-packages/airflow/example_dags/example_branch_datetime_operator.py for tasks to queue
[2024-01-14T15:07:39.473+0000] {logging_mixin.py:120} INFO - [2024-01-14T15:07:39.473+0000] {dagbag.py:537} INFO - Filling up the DagBag from /home/airflow/.local/lib/python3.7/site-packages/airflow/example_dags/example_branch_datetime_operator.py
[2024-01-14T15:07:39.485+0000] {processor.py:766} INFO - DAG(s) dict_keys(['example_branch_datetime_operator', 'example_branch_datetime_operator_2', 'example_branch_datetime_operator_3']) retrieved from /home/airflow/.local/lib/python3.7/site-packages/airflow/example_dags/example_branch_datetime_operator.py
[2024-01-14T15:07:39.515+0000] {logging_mixin.py:120} INFO - [2024-01-14T15:07:39.515+0000] {dag.py:2585} INFO - Sync 3 DAGs
[2024-01-14T15:07:39.532+0000] {logging_mixin.py:120} INFO - [2024-01-14T15:07:39.532+0000] {dag.py:3340} INFO - Setting next_dagrun for example_branch_datetime_operator to 2024-01-13T00:00:00+00:00, run_after=2024-01-14T00:00:00+00:00
[2024-01-14T15:07:39.535+0000] {logging_mixin.py:120} INFO - [2024-01-14T15:07:39.535+0000] {dag.py:3340} INFO - Setting next_dagrun for example_branch_datetime_operator_2 to 2024-01-13T00:00:00+00:00, run_after=2024-01-14T00:00:00+00:00
[2024-01-14T15:07:39.536+0000] {logging_mixin.py:120} INFO - [2024-01-14T15:07:39.536+0000] {dag.py:3340} INFO - Setting next_dagrun for example_branch_datetime_operator_3 to 2024-01-13T00:00:00+00:00, run_after=2024-01-14T00:00:00+00:00
[2024-01-14T15:07:39.546+0000] {processor.py:176} INFO - Processing /home/airflow/.local/lib/python3.7/site-packages/airflow/example_dags/example_branch_datetime_operator.py took 0.076 seconds
[2024-01-14T15:08:09.685+0000] {processor.py:154} INFO - Started process (PID=1060) to work on /home/airflow/.local/lib/python3.7/site-packages/airflow/example_dags/example_branch_datetime_operator.py
[2024-01-14T15:08:09.686+0000] {processor.py:756} INFO - Processing file /home/airflow/.local/lib/python3.7/site-packages/airflow/example_dags/example_branch_datetime_operator.py for tasks to queue
[2024-01-14T15:08:09.687+0000] {logging_mixin.py:120} INFO - [2024-01-14T15:08:09.687+0000] {dagbag.py:537} INFO - Filling up the DagBag from /home/airflow/.local/lib/python3.7/site-packages/airflow/example_dags/example_branch_datetime_operator.py
[2024-01-14T15:08:09.699+0000] {processor.py:766} INFO - DAG(s) dict_keys(['example_branch_datetime_operator_2', 'example_branch_datetime_operator_3', 'example_branch_datetime_operator']) retrieved from /home/airflow/.local/lib/python3.7/site-packages/airflow/example_dags/example_branch_datetime_operator.py
[2024-01-14T15:08:09.734+0000] {logging_mixin.py:120} INFO - [2024-01-14T15:08:09.734+0000] {dag.py:2585} INFO - Sync 3 DAGs
[2024-01-14T15:08:09.750+0000] {logging_mixin.py:120} INFO - [2024-01-14T15:08:09.750+0000] {dag.py:3340} INFO - Setting next_dagrun for example_branch_datetime_operator to 2024-01-13T00:00:00+00:00, run_after=2024-01-14T00:00:00+00:00
[2024-01-14T15:08:09.753+0000] {logging_mixin.py:120} INFO - [2024-01-14T15:08:09.753+0000] {dag.py:3340} INFO - Setting next_dagrun for example_branch_datetime_operator_2 to 2024-01-13T00:00:00+00:00, run_after=2024-01-14T00:00:00+00:00
[2024-01-14T15:08:09.755+0000] {logging_mixin.py:120} INFO - [2024-01-14T15:08:09.754+0000] {dag.py:3340} INFO - Setting next_dagrun for example_branch_datetime_operator_3 to 2024-01-13T00:00:00+00:00, run_after=2024-01-14T00:00:00+00:00
[2024-01-14T15:08:09.765+0000] {processor.py:176} INFO - Processing /home/airflow/.local/lib/python3.7/site-packages/airflow/example_dags/example_branch_datetime_operator.py took 0.083 seconds
[2024-01-14T15:08:40.598+0000] {processor.py:154} INFO - Started process (PID=1123) to work on /home/airflow/.local/lib/python3.7/site-packages/airflow/example_dags/example_branch_datetime_operator.py
[2024-01-14T15:08:40.598+0000] {processor.py:756} INFO - Processing file /home/airflow/.local/lib/python3.7/site-packages/airflow/example_dags/example_branch_datetime_operator.py for tasks to queue
[2024-01-14T15:08:40.599+0000] {logging_mixin.py:120} INFO - [2024-01-14T15:08:40.599+0000] {dagbag.py:537} INFO - Filling up the DagBag from /home/airflow/.local/lib/python3.7/site-packages/airflow/example_dags/example_branch_datetime_operator.py
[2024-01-14T15:08:40.611+0000] {processor.py:766} INFO - DAG(s) dict_keys(['example_branch_datetime_operator', 'example_branch_datetime_operator_2', 'example_branch_datetime_operator_3']) retrieved from /home/airflow/.local/lib/python3.7/site-packages/airflow/example_dags/example_branch_datetime_operator.py
[2024-01-14T15:08:40.641+0000] {logging_mixin.py:120} INFO - [2024-01-14T15:08:40.641+0000] {dag.py:2585} INFO - Sync 3 DAGs
[2024-01-14T15:08:40.658+0000] {logging_mixin.py:120} INFO - [2024-01-14T15:08:40.658+0000] {dag.py:3340} INFO - Setting next_dagrun for example_branch_datetime_operator to 2024-01-13T00:00:00+00:00, run_after=2024-01-14T00:00:00+00:00
[2024-01-14T15:08:40.661+0000] {logging_mixin.py:120} INFO - [2024-01-14T15:08:40.661+0000] {dag.py:3340} INFO - Setting next_dagrun for example_branch_datetime_operator_2 to 2024-01-13T00:00:00+00:00, run_after=2024-01-14T00:00:00+00:00
[2024-01-14T15:08:40.662+0000] {logging_mixin.py:120} INFO - [2024-01-14T15:08:40.662+0000] {dag.py:3340} INFO - Setting next_dagrun for example_branch_datetime_operator_3 to 2024-01-13T00:00:00+00:00, run_after=2024-01-14T00:00:00+00:00
[2024-01-14T15:08:40.674+0000] {processor.py:176} INFO - Processing /home/airflow/.local/lib/python3.7/site-packages/airflow/example_dags/example_branch_datetime_operator.py took 0.078 seconds
[2024-01-14T15:09:11.595+0000] {processor.py:154} INFO - Started process (PID=1177) to work on /home/airflow/.local/lib/python3.7/site-packages/airflow/example_dags/example_branch_datetime_operator.py
[2024-01-14T15:09:11.596+0000] {processor.py:756} INFO - Processing file /home/airflow/.local/lib/python3.7/site-packages/airflow/example_dags/example_branch_datetime_operator.py for tasks to queue
[2024-01-14T15:09:11.597+0000] {logging_mixin.py:120} INFO - [2024-01-14T15:09:11.597+0000] {dagbag.py:537} INFO - Filling up the DagBag from /home/airflow/.local/lib/python3.7/site-packages/airflow/example_dags/example_branch_datetime_operator.py
[2024-01-14T15:09:11.609+0000] {processor.py:766} INFO - DAG(s) dict_keys(['example_branch_datetime_operator_2', 'example_branch_datetime_operator_3', 'example_branch_datetime_operator']) retrieved from /home/airflow/.local/lib/python3.7/site-packages/airflow/example_dags/example_branch_datetime_operator.py
[2024-01-14T15:09:11.638+0000] {logging_mixin.py:120} INFO - [2024-01-14T15:09:11.638+0000] {dag.py:2585} INFO - Sync 3 DAGs
[2024-01-14T15:09:11.654+0000] {logging_mixin.py:120} INFO - [2024-01-14T15:09:11.654+0000] {dag.py:3340} INFO - Setting next_dagrun for example_branch_datetime_operator to 2024-01-13T00:00:00+00:00, run_after=2024-01-14T00:00:00+00:00
[2024-01-14T15:09:11.657+0000] {logging_mixin.py:120} INFO - [2024-01-14T15:09:11.657+0000] {dag.py:3340} INFO - Setting next_dagrun for example_branch_datetime_operator_2 to 2024-01-13T00:00:00+00:00, run_after=2024-01-14T00:00:00+00:00
[2024-01-14T15:09:11.659+0000] {logging_mixin.py:120} INFO - [2024-01-14T15:09:11.659+0000] {dag.py:3340} INFO - Setting next_dagrun for example_branch_datetime_operator_3 to 2024-01-13T00:00:00+00:00, run_after=2024-01-14T00:00:00+00:00
[2024-01-14T15:09:11.671+0000] {processor.py:176} INFO - Processing /home/airflow/.local/lib/python3.7/site-packages/airflow/example_dags/example_branch_datetime_operator.py took 0.077 seconds
[2024-01-14T15:09:42.576+0000] {processor.py:154} INFO - Started process (PID=1240) to work on /home/airflow/.local/lib/python3.7/site-packages/airflow/example_dags/example_branch_datetime_operator.py
[2024-01-14T15:09:42.576+0000] {processor.py:756} INFO - Processing file /home/airflow/.local/lib/python3.7/site-packages/airflow/example_dags/example_branch_datetime_operator.py for tasks to queue
[2024-01-14T15:09:42.577+0000] {logging_mixin.py:120} INFO - [2024-01-14T15:09:42.577+0000] {dagbag.py:537} INFO - Filling up the DagBag from /home/airflow/.local/lib/python3.7/site-packages/airflow/example_dags/example_branch_datetime_operator.py
[2024-01-14T15:09:42.588+0000] {processor.py:766} INFO - DAG(s) dict_keys(['example_branch_datetime_operator_3', 'example_branch_datetime_operator', 'example_branch_datetime_operator_2']) retrieved from /home/airflow/.local/lib/python3.7/site-packages/airflow/example_dags/example_branch_datetime_operator.py
[2024-01-14T15:09:42.618+0000] {logging_mixin.py:120} INFO - [2024-01-14T15:09:42.617+0000] {dag.py:2585} INFO - Sync 3 DAGs
[2024-01-14T15:09:42.634+0000] {logging_mixin.py:120} INFO - [2024-01-14T15:09:42.634+0000] {dag.py:3340} INFO - Setting next_dagrun for example_branch_datetime_operator to 2024-01-13T00:00:00+00:00, run_after=2024-01-14T00:00:00+00:00
[2024-01-14T15:09:42.637+0000] {logging_mixin.py:120} INFO - [2024-01-14T15:09:42.637+0000] {dag.py:3340} INFO - Setting next_dagrun for example_branch_datetime_operator_2 to 2024-01-13T00:00:00+00:00, run_after=2024-01-14T00:00:00+00:00
[2024-01-14T15:09:42.639+0000] {logging_mixin.py:120} INFO - [2024-01-14T15:09:42.639+0000] {dag.py:3340} INFO - Setting next_dagrun for example_branch_datetime_operator_3 to 2024-01-13T00:00:00+00:00, run_after=2024-01-14T00:00:00+00:00
[2024-01-14T15:09:42.648+0000] {processor.py:176} INFO - Processing /home/airflow/.local/lib/python3.7/site-packages/airflow/example_dags/example_branch_datetime_operator.py took 0.075 seconds
[2024-01-14T15:10:13.538+0000] {processor.py:154} INFO - Started process (PID=1303) to work on /home/airflow/.local/lib/python3.7/site-packages/airflow/example_dags/example_branch_datetime_operator.py
[2024-01-14T15:10:13.539+0000] {processor.py:756} INFO - Processing file /home/airflow/.local/lib/python3.7/site-packages/airflow/example_dags/example_branch_datetime_operator.py for tasks to queue
[2024-01-14T15:10:13.539+0000] {logging_mixin.py:120} INFO - [2024-01-14T15:10:13.539+0000] {dagbag.py:537} INFO - Filling up the DagBag from /home/airflow/.local/lib/python3.7/site-packages/airflow/example_dags/example_branch_datetime_operator.py
[2024-01-14T15:10:13.551+0000] {processor.py:766} INFO - DAG(s) dict_keys(['example_branch_datetime_operator_3', 'example_branch_datetime_operator', 'example_branch_datetime_operator_2']) retrieved from /home/airflow/.local/lib/python3.7/site-packages/airflow/example_dags/example_branch_datetime_operator.py
[2024-01-14T15:10:13.581+0000] {logging_mixin.py:120} INFO - [2024-01-14T15:10:13.581+0000] {dag.py:2585} INFO - Sync 3 DAGs
[2024-01-14T15:10:13.597+0000] {logging_mixin.py:120} INFO - [2024-01-14T15:10:13.596+0000] {dag.py:3340} INFO - Setting next_dagrun for example_branch_datetime_operator to 2024-01-13T00:00:00+00:00, run_after=2024-01-14T00:00:00+00:00
[2024-01-14T15:10:13.599+0000] {logging_mixin.py:120} INFO - [2024-01-14T15:10:13.599+0000] {dag.py:3340} INFO - Setting next_dagrun for example_branch_datetime_operator_2 to 2024-01-13T00:00:00+00:00, run_after=2024-01-14T00:00:00+00:00
[2024-01-14T15:10:13.601+0000] {logging_mixin.py:120} INFO - [2024-01-14T15:10:13.601+0000] {dag.py:3340} INFO - Setting next_dagrun for example_branch_datetime_operator_3 to 2024-01-13T00:00:00+00:00, run_after=2024-01-14T00:00:00+00:00
[2024-01-14T15:10:13.611+0000] {processor.py:176} INFO - Processing /home/airflow/.local/lib/python3.7/site-packages/airflow/example_dags/example_branch_datetime_operator.py took 0.076 seconds
[2024-01-14T15:10:44.396+0000] {processor.py:154} INFO - Started process (PID=1366) to work on /home/airflow/.local/lib/python3.7/site-packages/airflow/example_dags/example_branch_datetime_operator.py
[2024-01-14T15:10:44.397+0000] {processor.py:756} INFO - Processing file /home/airflow/.local/lib/python3.7/site-packages/airflow/example_dags/example_branch_datetime_operator.py for tasks to queue
[2024-01-14T15:10:44.397+0000] {logging_mixin.py:120} INFO - [2024-01-14T15:10:44.397+0000] {dagbag.py:537} INFO - Filling up the DagBag from /home/airflow/.local/lib/python3.7/site-packages/airflow/example_dags/example_branch_datetime_operator.py
[2024-01-14T15:10:44.409+0000] {processor.py:766} INFO - DAG(s) dict_keys(['example_branch_datetime_operator_3', 'example_branch_datetime_operator_2', 'example_branch_datetime_operator']) retrieved from /home/airflow/.local/lib/python3.7/site-packages/airflow/example_dags/example_branch_datetime_operator.py
[2024-01-14T15:10:44.439+0000] {logging_mixin.py:120} INFO - [2024-01-14T15:10:44.439+0000] {dag.py:2585} INFO - Sync 3 DAGs
[2024-01-14T15:10:44.455+0000] {logging_mixin.py:120} INFO - [2024-01-14T15:10:44.455+0000] {dag.py:3340} INFO - Setting next_dagrun for example_branch_datetime_operator to 2024-01-13T00:00:00+00:00, run_after=2024-01-14T00:00:00+00:00
[2024-01-14T15:10:44.459+0000] {logging_mixin.py:120} INFO - [2024-01-14T15:10:44.459+0000] {dag.py:3340} INFO - Setting next_dagrun for example_branch_datetime_operator_2 to 2024-01-13T00:00:00+00:00, run_after=2024-01-14T00:00:00+00:00
[2024-01-14T15:10:44.461+0000] {logging_mixin.py:120} INFO - [2024-01-14T15:10:44.461+0000] {dag.py:3340} INFO - Setting next_dagrun for example_branch_datetime_operator_3 to 2024-01-13T00:00:00+00:00, run_after=2024-01-14T00:00:00+00:00
[2024-01-14T15:10:44.471+0000] {processor.py:176} INFO - Processing /home/airflow/.local/lib/python3.7/site-packages/airflow/example_dags/example_branch_datetime_operator.py took 0.078 seconds
[2024-01-14T15:11:45.491+0000] {processor.py:154} INFO - Started process (PID=1492) to work on /home/airflow/.local/lib/python3.7/site-packages/airflow/example_dags/example_branch_datetime_operator.py
[2024-01-14T15:11:45.492+0000] {processor.py:756} INFO - Processing file /home/airflow/.local/lib/python3.7/site-packages/airflow/example_dags/example_branch_datetime_operator.py for tasks to queue
[2024-01-14T15:11:45.493+0000] {logging_mixin.py:120} INFO - [2024-01-14T15:11:45.493+0000] {dagbag.py:537} INFO - Filling up the DagBag from /home/airflow/.local/lib/python3.7/site-packages/airflow/example_dags/example_branch_datetime_operator.py
[2024-01-14T15:11:45.505+0000] {processor.py:766} INFO - DAG(s) dict_keys(['example_branch_datetime_operator_2', 'example_branch_datetime_operator', 'example_branch_datetime_operator_3']) retrieved from /home/airflow/.local/lib/python3.7/site-packages/airflow/example_dags/example_branch_datetime_operator.py
[2024-01-14T15:11:45.537+0000] {logging_mixin.py:120} INFO - [2024-01-14T15:11:45.537+0000] {dag.py:2585} INFO - Sync 3 DAGs
[2024-01-14T15:11:45.554+0000] {logging_mixin.py:120} INFO - [2024-01-14T15:11:45.554+0000] {dag.py:3340} INFO - Setting next_dagrun for example_branch_datetime_operator to 2024-01-13T00:00:00+00:00, run_after=2024-01-14T00:00:00+00:00
[2024-01-14T15:11:45.556+0000] {logging_mixin.py:120} INFO - [2024-01-14T15:11:45.556+0000] {dag.py:3340} INFO - Setting next_dagrun for example_branch_datetime_operator_2 to 2024-01-13T00:00:00+00:00, run_after=2024-01-14T00:00:00+00:00
[2024-01-14T15:11:45.558+0000] {logging_mixin.py:120} INFO - [2024-01-14T15:11:45.558+0000] {dag.py:3340} INFO - Setting next_dagrun for example_branch_datetime_operator_3 to 2024-01-13T00:00:00+00:00, run_after=2024-01-14T00:00:00+00:00
[2024-01-14T15:11:45.568+0000] {processor.py:176} INFO - Processing /home/airflow/.local/lib/python3.7/site-packages/airflow/example_dags/example_branch_datetime_operator.py took 0.080 seconds
[2024-01-14T15:12:16.498+0000] {processor.py:154} INFO - Started process (PID=1555) to work on /home/airflow/.local/lib/python3.7/site-packages/airflow/example_dags/example_branch_datetime_operator.py
[2024-01-14T15:12:16.499+0000] {processor.py:756} INFO - Processing file /home/airflow/.local/lib/python3.7/site-packages/airflow/example_dags/example_branch_datetime_operator.py for tasks to queue
[2024-01-14T15:12:16.500+0000] {logging_mixin.py:120} INFO - [2024-01-14T15:12:16.500+0000] {dagbag.py:537} INFO - Filling up the DagBag from /home/airflow/.local/lib/python3.7/site-packages/airflow/example_dags/example_branch_datetime_operator.py
[2024-01-14T15:12:16.511+0000] {processor.py:766} INFO - DAG(s) dict_keys(['example_branch_datetime_operator_2', 'example_branch_datetime_operator_3', 'example_branch_datetime_operator']) retrieved from /home/airflow/.local/lib/python3.7/site-packages/airflow/example_dags/example_branch_datetime_operator.py
[2024-01-14T15:12:16.540+0000] {logging_mixin.py:120} INFO - [2024-01-14T15:12:16.540+0000] {dag.py:2585} INFO - Sync 3 DAGs
[2024-01-14T15:12:16.557+0000] {logging_mixin.py:120} INFO - [2024-01-14T15:12:16.556+0000] {dag.py:3340} INFO - Setting next_dagrun for example_branch_datetime_operator to 2024-01-13T00:00:00+00:00, run_after=2024-01-14T00:00:00+00:00
[2024-01-14T15:12:16.560+0000] {logging_mixin.py:120} INFO - [2024-01-14T15:12:16.560+0000] {dag.py:3340} INFO - Setting next_dagrun for example_branch_datetime_operator_2 to 2024-01-13T00:00:00+00:00, run_after=2024-01-14T00:00:00+00:00
[2024-01-14T15:12:16.561+0000] {logging_mixin.py:120} INFO - [2024-01-14T15:12:16.561+0000] {dag.py:3340} INFO - Setting next_dagrun for example_branch_datetime_operator_3 to 2024-01-13T00:00:00+00:00, run_after=2024-01-14T00:00:00+00:00
[2024-01-14T15:12:16.572+0000] {processor.py:176} INFO - Processing /home/airflow/.local/lib/python3.7/site-packages/airflow/example_dags/example_branch_datetime_operator.py took 0.076 seconds
[2024-01-14T15:12:47.434+0000] {processor.py:154} INFO - Started process (PID=1609) to work on /home/airflow/.local/lib/python3.7/site-packages/airflow/example_dags/example_branch_datetime_operator.py
[2024-01-14T15:12:47.435+0000] {processor.py:756} INFO - Processing file /home/airflow/.local/lib/python3.7/site-packages/airflow/example_dags/example_branch_datetime_operator.py for tasks to queue
[2024-01-14T15:12:47.436+0000] {logging_mixin.py:120} INFO - [2024-01-14T15:12:47.436+0000] {dagbag.py:537} INFO - Filling up the DagBag from /home/airflow/.local/lib/python3.7/site-packages/airflow/example_dags/example_branch_datetime_operator.py
[2024-01-14T15:12:47.448+0000] {processor.py:766} INFO - DAG(s) dict_keys(['example_branch_datetime_operator_3', 'example_branch_datetime_operator', 'example_branch_datetime_operator_2']) retrieved from /home/airflow/.local/lib/python3.7/site-packages/airflow/example_dags/example_branch_datetime_operator.py
[2024-01-14T15:12:47.479+0000] {logging_mixin.py:120} INFO - [2024-01-14T15:12:47.479+0000] {dag.py:2585} INFO - Sync 3 DAGs
[2024-01-14T15:12:47.496+0000] {logging_mixin.py:120} INFO - [2024-01-14T15:12:47.496+0000] {dag.py:3340} INFO - Setting next_dagrun for example_branch_datetime_operator to 2024-01-13T00:00:00+00:00, run_after=2024-01-14T00:00:00+00:00
[2024-01-14T15:12:47.500+0000] {logging_mixin.py:120} INFO - [2024-01-14T15:12:47.500+0000] {dag.py:3340} INFO - Setting next_dagrun for example_branch_datetime_operator_2 to 2024-01-13T00:00:00+00:00, run_after=2024-01-14T00:00:00+00:00
[2024-01-14T15:12:47.502+0000] {logging_mixin.py:120} INFO - [2024-01-14T15:12:47.502+0000] {dag.py:3340} INFO - Setting next_dagrun for example_branch_datetime_operator_3 to 2024-01-13T00:00:00+00:00, run_after=2024-01-14T00:00:00+00:00
[2024-01-14T15:12:47.511+0000] {processor.py:176} INFO - Processing /home/airflow/.local/lib/python3.7/site-packages/airflow/example_dags/example_branch_datetime_operator.py took 0.080 seconds
[2024-01-14T15:13:18.431+0000] {processor.py:154} INFO - Started process (PID=1672) to work on /home/airflow/.local/lib/python3.7/site-packages/airflow/example_dags/example_branch_datetime_operator.py
[2024-01-14T15:13:18.431+0000] {processor.py:756} INFO - Processing file /home/airflow/.local/lib/python3.7/site-packages/airflow/example_dags/example_branch_datetime_operator.py for tasks to queue
[2024-01-14T15:13:18.432+0000] {logging_mixin.py:120} INFO - [2024-01-14T15:13:18.432+0000] {dagbag.py:537} INFO - Filling up the DagBag from /home/airflow/.local/lib/python3.7/site-packages/airflow/example_dags/example_branch_datetime_operator.py
[2024-01-14T15:13:18.443+0000] {processor.py:766} INFO - DAG(s) dict_keys(['example_branch_datetime_operator_3', 'example_branch_datetime_operator_2', 'example_branch_datetime_operator']) retrieved from /home/airflow/.local/lib/python3.7/site-packages/airflow/example_dags/example_branch_datetime_operator.py
[2024-01-14T15:13:18.472+0000] {logging_mixin.py:120} INFO - [2024-01-14T15:13:18.472+0000] {dag.py:2585} INFO - Sync 3 DAGs
[2024-01-14T15:13:18.488+0000] {logging_mixin.py:120} INFO - [2024-01-14T15:13:18.488+0000] {dag.py:3340} INFO - Setting next_dagrun for example_branch_datetime_operator to 2024-01-13T00:00:00+00:00, run_after=2024-01-14T00:00:00+00:00
[2024-01-14T15:13:18.491+0000] {logging_mixin.py:120} INFO - [2024-01-14T15:13:18.491+0000] {dag.py:3340} INFO - Setting next_dagrun for example_branch_datetime_operator_2 to 2024-01-13T00:00:00+00:00, run_after=2024-01-14T00:00:00+00:00
[2024-01-14T15:13:18.493+0000] {logging_mixin.py:120} INFO - [2024-01-14T15:13:18.493+0000] {dag.py:3340} INFO - Setting next_dagrun for example_branch_datetime_operator_3 to 2024-01-13T00:00:00+00:00, run_after=2024-01-14T00:00:00+00:00
[2024-01-14T15:13:18.502+0000] {processor.py:176} INFO - Processing /home/airflow/.local/lib/python3.7/site-packages/airflow/example_dags/example_branch_datetime_operator.py took 0.074 seconds
[2024-01-14T15:13:49.328+0000] {processor.py:154} INFO - Started process (PID=1735) to work on /home/airflow/.local/lib/python3.7/site-packages/airflow/example_dags/example_branch_datetime_operator.py
[2024-01-14T15:13:49.329+0000] {processor.py:756} INFO - Processing file /home/airflow/.local/lib/python3.7/site-packages/airflow/example_dags/example_branch_datetime_operator.py for tasks to queue
[2024-01-14T15:13:49.330+0000] {logging_mixin.py:120} INFO - [2024-01-14T15:13:49.330+0000] {dagbag.py:537} INFO - Filling up the DagBag from /home/airflow/.local/lib/python3.7/site-packages/airflow/example_dags/example_branch_datetime_operator.py
[2024-01-14T15:13:49.341+0000] {processor.py:766} INFO - DAG(s) dict_keys(['example_branch_datetime_operator_2', 'example_branch_datetime_operator_3', 'example_branch_datetime_operator']) retrieved from /home/airflow/.local/lib/python3.7/site-packages/airflow/example_dags/example_branch_datetime_operator.py
[2024-01-14T15:13:49.375+0000] {logging_mixin.py:120} INFO - [2024-01-14T15:13:49.375+0000] {dag.py:2585} INFO - Sync 3 DAGs
[2024-01-14T15:13:49.391+0000] {logging_mixin.py:120} INFO - [2024-01-14T15:13:49.391+0000] {dag.py:3340} INFO - Setting next_dagrun for example_branch_datetime_operator to 2024-01-13T00:00:00+00:00, run_after=2024-01-14T00:00:00+00:00
[2024-01-14T15:13:49.394+0000] {logging_mixin.py:120} INFO - [2024-01-14T15:13:49.394+0000] {dag.py:3340} INFO - Setting next_dagrun for example_branch_datetime_operator_2 to 2024-01-13T00:00:00+00:00, run_after=2024-01-14T00:00:00+00:00
[2024-01-14T15:13:49.395+0000] {logging_mixin.py:120} INFO - [2024-01-14T15:13:49.395+0000] {dag.py:3340} INFO - Setting next_dagrun for example_branch_datetime_operator_3 to 2024-01-13T00:00:00+00:00, run_after=2024-01-14T00:00:00+00:00
[2024-01-14T15:13:49.405+0000] {processor.py:176} INFO - Processing /home/airflow/.local/lib/python3.7/site-packages/airflow/example_dags/example_branch_datetime_operator.py took 0.079 seconds
[2024-01-14T15:14:20.306+0000] {processor.py:154} INFO - Started process (PID=1798) to work on /home/airflow/.local/lib/python3.7/site-packages/airflow/example_dags/example_branch_datetime_operator.py
[2024-01-14T15:14:20.307+0000] {processor.py:756} INFO - Processing file /home/airflow/.local/lib/python3.7/site-packages/airflow/example_dags/example_branch_datetime_operator.py for tasks to queue
[2024-01-14T15:14:20.308+0000] {logging_mixin.py:120} INFO - [2024-01-14T15:14:20.308+0000] {dagbag.py:537} INFO - Filling up the DagBag from /home/airflow/.local/lib/python3.7/site-packages/airflow/example_dags/example_branch_datetime_operator.py
[2024-01-14T15:14:20.320+0000] {processor.py:766} INFO - DAG(s) dict_keys(['example_branch_datetime_operator', 'example_branch_datetime_operator_2', 'example_branch_datetime_operator_3']) retrieved from /home/airflow/.local/lib/python3.7/site-packages/airflow/example_dags/example_branch_datetime_operator.py
[2024-01-14T15:14:20.353+0000] {logging_mixin.py:120} INFO - [2024-01-14T15:14:20.353+0000] {dag.py:2585} INFO - Sync 3 DAGs
[2024-01-14T15:14:20.369+0000] {logging_mixin.py:120} INFO - [2024-01-14T15:14:20.369+0000] {dag.py:3340} INFO - Setting next_dagrun for example_branch_datetime_operator to 2024-01-13T00:00:00+00:00, run_after=2024-01-14T00:00:00+00:00
[2024-01-14T15:14:20.372+0000] {logging_mixin.py:120} INFO - [2024-01-14T15:14:20.372+0000] {dag.py:3340} INFO - Setting next_dagrun for example_branch_datetime_operator_2 to 2024-01-13T00:00:00+00:00, run_after=2024-01-14T00:00:00+00:00
[2024-01-14T15:14:20.374+0000] {logging_mixin.py:120} INFO - [2024-01-14T15:14:20.374+0000] {dag.py:3340} INFO - Setting next_dagrun for example_branch_datetime_operator_3 to 2024-01-13T00:00:00+00:00, run_after=2024-01-14T00:00:00+00:00
[2024-01-14T15:14:20.384+0000] {processor.py:176} INFO - Processing /home/airflow/.local/lib/python3.7/site-packages/airflow/example_dags/example_branch_datetime_operator.py took 0.080 seconds
[2024-01-14T15:14:51.187+0000] {processor.py:154} INFO - Started process (PID=1861) to work on /home/airflow/.local/lib/python3.7/site-packages/airflow/example_dags/example_branch_datetime_operator.py
[2024-01-14T15:14:51.188+0000] {processor.py:756} INFO - Processing file /home/airflow/.local/lib/python3.7/site-packages/airflow/example_dags/example_branch_datetime_operator.py for tasks to queue
[2024-01-14T15:14:51.188+0000] {logging_mixin.py:120} INFO - [2024-01-14T15:14:51.188+0000] {dagbag.py:537} INFO - Filling up the DagBag from /home/airflow/.local/lib/python3.7/site-packages/airflow/example_dags/example_branch_datetime_operator.py
[2024-01-14T15:14:51.200+0000] {processor.py:766} INFO - DAG(s) dict_keys(['example_branch_datetime_operator_2', 'example_branch_datetime_operator_3', 'example_branch_datetime_operator']) retrieved from /home/airflow/.local/lib/python3.7/site-packages/airflow/example_dags/example_branch_datetime_operator.py
[2024-01-14T15:14:51.229+0000] {logging_mixin.py:120} INFO - [2024-01-14T15:14:51.229+0000] {dag.py:2585} INFO - Sync 3 DAGs
[2024-01-14T15:14:51.246+0000] {logging_mixin.py:120} INFO - [2024-01-14T15:14:51.246+0000] {dag.py:3340} INFO - Setting next_dagrun for example_branch_datetime_operator to 2024-01-13T00:00:00+00:00, run_after=2024-01-14T00:00:00+00:00
[2024-01-14T15:14:51.250+0000] {logging_mixin.py:120} INFO - [2024-01-14T15:14:51.250+0000] {dag.py:3340} INFO - Setting next_dagrun for example_branch_datetime_operator_2 to 2024-01-13T00:00:00+00:00, run_after=2024-01-14T00:00:00+00:00
[2024-01-14T15:14:51.251+0000] {logging_mixin.py:120} INFO - [2024-01-14T15:14:51.251+0000] {dag.py:3340} INFO - Setting next_dagrun for example_branch_datetime_operator_3 to 2024-01-13T00:00:00+00:00, run_after=2024-01-14T00:00:00+00:00
[2024-01-14T15:14:51.262+0000] {processor.py:176} INFO - Processing /home/airflow/.local/lib/python3.7/site-packages/airflow/example_dags/example_branch_datetime_operator.py took 0.078 seconds
[2024-01-14T15:15:22.242+0000] {processor.py:154} INFO - Started process (PID=1924) to work on /home/airflow/.local/lib/python3.7/site-packages/airflow/example_dags/example_branch_datetime_operator.py
[2024-01-14T15:15:22.243+0000] {processor.py:756} INFO - Processing file /home/airflow/.local/lib/python3.7/site-packages/airflow/example_dags/example_branch_datetime_operator.py for tasks to queue
[2024-01-14T15:15:22.243+0000] {logging_mixin.py:120} INFO - [2024-01-14T15:15:22.243+0000] {dagbag.py:537} INFO - Filling up the DagBag from /home/airflow/.local/lib/python3.7/site-packages/airflow/example_dags/example_branch_datetime_operator.py
[2024-01-14T15:15:22.255+0000] {processor.py:766} INFO - DAG(s) dict_keys(['example_branch_datetime_operator', 'example_branch_datetime_operator_3', 'example_branch_datetime_operator_2']) retrieved from /home/airflow/.local/lib/python3.7/site-packages/airflow/example_dags/example_branch_datetime_operator.py
[2024-01-14T15:15:22.286+0000] {logging_mixin.py:120} INFO - [2024-01-14T15:15:22.286+0000] {dag.py:2585} INFO - Sync 3 DAGs
[2024-01-14T15:15:22.303+0000] {logging_mixin.py:120} INFO - [2024-01-14T15:15:22.303+0000] {dag.py:3340} INFO - Setting next_dagrun for example_branch_datetime_operator to 2024-01-13T00:00:00+00:00, run_after=2024-01-14T00:00:00+00:00
[2024-01-14T15:15:22.306+0000] {logging_mixin.py:120} INFO - [2024-01-14T15:15:22.305+0000] {dag.py:3340} INFO - Setting next_dagrun for example_branch_datetime_operator_2 to 2024-01-13T00:00:00+00:00, run_after=2024-01-14T00:00:00+00:00
[2024-01-14T15:15:22.307+0000] {logging_mixin.py:120} INFO - [2024-01-14T15:15:22.307+0000] {dag.py:3340} INFO - Setting next_dagrun for example_branch_datetime_operator_3 to 2024-01-13T00:00:00+00:00, run_after=2024-01-14T00:00:00+00:00
[2024-01-14T15:15:22.317+0000] {processor.py:176} INFO - Processing /home/airflow/.local/lib/python3.7/site-packages/airflow/example_dags/example_branch_datetime_operator.py took 0.077 seconds
[2024-01-14T15:15:52.466+0000] {processor.py:154} INFO - Started process (PID=1985) to work on /home/airflow/.local/lib/python3.7/site-packages/airflow/example_dags/example_branch_datetime_operator.py
[2024-01-14T15:15:52.467+0000] {processor.py:756} INFO - Processing file /home/airflow/.local/lib/python3.7/site-packages/airflow/example_dags/example_branch_datetime_operator.py for tasks to queue
[2024-01-14T15:15:52.468+0000] {logging_mixin.py:120} INFO - [2024-01-14T15:15:52.468+0000] {dagbag.py:537} INFO - Filling up the DagBag from /home/airflow/.local/lib/python3.7/site-packages/airflow/example_dags/example_branch_datetime_operator.py
[2024-01-14T15:15:52.479+0000] {processor.py:766} INFO - DAG(s) dict_keys(['example_branch_datetime_operator_2', 'example_branch_datetime_operator_3', 'example_branch_datetime_operator']) retrieved from /home/airflow/.local/lib/python3.7/site-packages/airflow/example_dags/example_branch_datetime_operator.py
[2024-01-14T15:15:52.508+0000] {logging_mixin.py:120} INFO - [2024-01-14T15:15:52.508+0000] {dag.py:2585} INFO - Sync 3 DAGs
[2024-01-14T15:15:52.524+0000] {logging_mixin.py:120} INFO - [2024-01-14T15:15:52.524+0000] {dag.py:3340} INFO - Setting next_dagrun for example_branch_datetime_operator to 2024-01-13T00:00:00+00:00, run_after=2024-01-14T00:00:00+00:00
[2024-01-14T15:15:52.526+0000] {logging_mixin.py:120} INFO - [2024-01-14T15:15:52.526+0000] {dag.py:3340} INFO - Setting next_dagrun for example_branch_datetime_operator_2 to 2024-01-13T00:00:00+00:00, run_after=2024-01-14T00:00:00+00:00
[2024-01-14T15:15:52.528+0000] {logging_mixin.py:120} INFO - [2024-01-14T15:15:52.528+0000] {dag.py:3340} INFO - Setting next_dagrun for example_branch_datetime_operator_3 to 2024-01-13T00:00:00+00:00, run_after=2024-01-14T00:00:00+00:00
[2024-01-14T15:15:52.538+0000] {processor.py:176} INFO - Processing /home/airflow/.local/lib/python3.7/site-packages/airflow/example_dags/example_branch_datetime_operator.py took 0.074 seconds
[2024-01-14T15:16:23.428+0000] {processor.py:154} INFO - Started process (PID=2041) to work on /home/airflow/.local/lib/python3.7/site-packages/airflow/example_dags/example_branch_datetime_operator.py
[2024-01-14T15:16:23.429+0000] {processor.py:756} INFO - Processing file /home/airflow/.local/lib/python3.7/site-packages/airflow/example_dags/example_branch_datetime_operator.py for tasks to queue
[2024-01-14T15:16:23.429+0000] {logging_mixin.py:120} INFO - [2024-01-14T15:16:23.429+0000] {dagbag.py:537} INFO - Filling up the DagBag from /home/airflow/.local/lib/python3.7/site-packages/airflow/example_dags/example_branch_datetime_operator.py
[2024-01-14T15:16:23.442+0000] {processor.py:766} INFO - DAG(s) dict_keys(['example_branch_datetime_operator', 'example_branch_datetime_operator_3', 'example_branch_datetime_operator_2']) retrieved from /home/airflow/.local/lib/python3.7/site-packages/airflow/example_dags/example_branch_datetime_operator.py
[2024-01-14T15:16:23.475+0000] {logging_mixin.py:120} INFO - [2024-01-14T15:16:23.475+0000] {dag.py:2585} INFO - Sync 3 DAGs
[2024-01-14T15:16:23.490+0000] {logging_mixin.py:120} INFO - [2024-01-14T15:16:23.490+0000] {dag.py:3340} INFO - Setting next_dagrun for example_branch_datetime_operator to 2024-01-13T00:00:00+00:00, run_after=2024-01-14T00:00:00+00:00
[2024-01-14T15:16:23.493+0000] {logging_mixin.py:120} INFO - [2024-01-14T15:16:23.493+0000] {dag.py:3340} INFO - Setting next_dagrun for example_branch_datetime_operator_2 to 2024-01-13T00:00:00+00:00, run_after=2024-01-14T00:00:00+00:00
[2024-01-14T15:16:23.494+0000] {logging_mixin.py:120} INFO - [2024-01-14T15:16:23.494+0000] {dag.py:3340} INFO - Setting next_dagrun for example_branch_datetime_operator_3 to 2024-01-13T00:00:00+00:00, run_after=2024-01-14T00:00:00+00:00
[2024-01-14T15:16:23.505+0000] {processor.py:176} INFO - Processing /home/airflow/.local/lib/python3.7/site-packages/airflow/example_dags/example_branch_datetime_operator.py took 0.079 seconds
[2024-01-14T15:16:54.488+0000] {processor.py:154} INFO - Started process (PID=2104) to work on /home/airflow/.local/lib/python3.7/site-packages/airflow/example_dags/example_branch_datetime_operator.py
[2024-01-14T15:16:54.489+0000] {processor.py:756} INFO - Processing file /home/airflow/.local/lib/python3.7/site-packages/airflow/example_dags/example_branch_datetime_operator.py for tasks to queue
[2024-01-14T15:16:54.490+0000] {logging_mixin.py:120} INFO - [2024-01-14T15:16:54.490+0000] {dagbag.py:537} INFO - Filling up the DagBag from /home/airflow/.local/lib/python3.7/site-packages/airflow/example_dags/example_branch_datetime_operator.py
[2024-01-14T15:16:54.502+0000] {processor.py:766} INFO - DAG(s) dict_keys(['example_branch_datetime_operator', 'example_branch_datetime_operator_2', 'example_branch_datetime_operator_3']) retrieved from /home/airflow/.local/lib/python3.7/site-packages/airflow/example_dags/example_branch_datetime_operator.py
[2024-01-14T15:16:54.532+0000] {logging_mixin.py:120} INFO - [2024-01-14T15:16:54.531+0000] {dag.py:2585} INFO - Sync 3 DAGs
[2024-01-14T15:16:54.548+0000] {logging_mixin.py:120} INFO - [2024-01-14T15:16:54.548+0000] {dag.py:3340} INFO - Setting next_dagrun for example_branch_datetime_operator to 2024-01-13T00:00:00+00:00, run_after=2024-01-14T00:00:00+00:00
[2024-01-14T15:16:54.552+0000] {logging_mixin.py:120} INFO - [2024-01-14T15:16:54.552+0000] {dag.py:3340} INFO - Setting next_dagrun for example_branch_datetime_operator_2 to 2024-01-13T00:00:00+00:00, run_after=2024-01-14T00:00:00+00:00
[2024-01-14T15:16:54.554+0000] {logging_mixin.py:120} INFO - [2024-01-14T15:16:54.554+0000] {dag.py:3340} INFO - Setting next_dagrun for example_branch_datetime_operator_3 to 2024-01-13T00:00:00+00:00, run_after=2024-01-14T00:00:00+00:00
[2024-01-14T15:16:54.564+0000] {processor.py:176} INFO - Processing /home/airflow/.local/lib/python3.7/site-packages/airflow/example_dags/example_branch_datetime_operator.py took 0.078 seconds
[2024-01-14T15:17:25.677+0000] {processor.py:154} INFO - Started process (PID=2167) to work on /home/airflow/.local/lib/python3.7/site-packages/airflow/example_dags/example_branch_datetime_operator.py
[2024-01-14T15:17:25.677+0000] {processor.py:756} INFO - Processing file /home/airflow/.local/lib/python3.7/site-packages/airflow/example_dags/example_branch_datetime_operator.py for tasks to queue
[2024-01-14T15:17:25.678+0000] {logging_mixin.py:120} INFO - [2024-01-14T15:17:25.678+0000] {dagbag.py:537} INFO - Filling up the DagBag from /home/airflow/.local/lib/python3.7/site-packages/airflow/example_dags/example_branch_datetime_operator.py
[2024-01-14T15:17:25.690+0000] {processor.py:766} INFO - DAG(s) dict_keys(['example_branch_datetime_operator_2', 'example_branch_datetime_operator', 'example_branch_datetime_operator_3']) retrieved from /home/airflow/.local/lib/python3.7/site-packages/airflow/example_dags/example_branch_datetime_operator.py
[2024-01-14T15:17:25.719+0000] {logging_mixin.py:120} INFO - [2024-01-14T15:17:25.719+0000] {dag.py:2585} INFO - Sync 3 DAGs
[2024-01-14T15:17:25.741+0000] {logging_mixin.py:120} INFO - [2024-01-14T15:17:25.741+0000] {dag.py:3340} INFO - Setting next_dagrun for example_branch_datetime_operator to 2024-01-13T00:00:00+00:00, run_after=2024-01-14T00:00:00+00:00
[2024-01-14T15:17:25.745+0000] {logging_mixin.py:120} INFO - [2024-01-14T15:17:25.745+0000] {dag.py:3340} INFO - Setting next_dagrun for example_branch_datetime_operator_2 to 2024-01-13T00:00:00+00:00, run_after=2024-01-14T00:00:00+00:00
[2024-01-14T15:17:25.747+0000] {logging_mixin.py:120} INFO - [2024-01-14T15:17:25.747+0000] {dag.py:3340} INFO - Setting next_dagrun for example_branch_datetime_operator_3 to 2024-01-13T00:00:00+00:00, run_after=2024-01-14T00:00:00+00:00
[2024-01-14T15:17:25.758+0000] {processor.py:176} INFO - Processing /home/airflow/.local/lib/python3.7/site-packages/airflow/example_dags/example_branch_datetime_operator.py took 0.083 seconds
[2024-01-14T15:17:55.817+0000] {processor.py:154} INFO - Started process (PID=2230) to work on /home/airflow/.local/lib/python3.7/site-packages/airflow/example_dags/example_branch_datetime_operator.py
[2024-01-14T15:17:55.818+0000] {processor.py:756} INFO - Processing file /home/airflow/.local/lib/python3.7/site-packages/airflow/example_dags/example_branch_datetime_operator.py for tasks to queue
[2024-01-14T15:17:55.819+0000] {logging_mixin.py:120} INFO - [2024-01-14T15:17:55.819+0000] {dagbag.py:537} INFO - Filling up the DagBag from /home/airflow/.local/lib/python3.7/site-packages/airflow/example_dags/example_branch_datetime_operator.py
[2024-01-14T15:17:55.831+0000] {processor.py:766} INFO - DAG(s) dict_keys(['example_branch_datetime_operator_3', 'example_branch_datetime_operator', 'example_branch_datetime_operator_2']) retrieved from /home/airflow/.local/lib/python3.7/site-packages/airflow/example_dags/example_branch_datetime_operator.py
[2024-01-14T15:17:55.862+0000] {logging_mixin.py:120} INFO - [2024-01-14T15:17:55.862+0000] {dag.py:2585} INFO - Sync 3 DAGs
[2024-01-14T15:17:55.879+0000] {logging_mixin.py:120} INFO - [2024-01-14T15:17:55.879+0000] {dag.py:3340} INFO - Setting next_dagrun for example_branch_datetime_operator to 2024-01-13T00:00:00+00:00, run_after=2024-01-14T00:00:00+00:00
[2024-01-14T15:17:55.882+0000] {logging_mixin.py:120} INFO - [2024-01-14T15:17:55.882+0000] {dag.py:3340} INFO - Setting next_dagrun for example_branch_datetime_operator_2 to 2024-01-13T00:00:00+00:00, run_after=2024-01-14T00:00:00+00:00
[2024-01-14T15:17:55.884+0000] {logging_mixin.py:120} INFO - [2024-01-14T15:17:55.884+0000] {dag.py:3340} INFO - Setting next_dagrun for example_branch_datetime_operator_3 to 2024-01-13T00:00:00+00:00, run_after=2024-01-14T00:00:00+00:00
[2024-01-14T15:17:55.894+0000] {processor.py:176} INFO - Processing /home/airflow/.local/lib/python3.7/site-packages/airflow/example_dags/example_branch_datetime_operator.py took 0.079 seconds
[2024-01-14T15:18:26.806+0000] {processor.py:154} INFO - Started process (PID=2293) to work on /home/airflow/.local/lib/python3.7/site-packages/airflow/example_dags/example_branch_datetime_operator.py
[2024-01-14T15:18:26.807+0000] {processor.py:756} INFO - Processing file /home/airflow/.local/lib/python3.7/site-packages/airflow/example_dags/example_branch_datetime_operator.py for tasks to queue
[2024-01-14T15:18:26.807+0000] {logging_mixin.py:120} INFO - [2024-01-14T15:18:26.807+0000] {dagbag.py:537} INFO - Filling up the DagBag from /home/airflow/.local/lib/python3.7/site-packages/airflow/example_dags/example_branch_datetime_operator.py
[2024-01-14T15:18:26.819+0000] {processor.py:766} INFO - DAG(s) dict_keys(['example_branch_datetime_operator_2', 'example_branch_datetime_operator', 'example_branch_datetime_operator_3']) retrieved from /home/airflow/.local/lib/python3.7/site-packages/airflow/example_dags/example_branch_datetime_operator.py
[2024-01-14T15:18:26.847+0000] {logging_mixin.py:120} INFO - [2024-01-14T15:18:26.847+0000] {dag.py:2585} INFO - Sync 3 DAGs
[2024-01-14T15:18:26.863+0000] {logging_mixin.py:120} INFO - [2024-01-14T15:18:26.863+0000] {dag.py:3340} INFO - Setting next_dagrun for example_branch_datetime_operator to 2024-01-13T00:00:00+00:00, run_after=2024-01-14T00:00:00+00:00
[2024-01-14T15:18:26.866+0000] {logging_mixin.py:120} INFO - [2024-01-14T15:18:26.866+0000] {dag.py:3340} INFO - Setting next_dagrun for example_branch_datetime_operator_2 to 2024-01-13T00:00:00+00:00, run_after=2024-01-14T00:00:00+00:00
[2024-01-14T15:18:26.867+0000] {logging_mixin.py:120} INFO - [2024-01-14T15:18:26.867+0000] {dag.py:3340} INFO - Setting next_dagrun for example_branch_datetime_operator_3 to 2024-01-13T00:00:00+00:00, run_after=2024-01-14T00:00:00+00:00
[2024-01-14T15:18:26.877+0000] {processor.py:176} INFO - Processing /home/airflow/.local/lib/python3.7/site-packages/airflow/example_dags/example_branch_datetime_operator.py took 0.073 seconds
[2024-01-14T15:18:57.790+0000] {processor.py:154} INFO - Started process (PID=2356) to work on /home/airflow/.local/lib/python3.7/site-packages/airflow/example_dags/example_branch_datetime_operator.py
[2024-01-14T15:18:57.791+0000] {processor.py:756} INFO - Processing file /home/airflow/.local/lib/python3.7/site-packages/airflow/example_dags/example_branch_datetime_operator.py for tasks to queue
[2024-01-14T15:18:57.791+0000] {logging_mixin.py:120} INFO - [2024-01-14T15:18:57.791+0000] {dagbag.py:537} INFO - Filling up the DagBag from /home/airflow/.local/lib/python3.7/site-packages/airflow/example_dags/example_branch_datetime_operator.py
[2024-01-14T15:18:57.804+0000] {processor.py:766} INFO - DAG(s) dict_keys(['example_branch_datetime_operator', 'example_branch_datetime_operator_2', 'example_branch_datetime_operator_3']) retrieved from /home/airflow/.local/lib/python3.7/site-packages/airflow/example_dags/example_branch_datetime_operator.py
[2024-01-14T15:18:57.835+0000] {logging_mixin.py:120} INFO - [2024-01-14T15:18:57.835+0000] {dag.py:2585} INFO - Sync 3 DAGs
[2024-01-14T15:18:57.851+0000] {logging_mixin.py:120} INFO - [2024-01-14T15:18:57.851+0000] {dag.py:3340} INFO - Setting next_dagrun for example_branch_datetime_operator to 2024-01-13T00:00:00+00:00, run_after=2024-01-14T00:00:00+00:00
[2024-01-14T15:18:57.855+0000] {logging_mixin.py:120} INFO - [2024-01-14T15:18:57.855+0000] {dag.py:3340} INFO - Setting next_dagrun for example_branch_datetime_operator_2 to 2024-01-13T00:00:00+00:00, run_after=2024-01-14T00:00:00+00:00
[2024-01-14T15:18:57.856+0000] {logging_mixin.py:120} INFO - [2024-01-14T15:18:57.856+0000] {dag.py:3340} INFO - Setting next_dagrun for example_branch_datetime_operator_3 to 2024-01-13T00:00:00+00:00, run_after=2024-01-14T00:00:00+00:00
[2024-01-14T15:18:57.868+0000] {processor.py:176} INFO - Processing /home/airflow/.local/lib/python3.7/site-packages/airflow/example_dags/example_branch_datetime_operator.py took 0.080 seconds
[2024-01-14T15:19:29.013+0000] {processor.py:154} INFO - Started process (PID=2417) to work on /home/airflow/.local/lib/python3.7/site-packages/airflow/example_dags/example_branch_datetime_operator.py
[2024-01-14T15:19:29.014+0000] {processor.py:756} INFO - Processing file /home/airflow/.local/lib/python3.7/site-packages/airflow/example_dags/example_branch_datetime_operator.py for tasks to queue
[2024-01-14T15:19:29.014+0000] {logging_mixin.py:120} INFO - [2024-01-14T15:19:29.014+0000] {dagbag.py:537} INFO - Filling up the DagBag from /home/airflow/.local/lib/python3.7/site-packages/airflow/example_dags/example_branch_datetime_operator.py
[2024-01-14T15:19:29.026+0000] {processor.py:766} INFO - DAG(s) dict_keys(['example_branch_datetime_operator_3', 'example_branch_datetime_operator', 'example_branch_datetime_operator_2']) retrieved from /home/airflow/.local/lib/python3.7/site-packages/airflow/example_dags/example_branch_datetime_operator.py
[2024-01-14T15:19:29.056+0000] {logging_mixin.py:120} INFO - [2024-01-14T15:19:29.056+0000] {dag.py:2585} INFO - Sync 3 DAGs
[2024-01-14T15:19:29.075+0000] {logging_mixin.py:120} INFO - [2024-01-14T15:19:29.074+0000] {dag.py:3340} INFO - Setting next_dagrun for example_branch_datetime_operator to 2024-01-13T00:00:00+00:00, run_after=2024-01-14T00:00:00+00:00
[2024-01-14T15:19:29.078+0000] {logging_mixin.py:120} INFO - [2024-01-14T15:19:29.078+0000] {dag.py:3340} INFO - Setting next_dagrun for example_branch_datetime_operator_2 to 2024-01-13T00:00:00+00:00, run_after=2024-01-14T00:00:00+00:00
[2024-01-14T15:19:29.079+0000] {logging_mixin.py:120} INFO - [2024-01-14T15:19:29.079+0000] {dag.py:3340} INFO - Setting next_dagrun for example_branch_datetime_operator_3 to 2024-01-13T00:00:00+00:00, run_after=2024-01-14T00:00:00+00:00
[2024-01-14T15:19:29.089+0000] {processor.py:176} INFO - Processing /home/airflow/.local/lib/python3.7/site-packages/airflow/example_dags/example_branch_datetime_operator.py took 0.079 seconds
[2024-01-14T15:19:59.957+0000] {processor.py:154} INFO - Started process (PID=2473) to work on /home/airflow/.local/lib/python3.7/site-packages/airflow/example_dags/example_branch_datetime_operator.py
[2024-01-14T15:19:59.958+0000] {processor.py:756} INFO - Processing file /home/airflow/.local/lib/python3.7/site-packages/airflow/example_dags/example_branch_datetime_operator.py for tasks to queue
[2024-01-14T15:19:59.958+0000] {logging_mixin.py:120} INFO - [2024-01-14T15:19:59.958+0000] {dagbag.py:537} INFO - Filling up the DagBag from /home/airflow/.local/lib/python3.7/site-packages/airflow/example_dags/example_branch_datetime_operator.py
[2024-01-14T15:19:59.971+0000] {processor.py:766} INFO - DAG(s) dict_keys(['example_branch_datetime_operator_2', 'example_branch_datetime_operator_3', 'example_branch_datetime_operator']) retrieved from /home/airflow/.local/lib/python3.7/site-packages/airflow/example_dags/example_branch_datetime_operator.py
[2024-01-14T15:20:00.001+0000] {logging_mixin.py:120} INFO - [2024-01-14T15:20:00.001+0000] {dag.py:2585} INFO - Sync 3 DAGs
[2024-01-14T15:20:00.017+0000] {logging_mixin.py:120} INFO - [2024-01-14T15:20:00.017+0000] {dag.py:3340} INFO - Setting next_dagrun for example_branch_datetime_operator to 2024-01-13T00:00:00+00:00, run_after=2024-01-14T00:00:00+00:00
[2024-01-14T15:20:00.020+0000] {logging_mixin.py:120} INFO - [2024-01-14T15:20:00.020+0000] {dag.py:3340} INFO - Setting next_dagrun for example_branch_datetime_operator_2 to 2024-01-13T00:00:00+00:00, run_after=2024-01-14T00:00:00+00:00
[2024-01-14T15:20:00.022+0000] {logging_mixin.py:120} INFO - [2024-01-14T15:20:00.022+0000] {dag.py:3340} INFO - Setting next_dagrun for example_branch_datetime_operator_3 to 2024-01-13T00:00:00+00:00, run_after=2024-01-14T00:00:00+00:00
[2024-01-14T15:20:00.032+0000] {processor.py:176} INFO - Processing /home/airflow/.local/lib/python3.7/site-packages/airflow/example_dags/example_branch_datetime_operator.py took 0.077 seconds
[2024-01-14T15:20:30.871+0000] {processor.py:154} INFO - Started process (PID=2536) to work on /home/airflow/.local/lib/python3.7/site-packages/airflow/example_dags/example_branch_datetime_operator.py
[2024-01-14T15:20:30.872+0000] {processor.py:756} INFO - Processing file /home/airflow/.local/lib/python3.7/site-packages/airflow/example_dags/example_branch_datetime_operator.py for tasks to queue
[2024-01-14T15:20:30.872+0000] {logging_mixin.py:120} INFO - [2024-01-14T15:20:30.872+0000] {dagbag.py:537} INFO - Filling up the DagBag from /home/airflow/.local/lib/python3.7/site-packages/airflow/example_dags/example_branch_datetime_operator.py
[2024-01-14T15:20:30.884+0000] {processor.py:766} INFO - DAG(s) dict_keys(['example_branch_datetime_operator_3', 'example_branch_datetime_operator_2', 'example_branch_datetime_operator']) retrieved from /home/airflow/.local/lib/python3.7/site-packages/airflow/example_dags/example_branch_datetime_operator.py
[2024-01-14T15:20:30.918+0000] {logging_mixin.py:120} INFO - [2024-01-14T15:20:30.917+0000] {dag.py:2585} INFO - Sync 3 DAGs
[2024-01-14T15:20:30.934+0000] {logging_mixin.py:120} INFO - [2024-01-14T15:20:30.934+0000] {dag.py:3340} INFO - Setting next_dagrun for example_branch_datetime_operator to 2024-01-13T00:00:00+00:00, run_after=2024-01-14T00:00:00+00:00
[2024-01-14T15:20:30.937+0000] {logging_mixin.py:120} INFO - [2024-01-14T15:20:30.937+0000] {dag.py:3340} INFO - Setting next_dagrun for example_branch_datetime_operator_2 to 2024-01-13T00:00:00+00:00, run_after=2024-01-14T00:00:00+00:00
[2024-01-14T15:20:30.939+0000] {logging_mixin.py:120} INFO - [2024-01-14T15:20:30.939+0000] {dag.py:3340} INFO - Setting next_dagrun for example_branch_datetime_operator_3 to 2024-01-13T00:00:00+00:00, run_after=2024-01-14T00:00:00+00:00
[2024-01-14T15:20:30.949+0000] {processor.py:176} INFO - Processing /home/airflow/.local/lib/python3.7/site-packages/airflow/example_dags/example_branch_datetime_operator.py took 0.080 seconds
[2024-01-14T15:21:01.844+0000] {processor.py:154} INFO - Started process (PID=2599) to work on /home/airflow/.local/lib/python3.7/site-packages/airflow/example_dags/example_branch_datetime_operator.py
[2024-01-14T15:21:01.845+0000] {processor.py:756} INFO - Processing file /home/airflow/.local/lib/python3.7/site-packages/airflow/example_dags/example_branch_datetime_operator.py for tasks to queue
[2024-01-14T15:21:01.846+0000] {logging_mixin.py:120} INFO - [2024-01-14T15:21:01.846+0000] {dagbag.py:537} INFO - Filling up the DagBag from /home/airflow/.local/lib/python3.7/site-packages/airflow/example_dags/example_branch_datetime_operator.py
[2024-01-14T15:21:01.857+0000] {processor.py:766} INFO - DAG(s) dict_keys(['example_branch_datetime_operator_2', 'example_branch_datetime_operator', 'example_branch_datetime_operator_3']) retrieved from /home/airflow/.local/lib/python3.7/site-packages/airflow/example_dags/example_branch_datetime_operator.py
[2024-01-14T15:21:01.888+0000] {logging_mixin.py:120} INFO - [2024-01-14T15:21:01.888+0000] {dag.py:2585} INFO - Sync 3 DAGs
[2024-01-14T15:21:01.907+0000] {logging_mixin.py:120} INFO - [2024-01-14T15:21:01.907+0000] {dag.py:3340} INFO - Setting next_dagrun for example_branch_datetime_operator to 2024-01-13T00:00:00+00:00, run_after=2024-01-14T00:00:00+00:00
[2024-01-14T15:21:01.910+0000] {logging_mixin.py:120} INFO - [2024-01-14T15:21:01.910+0000] {dag.py:3340} INFO - Setting next_dagrun for example_branch_datetime_operator_2 to 2024-01-13T00:00:00+00:00, run_after=2024-01-14T00:00:00+00:00
[2024-01-14T15:21:01.911+0000] {logging_mixin.py:120} INFO - [2024-01-14T15:21:01.911+0000] {dag.py:3340} INFO - Setting next_dagrun for example_branch_datetime_operator_3 to 2024-01-13T00:00:00+00:00, run_after=2024-01-14T00:00:00+00:00
[2024-01-14T15:21:01.921+0000] {processor.py:176} INFO - Processing /home/airflow/.local/lib/python3.7/site-packages/airflow/example_dags/example_branch_datetime_operator.py took 0.079 seconds
[2024-01-14T15:21:32.821+0000] {processor.py:154} INFO - Started process (PID=2662) to work on /home/airflow/.local/lib/python3.7/site-packages/airflow/example_dags/example_branch_datetime_operator.py
[2024-01-14T15:21:32.822+0000] {processor.py:756} INFO - Processing file /home/airflow/.local/lib/python3.7/site-packages/airflow/example_dags/example_branch_datetime_operator.py for tasks to queue
[2024-01-14T15:21:32.822+0000] {logging_mixin.py:120} INFO - [2024-01-14T15:21:32.822+0000] {dagbag.py:537} INFO - Filling up the DagBag from /home/airflow/.local/lib/python3.7/site-packages/airflow/example_dags/example_branch_datetime_operator.py
[2024-01-14T15:21:32.834+0000] {processor.py:766} INFO - DAG(s) dict_keys(['example_branch_datetime_operator_3', 'example_branch_datetime_operator', 'example_branch_datetime_operator_2']) retrieved from /home/airflow/.local/lib/python3.7/site-packages/airflow/example_dags/example_branch_datetime_operator.py
[2024-01-14T15:21:32.865+0000] {logging_mixin.py:120} INFO - [2024-01-14T15:21:32.865+0000] {dag.py:2585} INFO - Sync 3 DAGs
[2024-01-14T15:21:32.881+0000] {logging_mixin.py:120} INFO - [2024-01-14T15:21:32.881+0000] {dag.py:3340} INFO - Setting next_dagrun for example_branch_datetime_operator to 2024-01-13T00:00:00+00:00, run_after=2024-01-14T00:00:00+00:00
[2024-01-14T15:21:32.884+0000] {logging_mixin.py:120} INFO - [2024-01-14T15:21:32.884+0000] {dag.py:3340} INFO - Setting next_dagrun for example_branch_datetime_operator_2 to 2024-01-13T00:00:00+00:00, run_after=2024-01-14T00:00:00+00:00
[2024-01-14T15:21:32.885+0000] {logging_mixin.py:120} INFO - [2024-01-14T15:21:32.885+0000] {dag.py:3340} INFO - Setting next_dagrun for example_branch_datetime_operator_3 to 2024-01-13T00:00:00+00:00, run_after=2024-01-14T00:00:00+00:00
[2024-01-14T15:21:32.895+0000] {processor.py:176} INFO - Processing /home/airflow/.local/lib/python3.7/site-packages/airflow/example_dags/example_branch_datetime_operator.py took 0.076 seconds
[2024-01-14T15:22:03.840+0000] {processor.py:154} INFO - Started process (PID=2725) to work on /home/airflow/.local/lib/python3.7/site-packages/airflow/example_dags/example_branch_datetime_operator.py
[2024-01-14T15:22:03.841+0000] {processor.py:756} INFO - Processing file /home/airflow/.local/lib/python3.7/site-packages/airflow/example_dags/example_branch_datetime_operator.py for tasks to queue
[2024-01-14T15:22:03.842+0000] {logging_mixin.py:120} INFO - [2024-01-14T15:22:03.842+0000] {dagbag.py:537} INFO - Filling up the DagBag from /home/airflow/.local/lib/python3.7/site-packages/airflow/example_dags/example_branch_datetime_operator.py
[2024-01-14T15:22:03.853+0000] {processor.py:766} INFO - DAG(s) dict_keys(['example_branch_datetime_operator', 'example_branch_datetime_operator_2', 'example_branch_datetime_operator_3']) retrieved from /home/airflow/.local/lib/python3.7/site-packages/airflow/example_dags/example_branch_datetime_operator.py
[2024-01-14T15:22:03.884+0000] {logging_mixin.py:120} INFO - [2024-01-14T15:22:03.884+0000] {dag.py:2585} INFO - Sync 3 DAGs
[2024-01-14T15:22:03.900+0000] {logging_mixin.py:120} INFO - [2024-01-14T15:22:03.900+0000] {dag.py:3340} INFO - Setting next_dagrun for example_branch_datetime_operator to 2024-01-13T00:00:00+00:00, run_after=2024-01-14T00:00:00+00:00
[2024-01-14T15:22:03.903+0000] {logging_mixin.py:120} INFO - [2024-01-14T15:22:03.903+0000] {dag.py:3340} INFO - Setting next_dagrun for example_branch_datetime_operator_2 to 2024-01-13T00:00:00+00:00, run_after=2024-01-14T00:00:00+00:00
[2024-01-14T15:22:03.905+0000] {logging_mixin.py:120} INFO - [2024-01-14T15:22:03.905+0000] {dag.py:3340} INFO - Setting next_dagrun for example_branch_datetime_operator_3 to 2024-01-13T00:00:00+00:00, run_after=2024-01-14T00:00:00+00:00
[2024-01-14T15:22:03.915+0000] {processor.py:176} INFO - Processing /home/airflow/.local/lib/python3.7/site-packages/airflow/example_dags/example_branch_datetime_operator.py took 0.077 seconds
[2024-01-14T15:22:34.900+0000] {processor.py:154} INFO - Started process (PID=2788) to work on /home/airflow/.local/lib/python3.7/site-packages/airflow/example_dags/example_branch_datetime_operator.py
[2024-01-14T15:22:34.901+0000] {processor.py:756} INFO - Processing file /home/airflow/.local/lib/python3.7/site-packages/airflow/example_dags/example_branch_datetime_operator.py for tasks to queue
[2024-01-14T15:22:34.902+0000] {logging_mixin.py:120} INFO - [2024-01-14T15:22:34.901+0000] {dagbag.py:537} INFO - Filling up the DagBag from /home/airflow/.local/lib/python3.7/site-packages/airflow/example_dags/example_branch_datetime_operator.py
[2024-01-14T15:22:34.915+0000] {processor.py:766} INFO - DAG(s) dict_keys(['example_branch_datetime_operator_2', 'example_branch_datetime_operator_3', 'example_branch_datetime_operator']) retrieved from /home/airflow/.local/lib/python3.7/site-packages/airflow/example_dags/example_branch_datetime_operator.py
[2024-01-14T15:22:34.949+0000] {logging_mixin.py:120} INFO - [2024-01-14T15:22:34.949+0000] {dag.py:2585} INFO - Sync 3 DAGs
[2024-01-14T15:22:34.966+0000] {logging_mixin.py:120} INFO - [2024-01-14T15:22:34.966+0000] {dag.py:3340} INFO - Setting next_dagrun for example_branch_datetime_operator to 2024-01-13T00:00:00+00:00, run_after=2024-01-14T00:00:00+00:00
[2024-01-14T15:22:34.969+0000] {logging_mixin.py:120} INFO - [2024-01-14T15:22:34.969+0000] {dag.py:3340} INFO - Setting next_dagrun for example_branch_datetime_operator_2 to 2024-01-13T00:00:00+00:00, run_after=2024-01-14T00:00:00+00:00
[2024-01-14T15:22:34.971+0000] {logging_mixin.py:120} INFO - [2024-01-14T15:22:34.971+0000] {dag.py:3340} INFO - Setting next_dagrun for example_branch_datetime_operator_3 to 2024-01-13T00:00:00+00:00, run_after=2024-01-14T00:00:00+00:00
[2024-01-14T15:22:34.982+0000] {processor.py:176} INFO - Processing /home/airflow/.local/lib/python3.7/site-packages/airflow/example_dags/example_branch_datetime_operator.py took 0.085 seconds
