[2024-01-14T15:00:00.933+0000] {processor.py:154} INFO - Started process (PID=74) to work on /home/airflow/.local/lib/python3.7/site-packages/airflow/example_dags/example_dag_decorator.py
[2024-01-14T15:00:00.937+0000] {processor.py:756} INFO - Processing file /home/airflow/.local/lib/python3.7/site-packages/airflow/example_dags/example_dag_decorator.py for tasks to queue
[2024-01-14T15:00:00.939+0000] {logging_mixin.py:120} INFO - [2024-01-14T15:00:00.939+0000] {dagbag.py:537} INFO - Filling up the DagBag from /home/airflow/.local/lib/python3.7/site-packages/airflow/example_dags/example_dag_decorator.py
[2024-01-14T15:00:00.982+0000] {logging_mixin.py:120} INFO - [2024-01-14T15:00:00.982+0000] {taskmixin.py:205} WARNING - Dependency <Task(_PythonDecoratedOperator): prepare_email>, send_email already registered for DAG: example_dag_decorator
[2024-01-14T15:00:00.984+0000] {logging_mixin.py:120} INFO - [2024-01-14T15:00:00.984+0000] {taskmixin.py:205} WARNING - Dependency <Task(EmailOperator): send_email>, prepare_email already registered for DAG: example_dag_decorator
[2024-01-14T15:00:01.009+0000] {processor.py:766} INFO - DAG(s) dict_keys(['example_dag_decorator']) retrieved from /home/airflow/.local/lib/python3.7/site-packages/airflow/example_dags/example_dag_decorator.py
[2024-01-14T15:00:01.305+0000] {logging_mixin.py:120} INFO - [2024-01-14T15:00:01.304+0000] {manager.py:507} INFO - Created Permission View: can read on DAG:example_dag_decorator
[2024-01-14T15:00:01.330+0000] {logging_mixin.py:120} INFO - [2024-01-14T15:00:01.330+0000] {manager.py:507} INFO - Created Permission View: can edit on DAG:example_dag_decorator
[2024-01-14T15:00:01.343+0000] {logging_mixin.py:120} INFO - [2024-01-14T15:00:01.343+0000] {manager.py:507} INFO - Created Permission View: can delete on DAG:example_dag_decorator
[2024-01-14T15:00:01.344+0000] {logging_mixin.py:120} INFO - [2024-01-14T15:00:01.344+0000] {dag.py:2585} INFO - Sync 1 DAGs
[2024-01-14T15:00:01.386+0000] {logging_mixin.py:120} INFO - [2024-01-14T15:00:01.386+0000] {dag.py:2606} INFO - Creating ORM DAG for example_dag_decorator
[2024-01-14T15:00:01.423+0000] {logging_mixin.py:120} INFO - [2024-01-14T15:00:01.422+0000] {dag.py:3340} INFO - Setting next_dagrun for example_dag_decorator to None, run_after=None
[2024-01-14T15:00:01.462+0000] {processor.py:176} INFO - Processing /home/airflow/.local/lib/python3.7/site-packages/airflow/example_dags/example_dag_decorator.py took 0.534 seconds
[2024-01-14T15:00:32.256+0000] {processor.py:154} INFO - Started process (PID=128) to work on /home/airflow/.local/lib/python3.7/site-packages/airflow/example_dags/example_dag_decorator.py
[2024-01-14T15:00:32.256+0000] {processor.py:756} INFO - Processing file /home/airflow/.local/lib/python3.7/site-packages/airflow/example_dags/example_dag_decorator.py for tasks to queue
[2024-01-14T15:00:32.257+0000] {logging_mixin.py:120} INFO - [2024-01-14T15:00:32.257+0000] {dagbag.py:537} INFO - Filling up the DagBag from /home/airflow/.local/lib/python3.7/site-packages/airflow/example_dags/example_dag_decorator.py
[2024-01-14T15:00:32.269+0000] {logging_mixin.py:120} INFO - [2024-01-14T15:00:32.269+0000] {taskmixin.py:205} WARNING - Dependency <Task(_PythonDecoratedOperator): prepare_email>, send_email already registered for DAG: example_dag_decorator
[2024-01-14T15:00:32.269+0000] {logging_mixin.py:120} INFO - [2024-01-14T15:00:32.269+0000] {taskmixin.py:205} WARNING - Dependency <Task(EmailOperator): send_email>, prepare_email already registered for DAG: example_dag_decorator
[2024-01-14T15:00:32.277+0000] {processor.py:766} INFO - DAG(s) dict_keys(['example_dag_decorator']) retrieved from /home/airflow/.local/lib/python3.7/site-packages/airflow/example_dags/example_dag_decorator.py
[2024-01-14T15:00:32.327+0000] {logging_mixin.py:120} INFO - [2024-01-14T15:00:32.327+0000] {dag.py:2585} INFO - Sync 1 DAGs
[2024-01-14T15:00:32.341+0000] {logging_mixin.py:120} INFO - [2024-01-14T15:00:32.341+0000] {dag.py:3340} INFO - Setting next_dagrun for example_dag_decorator to None, run_after=None
[2024-01-14T15:00:32.352+0000] {processor.py:176} INFO - Processing /home/airflow/.local/lib/python3.7/site-packages/airflow/example_dags/example_dag_decorator.py took 0.099 seconds
[2024-01-14T15:01:02.425+0000] {processor.py:154} INFO - Started process (PID=192) to work on /home/airflow/.local/lib/python3.7/site-packages/airflow/example_dags/example_dag_decorator.py
[2024-01-14T15:01:02.426+0000] {processor.py:756} INFO - Processing file /home/airflow/.local/lib/python3.7/site-packages/airflow/example_dags/example_dag_decorator.py for tasks to queue
[2024-01-14T15:01:02.427+0000] {logging_mixin.py:120} INFO - [2024-01-14T15:01:02.427+0000] {dagbag.py:537} INFO - Filling up the DagBag from /home/airflow/.local/lib/python3.7/site-packages/airflow/example_dags/example_dag_decorator.py
[2024-01-14T15:01:02.439+0000] {logging_mixin.py:120} INFO - [2024-01-14T15:01:02.439+0000] {taskmixin.py:205} WARNING - Dependency <Task(_PythonDecoratedOperator): prepare_email>, send_email already registered for DAG: example_dag_decorator
[2024-01-14T15:01:02.439+0000] {logging_mixin.py:120} INFO - [2024-01-14T15:01:02.439+0000] {taskmixin.py:205} WARNING - Dependency <Task(EmailOperator): send_email>, prepare_email already registered for DAG: example_dag_decorator
[2024-01-14T15:01:02.447+0000] {processor.py:766} INFO - DAG(s) dict_keys(['example_dag_decorator']) retrieved from /home/airflow/.local/lib/python3.7/site-packages/airflow/example_dags/example_dag_decorator.py
[2024-01-14T15:01:02.495+0000] {logging_mixin.py:120} INFO - [2024-01-14T15:01:02.495+0000] {dag.py:2585} INFO - Sync 1 DAGs
[2024-01-14T15:01:02.510+0000] {logging_mixin.py:120} INFO - [2024-01-14T15:01:02.509+0000] {dag.py:3340} INFO - Setting next_dagrun for example_dag_decorator to None, run_after=None
[2024-01-14T15:01:02.522+0000] {processor.py:176} INFO - Processing /home/airflow/.local/lib/python3.7/site-packages/airflow/example_dags/example_dag_decorator.py took 0.101 seconds
[2024-01-14T15:01:33.419+0000] {processor.py:154} INFO - Started process (PID=255) to work on /home/airflow/.local/lib/python3.7/site-packages/airflow/example_dags/example_dag_decorator.py
[2024-01-14T15:01:33.421+0000] {processor.py:756} INFO - Processing file /home/airflow/.local/lib/python3.7/site-packages/airflow/example_dags/example_dag_decorator.py for tasks to queue
[2024-01-14T15:01:33.422+0000] {logging_mixin.py:120} INFO - [2024-01-14T15:01:33.422+0000] {dagbag.py:537} INFO - Filling up the DagBag from /home/airflow/.local/lib/python3.7/site-packages/airflow/example_dags/example_dag_decorator.py
[2024-01-14T15:01:33.439+0000] {logging_mixin.py:120} INFO - [2024-01-14T15:01:33.439+0000] {taskmixin.py:205} WARNING - Dependency <Task(_PythonDecoratedOperator): prepare_email>, send_email already registered for DAG: example_dag_decorator
[2024-01-14T15:01:33.440+0000] {logging_mixin.py:120} INFO - [2024-01-14T15:01:33.440+0000] {taskmixin.py:205} WARNING - Dependency <Task(EmailOperator): send_email>, prepare_email already registered for DAG: example_dag_decorator
[2024-01-14T15:01:33.449+0000] {processor.py:766} INFO - DAG(s) dict_keys(['example_dag_decorator']) retrieved from /home/airflow/.local/lib/python3.7/site-packages/airflow/example_dags/example_dag_decorator.py
[2024-01-14T15:01:33.498+0000] {logging_mixin.py:120} INFO - [2024-01-14T15:01:33.498+0000] {dag.py:2585} INFO - Sync 1 DAGs
[2024-01-14T15:01:33.513+0000] {logging_mixin.py:120} INFO - [2024-01-14T15:01:33.513+0000] {dag.py:3340} INFO - Setting next_dagrun for example_dag_decorator to None, run_after=None
[2024-01-14T15:01:33.525+0000] {processor.py:176} INFO - Processing /home/airflow/.local/lib/python3.7/site-packages/airflow/example_dags/example_dag_decorator.py took 0.111 seconds
[2024-01-14T15:02:03.568+0000] {processor.py:154} INFO - Started process (PID=318) to work on /home/airflow/.local/lib/python3.7/site-packages/airflow/example_dags/example_dag_decorator.py
[2024-01-14T15:02:03.570+0000] {processor.py:756} INFO - Processing file /home/airflow/.local/lib/python3.7/site-packages/airflow/example_dags/example_dag_decorator.py for tasks to queue
[2024-01-14T15:02:03.572+0000] {logging_mixin.py:120} INFO - [2024-01-14T15:02:03.572+0000] {dagbag.py:537} INFO - Filling up the DagBag from /home/airflow/.local/lib/python3.7/site-packages/airflow/example_dags/example_dag_decorator.py
[2024-01-14T15:02:03.590+0000] {logging_mixin.py:120} INFO - [2024-01-14T15:02:03.590+0000] {taskmixin.py:205} WARNING - Dependency <Task(_PythonDecoratedOperator): prepare_email>, send_email already registered for DAG: example_dag_decorator
[2024-01-14T15:02:03.590+0000] {logging_mixin.py:120} INFO - [2024-01-14T15:02:03.590+0000] {taskmixin.py:205} WARNING - Dependency <Task(EmailOperator): send_email>, prepare_email already registered for DAG: example_dag_decorator
[2024-01-14T15:02:03.600+0000] {processor.py:766} INFO - DAG(s) dict_keys(['example_dag_decorator']) retrieved from /home/airflow/.local/lib/python3.7/site-packages/airflow/example_dags/example_dag_decorator.py
[2024-01-14T15:02:03.649+0000] {logging_mixin.py:120} INFO - [2024-01-14T15:02:03.649+0000] {dag.py:2585} INFO - Sync 1 DAGs
[2024-01-14T15:02:03.663+0000] {logging_mixin.py:120} INFO - [2024-01-14T15:02:03.663+0000] {dag.py:3340} INFO - Setting next_dagrun for example_dag_decorator to None, run_after=None
[2024-01-14T15:02:03.674+0000] {processor.py:176} INFO - Processing /home/airflow/.local/lib/python3.7/site-packages/airflow/example_dags/example_dag_decorator.py took 0.111 seconds
[2024-01-14T15:02:33.756+0000] {processor.py:154} INFO - Started process (PID=382) to work on /home/airflow/.local/lib/python3.7/site-packages/airflow/example_dags/example_dag_decorator.py
[2024-01-14T15:02:33.757+0000] {processor.py:756} INFO - Processing file /home/airflow/.local/lib/python3.7/site-packages/airflow/example_dags/example_dag_decorator.py for tasks to queue
[2024-01-14T15:02:33.757+0000] {logging_mixin.py:120} INFO - [2024-01-14T15:02:33.757+0000] {dagbag.py:537} INFO - Filling up the DagBag from /home/airflow/.local/lib/python3.7/site-packages/airflow/example_dags/example_dag_decorator.py
[2024-01-14T15:02:33.769+0000] {logging_mixin.py:120} INFO - [2024-01-14T15:02:33.769+0000] {taskmixin.py:205} WARNING - Dependency <Task(_PythonDecoratedOperator): prepare_email>, send_email already registered for DAG: example_dag_decorator
[2024-01-14T15:02:33.769+0000] {logging_mixin.py:120} INFO - [2024-01-14T15:02:33.769+0000] {taskmixin.py:205} WARNING - Dependency <Task(EmailOperator): send_email>, prepare_email already registered for DAG: example_dag_decorator
[2024-01-14T15:02:33.778+0000] {processor.py:766} INFO - DAG(s) dict_keys(['example_dag_decorator']) retrieved from /home/airflow/.local/lib/python3.7/site-packages/airflow/example_dags/example_dag_decorator.py
[2024-01-14T15:02:33.830+0000] {logging_mixin.py:120} INFO - [2024-01-14T15:02:33.830+0000] {dag.py:2585} INFO - Sync 1 DAGs
[2024-01-14T15:02:33.844+0000] {logging_mixin.py:120} INFO - [2024-01-14T15:02:33.844+0000] {dag.py:3340} INFO - Setting next_dagrun for example_dag_decorator to None, run_after=None
[2024-01-14T15:02:33.856+0000] {processor.py:176} INFO - Processing /home/airflow/.local/lib/python3.7/site-packages/airflow/example_dags/example_dag_decorator.py took 0.102 seconds
[2024-01-14T15:03:03.904+0000] {processor.py:154} INFO - Started process (PID=435) to work on /home/airflow/.local/lib/python3.7/site-packages/airflow/example_dags/example_dag_decorator.py
[2024-01-14T15:03:03.906+0000] {processor.py:756} INFO - Processing file /home/airflow/.local/lib/python3.7/site-packages/airflow/example_dags/example_dag_decorator.py for tasks to queue
[2024-01-14T15:03:03.907+0000] {logging_mixin.py:120} INFO - [2024-01-14T15:03:03.907+0000] {dagbag.py:537} INFO - Filling up the DagBag from /home/airflow/.local/lib/python3.7/site-packages/airflow/example_dags/example_dag_decorator.py
[2024-01-14T15:03:03.925+0000] {logging_mixin.py:120} INFO - [2024-01-14T15:03:03.925+0000] {taskmixin.py:205} WARNING - Dependency <Task(_PythonDecoratedOperator): prepare_email>, send_email already registered for DAG: example_dag_decorator
[2024-01-14T15:03:03.925+0000] {logging_mixin.py:120} INFO - [2024-01-14T15:03:03.925+0000] {taskmixin.py:205} WARNING - Dependency <Task(EmailOperator): send_email>, prepare_email already registered for DAG: example_dag_decorator
[2024-01-14T15:03:03.934+0000] {processor.py:766} INFO - DAG(s) dict_keys(['example_dag_decorator']) retrieved from /home/airflow/.local/lib/python3.7/site-packages/airflow/example_dags/example_dag_decorator.py
[2024-01-14T15:03:03.982+0000] {logging_mixin.py:120} INFO - [2024-01-14T15:03:03.982+0000] {dag.py:2585} INFO - Sync 1 DAGs
[2024-01-14T15:03:03.995+0000] {logging_mixin.py:120} INFO - [2024-01-14T15:03:03.995+0000] {dag.py:3340} INFO - Setting next_dagrun for example_dag_decorator to None, run_after=None
[2024-01-14T15:03:04.007+0000] {processor.py:176} INFO - Processing /home/airflow/.local/lib/python3.7/site-packages/airflow/example_dags/example_dag_decorator.py took 0.110 seconds
[2024-01-14T15:03:34.089+0000] {processor.py:154} INFO - Started process (PID=498) to work on /home/airflow/.local/lib/python3.7/site-packages/airflow/example_dags/example_dag_decorator.py
[2024-01-14T15:03:34.091+0000] {processor.py:756} INFO - Processing file /home/airflow/.local/lib/python3.7/site-packages/airflow/example_dags/example_dag_decorator.py for tasks to queue
[2024-01-14T15:03:34.092+0000] {logging_mixin.py:120} INFO - [2024-01-14T15:03:34.092+0000] {dagbag.py:537} INFO - Filling up the DagBag from /home/airflow/.local/lib/python3.7/site-packages/airflow/example_dags/example_dag_decorator.py
[2024-01-14T15:03:34.108+0000] {logging_mixin.py:120} INFO - [2024-01-14T15:03:34.108+0000] {taskmixin.py:205} WARNING - Dependency <Task(_PythonDecoratedOperator): prepare_email>, send_email already registered for DAG: example_dag_decorator
[2024-01-14T15:03:34.109+0000] {logging_mixin.py:120} INFO - [2024-01-14T15:03:34.109+0000] {taskmixin.py:205} WARNING - Dependency <Task(EmailOperator): send_email>, prepare_email already registered for DAG: example_dag_decorator
[2024-01-14T15:03:34.118+0000] {processor.py:766} INFO - DAG(s) dict_keys(['example_dag_decorator']) retrieved from /home/airflow/.local/lib/python3.7/site-packages/airflow/example_dags/example_dag_decorator.py
[2024-01-14T15:03:34.168+0000] {logging_mixin.py:120} INFO - [2024-01-14T15:03:34.167+0000] {dag.py:2585} INFO - Sync 1 DAGs
[2024-01-14T15:03:34.182+0000] {logging_mixin.py:120} INFO - [2024-01-14T15:03:34.182+0000] {dag.py:3340} INFO - Setting next_dagrun for example_dag_decorator to None, run_after=None
[2024-01-14T15:03:34.195+0000] {processor.py:176} INFO - Processing /home/airflow/.local/lib/python3.7/site-packages/airflow/example_dags/example_dag_decorator.py took 0.110 seconds
[2024-01-14T15:04:04.995+0000] {processor.py:154} INFO - Started process (PID=561) to work on /home/airflow/.local/lib/python3.7/site-packages/airflow/example_dags/example_dag_decorator.py
[2024-01-14T15:04:04.997+0000] {processor.py:756} INFO - Processing file /home/airflow/.local/lib/python3.7/site-packages/airflow/example_dags/example_dag_decorator.py for tasks to queue
[2024-01-14T15:04:04.997+0000] {logging_mixin.py:120} INFO - [2024-01-14T15:04:04.997+0000] {dagbag.py:537} INFO - Filling up the DagBag from /home/airflow/.local/lib/python3.7/site-packages/airflow/example_dags/example_dag_decorator.py
[2024-01-14T15:04:05.013+0000] {logging_mixin.py:120} INFO - [2024-01-14T15:04:05.013+0000] {taskmixin.py:205} WARNING - Dependency <Task(_PythonDecoratedOperator): prepare_email>, send_email already registered for DAG: example_dag_decorator
[2024-01-14T15:04:05.013+0000] {logging_mixin.py:120} INFO - [2024-01-14T15:04:05.013+0000] {taskmixin.py:205} WARNING - Dependency <Task(EmailOperator): send_email>, prepare_email already registered for DAG: example_dag_decorator
[2024-01-14T15:04:05.022+0000] {processor.py:766} INFO - DAG(s) dict_keys(['example_dag_decorator']) retrieved from /home/airflow/.local/lib/python3.7/site-packages/airflow/example_dags/example_dag_decorator.py
[2024-01-14T15:04:05.071+0000] {logging_mixin.py:120} INFO - [2024-01-14T15:04:05.071+0000] {dag.py:2585} INFO - Sync 1 DAGs
[2024-01-14T15:04:05.086+0000] {logging_mixin.py:120} INFO - [2024-01-14T15:04:05.085+0000] {dag.py:3340} INFO - Setting next_dagrun for example_dag_decorator to None, run_after=None
[2024-01-14T15:04:05.098+0000] {processor.py:176} INFO - Processing /home/airflow/.local/lib/python3.7/site-packages/airflow/example_dags/example_dag_decorator.py took 0.108 seconds
[2024-01-14T15:04:35.169+0000] {processor.py:154} INFO - Started process (PID=624) to work on /home/airflow/.local/lib/python3.7/site-packages/airflow/example_dags/example_dag_decorator.py
[2024-01-14T15:04:35.170+0000] {processor.py:756} INFO - Processing file /home/airflow/.local/lib/python3.7/site-packages/airflow/example_dags/example_dag_decorator.py for tasks to queue
[2024-01-14T15:04:35.171+0000] {logging_mixin.py:120} INFO - [2024-01-14T15:04:35.171+0000] {dagbag.py:537} INFO - Filling up the DagBag from /home/airflow/.local/lib/python3.7/site-packages/airflow/example_dags/example_dag_decorator.py
[2024-01-14T15:04:35.183+0000] {logging_mixin.py:120} INFO - [2024-01-14T15:04:35.183+0000] {taskmixin.py:205} WARNING - Dependency <Task(_PythonDecoratedOperator): prepare_email>, send_email already registered for DAG: example_dag_decorator
[2024-01-14T15:04:35.183+0000] {logging_mixin.py:120} INFO - [2024-01-14T15:04:35.183+0000] {taskmixin.py:205} WARNING - Dependency <Task(EmailOperator): send_email>, prepare_email already registered for DAG: example_dag_decorator
[2024-01-14T15:04:35.192+0000] {processor.py:766} INFO - DAG(s) dict_keys(['example_dag_decorator']) retrieved from /home/airflow/.local/lib/python3.7/site-packages/airflow/example_dags/example_dag_decorator.py
[2024-01-14T15:04:35.242+0000] {logging_mixin.py:120} INFO - [2024-01-14T15:04:35.242+0000] {dag.py:2585} INFO - Sync 1 DAGs
[2024-01-14T15:04:35.256+0000] {logging_mixin.py:120} INFO - [2024-01-14T15:04:35.256+0000] {dag.py:3340} INFO - Setting next_dagrun for example_dag_decorator to None, run_after=None
[2024-01-14T15:04:35.268+0000] {processor.py:176} INFO - Processing /home/airflow/.local/lib/python3.7/site-packages/airflow/example_dags/example_dag_decorator.py took 0.103 seconds
[2024-01-14T15:05:05.382+0000] {processor.py:154} INFO - Started process (PID=688) to work on /home/airflow/.local/lib/python3.7/site-packages/airflow/example_dags/example_dag_decorator.py
[2024-01-14T15:05:05.383+0000] {processor.py:756} INFO - Processing file /home/airflow/.local/lib/python3.7/site-packages/airflow/example_dags/example_dag_decorator.py for tasks to queue
[2024-01-14T15:05:05.384+0000] {logging_mixin.py:120} INFO - [2024-01-14T15:05:05.384+0000] {dagbag.py:537} INFO - Filling up the DagBag from /home/airflow/.local/lib/python3.7/site-packages/airflow/example_dags/example_dag_decorator.py
[2024-01-14T15:05:05.395+0000] {logging_mixin.py:120} INFO - [2024-01-14T15:05:05.395+0000] {taskmixin.py:205} WARNING - Dependency <Task(_PythonDecoratedOperator): prepare_email>, send_email already registered for DAG: example_dag_decorator
[2024-01-14T15:05:05.395+0000] {logging_mixin.py:120} INFO - [2024-01-14T15:05:05.395+0000] {taskmixin.py:205} WARNING - Dependency <Task(EmailOperator): send_email>, prepare_email already registered for DAG: example_dag_decorator
[2024-01-14T15:05:05.405+0000] {processor.py:766} INFO - DAG(s) dict_keys(['example_dag_decorator']) retrieved from /home/airflow/.local/lib/python3.7/site-packages/airflow/example_dags/example_dag_decorator.py
[2024-01-14T15:05:05.456+0000] {logging_mixin.py:120} INFO - [2024-01-14T15:05:05.456+0000] {dag.py:2585} INFO - Sync 1 DAGs
[2024-01-14T15:05:05.469+0000] {logging_mixin.py:120} INFO - [2024-01-14T15:05:05.469+0000] {dag.py:3340} INFO - Setting next_dagrun for example_dag_decorator to None, run_after=None
[2024-01-14T15:05:05.482+0000] {processor.py:176} INFO - Processing /home/airflow/.local/lib/python3.7/site-packages/airflow/example_dags/example_dag_decorator.py took 0.102 seconds
[2024-01-14T15:05:36.242+0000] {processor.py:154} INFO - Started process (PID=750) to work on /home/airflow/.local/lib/python3.7/site-packages/airflow/example_dags/example_dag_decorator.py
[2024-01-14T15:05:36.242+0000] {processor.py:756} INFO - Processing file /home/airflow/.local/lib/python3.7/site-packages/airflow/example_dags/example_dag_decorator.py for tasks to queue
[2024-01-14T15:05:36.243+0000] {logging_mixin.py:120} INFO - [2024-01-14T15:05:36.243+0000] {dagbag.py:537} INFO - Filling up the DagBag from /home/airflow/.local/lib/python3.7/site-packages/airflow/example_dags/example_dag_decorator.py
[2024-01-14T15:05:36.253+0000] {logging_mixin.py:120} INFO - [2024-01-14T15:05:36.253+0000] {taskmixin.py:205} WARNING - Dependency <Task(_PythonDecoratedOperator): prepare_email>, send_email already registered for DAG: example_dag_decorator
[2024-01-14T15:05:36.253+0000] {logging_mixin.py:120} INFO - [2024-01-14T15:05:36.253+0000] {taskmixin.py:205} WARNING - Dependency <Task(EmailOperator): send_email>, prepare_email already registered for DAG: example_dag_decorator
[2024-01-14T15:05:36.261+0000] {processor.py:766} INFO - DAG(s) dict_keys(['example_dag_decorator']) retrieved from /home/airflow/.local/lib/python3.7/site-packages/airflow/example_dags/example_dag_decorator.py
[2024-01-14T15:05:36.311+0000] {logging_mixin.py:120} INFO - [2024-01-14T15:05:36.311+0000] {dag.py:2585} INFO - Sync 1 DAGs
[2024-01-14T15:05:36.326+0000] {logging_mixin.py:120} INFO - [2024-01-14T15:05:36.326+0000] {dag.py:3340} INFO - Setting next_dagrun for example_dag_decorator to None, run_after=None
[2024-01-14T15:05:36.338+0000] {processor.py:176} INFO - Processing /home/airflow/.local/lib/python3.7/site-packages/airflow/example_dags/example_dag_decorator.py took 0.099 seconds
[2024-01-14T15:06:07.140+0000] {processor.py:154} INFO - Started process (PID=804) to work on /home/airflow/.local/lib/python3.7/site-packages/airflow/example_dags/example_dag_decorator.py
[2024-01-14T15:06:07.141+0000] {processor.py:756} INFO - Processing file /home/airflow/.local/lib/python3.7/site-packages/airflow/example_dags/example_dag_decorator.py for tasks to queue
[2024-01-14T15:06:07.142+0000] {logging_mixin.py:120} INFO - [2024-01-14T15:06:07.142+0000] {dagbag.py:537} INFO - Filling up the DagBag from /home/airflow/.local/lib/python3.7/site-packages/airflow/example_dags/example_dag_decorator.py
[2024-01-14T15:06:07.161+0000] {logging_mixin.py:120} INFO - [2024-01-14T15:06:07.161+0000] {taskmixin.py:205} WARNING - Dependency <Task(_PythonDecoratedOperator): prepare_email>, send_email already registered for DAG: example_dag_decorator
[2024-01-14T15:06:07.162+0000] {logging_mixin.py:120} INFO - [2024-01-14T15:06:07.162+0000] {taskmixin.py:205} WARNING - Dependency <Task(EmailOperator): send_email>, prepare_email already registered for DAG: example_dag_decorator
[2024-01-14T15:06:07.172+0000] {processor.py:766} INFO - DAG(s) dict_keys(['example_dag_decorator']) retrieved from /home/airflow/.local/lib/python3.7/site-packages/airflow/example_dags/example_dag_decorator.py
[2024-01-14T15:06:07.220+0000] {logging_mixin.py:120} INFO - [2024-01-14T15:06:07.220+0000] {dag.py:2585} INFO - Sync 1 DAGs
[2024-01-14T15:06:07.234+0000] {logging_mixin.py:120} INFO - [2024-01-14T15:06:07.234+0000] {dag.py:3340} INFO - Setting next_dagrun for example_dag_decorator to None, run_after=None
[2024-01-14T15:06:07.245+0000] {processor.py:176} INFO - Processing /home/airflow/.local/lib/python3.7/site-packages/airflow/example_dags/example_dag_decorator.py took 0.111 seconds
[2024-01-14T15:06:37.300+0000] {processor.py:154} INFO - Started process (PID=867) to work on /home/airflow/.local/lib/python3.7/site-packages/airflow/example_dags/example_dag_decorator.py
[2024-01-14T15:06:37.301+0000] {processor.py:756} INFO - Processing file /home/airflow/.local/lib/python3.7/site-packages/airflow/example_dags/example_dag_decorator.py for tasks to queue
[2024-01-14T15:06:37.302+0000] {logging_mixin.py:120} INFO - [2024-01-14T15:06:37.301+0000] {dagbag.py:537} INFO - Filling up the DagBag from /home/airflow/.local/lib/python3.7/site-packages/airflow/example_dags/example_dag_decorator.py
[2024-01-14T15:06:37.313+0000] {logging_mixin.py:120} INFO - [2024-01-14T15:06:37.313+0000] {taskmixin.py:205} WARNING - Dependency <Task(_PythonDecoratedOperator): prepare_email>, send_email already registered for DAG: example_dag_decorator
[2024-01-14T15:06:37.313+0000] {logging_mixin.py:120} INFO - [2024-01-14T15:06:37.313+0000] {taskmixin.py:205} WARNING - Dependency <Task(EmailOperator): send_email>, prepare_email already registered for DAG: example_dag_decorator
[2024-01-14T15:06:37.322+0000] {processor.py:766} INFO - DAG(s) dict_keys(['example_dag_decorator']) retrieved from /home/airflow/.local/lib/python3.7/site-packages/airflow/example_dags/example_dag_decorator.py
[2024-01-14T15:06:37.372+0000] {logging_mixin.py:120} INFO - [2024-01-14T15:06:37.372+0000] {dag.py:2585} INFO - Sync 1 DAGs
[2024-01-14T15:06:37.387+0000] {logging_mixin.py:120} INFO - [2024-01-14T15:06:37.386+0000] {dag.py:3340} INFO - Setting next_dagrun for example_dag_decorator to None, run_after=None
[2024-01-14T15:06:37.398+0000] {processor.py:176} INFO - Processing /home/airflow/.local/lib/python3.7/site-packages/airflow/example_dags/example_dag_decorator.py took 0.101 seconds
[2024-01-14T15:07:08.210+0000] {processor.py:154} INFO - Started process (PID=930) to work on /home/airflow/.local/lib/python3.7/site-packages/airflow/example_dags/example_dag_decorator.py
[2024-01-14T15:07:08.211+0000] {processor.py:756} INFO - Processing file /home/airflow/.local/lib/python3.7/site-packages/airflow/example_dags/example_dag_decorator.py for tasks to queue
[2024-01-14T15:07:08.211+0000] {logging_mixin.py:120} INFO - [2024-01-14T15:07:08.211+0000] {dagbag.py:537} INFO - Filling up the DagBag from /home/airflow/.local/lib/python3.7/site-packages/airflow/example_dags/example_dag_decorator.py
[2024-01-14T15:07:08.221+0000] {logging_mixin.py:120} INFO - [2024-01-14T15:07:08.221+0000] {taskmixin.py:205} WARNING - Dependency <Task(_PythonDecoratedOperator): prepare_email>, send_email already registered for DAG: example_dag_decorator
[2024-01-14T15:07:08.221+0000] {logging_mixin.py:120} INFO - [2024-01-14T15:07:08.221+0000] {taskmixin.py:205} WARNING - Dependency <Task(EmailOperator): send_email>, prepare_email already registered for DAG: example_dag_decorator
[2024-01-14T15:07:08.229+0000] {processor.py:766} INFO - DAG(s) dict_keys(['example_dag_decorator']) retrieved from /home/airflow/.local/lib/python3.7/site-packages/airflow/example_dags/example_dag_decorator.py
[2024-01-14T15:07:08.279+0000] {logging_mixin.py:120} INFO - [2024-01-14T15:07:08.279+0000] {dag.py:2585} INFO - Sync 1 DAGs
[2024-01-14T15:07:08.293+0000] {logging_mixin.py:120} INFO - [2024-01-14T15:07:08.293+0000] {dag.py:3340} INFO - Setting next_dagrun for example_dag_decorator to None, run_after=None
[2024-01-14T15:07:08.306+0000] {processor.py:176} INFO - Processing /home/airflow/.local/lib/python3.7/site-packages/airflow/example_dags/example_dag_decorator.py took 0.098 seconds
[2024-01-14T15:07:39.262+0000] {processor.py:154} INFO - Started process (PID=992) to work on /home/airflow/.local/lib/python3.7/site-packages/airflow/example_dags/example_dag_decorator.py
[2024-01-14T15:07:39.263+0000] {processor.py:756} INFO - Processing file /home/airflow/.local/lib/python3.7/site-packages/airflow/example_dags/example_dag_decorator.py for tasks to queue
[2024-01-14T15:07:39.264+0000] {logging_mixin.py:120} INFO - [2024-01-14T15:07:39.264+0000] {dagbag.py:537} INFO - Filling up the DagBag from /home/airflow/.local/lib/python3.7/site-packages/airflow/example_dags/example_dag_decorator.py
[2024-01-14T15:07:39.276+0000] {logging_mixin.py:120} INFO - [2024-01-14T15:07:39.276+0000] {taskmixin.py:205} WARNING - Dependency <Task(_PythonDecoratedOperator): prepare_email>, send_email already registered for DAG: example_dag_decorator
[2024-01-14T15:07:39.277+0000] {logging_mixin.py:120} INFO - [2024-01-14T15:07:39.277+0000] {taskmixin.py:205} WARNING - Dependency <Task(EmailOperator): send_email>, prepare_email already registered for DAG: example_dag_decorator
[2024-01-14T15:07:39.286+0000] {processor.py:766} INFO - DAG(s) dict_keys(['example_dag_decorator']) retrieved from /home/airflow/.local/lib/python3.7/site-packages/airflow/example_dags/example_dag_decorator.py
[2024-01-14T15:07:39.342+0000] {logging_mixin.py:120} INFO - [2024-01-14T15:07:39.342+0000] {dag.py:2585} INFO - Sync 1 DAGs
[2024-01-14T15:07:39.357+0000] {logging_mixin.py:120} INFO - [2024-01-14T15:07:39.357+0000] {dag.py:3340} INFO - Setting next_dagrun for example_dag_decorator to None, run_after=None
[2024-01-14T15:07:39.370+0000] {processor.py:176} INFO - Processing /home/airflow/.local/lib/python3.7/site-packages/airflow/example_dags/example_dag_decorator.py took 0.110 seconds
[2024-01-14T15:08:09.483+0000] {processor.py:154} INFO - Started process (PID=1055) to work on /home/airflow/.local/lib/python3.7/site-packages/airflow/example_dags/example_dag_decorator.py
[2024-01-14T15:08:09.484+0000] {processor.py:756} INFO - Processing file /home/airflow/.local/lib/python3.7/site-packages/airflow/example_dags/example_dag_decorator.py for tasks to queue
[2024-01-14T15:08:09.485+0000] {logging_mixin.py:120} INFO - [2024-01-14T15:08:09.485+0000] {dagbag.py:537} INFO - Filling up the DagBag from /home/airflow/.local/lib/python3.7/site-packages/airflow/example_dags/example_dag_decorator.py
[2024-01-14T15:08:09.496+0000] {logging_mixin.py:120} INFO - [2024-01-14T15:08:09.496+0000] {taskmixin.py:205} WARNING - Dependency <Task(_PythonDecoratedOperator): prepare_email>, send_email already registered for DAG: example_dag_decorator
[2024-01-14T15:08:09.496+0000] {logging_mixin.py:120} INFO - [2024-01-14T15:08:09.496+0000] {taskmixin.py:205} WARNING - Dependency <Task(EmailOperator): send_email>, prepare_email already registered for DAG: example_dag_decorator
[2024-01-14T15:08:09.505+0000] {processor.py:766} INFO - DAG(s) dict_keys(['example_dag_decorator']) retrieved from /home/airflow/.local/lib/python3.7/site-packages/airflow/example_dags/example_dag_decorator.py
[2024-01-14T15:08:09.556+0000] {logging_mixin.py:120} INFO - [2024-01-14T15:08:09.556+0000] {dag.py:2585} INFO - Sync 1 DAGs
[2024-01-14T15:08:09.570+0000] {logging_mixin.py:120} INFO - [2024-01-14T15:08:09.570+0000] {dag.py:3340} INFO - Setting next_dagrun for example_dag_decorator to None, run_after=None
[2024-01-14T15:08:09.583+0000] {processor.py:176} INFO - Processing /home/airflow/.local/lib/python3.7/site-packages/airflow/example_dags/example_dag_decorator.py took 0.102 seconds
[2024-01-14T15:08:40.402+0000] {processor.py:154} INFO - Started process (PID=1118) to work on /home/airflow/.local/lib/python3.7/site-packages/airflow/example_dags/example_dag_decorator.py
[2024-01-14T15:08:40.402+0000] {processor.py:756} INFO - Processing file /home/airflow/.local/lib/python3.7/site-packages/airflow/example_dags/example_dag_decorator.py for tasks to queue
[2024-01-14T15:08:40.403+0000] {logging_mixin.py:120} INFO - [2024-01-14T15:08:40.403+0000] {dagbag.py:537} INFO - Filling up the DagBag from /home/airflow/.local/lib/python3.7/site-packages/airflow/example_dags/example_dag_decorator.py
[2024-01-14T15:08:40.415+0000] {logging_mixin.py:120} INFO - [2024-01-14T15:08:40.414+0000] {taskmixin.py:205} WARNING - Dependency <Task(_PythonDecoratedOperator): prepare_email>, send_email already registered for DAG: example_dag_decorator
[2024-01-14T15:08:40.415+0000] {logging_mixin.py:120} INFO - [2024-01-14T15:08:40.415+0000] {taskmixin.py:205} WARNING - Dependency <Task(EmailOperator): send_email>, prepare_email already registered for DAG: example_dag_decorator
[2024-01-14T15:08:40.424+0000] {processor.py:766} INFO - DAG(s) dict_keys(['example_dag_decorator']) retrieved from /home/airflow/.local/lib/python3.7/site-packages/airflow/example_dags/example_dag_decorator.py
[2024-01-14T15:08:40.474+0000] {logging_mixin.py:120} INFO - [2024-01-14T15:08:40.474+0000] {dag.py:2585} INFO - Sync 1 DAGs
[2024-01-14T15:08:40.487+0000] {logging_mixin.py:120} INFO - [2024-01-14T15:08:40.487+0000] {dag.py:3340} INFO - Setting next_dagrun for example_dag_decorator to None, run_after=None
[2024-01-14T15:08:40.499+0000] {processor.py:176} INFO - Processing /home/airflow/.local/lib/python3.7/site-packages/airflow/example_dags/example_dag_decorator.py took 0.100 seconds
[2024-01-14T15:09:11.395+0000] {processor.py:154} INFO - Started process (PID=1172) to work on /home/airflow/.local/lib/python3.7/site-packages/airflow/example_dags/example_dag_decorator.py
[2024-01-14T15:09:11.396+0000] {processor.py:756} INFO - Processing file /home/airflow/.local/lib/python3.7/site-packages/airflow/example_dags/example_dag_decorator.py for tasks to queue
[2024-01-14T15:09:11.396+0000] {logging_mixin.py:120} INFO - [2024-01-14T15:09:11.396+0000] {dagbag.py:537} INFO - Filling up the DagBag from /home/airflow/.local/lib/python3.7/site-packages/airflow/example_dags/example_dag_decorator.py
[2024-01-14T15:09:11.407+0000] {logging_mixin.py:120} INFO - [2024-01-14T15:09:11.406+0000] {taskmixin.py:205} WARNING - Dependency <Task(_PythonDecoratedOperator): prepare_email>, send_email already registered for DAG: example_dag_decorator
[2024-01-14T15:09:11.407+0000] {logging_mixin.py:120} INFO - [2024-01-14T15:09:11.407+0000] {taskmixin.py:205} WARNING - Dependency <Task(EmailOperator): send_email>, prepare_email already registered for DAG: example_dag_decorator
[2024-01-14T15:09:11.415+0000] {processor.py:766} INFO - DAG(s) dict_keys(['example_dag_decorator']) retrieved from /home/airflow/.local/lib/python3.7/site-packages/airflow/example_dags/example_dag_decorator.py
[2024-01-14T15:09:11.465+0000] {logging_mixin.py:120} INFO - [2024-01-14T15:09:11.465+0000] {dag.py:2585} INFO - Sync 1 DAGs
[2024-01-14T15:09:11.480+0000] {logging_mixin.py:120} INFO - [2024-01-14T15:09:11.480+0000] {dag.py:3340} INFO - Setting next_dagrun for example_dag_decorator to None, run_after=None
[2024-01-14T15:09:11.494+0000] {processor.py:176} INFO - Processing /home/airflow/.local/lib/python3.7/site-packages/airflow/example_dags/example_dag_decorator.py took 0.101 seconds
[2024-01-14T15:09:42.379+0000] {processor.py:154} INFO - Started process (PID=1235) to work on /home/airflow/.local/lib/python3.7/site-packages/airflow/example_dags/example_dag_decorator.py
[2024-01-14T15:09:42.380+0000] {processor.py:756} INFO - Processing file /home/airflow/.local/lib/python3.7/site-packages/airflow/example_dags/example_dag_decorator.py for tasks to queue
[2024-01-14T15:09:42.380+0000] {logging_mixin.py:120} INFO - [2024-01-14T15:09:42.380+0000] {dagbag.py:537} INFO - Filling up the DagBag from /home/airflow/.local/lib/python3.7/site-packages/airflow/example_dags/example_dag_decorator.py
[2024-01-14T15:09:42.391+0000] {logging_mixin.py:120} INFO - [2024-01-14T15:09:42.391+0000] {taskmixin.py:205} WARNING - Dependency <Task(_PythonDecoratedOperator): prepare_email>, send_email already registered for DAG: example_dag_decorator
[2024-01-14T15:09:42.391+0000] {logging_mixin.py:120} INFO - [2024-01-14T15:09:42.391+0000] {taskmixin.py:205} WARNING - Dependency <Task(EmailOperator): send_email>, prepare_email already registered for DAG: example_dag_decorator
[2024-01-14T15:09:42.400+0000] {processor.py:766} INFO - DAG(s) dict_keys(['example_dag_decorator']) retrieved from /home/airflow/.local/lib/python3.7/site-packages/airflow/example_dags/example_dag_decorator.py
[2024-01-14T15:09:42.449+0000] {logging_mixin.py:120} INFO - [2024-01-14T15:09:42.449+0000] {dag.py:2585} INFO - Sync 1 DAGs
[2024-01-14T15:09:42.464+0000] {logging_mixin.py:120} INFO - [2024-01-14T15:09:42.464+0000] {dag.py:3340} INFO - Setting next_dagrun for example_dag_decorator to None, run_after=None
[2024-01-14T15:09:42.476+0000] {processor.py:176} INFO - Processing /home/airflow/.local/lib/python3.7/site-packages/airflow/example_dags/example_dag_decorator.py took 0.100 seconds
[2024-01-14T15:10:13.331+0000] {processor.py:154} INFO - Started process (PID=1298) to work on /home/airflow/.local/lib/python3.7/site-packages/airflow/example_dags/example_dag_decorator.py
[2024-01-14T15:10:13.332+0000] {processor.py:756} INFO - Processing file /home/airflow/.local/lib/python3.7/site-packages/airflow/example_dags/example_dag_decorator.py for tasks to queue
[2024-01-14T15:10:13.333+0000] {logging_mixin.py:120} INFO - [2024-01-14T15:10:13.333+0000] {dagbag.py:537} INFO - Filling up the DagBag from /home/airflow/.local/lib/python3.7/site-packages/airflow/example_dags/example_dag_decorator.py
[2024-01-14T15:10:13.344+0000] {logging_mixin.py:120} INFO - [2024-01-14T15:10:13.344+0000] {taskmixin.py:205} WARNING - Dependency <Task(_PythonDecoratedOperator): prepare_email>, send_email already registered for DAG: example_dag_decorator
[2024-01-14T15:10:13.345+0000] {logging_mixin.py:120} INFO - [2024-01-14T15:10:13.345+0000] {taskmixin.py:205} WARNING - Dependency <Task(EmailOperator): send_email>, prepare_email already registered for DAG: example_dag_decorator
[2024-01-14T15:10:13.354+0000] {processor.py:766} INFO - DAG(s) dict_keys(['example_dag_decorator']) retrieved from /home/airflow/.local/lib/python3.7/site-packages/airflow/example_dags/example_dag_decorator.py
[2024-01-14T15:10:13.406+0000] {logging_mixin.py:120} INFO - [2024-01-14T15:10:13.406+0000] {dag.py:2585} INFO - Sync 1 DAGs
[2024-01-14T15:10:13.421+0000] {logging_mixin.py:120} INFO - [2024-01-14T15:10:13.421+0000] {dag.py:3340} INFO - Setting next_dagrun for example_dag_decorator to None, run_after=None
[2024-01-14T15:10:13.433+0000] {processor.py:176} INFO - Processing /home/airflow/.local/lib/python3.7/site-packages/airflow/example_dags/example_dag_decorator.py took 0.105 seconds
[2024-01-14T15:10:44.193+0000] {processor.py:154} INFO - Started process (PID=1361) to work on /home/airflow/.local/lib/python3.7/site-packages/airflow/example_dags/example_dag_decorator.py
[2024-01-14T15:10:44.193+0000] {processor.py:756} INFO - Processing file /home/airflow/.local/lib/python3.7/site-packages/airflow/example_dags/example_dag_decorator.py for tasks to queue
[2024-01-14T15:10:44.194+0000] {logging_mixin.py:120} INFO - [2024-01-14T15:10:44.194+0000] {dagbag.py:537} INFO - Filling up the DagBag from /home/airflow/.local/lib/python3.7/site-packages/airflow/example_dags/example_dag_decorator.py
[2024-01-14T15:10:44.206+0000] {logging_mixin.py:120} INFO - [2024-01-14T15:10:44.206+0000] {taskmixin.py:205} WARNING - Dependency <Task(_PythonDecoratedOperator): prepare_email>, send_email already registered for DAG: example_dag_decorator
[2024-01-14T15:10:44.207+0000] {logging_mixin.py:120} INFO - [2024-01-14T15:10:44.206+0000] {taskmixin.py:205} WARNING - Dependency <Task(EmailOperator): send_email>, prepare_email already registered for DAG: example_dag_decorator
[2024-01-14T15:10:44.216+0000] {processor.py:766} INFO - DAG(s) dict_keys(['example_dag_decorator']) retrieved from /home/airflow/.local/lib/python3.7/site-packages/airflow/example_dags/example_dag_decorator.py
[2024-01-14T15:10:44.267+0000] {logging_mixin.py:120} INFO - [2024-01-14T15:10:44.267+0000] {dag.py:2585} INFO - Sync 1 DAGs
[2024-01-14T15:10:44.280+0000] {logging_mixin.py:120} INFO - [2024-01-14T15:10:44.280+0000] {dag.py:3340} INFO - Setting next_dagrun for example_dag_decorator to None, run_after=None
[2024-01-14T15:10:44.293+0000] {processor.py:176} INFO - Processing /home/airflow/.local/lib/python3.7/site-packages/airflow/example_dags/example_dag_decorator.py took 0.104 seconds
[2024-01-14T15:11:45.196+0000] {processor.py:154} INFO - Started process (PID=1487) to work on /home/airflow/.local/lib/python3.7/site-packages/airflow/example_dags/example_dag_decorator.py
[2024-01-14T15:11:45.197+0000] {processor.py:756} INFO - Processing file /home/airflow/.local/lib/python3.7/site-packages/airflow/example_dags/example_dag_decorator.py for tasks to queue
[2024-01-14T15:11:45.197+0000] {logging_mixin.py:120} INFO - [2024-01-14T15:11:45.197+0000] {dagbag.py:537} INFO - Filling up the DagBag from /home/airflow/.local/lib/python3.7/site-packages/airflow/example_dags/example_dag_decorator.py
[2024-01-14T15:11:45.208+0000] {logging_mixin.py:120} INFO - [2024-01-14T15:11:45.208+0000] {taskmixin.py:205} WARNING - Dependency <Task(_PythonDecoratedOperator): prepare_email>, send_email already registered for DAG: example_dag_decorator
[2024-01-14T15:11:45.208+0000] {logging_mixin.py:120} INFO - [2024-01-14T15:11:45.208+0000] {taskmixin.py:205} WARNING - Dependency <Task(EmailOperator): send_email>, prepare_email already registered for DAG: example_dag_decorator
[2024-01-14T15:11:45.217+0000] {processor.py:766} INFO - DAG(s) dict_keys(['example_dag_decorator']) retrieved from /home/airflow/.local/lib/python3.7/site-packages/airflow/example_dags/example_dag_decorator.py
[2024-01-14T15:11:45.267+0000] {logging_mixin.py:120} INFO - [2024-01-14T15:11:45.267+0000] {dag.py:2585} INFO - Sync 1 DAGs
[2024-01-14T15:11:45.282+0000] {logging_mixin.py:120} INFO - [2024-01-14T15:11:45.282+0000] {dag.py:3340} INFO - Setting next_dagrun for example_dag_decorator to None, run_after=None
[2024-01-14T15:11:45.293+0000] {processor.py:176} INFO - Processing /home/airflow/.local/lib/python3.7/site-packages/airflow/example_dags/example_dag_decorator.py took 0.099 seconds
[2024-01-14T15:12:16.282+0000] {processor.py:154} INFO - Started process (PID=1550) to work on /home/airflow/.local/lib/python3.7/site-packages/airflow/example_dags/example_dag_decorator.py
[2024-01-14T15:12:16.283+0000] {processor.py:756} INFO - Processing file /home/airflow/.local/lib/python3.7/site-packages/airflow/example_dags/example_dag_decorator.py for tasks to queue
[2024-01-14T15:12:16.283+0000] {logging_mixin.py:120} INFO - [2024-01-14T15:12:16.283+0000] {dagbag.py:537} INFO - Filling up the DagBag from /home/airflow/.local/lib/python3.7/site-packages/airflow/example_dags/example_dag_decorator.py
[2024-01-14T15:12:16.294+0000] {logging_mixin.py:120} INFO - [2024-01-14T15:12:16.294+0000] {taskmixin.py:205} WARNING - Dependency <Task(_PythonDecoratedOperator): prepare_email>, send_email already registered for DAG: example_dag_decorator
[2024-01-14T15:12:16.294+0000] {logging_mixin.py:120} INFO - [2024-01-14T15:12:16.294+0000] {taskmixin.py:205} WARNING - Dependency <Task(EmailOperator): send_email>, prepare_email already registered for DAG: example_dag_decorator
[2024-01-14T15:12:16.303+0000] {processor.py:766} INFO - DAG(s) dict_keys(['example_dag_decorator']) retrieved from /home/airflow/.local/lib/python3.7/site-packages/airflow/example_dags/example_dag_decorator.py
[2024-01-14T15:12:16.355+0000] {logging_mixin.py:120} INFO - [2024-01-14T15:12:16.355+0000] {dag.py:2585} INFO - Sync 1 DAGs
[2024-01-14T15:12:16.369+0000] {logging_mixin.py:120} INFO - [2024-01-14T15:12:16.369+0000] {dag.py:3340} INFO - Setting next_dagrun for example_dag_decorator to None, run_after=None
[2024-01-14T15:12:16.382+0000] {processor.py:176} INFO - Processing /home/airflow/.local/lib/python3.7/site-packages/airflow/example_dags/example_dag_decorator.py took 0.102 seconds
[2024-01-14T15:12:47.209+0000] {processor.py:154} INFO - Started process (PID=1604) to work on /home/airflow/.local/lib/python3.7/site-packages/airflow/example_dags/example_dag_decorator.py
[2024-01-14T15:12:47.210+0000] {processor.py:756} INFO - Processing file /home/airflow/.local/lib/python3.7/site-packages/airflow/example_dags/example_dag_decorator.py for tasks to queue
[2024-01-14T15:12:47.211+0000] {logging_mixin.py:120} INFO - [2024-01-14T15:12:47.211+0000] {dagbag.py:537} INFO - Filling up the DagBag from /home/airflow/.local/lib/python3.7/site-packages/airflow/example_dags/example_dag_decorator.py
[2024-01-14T15:12:47.223+0000] {logging_mixin.py:120} INFO - [2024-01-14T15:12:47.222+0000] {taskmixin.py:205} WARNING - Dependency <Task(_PythonDecoratedOperator): prepare_email>, send_email already registered for DAG: example_dag_decorator
[2024-01-14T15:12:47.223+0000] {logging_mixin.py:120} INFO - [2024-01-14T15:12:47.223+0000] {taskmixin.py:205} WARNING - Dependency <Task(EmailOperator): send_email>, prepare_email already registered for DAG: example_dag_decorator
[2024-01-14T15:12:47.233+0000] {processor.py:766} INFO - DAG(s) dict_keys(['example_dag_decorator']) retrieved from /home/airflow/.local/lib/python3.7/site-packages/airflow/example_dags/example_dag_decorator.py
[2024-01-14T15:12:47.287+0000] {logging_mixin.py:120} INFO - [2024-01-14T15:12:47.286+0000] {dag.py:2585} INFO - Sync 1 DAGs
[2024-01-14T15:12:47.302+0000] {logging_mixin.py:120} INFO - [2024-01-14T15:12:47.302+0000] {dag.py:3340} INFO - Setting next_dagrun for example_dag_decorator to None, run_after=None
[2024-01-14T15:12:47.314+0000] {processor.py:176} INFO - Processing /home/airflow/.local/lib/python3.7/site-packages/airflow/example_dags/example_dag_decorator.py took 0.108 seconds
[2024-01-14T15:13:18.176+0000] {processor.py:154} INFO - Started process (PID=1667) to work on /home/airflow/.local/lib/python3.7/site-packages/airflow/example_dags/example_dag_decorator.py
[2024-01-14T15:13:18.177+0000] {processor.py:756} INFO - Processing file /home/airflow/.local/lib/python3.7/site-packages/airflow/example_dags/example_dag_decorator.py for tasks to queue
[2024-01-14T15:13:18.178+0000] {logging_mixin.py:120} INFO - [2024-01-14T15:13:18.177+0000] {dagbag.py:537} INFO - Filling up the DagBag from /home/airflow/.local/lib/python3.7/site-packages/airflow/example_dags/example_dag_decorator.py
[2024-01-14T15:13:18.188+0000] {logging_mixin.py:120} INFO - [2024-01-14T15:13:18.188+0000] {taskmixin.py:205} WARNING - Dependency <Task(_PythonDecoratedOperator): prepare_email>, send_email already registered for DAG: example_dag_decorator
[2024-01-14T15:13:18.189+0000] {logging_mixin.py:120} INFO - [2024-01-14T15:13:18.189+0000] {taskmixin.py:205} WARNING - Dependency <Task(EmailOperator): send_email>, prepare_email already registered for DAG: example_dag_decorator
[2024-01-14T15:13:18.197+0000] {processor.py:766} INFO - DAG(s) dict_keys(['example_dag_decorator']) retrieved from /home/airflow/.local/lib/python3.7/site-packages/airflow/example_dags/example_dag_decorator.py
[2024-01-14T15:13:18.247+0000] {logging_mixin.py:120} INFO - [2024-01-14T15:13:18.247+0000] {dag.py:2585} INFO - Sync 1 DAGs
[2024-01-14T15:13:18.260+0000] {logging_mixin.py:120} INFO - [2024-01-14T15:13:18.260+0000] {dag.py:3340} INFO - Setting next_dagrun for example_dag_decorator to None, run_after=None
[2024-01-14T15:13:18.274+0000] {processor.py:176} INFO - Processing /home/airflow/.local/lib/python3.7/site-packages/airflow/example_dags/example_dag_decorator.py took 0.100 seconds
[2024-01-14T15:13:49.037+0000] {processor.py:154} INFO - Started process (PID=1730) to work on /home/airflow/.local/lib/python3.7/site-packages/airflow/example_dags/example_dag_decorator.py
[2024-01-14T15:13:49.038+0000] {processor.py:756} INFO - Processing file /home/airflow/.local/lib/python3.7/site-packages/airflow/example_dags/example_dag_decorator.py for tasks to queue
[2024-01-14T15:13:49.038+0000] {logging_mixin.py:120} INFO - [2024-01-14T15:13:49.038+0000] {dagbag.py:537} INFO - Filling up the DagBag from /home/airflow/.local/lib/python3.7/site-packages/airflow/example_dags/example_dag_decorator.py
[2024-01-14T15:13:49.049+0000] {logging_mixin.py:120} INFO - [2024-01-14T15:13:49.049+0000] {taskmixin.py:205} WARNING - Dependency <Task(_PythonDecoratedOperator): prepare_email>, send_email already registered for DAG: example_dag_decorator
[2024-01-14T15:13:49.049+0000] {logging_mixin.py:120} INFO - [2024-01-14T15:13:49.049+0000] {taskmixin.py:205} WARNING - Dependency <Task(EmailOperator): send_email>, prepare_email already registered for DAG: example_dag_decorator
[2024-01-14T15:13:49.058+0000] {processor.py:766} INFO - DAG(s) dict_keys(['example_dag_decorator']) retrieved from /home/airflow/.local/lib/python3.7/site-packages/airflow/example_dags/example_dag_decorator.py
[2024-01-14T15:13:49.107+0000] {logging_mixin.py:120} INFO - [2024-01-14T15:13:49.107+0000] {dag.py:2585} INFO - Sync 1 DAGs
[2024-01-14T15:13:49.121+0000] {logging_mixin.py:120} INFO - [2024-01-14T15:13:49.121+0000] {dag.py:3340} INFO - Setting next_dagrun for example_dag_decorator to None, run_after=None
[2024-01-14T15:13:49.133+0000] {processor.py:176} INFO - Processing /home/airflow/.local/lib/python3.7/site-packages/airflow/example_dags/example_dag_decorator.py took 0.098 seconds
