[2024-01-14T14:59:56.924+0000] {processor.py:154} INFO - Started process (PID=40) to work on /home/airflow/.local/lib/python3.7/site-packages/airflow/example_dags/example_xcomargs.py
[2024-01-14T14:59:56.926+0000] {processor.py:756} INFO - Processing file /home/airflow/.local/lib/python3.7/site-packages/airflow/example_dags/example_xcomargs.py for tasks to queue
[2024-01-14T14:59:56.929+0000] {logging_mixin.py:120} INFO - [2024-01-14T14:59:56.929+0000] {dagbag.py:537} INFO - Filling up the DagBag from /home/airflow/.local/lib/python3.7/site-packages/airflow/example_dags/example_xcomargs.py
[2024-01-14T14:59:56.968+0000] {processor.py:766} INFO - DAG(s) dict_keys(['example_xcom_args', 'example_xcom_args_with_operators']) retrieved from /home/airflow/.local/lib/python3.7/site-packages/airflow/example_dags/example_xcomargs.py
[2024-01-14T14:59:57.165+0000] {logging_mixin.py:120} INFO - [2024-01-14T14:59:57.165+0000] {manager.py:507} INFO - Created Permission View: can read on DAG:example_xcom_args
[2024-01-14T14:59:57.172+0000] {logging_mixin.py:120} INFO - [2024-01-14T14:59:57.172+0000] {manager.py:507} INFO - Created Permission View: can edit on DAG:example_xcom_args
[2024-01-14T14:59:57.188+0000] {logging_mixin.py:120} INFO - [2024-01-14T14:59:57.187+0000] {manager.py:507} INFO - Created Permission View: can delete on DAG:example_xcom_args
[2024-01-14T14:59:57.204+0000] {logging_mixin.py:120} INFO - [2024-01-14T14:59:57.204+0000] {manager.py:507} INFO - Created Permission View: can read on DAG:example_xcom_args_with_operators
[2024-01-14T14:59:57.219+0000] {logging_mixin.py:120} INFO - [2024-01-14T14:59:57.218+0000] {manager.py:507} INFO - Created Permission View: can edit on DAG:example_xcom_args_with_operators
[2024-01-14T14:59:57.229+0000] {logging_mixin.py:120} INFO - [2024-01-14T14:59:57.229+0000] {manager.py:507} INFO - Created Permission View: can delete on DAG:example_xcom_args_with_operators
[2024-01-14T14:59:57.230+0000] {logging_mixin.py:120} INFO - [2024-01-14T14:59:57.230+0000] {dag.py:2585} INFO - Sync 2 DAGs
[2024-01-14T14:59:57.247+0000] {logging_mixin.py:120} INFO - [2024-01-14T14:59:57.247+0000] {dag.py:2606} INFO - Creating ORM DAG for example_xcom_args_with_operators
[2024-01-14T14:59:57.248+0000] {logging_mixin.py:120} INFO - [2024-01-14T14:59:57.248+0000] {dag.py:2606} INFO - Creating ORM DAG for example_xcom_args
[2024-01-14T14:59:57.263+0000] {logging_mixin.py:120} INFO - [2024-01-14T14:59:57.263+0000] {dag.py:3340} INFO - Setting next_dagrun for example_xcom_args to None, run_after=None
[2024-01-14T14:59:57.265+0000] {logging_mixin.py:120} INFO - [2024-01-14T14:59:57.264+0000] {dag.py:3340} INFO - Setting next_dagrun for example_xcom_args_with_operators to None, run_after=None
[2024-01-14T14:59:57.322+0000] {processor.py:176} INFO - Processing /home/airflow/.local/lib/python3.7/site-packages/airflow/example_dags/example_xcomargs.py took 0.401 seconds
[2024-01-14T15:00:27.724+0000] {processor.py:154} INFO - Started process (PID=103) to work on /home/airflow/.local/lib/python3.7/site-packages/airflow/example_dags/example_xcomargs.py
[2024-01-14T15:00:27.726+0000] {processor.py:756} INFO - Processing file /home/airflow/.local/lib/python3.7/site-packages/airflow/example_dags/example_xcomargs.py for tasks to queue
[2024-01-14T15:00:27.727+0000] {logging_mixin.py:120} INFO - [2024-01-14T15:00:27.726+0000] {dagbag.py:537} INFO - Filling up the DagBag from /home/airflow/.local/lib/python3.7/site-packages/airflow/example_dags/example_xcomargs.py
[2024-01-14T15:00:27.751+0000] {processor.py:766} INFO - DAG(s) dict_keys(['example_xcom_args_with_operators', 'example_xcom_args']) retrieved from /home/airflow/.local/lib/python3.7/site-packages/airflow/example_dags/example_xcomargs.py
[2024-01-14T15:00:27.784+0000] {logging_mixin.py:120} INFO - [2024-01-14T15:00:27.784+0000] {dag.py:2585} INFO - Sync 2 DAGs
[2024-01-14T15:00:27.800+0000] {logging_mixin.py:120} INFO - [2024-01-14T15:00:27.800+0000] {dag.py:3340} INFO - Setting next_dagrun for example_xcom_args to None, run_after=None
[2024-01-14T15:00:27.802+0000] {logging_mixin.py:120} INFO - [2024-01-14T15:00:27.802+0000] {dag.py:3340} INFO - Setting next_dagrun for example_xcom_args_with_operators to None, run_after=None
[2024-01-14T15:00:27.812+0000] {processor.py:176} INFO - Processing /home/airflow/.local/lib/python3.7/site-packages/airflow/example_dags/example_xcomargs.py took 0.092 seconds
[2024-01-14T15:00:57.842+0000] {processor.py:154} INFO - Started process (PID=167) to work on /home/airflow/.local/lib/python3.7/site-packages/airflow/example_dags/example_xcomargs.py
[2024-01-14T15:00:57.843+0000] {processor.py:756} INFO - Processing file /home/airflow/.local/lib/python3.7/site-packages/airflow/example_dags/example_xcomargs.py for tasks to queue
[2024-01-14T15:00:57.844+0000] {logging_mixin.py:120} INFO - [2024-01-14T15:00:57.844+0000] {dagbag.py:537} INFO - Filling up the DagBag from /home/airflow/.local/lib/python3.7/site-packages/airflow/example_dags/example_xcomargs.py
[2024-01-14T15:00:57.863+0000] {processor.py:766} INFO - DAG(s) dict_keys(['example_xcom_args_with_operators', 'example_xcom_args']) retrieved from /home/airflow/.local/lib/python3.7/site-packages/airflow/example_dags/example_xcomargs.py
[2024-01-14T15:00:57.903+0000] {logging_mixin.py:120} INFO - [2024-01-14T15:00:57.903+0000] {dag.py:2585} INFO - Sync 2 DAGs
[2024-01-14T15:00:57.920+0000] {logging_mixin.py:120} INFO - [2024-01-14T15:00:57.920+0000] {dag.py:3340} INFO - Setting next_dagrun for example_xcom_args to None, run_after=None
[2024-01-14T15:00:57.922+0000] {logging_mixin.py:120} INFO - [2024-01-14T15:00:57.922+0000] {dag.py:3340} INFO - Setting next_dagrun for example_xcom_args_with_operators to None, run_after=None
[2024-01-14T15:00:57.932+0000] {processor.py:176} INFO - Processing /home/airflow/.local/lib/python3.7/site-packages/airflow/example_dags/example_xcomargs.py took 0.093 seconds
[2024-01-14T15:01:27.957+0000] {processor.py:154} INFO - Started process (PID=230) to work on /home/airflow/.local/lib/python3.7/site-packages/airflow/example_dags/example_xcomargs.py
[2024-01-14T15:01:27.958+0000] {processor.py:756} INFO - Processing file /home/airflow/.local/lib/python3.7/site-packages/airflow/example_dags/example_xcomargs.py for tasks to queue
[2024-01-14T15:01:27.959+0000] {logging_mixin.py:120} INFO - [2024-01-14T15:01:27.959+0000] {dagbag.py:537} INFO - Filling up the DagBag from /home/airflow/.local/lib/python3.7/site-packages/airflow/example_dags/example_xcomargs.py
[2024-01-14T15:01:27.976+0000] {processor.py:766} INFO - DAG(s) dict_keys(['example_xcom_args_with_operators', 'example_xcom_args']) retrieved from /home/airflow/.local/lib/python3.7/site-packages/airflow/example_dags/example_xcomargs.py
[2024-01-14T15:01:28.005+0000] {logging_mixin.py:120} INFO - [2024-01-14T15:01:28.005+0000] {dag.py:2585} INFO - Sync 2 DAGs
[2024-01-14T15:01:28.020+0000] {logging_mixin.py:120} INFO - [2024-01-14T15:01:28.020+0000] {dag.py:3340} INFO - Setting next_dagrun for example_xcom_args to None, run_after=None
[2024-01-14T15:01:28.022+0000] {logging_mixin.py:120} INFO - [2024-01-14T15:01:28.022+0000] {dag.py:3340} INFO - Setting next_dagrun for example_xcom_args_with_operators to None, run_after=None
[2024-01-14T15:01:28.032+0000] {processor.py:176} INFO - Processing /home/airflow/.local/lib/python3.7/site-packages/airflow/example_dags/example_xcomargs.py took 0.077 seconds
[2024-01-14T15:01:58.117+0000] {processor.py:154} INFO - Started process (PID=284) to work on /home/airflow/.local/lib/python3.7/site-packages/airflow/example_dags/example_xcomargs.py
[2024-01-14T15:01:58.119+0000] {processor.py:756} INFO - Processing file /home/airflow/.local/lib/python3.7/site-packages/airflow/example_dags/example_xcomargs.py for tasks to queue
[2024-01-14T15:01:58.120+0000] {logging_mixin.py:120} INFO - [2024-01-14T15:01:58.120+0000] {dagbag.py:537} INFO - Filling up the DagBag from /home/airflow/.local/lib/python3.7/site-packages/airflow/example_dags/example_xcomargs.py
[2024-01-14T15:01:58.143+0000] {processor.py:766} INFO - DAG(s) dict_keys(['example_xcom_args', 'example_xcom_args_with_operators']) retrieved from /home/airflow/.local/lib/python3.7/site-packages/airflow/example_dags/example_xcomargs.py
[2024-01-14T15:01:58.176+0000] {logging_mixin.py:120} INFO - [2024-01-14T15:01:58.176+0000] {dag.py:2585} INFO - Sync 2 DAGs
[2024-01-14T15:01:58.193+0000] {logging_mixin.py:120} INFO - [2024-01-14T15:01:58.193+0000] {dag.py:3340} INFO - Setting next_dagrun for example_xcom_args to None, run_after=None
[2024-01-14T15:01:58.195+0000] {logging_mixin.py:120} INFO - [2024-01-14T15:01:58.195+0000] {dag.py:3340} INFO - Setting next_dagrun for example_xcom_args_with_operators to None, run_after=None
[2024-01-14T15:01:58.207+0000] {processor.py:176} INFO - Processing /home/airflow/.local/lib/python3.7/site-packages/airflow/example_dags/example_xcomargs.py took 0.096 seconds
[2024-01-14T15:02:28.281+0000] {processor.py:154} INFO - Started process (PID=347) to work on /home/airflow/.local/lib/python3.7/site-packages/airflow/example_dags/example_xcomargs.py
[2024-01-14T15:02:28.282+0000] {processor.py:756} INFO - Processing file /home/airflow/.local/lib/python3.7/site-packages/airflow/example_dags/example_xcomargs.py for tasks to queue
[2024-01-14T15:02:28.282+0000] {logging_mixin.py:120} INFO - [2024-01-14T15:02:28.282+0000] {dagbag.py:537} INFO - Filling up the DagBag from /home/airflow/.local/lib/python3.7/site-packages/airflow/example_dags/example_xcomargs.py
[2024-01-14T15:02:28.297+0000] {processor.py:766} INFO - DAG(s) dict_keys(['example_xcom_args_with_operators', 'example_xcom_args']) retrieved from /home/airflow/.local/lib/python3.7/site-packages/airflow/example_dags/example_xcomargs.py
[2024-01-14T15:02:28.324+0000] {logging_mixin.py:120} INFO - [2024-01-14T15:02:28.324+0000] {dag.py:2585} INFO - Sync 2 DAGs
[2024-01-14T15:02:28.341+0000] {logging_mixin.py:120} INFO - [2024-01-14T15:02:28.341+0000] {dag.py:3340} INFO - Setting next_dagrun for example_xcom_args to None, run_after=None
[2024-01-14T15:02:28.343+0000] {logging_mixin.py:120} INFO - [2024-01-14T15:02:28.343+0000] {dag.py:3340} INFO - Setting next_dagrun for example_xcom_args_with_operators to None, run_after=None
[2024-01-14T15:02:28.353+0000] {processor.py:176} INFO - Processing /home/airflow/.local/lib/python3.7/site-packages/airflow/example_dags/example_xcomargs.py took 0.075 seconds
[2024-01-14T15:02:58.398+0000] {processor.py:154} INFO - Started process (PID=410) to work on /home/airflow/.local/lib/python3.7/site-packages/airflow/example_dags/example_xcomargs.py
[2024-01-14T15:02:58.400+0000] {processor.py:756} INFO - Processing file /home/airflow/.local/lib/python3.7/site-packages/airflow/example_dags/example_xcomargs.py for tasks to queue
[2024-01-14T15:02:58.401+0000] {logging_mixin.py:120} INFO - [2024-01-14T15:02:58.401+0000] {dagbag.py:537} INFO - Filling up the DagBag from /home/airflow/.local/lib/python3.7/site-packages/airflow/example_dags/example_xcomargs.py
[2024-01-14T15:02:58.421+0000] {processor.py:766} INFO - DAG(s) dict_keys(['example_xcom_args', 'example_xcom_args_with_operators']) retrieved from /home/airflow/.local/lib/python3.7/site-packages/airflow/example_dags/example_xcomargs.py
[2024-01-14T15:02:58.448+0000] {logging_mixin.py:120} INFO - [2024-01-14T15:02:58.448+0000] {dag.py:2585} INFO - Sync 2 DAGs
[2024-01-14T15:02:58.463+0000] {logging_mixin.py:120} INFO - [2024-01-14T15:02:58.463+0000] {dag.py:3340} INFO - Setting next_dagrun for example_xcom_args to None, run_after=None
[2024-01-14T15:02:58.465+0000] {logging_mixin.py:120} INFO - [2024-01-14T15:02:58.465+0000] {dag.py:3340} INFO - Setting next_dagrun for example_xcom_args_with_operators to None, run_after=None
[2024-01-14T15:02:58.474+0000] {processor.py:176} INFO - Processing /home/airflow/.local/lib/python3.7/site-packages/airflow/example_dags/example_xcomargs.py took 0.081 seconds
[2024-01-14T15:03:28.539+0000] {processor.py:154} INFO - Started process (PID=473) to work on /home/airflow/.local/lib/python3.7/site-packages/airflow/example_dags/example_xcomargs.py
[2024-01-14T15:03:28.540+0000] {processor.py:756} INFO - Processing file /home/airflow/.local/lib/python3.7/site-packages/airflow/example_dags/example_xcomargs.py for tasks to queue
[2024-01-14T15:03:28.541+0000] {logging_mixin.py:120} INFO - [2024-01-14T15:03:28.541+0000] {dagbag.py:537} INFO - Filling up the DagBag from /home/airflow/.local/lib/python3.7/site-packages/airflow/example_dags/example_xcomargs.py
[2024-01-14T15:03:28.561+0000] {processor.py:766} INFO - DAG(s) dict_keys(['example_xcom_args_with_operators', 'example_xcom_args']) retrieved from /home/airflow/.local/lib/python3.7/site-packages/airflow/example_dags/example_xcomargs.py
[2024-01-14T15:03:28.589+0000] {logging_mixin.py:120} INFO - [2024-01-14T15:03:28.589+0000] {dag.py:2585} INFO - Sync 2 DAGs
[2024-01-14T15:03:28.603+0000] {logging_mixin.py:120} INFO - [2024-01-14T15:03:28.603+0000] {dag.py:3340} INFO - Setting next_dagrun for example_xcom_args to None, run_after=None
[2024-01-14T15:03:28.606+0000] {logging_mixin.py:120} INFO - [2024-01-14T15:03:28.605+0000] {dag.py:3340} INFO - Setting next_dagrun for example_xcom_args_with_operators to None, run_after=None
[2024-01-14T15:03:28.615+0000] {processor.py:176} INFO - Processing /home/airflow/.local/lib/python3.7/site-packages/airflow/example_dags/example_xcomargs.py took 0.081 seconds
[2024-01-14T15:03:58.679+0000] {processor.py:154} INFO - Started process (PID=534) to work on /home/airflow/.local/lib/python3.7/site-packages/airflow/example_dags/example_xcomargs.py
[2024-01-14T15:03:58.679+0000] {processor.py:756} INFO - Processing file /home/airflow/.local/lib/python3.7/site-packages/airflow/example_dags/example_xcomargs.py for tasks to queue
[2024-01-14T15:03:58.680+0000] {logging_mixin.py:120} INFO - [2024-01-14T15:03:58.680+0000] {dagbag.py:537} INFO - Filling up the DagBag from /home/airflow/.local/lib/python3.7/site-packages/airflow/example_dags/example_xcomargs.py
[2024-01-14T15:03:58.694+0000] {processor.py:766} INFO - DAG(s) dict_keys(['example_xcom_args', 'example_xcom_args_with_operators']) retrieved from /home/airflow/.local/lib/python3.7/site-packages/airflow/example_dags/example_xcomargs.py
[2024-01-14T15:03:58.722+0000] {logging_mixin.py:120} INFO - [2024-01-14T15:03:58.721+0000] {dag.py:2585} INFO - Sync 2 DAGs
[2024-01-14T15:03:58.736+0000] {logging_mixin.py:120} INFO - [2024-01-14T15:03:58.736+0000] {dag.py:3340} INFO - Setting next_dagrun for example_xcom_args to None, run_after=None
[2024-01-14T15:03:58.738+0000] {logging_mixin.py:120} INFO - [2024-01-14T15:03:58.738+0000] {dag.py:3340} INFO - Setting next_dagrun for example_xcom_args_with_operators to None, run_after=None
[2024-01-14T15:03:58.748+0000] {processor.py:176} INFO - Processing /home/airflow/.local/lib/python3.7/site-packages/airflow/example_dags/example_xcomargs.py took 0.072 seconds
[2024-01-14T15:04:29.568+0000] {processor.py:154} INFO - Started process (PID=590) to work on /home/airflow/.local/lib/python3.7/site-packages/airflow/example_dags/example_xcomargs.py
[2024-01-14T15:04:29.569+0000] {processor.py:756} INFO - Processing file /home/airflow/.local/lib/python3.7/site-packages/airflow/example_dags/example_xcomargs.py for tasks to queue
[2024-01-14T15:04:29.570+0000] {logging_mixin.py:120} INFO - [2024-01-14T15:04:29.570+0000] {dagbag.py:537} INFO - Filling up the DagBag from /home/airflow/.local/lib/python3.7/site-packages/airflow/example_dags/example_xcomargs.py
[2024-01-14T15:04:29.592+0000] {processor.py:766} INFO - DAG(s) dict_keys(['example_xcom_args_with_operators', 'example_xcom_args']) retrieved from /home/airflow/.local/lib/python3.7/site-packages/airflow/example_dags/example_xcomargs.py
[2024-01-14T15:04:29.619+0000] {logging_mixin.py:120} INFO - [2024-01-14T15:04:29.619+0000] {dag.py:2585} INFO - Sync 2 DAGs
[2024-01-14T15:04:29.635+0000] {logging_mixin.py:120} INFO - [2024-01-14T15:04:29.635+0000] {dag.py:3340} INFO - Setting next_dagrun for example_xcom_args to None, run_after=None
[2024-01-14T15:04:29.638+0000] {logging_mixin.py:120} INFO - [2024-01-14T15:04:29.638+0000] {dag.py:3340} INFO - Setting next_dagrun for example_xcom_args_with_operators to None, run_after=None
[2024-01-14T15:04:29.648+0000] {processor.py:176} INFO - Processing /home/airflow/.local/lib/python3.7/site-packages/airflow/example_dags/example_xcomargs.py took 0.085 seconds
[2024-01-14T15:04:59.799+0000] {processor.py:154} INFO - Started process (PID=653) to work on /home/airflow/.local/lib/python3.7/site-packages/airflow/example_dags/example_xcomargs.py
[2024-01-14T15:04:59.799+0000] {processor.py:756} INFO - Processing file /home/airflow/.local/lib/python3.7/site-packages/airflow/example_dags/example_xcomargs.py for tasks to queue
[2024-01-14T15:04:59.800+0000] {logging_mixin.py:120} INFO - [2024-01-14T15:04:59.800+0000] {dagbag.py:537} INFO - Filling up the DagBag from /home/airflow/.local/lib/python3.7/site-packages/airflow/example_dags/example_xcomargs.py
[2024-01-14T15:04:59.815+0000] {processor.py:766} INFO - DAG(s) dict_keys(['example_xcom_args', 'example_xcom_args_with_operators']) retrieved from /home/airflow/.local/lib/python3.7/site-packages/airflow/example_dags/example_xcomargs.py
[2024-01-14T15:04:59.842+0000] {logging_mixin.py:120} INFO - [2024-01-14T15:04:59.841+0000] {dag.py:2585} INFO - Sync 2 DAGs
[2024-01-14T15:04:59.857+0000] {logging_mixin.py:120} INFO - [2024-01-14T15:04:59.856+0000] {dag.py:3340} INFO - Setting next_dagrun for example_xcom_args to None, run_after=None
[2024-01-14T15:04:59.859+0000] {logging_mixin.py:120} INFO - [2024-01-14T15:04:59.859+0000] {dag.py:3340} INFO - Setting next_dagrun for example_xcom_args_with_operators to None, run_after=None
[2024-01-14T15:04:59.868+0000] {processor.py:176} INFO - Processing /home/airflow/.local/lib/python3.7/site-packages/airflow/example_dags/example_xcomargs.py took 0.071 seconds
[2024-01-14T15:05:29.933+0000] {processor.py:154} INFO - Started process (PID=716) to work on /home/airflow/.local/lib/python3.7/site-packages/airflow/example_dags/example_xcomargs.py
[2024-01-14T15:05:29.933+0000] {processor.py:756} INFO - Processing file /home/airflow/.local/lib/python3.7/site-packages/airflow/example_dags/example_xcomargs.py for tasks to queue
[2024-01-14T15:05:29.934+0000] {logging_mixin.py:120} INFO - [2024-01-14T15:05:29.934+0000] {dagbag.py:537} INFO - Filling up the DagBag from /home/airflow/.local/lib/python3.7/site-packages/airflow/example_dags/example_xcomargs.py
[2024-01-14T15:05:29.949+0000] {processor.py:766} INFO - DAG(s) dict_keys(['example_xcom_args_with_operators', 'example_xcom_args']) retrieved from /home/airflow/.local/lib/python3.7/site-packages/airflow/example_dags/example_xcomargs.py
[2024-01-14T15:05:29.977+0000] {logging_mixin.py:120} INFO - [2024-01-14T15:05:29.977+0000] {dag.py:2585} INFO - Sync 2 DAGs
[2024-01-14T15:05:29.991+0000] {logging_mixin.py:120} INFO - [2024-01-14T15:05:29.991+0000] {dag.py:3340} INFO - Setting next_dagrun for example_xcom_args to None, run_after=None
[2024-01-14T15:05:29.993+0000] {logging_mixin.py:120} INFO - [2024-01-14T15:05:29.993+0000] {dag.py:3340} INFO - Setting next_dagrun for example_xcom_args_with_operators to None, run_after=None
[2024-01-14T15:05:30.003+0000] {processor.py:176} INFO - Processing /home/airflow/.local/lib/python3.7/site-packages/airflow/example_dags/example_xcomargs.py took 0.073 seconds
[2024-01-14T15:06:00.806+0000] {processor.py:154} INFO - Started process (PID=779) to work on /home/airflow/.local/lib/python3.7/site-packages/airflow/example_dags/example_xcomargs.py
[2024-01-14T15:06:00.807+0000] {processor.py:756} INFO - Processing file /home/airflow/.local/lib/python3.7/site-packages/airflow/example_dags/example_xcomargs.py for tasks to queue
[2024-01-14T15:06:00.808+0000] {logging_mixin.py:120} INFO - [2024-01-14T15:06:00.808+0000] {dagbag.py:537} INFO - Filling up the DagBag from /home/airflow/.local/lib/python3.7/site-packages/airflow/example_dags/example_xcomargs.py
[2024-01-14T15:06:00.830+0000] {processor.py:766} INFO - DAG(s) dict_keys(['example_xcom_args', 'example_xcom_args_with_operators']) retrieved from /home/airflow/.local/lib/python3.7/site-packages/airflow/example_dags/example_xcomargs.py
[2024-01-14T15:06:00.859+0000] {logging_mixin.py:120} INFO - [2024-01-14T15:06:00.859+0000] {dag.py:2585} INFO - Sync 2 DAGs
[2024-01-14T15:06:00.874+0000] {logging_mixin.py:120} INFO - [2024-01-14T15:06:00.874+0000] {dag.py:3340} INFO - Setting next_dagrun for example_xcom_args to None, run_after=None
[2024-01-14T15:06:00.876+0000] {logging_mixin.py:120} INFO - [2024-01-14T15:06:00.876+0000] {dag.py:3340} INFO - Setting next_dagrun for example_xcom_args_with_operators to None, run_after=None
[2024-01-14T15:06:00.885+0000] {processor.py:176} INFO - Processing /home/airflow/.local/lib/python3.7/site-packages/airflow/example_dags/example_xcomargs.py took 0.084 seconds
[2024-01-14T15:06:31.776+0000] {processor.py:154} INFO - Started process (PID=842) to work on /home/airflow/.local/lib/python3.7/site-packages/airflow/example_dags/example_xcomargs.py
[2024-01-14T15:06:31.777+0000] {processor.py:756} INFO - Processing file /home/airflow/.local/lib/python3.7/site-packages/airflow/example_dags/example_xcomargs.py for tasks to queue
[2024-01-14T15:06:31.778+0000] {logging_mixin.py:120} INFO - [2024-01-14T15:06:31.778+0000] {dagbag.py:537} INFO - Filling up the DagBag from /home/airflow/.local/lib/python3.7/site-packages/airflow/example_dags/example_xcomargs.py
[2024-01-14T15:06:31.797+0000] {processor.py:766} INFO - DAG(s) dict_keys(['example_xcom_args_with_operators', 'example_xcom_args']) retrieved from /home/airflow/.local/lib/python3.7/site-packages/airflow/example_dags/example_xcomargs.py
[2024-01-14T15:06:31.824+0000] {logging_mixin.py:120} INFO - [2024-01-14T15:06:31.824+0000] {dag.py:2585} INFO - Sync 2 DAGs
[2024-01-14T15:06:31.840+0000] {logging_mixin.py:120} INFO - [2024-01-14T15:06:31.840+0000] {dag.py:3340} INFO - Setting next_dagrun for example_xcom_args to None, run_after=None
[2024-01-14T15:06:31.842+0000] {logging_mixin.py:120} INFO - [2024-01-14T15:06:31.842+0000] {dag.py:3340} INFO - Setting next_dagrun for example_xcom_args_with_operators to None, run_after=None
[2024-01-14T15:06:31.851+0000] {processor.py:176} INFO - Processing /home/airflow/.local/lib/python3.7/site-packages/airflow/example_dags/example_xcomargs.py took 0.079 seconds
[2024-01-14T15:07:01.960+0000] {processor.py:154} INFO - Started process (PID=896) to work on /home/airflow/.local/lib/python3.7/site-packages/airflow/example_dags/example_xcomargs.py
[2024-01-14T15:07:01.961+0000] {processor.py:756} INFO - Processing file /home/airflow/.local/lib/python3.7/site-packages/airflow/example_dags/example_xcomargs.py for tasks to queue
[2024-01-14T15:07:01.962+0000] {logging_mixin.py:120} INFO - [2024-01-14T15:07:01.962+0000] {dagbag.py:537} INFO - Filling up the DagBag from /home/airflow/.local/lib/python3.7/site-packages/airflow/example_dags/example_xcomargs.py
[2024-01-14T15:07:01.983+0000] {processor.py:766} INFO - DAG(s) dict_keys(['example_xcom_args_with_operators', 'example_xcom_args']) retrieved from /home/airflow/.local/lib/python3.7/site-packages/airflow/example_dags/example_xcomargs.py
[2024-01-14T15:07:02.011+0000] {logging_mixin.py:120} INFO - [2024-01-14T15:07:02.011+0000] {dag.py:2585} INFO - Sync 2 DAGs
[2024-01-14T15:07:02.026+0000] {logging_mixin.py:120} INFO - [2024-01-14T15:07:02.026+0000] {dag.py:3340} INFO - Setting next_dagrun for example_xcom_args to None, run_after=None
[2024-01-14T15:07:02.028+0000] {logging_mixin.py:120} INFO - [2024-01-14T15:07:02.028+0000] {dag.py:3340} INFO - Setting next_dagrun for example_xcom_args_with_operators to None, run_after=None
[2024-01-14T15:07:02.038+0000] {processor.py:176} INFO - Processing /home/airflow/.local/lib/python3.7/site-packages/airflow/example_dags/example_xcomargs.py took 0.084 seconds
[2024-01-14T15:07:32.806+0000] {processor.py:154} INFO - Started process (PID=958) to work on /home/airflow/.local/lib/python3.7/site-packages/airflow/example_dags/example_xcomargs.py
[2024-01-14T15:07:32.807+0000] {processor.py:756} INFO - Processing file /home/airflow/.local/lib/python3.7/site-packages/airflow/example_dags/example_xcomargs.py for tasks to queue
[2024-01-14T15:07:32.808+0000] {logging_mixin.py:120} INFO - [2024-01-14T15:07:32.808+0000] {dagbag.py:537} INFO - Filling up the DagBag from /home/airflow/.local/lib/python3.7/site-packages/airflow/example_dags/example_xcomargs.py
[2024-01-14T15:07:32.829+0000] {processor.py:766} INFO - DAG(s) dict_keys(['example_xcom_args', 'example_xcom_args_with_operators']) retrieved from /home/airflow/.local/lib/python3.7/site-packages/airflow/example_dags/example_xcomargs.py
[2024-01-14T15:07:32.856+0000] {logging_mixin.py:120} INFO - [2024-01-14T15:07:32.856+0000] {dag.py:2585} INFO - Sync 2 DAGs
[2024-01-14T15:07:32.871+0000] {logging_mixin.py:120} INFO - [2024-01-14T15:07:32.871+0000] {dag.py:3340} INFO - Setting next_dagrun for example_xcom_args to None, run_after=None
[2024-01-14T15:07:32.873+0000] {logging_mixin.py:120} INFO - [2024-01-14T15:07:32.873+0000] {dag.py:3340} INFO - Setting next_dagrun for example_xcom_args_with_operators to None, run_after=None
[2024-01-14T15:07:32.882+0000] {processor.py:176} INFO - Processing /home/airflow/.local/lib/python3.7/site-packages/airflow/example_dags/example_xcomargs.py took 0.081 seconds
[2024-01-14T15:08:03.896+0000] {processor.py:154} INFO - Started process (PID=1021) to work on /home/airflow/.local/lib/python3.7/site-packages/airflow/example_dags/example_xcomargs.py
[2024-01-14T15:08:03.898+0000] {processor.py:756} INFO - Processing file /home/airflow/.local/lib/python3.7/site-packages/airflow/example_dags/example_xcomargs.py for tasks to queue
[2024-01-14T15:08:03.899+0000] {logging_mixin.py:120} INFO - [2024-01-14T15:08:03.898+0000] {dagbag.py:537} INFO - Filling up the DagBag from /home/airflow/.local/lib/python3.7/site-packages/airflow/example_dags/example_xcomargs.py
[2024-01-14T15:08:03.926+0000] {processor.py:766} INFO - DAG(s) dict_keys(['example_xcom_args_with_operators', 'example_xcom_args']) retrieved from /home/airflow/.local/lib/python3.7/site-packages/airflow/example_dags/example_xcomargs.py
[2024-01-14T15:08:03.965+0000] {logging_mixin.py:120} INFO - [2024-01-14T15:08:03.965+0000] {dag.py:2585} INFO - Sync 2 DAGs
[2024-01-14T15:08:03.983+0000] {logging_mixin.py:120} INFO - [2024-01-14T15:08:03.983+0000] {dag.py:3340} INFO - Setting next_dagrun for example_xcom_args to None, run_after=None
[2024-01-14T15:08:03.986+0000] {logging_mixin.py:120} INFO - [2024-01-14T15:08:03.986+0000] {dag.py:3340} INFO - Setting next_dagrun for example_xcom_args_with_operators to None, run_after=None
[2024-01-14T15:08:03.996+0000] {processor.py:176} INFO - Processing /home/airflow/.local/lib/python3.7/site-packages/airflow/example_dags/example_xcomargs.py took 0.105 seconds
[2024-01-14T15:08:34.085+0000] {processor.py:154} INFO - Started process (PID=1084) to work on /home/airflow/.local/lib/python3.7/site-packages/airflow/example_dags/example_xcomargs.py
[2024-01-14T15:08:34.086+0000] {processor.py:756} INFO - Processing file /home/airflow/.local/lib/python3.7/site-packages/airflow/example_dags/example_xcomargs.py for tasks to queue
[2024-01-14T15:08:34.087+0000] {logging_mixin.py:120} INFO - [2024-01-14T15:08:34.087+0000] {dagbag.py:537} INFO - Filling up the DagBag from /home/airflow/.local/lib/python3.7/site-packages/airflow/example_dags/example_xcomargs.py
[2024-01-14T15:08:34.107+0000] {processor.py:766} INFO - DAG(s) dict_keys(['example_xcom_args', 'example_xcom_args_with_operators']) retrieved from /home/airflow/.local/lib/python3.7/site-packages/airflow/example_dags/example_xcomargs.py
[2024-01-14T15:08:34.135+0000] {logging_mixin.py:120} INFO - [2024-01-14T15:08:34.135+0000] {dag.py:2585} INFO - Sync 2 DAGs
[2024-01-14T15:08:34.151+0000] {logging_mixin.py:120} INFO - [2024-01-14T15:08:34.151+0000] {dag.py:3340} INFO - Setting next_dagrun for example_xcom_args to None, run_after=None
[2024-01-14T15:08:34.153+0000] {logging_mixin.py:120} INFO - [2024-01-14T15:08:34.152+0000] {dag.py:3340} INFO - Setting next_dagrun for example_xcom_args_with_operators to None, run_after=None
[2024-01-14T15:08:34.162+0000] {processor.py:176} INFO - Processing /home/airflow/.local/lib/python3.7/site-packages/airflow/example_dags/example_xcomargs.py took 0.081 seconds
[2024-01-14T15:09:05.026+0000] {processor.py:154} INFO - Started process (PID=1147) to work on /home/airflow/.local/lib/python3.7/site-packages/airflow/example_dags/example_xcomargs.py
[2024-01-14T15:09:05.027+0000] {processor.py:756} INFO - Processing file /home/airflow/.local/lib/python3.7/site-packages/airflow/example_dags/example_xcomargs.py for tasks to queue
[2024-01-14T15:09:05.029+0000] {logging_mixin.py:120} INFO - [2024-01-14T15:09:05.028+0000] {dagbag.py:537} INFO - Filling up the DagBag from /home/airflow/.local/lib/python3.7/site-packages/airflow/example_dags/example_xcomargs.py
[2024-01-14T15:09:05.050+0000] {processor.py:766} INFO - DAG(s) dict_keys(['example_xcom_args', 'example_xcom_args_with_operators']) retrieved from /home/airflow/.local/lib/python3.7/site-packages/airflow/example_dags/example_xcomargs.py
[2024-01-14T15:09:05.078+0000] {logging_mixin.py:120} INFO - [2024-01-14T15:09:05.078+0000] {dag.py:2585} INFO - Sync 2 DAGs
[2024-01-14T15:09:05.094+0000] {logging_mixin.py:120} INFO - [2024-01-14T15:09:05.094+0000] {dag.py:3340} INFO - Setting next_dagrun for example_xcom_args to None, run_after=None
[2024-01-14T15:09:05.096+0000] {logging_mixin.py:120} INFO - [2024-01-14T15:09:05.096+0000] {dag.py:3340} INFO - Setting next_dagrun for example_xcom_args_with_operators to None, run_after=None
[2024-01-14T15:09:05.107+0000] {processor.py:176} INFO - Processing /home/airflow/.local/lib/python3.7/site-packages/airflow/example_dags/example_xcomargs.py took 0.084 seconds
[2024-01-14T15:09:36.019+0000] {processor.py:154} INFO - Started process (PID=1210) to work on /home/airflow/.local/lib/python3.7/site-packages/airflow/example_dags/example_xcomargs.py
[2024-01-14T15:09:36.020+0000] {processor.py:756} INFO - Processing file /home/airflow/.local/lib/python3.7/site-packages/airflow/example_dags/example_xcomargs.py for tasks to queue
[2024-01-14T15:09:36.021+0000] {logging_mixin.py:120} INFO - [2024-01-14T15:09:36.021+0000] {dagbag.py:537} INFO - Filling up the DagBag from /home/airflow/.local/lib/python3.7/site-packages/airflow/example_dags/example_xcomargs.py
[2024-01-14T15:09:36.043+0000] {processor.py:766} INFO - DAG(s) dict_keys(['example_xcom_args_with_operators', 'example_xcom_args']) retrieved from /home/airflow/.local/lib/python3.7/site-packages/airflow/example_dags/example_xcomargs.py
[2024-01-14T15:09:36.071+0000] {logging_mixin.py:120} INFO - [2024-01-14T15:09:36.071+0000] {dag.py:2585} INFO - Sync 2 DAGs
[2024-01-14T15:09:36.087+0000] {logging_mixin.py:120} INFO - [2024-01-14T15:09:36.087+0000] {dag.py:3340} INFO - Setting next_dagrun for example_xcom_args to None, run_after=None
[2024-01-14T15:09:36.090+0000] {logging_mixin.py:120} INFO - [2024-01-14T15:09:36.090+0000] {dag.py:3340} INFO - Setting next_dagrun for example_xcom_args_with_operators to None, run_after=None
[2024-01-14T15:09:36.101+0000] {processor.py:176} INFO - Processing /home/airflow/.local/lib/python3.7/site-packages/airflow/example_dags/example_xcomargs.py took 0.087 seconds
[2024-01-14T15:10:06.987+0000] {processor.py:154} INFO - Started process (PID=1273) to work on /home/airflow/.local/lib/python3.7/site-packages/airflow/example_dags/example_xcomargs.py
[2024-01-14T15:10:06.988+0000] {processor.py:756} INFO - Processing file /home/airflow/.local/lib/python3.7/site-packages/airflow/example_dags/example_xcomargs.py for tasks to queue
[2024-01-14T15:10:06.988+0000] {logging_mixin.py:120} INFO - [2024-01-14T15:10:06.988+0000] {dagbag.py:537} INFO - Filling up the DagBag from /home/airflow/.local/lib/python3.7/site-packages/airflow/example_dags/example_xcomargs.py
[2024-01-14T15:10:07.004+0000] {processor.py:766} INFO - DAG(s) dict_keys(['example_xcom_args', 'example_xcom_args_with_operators']) retrieved from /home/airflow/.local/lib/python3.7/site-packages/airflow/example_dags/example_xcomargs.py
[2024-01-14T15:10:07.031+0000] {logging_mixin.py:120} INFO - [2024-01-14T15:10:07.031+0000] {dag.py:2585} INFO - Sync 2 DAGs
[2024-01-14T15:10:07.046+0000] {logging_mixin.py:120} INFO - [2024-01-14T15:10:07.046+0000] {dag.py:3340} INFO - Setting next_dagrun for example_xcom_args to None, run_after=None
[2024-01-14T15:10:07.049+0000] {logging_mixin.py:120} INFO - [2024-01-14T15:10:07.049+0000] {dag.py:3340} INFO - Setting next_dagrun for example_xcom_args_with_operators to None, run_after=None
[2024-01-14T15:10:07.058+0000] {processor.py:176} INFO - Processing /home/airflow/.local/lib/python3.7/site-packages/airflow/example_dags/example_xcomargs.py took 0.073 seconds
[2024-01-14T15:10:37.910+0000] {processor.py:154} INFO - Started process (PID=1327) to work on /home/airflow/.local/lib/python3.7/site-packages/airflow/example_dags/example_xcomargs.py
[2024-01-14T15:10:37.911+0000] {processor.py:756} INFO - Processing file /home/airflow/.local/lib/python3.7/site-packages/airflow/example_dags/example_xcomargs.py for tasks to queue
[2024-01-14T15:10:37.912+0000] {logging_mixin.py:120} INFO - [2024-01-14T15:10:37.912+0000] {dagbag.py:537} INFO - Filling up the DagBag from /home/airflow/.local/lib/python3.7/site-packages/airflow/example_dags/example_xcomargs.py
[2024-01-14T15:10:37.932+0000] {processor.py:766} INFO - DAG(s) dict_keys(['example_xcom_args_with_operators', 'example_xcom_args']) retrieved from /home/airflow/.local/lib/python3.7/site-packages/airflow/example_dags/example_xcomargs.py
[2024-01-14T15:10:37.959+0000] {logging_mixin.py:120} INFO - [2024-01-14T15:10:37.959+0000] {dag.py:2585} INFO - Sync 2 DAGs
[2024-01-14T15:10:37.975+0000] {logging_mixin.py:120} INFO - [2024-01-14T15:10:37.975+0000] {dag.py:3340} INFO - Setting next_dagrun for example_xcom_args to None, run_after=None
[2024-01-14T15:10:37.977+0000] {logging_mixin.py:120} INFO - [2024-01-14T15:10:37.977+0000] {dag.py:3340} INFO - Setting next_dagrun for example_xcom_args_with_operators to None, run_after=None
[2024-01-14T15:10:37.986+0000] {processor.py:176} INFO - Processing /home/airflow/.local/lib/python3.7/site-packages/airflow/example_dags/example_xcomargs.py took 0.080 seconds
[2024-01-14T15:12:09.937+0000] {processor.py:154} INFO - Started process (PID=1516) to work on /home/airflow/.local/lib/python3.7/site-packages/airflow/example_dags/example_xcomargs.py
[2024-01-14T15:12:09.938+0000] {processor.py:756} INFO - Processing file /home/airflow/.local/lib/python3.7/site-packages/airflow/example_dags/example_xcomargs.py for tasks to queue
[2024-01-14T15:12:09.939+0000] {logging_mixin.py:120} INFO - [2024-01-14T15:12:09.939+0000] {dagbag.py:537} INFO - Filling up the DagBag from /home/airflow/.local/lib/python3.7/site-packages/airflow/example_dags/example_xcomargs.py
[2024-01-14T15:12:09.958+0000] {processor.py:766} INFO - DAG(s) dict_keys(['example_xcom_args_with_operators', 'example_xcom_args']) retrieved from /home/airflow/.local/lib/python3.7/site-packages/airflow/example_dags/example_xcomargs.py
[2024-01-14T15:12:09.989+0000] {logging_mixin.py:120} INFO - [2024-01-14T15:12:09.989+0000] {dag.py:2585} INFO - Sync 2 DAGs
[2024-01-14T15:12:10.005+0000] {logging_mixin.py:120} INFO - [2024-01-14T15:12:10.005+0000] {dag.py:3340} INFO - Setting next_dagrun for example_xcom_args to None, run_after=None
[2024-01-14T15:12:10.007+0000] {logging_mixin.py:120} INFO - [2024-01-14T15:12:10.007+0000] {dag.py:3340} INFO - Setting next_dagrun for example_xcom_args_with_operators to None, run_after=None
[2024-01-14T15:12:10.017+0000] {processor.py:176} INFO - Processing /home/airflow/.local/lib/python3.7/site-packages/airflow/example_dags/example_xcomargs.py took 0.083 seconds
[2024-01-14T15:12:40.884+0000] {processor.py:154} INFO - Started process (PID=1579) to work on /home/airflow/.local/lib/python3.7/site-packages/airflow/example_dags/example_xcomargs.py
[2024-01-14T15:12:40.885+0000] {processor.py:756} INFO - Processing file /home/airflow/.local/lib/python3.7/site-packages/airflow/example_dags/example_xcomargs.py for tasks to queue
[2024-01-14T15:12:40.886+0000] {logging_mixin.py:120} INFO - [2024-01-14T15:12:40.885+0000] {dagbag.py:537} INFO - Filling up the DagBag from /home/airflow/.local/lib/python3.7/site-packages/airflow/example_dags/example_xcomargs.py
[2024-01-14T15:12:40.906+0000] {processor.py:766} INFO - DAG(s) dict_keys(['example_xcom_args_with_operators', 'example_xcom_args']) retrieved from /home/airflow/.local/lib/python3.7/site-packages/airflow/example_dags/example_xcomargs.py
[2024-01-14T15:12:40.934+0000] {logging_mixin.py:120} INFO - [2024-01-14T15:12:40.934+0000] {dag.py:2585} INFO - Sync 2 DAGs
[2024-01-14T15:12:40.950+0000] {logging_mixin.py:120} INFO - [2024-01-14T15:12:40.950+0000] {dag.py:3340} INFO - Setting next_dagrun for example_xcom_args to None, run_after=None
[2024-01-14T15:12:40.952+0000] {logging_mixin.py:120} INFO - [2024-01-14T15:12:40.952+0000] {dag.py:3340} INFO - Setting next_dagrun for example_xcom_args_with_operators to None, run_after=None
[2024-01-14T15:12:40.961+0000] {processor.py:176} INFO - Processing /home/airflow/.local/lib/python3.7/site-packages/airflow/example_dags/example_xcomargs.py took 0.081 seconds
[2024-01-14T15:13:11.819+0000] {processor.py:154} INFO - Started process (PID=1642) to work on /home/airflow/.local/lib/python3.7/site-packages/airflow/example_dags/example_xcomargs.py
[2024-01-14T15:13:11.821+0000] {processor.py:756} INFO - Processing file /home/airflow/.local/lib/python3.7/site-packages/airflow/example_dags/example_xcomargs.py for tasks to queue
[2024-01-14T15:13:11.822+0000] {logging_mixin.py:120} INFO - [2024-01-14T15:13:11.822+0000] {dagbag.py:537} INFO - Filling up the DagBag from /home/airflow/.local/lib/python3.7/site-packages/airflow/example_dags/example_xcomargs.py
[2024-01-14T15:13:11.843+0000] {processor.py:766} INFO - DAG(s) dict_keys(['example_xcom_args', 'example_xcom_args_with_operators']) retrieved from /home/airflow/.local/lib/python3.7/site-packages/airflow/example_dags/example_xcomargs.py
[2024-01-14T15:13:11.870+0000] {logging_mixin.py:120} INFO - [2024-01-14T15:13:11.870+0000] {dag.py:2585} INFO - Sync 2 DAGs
[2024-01-14T15:13:11.886+0000] {logging_mixin.py:120} INFO - [2024-01-14T15:13:11.886+0000] {dag.py:3340} INFO - Setting next_dagrun for example_xcom_args to None, run_after=None
[2024-01-14T15:13:11.889+0000] {logging_mixin.py:120} INFO - [2024-01-14T15:13:11.889+0000] {dag.py:3340} INFO - Setting next_dagrun for example_xcom_args_with_operators to None, run_after=None
[2024-01-14T15:13:11.899+0000] {processor.py:176} INFO - Processing /home/airflow/.local/lib/python3.7/site-packages/airflow/example_dags/example_xcomargs.py took 0.086 seconds
[2024-01-14T15:13:42.799+0000] {processor.py:154} INFO - Started process (PID=1705) to work on /home/airflow/.local/lib/python3.7/site-packages/airflow/example_dags/example_xcomargs.py
[2024-01-14T15:13:42.799+0000] {processor.py:756} INFO - Processing file /home/airflow/.local/lib/python3.7/site-packages/airflow/example_dags/example_xcomargs.py for tasks to queue
[2024-01-14T15:13:42.800+0000] {logging_mixin.py:120} INFO - [2024-01-14T15:13:42.800+0000] {dagbag.py:537} INFO - Filling up the DagBag from /home/airflow/.local/lib/python3.7/site-packages/airflow/example_dags/example_xcomargs.py
[2024-01-14T15:13:42.814+0000] {processor.py:766} INFO - DAG(s) dict_keys(['example_xcom_args', 'example_xcom_args_with_operators']) retrieved from /home/airflow/.local/lib/python3.7/site-packages/airflow/example_dags/example_xcomargs.py
[2024-01-14T15:13:42.843+0000] {logging_mixin.py:120} INFO - [2024-01-14T15:13:42.843+0000] {dag.py:2585} INFO - Sync 2 DAGs
[2024-01-14T15:13:42.859+0000] {logging_mixin.py:120} INFO - [2024-01-14T15:13:42.859+0000] {dag.py:3340} INFO - Setting next_dagrun for example_xcom_args to None, run_after=None
[2024-01-14T15:13:42.862+0000] {logging_mixin.py:120} INFO - [2024-01-14T15:13:42.862+0000] {dag.py:3340} INFO - Setting next_dagrun for example_xcom_args_with_operators to None, run_after=None
[2024-01-14T15:13:42.873+0000] {processor.py:176} INFO - Processing /home/airflow/.local/lib/python3.7/site-packages/airflow/example_dags/example_xcomargs.py took 0.077 seconds
