[2024-01-14T14:59:59.005+0000] {processor.py:154} INFO - Started process (PID=63) to work on /home/airflow/.local/lib/python3.7/site-packages/airflow/example_dags/example_branch_operator.py
[2024-01-14T14:59:59.007+0000] {processor.py:756} INFO - Processing file /home/airflow/.local/lib/python3.7/site-packages/airflow/example_dags/example_branch_operator.py for tasks to queue
[2024-01-14T14:59:59.009+0000] {logging_mixin.py:120} INFO - [2024-01-14T14:59:59.008+0000] {dagbag.py:537} INFO - Filling up the DagBag from /home/airflow/.local/lib/python3.7/site-packages/airflow/example_dags/example_branch_operator.py
[2024-01-14T14:59:59.037+0000] {processor.py:766} INFO - DAG(s) dict_keys(['example_branch_operator']) retrieved from /home/airflow/.local/lib/python3.7/site-packages/airflow/example_dags/example_branch_operator.py
[2024-01-14T14:59:59.189+0000] {logging_mixin.py:120} INFO - [2024-01-14T14:59:59.189+0000] {manager.py:507} INFO - Created Permission View: can read on DAG:example_branch_operator
[2024-01-14T14:59:59.196+0000] {logging_mixin.py:120} INFO - [2024-01-14T14:59:59.196+0000] {manager.py:507} INFO - Created Permission View: can edit on DAG:example_branch_operator
[2024-01-14T14:59:59.204+0000] {logging_mixin.py:120} INFO - [2024-01-14T14:59:59.204+0000] {manager.py:507} INFO - Created Permission View: can delete on DAG:example_branch_operator
[2024-01-14T14:59:59.205+0000] {logging_mixin.py:120} INFO - [2024-01-14T14:59:59.205+0000] {dag.py:2585} INFO - Sync 1 DAGs
[2024-01-14T14:59:59.216+0000] {logging_mixin.py:120} INFO - [2024-01-14T14:59:59.216+0000] {dag.py:2606} INFO - Creating ORM DAG for example_branch_operator
[2024-01-14T14:59:59.230+0000] {logging_mixin.py:120} INFO - [2024-01-14T14:59:59.229+0000] {dag.py:3340} INFO - Setting next_dagrun for example_branch_operator to 2024-01-13T00:00:00+00:00, run_after=2024-01-14T00:00:00+00:00
[2024-01-14T14:59:59.250+0000] {processor.py:176} INFO - Processing /home/airflow/.local/lib/python3.7/site-packages/airflow/example_dags/example_branch_operator.py took 0.251 seconds
[2024-01-14T15:00:29.782+0000] {processor.py:154} INFO - Started process (PID=119) to work on /home/airflow/.local/lib/python3.7/site-packages/airflow/example_dags/example_branch_operator.py
[2024-01-14T15:00:29.783+0000] {processor.py:756} INFO - Processing file /home/airflow/.local/lib/python3.7/site-packages/airflow/example_dags/example_branch_operator.py for tasks to queue
[2024-01-14T15:00:29.784+0000] {logging_mixin.py:120} INFO - [2024-01-14T15:00:29.783+0000] {dagbag.py:537} INFO - Filling up the DagBag from /home/airflow/.local/lib/python3.7/site-packages/airflow/example_dags/example_branch_operator.py
[2024-01-14T15:00:29.796+0000] {processor.py:766} INFO - DAG(s) dict_keys(['example_branch_operator']) retrieved from /home/airflow/.local/lib/python3.7/site-packages/airflow/example_dags/example_branch_operator.py
[2024-01-14T15:00:29.824+0000] {logging_mixin.py:120} INFO - [2024-01-14T15:00:29.824+0000] {dag.py:2585} INFO - Sync 1 DAGs
[2024-01-14T15:00:29.841+0000] {logging_mixin.py:120} INFO - [2024-01-14T15:00:29.840+0000] {dag.py:3340} INFO - Setting next_dagrun for example_branch_operator to 2024-01-13T00:00:00+00:00, run_after=2024-01-14T00:00:00+00:00
[2024-01-14T15:00:29.851+0000] {processor.py:176} INFO - Processing /home/airflow/.local/lib/python3.7/site-packages/airflow/example_dags/example_branch_operator.py took 0.071 seconds
[2024-01-14T15:00:59.956+0000] {processor.py:154} INFO - Started process (PID=183) to work on /home/airflow/.local/lib/python3.7/site-packages/airflow/example_dags/example_branch_operator.py
[2024-01-14T15:00:59.957+0000] {processor.py:756} INFO - Processing file /home/airflow/.local/lib/python3.7/site-packages/airflow/example_dags/example_branch_operator.py for tasks to queue
[2024-01-14T15:00:59.957+0000] {logging_mixin.py:120} INFO - [2024-01-14T15:00:59.957+0000] {dagbag.py:537} INFO - Filling up the DagBag from /home/airflow/.local/lib/python3.7/site-packages/airflow/example_dags/example_branch_operator.py
[2024-01-14T15:00:59.968+0000] {processor.py:766} INFO - DAG(s) dict_keys(['example_branch_operator']) retrieved from /home/airflow/.local/lib/python3.7/site-packages/airflow/example_dags/example_branch_operator.py
[2024-01-14T15:00:59.995+0000] {logging_mixin.py:120} INFO - [2024-01-14T15:00:59.995+0000] {dag.py:2585} INFO - Sync 1 DAGs
[2024-01-14T15:01:00.011+0000] {logging_mixin.py:120} INFO - [2024-01-14T15:01:00.011+0000] {dag.py:3340} INFO - Setting next_dagrun for example_branch_operator to 2024-01-13T00:00:00+00:00, run_after=2024-01-14T00:00:00+00:00
[2024-01-14T15:01:00.022+0000] {processor.py:176} INFO - Processing /home/airflow/.local/lib/python3.7/site-packages/airflow/example_dags/example_branch_operator.py took 0.070 seconds
[2024-01-14T15:01:30.950+0000] {processor.py:154} INFO - Started process (PID=246) to work on /home/airflow/.local/lib/python3.7/site-packages/airflow/example_dags/example_branch_operator.py
[2024-01-14T15:01:30.951+0000] {processor.py:756} INFO - Processing file /home/airflow/.local/lib/python3.7/site-packages/airflow/example_dags/example_branch_operator.py for tasks to queue
[2024-01-14T15:01:30.952+0000] {logging_mixin.py:120} INFO - [2024-01-14T15:01:30.951+0000] {dagbag.py:537} INFO - Filling up the DagBag from /home/airflow/.local/lib/python3.7/site-packages/airflow/example_dags/example_branch_operator.py
[2024-01-14T15:01:30.963+0000] {processor.py:766} INFO - DAG(s) dict_keys(['example_branch_operator']) retrieved from /home/airflow/.local/lib/python3.7/site-packages/airflow/example_dags/example_branch_operator.py
[2024-01-14T15:01:30.991+0000] {logging_mixin.py:120} INFO - [2024-01-14T15:01:30.991+0000] {dag.py:2585} INFO - Sync 1 DAGs
[2024-01-14T15:01:31.008+0000] {logging_mixin.py:120} INFO - [2024-01-14T15:01:31.008+0000] {dag.py:3340} INFO - Setting next_dagrun for example_branch_operator to 2024-01-13T00:00:00+00:00, run_after=2024-01-14T00:00:00+00:00
[2024-01-14T15:01:31.019+0000] {processor.py:176} INFO - Processing /home/airflow/.local/lib/python3.7/site-packages/airflow/example_dags/example_branch_operator.py took 0.071 seconds
[2024-01-14T15:02:01.113+0000] {processor.py:154} INFO - Started process (PID=309) to work on /home/airflow/.local/lib/python3.7/site-packages/airflow/example_dags/example_branch_operator.py
[2024-01-14T15:02:01.114+0000] {processor.py:756} INFO - Processing file /home/airflow/.local/lib/python3.7/site-packages/airflow/example_dags/example_branch_operator.py for tasks to queue
[2024-01-14T15:02:01.115+0000] {logging_mixin.py:120} INFO - [2024-01-14T15:02:01.115+0000] {dagbag.py:537} INFO - Filling up the DagBag from /home/airflow/.local/lib/python3.7/site-packages/airflow/example_dags/example_branch_operator.py
[2024-01-14T15:02:01.126+0000] {processor.py:766} INFO - DAG(s) dict_keys(['example_branch_operator']) retrieved from /home/airflow/.local/lib/python3.7/site-packages/airflow/example_dags/example_branch_operator.py
[2024-01-14T15:02:01.153+0000] {logging_mixin.py:120} INFO - [2024-01-14T15:02:01.153+0000] {dag.py:2585} INFO - Sync 1 DAGs
[2024-01-14T15:02:01.168+0000] {logging_mixin.py:120} INFO - [2024-01-14T15:02:01.168+0000] {dag.py:3340} INFO - Setting next_dagrun for example_branch_operator to 2024-01-13T00:00:00+00:00, run_after=2024-01-14T00:00:00+00:00
[2024-01-14T15:02:01.180+0000] {processor.py:176} INFO - Processing /home/airflow/.local/lib/python3.7/site-packages/airflow/example_dags/example_branch_operator.py took 0.069 seconds
[2024-01-14T15:02:31.303+0000] {processor.py:154} INFO - Started process (PID=363) to work on /home/airflow/.local/lib/python3.7/site-packages/airflow/example_dags/example_branch_operator.py
[2024-01-14T15:02:31.304+0000] {processor.py:756} INFO - Processing file /home/airflow/.local/lib/python3.7/site-packages/airflow/example_dags/example_branch_operator.py for tasks to queue
[2024-01-14T15:02:31.304+0000] {logging_mixin.py:120} INFO - [2024-01-14T15:02:31.304+0000] {dagbag.py:537} INFO - Filling up the DagBag from /home/airflow/.local/lib/python3.7/site-packages/airflow/example_dags/example_branch_operator.py
[2024-01-14T15:02:31.317+0000] {processor.py:766} INFO - DAG(s) dict_keys(['example_branch_operator']) retrieved from /home/airflow/.local/lib/python3.7/site-packages/airflow/example_dags/example_branch_operator.py
[2024-01-14T15:02:31.344+0000] {logging_mixin.py:120} INFO - [2024-01-14T15:02:31.344+0000] {dag.py:2585} INFO - Sync 1 DAGs
[2024-01-14T15:02:31.360+0000] {logging_mixin.py:120} INFO - [2024-01-14T15:02:31.360+0000] {dag.py:3340} INFO - Setting next_dagrun for example_branch_operator to 2024-01-13T00:00:00+00:00, run_after=2024-01-14T00:00:00+00:00
[2024-01-14T15:02:31.372+0000] {processor.py:176} INFO - Processing /home/airflow/.local/lib/python3.7/site-packages/airflow/example_dags/example_branch_operator.py took 0.071 seconds
[2024-01-14T15:03:01.481+0000] {processor.py:154} INFO - Started process (PID=426) to work on /home/airflow/.local/lib/python3.7/site-packages/airflow/example_dags/example_branch_operator.py
[2024-01-14T15:03:01.482+0000] {processor.py:756} INFO - Processing file /home/airflow/.local/lib/python3.7/site-packages/airflow/example_dags/example_branch_operator.py for tasks to queue
[2024-01-14T15:03:01.482+0000] {logging_mixin.py:120} INFO - [2024-01-14T15:03:01.482+0000] {dagbag.py:537} INFO - Filling up the DagBag from /home/airflow/.local/lib/python3.7/site-packages/airflow/example_dags/example_branch_operator.py
[2024-01-14T15:03:01.494+0000] {processor.py:766} INFO - DAG(s) dict_keys(['example_branch_operator']) retrieved from /home/airflow/.local/lib/python3.7/site-packages/airflow/example_dags/example_branch_operator.py
[2024-01-14T15:03:01.521+0000] {logging_mixin.py:120} INFO - [2024-01-14T15:03:01.521+0000] {dag.py:2585} INFO - Sync 1 DAGs
[2024-01-14T15:03:01.537+0000] {logging_mixin.py:120} INFO - [2024-01-14T15:03:01.537+0000] {dag.py:3340} INFO - Setting next_dagrun for example_branch_operator to 2024-01-13T00:00:00+00:00, run_after=2024-01-14T00:00:00+00:00
[2024-01-14T15:03:01.548+0000] {processor.py:176} INFO - Processing /home/airflow/.local/lib/python3.7/site-packages/airflow/example_dags/example_branch_operator.py took 0.069 seconds
[2024-01-14T15:03:31.610+0000] {processor.py:154} INFO - Started process (PID=489) to work on /home/airflow/.local/lib/python3.7/site-packages/airflow/example_dags/example_branch_operator.py
[2024-01-14T15:03:31.611+0000] {processor.py:756} INFO - Processing file /home/airflow/.local/lib/python3.7/site-packages/airflow/example_dags/example_branch_operator.py for tasks to queue
[2024-01-14T15:03:31.611+0000] {logging_mixin.py:120} INFO - [2024-01-14T15:03:31.611+0000] {dagbag.py:537} INFO - Filling up the DagBag from /home/airflow/.local/lib/python3.7/site-packages/airflow/example_dags/example_branch_operator.py
[2024-01-14T15:03:31.624+0000] {processor.py:766} INFO - DAG(s) dict_keys(['example_branch_operator']) retrieved from /home/airflow/.local/lib/python3.7/site-packages/airflow/example_dags/example_branch_operator.py
[2024-01-14T15:03:31.653+0000] {logging_mixin.py:120} INFO - [2024-01-14T15:03:31.653+0000] {dag.py:2585} INFO - Sync 1 DAGs
[2024-01-14T15:03:31.672+0000] {logging_mixin.py:120} INFO - [2024-01-14T15:03:31.672+0000] {dag.py:3340} INFO - Setting next_dagrun for example_branch_operator to 2024-01-13T00:00:00+00:00, run_after=2024-01-14T00:00:00+00:00
[2024-01-14T15:03:31.684+0000] {processor.py:176} INFO - Processing /home/airflow/.local/lib/python3.7/site-packages/airflow/example_dags/example_branch_operator.py took 0.076 seconds
[2024-01-14T15:04:02.604+0000] {processor.py:154} INFO - Started process (PID=552) to work on /home/airflow/.local/lib/python3.7/site-packages/airflow/example_dags/example_branch_operator.py
[2024-01-14T15:04:02.605+0000] {processor.py:756} INFO - Processing file /home/airflow/.local/lib/python3.7/site-packages/airflow/example_dags/example_branch_operator.py for tasks to queue
[2024-01-14T15:04:02.605+0000] {logging_mixin.py:120} INFO - [2024-01-14T15:04:02.605+0000] {dagbag.py:537} INFO - Filling up the DagBag from /home/airflow/.local/lib/python3.7/site-packages/airflow/example_dags/example_branch_operator.py
[2024-01-14T15:04:02.617+0000] {processor.py:766} INFO - DAG(s) dict_keys(['example_branch_operator']) retrieved from /home/airflow/.local/lib/python3.7/site-packages/airflow/example_dags/example_branch_operator.py
[2024-01-14T15:04:02.645+0000] {logging_mixin.py:120} INFO - [2024-01-14T15:04:02.645+0000] {dag.py:2585} INFO - Sync 1 DAGs
[2024-01-14T15:04:02.661+0000] {logging_mixin.py:120} INFO - [2024-01-14T15:04:02.661+0000] {dag.py:3340} INFO - Setting next_dagrun for example_branch_operator to 2024-01-13T00:00:00+00:00, run_after=2024-01-14T00:00:00+00:00
[2024-01-14T15:04:02.671+0000] {processor.py:176} INFO - Processing /home/airflow/.local/lib/python3.7/site-packages/airflow/example_dags/example_branch_operator.py took 0.069 seconds
[2024-01-14T15:04:33.534+0000] {processor.py:154} INFO - Started process (PID=615) to work on /home/airflow/.local/lib/python3.7/site-packages/airflow/example_dags/example_branch_operator.py
[2024-01-14T15:04:33.535+0000] {processor.py:756} INFO - Processing file /home/airflow/.local/lib/python3.7/site-packages/airflow/example_dags/example_branch_operator.py for tasks to queue
[2024-01-14T15:04:33.535+0000] {logging_mixin.py:120} INFO - [2024-01-14T15:04:33.535+0000] {dagbag.py:537} INFO - Filling up the DagBag from /home/airflow/.local/lib/python3.7/site-packages/airflow/example_dags/example_branch_operator.py
[2024-01-14T15:04:33.548+0000] {processor.py:766} INFO - DAG(s) dict_keys(['example_branch_operator']) retrieved from /home/airflow/.local/lib/python3.7/site-packages/airflow/example_dags/example_branch_operator.py
[2024-01-14T15:04:33.578+0000] {logging_mixin.py:120} INFO - [2024-01-14T15:04:33.578+0000] {dag.py:2585} INFO - Sync 1 DAGs
[2024-01-14T15:04:33.595+0000] {logging_mixin.py:120} INFO - [2024-01-14T15:04:33.595+0000] {dag.py:3340} INFO - Setting next_dagrun for example_branch_operator to 2024-01-13T00:00:00+00:00, run_after=2024-01-14T00:00:00+00:00
[2024-01-14T15:04:33.607+0000] {processor.py:176} INFO - Processing /home/airflow/.local/lib/python3.7/site-packages/airflow/example_dags/example_branch_operator.py took 0.075 seconds
[2024-01-14T15:05:03.691+0000] {processor.py:154} INFO - Started process (PID=678) to work on /home/airflow/.local/lib/python3.7/site-packages/airflow/example_dags/example_branch_operator.py
[2024-01-14T15:05:03.691+0000] {processor.py:756} INFO - Processing file /home/airflow/.local/lib/python3.7/site-packages/airflow/example_dags/example_branch_operator.py for tasks to queue
[2024-01-14T15:05:03.692+0000] {logging_mixin.py:120} INFO - [2024-01-14T15:05:03.692+0000] {dagbag.py:537} INFO - Filling up the DagBag from /home/airflow/.local/lib/python3.7/site-packages/airflow/example_dags/example_branch_operator.py
[2024-01-14T15:05:03.703+0000] {processor.py:766} INFO - DAG(s) dict_keys(['example_branch_operator']) retrieved from /home/airflow/.local/lib/python3.7/site-packages/airflow/example_dags/example_branch_operator.py
[2024-01-14T15:05:03.729+0000] {logging_mixin.py:120} INFO - [2024-01-14T15:05:03.729+0000] {dag.py:2585} INFO - Sync 1 DAGs
[2024-01-14T15:05:03.744+0000] {logging_mixin.py:120} INFO - [2024-01-14T15:05:03.744+0000] {dag.py:3340} INFO - Setting next_dagrun for example_branch_operator to 2024-01-13T00:00:00+00:00, run_after=2024-01-14T00:00:00+00:00
[2024-01-14T15:05:03.755+0000] {processor.py:176} INFO - Processing /home/airflow/.local/lib/python3.7/site-packages/airflow/example_dags/example_branch_operator.py took 0.067 seconds
[2024-01-14T15:05:34.822+0000] {processor.py:154} INFO - Started process (PID=732) to work on /home/airflow/.local/lib/python3.7/site-packages/airflow/example_dags/example_branch_operator.py
[2024-01-14T15:05:34.823+0000] {processor.py:756} INFO - Processing file /home/airflow/.local/lib/python3.7/site-packages/airflow/example_dags/example_branch_operator.py for tasks to queue
[2024-01-14T15:05:34.824+0000] {logging_mixin.py:120} INFO - [2024-01-14T15:05:34.823+0000] {dagbag.py:537} INFO - Filling up the DagBag from /home/airflow/.local/lib/python3.7/site-packages/airflow/example_dags/example_branch_operator.py
[2024-01-14T15:05:34.835+0000] {processor.py:766} INFO - DAG(s) dict_keys(['example_branch_operator']) retrieved from /home/airflow/.local/lib/python3.7/site-packages/airflow/example_dags/example_branch_operator.py
[2024-01-14T15:05:34.861+0000] {logging_mixin.py:120} INFO - [2024-01-14T15:05:34.861+0000] {dag.py:2585} INFO - Sync 1 DAGs
[2024-01-14T15:05:34.876+0000] {logging_mixin.py:120} INFO - [2024-01-14T15:05:34.876+0000] {dag.py:3340} INFO - Setting next_dagrun for example_branch_operator to 2024-01-13T00:00:00+00:00, run_after=2024-01-14T00:00:00+00:00
[2024-01-14T15:05:34.887+0000] {processor.py:176} INFO - Processing /home/airflow/.local/lib/python3.7/site-packages/airflow/example_dags/example_branch_operator.py took 0.067 seconds
[2024-01-14T15:06:05.704+0000] {processor.py:154} INFO - Started process (PID=795) to work on /home/airflow/.local/lib/python3.7/site-packages/airflow/example_dags/example_branch_operator.py
[2024-01-14T15:06:05.704+0000] {processor.py:756} INFO - Processing file /home/airflow/.local/lib/python3.7/site-packages/airflow/example_dags/example_branch_operator.py for tasks to queue
[2024-01-14T15:06:05.705+0000] {logging_mixin.py:120} INFO - [2024-01-14T15:06:05.705+0000] {dagbag.py:537} INFO - Filling up the DagBag from /home/airflow/.local/lib/python3.7/site-packages/airflow/example_dags/example_branch_operator.py
[2024-01-14T15:06:05.716+0000] {processor.py:766} INFO - DAG(s) dict_keys(['example_branch_operator']) retrieved from /home/airflow/.local/lib/python3.7/site-packages/airflow/example_dags/example_branch_operator.py
[2024-01-14T15:06:05.742+0000] {logging_mixin.py:120} INFO - [2024-01-14T15:06:05.742+0000] {dag.py:2585} INFO - Sync 1 DAGs
[2024-01-14T15:06:05.757+0000] {logging_mixin.py:120} INFO - [2024-01-14T15:06:05.757+0000] {dag.py:3340} INFO - Setting next_dagrun for example_branch_operator to 2024-01-13T00:00:00+00:00, run_after=2024-01-14T00:00:00+00:00
[2024-01-14T15:06:05.768+0000] {processor.py:176} INFO - Processing /home/airflow/.local/lib/python3.7/site-packages/airflow/example_dags/example_branch_operator.py took 0.067 seconds
[2024-01-14T15:06:36.764+0000] {processor.py:154} INFO - Started process (PID=858) to work on /home/airflow/.local/lib/python3.7/site-packages/airflow/example_dags/example_branch_operator.py
[2024-01-14T15:06:36.764+0000] {processor.py:756} INFO - Processing file /home/airflow/.local/lib/python3.7/site-packages/airflow/example_dags/example_branch_operator.py for tasks to queue
[2024-01-14T15:06:36.765+0000] {logging_mixin.py:120} INFO - [2024-01-14T15:06:36.765+0000] {dagbag.py:537} INFO - Filling up the DagBag from /home/airflow/.local/lib/python3.7/site-packages/airflow/example_dags/example_branch_operator.py
[2024-01-14T15:06:36.777+0000] {processor.py:766} INFO - DAG(s) dict_keys(['example_branch_operator']) retrieved from /home/airflow/.local/lib/python3.7/site-packages/airflow/example_dags/example_branch_operator.py
[2024-01-14T15:06:36.805+0000] {logging_mixin.py:120} INFO - [2024-01-14T15:06:36.805+0000] {dag.py:2585} INFO - Sync 1 DAGs
[2024-01-14T15:06:36.822+0000] {logging_mixin.py:120} INFO - [2024-01-14T15:06:36.822+0000] {dag.py:3340} INFO - Setting next_dagrun for example_branch_operator to 2024-01-13T00:00:00+00:00, run_after=2024-01-14T00:00:00+00:00
[2024-01-14T15:06:36.834+0000] {processor.py:176} INFO - Processing /home/airflow/.local/lib/python3.7/site-packages/airflow/example_dags/example_branch_operator.py took 0.073 seconds
[2024-01-14T15:07:06.873+0000] {processor.py:154} INFO - Started process (PID=921) to work on /home/airflow/.local/lib/python3.7/site-packages/airflow/example_dags/example_branch_operator.py
[2024-01-14T15:07:06.873+0000] {processor.py:756} INFO - Processing file /home/airflow/.local/lib/python3.7/site-packages/airflow/example_dags/example_branch_operator.py for tasks to queue
[2024-01-14T15:07:06.874+0000] {logging_mixin.py:120} INFO - [2024-01-14T15:07:06.874+0000] {dagbag.py:537} INFO - Filling up the DagBag from /home/airflow/.local/lib/python3.7/site-packages/airflow/example_dags/example_branch_operator.py
[2024-01-14T15:07:06.885+0000] {processor.py:766} INFO - DAG(s) dict_keys(['example_branch_operator']) retrieved from /home/airflow/.local/lib/python3.7/site-packages/airflow/example_dags/example_branch_operator.py
[2024-01-14T15:07:06.911+0000] {logging_mixin.py:120} INFO - [2024-01-14T15:07:06.911+0000] {dag.py:2585} INFO - Sync 1 DAGs
[2024-01-14T15:07:06.927+0000] {logging_mixin.py:120} INFO - [2024-01-14T15:07:06.927+0000] {dag.py:3340} INFO - Setting next_dagrun for example_branch_operator to 2024-01-13T00:00:00+00:00, run_after=2024-01-14T00:00:00+00:00
[2024-01-14T15:07:06.937+0000] {processor.py:176} INFO - Processing /home/airflow/.local/lib/python3.7/site-packages/airflow/example_dags/example_branch_operator.py took 0.066 seconds
[2024-01-14T15:07:37.787+0000] {processor.py:154} INFO - Started process (PID=983) to work on /home/airflow/.local/lib/python3.7/site-packages/airflow/example_dags/example_branch_operator.py
[2024-01-14T15:07:37.788+0000] {processor.py:756} INFO - Processing file /home/airflow/.local/lib/python3.7/site-packages/airflow/example_dags/example_branch_operator.py for tasks to queue
[2024-01-14T15:07:37.789+0000] {logging_mixin.py:120} INFO - [2024-01-14T15:07:37.789+0000] {dagbag.py:537} INFO - Filling up the DagBag from /home/airflow/.local/lib/python3.7/site-packages/airflow/example_dags/example_branch_operator.py
[2024-01-14T15:07:37.801+0000] {processor.py:766} INFO - DAG(s) dict_keys(['example_branch_operator']) retrieved from /home/airflow/.local/lib/python3.7/site-packages/airflow/example_dags/example_branch_operator.py
[2024-01-14T15:07:37.831+0000] {logging_mixin.py:120} INFO - [2024-01-14T15:07:37.831+0000] {dag.py:2585} INFO - Sync 1 DAGs
[2024-01-14T15:07:37.849+0000] {logging_mixin.py:120} INFO - [2024-01-14T15:07:37.849+0000] {dag.py:3340} INFO - Setting next_dagrun for example_branch_operator to 2024-01-13T00:00:00+00:00, run_after=2024-01-14T00:00:00+00:00
[2024-01-14T15:07:37.860+0000] {processor.py:176} INFO - Processing /home/airflow/.local/lib/python3.7/site-packages/airflow/example_dags/example_branch_operator.py took 0.076 seconds
[2024-01-14T15:08:08.015+0000] {processor.py:154} INFO - Started process (PID=1046) to work on /home/airflow/.local/lib/python3.7/site-packages/airflow/example_dags/example_branch_operator.py
[2024-01-14T15:08:08.016+0000] {processor.py:756} INFO - Processing file /home/airflow/.local/lib/python3.7/site-packages/airflow/example_dags/example_branch_operator.py for tasks to queue
[2024-01-14T15:08:08.016+0000] {logging_mixin.py:120} INFO - [2024-01-14T15:08:08.016+0000] {dagbag.py:537} INFO - Filling up the DagBag from /home/airflow/.local/lib/python3.7/site-packages/airflow/example_dags/example_branch_operator.py
[2024-01-14T15:08:08.027+0000] {processor.py:766} INFO - DAG(s) dict_keys(['example_branch_operator']) retrieved from /home/airflow/.local/lib/python3.7/site-packages/airflow/example_dags/example_branch_operator.py
[2024-01-14T15:08:08.056+0000] {logging_mixin.py:120} INFO - [2024-01-14T15:08:08.056+0000] {dag.py:2585} INFO - Sync 1 DAGs
[2024-01-14T15:08:08.072+0000] {logging_mixin.py:120} INFO - [2024-01-14T15:08:08.072+0000] {dag.py:3340} INFO - Setting next_dagrun for example_branch_operator to 2024-01-13T00:00:00+00:00, run_after=2024-01-14T00:00:00+00:00
[2024-01-14T15:08:08.083+0000] {processor.py:176} INFO - Processing /home/airflow/.local/lib/python3.7/site-packages/airflow/example_dags/example_branch_operator.py took 0.070 seconds
[2024-01-14T15:08:38.976+0000] {processor.py:154} INFO - Started process (PID=1100) to work on /home/airflow/.local/lib/python3.7/site-packages/airflow/example_dags/example_branch_operator.py
[2024-01-14T15:08:38.976+0000] {processor.py:756} INFO - Processing file /home/airflow/.local/lib/python3.7/site-packages/airflow/example_dags/example_branch_operator.py for tasks to queue
[2024-01-14T15:08:38.977+0000] {logging_mixin.py:120} INFO - [2024-01-14T15:08:38.977+0000] {dagbag.py:537} INFO - Filling up the DagBag from /home/airflow/.local/lib/python3.7/site-packages/airflow/example_dags/example_branch_operator.py
[2024-01-14T15:08:38.987+0000] {processor.py:766} INFO - DAG(s) dict_keys(['example_branch_operator']) retrieved from /home/airflow/.local/lib/python3.7/site-packages/airflow/example_dags/example_branch_operator.py
[2024-01-14T15:08:39.014+0000] {logging_mixin.py:120} INFO - [2024-01-14T15:08:39.014+0000] {dag.py:2585} INFO - Sync 1 DAGs
[2024-01-14T15:08:39.029+0000] {logging_mixin.py:120} INFO - [2024-01-14T15:08:39.029+0000] {dag.py:3340} INFO - Setting next_dagrun for example_branch_operator to 2024-01-13T00:00:00+00:00, run_after=2024-01-14T00:00:00+00:00
[2024-01-14T15:08:39.041+0000] {processor.py:176} INFO - Processing /home/airflow/.local/lib/python3.7/site-packages/airflow/example_dags/example_branch_operator.py took 0.068 seconds
[2024-01-14T15:09:09.943+0000] {processor.py:154} INFO - Started process (PID=1163) to work on /home/airflow/.local/lib/python3.7/site-packages/airflow/example_dags/example_branch_operator.py
[2024-01-14T15:09:09.944+0000] {processor.py:756} INFO - Processing file /home/airflow/.local/lib/python3.7/site-packages/airflow/example_dags/example_branch_operator.py for tasks to queue
[2024-01-14T15:09:09.944+0000] {logging_mixin.py:120} INFO - [2024-01-14T15:09:09.944+0000] {dagbag.py:537} INFO - Filling up the DagBag from /home/airflow/.local/lib/python3.7/site-packages/airflow/example_dags/example_branch_operator.py
[2024-01-14T15:09:09.956+0000] {processor.py:766} INFO - DAG(s) dict_keys(['example_branch_operator']) retrieved from /home/airflow/.local/lib/python3.7/site-packages/airflow/example_dags/example_branch_operator.py
[2024-01-14T15:09:09.981+0000] {logging_mixin.py:120} INFO - [2024-01-14T15:09:09.981+0000] {dag.py:2585} INFO - Sync 1 DAGs
[2024-01-14T15:09:09.998+0000] {logging_mixin.py:120} INFO - [2024-01-14T15:09:09.998+0000] {dag.py:3340} INFO - Setting next_dagrun for example_branch_operator to 2024-01-13T00:00:00+00:00, run_after=2024-01-14T00:00:00+00:00
[2024-01-14T15:09:10.009+0000] {processor.py:176} INFO - Processing /home/airflow/.local/lib/python3.7/site-packages/airflow/example_dags/example_branch_operator.py took 0.068 seconds
[2024-01-14T15:09:40.929+0000] {processor.py:154} INFO - Started process (PID=1226) to work on /home/airflow/.local/lib/python3.7/site-packages/airflow/example_dags/example_branch_operator.py
[2024-01-14T15:09:40.930+0000] {processor.py:756} INFO - Processing file /home/airflow/.local/lib/python3.7/site-packages/airflow/example_dags/example_branch_operator.py for tasks to queue
[2024-01-14T15:09:40.930+0000] {logging_mixin.py:120} INFO - [2024-01-14T15:09:40.930+0000] {dagbag.py:537} INFO - Filling up the DagBag from /home/airflow/.local/lib/python3.7/site-packages/airflow/example_dags/example_branch_operator.py
[2024-01-14T15:09:40.941+0000] {processor.py:766} INFO - DAG(s) dict_keys(['example_branch_operator']) retrieved from /home/airflow/.local/lib/python3.7/site-packages/airflow/example_dags/example_branch_operator.py
[2024-01-14T15:09:40.969+0000] {logging_mixin.py:120} INFO - [2024-01-14T15:09:40.969+0000] {dag.py:2585} INFO - Sync 1 DAGs
[2024-01-14T15:09:40.985+0000] {logging_mixin.py:120} INFO - [2024-01-14T15:09:40.985+0000] {dag.py:3340} INFO - Setting next_dagrun for example_branch_operator to 2024-01-13T00:00:00+00:00, run_after=2024-01-14T00:00:00+00:00
[2024-01-14T15:09:40.997+0000] {processor.py:176} INFO - Processing /home/airflow/.local/lib/python3.7/site-packages/airflow/example_dags/example_branch_operator.py took 0.070 seconds
[2024-01-14T15:10:11.881+0000] {processor.py:154} INFO - Started process (PID=1289) to work on /home/airflow/.local/lib/python3.7/site-packages/airflow/example_dags/example_branch_operator.py
[2024-01-14T15:10:11.882+0000] {processor.py:756} INFO - Processing file /home/airflow/.local/lib/python3.7/site-packages/airflow/example_dags/example_branch_operator.py for tasks to queue
[2024-01-14T15:10:11.882+0000] {logging_mixin.py:120} INFO - [2024-01-14T15:10:11.882+0000] {dagbag.py:537} INFO - Filling up the DagBag from /home/airflow/.local/lib/python3.7/site-packages/airflow/example_dags/example_branch_operator.py
[2024-01-14T15:10:11.894+0000] {processor.py:766} INFO - DAG(s) dict_keys(['example_branch_operator']) retrieved from /home/airflow/.local/lib/python3.7/site-packages/airflow/example_dags/example_branch_operator.py
[2024-01-14T15:10:11.922+0000] {logging_mixin.py:120} INFO - [2024-01-14T15:10:11.922+0000] {dag.py:2585} INFO - Sync 1 DAGs
[2024-01-14T15:10:11.937+0000] {logging_mixin.py:120} INFO - [2024-01-14T15:10:11.937+0000] {dag.py:3340} INFO - Setting next_dagrun for example_branch_operator to 2024-01-13T00:00:00+00:00, run_after=2024-01-14T00:00:00+00:00
[2024-01-14T15:10:11.947+0000] {processor.py:176} INFO - Processing /home/airflow/.local/lib/python3.7/site-packages/airflow/example_dags/example_branch_operator.py took 0.068 seconds
[2024-01-14T15:10:42.742+0000] {processor.py:154} INFO - Started process (PID=1352) to work on /home/airflow/.local/lib/python3.7/site-packages/airflow/example_dags/example_branch_operator.py
[2024-01-14T15:10:42.742+0000] {processor.py:756} INFO - Processing file /home/airflow/.local/lib/python3.7/site-packages/airflow/example_dags/example_branch_operator.py for tasks to queue
[2024-01-14T15:10:42.743+0000] {logging_mixin.py:120} INFO - [2024-01-14T15:10:42.743+0000] {dagbag.py:537} INFO - Filling up the DagBag from /home/airflow/.local/lib/python3.7/site-packages/airflow/example_dags/example_branch_operator.py
[2024-01-14T15:10:42.754+0000] {processor.py:766} INFO - DAG(s) dict_keys(['example_branch_operator']) retrieved from /home/airflow/.local/lib/python3.7/site-packages/airflow/example_dags/example_branch_operator.py
[2024-01-14T15:10:42.781+0000] {logging_mixin.py:120} INFO - [2024-01-14T15:10:42.781+0000] {dag.py:2585} INFO - Sync 1 DAGs
[2024-01-14T15:10:42.797+0000] {logging_mixin.py:120} INFO - [2024-01-14T15:10:42.797+0000] {dag.py:3340} INFO - Setting next_dagrun for example_branch_operator to 2024-01-13T00:00:00+00:00, run_after=2024-01-14T00:00:00+00:00
[2024-01-14T15:10:42.809+0000] {processor.py:176} INFO - Processing /home/airflow/.local/lib/python3.7/site-packages/airflow/example_dags/example_branch_operator.py took 0.070 seconds
[2024-01-14T15:11:44.787+0000] {processor.py:154} INFO - Started process (PID=1478) to work on /home/airflow/.local/lib/python3.7/site-packages/airflow/example_dags/example_branch_operator.py
[2024-01-14T15:11:44.787+0000] {processor.py:756} INFO - Processing file /home/airflow/.local/lib/python3.7/site-packages/airflow/example_dags/example_branch_operator.py for tasks to queue
[2024-01-14T15:11:44.788+0000] {logging_mixin.py:120} INFO - [2024-01-14T15:11:44.788+0000] {dagbag.py:537} INFO - Filling up the DagBag from /home/airflow/.local/lib/python3.7/site-packages/airflow/example_dags/example_branch_operator.py
[2024-01-14T15:11:44.799+0000] {processor.py:766} INFO - DAG(s) dict_keys(['example_branch_operator']) retrieved from /home/airflow/.local/lib/python3.7/site-packages/airflow/example_dags/example_branch_operator.py
[2024-01-14T15:11:44.827+0000] {logging_mixin.py:120} INFO - [2024-01-14T15:11:44.827+0000] {dag.py:2585} INFO - Sync 1 DAGs
[2024-01-14T15:11:44.843+0000] {logging_mixin.py:120} INFO - [2024-01-14T15:11:44.843+0000] {dag.py:3340} INFO - Setting next_dagrun for example_branch_operator to 2024-01-13T00:00:00+00:00, run_after=2024-01-14T00:00:00+00:00
[2024-01-14T15:11:44.853+0000] {processor.py:176} INFO - Processing /home/airflow/.local/lib/python3.7/site-packages/airflow/example_dags/example_branch_operator.py took 0.069 seconds
[2024-01-14T15:12:15.839+0000] {processor.py:154} INFO - Started process (PID=1532) to work on /home/airflow/.local/lib/python3.7/site-packages/airflow/example_dags/example_branch_operator.py
[2024-01-14T15:12:15.840+0000] {processor.py:756} INFO - Processing file /home/airflow/.local/lib/python3.7/site-packages/airflow/example_dags/example_branch_operator.py for tasks to queue
[2024-01-14T15:12:15.840+0000] {logging_mixin.py:120} INFO - [2024-01-14T15:12:15.840+0000] {dagbag.py:537} INFO - Filling up the DagBag from /home/airflow/.local/lib/python3.7/site-packages/airflow/example_dags/example_branch_operator.py
[2024-01-14T15:12:15.851+0000] {processor.py:766} INFO - DAG(s) dict_keys(['example_branch_operator']) retrieved from /home/airflow/.local/lib/python3.7/site-packages/airflow/example_dags/example_branch_operator.py
[2024-01-14T15:12:15.878+0000] {logging_mixin.py:120} INFO - [2024-01-14T15:12:15.878+0000] {dag.py:2585} INFO - Sync 1 DAGs
[2024-01-14T15:12:15.893+0000] {logging_mixin.py:120} INFO - [2024-01-14T15:12:15.893+0000] {dag.py:3340} INFO - Setting next_dagrun for example_branch_operator to 2024-01-13T00:00:00+00:00, run_after=2024-01-14T00:00:00+00:00
[2024-01-14T15:12:15.904+0000] {processor.py:176} INFO - Processing /home/airflow/.local/lib/python3.7/site-packages/airflow/example_dags/example_branch_operator.py took 0.068 seconds
[2024-01-14T15:12:46.699+0000] {processor.py:154} INFO - Started process (PID=1595) to work on /home/airflow/.local/lib/python3.7/site-packages/airflow/example_dags/example_branch_operator.py
[2024-01-14T15:12:46.699+0000] {processor.py:756} INFO - Processing file /home/airflow/.local/lib/python3.7/site-packages/airflow/example_dags/example_branch_operator.py for tasks to queue
[2024-01-14T15:12:46.700+0000] {logging_mixin.py:120} INFO - [2024-01-14T15:12:46.700+0000] {dagbag.py:537} INFO - Filling up the DagBag from /home/airflow/.local/lib/python3.7/site-packages/airflow/example_dags/example_branch_operator.py
[2024-01-14T15:12:46.711+0000] {processor.py:766} INFO - DAG(s) dict_keys(['example_branch_operator']) retrieved from /home/airflow/.local/lib/python3.7/site-packages/airflow/example_dags/example_branch_operator.py
[2024-01-14T15:12:46.738+0000] {logging_mixin.py:120} INFO - [2024-01-14T15:12:46.738+0000] {dag.py:2585} INFO - Sync 1 DAGs
[2024-01-14T15:12:46.753+0000] {logging_mixin.py:120} INFO - [2024-01-14T15:12:46.753+0000] {dag.py:3340} INFO - Setting next_dagrun for example_branch_operator to 2024-01-13T00:00:00+00:00, run_after=2024-01-14T00:00:00+00:00
[2024-01-14T15:12:46.765+0000] {processor.py:176} INFO - Processing /home/airflow/.local/lib/python3.7/site-packages/airflow/example_dags/example_branch_operator.py took 0.068 seconds
[2024-01-14T15:13:17.739+0000] {processor.py:154} INFO - Started process (PID=1658) to work on /home/airflow/.local/lib/python3.7/site-packages/airflow/example_dags/example_branch_operator.py
[2024-01-14T15:13:17.740+0000] {processor.py:756} INFO - Processing file /home/airflow/.local/lib/python3.7/site-packages/airflow/example_dags/example_branch_operator.py for tasks to queue
[2024-01-14T15:13:17.741+0000] {logging_mixin.py:120} INFO - [2024-01-14T15:13:17.741+0000] {dagbag.py:537} INFO - Filling up the DagBag from /home/airflow/.local/lib/python3.7/site-packages/airflow/example_dags/example_branch_operator.py
[2024-01-14T15:13:17.752+0000] {processor.py:766} INFO - DAG(s) dict_keys(['example_branch_operator']) retrieved from /home/airflow/.local/lib/python3.7/site-packages/airflow/example_dags/example_branch_operator.py
[2024-01-14T15:13:17.780+0000] {logging_mixin.py:120} INFO - [2024-01-14T15:13:17.780+0000] {dag.py:2585} INFO - Sync 1 DAGs
[2024-01-14T15:13:17.797+0000] {logging_mixin.py:120} INFO - [2024-01-14T15:13:17.796+0000] {dag.py:3340} INFO - Setting next_dagrun for example_branch_operator to 2024-01-13T00:00:00+00:00, run_after=2024-01-14T00:00:00+00:00
[2024-01-14T15:13:17.808+0000] {processor.py:176} INFO - Processing /home/airflow/.local/lib/python3.7/site-packages/airflow/example_dags/example_branch_operator.py took 0.071 seconds
[2024-01-14T15:13:48.630+0000] {processor.py:154} INFO - Started process (PID=1721) to work on /home/airflow/.local/lib/python3.7/site-packages/airflow/example_dags/example_branch_operator.py
[2024-01-14T15:13:48.631+0000] {processor.py:756} INFO - Processing file /home/airflow/.local/lib/python3.7/site-packages/airflow/example_dags/example_branch_operator.py for tasks to queue
[2024-01-14T15:13:48.631+0000] {logging_mixin.py:120} INFO - [2024-01-14T15:13:48.631+0000] {dagbag.py:537} INFO - Filling up the DagBag from /home/airflow/.local/lib/python3.7/site-packages/airflow/example_dags/example_branch_operator.py
[2024-01-14T15:13:48.642+0000] {processor.py:766} INFO - DAG(s) dict_keys(['example_branch_operator']) retrieved from /home/airflow/.local/lib/python3.7/site-packages/airflow/example_dags/example_branch_operator.py
[2024-01-14T15:13:48.670+0000] {logging_mixin.py:120} INFO - [2024-01-14T15:13:48.670+0000] {dag.py:2585} INFO - Sync 1 DAGs
[2024-01-14T15:13:48.686+0000] {logging_mixin.py:120} INFO - [2024-01-14T15:13:48.686+0000] {dag.py:3340} INFO - Setting next_dagrun for example_branch_operator to 2024-01-13T00:00:00+00:00, run_after=2024-01-14T00:00:00+00:00
[2024-01-14T15:13:48.696+0000] {processor.py:176} INFO - Processing /home/airflow/.local/lib/python3.7/site-packages/airflow/example_dags/example_branch_operator.py took 0.069 seconds
[2024-01-14T15:14:19.608+0000] {processor.py:154} INFO - Started process (PID=1784) to work on /home/airflow/.local/lib/python3.7/site-packages/airflow/example_dags/example_branch_operator.py
[2024-01-14T15:14:19.609+0000] {processor.py:756} INFO - Processing file /home/airflow/.local/lib/python3.7/site-packages/airflow/example_dags/example_branch_operator.py for tasks to queue
[2024-01-14T15:14:19.609+0000] {logging_mixin.py:120} INFO - [2024-01-14T15:14:19.609+0000] {dagbag.py:537} INFO - Filling up the DagBag from /home/airflow/.local/lib/python3.7/site-packages/airflow/example_dags/example_branch_operator.py
[2024-01-14T15:14:19.621+0000] {processor.py:766} INFO - DAG(s) dict_keys(['example_branch_operator']) retrieved from /home/airflow/.local/lib/python3.7/site-packages/airflow/example_dags/example_branch_operator.py
[2024-01-14T15:14:19.649+0000] {logging_mixin.py:120} INFO - [2024-01-14T15:14:19.649+0000] {dag.py:2585} INFO - Sync 1 DAGs
[2024-01-14T15:14:19.665+0000] {logging_mixin.py:120} INFO - [2024-01-14T15:14:19.665+0000] {dag.py:3340} INFO - Setting next_dagrun for example_branch_operator to 2024-01-13T00:00:00+00:00, run_after=2024-01-14T00:00:00+00:00
[2024-01-14T15:14:19.676+0000] {processor.py:176} INFO - Processing /home/airflow/.local/lib/python3.7/site-packages/airflow/example_dags/example_branch_operator.py took 0.070 seconds
[2024-01-14T15:14:50.589+0000] {processor.py:154} INFO - Started process (PID=1847) to work on /home/airflow/.local/lib/python3.7/site-packages/airflow/example_dags/example_branch_operator.py
[2024-01-14T15:14:50.589+0000] {processor.py:756} INFO - Processing file /home/airflow/.local/lib/python3.7/site-packages/airflow/example_dags/example_branch_operator.py for tasks to queue
[2024-01-14T15:14:50.590+0000] {logging_mixin.py:120} INFO - [2024-01-14T15:14:50.590+0000] {dagbag.py:537} INFO - Filling up the DagBag from /home/airflow/.local/lib/python3.7/site-packages/airflow/example_dags/example_branch_operator.py
[2024-01-14T15:14:50.601+0000] {processor.py:766} INFO - DAG(s) dict_keys(['example_branch_operator']) retrieved from /home/airflow/.local/lib/python3.7/site-packages/airflow/example_dags/example_branch_operator.py
[2024-01-14T15:14:50.627+0000] {logging_mixin.py:120} INFO - [2024-01-14T15:14:50.627+0000] {dag.py:2585} INFO - Sync 1 DAGs
[2024-01-14T15:14:50.642+0000] {logging_mixin.py:120} INFO - [2024-01-14T15:14:50.642+0000] {dag.py:3340} INFO - Setting next_dagrun for example_branch_operator to 2024-01-13T00:00:00+00:00, run_after=2024-01-14T00:00:00+00:00
[2024-01-14T15:14:50.654+0000] {processor.py:176} INFO - Processing /home/airflow/.local/lib/python3.7/site-packages/airflow/example_dags/example_branch_operator.py took 0.068 seconds
[2024-01-14T15:15:21.524+0000] {processor.py:154} INFO - Started process (PID=1910) to work on /home/airflow/.local/lib/python3.7/site-packages/airflow/example_dags/example_branch_operator.py
[2024-01-14T15:15:21.525+0000] {processor.py:756} INFO - Processing file /home/airflow/.local/lib/python3.7/site-packages/airflow/example_dags/example_branch_operator.py for tasks to queue
[2024-01-14T15:15:21.525+0000] {logging_mixin.py:120} INFO - [2024-01-14T15:15:21.525+0000] {dagbag.py:537} INFO - Filling up the DagBag from /home/airflow/.local/lib/python3.7/site-packages/airflow/example_dags/example_branch_operator.py
[2024-01-14T15:15:21.537+0000] {processor.py:766} INFO - DAG(s) dict_keys(['example_branch_operator']) retrieved from /home/airflow/.local/lib/python3.7/site-packages/airflow/example_dags/example_branch_operator.py
[2024-01-14T15:15:21.566+0000] {logging_mixin.py:120} INFO - [2024-01-14T15:15:21.566+0000] {dag.py:2585} INFO - Sync 1 DAGs
[2024-01-14T15:15:21.583+0000] {logging_mixin.py:120} INFO - [2024-01-14T15:15:21.583+0000] {dag.py:3340} INFO - Setting next_dagrun for example_branch_operator to 2024-01-13T00:00:00+00:00, run_after=2024-01-14T00:00:00+00:00
[2024-01-14T15:15:21.594+0000] {processor.py:176} INFO - Processing /home/airflow/.local/lib/python3.7/site-packages/airflow/example_dags/example_branch_operator.py took 0.072 seconds
[2024-01-14T15:15:51.665+0000] {processor.py:154} INFO - Started process (PID=1964) to work on /home/airflow/.local/lib/python3.7/site-packages/airflow/example_dags/example_branch_operator.py
[2024-01-14T15:15:51.666+0000] {processor.py:756} INFO - Processing file /home/airflow/.local/lib/python3.7/site-packages/airflow/example_dags/example_branch_operator.py for tasks to queue
[2024-01-14T15:15:51.666+0000] {logging_mixin.py:120} INFO - [2024-01-14T15:15:51.666+0000] {dagbag.py:537} INFO - Filling up the DagBag from /home/airflow/.local/lib/python3.7/site-packages/airflow/example_dags/example_branch_operator.py
[2024-01-14T15:15:51.677+0000] {processor.py:766} INFO - DAG(s) dict_keys(['example_branch_operator']) retrieved from /home/airflow/.local/lib/python3.7/site-packages/airflow/example_dags/example_branch_operator.py
[2024-01-14T15:15:51.705+0000] {logging_mixin.py:120} INFO - [2024-01-14T15:15:51.705+0000] {dag.py:2585} INFO - Sync 1 DAGs
[2024-01-14T15:15:51.721+0000] {logging_mixin.py:120} INFO - [2024-01-14T15:15:51.721+0000] {dag.py:3340} INFO - Setting next_dagrun for example_branch_operator to 2024-01-13T00:00:00+00:00, run_after=2024-01-14T00:00:00+00:00
[2024-01-14T15:15:51.732+0000] {processor.py:176} INFO - Processing /home/airflow/.local/lib/python3.7/site-packages/airflow/example_dags/example_branch_operator.py took 0.070 seconds
[2024-01-14T15:16:22.727+0000] {processor.py:154} INFO - Started process (PID=2027) to work on /home/airflow/.local/lib/python3.7/site-packages/airflow/example_dags/example_branch_operator.py
[2024-01-14T15:16:22.728+0000] {processor.py:756} INFO - Processing file /home/airflow/.local/lib/python3.7/site-packages/airflow/example_dags/example_branch_operator.py for tasks to queue
[2024-01-14T15:16:22.728+0000] {logging_mixin.py:120} INFO - [2024-01-14T15:16:22.728+0000] {dagbag.py:537} INFO - Filling up the DagBag from /home/airflow/.local/lib/python3.7/site-packages/airflow/example_dags/example_branch_operator.py
[2024-01-14T15:16:22.740+0000] {processor.py:766} INFO - DAG(s) dict_keys(['example_branch_operator']) retrieved from /home/airflow/.local/lib/python3.7/site-packages/airflow/example_dags/example_branch_operator.py
[2024-01-14T15:16:22.766+0000] {logging_mixin.py:120} INFO - [2024-01-14T15:16:22.766+0000] {dag.py:2585} INFO - Sync 1 DAGs
[2024-01-14T15:16:22.783+0000] {logging_mixin.py:120} INFO - [2024-01-14T15:16:22.783+0000] {dag.py:3340} INFO - Setting next_dagrun for example_branch_operator to 2024-01-13T00:00:00+00:00, run_after=2024-01-14T00:00:00+00:00
[2024-01-14T15:16:22.794+0000] {processor.py:176} INFO - Processing /home/airflow/.local/lib/python3.7/site-packages/airflow/example_dags/example_branch_operator.py took 0.070 seconds
[2024-01-14T15:16:53.781+0000] {processor.py:154} INFO - Started process (PID=2090) to work on /home/airflow/.local/lib/python3.7/site-packages/airflow/example_dags/example_branch_operator.py
[2024-01-14T15:16:53.781+0000] {processor.py:756} INFO - Processing file /home/airflow/.local/lib/python3.7/site-packages/airflow/example_dags/example_branch_operator.py for tasks to queue
[2024-01-14T15:16:53.782+0000] {logging_mixin.py:120} INFO - [2024-01-14T15:16:53.782+0000] {dagbag.py:537} INFO - Filling up the DagBag from /home/airflow/.local/lib/python3.7/site-packages/airflow/example_dags/example_branch_operator.py
[2024-01-14T15:16:53.793+0000] {processor.py:766} INFO - DAG(s) dict_keys(['example_branch_operator']) retrieved from /home/airflow/.local/lib/python3.7/site-packages/airflow/example_dags/example_branch_operator.py
[2024-01-14T15:16:53.819+0000] {logging_mixin.py:120} INFO - [2024-01-14T15:16:53.819+0000] {dag.py:2585} INFO - Sync 1 DAGs
[2024-01-14T15:16:53.834+0000] {logging_mixin.py:120} INFO - [2024-01-14T15:16:53.834+0000] {dag.py:3340} INFO - Setting next_dagrun for example_branch_operator to 2024-01-13T00:00:00+00:00, run_after=2024-01-14T00:00:00+00:00
[2024-01-14T15:16:53.846+0000] {processor.py:176} INFO - Processing /home/airflow/.local/lib/python3.7/site-packages/airflow/example_dags/example_branch_operator.py took 0.068 seconds
[2024-01-14T15:17:24.962+0000] {processor.py:154} INFO - Started process (PID=2153) to work on /home/airflow/.local/lib/python3.7/site-packages/airflow/example_dags/example_branch_operator.py
[2024-01-14T15:17:24.963+0000] {processor.py:756} INFO - Processing file /home/airflow/.local/lib/python3.7/site-packages/airflow/example_dags/example_branch_operator.py for tasks to queue
[2024-01-14T15:17:24.964+0000] {logging_mixin.py:120} INFO - [2024-01-14T15:17:24.963+0000] {dagbag.py:537} INFO - Filling up the DagBag from /home/airflow/.local/lib/python3.7/site-packages/airflow/example_dags/example_branch_operator.py
[2024-01-14T15:17:24.975+0000] {processor.py:766} INFO - DAG(s) dict_keys(['example_branch_operator']) retrieved from /home/airflow/.local/lib/python3.7/site-packages/airflow/example_dags/example_branch_operator.py
[2024-01-14T15:17:25.005+0000] {logging_mixin.py:120} INFO - [2024-01-14T15:17:25.004+0000] {dag.py:2585} INFO - Sync 1 DAGs
[2024-01-14T15:17:25.021+0000] {logging_mixin.py:120} INFO - [2024-01-14T15:17:25.021+0000] {dag.py:3340} INFO - Setting next_dagrun for example_branch_operator to 2024-01-13T00:00:00+00:00, run_after=2024-01-14T00:00:00+00:00
[2024-01-14T15:17:25.031+0000] {processor.py:176} INFO - Processing /home/airflow/.local/lib/python3.7/site-packages/airflow/example_dags/example_branch_operator.py took 0.072 seconds
[2024-01-14T15:17:55.144+0000] {processor.py:154} INFO - Started process (PID=2216) to work on /home/airflow/.local/lib/python3.7/site-packages/airflow/example_dags/example_branch_operator.py
[2024-01-14T15:17:55.145+0000] {processor.py:756} INFO - Processing file /home/airflow/.local/lib/python3.7/site-packages/airflow/example_dags/example_branch_operator.py for tasks to queue
[2024-01-14T15:17:55.146+0000] {logging_mixin.py:120} INFO - [2024-01-14T15:17:55.146+0000] {dagbag.py:537} INFO - Filling up the DagBag from /home/airflow/.local/lib/python3.7/site-packages/airflow/example_dags/example_branch_operator.py
[2024-01-14T15:17:55.157+0000] {processor.py:766} INFO - DAG(s) dict_keys(['example_branch_operator']) retrieved from /home/airflow/.local/lib/python3.7/site-packages/airflow/example_dags/example_branch_operator.py
[2024-01-14T15:17:55.185+0000] {logging_mixin.py:120} INFO - [2024-01-14T15:17:55.184+0000] {dag.py:2585} INFO - Sync 1 DAGs
[2024-01-14T15:17:55.200+0000] {logging_mixin.py:120} INFO - [2024-01-14T15:17:55.200+0000] {dag.py:3340} INFO - Setting next_dagrun for example_branch_operator to 2024-01-13T00:00:00+00:00, run_after=2024-01-14T00:00:00+00:00
[2024-01-14T15:17:55.212+0000] {processor.py:176} INFO - Processing /home/airflow/.local/lib/python3.7/site-packages/airflow/example_dags/example_branch_operator.py took 0.070 seconds
[2024-01-14T15:18:26.207+0000] {processor.py:154} INFO - Started process (PID=2279) to work on /home/airflow/.local/lib/python3.7/site-packages/airflow/example_dags/example_branch_operator.py
[2024-01-14T15:18:26.210+0000] {processor.py:756} INFO - Processing file /home/airflow/.local/lib/python3.7/site-packages/airflow/example_dags/example_branch_operator.py for tasks to queue
[2024-01-14T15:18:26.211+0000] {logging_mixin.py:120} INFO - [2024-01-14T15:18:26.211+0000] {dagbag.py:537} INFO - Filling up the DagBag from /home/airflow/.local/lib/python3.7/site-packages/airflow/example_dags/example_branch_operator.py
[2024-01-14T15:18:26.222+0000] {processor.py:766} INFO - DAG(s) dict_keys(['example_branch_operator']) retrieved from /home/airflow/.local/lib/python3.7/site-packages/airflow/example_dags/example_branch_operator.py
[2024-01-14T15:18:26.248+0000] {logging_mixin.py:120} INFO - [2024-01-14T15:18:26.248+0000] {dag.py:2585} INFO - Sync 1 DAGs
[2024-01-14T15:18:26.264+0000] {logging_mixin.py:120} INFO - [2024-01-14T15:18:26.264+0000] {dag.py:3340} INFO - Setting next_dagrun for example_branch_operator to 2024-01-13T00:00:00+00:00, run_after=2024-01-14T00:00:00+00:00
[2024-01-14T15:18:26.274+0000] {processor.py:176} INFO - Processing /home/airflow/.local/lib/python3.7/site-packages/airflow/example_dags/example_branch_operator.py took 0.070 seconds
[2024-01-14T15:18:57.082+0000] {processor.py:154} INFO - Started process (PID=2342) to work on /home/airflow/.local/lib/python3.7/site-packages/airflow/example_dags/example_branch_operator.py
[2024-01-14T15:18:57.082+0000] {processor.py:756} INFO - Processing file /home/airflow/.local/lib/python3.7/site-packages/airflow/example_dags/example_branch_operator.py for tasks to queue
[2024-01-14T15:18:57.083+0000] {logging_mixin.py:120} INFO - [2024-01-14T15:18:57.083+0000] {dagbag.py:537} INFO - Filling up the DagBag from /home/airflow/.local/lib/python3.7/site-packages/airflow/example_dags/example_branch_operator.py
[2024-01-14T15:18:57.094+0000] {processor.py:766} INFO - DAG(s) dict_keys(['example_branch_operator']) retrieved from /home/airflow/.local/lib/python3.7/site-packages/airflow/example_dags/example_branch_operator.py
[2024-01-14T15:18:57.121+0000] {logging_mixin.py:120} INFO - [2024-01-14T15:18:57.121+0000] {dag.py:2585} INFO - Sync 1 DAGs
[2024-01-14T15:18:57.139+0000] {logging_mixin.py:120} INFO - [2024-01-14T15:18:57.139+0000] {dag.py:3340} INFO - Setting next_dagrun for example_branch_operator to 2024-01-13T00:00:00+00:00, run_after=2024-01-14T00:00:00+00:00
[2024-01-14T15:18:57.151+0000] {processor.py:176} INFO - Processing /home/airflow/.local/lib/python3.7/site-packages/airflow/example_dags/example_branch_operator.py took 0.072 seconds
[2024-01-14T15:19:28.157+0000] {processor.py:154} INFO - Started process (PID=2396) to work on /home/airflow/.local/lib/python3.7/site-packages/airflow/example_dags/example_branch_operator.py
[2024-01-14T15:19:28.158+0000] {processor.py:756} INFO - Processing file /home/airflow/.local/lib/python3.7/site-packages/airflow/example_dags/example_branch_operator.py for tasks to queue
[2024-01-14T15:19:28.158+0000] {logging_mixin.py:120} INFO - [2024-01-14T15:19:28.158+0000] {dagbag.py:537} INFO - Filling up the DagBag from /home/airflow/.local/lib/python3.7/site-packages/airflow/example_dags/example_branch_operator.py
[2024-01-14T15:19:28.171+0000] {processor.py:766} INFO - DAG(s) dict_keys(['example_branch_operator']) retrieved from /home/airflow/.local/lib/python3.7/site-packages/airflow/example_dags/example_branch_operator.py
[2024-01-14T15:19:28.199+0000] {logging_mixin.py:120} INFO - [2024-01-14T15:19:28.199+0000] {dag.py:2585} INFO - Sync 1 DAGs
[2024-01-14T15:19:28.216+0000] {logging_mixin.py:120} INFO - [2024-01-14T15:19:28.216+0000] {dag.py:3340} INFO - Setting next_dagrun for example_branch_operator to 2024-01-13T00:00:00+00:00, run_after=2024-01-14T00:00:00+00:00
[2024-01-14T15:19:28.227+0000] {processor.py:176} INFO - Processing /home/airflow/.local/lib/python3.7/site-packages/airflow/example_dags/example_branch_operator.py took 0.073 seconds
[2024-01-14T15:19:58.296+0000] {processor.py:154} INFO - Started process (PID=2459) to work on /home/airflow/.local/lib/python3.7/site-packages/airflow/example_dags/example_branch_operator.py
[2024-01-14T15:19:58.297+0000] {processor.py:756} INFO - Processing file /home/airflow/.local/lib/python3.7/site-packages/airflow/example_dags/example_branch_operator.py for tasks to queue
[2024-01-14T15:19:58.298+0000] {logging_mixin.py:120} INFO - [2024-01-14T15:19:58.298+0000] {dagbag.py:537} INFO - Filling up the DagBag from /home/airflow/.local/lib/python3.7/site-packages/airflow/example_dags/example_branch_operator.py
[2024-01-14T15:19:58.309+0000] {processor.py:766} INFO - DAG(s) dict_keys(['example_branch_operator']) retrieved from /home/airflow/.local/lib/python3.7/site-packages/airflow/example_dags/example_branch_operator.py
[2024-01-14T15:19:58.336+0000] {logging_mixin.py:120} INFO - [2024-01-14T15:19:58.336+0000] {dag.py:2585} INFO - Sync 1 DAGs
[2024-01-14T15:19:58.352+0000] {logging_mixin.py:120} INFO - [2024-01-14T15:19:58.352+0000] {dag.py:3340} INFO - Setting next_dagrun for example_branch_operator to 2024-01-13T00:00:00+00:00, run_after=2024-01-14T00:00:00+00:00
[2024-01-14T15:19:58.364+0000] {processor.py:176} INFO - Processing /home/airflow/.local/lib/python3.7/site-packages/airflow/example_dags/example_branch_operator.py took 0.070 seconds
[2024-01-14T15:20:29.261+0000] {processor.py:154} INFO - Started process (PID=2522) to work on /home/airflow/.local/lib/python3.7/site-packages/airflow/example_dags/example_branch_operator.py
[2024-01-14T15:20:29.262+0000] {processor.py:756} INFO - Processing file /home/airflow/.local/lib/python3.7/site-packages/airflow/example_dags/example_branch_operator.py for tasks to queue
[2024-01-14T15:20:29.263+0000] {logging_mixin.py:120} INFO - [2024-01-14T15:20:29.262+0000] {dagbag.py:537} INFO - Filling up the DagBag from /home/airflow/.local/lib/python3.7/site-packages/airflow/example_dags/example_branch_operator.py
[2024-01-14T15:20:29.276+0000] {processor.py:766} INFO - DAG(s) dict_keys(['example_branch_operator']) retrieved from /home/airflow/.local/lib/python3.7/site-packages/airflow/example_dags/example_branch_operator.py
[2024-01-14T15:20:29.305+0000] {logging_mixin.py:120} INFO - [2024-01-14T15:20:29.305+0000] {dag.py:2585} INFO - Sync 1 DAGs
[2024-01-14T15:20:29.322+0000] {logging_mixin.py:120} INFO - [2024-01-14T15:20:29.322+0000] {dag.py:3340} INFO - Setting next_dagrun for example_branch_operator to 2024-01-13T00:00:00+00:00, run_after=2024-01-14T00:00:00+00:00
[2024-01-14T15:20:29.335+0000] {processor.py:176} INFO - Processing /home/airflow/.local/lib/python3.7/site-packages/airflow/example_dags/example_branch_operator.py took 0.076 seconds
[2024-01-14T15:21:00.188+0000] {processor.py:154} INFO - Started process (PID=2585) to work on /home/airflow/.local/lib/python3.7/site-packages/airflow/example_dags/example_branch_operator.py
[2024-01-14T15:21:00.189+0000] {processor.py:756} INFO - Processing file /home/airflow/.local/lib/python3.7/site-packages/airflow/example_dags/example_branch_operator.py for tasks to queue
[2024-01-14T15:21:00.190+0000] {logging_mixin.py:120} INFO - [2024-01-14T15:21:00.190+0000] {dagbag.py:537} INFO - Filling up the DagBag from /home/airflow/.local/lib/python3.7/site-packages/airflow/example_dags/example_branch_operator.py
[2024-01-14T15:21:00.202+0000] {processor.py:766} INFO - DAG(s) dict_keys(['example_branch_operator']) retrieved from /home/airflow/.local/lib/python3.7/site-packages/airflow/example_dags/example_branch_operator.py
[2024-01-14T15:21:00.228+0000] {logging_mixin.py:120} INFO - [2024-01-14T15:21:00.228+0000] {dag.py:2585} INFO - Sync 1 DAGs
[2024-01-14T15:21:00.245+0000] {logging_mixin.py:120} INFO - [2024-01-14T15:21:00.245+0000] {dag.py:3340} INFO - Setting next_dagrun for example_branch_operator to 2024-01-13T00:00:00+00:00, run_after=2024-01-14T00:00:00+00:00
[2024-01-14T15:21:00.256+0000] {processor.py:176} INFO - Processing /home/airflow/.local/lib/python3.7/site-packages/airflow/example_dags/example_branch_operator.py took 0.070 seconds
[2024-01-14T15:21:31.183+0000] {processor.py:154} INFO - Started process (PID=2648) to work on /home/airflow/.local/lib/python3.7/site-packages/airflow/example_dags/example_branch_operator.py
[2024-01-14T15:21:31.184+0000] {processor.py:756} INFO - Processing file /home/airflow/.local/lib/python3.7/site-packages/airflow/example_dags/example_branch_operator.py for tasks to queue
[2024-01-14T15:21:31.185+0000] {logging_mixin.py:120} INFO - [2024-01-14T15:21:31.185+0000] {dagbag.py:537} INFO - Filling up the DagBag from /home/airflow/.local/lib/python3.7/site-packages/airflow/example_dags/example_branch_operator.py
[2024-01-14T15:21:31.197+0000] {processor.py:766} INFO - DAG(s) dict_keys(['example_branch_operator']) retrieved from /home/airflow/.local/lib/python3.7/site-packages/airflow/example_dags/example_branch_operator.py
[2024-01-14T15:21:31.223+0000] {logging_mixin.py:120} INFO - [2024-01-14T15:21:31.223+0000] {dag.py:2585} INFO - Sync 1 DAGs
[2024-01-14T15:21:31.239+0000] {logging_mixin.py:120} INFO - [2024-01-14T15:21:31.239+0000] {dag.py:3340} INFO - Setting next_dagrun for example_branch_operator to 2024-01-13T00:00:00+00:00, run_after=2024-01-14T00:00:00+00:00
[2024-01-14T15:21:31.251+0000] {processor.py:176} INFO - Processing /home/airflow/.local/lib/python3.7/site-packages/airflow/example_dags/example_branch_operator.py took 0.070 seconds
[2024-01-14T15:22:02.162+0000] {processor.py:154} INFO - Started process (PID=2711) to work on /home/airflow/.local/lib/python3.7/site-packages/airflow/example_dags/example_branch_operator.py
[2024-01-14T15:22:02.163+0000] {processor.py:756} INFO - Processing file /home/airflow/.local/lib/python3.7/site-packages/airflow/example_dags/example_branch_operator.py for tasks to queue
[2024-01-14T15:22:02.164+0000] {logging_mixin.py:120} INFO - [2024-01-14T15:22:02.164+0000] {dagbag.py:537} INFO - Filling up the DagBag from /home/airflow/.local/lib/python3.7/site-packages/airflow/example_dags/example_branch_operator.py
[2024-01-14T15:22:02.176+0000] {processor.py:766} INFO - DAG(s) dict_keys(['example_branch_operator']) retrieved from /home/airflow/.local/lib/python3.7/site-packages/airflow/example_dags/example_branch_operator.py
[2024-01-14T15:22:02.205+0000] {logging_mixin.py:120} INFO - [2024-01-14T15:22:02.204+0000] {dag.py:2585} INFO - Sync 1 DAGs
[2024-01-14T15:22:02.220+0000] {logging_mixin.py:120} INFO - [2024-01-14T15:22:02.220+0000] {dag.py:3340} INFO - Setting next_dagrun for example_branch_operator to 2024-01-13T00:00:00+00:00, run_after=2024-01-14T00:00:00+00:00
[2024-01-14T15:22:02.231+0000] {processor.py:176} INFO - Processing /home/airflow/.local/lib/python3.7/site-packages/airflow/example_dags/example_branch_operator.py took 0.071 seconds
[2024-01-14T15:22:33.166+0000] {processor.py:154} INFO - Started process (PID=2774) to work on /home/airflow/.local/lib/python3.7/site-packages/airflow/example_dags/example_branch_operator.py
[2024-01-14T15:22:33.166+0000] {processor.py:756} INFO - Processing file /home/airflow/.local/lib/python3.7/site-packages/airflow/example_dags/example_branch_operator.py for tasks to queue
[2024-01-14T15:22:33.167+0000] {logging_mixin.py:120} INFO - [2024-01-14T15:22:33.167+0000] {dagbag.py:537} INFO - Filling up the DagBag from /home/airflow/.local/lib/python3.7/site-packages/airflow/example_dags/example_branch_operator.py
[2024-01-14T15:22:33.179+0000] {processor.py:766} INFO - DAG(s) dict_keys(['example_branch_operator']) retrieved from /home/airflow/.local/lib/python3.7/site-packages/airflow/example_dags/example_branch_operator.py
[2024-01-14T15:22:33.205+0000] {logging_mixin.py:120} INFO - [2024-01-14T15:22:33.205+0000] {dag.py:2585} INFO - Sync 1 DAGs
[2024-01-14T15:22:33.220+0000] {logging_mixin.py:120} INFO - [2024-01-14T15:22:33.220+0000] {dag.py:3340} INFO - Setting next_dagrun for example_branch_operator to 2024-01-13T00:00:00+00:00, run_after=2024-01-14T00:00:00+00:00
[2024-01-14T15:22:33.231+0000] {processor.py:176} INFO - Processing /home/airflow/.local/lib/python3.7/site-packages/airflow/example_dags/example_branch_operator.py took 0.068 seconds
