[2024-01-14T14:59:58.230+0000] {processor.py:154} INFO - Started process (PID=50) to work on /home/airflow/.local/lib/python3.7/site-packages/airflow/example_dags/example_latest_only_with_trigger.py
[2024-01-14T14:59:58.233+0000] {processor.py:756} INFO - Processing file /home/airflow/.local/lib/python3.7/site-packages/airflow/example_dags/example_latest_only_with_trigger.py for tasks to queue
[2024-01-14T14:59:58.236+0000] {logging_mixin.py:120} INFO - [2024-01-14T14:59:58.236+0000] {dagbag.py:537} INFO - Filling up the DagBag from /home/airflow/.local/lib/python3.7/site-packages/airflow/example_dags/example_latest_only_with_trigger.py
[2024-01-14T14:59:58.286+0000] {processor.py:766} INFO - DAG(s) dict_keys(['latest_only_with_trigger']) retrieved from /home/airflow/.local/lib/python3.7/site-packages/airflow/example_dags/example_latest_only_with_trigger.py
[2024-01-14T14:59:58.396+0000] {logging_mixin.py:120} INFO - [2024-01-14T14:59:58.396+0000] {manager.py:507} INFO - Created Permission View: can read on DAG:latest_only_with_trigger
[2024-01-14T14:59:58.402+0000] {logging_mixin.py:120} INFO - [2024-01-14T14:59:58.402+0000] {manager.py:507} INFO - Created Permission View: can edit on DAG:latest_only_with_trigger
[2024-01-14T14:59:58.406+0000] {logging_mixin.py:120} INFO - [2024-01-14T14:59:58.406+0000] {manager.py:507} INFO - Created Permission View: can delete on DAG:latest_only_with_trigger
[2024-01-14T14:59:58.407+0000] {logging_mixin.py:120} INFO - [2024-01-14T14:59:58.407+0000] {dag.py:2585} INFO - Sync 1 DAGs
[2024-01-14T14:59:58.415+0000] {logging_mixin.py:120} INFO - [2024-01-14T14:59:58.415+0000] {dag.py:2606} INFO - Creating ORM DAG for latest_only_with_trigger
[2024-01-14T14:59:58.424+0000] {logging_mixin.py:120} INFO - [2024-01-14T14:59:58.424+0000] {dag.py:3340} INFO - Setting next_dagrun for latest_only_with_trigger to 2024-01-14T10:59:58.424482+00:00, run_after=2024-01-14T14:59:58.424482+00:00
[2024-01-14T14:59:58.439+0000] {processor.py:176} INFO - Processing /home/airflow/.local/lib/python3.7/site-packages/airflow/example_dags/example_latest_only_with_trigger.py took 0.214 seconds
[2024-01-14T15:00:28.500+0000] {processor.py:154} INFO - Started process (PID=113) to work on /home/airflow/.local/lib/python3.7/site-packages/airflow/example_dags/example_latest_only_with_trigger.py
[2024-01-14T15:00:28.501+0000] {processor.py:756} INFO - Processing file /home/airflow/.local/lib/python3.7/site-packages/airflow/example_dags/example_latest_only_with_trigger.py for tasks to queue
[2024-01-14T15:00:28.502+0000] {logging_mixin.py:120} INFO - [2024-01-14T15:00:28.502+0000] {dagbag.py:537} INFO - Filling up the DagBag from /home/airflow/.local/lib/python3.7/site-packages/airflow/example_dags/example_latest_only_with_trigger.py
[2024-01-14T15:00:28.514+0000] {processor.py:766} INFO - DAG(s) dict_keys(['latest_only_with_trigger']) retrieved from /home/airflow/.local/lib/python3.7/site-packages/airflow/example_dags/example_latest_only_with_trigger.py
[2024-01-14T15:00:28.542+0000] {logging_mixin.py:120} INFO - [2024-01-14T15:00:28.542+0000] {dag.py:2585} INFO - Sync 1 DAGs
[2024-01-14T15:00:28.557+0000] {logging_mixin.py:120} INFO - [2024-01-14T15:00:28.557+0000] {dag.py:3340} INFO - Setting next_dagrun for latest_only_with_trigger to 2024-01-14T11:00:28.557538+00:00, run_after=2024-01-14T15:00:28.557538+00:00
[2024-01-14T15:00:28.569+0000] {processor.py:176} INFO - Processing /home/airflow/.local/lib/python3.7/site-packages/airflow/example_dags/example_latest_only_with_trigger.py took 0.072 seconds
[2024-01-14T15:00:58.609+0000] {processor.py:154} INFO - Started process (PID=177) to work on /home/airflow/.local/lib/python3.7/site-packages/airflow/example_dags/example_latest_only_with_trigger.py
[2024-01-14T15:00:58.610+0000] {processor.py:756} INFO - Processing file /home/airflow/.local/lib/python3.7/site-packages/airflow/example_dags/example_latest_only_with_trigger.py for tasks to queue
[2024-01-14T15:00:58.610+0000] {logging_mixin.py:120} INFO - [2024-01-14T15:00:58.610+0000] {dagbag.py:537} INFO - Filling up the DagBag from /home/airflow/.local/lib/python3.7/site-packages/airflow/example_dags/example_latest_only_with_trigger.py
[2024-01-14T15:00:58.622+0000] {processor.py:766} INFO - DAG(s) dict_keys(['latest_only_with_trigger']) retrieved from /home/airflow/.local/lib/python3.7/site-packages/airflow/example_dags/example_latest_only_with_trigger.py
[2024-01-14T15:00:58.648+0000] {logging_mixin.py:120} INFO - [2024-01-14T15:00:58.648+0000] {dag.py:2585} INFO - Sync 1 DAGs
[2024-01-14T15:00:58.663+0000] {logging_mixin.py:120} INFO - [2024-01-14T15:00:58.663+0000] {dag.py:3340} INFO - Setting next_dagrun for latest_only_with_trigger to 2024-01-14T11:00:58.663419+00:00, run_after=2024-01-14T15:00:58.663419+00:00
[2024-01-14T15:00:58.675+0000] {processor.py:176} INFO - Processing /home/airflow/.local/lib/python3.7/site-packages/airflow/example_dags/example_latest_only_with_trigger.py took 0.069 seconds
[2024-01-14T15:01:29.643+0000] {processor.py:154} INFO - Started process (PID=240) to work on /home/airflow/.local/lib/python3.7/site-packages/airflow/example_dags/example_latest_only_with_trigger.py
[2024-01-14T15:01:29.644+0000] {processor.py:756} INFO - Processing file /home/airflow/.local/lib/python3.7/site-packages/airflow/example_dags/example_latest_only_with_trigger.py for tasks to queue
[2024-01-14T15:01:29.644+0000] {logging_mixin.py:120} INFO - [2024-01-14T15:01:29.644+0000] {dagbag.py:537} INFO - Filling up the DagBag from /home/airflow/.local/lib/python3.7/site-packages/airflow/example_dags/example_latest_only_with_trigger.py
[2024-01-14T15:01:29.655+0000] {processor.py:766} INFO - DAG(s) dict_keys(['latest_only_with_trigger']) retrieved from /home/airflow/.local/lib/python3.7/site-packages/airflow/example_dags/example_latest_only_with_trigger.py
[2024-01-14T15:01:29.683+0000] {logging_mixin.py:120} INFO - [2024-01-14T15:01:29.683+0000] {dag.py:2585} INFO - Sync 1 DAGs
[2024-01-14T15:01:29.700+0000] {logging_mixin.py:120} INFO - [2024-01-14T15:01:29.700+0000] {dag.py:3340} INFO - Setting next_dagrun for latest_only_with_trigger to 2024-01-14T11:01:29.700057+00:00, run_after=2024-01-14T15:01:29.700057+00:00
[2024-01-14T15:01:29.711+0000] {processor.py:176} INFO - Processing /home/airflow/.local/lib/python3.7/site-packages/airflow/example_dags/example_latest_only_with_trigger.py took 0.071 seconds
[2024-01-14T15:01:59.745+0000] {processor.py:154} INFO - Started process (PID=303) to work on /home/airflow/.local/lib/python3.7/site-packages/airflow/example_dags/example_latest_only_with_trigger.py
[2024-01-14T15:01:59.745+0000] {processor.py:756} INFO - Processing file /home/airflow/.local/lib/python3.7/site-packages/airflow/example_dags/example_latest_only_with_trigger.py for tasks to queue
[2024-01-14T15:01:59.746+0000] {logging_mixin.py:120} INFO - [2024-01-14T15:01:59.746+0000] {dagbag.py:537} INFO - Filling up the DagBag from /home/airflow/.local/lib/python3.7/site-packages/airflow/example_dags/example_latest_only_with_trigger.py
[2024-01-14T15:01:59.755+0000] {processor.py:766} INFO - DAG(s) dict_keys(['latest_only_with_trigger']) retrieved from /home/airflow/.local/lib/python3.7/site-packages/airflow/example_dags/example_latest_only_with_trigger.py
[2024-01-14T15:01:59.780+0000] {logging_mixin.py:120} INFO - [2024-01-14T15:01:59.780+0000] {dag.py:2585} INFO - Sync 1 DAGs
[2024-01-14T15:01:59.794+0000] {logging_mixin.py:120} INFO - [2024-01-14T15:01:59.794+0000] {dag.py:3340} INFO - Setting next_dagrun for latest_only_with_trigger to 2024-01-14T11:01:59.794737+00:00, run_after=2024-01-14T15:01:59.794737+00:00
[2024-01-14T15:01:59.807+0000] {processor.py:176} INFO - Processing /home/airflow/.local/lib/python3.7/site-packages/airflow/example_dags/example_latest_only_with_trigger.py took 0.064 seconds
[2024-01-14T15:02:29.879+0000] {processor.py:154} INFO - Started process (PID=357) to work on /home/airflow/.local/lib/python3.7/site-packages/airflow/example_dags/example_latest_only_with_trigger.py
[2024-01-14T15:02:29.880+0000] {processor.py:756} INFO - Processing file /home/airflow/.local/lib/python3.7/site-packages/airflow/example_dags/example_latest_only_with_trigger.py for tasks to queue
[2024-01-14T15:02:29.881+0000] {logging_mixin.py:120} INFO - [2024-01-14T15:02:29.881+0000] {dagbag.py:537} INFO - Filling up the DagBag from /home/airflow/.local/lib/python3.7/site-packages/airflow/example_dags/example_latest_only_with_trigger.py
[2024-01-14T15:02:29.891+0000] {processor.py:766} INFO - DAG(s) dict_keys(['latest_only_with_trigger']) retrieved from /home/airflow/.local/lib/python3.7/site-packages/airflow/example_dags/example_latest_only_with_trigger.py
[2024-01-14T15:02:29.919+0000] {logging_mixin.py:120} INFO - [2024-01-14T15:02:29.919+0000] {dag.py:2585} INFO - Sync 1 DAGs
[2024-01-14T15:02:29.934+0000] {logging_mixin.py:120} INFO - [2024-01-14T15:02:29.934+0000] {dag.py:3340} INFO - Setting next_dagrun for latest_only_with_trigger to 2024-01-14T11:02:29.934268+00:00, run_after=2024-01-14T15:02:29.934268+00:00
[2024-01-14T15:02:29.946+0000] {processor.py:176} INFO - Processing /home/airflow/.local/lib/python3.7/site-packages/airflow/example_dags/example_latest_only_with_trigger.py took 0.069 seconds
[2024-01-14T15:03:00.000+0000] {processor.py:154} INFO - Started process (PID=419) to work on /home/airflow/.local/lib/python3.7/site-packages/airflow/example_dags/example_latest_only_with_trigger.py
[2024-01-14T15:03:00.001+0000] {processor.py:756} INFO - Processing file /home/airflow/.local/lib/python3.7/site-packages/airflow/example_dags/example_latest_only_with_trigger.py for tasks to queue
[2024-01-14T15:03:00.002+0000] {logging_mixin.py:120} INFO - [2024-01-14T15:03:00.002+0000] {dagbag.py:537} INFO - Filling up the DagBag from /home/airflow/.local/lib/python3.7/site-packages/airflow/example_dags/example_latest_only_with_trigger.py
[2024-01-14T15:03:00.012+0000] {processor.py:766} INFO - DAG(s) dict_keys(['latest_only_with_trigger']) retrieved from /home/airflow/.local/lib/python3.7/site-packages/airflow/example_dags/example_latest_only_with_trigger.py
[2024-01-14T15:03:00.040+0000] {logging_mixin.py:120} INFO - [2024-01-14T15:03:00.040+0000] {dag.py:2585} INFO - Sync 1 DAGs
[2024-01-14T15:03:00.056+0000] {logging_mixin.py:120} INFO - [2024-01-14T15:03:00.056+0000] {dag.py:3340} INFO - Setting next_dagrun for latest_only_with_trigger to 2024-01-14T11:03:00.056454+00:00, run_after=2024-01-14T15:03:00.056454+00:00
[2024-01-14T15:03:00.068+0000] {processor.py:176} INFO - Processing /home/airflow/.local/lib/python3.7/site-packages/airflow/example_dags/example_latest_only_with_trigger.py took 0.070 seconds
[2024-01-14T15:03:31.156+0000] {processor.py:154} INFO - Started process (PID=483) to work on /home/airflow/.local/lib/python3.7/site-packages/airflow/example_dags/example_latest_only_with_trigger.py
[2024-01-14T15:03:31.157+0000] {processor.py:756} INFO - Processing file /home/airflow/.local/lib/python3.7/site-packages/airflow/example_dags/example_latest_only_with_trigger.py for tasks to queue
[2024-01-14T15:03:31.157+0000] {logging_mixin.py:120} INFO - [2024-01-14T15:03:31.157+0000] {dagbag.py:537} INFO - Filling up the DagBag from /home/airflow/.local/lib/python3.7/site-packages/airflow/example_dags/example_latest_only_with_trigger.py
[2024-01-14T15:03:31.167+0000] {processor.py:766} INFO - DAG(s) dict_keys(['latest_only_with_trigger']) retrieved from /home/airflow/.local/lib/python3.7/site-packages/airflow/example_dags/example_latest_only_with_trigger.py
[2024-01-14T15:03:31.193+0000] {logging_mixin.py:120} INFO - [2024-01-14T15:03:31.192+0000] {dag.py:2585} INFO - Sync 1 DAGs
[2024-01-14T15:03:31.208+0000] {logging_mixin.py:120} INFO - [2024-01-14T15:03:31.208+0000] {dag.py:3340} INFO - Setting next_dagrun for latest_only_with_trigger to 2024-01-14T11:03:31.207953+00:00, run_after=2024-01-14T15:03:31.207953+00:00
[2024-01-14T15:03:31.219+0000] {processor.py:176} INFO - Processing /home/airflow/.local/lib/python3.7/site-packages/airflow/example_dags/example_latest_only_with_trigger.py took 0.065 seconds
[2024-01-14T15:04:02.260+0000] {processor.py:154} INFO - Started process (PID=546) to work on /home/airflow/.local/lib/python3.7/site-packages/airflow/example_dags/example_latest_only_with_trigger.py
[2024-01-14T15:04:02.261+0000] {processor.py:756} INFO - Processing file /home/airflow/.local/lib/python3.7/site-packages/airflow/example_dags/example_latest_only_with_trigger.py for tasks to queue
[2024-01-14T15:04:02.262+0000] {logging_mixin.py:120} INFO - [2024-01-14T15:04:02.262+0000] {dagbag.py:537} INFO - Filling up the DagBag from /home/airflow/.local/lib/python3.7/site-packages/airflow/example_dags/example_latest_only_with_trigger.py
[2024-01-14T15:04:02.274+0000] {processor.py:766} INFO - DAG(s) dict_keys(['latest_only_with_trigger']) retrieved from /home/airflow/.local/lib/python3.7/site-packages/airflow/example_dags/example_latest_only_with_trigger.py
[2024-01-14T15:04:02.303+0000] {logging_mixin.py:120} INFO - [2024-01-14T15:04:02.303+0000] {dag.py:2585} INFO - Sync 1 DAGs
[2024-01-14T15:04:02.318+0000] {logging_mixin.py:120} INFO - [2024-01-14T15:04:02.317+0000] {dag.py:3340} INFO - Setting next_dagrun for latest_only_with_trigger to 2024-01-14T11:04:02.317791+00:00, run_after=2024-01-14T15:04:02.317791+00:00
[2024-01-14T15:04:02.328+0000] {processor.py:176} INFO - Processing /home/airflow/.local/lib/python3.7/site-packages/airflow/example_dags/example_latest_only_with_trigger.py took 0.070 seconds
[2024-01-14T15:04:33.196+0000] {processor.py:154} INFO - Started process (PID=609) to work on /home/airflow/.local/lib/python3.7/site-packages/airflow/example_dags/example_latest_only_with_trigger.py
[2024-01-14T15:04:33.196+0000] {processor.py:756} INFO - Processing file /home/airflow/.local/lib/python3.7/site-packages/airflow/example_dags/example_latest_only_with_trigger.py for tasks to queue
[2024-01-14T15:04:33.197+0000] {logging_mixin.py:120} INFO - [2024-01-14T15:04:33.197+0000] {dagbag.py:537} INFO - Filling up the DagBag from /home/airflow/.local/lib/python3.7/site-packages/airflow/example_dags/example_latest_only_with_trigger.py
[2024-01-14T15:04:33.207+0000] {processor.py:766} INFO - DAG(s) dict_keys(['latest_only_with_trigger']) retrieved from /home/airflow/.local/lib/python3.7/site-packages/airflow/example_dags/example_latest_only_with_trigger.py
[2024-01-14T15:04:33.233+0000] {logging_mixin.py:120} INFO - [2024-01-14T15:04:33.233+0000] {dag.py:2585} INFO - Sync 1 DAGs
[2024-01-14T15:04:33.248+0000] {logging_mixin.py:120} INFO - [2024-01-14T15:04:33.248+0000] {dag.py:3340} INFO - Setting next_dagrun for latest_only_with_trigger to 2024-01-14T11:04:33.248366+00:00, run_after=2024-01-14T15:04:33.248366+00:00
[2024-01-14T15:04:33.260+0000] {processor.py:176} INFO - Processing /home/airflow/.local/lib/python3.7/site-packages/airflow/example_dags/example_latest_only_with_trigger.py took 0.066 seconds
[2024-01-14T15:05:03.430+0000] {processor.py:154} INFO - Started process (PID=670) to work on /home/airflow/.local/lib/python3.7/site-packages/airflow/example_dags/example_latest_only_with_trigger.py
[2024-01-14T15:05:03.431+0000] {processor.py:756} INFO - Processing file /home/airflow/.local/lib/python3.7/site-packages/airflow/example_dags/example_latest_only_with_trigger.py for tasks to queue
[2024-01-14T15:05:03.431+0000] {logging_mixin.py:120} INFO - [2024-01-14T15:05:03.431+0000] {dagbag.py:537} INFO - Filling up the DagBag from /home/airflow/.local/lib/python3.7/site-packages/airflow/example_dags/example_latest_only_with_trigger.py
[2024-01-14T15:05:03.441+0000] {processor.py:766} INFO - DAG(s) dict_keys(['latest_only_with_trigger']) retrieved from /home/airflow/.local/lib/python3.7/site-packages/airflow/example_dags/example_latest_only_with_trigger.py
[2024-01-14T15:05:03.466+0000] {logging_mixin.py:120} INFO - [2024-01-14T15:05:03.466+0000] {dag.py:2585} INFO - Sync 1 DAGs
[2024-01-14T15:05:03.482+0000] {logging_mixin.py:120} INFO - [2024-01-14T15:05:03.482+0000] {dag.py:3340} INFO - Setting next_dagrun for latest_only_with_trigger to 2024-01-14T11:05:03.482209+00:00, run_after=2024-01-14T15:05:03.482209+00:00
[2024-01-14T15:05:03.493+0000] {processor.py:176} INFO - Processing /home/airflow/.local/lib/python3.7/site-packages/airflow/example_dags/example_latest_only_with_trigger.py took 0.065 seconds
[2024-01-14T15:05:34.567+0000] {processor.py:154} INFO - Started process (PID=726) to work on /home/airflow/.local/lib/python3.7/site-packages/airflow/example_dags/example_latest_only_with_trigger.py
[2024-01-14T15:05:34.568+0000] {processor.py:756} INFO - Processing file /home/airflow/.local/lib/python3.7/site-packages/airflow/example_dags/example_latest_only_with_trigger.py for tasks to queue
[2024-01-14T15:05:34.569+0000] {logging_mixin.py:120} INFO - [2024-01-14T15:05:34.568+0000] {dagbag.py:537} INFO - Filling up the DagBag from /home/airflow/.local/lib/python3.7/site-packages/airflow/example_dags/example_latest_only_with_trigger.py
[2024-01-14T15:05:34.578+0000] {processor.py:766} INFO - DAG(s) dict_keys(['latest_only_with_trigger']) retrieved from /home/airflow/.local/lib/python3.7/site-packages/airflow/example_dags/example_latest_only_with_trigger.py
[2024-01-14T15:05:34.604+0000] {logging_mixin.py:120} INFO - [2024-01-14T15:05:34.604+0000] {dag.py:2585} INFO - Sync 1 DAGs
[2024-01-14T15:05:34.619+0000] {logging_mixin.py:120} INFO - [2024-01-14T15:05:34.619+0000] {dag.py:3340} INFO - Setting next_dagrun for latest_only_with_trigger to 2024-01-14T11:05:34.619453+00:00, run_after=2024-01-14T15:05:34.619453+00:00
[2024-01-14T15:05:34.630+0000] {processor.py:176} INFO - Processing /home/airflow/.local/lib/python3.7/site-packages/airflow/example_dags/example_latest_only_with_trigger.py took 0.065 seconds
[2024-01-14T15:06:05.446+0000] {processor.py:154} INFO - Started process (PID=789) to work on /home/airflow/.local/lib/python3.7/site-packages/airflow/example_dags/example_latest_only_with_trigger.py
[2024-01-14T15:06:05.447+0000] {processor.py:756} INFO - Processing file /home/airflow/.local/lib/python3.7/site-packages/airflow/example_dags/example_latest_only_with_trigger.py for tasks to queue
[2024-01-14T15:06:05.448+0000] {logging_mixin.py:120} INFO - [2024-01-14T15:06:05.448+0000] {dagbag.py:537} INFO - Filling up the DagBag from /home/airflow/.local/lib/python3.7/site-packages/airflow/example_dags/example_latest_only_with_trigger.py
[2024-01-14T15:06:05.458+0000] {processor.py:766} INFO - DAG(s) dict_keys(['latest_only_with_trigger']) retrieved from /home/airflow/.local/lib/python3.7/site-packages/airflow/example_dags/example_latest_only_with_trigger.py
[2024-01-14T15:06:05.486+0000] {logging_mixin.py:120} INFO - [2024-01-14T15:06:05.486+0000] {dag.py:2585} INFO - Sync 1 DAGs
[2024-01-14T15:06:05.501+0000] {logging_mixin.py:120} INFO - [2024-01-14T15:06:05.501+0000] {dag.py:3340} INFO - Setting next_dagrun for latest_only_with_trigger to 2024-01-14T11:06:05.501591+00:00, run_after=2024-01-14T15:06:05.501591+00:00
[2024-01-14T15:06:05.513+0000] {processor.py:176} INFO - Processing /home/airflow/.local/lib/python3.7/site-packages/airflow/example_dags/example_latest_only_with_trigger.py took 0.070 seconds
[2024-01-14T15:06:36.422+0000] {processor.py:154} INFO - Started process (PID=852) to work on /home/airflow/.local/lib/python3.7/site-packages/airflow/example_dags/example_latest_only_with_trigger.py
[2024-01-14T15:06:36.422+0000] {processor.py:756} INFO - Processing file /home/airflow/.local/lib/python3.7/site-packages/airflow/example_dags/example_latest_only_with_trigger.py for tasks to queue
[2024-01-14T15:06:36.423+0000] {logging_mixin.py:120} INFO - [2024-01-14T15:06:36.423+0000] {dagbag.py:537} INFO - Filling up the DagBag from /home/airflow/.local/lib/python3.7/site-packages/airflow/example_dags/example_latest_only_with_trigger.py
[2024-01-14T15:06:36.433+0000] {processor.py:766} INFO - DAG(s) dict_keys(['latest_only_with_trigger']) retrieved from /home/airflow/.local/lib/python3.7/site-packages/airflow/example_dags/example_latest_only_with_trigger.py
[2024-01-14T15:06:36.460+0000] {logging_mixin.py:120} INFO - [2024-01-14T15:06:36.460+0000] {dag.py:2585} INFO - Sync 1 DAGs
[2024-01-14T15:06:36.475+0000] {logging_mixin.py:120} INFO - [2024-01-14T15:06:36.475+0000] {dag.py:3340} INFO - Setting next_dagrun for latest_only_with_trigger to 2024-01-14T11:06:36.475132+00:00, run_after=2024-01-14T15:06:36.475132+00:00
[2024-01-14T15:06:36.487+0000] {processor.py:176} INFO - Processing /home/airflow/.local/lib/python3.7/site-packages/airflow/example_dags/example_latest_only_with_trigger.py took 0.068 seconds
[2024-01-14T15:07:06.610+0000] {processor.py:154} INFO - Started process (PID=915) to work on /home/airflow/.local/lib/python3.7/site-packages/airflow/example_dags/example_latest_only_with_trigger.py
[2024-01-14T15:07:06.611+0000] {processor.py:756} INFO - Processing file /home/airflow/.local/lib/python3.7/site-packages/airflow/example_dags/example_latest_only_with_trigger.py for tasks to queue
[2024-01-14T15:07:06.611+0000] {logging_mixin.py:120} INFO - [2024-01-14T15:07:06.611+0000] {dagbag.py:537} INFO - Filling up the DagBag from /home/airflow/.local/lib/python3.7/site-packages/airflow/example_dags/example_latest_only_with_trigger.py
[2024-01-14T15:07:06.620+0000] {processor.py:766} INFO - DAG(s) dict_keys(['latest_only_with_trigger']) retrieved from /home/airflow/.local/lib/python3.7/site-packages/airflow/example_dags/example_latest_only_with_trigger.py
[2024-01-14T15:07:06.647+0000] {logging_mixin.py:120} INFO - [2024-01-14T15:07:06.647+0000] {dag.py:2585} INFO - Sync 1 DAGs
[2024-01-14T15:07:06.663+0000] {logging_mixin.py:120} INFO - [2024-01-14T15:07:06.663+0000] {dag.py:3340} INFO - Setting next_dagrun for latest_only_with_trigger to 2024-01-14T11:07:06.663735+00:00, run_after=2024-01-14T15:07:06.663735+00:00
[2024-01-14T15:07:06.674+0000] {processor.py:176} INFO - Processing /home/airflow/.local/lib/python3.7/site-packages/airflow/example_dags/example_latest_only_with_trigger.py took 0.067 seconds
[2024-01-14T15:07:37.439+0000] {processor.py:154} INFO - Started process (PID=977) to work on /home/airflow/.local/lib/python3.7/site-packages/airflow/example_dags/example_latest_only_with_trigger.py
[2024-01-14T15:07:37.440+0000] {processor.py:756} INFO - Processing file /home/airflow/.local/lib/python3.7/site-packages/airflow/example_dags/example_latest_only_with_trigger.py for tasks to queue
[2024-01-14T15:07:37.440+0000] {logging_mixin.py:120} INFO - [2024-01-14T15:07:37.440+0000] {dagbag.py:537} INFO - Filling up the DagBag from /home/airflow/.local/lib/python3.7/site-packages/airflow/example_dags/example_latest_only_with_trigger.py
[2024-01-14T15:07:37.450+0000] {processor.py:766} INFO - DAG(s) dict_keys(['latest_only_with_trigger']) retrieved from /home/airflow/.local/lib/python3.7/site-packages/airflow/example_dags/example_latest_only_with_trigger.py
[2024-01-14T15:07:37.478+0000] {logging_mixin.py:120} INFO - [2024-01-14T15:07:37.478+0000] {dag.py:2585} INFO - Sync 1 DAGs
[2024-01-14T15:07:37.494+0000] {logging_mixin.py:120} INFO - [2024-01-14T15:07:37.494+0000] {dag.py:3340} INFO - Setting next_dagrun for latest_only_with_trigger to 2024-01-14T11:07:37.494252+00:00, run_after=2024-01-14T15:07:37.494252+00:00
[2024-01-14T15:07:37.505+0000] {processor.py:176} INFO - Processing /home/airflow/.local/lib/python3.7/site-packages/airflow/example_dags/example_latest_only_with_trigger.py took 0.068 seconds
[2024-01-14T15:08:07.663+0000] {processor.py:154} INFO - Started process (PID=1040) to work on /home/airflow/.local/lib/python3.7/site-packages/airflow/example_dags/example_latest_only_with_trigger.py
[2024-01-14T15:08:07.664+0000] {processor.py:756} INFO - Processing file /home/airflow/.local/lib/python3.7/site-packages/airflow/example_dags/example_latest_only_with_trigger.py for tasks to queue
[2024-01-14T15:08:07.665+0000] {logging_mixin.py:120} INFO - [2024-01-14T15:08:07.665+0000] {dagbag.py:537} INFO - Filling up the DagBag from /home/airflow/.local/lib/python3.7/site-packages/airflow/example_dags/example_latest_only_with_trigger.py
[2024-01-14T15:08:07.675+0000] {processor.py:766} INFO - DAG(s) dict_keys(['latest_only_with_trigger']) retrieved from /home/airflow/.local/lib/python3.7/site-packages/airflow/example_dags/example_latest_only_with_trigger.py
[2024-01-14T15:08:07.702+0000] {logging_mixin.py:120} INFO - [2024-01-14T15:08:07.702+0000] {dag.py:2585} INFO - Sync 1 DAGs
[2024-01-14T15:08:07.717+0000] {logging_mixin.py:120} INFO - [2024-01-14T15:08:07.717+0000] {dag.py:3340} INFO - Setting next_dagrun for latest_only_with_trigger to 2024-01-14T11:08:07.717628+00:00, run_after=2024-01-14T15:08:07.717628+00:00
[2024-01-14T15:08:07.729+0000] {processor.py:176} INFO - Processing /home/airflow/.local/lib/python3.7/site-packages/airflow/example_dags/example_latest_only_with_trigger.py took 0.068 seconds
[2024-01-14T15:08:38.712+0000] {processor.py:154} INFO - Started process (PID=1094) to work on /home/airflow/.local/lib/python3.7/site-packages/airflow/example_dags/example_latest_only_with_trigger.py
[2024-01-14T15:08:38.713+0000] {processor.py:756} INFO - Processing file /home/airflow/.local/lib/python3.7/site-packages/airflow/example_dags/example_latest_only_with_trigger.py for tasks to queue
[2024-01-14T15:08:38.714+0000] {logging_mixin.py:120} INFO - [2024-01-14T15:08:38.713+0000] {dagbag.py:537} INFO - Filling up the DagBag from /home/airflow/.local/lib/python3.7/site-packages/airflow/example_dags/example_latest_only_with_trigger.py
[2024-01-14T15:08:38.723+0000] {processor.py:766} INFO - DAG(s) dict_keys(['latest_only_with_trigger']) retrieved from /home/airflow/.local/lib/python3.7/site-packages/airflow/example_dags/example_latest_only_with_trigger.py
[2024-01-14T15:08:38.751+0000] {logging_mixin.py:120} INFO - [2024-01-14T15:08:38.751+0000] {dag.py:2585} INFO - Sync 1 DAGs
[2024-01-14T15:08:38.767+0000] {logging_mixin.py:120} INFO - [2024-01-14T15:08:38.767+0000] {dag.py:3340} INFO - Setting next_dagrun for latest_only_with_trigger to 2024-01-14T11:08:38.767427+00:00, run_after=2024-01-14T15:08:38.767427+00:00
[2024-01-14T15:08:38.779+0000] {processor.py:176} INFO - Processing /home/airflow/.local/lib/python3.7/site-packages/airflow/example_dags/example_latest_only_with_trigger.py took 0.069 seconds
[2024-01-14T15:09:09.656+0000] {processor.py:154} INFO - Started process (PID=1157) to work on /home/airflow/.local/lib/python3.7/site-packages/airflow/example_dags/example_latest_only_with_trigger.py
[2024-01-14T15:09:09.656+0000] {processor.py:756} INFO - Processing file /home/airflow/.local/lib/python3.7/site-packages/airflow/example_dags/example_latest_only_with_trigger.py for tasks to queue
[2024-01-14T15:09:09.657+0000] {logging_mixin.py:120} INFO - [2024-01-14T15:09:09.657+0000] {dagbag.py:537} INFO - Filling up the DagBag from /home/airflow/.local/lib/python3.7/site-packages/airflow/example_dags/example_latest_only_with_trigger.py
[2024-01-14T15:09:09.667+0000] {processor.py:766} INFO - DAG(s) dict_keys(['latest_only_with_trigger']) retrieved from /home/airflow/.local/lib/python3.7/site-packages/airflow/example_dags/example_latest_only_with_trigger.py
[2024-01-14T15:09:09.695+0000] {logging_mixin.py:120} INFO - [2024-01-14T15:09:09.695+0000] {dag.py:2585} INFO - Sync 1 DAGs
[2024-01-14T15:09:09.719+0000] {logging_mixin.py:120} INFO - [2024-01-14T15:09:09.719+0000] {dag.py:3340} INFO - Setting next_dagrun for latest_only_with_trigger to 2024-01-14T11:09:09.718834+00:00, run_after=2024-01-14T15:09:09.718834+00:00
[2024-01-14T15:09:09.735+0000] {processor.py:176} INFO - Processing /home/airflow/.local/lib/python3.7/site-packages/airflow/example_dags/example_latest_only_with_trigger.py took 0.082 seconds
[2024-01-14T15:09:40.596+0000] {processor.py:154} INFO - Started process (PID=1220) to work on /home/airflow/.local/lib/python3.7/site-packages/airflow/example_dags/example_latest_only_with_trigger.py
[2024-01-14T15:09:40.597+0000] {processor.py:756} INFO - Processing file /home/airflow/.local/lib/python3.7/site-packages/airflow/example_dags/example_latest_only_with_trigger.py for tasks to queue
[2024-01-14T15:09:40.597+0000] {logging_mixin.py:120} INFO - [2024-01-14T15:09:40.597+0000] {dagbag.py:537} INFO - Filling up the DagBag from /home/airflow/.local/lib/python3.7/site-packages/airflow/example_dags/example_latest_only_with_trigger.py
[2024-01-14T15:09:40.607+0000] {processor.py:766} INFO - DAG(s) dict_keys(['latest_only_with_trigger']) retrieved from /home/airflow/.local/lib/python3.7/site-packages/airflow/example_dags/example_latest_only_with_trigger.py
[2024-01-14T15:09:40.634+0000] {logging_mixin.py:120} INFO - [2024-01-14T15:09:40.634+0000] {dag.py:2585} INFO - Sync 1 DAGs
[2024-01-14T15:09:40.649+0000] {logging_mixin.py:120} INFO - [2024-01-14T15:09:40.649+0000] {dag.py:3340} INFO - Setting next_dagrun for latest_only_with_trigger to 2024-01-14T11:09:40.649763+00:00, run_after=2024-01-14T15:09:40.649763+00:00
[2024-01-14T15:09:40.660+0000] {processor.py:176} INFO - Processing /home/airflow/.local/lib/python3.7/site-packages/airflow/example_dags/example_latest_only_with_trigger.py took 0.067 seconds
[2024-01-14T15:10:11.624+0000] {processor.py:154} INFO - Started process (PID=1283) to work on /home/airflow/.local/lib/python3.7/site-packages/airflow/example_dags/example_latest_only_with_trigger.py
[2024-01-14T15:10:11.625+0000] {processor.py:756} INFO - Processing file /home/airflow/.local/lib/python3.7/site-packages/airflow/example_dags/example_latest_only_with_trigger.py for tasks to queue
[2024-01-14T15:10:11.625+0000] {logging_mixin.py:120} INFO - [2024-01-14T15:10:11.625+0000] {dagbag.py:537} INFO - Filling up the DagBag from /home/airflow/.local/lib/python3.7/site-packages/airflow/example_dags/example_latest_only_with_trigger.py
[2024-01-14T15:10:11.635+0000] {processor.py:766} INFO - DAG(s) dict_keys(['latest_only_with_trigger']) retrieved from /home/airflow/.local/lib/python3.7/site-packages/airflow/example_dags/example_latest_only_with_trigger.py
[2024-01-14T15:10:11.660+0000] {logging_mixin.py:120} INFO - [2024-01-14T15:10:11.660+0000] {dag.py:2585} INFO - Sync 1 DAGs
[2024-01-14T15:10:11.676+0000] {logging_mixin.py:120} INFO - [2024-01-14T15:10:11.676+0000] {dag.py:3340} INFO - Setting next_dagrun for latest_only_with_trigger to 2024-01-14T11:10:11.676013+00:00, run_after=2024-01-14T15:10:11.676013+00:00
[2024-01-14T15:10:11.686+0000] {processor.py:176} INFO - Processing /home/airflow/.local/lib/python3.7/site-packages/airflow/example_dags/example_latest_only_with_trigger.py took 0.065 seconds
[2024-01-14T15:10:42.476+0000] {processor.py:154} INFO - Started process (PID=1346) to work on /home/airflow/.local/lib/python3.7/site-packages/airflow/example_dags/example_latest_only_with_trigger.py
[2024-01-14T15:10:42.477+0000] {processor.py:756} INFO - Processing file /home/airflow/.local/lib/python3.7/site-packages/airflow/example_dags/example_latest_only_with_trigger.py for tasks to queue
[2024-01-14T15:10:42.478+0000] {logging_mixin.py:120} INFO - [2024-01-14T15:10:42.477+0000] {dagbag.py:537} INFO - Filling up the DagBag from /home/airflow/.local/lib/python3.7/site-packages/airflow/example_dags/example_latest_only_with_trigger.py
[2024-01-14T15:10:42.488+0000] {processor.py:766} INFO - DAG(s) dict_keys(['latest_only_with_trigger']) retrieved from /home/airflow/.local/lib/python3.7/site-packages/airflow/example_dags/example_latest_only_with_trigger.py
[2024-01-14T15:10:42.516+0000] {logging_mixin.py:120} INFO - [2024-01-14T15:10:42.515+0000] {dag.py:2585} INFO - Sync 1 DAGs
[2024-01-14T15:10:42.531+0000] {logging_mixin.py:120} INFO - [2024-01-14T15:10:42.531+0000] {dag.py:3340} INFO - Setting next_dagrun for latest_only_with_trigger to 2024-01-14T11:10:42.531023+00:00, run_after=2024-01-14T15:10:42.531023+00:00
[2024-01-14T15:10:42.542+0000] {processor.py:176} INFO - Processing /home/airflow/.local/lib/python3.7/site-packages/airflow/example_dags/example_latest_only_with_trigger.py took 0.068 seconds
[2024-01-14T15:11:44.522+0000] {processor.py:154} INFO - Started process (PID=1472) to work on /home/airflow/.local/lib/python3.7/site-packages/airflow/example_dags/example_latest_only_with_trigger.py
[2024-01-14T15:11:44.523+0000] {processor.py:756} INFO - Processing file /home/airflow/.local/lib/python3.7/site-packages/airflow/example_dags/example_latest_only_with_trigger.py for tasks to queue
[2024-01-14T15:11:44.523+0000] {logging_mixin.py:120} INFO - [2024-01-14T15:11:44.523+0000] {dagbag.py:537} INFO - Filling up the DagBag from /home/airflow/.local/lib/python3.7/site-packages/airflow/example_dags/example_latest_only_with_trigger.py
[2024-01-14T15:11:44.533+0000] {processor.py:766} INFO - DAG(s) dict_keys(['latest_only_with_trigger']) retrieved from /home/airflow/.local/lib/python3.7/site-packages/airflow/example_dags/example_latest_only_with_trigger.py
[2024-01-14T15:11:44.560+0000] {logging_mixin.py:120} INFO - [2024-01-14T15:11:44.560+0000] {dag.py:2585} INFO - Sync 1 DAGs
[2024-01-14T15:11:44.575+0000] {logging_mixin.py:120} INFO - [2024-01-14T15:11:44.575+0000] {dag.py:3340} INFO - Setting next_dagrun for latest_only_with_trigger to 2024-01-14T11:11:44.575338+00:00, run_after=2024-01-14T15:11:44.575338+00:00
[2024-01-14T15:11:44.585+0000] {processor.py:176} INFO - Processing /home/airflow/.local/lib/python3.7/site-packages/airflow/example_dags/example_latest_only_with_trigger.py took 0.065 seconds
[2024-01-14T15:12:15.581+0000] {processor.py:154} INFO - Started process (PID=1526) to work on /home/airflow/.local/lib/python3.7/site-packages/airflow/example_dags/example_latest_only_with_trigger.py
[2024-01-14T15:12:15.581+0000] {processor.py:756} INFO - Processing file /home/airflow/.local/lib/python3.7/site-packages/airflow/example_dags/example_latest_only_with_trigger.py for tasks to queue
[2024-01-14T15:12:15.582+0000] {logging_mixin.py:120} INFO - [2024-01-14T15:12:15.582+0000] {dagbag.py:537} INFO - Filling up the DagBag from /home/airflow/.local/lib/python3.7/site-packages/airflow/example_dags/example_latest_only_with_trigger.py
[2024-01-14T15:12:15.592+0000] {processor.py:766} INFO - DAG(s) dict_keys(['latest_only_with_trigger']) retrieved from /home/airflow/.local/lib/python3.7/site-packages/airflow/example_dags/example_latest_only_with_trigger.py
[2024-01-14T15:12:15.619+0000] {logging_mixin.py:120} INFO - [2024-01-14T15:12:15.619+0000] {dag.py:2585} INFO - Sync 1 DAGs
[2024-01-14T15:12:15.634+0000] {logging_mixin.py:120} INFO - [2024-01-14T15:12:15.634+0000] {dag.py:3340} INFO - Setting next_dagrun for latest_only_with_trigger to 2024-01-14T11:12:15.634038+00:00, run_after=2024-01-14T15:12:15.634038+00:00
[2024-01-14T15:12:15.645+0000] {processor.py:176} INFO - Processing /home/airflow/.local/lib/python3.7/site-packages/airflow/example_dags/example_latest_only_with_trigger.py took 0.066 seconds
[2024-01-14T15:12:46.438+0000] {processor.py:154} INFO - Started process (PID=1589) to work on /home/airflow/.local/lib/python3.7/site-packages/airflow/example_dags/example_latest_only_with_trigger.py
[2024-01-14T15:12:46.439+0000] {processor.py:756} INFO - Processing file /home/airflow/.local/lib/python3.7/site-packages/airflow/example_dags/example_latest_only_with_trigger.py for tasks to queue
[2024-01-14T15:12:46.439+0000] {logging_mixin.py:120} INFO - [2024-01-14T15:12:46.439+0000] {dagbag.py:537} INFO - Filling up the DagBag from /home/airflow/.local/lib/python3.7/site-packages/airflow/example_dags/example_latest_only_with_trigger.py
[2024-01-14T15:12:46.449+0000] {processor.py:766} INFO - DAG(s) dict_keys(['latest_only_with_trigger']) retrieved from /home/airflow/.local/lib/python3.7/site-packages/airflow/example_dags/example_latest_only_with_trigger.py
[2024-01-14T15:12:46.476+0000] {logging_mixin.py:120} INFO - [2024-01-14T15:12:46.476+0000] {dag.py:2585} INFO - Sync 1 DAGs
[2024-01-14T15:12:46.492+0000] {logging_mixin.py:120} INFO - [2024-01-14T15:12:46.492+0000] {dag.py:3340} INFO - Setting next_dagrun for latest_only_with_trigger to 2024-01-14T11:12:46.492215+00:00, run_after=2024-01-14T15:12:46.492215+00:00
[2024-01-14T15:12:46.504+0000] {processor.py:176} INFO - Processing /home/airflow/.local/lib/python3.7/site-packages/airflow/example_dags/example_latest_only_with_trigger.py took 0.069 seconds
[2024-01-14T15:13:17.402+0000] {processor.py:154} INFO - Started process (PID=1652) to work on /home/airflow/.local/lib/python3.7/site-packages/airflow/example_dags/example_latest_only_with_trigger.py
[2024-01-14T15:13:17.403+0000] {processor.py:756} INFO - Processing file /home/airflow/.local/lib/python3.7/site-packages/airflow/example_dags/example_latest_only_with_trigger.py for tasks to queue
[2024-01-14T15:13:17.404+0000] {logging_mixin.py:120} INFO - [2024-01-14T15:13:17.404+0000] {dagbag.py:537} INFO - Filling up the DagBag from /home/airflow/.local/lib/python3.7/site-packages/airflow/example_dags/example_latest_only_with_trigger.py
[2024-01-14T15:13:17.414+0000] {processor.py:766} INFO - DAG(s) dict_keys(['latest_only_with_trigger']) retrieved from /home/airflow/.local/lib/python3.7/site-packages/airflow/example_dags/example_latest_only_with_trigger.py
[2024-01-14T15:13:17.442+0000] {logging_mixin.py:120} INFO - [2024-01-14T15:13:17.441+0000] {dag.py:2585} INFO - Sync 1 DAGs
[2024-01-14T15:13:17.458+0000] {logging_mixin.py:120} INFO - [2024-01-14T15:13:17.458+0000] {dag.py:3340} INFO - Setting next_dagrun for latest_only_with_trigger to 2024-01-14T11:13:17.458095+00:00, run_after=2024-01-14T15:13:17.458095+00:00
[2024-01-14T15:13:17.469+0000] {processor.py:176} INFO - Processing /home/airflow/.local/lib/python3.7/site-packages/airflow/example_dags/example_latest_only_with_trigger.py took 0.070 seconds
[2024-01-14T15:13:48.374+0000] {processor.py:154} INFO - Started process (PID=1715) to work on /home/airflow/.local/lib/python3.7/site-packages/airflow/example_dags/example_latest_only_with_trigger.py
[2024-01-14T15:13:48.375+0000] {processor.py:756} INFO - Processing file /home/airflow/.local/lib/python3.7/site-packages/airflow/example_dags/example_latest_only_with_trigger.py for tasks to queue
[2024-01-14T15:13:48.375+0000] {logging_mixin.py:120} INFO - [2024-01-14T15:13:48.375+0000] {dagbag.py:537} INFO - Filling up the DagBag from /home/airflow/.local/lib/python3.7/site-packages/airflow/example_dags/example_latest_only_with_trigger.py
[2024-01-14T15:13:48.385+0000] {processor.py:766} INFO - DAG(s) dict_keys(['latest_only_with_trigger']) retrieved from /home/airflow/.local/lib/python3.7/site-packages/airflow/example_dags/example_latest_only_with_trigger.py
[2024-01-14T15:13:48.413+0000] {logging_mixin.py:120} INFO - [2024-01-14T15:13:48.413+0000] {dag.py:2585} INFO - Sync 1 DAGs
[2024-01-14T15:13:48.428+0000] {logging_mixin.py:120} INFO - [2024-01-14T15:13:48.428+0000] {dag.py:3340} INFO - Setting next_dagrun for latest_only_with_trigger to 2024-01-14T11:13:48.428485+00:00, run_after=2024-01-14T15:13:48.428485+00:00
[2024-01-14T15:13:48.440+0000] {processor.py:176} INFO - Processing /home/airflow/.local/lib/python3.7/site-packages/airflow/example_dags/example_latest_only_with_trigger.py took 0.068 seconds
[2024-01-14T15:14:19.350+0000] {processor.py:154} INFO - Started process (PID=1778) to work on /home/airflow/.local/lib/python3.7/site-packages/airflow/example_dags/example_latest_only_with_trigger.py
[2024-01-14T15:14:19.351+0000] {processor.py:756} INFO - Processing file /home/airflow/.local/lib/python3.7/site-packages/airflow/example_dags/example_latest_only_with_trigger.py for tasks to queue
[2024-01-14T15:14:19.351+0000] {logging_mixin.py:120} INFO - [2024-01-14T15:14:19.351+0000] {dagbag.py:537} INFO - Filling up the DagBag from /home/airflow/.local/lib/python3.7/site-packages/airflow/example_dags/example_latest_only_with_trigger.py
[2024-01-14T15:14:19.361+0000] {processor.py:766} INFO - DAG(s) dict_keys(['latest_only_with_trigger']) retrieved from /home/airflow/.local/lib/python3.7/site-packages/airflow/example_dags/example_latest_only_with_trigger.py
[2024-01-14T15:14:19.387+0000] {logging_mixin.py:120} INFO - [2024-01-14T15:14:19.386+0000] {dag.py:2585} INFO - Sync 1 DAGs
[2024-01-14T15:14:19.402+0000] {logging_mixin.py:120} INFO - [2024-01-14T15:14:19.402+0000] {dag.py:3340} INFO - Setting next_dagrun for latest_only_with_trigger to 2024-01-14T11:14:19.402628+00:00, run_after=2024-01-14T15:14:19.402628+00:00
[2024-01-14T15:14:19.413+0000] {processor.py:176} INFO - Processing /home/airflow/.local/lib/python3.7/site-packages/airflow/example_dags/example_latest_only_with_trigger.py took 0.065 seconds
[2024-01-14T15:14:50.325+0000] {processor.py:154} INFO - Started process (PID=1841) to work on /home/airflow/.local/lib/python3.7/site-packages/airflow/example_dags/example_latest_only_with_trigger.py
[2024-01-14T15:14:50.326+0000] {processor.py:756} INFO - Processing file /home/airflow/.local/lib/python3.7/site-packages/airflow/example_dags/example_latest_only_with_trigger.py for tasks to queue
[2024-01-14T15:14:50.326+0000] {logging_mixin.py:120} INFO - [2024-01-14T15:14:50.326+0000] {dagbag.py:537} INFO - Filling up the DagBag from /home/airflow/.local/lib/python3.7/site-packages/airflow/example_dags/example_latest_only_with_trigger.py
[2024-01-14T15:14:50.336+0000] {processor.py:766} INFO - DAG(s) dict_keys(['latest_only_with_trigger']) retrieved from /home/airflow/.local/lib/python3.7/site-packages/airflow/example_dags/example_latest_only_with_trigger.py
[2024-01-14T15:14:50.363+0000] {logging_mixin.py:120} INFO - [2024-01-14T15:14:50.363+0000] {dag.py:2585} INFO - Sync 1 DAGs
[2024-01-14T15:14:50.379+0000] {logging_mixin.py:120} INFO - [2024-01-14T15:14:50.379+0000] {dag.py:3340} INFO - Setting next_dagrun for latest_only_with_trigger to 2024-01-14T11:14:50.379244+00:00, run_after=2024-01-14T15:14:50.379244+00:00
[2024-01-14T15:14:50.392+0000] {processor.py:176} INFO - Processing /home/airflow/.local/lib/python3.7/site-packages/airflow/example_dags/example_latest_only_with_trigger.py took 0.069 seconds
[2024-01-14T15:15:21.186+0000] {processor.py:154} INFO - Started process (PID=1904) to work on /home/airflow/.local/lib/python3.7/site-packages/airflow/example_dags/example_latest_only_with_trigger.py
[2024-01-14T15:15:21.186+0000] {processor.py:756} INFO - Processing file /home/airflow/.local/lib/python3.7/site-packages/airflow/example_dags/example_latest_only_with_trigger.py for tasks to queue
[2024-01-14T15:15:21.187+0000] {logging_mixin.py:120} INFO - [2024-01-14T15:15:21.187+0000] {dagbag.py:537} INFO - Filling up the DagBag from /home/airflow/.local/lib/python3.7/site-packages/airflow/example_dags/example_latest_only_with_trigger.py
[2024-01-14T15:15:21.196+0000] {processor.py:766} INFO - DAG(s) dict_keys(['latest_only_with_trigger']) retrieved from /home/airflow/.local/lib/python3.7/site-packages/airflow/example_dags/example_latest_only_with_trigger.py
[2024-01-14T15:15:21.221+0000] {logging_mixin.py:120} INFO - [2024-01-14T15:15:21.221+0000] {dag.py:2585} INFO - Sync 1 DAGs
[2024-01-14T15:15:21.238+0000] {logging_mixin.py:120} INFO - [2024-01-14T15:15:21.238+0000] {dag.py:3340} INFO - Setting next_dagrun for latest_only_with_trigger to 2024-01-14T11:15:21.238055+00:00, run_after=2024-01-14T15:15:21.238055+00:00
[2024-01-14T15:15:21.251+0000] {processor.py:176} INFO - Processing /home/airflow/.local/lib/python3.7/site-packages/airflow/example_dags/example_latest_only_with_trigger.py took 0.067 seconds
[2024-01-14T15:15:51.397+0000] {processor.py:154} INFO - Started process (PID=1958) to work on /home/airflow/.local/lib/python3.7/site-packages/airflow/example_dags/example_latest_only_with_trigger.py
[2024-01-14T15:15:51.397+0000] {processor.py:756} INFO - Processing file /home/airflow/.local/lib/python3.7/site-packages/airflow/example_dags/example_latest_only_with_trigger.py for tasks to queue
[2024-01-14T15:15:51.398+0000] {logging_mixin.py:120} INFO - [2024-01-14T15:15:51.398+0000] {dagbag.py:537} INFO - Filling up the DagBag from /home/airflow/.local/lib/python3.7/site-packages/airflow/example_dags/example_latest_only_with_trigger.py
[2024-01-14T15:15:51.408+0000] {processor.py:766} INFO - DAG(s) dict_keys(['latest_only_with_trigger']) retrieved from /home/airflow/.local/lib/python3.7/site-packages/airflow/example_dags/example_latest_only_with_trigger.py
[2024-01-14T15:15:51.435+0000] {logging_mixin.py:120} INFO - [2024-01-14T15:15:51.435+0000] {dag.py:2585} INFO - Sync 1 DAGs
[2024-01-14T15:15:51.451+0000] {logging_mixin.py:120} INFO - [2024-01-14T15:15:51.451+0000] {dag.py:3340} INFO - Setting next_dagrun for latest_only_with_trigger to 2024-01-14T11:15:51.451119+00:00, run_after=2024-01-14T15:15:51.451119+00:00
[2024-01-14T15:15:51.462+0000] {processor.py:176} INFO - Processing /home/airflow/.local/lib/python3.7/site-packages/airflow/example_dags/example_latest_only_with_trigger.py took 0.067 seconds
[2024-01-14T15:16:22.443+0000] {processor.py:154} INFO - Started process (PID=2021) to work on /home/airflow/.local/lib/python3.7/site-packages/airflow/example_dags/example_latest_only_with_trigger.py
[2024-01-14T15:16:22.444+0000] {processor.py:756} INFO - Processing file /home/airflow/.local/lib/python3.7/site-packages/airflow/example_dags/example_latest_only_with_trigger.py for tasks to queue
[2024-01-14T15:16:22.444+0000] {logging_mixin.py:120} INFO - [2024-01-14T15:16:22.444+0000] {dagbag.py:537} INFO - Filling up the DagBag from /home/airflow/.local/lib/python3.7/site-packages/airflow/example_dags/example_latest_only_with_trigger.py
[2024-01-14T15:16:22.456+0000] {processor.py:766} INFO - DAG(s) dict_keys(['latest_only_with_trigger']) retrieved from /home/airflow/.local/lib/python3.7/site-packages/airflow/example_dags/example_latest_only_with_trigger.py
[2024-01-14T15:16:22.486+0000] {logging_mixin.py:120} INFO - [2024-01-14T15:16:22.486+0000] {dag.py:2585} INFO - Sync 1 DAGs
[2024-01-14T15:16:22.502+0000] {logging_mixin.py:120} INFO - [2024-01-14T15:16:22.502+0000] {dag.py:3340} INFO - Setting next_dagrun for latest_only_with_trigger to 2024-01-14T11:16:22.502525+00:00, run_after=2024-01-14T15:16:22.502525+00:00
[2024-01-14T15:16:22.514+0000] {processor.py:176} INFO - Processing /home/airflow/.local/lib/python3.7/site-packages/airflow/example_dags/example_latest_only_with_trigger.py took 0.073 seconds
[2024-01-14T15:16:53.515+0000] {processor.py:154} INFO - Started process (PID=2084) to work on /home/airflow/.local/lib/python3.7/site-packages/airflow/example_dags/example_latest_only_with_trigger.py
[2024-01-14T15:16:53.515+0000] {processor.py:756} INFO - Processing file /home/airflow/.local/lib/python3.7/site-packages/airflow/example_dags/example_latest_only_with_trigger.py for tasks to queue
[2024-01-14T15:16:53.516+0000] {logging_mixin.py:120} INFO - [2024-01-14T15:16:53.516+0000] {dagbag.py:537} INFO - Filling up the DagBag from /home/airflow/.local/lib/python3.7/site-packages/airflow/example_dags/example_latest_only_with_trigger.py
[2024-01-14T15:16:53.526+0000] {processor.py:766} INFO - DAG(s) dict_keys(['latest_only_with_trigger']) retrieved from /home/airflow/.local/lib/python3.7/site-packages/airflow/example_dags/example_latest_only_with_trigger.py
[2024-01-14T15:16:53.552+0000] {logging_mixin.py:120} INFO - [2024-01-14T15:16:53.552+0000] {dag.py:2585} INFO - Sync 1 DAGs
[2024-01-14T15:16:53.568+0000] {logging_mixin.py:120} INFO - [2024-01-14T15:16:53.568+0000] {dag.py:3340} INFO - Setting next_dagrun for latest_only_with_trigger to 2024-01-14T11:16:53.568177+00:00, run_after=2024-01-14T15:16:53.568177+00:00
[2024-01-14T15:16:53.580+0000] {processor.py:176} INFO - Processing /home/airflow/.local/lib/python3.7/site-packages/airflow/example_dags/example_latest_only_with_trigger.py took 0.067 seconds
[2024-01-14T15:17:24.628+0000] {processor.py:154} INFO - Started process (PID=2147) to work on /home/airflow/.local/lib/python3.7/site-packages/airflow/example_dags/example_latest_only_with_trigger.py
[2024-01-14T15:17:24.629+0000] {processor.py:756} INFO - Processing file /home/airflow/.local/lib/python3.7/site-packages/airflow/example_dags/example_latest_only_with_trigger.py for tasks to queue
[2024-01-14T15:17:24.629+0000] {logging_mixin.py:120} INFO - [2024-01-14T15:17:24.629+0000] {dagbag.py:537} INFO - Filling up the DagBag from /home/airflow/.local/lib/python3.7/site-packages/airflow/example_dags/example_latest_only_with_trigger.py
[2024-01-14T15:17:24.639+0000] {processor.py:766} INFO - DAG(s) dict_keys(['latest_only_with_trigger']) retrieved from /home/airflow/.local/lib/python3.7/site-packages/airflow/example_dags/example_latest_only_with_trigger.py
[2024-01-14T15:17:24.664+0000] {logging_mixin.py:120} INFO - [2024-01-14T15:17:24.664+0000] {dag.py:2585} INFO - Sync 1 DAGs
[2024-01-14T15:17:24.681+0000] {logging_mixin.py:120} INFO - [2024-01-14T15:17:24.681+0000] {dag.py:3340} INFO - Setting next_dagrun for latest_only_with_trigger to 2024-01-14T11:17:24.680929+00:00, run_after=2024-01-14T15:17:24.680929+00:00
[2024-01-14T15:17:24.692+0000] {processor.py:176} INFO - Processing /home/airflow/.local/lib/python3.7/site-packages/airflow/example_dags/example_latest_only_with_trigger.py took 0.067 seconds
[2024-01-14T15:17:54.878+0000] {processor.py:154} INFO - Started process (PID=2210) to work on /home/airflow/.local/lib/python3.7/site-packages/airflow/example_dags/example_latest_only_with_trigger.py
[2024-01-14T15:17:54.878+0000] {processor.py:756} INFO - Processing file /home/airflow/.local/lib/python3.7/site-packages/airflow/example_dags/example_latest_only_with_trigger.py for tasks to queue
[2024-01-14T15:17:54.879+0000] {logging_mixin.py:120} INFO - [2024-01-14T15:17:54.879+0000] {dagbag.py:537} INFO - Filling up the DagBag from /home/airflow/.local/lib/python3.7/site-packages/airflow/example_dags/example_latest_only_with_trigger.py
[2024-01-14T15:17:54.888+0000] {processor.py:766} INFO - DAG(s) dict_keys(['latest_only_with_trigger']) retrieved from /home/airflow/.local/lib/python3.7/site-packages/airflow/example_dags/example_latest_only_with_trigger.py
[2024-01-14T15:17:54.916+0000] {logging_mixin.py:120} INFO - [2024-01-14T15:17:54.916+0000] {dag.py:2585} INFO - Sync 1 DAGs
[2024-01-14T15:17:54.931+0000] {logging_mixin.py:120} INFO - [2024-01-14T15:17:54.931+0000] {dag.py:3340} INFO - Setting next_dagrun for latest_only_with_trigger to 2024-01-14T11:17:54.931718+00:00, run_after=2024-01-14T15:17:54.931718+00:00
[2024-01-14T15:17:54.942+0000] {processor.py:176} INFO - Processing /home/airflow/.local/lib/python3.7/site-packages/airflow/example_dags/example_latest_only_with_trigger.py took 0.067 seconds
[2024-01-14T15:18:25.944+0000] {processor.py:154} INFO - Started process (PID=2273) to work on /home/airflow/.local/lib/python3.7/site-packages/airflow/example_dags/example_latest_only_with_trigger.py
[2024-01-14T15:18:25.945+0000] {processor.py:756} INFO - Processing file /home/airflow/.local/lib/python3.7/site-packages/airflow/example_dags/example_latest_only_with_trigger.py for tasks to queue
[2024-01-14T15:18:25.945+0000] {logging_mixin.py:120} INFO - [2024-01-14T15:18:25.945+0000] {dagbag.py:537} INFO - Filling up the DagBag from /home/airflow/.local/lib/python3.7/site-packages/airflow/example_dags/example_latest_only_with_trigger.py
[2024-01-14T15:18:25.955+0000] {processor.py:766} INFO - DAG(s) dict_keys(['latest_only_with_trigger']) retrieved from /home/airflow/.local/lib/python3.7/site-packages/airflow/example_dags/example_latest_only_with_trigger.py
[2024-01-14T15:18:25.983+0000] {logging_mixin.py:120} INFO - [2024-01-14T15:18:25.983+0000] {dag.py:2585} INFO - Sync 1 DAGs
[2024-01-14T15:18:25.999+0000] {logging_mixin.py:120} INFO - [2024-01-14T15:18:25.998+0000] {dag.py:3340} INFO - Setting next_dagrun for latest_only_with_trigger to 2024-01-14T11:18:25.998744+00:00, run_after=2024-01-14T15:18:25.998744+00:00
[2024-01-14T15:18:26.010+0000] {processor.py:176} INFO - Processing /home/airflow/.local/lib/python3.7/site-packages/airflow/example_dags/example_latest_only_with_trigger.py took 0.068 seconds
[2024-01-14T15:18:56.797+0000] {processor.py:154} INFO - Started process (PID=2336) to work on /home/airflow/.local/lib/python3.7/site-packages/airflow/example_dags/example_latest_only_with_trigger.py
[2024-01-14T15:18:56.798+0000] {processor.py:756} INFO - Processing file /home/airflow/.local/lib/python3.7/site-packages/airflow/example_dags/example_latest_only_with_trigger.py for tasks to queue
[2024-01-14T15:18:56.799+0000] {logging_mixin.py:120} INFO - [2024-01-14T15:18:56.798+0000] {dagbag.py:537} INFO - Filling up the DagBag from /home/airflow/.local/lib/python3.7/site-packages/airflow/example_dags/example_latest_only_with_trigger.py
[2024-01-14T15:18:56.810+0000] {processor.py:766} INFO - DAG(s) dict_keys(['latest_only_with_trigger']) retrieved from /home/airflow/.local/lib/python3.7/site-packages/airflow/example_dags/example_latest_only_with_trigger.py
[2024-01-14T15:18:56.836+0000] {logging_mixin.py:120} INFO - [2024-01-14T15:18:56.836+0000] {dag.py:2585} INFO - Sync 1 DAGs
[2024-01-14T15:18:56.851+0000] {logging_mixin.py:120} INFO - [2024-01-14T15:18:56.851+0000] {dag.py:3340} INFO - Setting next_dagrun for latest_only_with_trigger to 2024-01-14T11:18:56.851427+00:00, run_after=2024-01-14T15:18:56.851427+00:00
[2024-01-14T15:18:56.863+0000] {processor.py:176} INFO - Processing /home/airflow/.local/lib/python3.7/site-packages/airflow/example_dags/example_latest_only_with_trigger.py took 0.069 seconds
[2024-01-14T15:19:27.814+0000] {processor.py:154} INFO - Started process (PID=2390) to work on /home/airflow/.local/lib/python3.7/site-packages/airflow/example_dags/example_latest_only_with_trigger.py
[2024-01-14T15:19:27.815+0000] {processor.py:756} INFO - Processing file /home/airflow/.local/lib/python3.7/site-packages/airflow/example_dags/example_latest_only_with_trigger.py for tasks to queue
[2024-01-14T15:19:27.816+0000] {logging_mixin.py:120} INFO - [2024-01-14T15:19:27.815+0000] {dagbag.py:537} INFO - Filling up the DagBag from /home/airflow/.local/lib/python3.7/site-packages/airflow/example_dags/example_latest_only_with_trigger.py
[2024-01-14T15:19:27.826+0000] {processor.py:766} INFO - DAG(s) dict_keys(['latest_only_with_trigger']) retrieved from /home/airflow/.local/lib/python3.7/site-packages/airflow/example_dags/example_latest_only_with_trigger.py
[2024-01-14T15:19:27.852+0000] {logging_mixin.py:120} INFO - [2024-01-14T15:19:27.852+0000] {dag.py:2585} INFO - Sync 1 DAGs
[2024-01-14T15:19:27.868+0000] {logging_mixin.py:120} INFO - [2024-01-14T15:19:27.868+0000] {dag.py:3340} INFO - Setting next_dagrun for latest_only_with_trigger to 2024-01-14T11:19:27.868334+00:00, run_after=2024-01-14T15:19:27.868334+00:00
[2024-01-14T15:19:27.879+0000] {processor.py:176} INFO - Processing /home/airflow/.local/lib/python3.7/site-packages/airflow/example_dags/example_latest_only_with_trigger.py took 0.067 seconds
[2024-01-14T15:19:58.032+0000] {processor.py:154} INFO - Started process (PID=2453) to work on /home/airflow/.local/lib/python3.7/site-packages/airflow/example_dags/example_latest_only_with_trigger.py
[2024-01-14T15:19:58.033+0000] {processor.py:756} INFO - Processing file /home/airflow/.local/lib/python3.7/site-packages/airflow/example_dags/example_latest_only_with_trigger.py for tasks to queue
[2024-01-14T15:19:58.033+0000] {logging_mixin.py:120} INFO - [2024-01-14T15:19:58.033+0000] {dagbag.py:537} INFO - Filling up the DagBag from /home/airflow/.local/lib/python3.7/site-packages/airflow/example_dags/example_latest_only_with_trigger.py
[2024-01-14T15:19:58.043+0000] {processor.py:766} INFO - DAG(s) dict_keys(['latest_only_with_trigger']) retrieved from /home/airflow/.local/lib/python3.7/site-packages/airflow/example_dags/example_latest_only_with_trigger.py
[2024-01-14T15:19:58.072+0000] {logging_mixin.py:120} INFO - [2024-01-14T15:19:58.072+0000] {dag.py:2585} INFO - Sync 1 DAGs
[2024-01-14T15:19:58.087+0000] {logging_mixin.py:120} INFO - [2024-01-14T15:19:58.087+0000] {dag.py:3340} INFO - Setting next_dagrun for latest_only_with_trigger to 2024-01-14T11:19:58.087240+00:00, run_after=2024-01-14T15:19:58.087240+00:00
[2024-01-14T15:19:58.100+0000] {processor.py:176} INFO - Processing /home/airflow/.local/lib/python3.7/site-packages/airflow/example_dags/example_latest_only_with_trigger.py took 0.070 seconds
[2024-01-14T15:20:28.959+0000] {processor.py:154} INFO - Started process (PID=2516) to work on /home/airflow/.local/lib/python3.7/site-packages/airflow/example_dags/example_latest_only_with_trigger.py
[2024-01-14T15:20:28.960+0000] {processor.py:756} INFO - Processing file /home/airflow/.local/lib/python3.7/site-packages/airflow/example_dags/example_latest_only_with_trigger.py for tasks to queue
[2024-01-14T15:20:28.961+0000] {logging_mixin.py:120} INFO - [2024-01-14T15:20:28.961+0000] {dagbag.py:537} INFO - Filling up the DagBag from /home/airflow/.local/lib/python3.7/site-packages/airflow/example_dags/example_latest_only_with_trigger.py
[2024-01-14T15:20:28.972+0000] {processor.py:766} INFO - DAG(s) dict_keys(['latest_only_with_trigger']) retrieved from /home/airflow/.local/lib/python3.7/site-packages/airflow/example_dags/example_latest_only_with_trigger.py
[2024-01-14T15:20:29.004+0000] {logging_mixin.py:120} INFO - [2024-01-14T15:20:29.004+0000] {dag.py:2585} INFO - Sync 1 DAGs
[2024-01-14T15:20:29.024+0000] {logging_mixin.py:120} INFO - [2024-01-14T15:20:29.024+0000] {dag.py:3340} INFO - Setting next_dagrun for latest_only_with_trigger to 2024-01-14T11:20:29.024099+00:00, run_after=2024-01-14T15:20:29.024099+00:00
[2024-01-14T15:20:29.035+0000] {processor.py:176} INFO - Processing /home/airflow/.local/lib/python3.7/site-packages/airflow/example_dags/example_latest_only_with_trigger.py took 0.078 seconds
[2024-01-14T15:20:59.838+0000] {processor.py:154} INFO - Started process (PID=2579) to work on /home/airflow/.local/lib/python3.7/site-packages/airflow/example_dags/example_latest_only_with_trigger.py
[2024-01-14T15:20:59.839+0000] {processor.py:756} INFO - Processing file /home/airflow/.local/lib/python3.7/site-packages/airflow/example_dags/example_latest_only_with_trigger.py for tasks to queue
[2024-01-14T15:20:59.840+0000] {logging_mixin.py:120} INFO - [2024-01-14T15:20:59.840+0000] {dagbag.py:537} INFO - Filling up the DagBag from /home/airflow/.local/lib/python3.7/site-packages/airflow/example_dags/example_latest_only_with_trigger.py
[2024-01-14T15:20:59.849+0000] {processor.py:766} INFO - DAG(s) dict_keys(['latest_only_with_trigger']) retrieved from /home/airflow/.local/lib/python3.7/site-packages/airflow/example_dags/example_latest_only_with_trigger.py
[2024-01-14T15:20:59.875+0000] {logging_mixin.py:120} INFO - [2024-01-14T15:20:59.875+0000] {dag.py:2585} INFO - Sync 1 DAGs
[2024-01-14T15:20:59.891+0000] {logging_mixin.py:120} INFO - [2024-01-14T15:20:59.891+0000] {dag.py:3340} INFO - Setting next_dagrun for latest_only_with_trigger to 2024-01-14T11:20:59.891189+00:00, run_after=2024-01-14T15:20:59.891189+00:00
[2024-01-14T15:20:59.902+0000] {processor.py:176} INFO - Processing /home/airflow/.local/lib/python3.7/site-packages/airflow/example_dags/example_latest_only_with_trigger.py took 0.066 seconds
[2024-01-14T15:21:30.921+0000] {processor.py:154} INFO - Started process (PID=2642) to work on /home/airflow/.local/lib/python3.7/site-packages/airflow/example_dags/example_latest_only_with_trigger.py
[2024-01-14T15:21:30.921+0000] {processor.py:756} INFO - Processing file /home/airflow/.local/lib/python3.7/site-packages/airflow/example_dags/example_latest_only_with_trigger.py for tasks to queue
[2024-01-14T15:21:30.922+0000] {logging_mixin.py:120} INFO - [2024-01-14T15:21:30.922+0000] {dagbag.py:537} INFO - Filling up the DagBag from /home/airflow/.local/lib/python3.7/site-packages/airflow/example_dags/example_latest_only_with_trigger.py
[2024-01-14T15:21:30.932+0000] {processor.py:766} INFO - DAG(s) dict_keys(['latest_only_with_trigger']) retrieved from /home/airflow/.local/lib/python3.7/site-packages/airflow/example_dags/example_latest_only_with_trigger.py
[2024-01-14T15:21:30.958+0000] {logging_mixin.py:120} INFO - [2024-01-14T15:21:30.958+0000] {dag.py:2585} INFO - Sync 1 DAGs
[2024-01-14T15:21:30.975+0000] {logging_mixin.py:120} INFO - [2024-01-14T15:21:30.975+0000] {dag.py:3340} INFO - Setting next_dagrun for latest_only_with_trigger to 2024-01-14T11:21:30.975268+00:00, run_after=2024-01-14T15:21:30.975268+00:00
[2024-01-14T15:21:30.987+0000] {processor.py:176} INFO - Processing /home/airflow/.local/lib/python3.7/site-packages/airflow/example_dags/example_latest_only_with_trigger.py took 0.069 seconds
[2024-01-14T15:22:01.830+0000] {processor.py:154} INFO - Started process (PID=2705) to work on /home/airflow/.local/lib/python3.7/site-packages/airflow/example_dags/example_latest_only_with_trigger.py
[2024-01-14T15:22:01.831+0000] {processor.py:756} INFO - Processing file /home/airflow/.local/lib/python3.7/site-packages/airflow/example_dags/example_latest_only_with_trigger.py for tasks to queue
[2024-01-14T15:22:01.831+0000] {logging_mixin.py:120} INFO - [2024-01-14T15:22:01.831+0000] {dagbag.py:537} INFO - Filling up the DagBag from /home/airflow/.local/lib/python3.7/site-packages/airflow/example_dags/example_latest_only_with_trigger.py
[2024-01-14T15:22:01.841+0000] {processor.py:766} INFO - DAG(s) dict_keys(['latest_only_with_trigger']) retrieved from /home/airflow/.local/lib/python3.7/site-packages/airflow/example_dags/example_latest_only_with_trigger.py
[2024-01-14T15:22:01.869+0000] {logging_mixin.py:120} INFO - [2024-01-14T15:22:01.868+0000] {dag.py:2585} INFO - Sync 1 DAGs
[2024-01-14T15:22:01.884+0000] {logging_mixin.py:120} INFO - [2024-01-14T15:22:01.884+0000] {dag.py:3340} INFO - Setting next_dagrun for latest_only_with_trigger to 2024-01-14T11:22:01.884366+00:00, run_after=2024-01-14T15:22:01.884366+00:00
[2024-01-14T15:22:01.894+0000] {processor.py:176} INFO - Processing /home/airflow/.local/lib/python3.7/site-packages/airflow/example_dags/example_latest_only_with_trigger.py took 0.066 seconds
[2024-01-14T15:22:32.830+0000] {processor.py:154} INFO - Started process (PID=2759) to work on /home/airflow/.local/lib/python3.7/site-packages/airflow/example_dags/example_latest_only_with_trigger.py
[2024-01-14T15:22:32.830+0000] {processor.py:756} INFO - Processing file /home/airflow/.local/lib/python3.7/site-packages/airflow/example_dags/example_latest_only_with_trigger.py for tasks to queue
[2024-01-14T15:22:32.831+0000] {logging_mixin.py:120} INFO - [2024-01-14T15:22:32.831+0000] {dagbag.py:537} INFO - Filling up the DagBag from /home/airflow/.local/lib/python3.7/site-packages/airflow/example_dags/example_latest_only_with_trigger.py
[2024-01-14T15:22:32.841+0000] {processor.py:766} INFO - DAG(s) dict_keys(['latest_only_with_trigger']) retrieved from /home/airflow/.local/lib/python3.7/site-packages/airflow/example_dags/example_latest_only_with_trigger.py
[2024-01-14T15:22:32.868+0000] {logging_mixin.py:120} INFO - [2024-01-14T15:22:32.868+0000] {dag.py:2585} INFO - Sync 1 DAGs
[2024-01-14T15:22:32.885+0000] {logging_mixin.py:120} INFO - [2024-01-14T15:22:32.884+0000] {dag.py:3340} INFO - Setting next_dagrun for latest_only_with_trigger to 2024-01-14T11:22:32.884745+00:00, run_after=2024-01-14T15:22:32.884745+00:00
[2024-01-14T15:22:32.896+0000] {processor.py:176} INFO - Processing /home/airflow/.local/lib/python3.7/site-packages/airflow/example_dags/example_latest_only_with_trigger.py took 0.069 seconds
[2024-01-14T15:23:03.043+0000] {processor.py:154} INFO - Started process (PID=2822) to work on /home/airflow/.local/lib/python3.7/site-packages/airflow/example_dags/example_latest_only_with_trigger.py
[2024-01-14T15:23:03.044+0000] {processor.py:756} INFO - Processing file /home/airflow/.local/lib/python3.7/site-packages/airflow/example_dags/example_latest_only_with_trigger.py for tasks to queue
[2024-01-14T15:23:03.044+0000] {logging_mixin.py:120} INFO - [2024-01-14T15:23:03.044+0000] {dagbag.py:537} INFO - Filling up the DagBag from /home/airflow/.local/lib/python3.7/site-packages/airflow/example_dags/example_latest_only_with_trigger.py
[2024-01-14T15:23:03.054+0000] {processor.py:766} INFO - DAG(s) dict_keys(['latest_only_with_trigger']) retrieved from /home/airflow/.local/lib/python3.7/site-packages/airflow/example_dags/example_latest_only_with_trigger.py
[2024-01-14T15:23:03.082+0000] {logging_mixin.py:120} INFO - [2024-01-14T15:23:03.082+0000] {dag.py:2585} INFO - Sync 1 DAGs
[2024-01-14T15:23:03.098+0000] {logging_mixin.py:120} INFO - [2024-01-14T15:23:03.098+0000] {dag.py:3340} INFO - Setting next_dagrun for latest_only_with_trigger to 2024-01-14T11:23:03.097855+00:00, run_after=2024-01-14T15:23:03.097855+00:00
[2024-01-14T15:23:03.110+0000] {processor.py:176} INFO - Processing /home/airflow/.local/lib/python3.7/site-packages/airflow/example_dags/example_latest_only_with_trigger.py took 0.069 seconds
[2024-01-14T15:23:33.304+0000] {processor.py:154} INFO - Started process (PID=2885) to work on /home/airflow/.local/lib/python3.7/site-packages/airflow/example_dags/example_latest_only_with_trigger.py
[2024-01-14T15:23:33.305+0000] {processor.py:756} INFO - Processing file /home/airflow/.local/lib/python3.7/site-packages/airflow/example_dags/example_latest_only_with_trigger.py for tasks to queue
[2024-01-14T15:23:33.305+0000] {logging_mixin.py:120} INFO - [2024-01-14T15:23:33.305+0000] {dagbag.py:537} INFO - Filling up the DagBag from /home/airflow/.local/lib/python3.7/site-packages/airflow/example_dags/example_latest_only_with_trigger.py
[2024-01-14T15:23:33.316+0000] {processor.py:766} INFO - DAG(s) dict_keys(['latest_only_with_trigger']) retrieved from /home/airflow/.local/lib/python3.7/site-packages/airflow/example_dags/example_latest_only_with_trigger.py
[2024-01-14T15:23:33.342+0000] {logging_mixin.py:120} INFO - [2024-01-14T15:23:33.342+0000] {dag.py:2585} INFO - Sync 1 DAGs
[2024-01-14T15:23:33.358+0000] {logging_mixin.py:120} INFO - [2024-01-14T15:23:33.358+0000] {dag.py:3340} INFO - Setting next_dagrun for latest_only_with_trigger to 2024-01-14T11:23:33.358533+00:00, run_after=2024-01-14T15:23:33.358533+00:00
[2024-01-14T15:23:33.369+0000] {processor.py:176} INFO - Processing /home/airflow/.local/lib/python3.7/site-packages/airflow/example_dags/example_latest_only_with_trigger.py took 0.067 seconds
[2024-01-14T15:24:04.384+0000] {processor.py:154} INFO - Started process (PID=2948) to work on /home/airflow/.local/lib/python3.7/site-packages/airflow/example_dags/example_latest_only_with_trigger.py
[2024-01-14T15:24:04.385+0000] {processor.py:756} INFO - Processing file /home/airflow/.local/lib/python3.7/site-packages/airflow/example_dags/example_latest_only_with_trigger.py for tasks to queue
[2024-01-14T15:24:04.385+0000] {logging_mixin.py:120} INFO - [2024-01-14T15:24:04.385+0000] {dagbag.py:537} INFO - Filling up the DagBag from /home/airflow/.local/lib/python3.7/site-packages/airflow/example_dags/example_latest_only_with_trigger.py
[2024-01-14T15:24:04.395+0000] {processor.py:766} INFO - DAG(s) dict_keys(['latest_only_with_trigger']) retrieved from /home/airflow/.local/lib/python3.7/site-packages/airflow/example_dags/example_latest_only_with_trigger.py
[2024-01-14T15:24:04.423+0000] {logging_mixin.py:120} INFO - [2024-01-14T15:24:04.423+0000] {dag.py:2585} INFO - Sync 1 DAGs
[2024-01-14T15:24:04.439+0000] {logging_mixin.py:120} INFO - [2024-01-14T15:24:04.439+0000] {dag.py:3340} INFO - Setting next_dagrun for latest_only_with_trigger to 2024-01-14T11:24:04.438880+00:00, run_after=2024-01-14T15:24:04.438880+00:00
[2024-01-14T15:24:04.451+0000] {processor.py:176} INFO - Processing /home/airflow/.local/lib/python3.7/site-packages/airflow/example_dags/example_latest_only_with_trigger.py took 0.070 seconds
[2024-01-14T15:24:35.507+0000] {processor.py:154} INFO - Started process (PID=3011) to work on /home/airflow/.local/lib/python3.7/site-packages/airflow/example_dags/example_latest_only_with_trigger.py
[2024-01-14T15:24:35.508+0000] {processor.py:756} INFO - Processing file /home/airflow/.local/lib/python3.7/site-packages/airflow/example_dags/example_latest_only_with_trigger.py for tasks to queue
[2024-01-14T15:24:35.508+0000] {logging_mixin.py:120} INFO - [2024-01-14T15:24:35.508+0000] {dagbag.py:537} INFO - Filling up the DagBag from /home/airflow/.local/lib/python3.7/site-packages/airflow/example_dags/example_latest_only_with_trigger.py
[2024-01-14T15:24:35.518+0000] {processor.py:766} INFO - DAG(s) dict_keys(['latest_only_with_trigger']) retrieved from /home/airflow/.local/lib/python3.7/site-packages/airflow/example_dags/example_latest_only_with_trigger.py
[2024-01-14T15:24:35.545+0000] {logging_mixin.py:120} INFO - [2024-01-14T15:24:35.545+0000] {dag.py:2585} INFO - Sync 1 DAGs
[2024-01-14T15:24:35.560+0000] {logging_mixin.py:120} INFO - [2024-01-14T15:24:35.560+0000] {dag.py:3340} INFO - Setting next_dagrun for latest_only_with_trigger to 2024-01-14T11:24:35.560546+00:00, run_after=2024-01-14T15:24:35.560546+00:00
[2024-01-14T15:24:35.571+0000] {processor.py:176} INFO - Processing /home/airflow/.local/lib/python3.7/site-packages/airflow/example_dags/example_latest_only_with_trigger.py took 0.066 seconds
[2024-01-14T15:25:06.428+0000] {processor.py:154} INFO - Started process (PID=3074) to work on /home/airflow/.local/lib/python3.7/site-packages/airflow/example_dags/example_latest_only_with_trigger.py
[2024-01-14T15:25:06.428+0000] {processor.py:756} INFO - Processing file /home/airflow/.local/lib/python3.7/site-packages/airflow/example_dags/example_latest_only_with_trigger.py for tasks to queue
[2024-01-14T15:25:06.429+0000] {logging_mixin.py:120} INFO - [2024-01-14T15:25:06.429+0000] {dagbag.py:537} INFO - Filling up the DagBag from /home/airflow/.local/lib/python3.7/site-packages/airflow/example_dags/example_latest_only_with_trigger.py
[2024-01-14T15:25:06.439+0000] {processor.py:766} INFO - DAG(s) dict_keys(['latest_only_with_trigger']) retrieved from /home/airflow/.local/lib/python3.7/site-packages/airflow/example_dags/example_latest_only_with_trigger.py
[2024-01-14T15:25:06.464+0000] {logging_mixin.py:120} INFO - [2024-01-14T15:25:06.464+0000] {dag.py:2585} INFO - Sync 1 DAGs
[2024-01-14T15:25:06.480+0000] {logging_mixin.py:120} INFO - [2024-01-14T15:25:06.480+0000] {dag.py:3340} INFO - Setting next_dagrun for latest_only_with_trigger to 2024-01-14T11:25:06.480185+00:00, run_after=2024-01-14T15:25:06.480185+00:00
[2024-01-14T15:25:06.491+0000] {processor.py:176} INFO - Processing /home/airflow/.local/lib/python3.7/site-packages/airflow/example_dags/example_latest_only_with_trigger.py took 0.065 seconds
[2024-01-14T15:25:37.497+0000] {processor.py:154} INFO - Started process (PID=3137) to work on /home/airflow/.local/lib/python3.7/site-packages/airflow/example_dags/example_latest_only_with_trigger.py
[2024-01-14T15:25:37.498+0000] {processor.py:756} INFO - Processing file /home/airflow/.local/lib/python3.7/site-packages/airflow/example_dags/example_latest_only_with_trigger.py for tasks to queue
[2024-01-14T15:25:37.498+0000] {logging_mixin.py:120} INFO - [2024-01-14T15:25:37.498+0000] {dagbag.py:537} INFO - Filling up the DagBag from /home/airflow/.local/lib/python3.7/site-packages/airflow/example_dags/example_latest_only_with_trigger.py
[2024-01-14T15:25:37.508+0000] {processor.py:766} INFO - DAG(s) dict_keys(['latest_only_with_trigger']) retrieved from /home/airflow/.local/lib/python3.7/site-packages/airflow/example_dags/example_latest_only_with_trigger.py
[2024-01-14T15:25:37.533+0000] {logging_mixin.py:120} INFO - [2024-01-14T15:25:37.533+0000] {dag.py:2585} INFO - Sync 1 DAGs
[2024-01-14T15:25:37.549+0000] {logging_mixin.py:120} INFO - [2024-01-14T15:25:37.549+0000] {dag.py:3340} INFO - Setting next_dagrun for latest_only_with_trigger to 2024-01-14T11:25:37.549142+00:00, run_after=2024-01-14T15:25:37.549142+00:00
[2024-01-14T15:25:37.560+0000] {processor.py:176} INFO - Processing /home/airflow/.local/lib/python3.7/site-packages/airflow/example_dags/example_latest_only_with_trigger.py took 0.065 seconds
[2024-01-14T15:26:08.542+0000] {processor.py:154} INFO - Started process (PID=3191) to work on /home/airflow/.local/lib/python3.7/site-packages/airflow/example_dags/example_latest_only_with_trigger.py
[2024-01-14T15:26:08.543+0000] {processor.py:756} INFO - Processing file /home/airflow/.local/lib/python3.7/site-packages/airflow/example_dags/example_latest_only_with_trigger.py for tasks to queue
[2024-01-14T15:26:08.544+0000] {logging_mixin.py:120} INFO - [2024-01-14T15:26:08.544+0000] {dagbag.py:537} INFO - Filling up the DagBag from /home/airflow/.local/lib/python3.7/site-packages/airflow/example_dags/example_latest_only_with_trigger.py
[2024-01-14T15:26:08.554+0000] {processor.py:766} INFO - DAG(s) dict_keys(['latest_only_with_trigger']) retrieved from /home/airflow/.local/lib/python3.7/site-packages/airflow/example_dags/example_latest_only_with_trigger.py
[2024-01-14T15:26:08.580+0000] {logging_mixin.py:120} INFO - [2024-01-14T15:26:08.580+0000] {dag.py:2585} INFO - Sync 1 DAGs
[2024-01-14T15:26:08.594+0000] {logging_mixin.py:120} INFO - [2024-01-14T15:26:08.594+0000] {dag.py:3340} INFO - Setting next_dagrun for latest_only_with_trigger to 2024-01-14T11:26:08.594639+00:00, run_after=2024-01-14T15:26:08.594639+00:00
[2024-01-14T15:26:08.605+0000] {processor.py:176} INFO - Processing /home/airflow/.local/lib/python3.7/site-packages/airflow/example_dags/example_latest_only_with_trigger.py took 0.065 seconds
[2024-01-14T15:26:39.541+0000] {processor.py:154} INFO - Started process (PID=3254) to work on /home/airflow/.local/lib/python3.7/site-packages/airflow/example_dags/example_latest_only_with_trigger.py
[2024-01-14T15:26:39.542+0000] {processor.py:756} INFO - Processing file /home/airflow/.local/lib/python3.7/site-packages/airflow/example_dags/example_latest_only_with_trigger.py for tasks to queue
[2024-01-14T15:26:39.543+0000] {logging_mixin.py:120} INFO - [2024-01-14T15:26:39.542+0000] {dagbag.py:537} INFO - Filling up the DagBag from /home/airflow/.local/lib/python3.7/site-packages/airflow/example_dags/example_latest_only_with_trigger.py
[2024-01-14T15:26:39.552+0000] {processor.py:766} INFO - DAG(s) dict_keys(['latest_only_with_trigger']) retrieved from /home/airflow/.local/lib/python3.7/site-packages/airflow/example_dags/example_latest_only_with_trigger.py
[2024-01-14T15:26:39.580+0000] {logging_mixin.py:120} INFO - [2024-01-14T15:26:39.580+0000] {dag.py:2585} INFO - Sync 1 DAGs
[2024-01-14T15:26:39.595+0000] {logging_mixin.py:120} INFO - [2024-01-14T15:26:39.595+0000] {dag.py:3340} INFO - Setting next_dagrun for latest_only_with_trigger to 2024-01-14T11:26:39.595239+00:00, run_after=2024-01-14T15:26:39.595239+00:00
[2024-01-14T15:26:39.606+0000] {processor.py:176} INFO - Processing /home/airflow/.local/lib/python3.7/site-packages/airflow/example_dags/example_latest_only_with_trigger.py took 0.067 seconds
[2024-01-14T15:27:10.499+0000] {processor.py:154} INFO - Started process (PID=3317) to work on /home/airflow/.local/lib/python3.7/site-packages/airflow/example_dags/example_latest_only_with_trigger.py
[2024-01-14T15:27:10.499+0000] {processor.py:756} INFO - Processing file /home/airflow/.local/lib/python3.7/site-packages/airflow/example_dags/example_latest_only_with_trigger.py for tasks to queue
[2024-01-14T15:27:10.500+0000] {logging_mixin.py:120} INFO - [2024-01-14T15:27:10.500+0000] {dagbag.py:537} INFO - Filling up the DagBag from /home/airflow/.local/lib/python3.7/site-packages/airflow/example_dags/example_latest_only_with_trigger.py
[2024-01-14T15:27:10.510+0000] {processor.py:766} INFO - DAG(s) dict_keys(['latest_only_with_trigger']) retrieved from /home/airflow/.local/lib/python3.7/site-packages/airflow/example_dags/example_latest_only_with_trigger.py
[2024-01-14T15:27:10.537+0000] {logging_mixin.py:120} INFO - [2024-01-14T15:27:10.536+0000] {dag.py:2585} INFO - Sync 1 DAGs
[2024-01-14T15:27:10.553+0000] {logging_mixin.py:120} INFO - [2024-01-14T15:27:10.553+0000] {dag.py:3340} INFO - Setting next_dagrun for latest_only_with_trigger to 2024-01-14T11:27:10.553011+00:00, run_after=2024-01-14T15:27:10.553011+00:00
[2024-01-14T15:27:10.565+0000] {processor.py:176} INFO - Processing /home/airflow/.local/lib/python3.7/site-packages/airflow/example_dags/example_latest_only_with_trigger.py took 0.068 seconds
[2024-01-14T15:27:41.649+0000] {processor.py:154} INFO - Started process (PID=3380) to work on /home/airflow/.local/lib/python3.7/site-packages/airflow/example_dags/example_latest_only_with_trigger.py
[2024-01-14T15:27:41.649+0000] {processor.py:756} INFO - Processing file /home/airflow/.local/lib/python3.7/site-packages/airflow/example_dags/example_latest_only_with_trigger.py for tasks to queue
[2024-01-14T15:27:41.650+0000] {logging_mixin.py:120} INFO - [2024-01-14T15:27:41.650+0000] {dagbag.py:537} INFO - Filling up the DagBag from /home/airflow/.local/lib/python3.7/site-packages/airflow/example_dags/example_latest_only_with_trigger.py
[2024-01-14T15:27:41.660+0000] {processor.py:766} INFO - DAG(s) dict_keys(['latest_only_with_trigger']) retrieved from /home/airflow/.local/lib/python3.7/site-packages/airflow/example_dags/example_latest_only_with_trigger.py
[2024-01-14T15:27:41.687+0000] {logging_mixin.py:120} INFO - [2024-01-14T15:27:41.687+0000] {dag.py:2585} INFO - Sync 1 DAGs
[2024-01-14T15:27:41.703+0000] {logging_mixin.py:120} INFO - [2024-01-14T15:27:41.703+0000] {dag.py:3340} INFO - Setting next_dagrun for latest_only_with_trigger to 2024-01-14T11:27:41.703614+00:00, run_after=2024-01-14T15:27:41.703614+00:00
[2024-01-14T15:27:41.714+0000] {processor.py:176} INFO - Processing /home/airflow/.local/lib/python3.7/site-packages/airflow/example_dags/example_latest_only_with_trigger.py took 0.068 seconds
[2024-01-14T15:28:12.527+0000] {processor.py:154} INFO - Started process (PID=3443) to work on /home/airflow/.local/lib/python3.7/site-packages/airflow/example_dags/example_latest_only_with_trigger.py
[2024-01-14T15:28:12.528+0000] {processor.py:756} INFO - Processing file /home/airflow/.local/lib/python3.7/site-packages/airflow/example_dags/example_latest_only_with_trigger.py for tasks to queue
[2024-01-14T15:28:12.528+0000] {logging_mixin.py:120} INFO - [2024-01-14T15:28:12.528+0000] {dagbag.py:537} INFO - Filling up the DagBag from /home/airflow/.local/lib/python3.7/site-packages/airflow/example_dags/example_latest_only_with_trigger.py
[2024-01-14T15:28:12.539+0000] {processor.py:766} INFO - DAG(s) dict_keys(['latest_only_with_trigger']) retrieved from /home/airflow/.local/lib/python3.7/site-packages/airflow/example_dags/example_latest_only_with_trigger.py
[2024-01-14T15:28:12.567+0000] {logging_mixin.py:120} INFO - [2024-01-14T15:28:12.567+0000] {dag.py:2585} INFO - Sync 1 DAGs
[2024-01-14T15:28:12.583+0000] {logging_mixin.py:120} INFO - [2024-01-14T15:28:12.583+0000] {dag.py:3340} INFO - Setting next_dagrun for latest_only_with_trigger to 2024-01-14T11:28:12.583098+00:00, run_after=2024-01-14T15:28:12.583098+00:00
[2024-01-14T15:28:12.594+0000] {processor.py:176} INFO - Processing /home/airflow/.local/lib/python3.7/site-packages/airflow/example_dags/example_latest_only_with_trigger.py took 0.070 seconds
[2024-01-14T15:28:43.560+0000] {processor.py:154} INFO - Started process (PID=3506) to work on /home/airflow/.local/lib/python3.7/site-packages/airflow/example_dags/example_latest_only_with_trigger.py
[2024-01-14T15:28:43.560+0000] {processor.py:756} INFO - Processing file /home/airflow/.local/lib/python3.7/site-packages/airflow/example_dags/example_latest_only_with_trigger.py for tasks to queue
[2024-01-14T15:28:43.561+0000] {logging_mixin.py:120} INFO - [2024-01-14T15:28:43.561+0000] {dagbag.py:537} INFO - Filling up the DagBag from /home/airflow/.local/lib/python3.7/site-packages/airflow/example_dags/example_latest_only_with_trigger.py
[2024-01-14T15:28:43.571+0000] {processor.py:766} INFO - DAG(s) dict_keys(['latest_only_with_trigger']) retrieved from /home/airflow/.local/lib/python3.7/site-packages/airflow/example_dags/example_latest_only_with_trigger.py
[2024-01-14T15:28:43.599+0000] {logging_mixin.py:120} INFO - [2024-01-14T15:28:43.599+0000] {dag.py:2585} INFO - Sync 1 DAGs
[2024-01-14T15:28:43.614+0000] {logging_mixin.py:120} INFO - [2024-01-14T15:28:43.614+0000] {dag.py:3340} INFO - Setting next_dagrun for latest_only_with_trigger to 2024-01-14T11:28:43.614522+00:00, run_after=2024-01-14T15:28:43.614522+00:00
[2024-01-14T15:28:43.625+0000] {processor.py:176} INFO - Processing /home/airflow/.local/lib/python3.7/site-packages/airflow/example_dags/example_latest_only_with_trigger.py took 0.067 seconds
[2024-01-14T15:29:14.538+0000] {processor.py:154} INFO - Started process (PID=3569) to work on /home/airflow/.local/lib/python3.7/site-packages/airflow/example_dags/example_latest_only_with_trigger.py
[2024-01-14T15:29:14.539+0000] {processor.py:756} INFO - Processing file /home/airflow/.local/lib/python3.7/site-packages/airflow/example_dags/example_latest_only_with_trigger.py for tasks to queue
[2024-01-14T15:29:14.540+0000] {logging_mixin.py:120} INFO - [2024-01-14T15:29:14.540+0000] {dagbag.py:537} INFO - Filling up the DagBag from /home/airflow/.local/lib/python3.7/site-packages/airflow/example_dags/example_latest_only_with_trigger.py
[2024-01-14T15:29:14.551+0000] {processor.py:766} INFO - DAG(s) dict_keys(['latest_only_with_trigger']) retrieved from /home/airflow/.local/lib/python3.7/site-packages/airflow/example_dags/example_latest_only_with_trigger.py
[2024-01-14T15:29:14.578+0000] {logging_mixin.py:120} INFO - [2024-01-14T15:29:14.578+0000] {dag.py:2585} INFO - Sync 1 DAGs
[2024-01-14T15:29:14.595+0000] {logging_mixin.py:120} INFO - [2024-01-14T15:29:14.595+0000] {dag.py:3340} INFO - Setting next_dagrun for latest_only_with_trigger to 2024-01-14T11:29:14.595453+00:00, run_after=2024-01-14T15:29:14.595453+00:00
[2024-01-14T15:29:14.607+0000] {processor.py:176} INFO - Processing /home/airflow/.local/lib/python3.7/site-packages/airflow/example_dags/example_latest_only_with_trigger.py took 0.071 seconds
[2024-01-14T15:29:45.472+0000] {processor.py:154} INFO - Started process (PID=3622) to work on /home/airflow/.local/lib/python3.7/site-packages/airflow/example_dags/example_latest_only_with_trigger.py
[2024-01-14T15:29:45.473+0000] {processor.py:756} INFO - Processing file /home/airflow/.local/lib/python3.7/site-packages/airflow/example_dags/example_latest_only_with_trigger.py for tasks to queue
[2024-01-14T15:29:45.473+0000] {logging_mixin.py:120} INFO - [2024-01-14T15:29:45.473+0000] {dagbag.py:537} INFO - Filling up the DagBag from /home/airflow/.local/lib/python3.7/site-packages/airflow/example_dags/example_latest_only_with_trigger.py
[2024-01-14T15:29:45.483+0000] {processor.py:766} INFO - DAG(s) dict_keys(['latest_only_with_trigger']) retrieved from /home/airflow/.local/lib/python3.7/site-packages/airflow/example_dags/example_latest_only_with_trigger.py
[2024-01-14T15:29:45.511+0000] {logging_mixin.py:120} INFO - [2024-01-14T15:29:45.511+0000] {dag.py:2585} INFO - Sync 1 DAGs
[2024-01-14T15:29:45.529+0000] {logging_mixin.py:120} INFO - [2024-01-14T15:29:45.529+0000] {dag.py:3340} INFO - Setting next_dagrun for latest_only_with_trigger to 2024-01-14T11:29:45.529190+00:00, run_after=2024-01-14T15:29:45.529190+00:00
[2024-01-14T15:29:45.540+0000] {processor.py:176} INFO - Processing /home/airflow/.local/lib/python3.7/site-packages/airflow/example_dags/example_latest_only_with_trigger.py took 0.071 seconds
[2024-01-14T15:30:15.744+0000] {processor.py:154} INFO - Started process (PID=3685) to work on /home/airflow/.local/lib/python3.7/site-packages/airflow/example_dags/example_latest_only_with_trigger.py
[2024-01-14T15:30:15.745+0000] {processor.py:756} INFO - Processing file /home/airflow/.local/lib/python3.7/site-packages/airflow/example_dags/example_latest_only_with_trigger.py for tasks to queue
[2024-01-14T15:30:15.746+0000] {logging_mixin.py:120} INFO - [2024-01-14T15:30:15.745+0000] {dagbag.py:537} INFO - Filling up the DagBag from /home/airflow/.local/lib/python3.7/site-packages/airflow/example_dags/example_latest_only_with_trigger.py
[2024-01-14T15:30:15.755+0000] {processor.py:766} INFO - DAG(s) dict_keys(['latest_only_with_trigger']) retrieved from /home/airflow/.local/lib/python3.7/site-packages/airflow/example_dags/example_latest_only_with_trigger.py
[2024-01-14T15:30:15.783+0000] {logging_mixin.py:120} INFO - [2024-01-14T15:30:15.782+0000] {dag.py:2585} INFO - Sync 1 DAGs
[2024-01-14T15:30:15.799+0000] {logging_mixin.py:120} INFO - [2024-01-14T15:30:15.799+0000] {dag.py:3340} INFO - Setting next_dagrun for latest_only_with_trigger to 2024-01-14T11:30:15.799273+00:00, run_after=2024-01-14T15:30:15.799273+00:00
[2024-01-14T15:30:15.811+0000] {processor.py:176} INFO - Processing /home/airflow/.local/lib/python3.7/site-packages/airflow/example_dags/example_latest_only_with_trigger.py took 0.069 seconds
[2024-01-14T15:30:46.082+0000] {processor.py:154} INFO - Started process (PID=3748) to work on /home/airflow/.local/lib/python3.7/site-packages/airflow/example_dags/example_latest_only_with_trigger.py
[2024-01-14T15:30:46.083+0000] {processor.py:756} INFO - Processing file /home/airflow/.local/lib/python3.7/site-packages/airflow/example_dags/example_latest_only_with_trigger.py for tasks to queue
[2024-01-14T15:30:46.084+0000] {logging_mixin.py:120} INFO - [2024-01-14T15:30:46.083+0000] {dagbag.py:537} INFO - Filling up the DagBag from /home/airflow/.local/lib/python3.7/site-packages/airflow/example_dags/example_latest_only_with_trigger.py
[2024-01-14T15:30:46.094+0000] {processor.py:766} INFO - DAG(s) dict_keys(['latest_only_with_trigger']) retrieved from /home/airflow/.local/lib/python3.7/site-packages/airflow/example_dags/example_latest_only_with_trigger.py
[2024-01-14T15:30:46.122+0000] {logging_mixin.py:120} INFO - [2024-01-14T15:30:46.122+0000] {dag.py:2585} INFO - Sync 1 DAGs
[2024-01-14T15:30:46.137+0000] {logging_mixin.py:120} INFO - [2024-01-14T15:30:46.137+0000] {dag.py:3340} INFO - Setting next_dagrun for latest_only_with_trigger to 2024-01-14T11:30:46.137666+00:00, run_after=2024-01-14T15:30:46.137666+00:00
[2024-01-14T15:30:46.148+0000] {processor.py:176} INFO - Processing /home/airflow/.local/lib/python3.7/site-packages/airflow/example_dags/example_latest_only_with_trigger.py took 0.069 seconds
