[2024-01-14T14:59:57.863+0000] {processor.py:154} INFO - Started process (PID=46) to work on /home/airflow/.local/lib/python3.7/site-packages/airflow/example_dags/example_short_circuit_decorator.py
[2024-01-14T14:59:57.864+0000] {processor.py:756} INFO - Processing file /home/airflow/.local/lib/python3.7/site-packages/airflow/example_dags/example_short_circuit_decorator.py for tasks to queue
[2024-01-14T14:59:57.864+0000] {logging_mixin.py:120} INFO - [2024-01-14T14:59:57.864+0000] {dagbag.py:537} INFO - Filling up the DagBag from /home/airflow/.local/lib/python3.7/site-packages/airflow/example_dags/example_short_circuit_decorator.py
[2024-01-14T14:59:57.882+0000] {processor.py:766} INFO - DAG(s) dict_keys(['example_short_circuit_decorator']) retrieved from /home/airflow/.local/lib/python3.7/site-packages/airflow/example_dags/example_short_circuit_decorator.py
[2024-01-14T14:59:57.961+0000] {logging_mixin.py:120} INFO - [2024-01-14T14:59:57.961+0000] {manager.py:507} INFO - Created Permission View: can read on DAG:example_short_circuit_decorator
[2024-01-14T14:59:57.966+0000] {logging_mixin.py:120} INFO - [2024-01-14T14:59:57.966+0000] {manager.py:507} INFO - Created Permission View: can edit on DAG:example_short_circuit_decorator
[2024-01-14T14:59:57.971+0000] {logging_mixin.py:120} INFO - [2024-01-14T14:59:57.971+0000] {manager.py:507} INFO - Created Permission View: can delete on DAG:example_short_circuit_decorator
[2024-01-14T14:59:57.971+0000] {logging_mixin.py:120} INFO - [2024-01-14T14:59:57.971+0000] {dag.py:2585} INFO - Sync 1 DAGs
[2024-01-14T14:59:57.980+0000] {logging_mixin.py:120} INFO - [2024-01-14T14:59:57.979+0000] {dag.py:2606} INFO - Creating ORM DAG for example_short_circuit_decorator
[2024-01-14T14:59:57.987+0000] {logging_mixin.py:120} INFO - [2024-01-14T14:59:57.987+0000] {dag.py:3340} INFO - Setting next_dagrun for example_short_circuit_decorator to 2024-01-13T14:59:57.987388+00:00, run_after=2024-01-14T14:59:57.987388+00:00
[2024-01-14T14:59:57.998+0000] {processor.py:176} INFO - Processing /home/airflow/.local/lib/python3.7/site-packages/airflow/example_dags/example_short_circuit_decorator.py took 0.138 seconds
[2024-01-14T15:00:28.097+0000] {processor.py:154} INFO - Started process (PID=109) to work on /home/airflow/.local/lib/python3.7/site-packages/airflow/example_dags/example_short_circuit_decorator.py
[2024-01-14T15:00:28.099+0000] {processor.py:756} INFO - Processing file /home/airflow/.local/lib/python3.7/site-packages/airflow/example_dags/example_short_circuit_decorator.py for tasks to queue
[2024-01-14T15:00:28.099+0000] {logging_mixin.py:120} INFO - [2024-01-14T15:00:28.099+0000] {dagbag.py:537} INFO - Filling up the DagBag from /home/airflow/.local/lib/python3.7/site-packages/airflow/example_dags/example_short_circuit_decorator.py
[2024-01-14T15:00:28.116+0000] {processor.py:766} INFO - DAG(s) dict_keys(['example_short_circuit_decorator']) retrieved from /home/airflow/.local/lib/python3.7/site-packages/airflow/example_dags/example_short_circuit_decorator.py
[2024-01-14T15:00:28.144+0000] {logging_mixin.py:120} INFO - [2024-01-14T15:00:28.144+0000] {dag.py:2585} INFO - Sync 1 DAGs
[2024-01-14T15:00:28.160+0000] {logging_mixin.py:120} INFO - [2024-01-14T15:00:28.159+0000] {dag.py:3340} INFO - Setting next_dagrun for example_short_circuit_decorator to 2024-01-13T15:00:28.159779+00:00, run_after=2024-01-14T15:00:28.159779+00:00
[2024-01-14T15:00:28.170+0000] {processor.py:176} INFO - Processing /home/airflow/.local/lib/python3.7/site-packages/airflow/example_dags/example_short_circuit_decorator.py took 0.075 seconds
[2024-01-14T15:00:58.274+0000] {processor.py:154} INFO - Started process (PID=173) to work on /home/airflow/.local/lib/python3.7/site-packages/airflow/example_dags/example_short_circuit_decorator.py
[2024-01-14T15:00:58.274+0000] {processor.py:756} INFO - Processing file /home/airflow/.local/lib/python3.7/site-packages/airflow/example_dags/example_short_circuit_decorator.py for tasks to queue
[2024-01-14T15:00:58.275+0000] {logging_mixin.py:120} INFO - [2024-01-14T15:00:58.275+0000] {dagbag.py:537} INFO - Filling up the DagBag from /home/airflow/.local/lib/python3.7/site-packages/airflow/example_dags/example_short_circuit_decorator.py
[2024-01-14T15:00:58.295+0000] {processor.py:766} INFO - DAG(s) dict_keys(['example_short_circuit_decorator']) retrieved from /home/airflow/.local/lib/python3.7/site-packages/airflow/example_dags/example_short_circuit_decorator.py
[2024-01-14T15:00:58.323+0000] {logging_mixin.py:120} INFO - [2024-01-14T15:00:58.323+0000] {dag.py:2585} INFO - Sync 1 DAGs
[2024-01-14T15:00:58.340+0000] {logging_mixin.py:120} INFO - [2024-01-14T15:00:58.340+0000] {dag.py:3340} INFO - Setting next_dagrun for example_short_circuit_decorator to 2024-01-13T15:00:58.340316+00:00, run_after=2024-01-14T15:00:58.340316+00:00
[2024-01-14T15:00:58.352+0000] {processor.py:176} INFO - Processing /home/airflow/.local/lib/python3.7/site-packages/airflow/example_dags/example_short_circuit_decorator.py took 0.081 seconds
[2024-01-14T15:01:28.385+0000] {processor.py:154} INFO - Started process (PID=236) to work on /home/airflow/.local/lib/python3.7/site-packages/airflow/example_dags/example_short_circuit_decorator.py
[2024-01-14T15:01:28.386+0000] {processor.py:756} INFO - Processing file /home/airflow/.local/lib/python3.7/site-packages/airflow/example_dags/example_short_circuit_decorator.py for tasks to queue
[2024-01-14T15:01:28.386+0000] {logging_mixin.py:120} INFO - [2024-01-14T15:01:28.386+0000] {dagbag.py:537} INFO - Filling up the DagBag from /home/airflow/.local/lib/python3.7/site-packages/airflow/example_dags/example_short_circuit_decorator.py
[2024-01-14T15:01:28.404+0000] {processor.py:766} INFO - DAG(s) dict_keys(['example_short_circuit_decorator']) retrieved from /home/airflow/.local/lib/python3.7/site-packages/airflow/example_dags/example_short_circuit_decorator.py
[2024-01-14T15:01:28.430+0000] {logging_mixin.py:120} INFO - [2024-01-14T15:01:28.430+0000] {dag.py:2585} INFO - Sync 1 DAGs
[2024-01-14T15:01:28.445+0000] {logging_mixin.py:120} INFO - [2024-01-14T15:01:28.444+0000] {dag.py:3340} INFO - Setting next_dagrun for example_short_circuit_decorator to 2024-01-13T15:01:28.444823+00:00, run_after=2024-01-14T15:01:28.444823+00:00
[2024-01-14T15:01:28.455+0000] {processor.py:176} INFO - Processing /home/airflow/.local/lib/python3.7/site-packages/airflow/example_dags/example_short_circuit_decorator.py took 0.073 seconds
[2024-01-14T15:01:58.491+0000] {processor.py:154} INFO - Started process (PID=290) to work on /home/airflow/.local/lib/python3.7/site-packages/airflow/example_dags/example_short_circuit_decorator.py
[2024-01-14T15:01:58.492+0000] {processor.py:756} INFO - Processing file /home/airflow/.local/lib/python3.7/site-packages/airflow/example_dags/example_short_circuit_decorator.py for tasks to queue
[2024-01-14T15:01:58.492+0000] {logging_mixin.py:120} INFO - [2024-01-14T15:01:58.492+0000] {dagbag.py:537} INFO - Filling up the DagBag from /home/airflow/.local/lib/python3.7/site-packages/airflow/example_dags/example_short_circuit_decorator.py
[2024-01-14T15:01:58.509+0000] {processor.py:766} INFO - DAG(s) dict_keys(['example_short_circuit_decorator']) retrieved from /home/airflow/.local/lib/python3.7/site-packages/airflow/example_dags/example_short_circuit_decorator.py
[2024-01-14T15:01:58.539+0000] {logging_mixin.py:120} INFO - [2024-01-14T15:01:58.539+0000] {dag.py:2585} INFO - Sync 1 DAGs
[2024-01-14T15:01:58.556+0000] {logging_mixin.py:120} INFO - [2024-01-14T15:01:58.556+0000] {dag.py:3340} INFO - Setting next_dagrun for example_short_circuit_decorator to 2024-01-13T15:01:58.556486+00:00, run_after=2024-01-14T15:01:58.556486+00:00
[2024-01-14T15:01:58.569+0000] {processor.py:176} INFO - Processing /home/airflow/.local/lib/python3.7/site-packages/airflow/example_dags/example_short_circuit_decorator.py took 0.081 seconds
[2024-01-14T15:02:29.519+0000] {processor.py:154} INFO - Started process (PID=353) to work on /home/airflow/.local/lib/python3.7/site-packages/airflow/example_dags/example_short_circuit_decorator.py
[2024-01-14T15:02:29.520+0000] {processor.py:756} INFO - Processing file /home/airflow/.local/lib/python3.7/site-packages/airflow/example_dags/example_short_circuit_decorator.py for tasks to queue
[2024-01-14T15:02:29.521+0000] {logging_mixin.py:120} INFO - [2024-01-14T15:02:29.521+0000] {dagbag.py:537} INFO - Filling up the DagBag from /home/airflow/.local/lib/python3.7/site-packages/airflow/example_dags/example_short_circuit_decorator.py
[2024-01-14T15:02:29.543+0000] {processor.py:766} INFO - DAG(s) dict_keys(['example_short_circuit_decorator']) retrieved from /home/airflow/.local/lib/python3.7/site-packages/airflow/example_dags/example_short_circuit_decorator.py
[2024-01-14T15:02:29.568+0000] {logging_mixin.py:120} INFO - [2024-01-14T15:02:29.568+0000] {dag.py:2585} INFO - Sync 1 DAGs
[2024-01-14T15:02:29.584+0000] {logging_mixin.py:120} INFO - [2024-01-14T15:02:29.584+0000] {dag.py:3340} INFO - Setting next_dagrun for example_short_circuit_decorator to 2024-01-13T15:02:29.584641+00:00, run_after=2024-01-14T15:02:29.584641+00:00
[2024-01-14T15:02:29.597+0000] {processor.py:176} INFO - Processing /home/airflow/.local/lib/python3.7/site-packages/airflow/example_dags/example_short_circuit_decorator.py took 0.082 seconds
[2024-01-14T15:02:59.657+0000] {processor.py:154} INFO - Started process (PID=415) to work on /home/airflow/.local/lib/python3.7/site-packages/airflow/example_dags/example_short_circuit_decorator.py
[2024-01-14T15:02:59.658+0000] {processor.py:756} INFO - Processing file /home/airflow/.local/lib/python3.7/site-packages/airflow/example_dags/example_short_circuit_decorator.py for tasks to queue
[2024-01-14T15:02:59.658+0000] {logging_mixin.py:120} INFO - [2024-01-14T15:02:59.658+0000] {dagbag.py:537} INFO - Filling up the DagBag from /home/airflow/.local/lib/python3.7/site-packages/airflow/example_dags/example_short_circuit_decorator.py
[2024-01-14T15:02:59.674+0000] {processor.py:766} INFO - DAG(s) dict_keys(['example_short_circuit_decorator']) retrieved from /home/airflow/.local/lib/python3.7/site-packages/airflow/example_dags/example_short_circuit_decorator.py
[2024-01-14T15:02:59.703+0000] {logging_mixin.py:120} INFO - [2024-01-14T15:02:59.702+0000] {dag.py:2585} INFO - Sync 1 DAGs
[2024-01-14T15:02:59.718+0000] {logging_mixin.py:120} INFO - [2024-01-14T15:02:59.718+0000] {dag.py:3340} INFO - Setting next_dagrun for example_short_circuit_decorator to 2024-01-13T15:02:59.718678+00:00, run_after=2024-01-14T15:02:59.718678+00:00
[2024-01-14T15:02:59.729+0000] {processor.py:176} INFO - Processing /home/airflow/.local/lib/python3.7/site-packages/airflow/example_dags/example_short_circuit_decorator.py took 0.075 seconds
[2024-01-14T15:03:29.813+0000] {processor.py:154} INFO - Started process (PID=478) to work on /home/airflow/.local/lib/python3.7/site-packages/airflow/example_dags/example_short_circuit_decorator.py
[2024-01-14T15:03:29.814+0000] {processor.py:756} INFO - Processing file /home/airflow/.local/lib/python3.7/site-packages/airflow/example_dags/example_short_circuit_decorator.py for tasks to queue
[2024-01-14T15:03:29.814+0000] {logging_mixin.py:120} INFO - [2024-01-14T15:03:29.814+0000] {dagbag.py:537} INFO - Filling up the DagBag from /home/airflow/.local/lib/python3.7/site-packages/airflow/example_dags/example_short_circuit_decorator.py
[2024-01-14T15:03:29.833+0000] {processor.py:766} INFO - DAG(s) dict_keys(['example_short_circuit_decorator']) retrieved from /home/airflow/.local/lib/python3.7/site-packages/airflow/example_dags/example_short_circuit_decorator.py
[2024-01-14T15:03:29.863+0000] {logging_mixin.py:120} INFO - [2024-01-14T15:03:29.863+0000] {dag.py:2585} INFO - Sync 1 DAGs
[2024-01-14T15:03:29.879+0000] {logging_mixin.py:120} INFO - [2024-01-14T15:03:29.879+0000] {dag.py:3340} INFO - Setting next_dagrun for example_short_circuit_decorator to 2024-01-13T15:03:29.879509+00:00, run_after=2024-01-14T15:03:29.879509+00:00
[2024-01-14T15:03:29.892+0000] {processor.py:176} INFO - Processing /home/airflow/.local/lib/python3.7/site-packages/airflow/example_dags/example_short_circuit_decorator.py took 0.082 seconds
[2024-01-14T15:03:59.925+0000] {processor.py:154} INFO - Started process (PID=541) to work on /home/airflow/.local/lib/python3.7/site-packages/airflow/example_dags/example_short_circuit_decorator.py
[2024-01-14T15:03:59.926+0000] {processor.py:756} INFO - Processing file /home/airflow/.local/lib/python3.7/site-packages/airflow/example_dags/example_short_circuit_decorator.py for tasks to queue
[2024-01-14T15:03:59.927+0000] {logging_mixin.py:120} INFO - [2024-01-14T15:03:59.927+0000] {dagbag.py:537} INFO - Filling up the DagBag from /home/airflow/.local/lib/python3.7/site-packages/airflow/example_dags/example_short_circuit_decorator.py
[2024-01-14T15:03:59.943+0000] {processor.py:766} INFO - DAG(s) dict_keys(['example_short_circuit_decorator']) retrieved from /home/airflow/.local/lib/python3.7/site-packages/airflow/example_dags/example_short_circuit_decorator.py
[2024-01-14T15:03:59.970+0000] {logging_mixin.py:120} INFO - [2024-01-14T15:03:59.970+0000] {dag.py:2585} INFO - Sync 1 DAGs
[2024-01-14T15:03:59.986+0000] {logging_mixin.py:120} INFO - [2024-01-14T15:03:59.985+0000] {dag.py:3340} INFO - Setting next_dagrun for example_short_circuit_decorator to 2024-01-13T15:03:59.985793+00:00, run_after=2024-01-14T15:03:59.985793+00:00
[2024-01-14T15:03:59.997+0000] {processor.py:176} INFO - Processing /home/airflow/.local/lib/python3.7/site-packages/airflow/example_dags/example_short_circuit_decorator.py took 0.074 seconds
[2024-01-14T15:04:30.852+0000] {processor.py:154} INFO - Started process (PID=595) to work on /home/airflow/.local/lib/python3.7/site-packages/airflow/example_dags/example_short_circuit_decorator.py
[2024-01-14T15:04:30.854+0000] {processor.py:756} INFO - Processing file /home/airflow/.local/lib/python3.7/site-packages/airflow/example_dags/example_short_circuit_decorator.py for tasks to queue
[2024-01-14T15:04:30.855+0000] {logging_mixin.py:120} INFO - [2024-01-14T15:04:30.855+0000] {dagbag.py:537} INFO - Filling up the DagBag from /home/airflow/.local/lib/python3.7/site-packages/airflow/example_dags/example_short_circuit_decorator.py
[2024-01-14T15:04:30.879+0000] {processor.py:766} INFO - DAG(s) dict_keys(['example_short_circuit_decorator']) retrieved from /home/airflow/.local/lib/python3.7/site-packages/airflow/example_dags/example_short_circuit_decorator.py
[2024-01-14T15:04:30.905+0000] {logging_mixin.py:120} INFO - [2024-01-14T15:04:30.905+0000] {dag.py:2585} INFO - Sync 1 DAGs
[2024-01-14T15:04:30.919+0000] {logging_mixin.py:120} INFO - [2024-01-14T15:04:30.919+0000] {dag.py:3340} INFO - Setting next_dagrun for example_short_circuit_decorator to 2024-01-13T15:04:30.919541+00:00, run_after=2024-01-14T15:04:30.919541+00:00
[2024-01-14T15:04:30.931+0000] {processor.py:176} INFO - Processing /home/airflow/.local/lib/python3.7/site-packages/airflow/example_dags/example_short_circuit_decorator.py took 0.083 seconds
[2024-01-14T15:05:01.060+0000] {processor.py:154} INFO - Started process (PID=658) to work on /home/airflow/.local/lib/python3.7/site-packages/airflow/example_dags/example_short_circuit_decorator.py
[2024-01-14T15:05:01.062+0000] {processor.py:756} INFO - Processing file /home/airflow/.local/lib/python3.7/site-packages/airflow/example_dags/example_short_circuit_decorator.py for tasks to queue
[2024-01-14T15:05:01.062+0000] {logging_mixin.py:120} INFO - [2024-01-14T15:05:01.062+0000] {dagbag.py:537} INFO - Filling up the DagBag from /home/airflow/.local/lib/python3.7/site-packages/airflow/example_dags/example_short_circuit_decorator.py
[2024-01-14T15:05:01.083+0000] {processor.py:766} INFO - DAG(s) dict_keys(['example_short_circuit_decorator']) retrieved from /home/airflow/.local/lib/python3.7/site-packages/airflow/example_dags/example_short_circuit_decorator.py
[2024-01-14T15:05:01.108+0000] {logging_mixin.py:120} INFO - [2024-01-14T15:05:01.108+0000] {dag.py:2585} INFO - Sync 1 DAGs
[2024-01-14T15:05:01.123+0000] {logging_mixin.py:120} INFO - [2024-01-14T15:05:01.123+0000] {dag.py:3340} INFO - Setting next_dagrun for example_short_circuit_decorator to 2024-01-13T15:05:01.122870+00:00, run_after=2024-01-14T15:05:01.122870+00:00
[2024-01-14T15:05:01.133+0000] {processor.py:176} INFO - Processing /home/airflow/.local/lib/python3.7/site-packages/airflow/example_dags/example_short_circuit_decorator.py took 0.077 seconds
[2024-01-14T15:05:31.220+0000] {processor.py:154} INFO - Started process (PID=721) to work on /home/airflow/.local/lib/python3.7/site-packages/airflow/example_dags/example_short_circuit_decorator.py
[2024-01-14T15:05:31.222+0000] {processor.py:756} INFO - Processing file /home/airflow/.local/lib/python3.7/site-packages/airflow/example_dags/example_short_circuit_decorator.py for tasks to queue
[2024-01-14T15:05:31.223+0000] {logging_mixin.py:120} INFO - [2024-01-14T15:05:31.223+0000] {dagbag.py:537} INFO - Filling up the DagBag from /home/airflow/.local/lib/python3.7/site-packages/airflow/example_dags/example_short_circuit_decorator.py
[2024-01-14T15:05:31.245+0000] {processor.py:766} INFO - DAG(s) dict_keys(['example_short_circuit_decorator']) retrieved from /home/airflow/.local/lib/python3.7/site-packages/airflow/example_dags/example_short_circuit_decorator.py
[2024-01-14T15:05:31.272+0000] {logging_mixin.py:120} INFO - [2024-01-14T15:05:31.272+0000] {dag.py:2585} INFO - Sync 1 DAGs
[2024-01-14T15:05:31.287+0000] {logging_mixin.py:120} INFO - [2024-01-14T15:05:31.287+0000] {dag.py:3340} INFO - Setting next_dagrun for example_short_circuit_decorator to 2024-01-13T15:05:31.287589+00:00, run_after=2024-01-14T15:05:31.287589+00:00
[2024-01-14T15:05:31.298+0000] {processor.py:176} INFO - Processing /home/airflow/.local/lib/python3.7/site-packages/airflow/example_dags/example_short_circuit_decorator.py took 0.084 seconds
[2024-01-14T15:06:02.070+0000] {processor.py:154} INFO - Started process (PID=784) to work on /home/airflow/.local/lib/python3.7/site-packages/airflow/example_dags/example_short_circuit_decorator.py
[2024-01-14T15:06:02.071+0000] {processor.py:756} INFO - Processing file /home/airflow/.local/lib/python3.7/site-packages/airflow/example_dags/example_short_circuit_decorator.py for tasks to queue
[2024-01-14T15:06:02.072+0000] {logging_mixin.py:120} INFO - [2024-01-14T15:06:02.072+0000] {dagbag.py:537} INFO - Filling up the DagBag from /home/airflow/.local/lib/python3.7/site-packages/airflow/example_dags/example_short_circuit_decorator.py
[2024-01-14T15:06:02.088+0000] {processor.py:766} INFO - DAG(s) dict_keys(['example_short_circuit_decorator']) retrieved from /home/airflow/.local/lib/python3.7/site-packages/airflow/example_dags/example_short_circuit_decorator.py
[2024-01-14T15:06:02.115+0000] {logging_mixin.py:120} INFO - [2024-01-14T15:06:02.115+0000] {dag.py:2585} INFO - Sync 1 DAGs
[2024-01-14T15:06:02.129+0000] {logging_mixin.py:120} INFO - [2024-01-14T15:06:02.129+0000] {dag.py:3340} INFO - Setting next_dagrun for example_short_circuit_decorator to 2024-01-13T15:06:02.129621+00:00, run_after=2024-01-14T15:06:02.129621+00:00
[2024-01-14T15:06:02.141+0000] {processor.py:176} INFO - Processing /home/airflow/.local/lib/python3.7/site-packages/airflow/example_dags/example_short_circuit_decorator.py took 0.073 seconds
[2024-01-14T15:06:33.062+0000] {processor.py:154} INFO - Started process (PID=847) to work on /home/airflow/.local/lib/python3.7/site-packages/airflow/example_dags/example_short_circuit_decorator.py
[2024-01-14T15:06:33.065+0000] {processor.py:756} INFO - Processing file /home/airflow/.local/lib/python3.7/site-packages/airflow/example_dags/example_short_circuit_decorator.py for tasks to queue
[2024-01-14T15:06:33.066+0000] {logging_mixin.py:120} INFO - [2024-01-14T15:06:33.066+0000] {dagbag.py:537} INFO - Filling up the DagBag from /home/airflow/.local/lib/python3.7/site-packages/airflow/example_dags/example_short_circuit_decorator.py
[2024-01-14T15:06:33.090+0000] {processor.py:766} INFO - DAG(s) dict_keys(['example_short_circuit_decorator']) retrieved from /home/airflow/.local/lib/python3.7/site-packages/airflow/example_dags/example_short_circuit_decorator.py
[2024-01-14T15:06:33.118+0000] {logging_mixin.py:120} INFO - [2024-01-14T15:06:33.118+0000] {dag.py:2585} INFO - Sync 1 DAGs
[2024-01-14T15:06:33.133+0000] {logging_mixin.py:120} INFO - [2024-01-14T15:06:33.133+0000] {dag.py:3340} INFO - Setting next_dagrun for example_short_circuit_decorator to 2024-01-13T15:06:33.133272+00:00, run_after=2024-01-14T15:06:33.133272+00:00
[2024-01-14T15:06:33.144+0000] {processor.py:176} INFO - Processing /home/airflow/.local/lib/python3.7/site-packages/airflow/example_dags/example_short_circuit_decorator.py took 0.087 seconds
[2024-01-14T15:07:03.239+0000] {processor.py:154} INFO - Started process (PID=910) to work on /home/airflow/.local/lib/python3.7/site-packages/airflow/example_dags/example_short_circuit_decorator.py
[2024-01-14T15:07:03.240+0000] {processor.py:756} INFO - Processing file /home/airflow/.local/lib/python3.7/site-packages/airflow/example_dags/example_short_circuit_decorator.py for tasks to queue
[2024-01-14T15:07:03.241+0000] {logging_mixin.py:120} INFO - [2024-01-14T15:07:03.241+0000] {dagbag.py:537} INFO - Filling up the DagBag from /home/airflow/.local/lib/python3.7/site-packages/airflow/example_dags/example_short_circuit_decorator.py
[2024-01-14T15:07:03.265+0000] {processor.py:766} INFO - DAG(s) dict_keys(['example_short_circuit_decorator']) retrieved from /home/airflow/.local/lib/python3.7/site-packages/airflow/example_dags/example_short_circuit_decorator.py
[2024-01-14T15:07:03.294+0000] {logging_mixin.py:120} INFO - [2024-01-14T15:07:03.293+0000] {dag.py:2585} INFO - Sync 1 DAGs
[2024-01-14T15:07:03.309+0000] {logging_mixin.py:120} INFO - [2024-01-14T15:07:03.309+0000] {dag.py:3340} INFO - Setting next_dagrun for example_short_circuit_decorator to 2024-01-13T15:07:03.309544+00:00, run_after=2024-01-14T15:07:03.309544+00:00
[2024-01-14T15:07:03.320+0000] {processor.py:176} INFO - Processing /home/airflow/.local/lib/python3.7/site-packages/airflow/example_dags/example_short_circuit_decorator.py took 0.086 seconds
[2024-01-14T15:07:34.089+0000] {processor.py:154} INFO - Started process (PID=963) to work on /home/airflow/.local/lib/python3.7/site-packages/airflow/example_dags/example_short_circuit_decorator.py
[2024-01-14T15:07:34.091+0000] {processor.py:756} INFO - Processing file /home/airflow/.local/lib/python3.7/site-packages/airflow/example_dags/example_short_circuit_decorator.py for tasks to queue
[2024-01-14T15:07:34.092+0000] {logging_mixin.py:120} INFO - [2024-01-14T15:07:34.092+0000] {dagbag.py:537} INFO - Filling up the DagBag from /home/airflow/.local/lib/python3.7/site-packages/airflow/example_dags/example_short_circuit_decorator.py
[2024-01-14T15:07:34.117+0000] {processor.py:766} INFO - DAG(s) dict_keys(['example_short_circuit_decorator']) retrieved from /home/airflow/.local/lib/python3.7/site-packages/airflow/example_dags/example_short_circuit_decorator.py
[2024-01-14T15:07:34.146+0000] {logging_mixin.py:120} INFO - [2024-01-14T15:07:34.146+0000] {dag.py:2585} INFO - Sync 1 DAGs
[2024-01-14T15:07:34.161+0000] {logging_mixin.py:120} INFO - [2024-01-14T15:07:34.161+0000] {dag.py:3340} INFO - Setting next_dagrun for example_short_circuit_decorator to 2024-01-13T15:07:34.161329+00:00, run_after=2024-01-14T15:07:34.161329+00:00
[2024-01-14T15:07:34.172+0000] {processor.py:176} INFO - Processing /home/airflow/.local/lib/python3.7/site-packages/airflow/example_dags/example_short_circuit_decorator.py took 0.088 seconds
[2024-01-14T15:08:04.281+0000] {processor.py:154} INFO - Started process (PID=1026) to work on /home/airflow/.local/lib/python3.7/site-packages/airflow/example_dags/example_short_circuit_decorator.py
[2024-01-14T15:08:04.282+0000] {processor.py:756} INFO - Processing file /home/airflow/.local/lib/python3.7/site-packages/airflow/example_dags/example_short_circuit_decorator.py for tasks to queue
[2024-01-14T15:08:04.283+0000] {logging_mixin.py:120} INFO - [2024-01-14T15:08:04.283+0000] {dagbag.py:537} INFO - Filling up the DagBag from /home/airflow/.local/lib/python3.7/site-packages/airflow/example_dags/example_short_circuit_decorator.py
[2024-01-14T15:08:04.300+0000] {processor.py:766} INFO - DAG(s) dict_keys(['example_short_circuit_decorator']) retrieved from /home/airflow/.local/lib/python3.7/site-packages/airflow/example_dags/example_short_circuit_decorator.py
[2024-01-14T15:08:04.329+0000] {logging_mixin.py:120} INFO - [2024-01-14T15:08:04.329+0000] {dag.py:2585} INFO - Sync 1 DAGs
[2024-01-14T15:08:04.346+0000] {logging_mixin.py:120} INFO - [2024-01-14T15:08:04.346+0000] {dag.py:3340} INFO - Setting next_dagrun for example_short_circuit_decorator to 2024-01-13T15:08:04.346183+00:00, run_after=2024-01-14T15:08:04.346183+00:00
[2024-01-14T15:08:04.357+0000] {processor.py:176} INFO - Processing /home/airflow/.local/lib/python3.7/site-packages/airflow/example_dags/example_short_circuit_decorator.py took 0.079 seconds
[2024-01-14T15:08:34.411+0000] {processor.py:154} INFO - Started process (PID=1089) to work on /home/airflow/.local/lib/python3.7/site-packages/airflow/example_dags/example_short_circuit_decorator.py
[2024-01-14T15:08:34.411+0000] {processor.py:756} INFO - Processing file /home/airflow/.local/lib/python3.7/site-packages/airflow/example_dags/example_short_circuit_decorator.py for tasks to queue
[2024-01-14T15:08:34.412+0000] {logging_mixin.py:120} INFO - [2024-01-14T15:08:34.412+0000] {dagbag.py:537} INFO - Filling up the DagBag from /home/airflow/.local/lib/python3.7/site-packages/airflow/example_dags/example_short_circuit_decorator.py
[2024-01-14T15:08:34.430+0000] {processor.py:766} INFO - DAG(s) dict_keys(['example_short_circuit_decorator']) retrieved from /home/airflow/.local/lib/python3.7/site-packages/airflow/example_dags/example_short_circuit_decorator.py
[2024-01-14T15:08:34.458+0000] {logging_mixin.py:120} INFO - [2024-01-14T15:08:34.458+0000] {dag.py:2585} INFO - Sync 1 DAGs
[2024-01-14T15:08:34.473+0000] {logging_mixin.py:120} INFO - [2024-01-14T15:08:34.473+0000] {dag.py:3340} INFO - Setting next_dagrun for example_short_circuit_decorator to 2024-01-13T15:08:34.473534+00:00, run_after=2024-01-14T15:08:34.473534+00:00
[2024-01-14T15:08:34.486+0000] {processor.py:176} INFO - Processing /home/airflow/.local/lib/python3.7/site-packages/airflow/example_dags/example_short_circuit_decorator.py took 0.077 seconds
[2024-01-14T15:09:05.297+0000] {processor.py:154} INFO - Started process (PID=1152) to work on /home/airflow/.local/lib/python3.7/site-packages/airflow/example_dags/example_short_circuit_decorator.py
[2024-01-14T15:09:05.298+0000] {processor.py:756} INFO - Processing file /home/airflow/.local/lib/python3.7/site-packages/airflow/example_dags/example_short_circuit_decorator.py for tasks to queue
[2024-01-14T15:09:05.299+0000] {logging_mixin.py:120} INFO - [2024-01-14T15:09:05.298+0000] {dagbag.py:537} INFO - Filling up the DagBag from /home/airflow/.local/lib/python3.7/site-packages/airflow/example_dags/example_short_circuit_decorator.py
[2024-01-14T15:09:05.315+0000] {processor.py:766} INFO - DAG(s) dict_keys(['example_short_circuit_decorator']) retrieved from /home/airflow/.local/lib/python3.7/site-packages/airflow/example_dags/example_short_circuit_decorator.py
[2024-01-14T15:09:05.340+0000] {logging_mixin.py:120} INFO - [2024-01-14T15:09:05.340+0000] {dag.py:2585} INFO - Sync 1 DAGs
[2024-01-14T15:09:05.358+0000] {logging_mixin.py:120} INFO - [2024-01-14T15:09:05.358+0000] {dag.py:3340} INFO - Setting next_dagrun for example_short_circuit_decorator to 2024-01-13T15:09:05.358120+00:00, run_after=2024-01-14T15:09:05.358120+00:00
[2024-01-14T15:09:05.369+0000] {processor.py:176} INFO - Processing /home/airflow/.local/lib/python3.7/site-packages/airflow/example_dags/example_short_circuit_decorator.py took 0.075 seconds
[2024-01-14T15:09:36.282+0000] {processor.py:154} INFO - Started process (PID=1215) to work on /home/airflow/.local/lib/python3.7/site-packages/airflow/example_dags/example_short_circuit_decorator.py
[2024-01-14T15:09:36.283+0000] {processor.py:756} INFO - Processing file /home/airflow/.local/lib/python3.7/site-packages/airflow/example_dags/example_short_circuit_decorator.py for tasks to queue
[2024-01-14T15:09:36.283+0000] {logging_mixin.py:120} INFO - [2024-01-14T15:09:36.283+0000] {dagbag.py:537} INFO - Filling up the DagBag from /home/airflow/.local/lib/python3.7/site-packages/airflow/example_dags/example_short_circuit_decorator.py
[2024-01-14T15:09:36.300+0000] {processor.py:766} INFO - DAG(s) dict_keys(['example_short_circuit_decorator']) retrieved from /home/airflow/.local/lib/python3.7/site-packages/airflow/example_dags/example_short_circuit_decorator.py
[2024-01-14T15:09:36.327+0000] {logging_mixin.py:120} INFO - [2024-01-14T15:09:36.327+0000] {dag.py:2585} INFO - Sync 1 DAGs
[2024-01-14T15:09:36.341+0000] {logging_mixin.py:120} INFO - [2024-01-14T15:09:36.341+0000] {dag.py:3340} INFO - Setting next_dagrun for example_short_circuit_decorator to 2024-01-13T15:09:36.341346+00:00, run_after=2024-01-14T15:09:36.341346+00:00
[2024-01-14T15:09:36.352+0000] {processor.py:176} INFO - Processing /home/airflow/.local/lib/python3.7/site-packages/airflow/example_dags/example_short_circuit_decorator.py took 0.072 seconds
[2024-01-14T15:10:07.239+0000] {processor.py:154} INFO - Started process (PID=1278) to work on /home/airflow/.local/lib/python3.7/site-packages/airflow/example_dags/example_short_circuit_decorator.py
[2024-01-14T15:10:07.240+0000] {processor.py:756} INFO - Processing file /home/airflow/.local/lib/python3.7/site-packages/airflow/example_dags/example_short_circuit_decorator.py for tasks to queue
[2024-01-14T15:10:07.240+0000] {logging_mixin.py:120} INFO - [2024-01-14T15:10:07.240+0000] {dagbag.py:537} INFO - Filling up the DagBag from /home/airflow/.local/lib/python3.7/site-packages/airflow/example_dags/example_short_circuit_decorator.py
[2024-01-14T15:10:07.257+0000] {processor.py:766} INFO - DAG(s) dict_keys(['example_short_circuit_decorator']) retrieved from /home/airflow/.local/lib/python3.7/site-packages/airflow/example_dags/example_short_circuit_decorator.py
[2024-01-14T15:10:07.282+0000] {logging_mixin.py:120} INFO - [2024-01-14T15:10:07.282+0000] {dag.py:2585} INFO - Sync 1 DAGs
[2024-01-14T15:10:07.297+0000] {logging_mixin.py:120} INFO - [2024-01-14T15:10:07.297+0000] {dag.py:3340} INFO - Setting next_dagrun for example_short_circuit_decorator to 2024-01-13T15:10:07.297494+00:00, run_after=2024-01-14T15:10:07.297494+00:00
[2024-01-14T15:10:07.308+0000] {processor.py:176} INFO - Processing /home/airflow/.local/lib/python3.7/site-packages/airflow/example_dags/example_short_circuit_decorator.py took 0.071 seconds
[2024-01-14T15:10:38.162+0000] {processor.py:154} INFO - Started process (PID=1332) to work on /home/airflow/.local/lib/python3.7/site-packages/airflow/example_dags/example_short_circuit_decorator.py
[2024-01-14T15:10:38.163+0000] {processor.py:756} INFO - Processing file /home/airflow/.local/lib/python3.7/site-packages/airflow/example_dags/example_short_circuit_decorator.py for tasks to queue
[2024-01-14T15:10:38.164+0000] {logging_mixin.py:120} INFO - [2024-01-14T15:10:38.164+0000] {dagbag.py:537} INFO - Filling up the DagBag from /home/airflow/.local/lib/python3.7/site-packages/airflow/example_dags/example_short_circuit_decorator.py
[2024-01-14T15:10:38.180+0000] {processor.py:766} INFO - DAG(s) dict_keys(['example_short_circuit_decorator']) retrieved from /home/airflow/.local/lib/python3.7/site-packages/airflow/example_dags/example_short_circuit_decorator.py
[2024-01-14T15:10:38.206+0000] {logging_mixin.py:120} INFO - [2024-01-14T15:10:38.206+0000] {dag.py:2585} INFO - Sync 1 DAGs
[2024-01-14T15:10:38.222+0000] {logging_mixin.py:120} INFO - [2024-01-14T15:10:38.222+0000] {dag.py:3340} INFO - Setting next_dagrun for example_short_circuit_decorator to 2024-01-13T15:10:38.222091+00:00, run_after=2024-01-14T15:10:38.222091+00:00
[2024-01-14T15:10:38.232+0000] {processor.py:176} INFO - Processing /home/airflow/.local/lib/python3.7/site-packages/airflow/example_dags/example_short_circuit_decorator.py took 0.072 seconds
[2024-01-14T15:12:10.208+0000] {processor.py:154} INFO - Started process (PID=1521) to work on /home/airflow/.local/lib/python3.7/site-packages/airflow/example_dags/example_short_circuit_decorator.py
[2024-01-14T15:12:10.208+0000] {processor.py:756} INFO - Processing file /home/airflow/.local/lib/python3.7/site-packages/airflow/example_dags/example_short_circuit_decorator.py for tasks to queue
[2024-01-14T15:12:10.209+0000] {logging_mixin.py:120} INFO - [2024-01-14T15:12:10.209+0000] {dagbag.py:537} INFO - Filling up the DagBag from /home/airflow/.local/lib/python3.7/site-packages/airflow/example_dags/example_short_circuit_decorator.py
[2024-01-14T15:12:10.226+0000] {processor.py:766} INFO - DAG(s) dict_keys(['example_short_circuit_decorator']) retrieved from /home/airflow/.local/lib/python3.7/site-packages/airflow/example_dags/example_short_circuit_decorator.py
[2024-01-14T15:12:10.254+0000] {logging_mixin.py:120} INFO - [2024-01-14T15:12:10.254+0000] {dag.py:2585} INFO - Sync 1 DAGs
[2024-01-14T15:12:10.269+0000] {logging_mixin.py:120} INFO - [2024-01-14T15:12:10.269+0000] {dag.py:3340} INFO - Setting next_dagrun for example_short_circuit_decorator to 2024-01-13T15:12:10.269705+00:00, run_after=2024-01-14T15:12:10.269705+00:00
[2024-01-14T15:12:10.280+0000] {processor.py:176} INFO - Processing /home/airflow/.local/lib/python3.7/site-packages/airflow/example_dags/example_short_circuit_decorator.py took 0.075 seconds
[2024-01-14T15:12:41.132+0000] {processor.py:154} INFO - Started process (PID=1584) to work on /home/airflow/.local/lib/python3.7/site-packages/airflow/example_dags/example_short_circuit_decorator.py
[2024-01-14T15:12:41.133+0000] {processor.py:756} INFO - Processing file /home/airflow/.local/lib/python3.7/site-packages/airflow/example_dags/example_short_circuit_decorator.py for tasks to queue
[2024-01-14T15:12:41.133+0000] {logging_mixin.py:120} INFO - [2024-01-14T15:12:41.133+0000] {dagbag.py:537} INFO - Filling up the DagBag from /home/airflow/.local/lib/python3.7/site-packages/airflow/example_dags/example_short_circuit_decorator.py
[2024-01-14T15:12:41.150+0000] {processor.py:766} INFO - DAG(s) dict_keys(['example_short_circuit_decorator']) retrieved from /home/airflow/.local/lib/python3.7/site-packages/airflow/example_dags/example_short_circuit_decorator.py
[2024-01-14T15:12:41.177+0000] {logging_mixin.py:120} INFO - [2024-01-14T15:12:41.176+0000] {dag.py:2585} INFO - Sync 1 DAGs
[2024-01-14T15:12:41.192+0000] {logging_mixin.py:120} INFO - [2024-01-14T15:12:41.192+0000] {dag.py:3340} INFO - Setting next_dagrun for example_short_circuit_decorator to 2024-01-13T15:12:41.192681+00:00, run_after=2024-01-14T15:12:41.192681+00:00
[2024-01-14T15:12:41.204+0000] {processor.py:176} INFO - Processing /home/airflow/.local/lib/python3.7/site-packages/airflow/example_dags/example_short_circuit_decorator.py took 0.074 seconds
[2024-01-14T15:13:12.072+0000] {processor.py:154} INFO - Started process (PID=1647) to work on /home/airflow/.local/lib/python3.7/site-packages/airflow/example_dags/example_short_circuit_decorator.py
[2024-01-14T15:13:12.072+0000] {processor.py:756} INFO - Processing file /home/airflow/.local/lib/python3.7/site-packages/airflow/example_dags/example_short_circuit_decorator.py for tasks to queue
[2024-01-14T15:13:12.073+0000] {logging_mixin.py:120} INFO - [2024-01-14T15:13:12.073+0000] {dagbag.py:537} INFO - Filling up the DagBag from /home/airflow/.local/lib/python3.7/site-packages/airflow/example_dags/example_short_circuit_decorator.py
[2024-01-14T15:13:12.090+0000] {processor.py:766} INFO - DAG(s) dict_keys(['example_short_circuit_decorator']) retrieved from /home/airflow/.local/lib/python3.7/site-packages/airflow/example_dags/example_short_circuit_decorator.py
[2024-01-14T15:13:12.119+0000] {logging_mixin.py:120} INFO - [2024-01-14T15:13:12.119+0000] {dag.py:2585} INFO - Sync 1 DAGs
[2024-01-14T15:13:12.135+0000] {logging_mixin.py:120} INFO - [2024-01-14T15:13:12.135+0000] {dag.py:3340} INFO - Setting next_dagrun for example_short_circuit_decorator to 2024-01-13T15:13:12.135519+00:00, run_after=2024-01-14T15:13:12.135519+00:00
[2024-01-14T15:13:12.147+0000] {processor.py:176} INFO - Processing /home/airflow/.local/lib/python3.7/site-packages/airflow/example_dags/example_short_circuit_decorator.py took 0.078 seconds
[2024-01-14T15:13:43.046+0000] {processor.py:154} INFO - Started process (PID=1710) to work on /home/airflow/.local/lib/python3.7/site-packages/airflow/example_dags/example_short_circuit_decorator.py
[2024-01-14T15:13:43.047+0000] {processor.py:756} INFO - Processing file /home/airflow/.local/lib/python3.7/site-packages/airflow/example_dags/example_short_circuit_decorator.py for tasks to queue
[2024-01-14T15:13:43.048+0000] {logging_mixin.py:120} INFO - [2024-01-14T15:13:43.048+0000] {dagbag.py:537} INFO - Filling up the DagBag from /home/airflow/.local/lib/python3.7/site-packages/airflow/example_dags/example_short_circuit_decorator.py
[2024-01-14T15:13:43.064+0000] {processor.py:766} INFO - DAG(s) dict_keys(['example_short_circuit_decorator']) retrieved from /home/airflow/.local/lib/python3.7/site-packages/airflow/example_dags/example_short_circuit_decorator.py
[2024-01-14T15:13:43.091+0000] {logging_mixin.py:120} INFO - [2024-01-14T15:13:43.091+0000] {dag.py:2585} INFO - Sync 1 DAGs
[2024-01-14T15:13:43.107+0000] {logging_mixin.py:120} INFO - [2024-01-14T15:13:43.107+0000] {dag.py:3340} INFO - Setting next_dagrun for example_short_circuit_decorator to 2024-01-13T15:13:43.107055+00:00, run_after=2024-01-14T15:13:43.107055+00:00
[2024-01-14T15:13:43.117+0000] {processor.py:176} INFO - Processing /home/airflow/.local/lib/python3.7/site-packages/airflow/example_dags/example_short_circuit_decorator.py took 0.073 seconds
[2024-01-14T15:14:14.027+0000] {processor.py:154} INFO - Started process (PID=1764) to work on /home/airflow/.local/lib/python3.7/site-packages/airflow/example_dags/example_short_circuit_decorator.py
[2024-01-14T15:14:14.028+0000] {processor.py:756} INFO - Processing file /home/airflow/.local/lib/python3.7/site-packages/airflow/example_dags/example_short_circuit_decorator.py for tasks to queue
[2024-01-14T15:14:14.029+0000] {logging_mixin.py:120} INFO - [2024-01-14T15:14:14.029+0000] {dagbag.py:537} INFO - Filling up the DagBag from /home/airflow/.local/lib/python3.7/site-packages/airflow/example_dags/example_short_circuit_decorator.py
[2024-01-14T15:14:14.045+0000] {processor.py:766} INFO - DAG(s) dict_keys(['example_short_circuit_decorator']) retrieved from /home/airflow/.local/lib/python3.7/site-packages/airflow/example_dags/example_short_circuit_decorator.py
[2024-01-14T15:14:14.072+0000] {logging_mixin.py:120} INFO - [2024-01-14T15:14:14.072+0000] {dag.py:2585} INFO - Sync 1 DAGs
[2024-01-14T15:14:14.087+0000] {logging_mixin.py:120} INFO - [2024-01-14T15:14:14.087+0000] {dag.py:3340} INFO - Setting next_dagrun for example_short_circuit_decorator to 2024-01-13T15:14:14.087743+00:00, run_after=2024-01-14T15:14:14.087743+00:00
[2024-01-14T15:14:14.098+0000] {processor.py:176} INFO - Processing /home/airflow/.local/lib/python3.7/site-packages/airflow/example_dags/example_short_circuit_decorator.py took 0.073 seconds
[2024-01-14T15:14:44.998+0000] {processor.py:154} INFO - Started process (PID=1827) to work on /home/airflow/.local/lib/python3.7/site-packages/airflow/example_dags/example_short_circuit_decorator.py
[2024-01-14T15:14:44.998+0000] {processor.py:756} INFO - Processing file /home/airflow/.local/lib/python3.7/site-packages/airflow/example_dags/example_short_circuit_decorator.py for tasks to queue
[2024-01-14T15:14:44.999+0000] {logging_mixin.py:120} INFO - [2024-01-14T15:14:44.999+0000] {dagbag.py:537} INFO - Filling up the DagBag from /home/airflow/.local/lib/python3.7/site-packages/airflow/example_dags/example_short_circuit_decorator.py
[2024-01-14T15:14:45.018+0000] {processor.py:766} INFO - DAG(s) dict_keys(['example_short_circuit_decorator']) retrieved from /home/airflow/.local/lib/python3.7/site-packages/airflow/example_dags/example_short_circuit_decorator.py
[2024-01-14T15:14:45.046+0000] {logging_mixin.py:120} INFO - [2024-01-14T15:14:45.046+0000] {dag.py:2585} INFO - Sync 1 DAGs
[2024-01-14T15:14:45.062+0000] {logging_mixin.py:120} INFO - [2024-01-14T15:14:45.062+0000] {dag.py:3340} INFO - Setting next_dagrun for example_short_circuit_decorator to 2024-01-13T15:14:45.061115+00:00, run_after=2024-01-14T15:14:45.061115+00:00
[2024-01-14T15:14:45.073+0000] {processor.py:176} INFO - Processing /home/airflow/.local/lib/python3.7/site-packages/airflow/example_dags/example_short_circuit_decorator.py took 0.078 seconds
[2024-01-14T15:15:15.896+0000] {processor.py:154} INFO - Started process (PID=1890) to work on /home/airflow/.local/lib/python3.7/site-packages/airflow/example_dags/example_short_circuit_decorator.py
[2024-01-14T15:15:15.897+0000] {processor.py:756} INFO - Processing file /home/airflow/.local/lib/python3.7/site-packages/airflow/example_dags/example_short_circuit_decorator.py for tasks to queue
[2024-01-14T15:15:15.898+0000] {logging_mixin.py:120} INFO - [2024-01-14T15:15:15.898+0000] {dagbag.py:537} INFO - Filling up the DagBag from /home/airflow/.local/lib/python3.7/site-packages/airflow/example_dags/example_short_circuit_decorator.py
[2024-01-14T15:15:15.915+0000] {processor.py:766} INFO - DAG(s) dict_keys(['example_short_circuit_decorator']) retrieved from /home/airflow/.local/lib/python3.7/site-packages/airflow/example_dags/example_short_circuit_decorator.py
[2024-01-14T15:15:15.941+0000] {logging_mixin.py:120} INFO - [2024-01-14T15:15:15.941+0000] {dag.py:2585} INFO - Sync 1 DAGs
[2024-01-14T15:15:15.956+0000] {logging_mixin.py:120} INFO - [2024-01-14T15:15:15.956+0000] {dag.py:3340} INFO - Setting next_dagrun for example_short_circuit_decorator to 2024-01-13T15:15:15.956547+00:00, run_after=2024-01-14T15:15:15.956547+00:00
[2024-01-14T15:15:15.968+0000] {processor.py:176} INFO - Processing /home/airflow/.local/lib/python3.7/site-packages/airflow/example_dags/example_short_circuit_decorator.py took 0.074 seconds
[2024-01-14T15:15:46.971+0000] {processor.py:154} INFO - Started process (PID=1953) to work on /home/airflow/.local/lib/python3.7/site-packages/airflow/example_dags/example_short_circuit_decorator.py
[2024-01-14T15:15:46.972+0000] {processor.py:756} INFO - Processing file /home/airflow/.local/lib/python3.7/site-packages/airflow/example_dags/example_short_circuit_decorator.py for tasks to queue
[2024-01-14T15:15:46.973+0000] {logging_mixin.py:120} INFO - [2024-01-14T15:15:46.973+0000] {dagbag.py:537} INFO - Filling up the DagBag from /home/airflow/.local/lib/python3.7/site-packages/airflow/example_dags/example_short_circuit_decorator.py
[2024-01-14T15:15:46.990+0000] {processor.py:766} INFO - DAG(s) dict_keys(['example_short_circuit_decorator']) retrieved from /home/airflow/.local/lib/python3.7/site-packages/airflow/example_dags/example_short_circuit_decorator.py
[2024-01-14T15:15:47.019+0000] {logging_mixin.py:120} INFO - [2024-01-14T15:15:47.019+0000] {dag.py:2585} INFO - Sync 1 DAGs
[2024-01-14T15:15:47.034+0000] {logging_mixin.py:120} INFO - [2024-01-14T15:15:47.034+0000] {dag.py:3340} INFO - Setting next_dagrun for example_short_circuit_decorator to 2024-01-13T15:15:47.034632+00:00, run_after=2024-01-14T15:15:47.034632+00:00
[2024-01-14T15:15:47.045+0000] {processor.py:176} INFO - Processing /home/airflow/.local/lib/python3.7/site-packages/airflow/example_dags/example_short_circuit_decorator.py took 0.077 seconds
[2024-01-14T15:16:17.112+0000] {processor.py:154} INFO - Started process (PID=2016) to work on /home/airflow/.local/lib/python3.7/site-packages/airflow/example_dags/example_short_circuit_decorator.py
[2024-01-14T15:16:17.113+0000] {processor.py:756} INFO - Processing file /home/airflow/.local/lib/python3.7/site-packages/airflow/example_dags/example_short_circuit_decorator.py for tasks to queue
[2024-01-14T15:16:17.114+0000] {logging_mixin.py:120} INFO - [2024-01-14T15:16:17.114+0000] {dagbag.py:537} INFO - Filling up the DagBag from /home/airflow/.local/lib/python3.7/site-packages/airflow/example_dags/example_short_circuit_decorator.py
[2024-01-14T15:16:17.130+0000] {processor.py:766} INFO - DAG(s) dict_keys(['example_short_circuit_decorator']) retrieved from /home/airflow/.local/lib/python3.7/site-packages/airflow/example_dags/example_short_circuit_decorator.py
[2024-01-14T15:16:17.157+0000] {logging_mixin.py:120} INFO - [2024-01-14T15:16:17.157+0000] {dag.py:2585} INFO - Sync 1 DAGs
[2024-01-14T15:16:17.171+0000] {logging_mixin.py:120} INFO - [2024-01-14T15:16:17.171+0000] {dag.py:3340} INFO - Setting next_dagrun for example_short_circuit_decorator to 2024-01-13T15:16:17.171741+00:00, run_after=2024-01-14T15:16:17.171741+00:00
[2024-01-14T15:16:17.182+0000] {processor.py:176} INFO - Processing /home/airflow/.local/lib/python3.7/site-packages/airflow/example_dags/example_short_circuit_decorator.py took 0.072 seconds
[2024-01-14T15:16:48.114+0000] {processor.py:154} INFO - Started process (PID=2079) to work on /home/airflow/.local/lib/python3.7/site-packages/airflow/example_dags/example_short_circuit_decorator.py
[2024-01-14T15:16:48.115+0000] {processor.py:756} INFO - Processing file /home/airflow/.local/lib/python3.7/site-packages/airflow/example_dags/example_short_circuit_decorator.py for tasks to queue
[2024-01-14T15:16:48.115+0000] {logging_mixin.py:120} INFO - [2024-01-14T15:16:48.115+0000] {dagbag.py:537} INFO - Filling up the DagBag from /home/airflow/.local/lib/python3.7/site-packages/airflow/example_dags/example_short_circuit_decorator.py
[2024-01-14T15:16:48.132+0000] {processor.py:766} INFO - DAG(s) dict_keys(['example_short_circuit_decorator']) retrieved from /home/airflow/.local/lib/python3.7/site-packages/airflow/example_dags/example_short_circuit_decorator.py
[2024-01-14T15:16:48.156+0000] {logging_mixin.py:120} INFO - [2024-01-14T15:16:48.156+0000] {dag.py:2585} INFO - Sync 1 DAGs
[2024-01-14T15:16:48.171+0000] {logging_mixin.py:120} INFO - [2024-01-14T15:16:48.171+0000] {dag.py:3340} INFO - Setting next_dagrun for example_short_circuit_decorator to 2024-01-13T15:16:48.171008+00:00, run_after=2024-01-14T15:16:48.171008+00:00
[2024-01-14T15:16:48.182+0000] {processor.py:176} INFO - Processing /home/airflow/.local/lib/python3.7/site-packages/airflow/example_dags/example_short_circuit_decorator.py took 0.070 seconds
[2024-01-14T15:17:18.308+0000] {processor.py:154} INFO - Started process (PID=2133) to work on /home/airflow/.local/lib/python3.7/site-packages/airflow/example_dags/example_short_circuit_decorator.py
[2024-01-14T15:17:18.309+0000] {processor.py:756} INFO - Processing file /home/airflow/.local/lib/python3.7/site-packages/airflow/example_dags/example_short_circuit_decorator.py for tasks to queue
[2024-01-14T15:17:18.310+0000] {logging_mixin.py:120} INFO - [2024-01-14T15:17:18.310+0000] {dagbag.py:537} INFO - Filling up the DagBag from /home/airflow/.local/lib/python3.7/site-packages/airflow/example_dags/example_short_circuit_decorator.py
[2024-01-14T15:17:18.327+0000] {processor.py:766} INFO - DAG(s) dict_keys(['example_short_circuit_decorator']) retrieved from /home/airflow/.local/lib/python3.7/site-packages/airflow/example_dags/example_short_circuit_decorator.py
[2024-01-14T15:17:18.354+0000] {logging_mixin.py:120} INFO - [2024-01-14T15:17:18.354+0000] {dag.py:2585} INFO - Sync 1 DAGs
[2024-01-14T15:17:18.370+0000] {logging_mixin.py:120} INFO - [2024-01-14T15:17:18.370+0000] {dag.py:3340} INFO - Setting next_dagrun for example_short_circuit_decorator to 2024-01-13T15:17:18.369868+00:00, run_after=2024-01-14T15:17:18.369868+00:00
[2024-01-14T15:17:18.381+0000] {processor.py:176} INFO - Processing /home/airflow/.local/lib/python3.7/site-packages/airflow/example_dags/example_short_circuit_decorator.py took 0.075 seconds
[2024-01-14T15:17:48.491+0000] {processor.py:154} INFO - Started process (PID=2196) to work on /home/airflow/.local/lib/python3.7/site-packages/airflow/example_dags/example_short_circuit_decorator.py
[2024-01-14T15:17:48.492+0000] {processor.py:756} INFO - Processing file /home/airflow/.local/lib/python3.7/site-packages/airflow/example_dags/example_short_circuit_decorator.py for tasks to queue
[2024-01-14T15:17:48.492+0000] {logging_mixin.py:120} INFO - [2024-01-14T15:17:48.492+0000] {dagbag.py:537} INFO - Filling up the DagBag from /home/airflow/.local/lib/python3.7/site-packages/airflow/example_dags/example_short_circuit_decorator.py
[2024-01-14T15:17:48.509+0000] {processor.py:766} INFO - DAG(s) dict_keys(['example_short_circuit_decorator']) retrieved from /home/airflow/.local/lib/python3.7/site-packages/airflow/example_dags/example_short_circuit_decorator.py
[2024-01-14T15:17:48.538+0000] {logging_mixin.py:120} INFO - [2024-01-14T15:17:48.538+0000] {dag.py:2585} INFO - Sync 1 DAGs
[2024-01-14T15:17:48.554+0000] {logging_mixin.py:120} INFO - [2024-01-14T15:17:48.554+0000] {dag.py:3340} INFO - Setting next_dagrun for example_short_circuit_decorator to 2024-01-13T15:17:48.554452+00:00, run_after=2024-01-14T15:17:48.554452+00:00
[2024-01-14T15:17:48.567+0000] {processor.py:176} INFO - Processing /home/airflow/.local/lib/python3.7/site-packages/airflow/example_dags/example_short_circuit_decorator.py took 0.078 seconds
[2024-01-14T15:18:18.611+0000] {processor.py:154} INFO - Started process (PID=2259) to work on /home/airflow/.local/lib/python3.7/site-packages/airflow/example_dags/example_short_circuit_decorator.py
[2024-01-14T15:18:18.612+0000] {processor.py:756} INFO - Processing file /home/airflow/.local/lib/python3.7/site-packages/airflow/example_dags/example_short_circuit_decorator.py for tasks to queue
[2024-01-14T15:18:18.613+0000] {logging_mixin.py:120} INFO - [2024-01-14T15:18:18.613+0000] {dagbag.py:537} INFO - Filling up the DagBag from /home/airflow/.local/lib/python3.7/site-packages/airflow/example_dags/example_short_circuit_decorator.py
[2024-01-14T15:18:18.631+0000] {processor.py:766} INFO - DAG(s) dict_keys(['example_short_circuit_decorator']) retrieved from /home/airflow/.local/lib/python3.7/site-packages/airflow/example_dags/example_short_circuit_decorator.py
[2024-01-14T15:18:18.660+0000] {logging_mixin.py:120} INFO - [2024-01-14T15:18:18.660+0000] {dag.py:2585} INFO - Sync 1 DAGs
[2024-01-14T15:18:18.676+0000] {logging_mixin.py:120} INFO - [2024-01-14T15:18:18.676+0000] {dag.py:3340} INFO - Setting next_dagrun for example_short_circuit_decorator to 2024-01-13T15:18:18.676164+00:00, run_after=2024-01-14T15:18:18.676164+00:00
[2024-01-14T15:18:18.687+0000] {processor.py:176} INFO - Processing /home/airflow/.local/lib/python3.7/site-packages/airflow/example_dags/example_short_circuit_decorator.py took 0.078 seconds
[2024-01-14T15:18:49.452+0000] {processor.py:154} INFO - Started process (PID=2322) to work on /home/airflow/.local/lib/python3.7/site-packages/airflow/example_dags/example_short_circuit_decorator.py
[2024-01-14T15:18:49.453+0000] {processor.py:756} INFO - Processing file /home/airflow/.local/lib/python3.7/site-packages/airflow/example_dags/example_short_circuit_decorator.py for tasks to queue
[2024-01-14T15:18:49.453+0000] {logging_mixin.py:120} INFO - [2024-01-14T15:18:49.453+0000] {dagbag.py:537} INFO - Filling up the DagBag from /home/airflow/.local/lib/python3.7/site-packages/airflow/example_dags/example_short_circuit_decorator.py
[2024-01-14T15:18:49.473+0000] {processor.py:766} INFO - DAG(s) dict_keys(['example_short_circuit_decorator']) retrieved from /home/airflow/.local/lib/python3.7/site-packages/airflow/example_dags/example_short_circuit_decorator.py
[2024-01-14T15:18:49.502+0000] {logging_mixin.py:120} INFO - [2024-01-14T15:18:49.502+0000] {dag.py:2585} INFO - Sync 1 DAGs
[2024-01-14T15:18:49.518+0000] {logging_mixin.py:120} INFO - [2024-01-14T15:18:49.518+0000] {dag.py:3340} INFO - Setting next_dagrun for example_short_circuit_decorator to 2024-01-13T15:18:49.518540+00:00, run_after=2024-01-14T15:18:49.518540+00:00
[2024-01-14T15:18:49.530+0000] {processor.py:176} INFO - Processing /home/airflow/.local/lib/python3.7/site-packages/airflow/example_dags/example_short_circuit_decorator.py took 0.081 seconds
[2024-01-14T15:19:20.471+0000] {processor.py:154} INFO - Started process (PID=2385) to work on /home/airflow/.local/lib/python3.7/site-packages/airflow/example_dags/example_short_circuit_decorator.py
[2024-01-14T15:19:20.471+0000] {processor.py:756} INFO - Processing file /home/airflow/.local/lib/python3.7/site-packages/airflow/example_dags/example_short_circuit_decorator.py for tasks to queue
[2024-01-14T15:19:20.472+0000] {logging_mixin.py:120} INFO - [2024-01-14T15:19:20.472+0000] {dagbag.py:537} INFO - Filling up the DagBag from /home/airflow/.local/lib/python3.7/site-packages/airflow/example_dags/example_short_circuit_decorator.py
[2024-01-14T15:19:20.489+0000] {processor.py:766} INFO - DAG(s) dict_keys(['example_short_circuit_decorator']) retrieved from /home/airflow/.local/lib/python3.7/site-packages/airflow/example_dags/example_short_circuit_decorator.py
[2024-01-14T15:19:20.515+0000] {logging_mixin.py:120} INFO - [2024-01-14T15:19:20.515+0000] {dag.py:2585} INFO - Sync 1 DAGs
[2024-01-14T15:19:20.530+0000] {logging_mixin.py:120} INFO - [2024-01-14T15:19:20.530+0000] {dag.py:3340} INFO - Setting next_dagrun for example_short_circuit_decorator to 2024-01-13T15:19:20.530387+00:00, run_after=2024-01-14T15:19:20.530387+00:00
[2024-01-14T15:19:20.540+0000] {processor.py:176} INFO - Processing /home/airflow/.local/lib/python3.7/site-packages/airflow/example_dags/example_short_circuit_decorator.py took 0.072 seconds
[2024-01-14T15:19:50.704+0000] {processor.py:154} INFO - Started process (PID=2448) to work on /home/airflow/.local/lib/python3.7/site-packages/airflow/example_dags/example_short_circuit_decorator.py
[2024-01-14T15:19:50.704+0000] {processor.py:756} INFO - Processing file /home/airflow/.local/lib/python3.7/site-packages/airflow/example_dags/example_short_circuit_decorator.py for tasks to queue
[2024-01-14T15:19:50.705+0000] {logging_mixin.py:120} INFO - [2024-01-14T15:19:50.705+0000] {dagbag.py:537} INFO - Filling up the DagBag from /home/airflow/.local/lib/python3.7/site-packages/airflow/example_dags/example_short_circuit_decorator.py
[2024-01-14T15:19:50.721+0000] {processor.py:766} INFO - DAG(s) dict_keys(['example_short_circuit_decorator']) retrieved from /home/airflow/.local/lib/python3.7/site-packages/airflow/example_dags/example_short_circuit_decorator.py
[2024-01-14T15:19:50.747+0000] {logging_mixin.py:120} INFO - [2024-01-14T15:19:50.747+0000] {dag.py:2585} INFO - Sync 1 DAGs
[2024-01-14T15:19:50.763+0000] {logging_mixin.py:120} INFO - [2024-01-14T15:19:50.763+0000] {dag.py:3340} INFO - Setting next_dagrun for example_short_circuit_decorator to 2024-01-13T15:19:50.763577+00:00, run_after=2024-01-14T15:19:50.763577+00:00
[2024-01-14T15:19:50.775+0000] {processor.py:176} INFO - Processing /home/airflow/.local/lib/python3.7/site-packages/airflow/example_dags/example_short_circuit_decorator.py took 0.074 seconds
[2024-01-14T15:20:21.641+0000] {processor.py:154} INFO - Started process (PID=2502) to work on /home/airflow/.local/lib/python3.7/site-packages/airflow/example_dags/example_short_circuit_decorator.py
[2024-01-14T15:20:21.642+0000] {processor.py:756} INFO - Processing file /home/airflow/.local/lib/python3.7/site-packages/airflow/example_dags/example_short_circuit_decorator.py for tasks to queue
[2024-01-14T15:20:21.642+0000] {logging_mixin.py:120} INFO - [2024-01-14T15:20:21.642+0000] {dagbag.py:537} INFO - Filling up the DagBag from /home/airflow/.local/lib/python3.7/site-packages/airflow/example_dags/example_short_circuit_decorator.py
[2024-01-14T15:20:21.659+0000] {processor.py:766} INFO - DAG(s) dict_keys(['example_short_circuit_decorator']) retrieved from /home/airflow/.local/lib/python3.7/site-packages/airflow/example_dags/example_short_circuit_decorator.py
[2024-01-14T15:20:21.686+0000] {logging_mixin.py:120} INFO - [2024-01-14T15:20:21.686+0000] {dag.py:2585} INFO - Sync 1 DAGs
[2024-01-14T15:20:21.700+0000] {logging_mixin.py:120} INFO - [2024-01-14T15:20:21.700+0000] {dag.py:3340} INFO - Setting next_dagrun for example_short_circuit_decorator to 2024-01-13T15:20:21.700743+00:00, run_after=2024-01-14T15:20:21.700743+00:00
[2024-01-14T15:20:21.712+0000] {processor.py:176} INFO - Processing /home/airflow/.local/lib/python3.7/site-packages/airflow/example_dags/example_short_circuit_decorator.py took 0.074 seconds
[2024-01-14T15:20:52.495+0000] {processor.py:154} INFO - Started process (PID=2565) to work on /home/airflow/.local/lib/python3.7/site-packages/airflow/example_dags/example_short_circuit_decorator.py
[2024-01-14T15:20:52.496+0000] {processor.py:756} INFO - Processing file /home/airflow/.local/lib/python3.7/site-packages/airflow/example_dags/example_short_circuit_decorator.py for tasks to queue
[2024-01-14T15:20:52.496+0000] {logging_mixin.py:120} INFO - [2024-01-14T15:20:52.496+0000] {dagbag.py:537} INFO - Filling up the DagBag from /home/airflow/.local/lib/python3.7/site-packages/airflow/example_dags/example_short_circuit_decorator.py
[2024-01-14T15:20:52.514+0000] {processor.py:766} INFO - DAG(s) dict_keys(['example_short_circuit_decorator']) retrieved from /home/airflow/.local/lib/python3.7/site-packages/airflow/example_dags/example_short_circuit_decorator.py
[2024-01-14T15:20:52.544+0000] {logging_mixin.py:120} INFO - [2024-01-14T15:20:52.544+0000] {dag.py:2585} INFO - Sync 1 DAGs
[2024-01-14T15:20:52.566+0000] {logging_mixin.py:120} INFO - [2024-01-14T15:20:52.566+0000] {dag.py:3340} INFO - Setting next_dagrun for example_short_circuit_decorator to 2024-01-13T15:20:52.566642+00:00, run_after=2024-01-14T15:20:52.566642+00:00
[2024-01-14T15:20:52.582+0000] {processor.py:176} INFO - Processing /home/airflow/.local/lib/python3.7/site-packages/airflow/example_dags/example_short_circuit_decorator.py took 0.090 seconds
[2024-01-14T15:21:23.574+0000] {processor.py:154} INFO - Started process (PID=2628) to work on /home/airflow/.local/lib/python3.7/site-packages/airflow/example_dags/example_short_circuit_decorator.py
[2024-01-14T15:21:23.575+0000] {processor.py:756} INFO - Processing file /home/airflow/.local/lib/python3.7/site-packages/airflow/example_dags/example_short_circuit_decorator.py for tasks to queue
[2024-01-14T15:21:23.576+0000] {logging_mixin.py:120} INFO - [2024-01-14T15:21:23.575+0000] {dagbag.py:537} INFO - Filling up the DagBag from /home/airflow/.local/lib/python3.7/site-packages/airflow/example_dags/example_short_circuit_decorator.py
[2024-01-14T15:21:23.593+0000] {processor.py:766} INFO - DAG(s) dict_keys(['example_short_circuit_decorator']) retrieved from /home/airflow/.local/lib/python3.7/site-packages/airflow/example_dags/example_short_circuit_decorator.py
[2024-01-14T15:21:23.621+0000] {logging_mixin.py:120} INFO - [2024-01-14T15:21:23.621+0000] {dag.py:2585} INFO - Sync 1 DAGs
[2024-01-14T15:21:23.637+0000] {logging_mixin.py:120} INFO - [2024-01-14T15:21:23.637+0000] {dag.py:3340} INFO - Setting next_dagrun for example_short_circuit_decorator to 2024-01-13T15:21:23.637580+00:00, run_after=2024-01-14T15:21:23.637580+00:00
[2024-01-14T15:21:23.650+0000] {processor.py:176} INFO - Processing /home/airflow/.local/lib/python3.7/site-packages/airflow/example_dags/example_short_circuit_decorator.py took 0.078 seconds
[2024-01-14T15:21:54.499+0000] {processor.py:154} INFO - Started process (PID=2691) to work on /home/airflow/.local/lib/python3.7/site-packages/airflow/example_dags/example_short_circuit_decorator.py
[2024-01-14T15:21:54.499+0000] {processor.py:756} INFO - Processing file /home/airflow/.local/lib/python3.7/site-packages/airflow/example_dags/example_short_circuit_decorator.py for tasks to queue
[2024-01-14T15:21:54.500+0000] {logging_mixin.py:120} INFO - [2024-01-14T15:21:54.500+0000] {dagbag.py:537} INFO - Filling up the DagBag from /home/airflow/.local/lib/python3.7/site-packages/airflow/example_dags/example_short_circuit_decorator.py
[2024-01-14T15:21:54.517+0000] {processor.py:766} INFO - DAG(s) dict_keys(['example_short_circuit_decorator']) retrieved from /home/airflow/.local/lib/python3.7/site-packages/airflow/example_dags/example_short_circuit_decorator.py
[2024-01-14T15:21:54.545+0000] {logging_mixin.py:120} INFO - [2024-01-14T15:21:54.545+0000] {dag.py:2585} INFO - Sync 1 DAGs
[2024-01-14T15:21:54.559+0000] {logging_mixin.py:120} INFO - [2024-01-14T15:21:54.559+0000] {dag.py:3340} INFO - Setting next_dagrun for example_short_circuit_decorator to 2024-01-13T15:21:54.559567+00:00, run_after=2024-01-14T15:21:54.559567+00:00
[2024-01-14T15:21:54.570+0000] {processor.py:176} INFO - Processing /home/airflow/.local/lib/python3.7/site-packages/airflow/example_dags/example_short_circuit_decorator.py took 0.073 seconds
[2024-01-14T15:22:25.477+0000] {processor.py:154} INFO - Started process (PID=2754) to work on /home/airflow/.local/lib/python3.7/site-packages/airflow/example_dags/example_short_circuit_decorator.py
[2024-01-14T15:22:25.478+0000] {processor.py:756} INFO - Processing file /home/airflow/.local/lib/python3.7/site-packages/airflow/example_dags/example_short_circuit_decorator.py for tasks to queue
[2024-01-14T15:22:25.479+0000] {logging_mixin.py:120} INFO - [2024-01-14T15:22:25.478+0000] {dagbag.py:537} INFO - Filling up the DagBag from /home/airflow/.local/lib/python3.7/site-packages/airflow/example_dags/example_short_circuit_decorator.py
[2024-01-14T15:22:25.495+0000] {processor.py:766} INFO - DAG(s) dict_keys(['example_short_circuit_decorator']) retrieved from /home/airflow/.local/lib/python3.7/site-packages/airflow/example_dags/example_short_circuit_decorator.py
[2024-01-14T15:22:25.522+0000] {logging_mixin.py:120} INFO - [2024-01-14T15:22:25.522+0000] {dag.py:2585} INFO - Sync 1 DAGs
[2024-01-14T15:22:25.536+0000] {logging_mixin.py:120} INFO - [2024-01-14T15:22:25.536+0000] {dag.py:3340} INFO - Setting next_dagrun for example_short_circuit_decorator to 2024-01-13T15:22:25.536666+00:00, run_after=2024-01-14T15:22:25.536666+00:00
[2024-01-14T15:22:25.548+0000] {processor.py:176} INFO - Processing /home/airflow/.local/lib/python3.7/site-packages/airflow/example_dags/example_short_circuit_decorator.py took 0.073 seconds
[2024-01-14T15:22:55.665+0000] {processor.py:154} INFO - Started process (PID=2817) to work on /home/airflow/.local/lib/python3.7/site-packages/airflow/example_dags/example_short_circuit_decorator.py
[2024-01-14T15:22:55.666+0000] {processor.py:756} INFO - Processing file /home/airflow/.local/lib/python3.7/site-packages/airflow/example_dags/example_short_circuit_decorator.py for tasks to queue
[2024-01-14T15:22:55.667+0000] {logging_mixin.py:120} INFO - [2024-01-14T15:22:55.667+0000] {dagbag.py:537} INFO - Filling up the DagBag from /home/airflow/.local/lib/python3.7/site-packages/airflow/example_dags/example_short_circuit_decorator.py
[2024-01-14T15:22:55.685+0000] {processor.py:766} INFO - DAG(s) dict_keys(['example_short_circuit_decorator']) retrieved from /home/airflow/.local/lib/python3.7/site-packages/airflow/example_dags/example_short_circuit_decorator.py
[2024-01-14T15:22:55.714+0000] {logging_mixin.py:120} INFO - [2024-01-14T15:22:55.714+0000] {dag.py:2585} INFO - Sync 1 DAGs
[2024-01-14T15:22:55.730+0000] {logging_mixin.py:120} INFO - [2024-01-14T15:22:55.730+0000] {dag.py:3340} INFO - Setting next_dagrun for example_short_circuit_decorator to 2024-01-13T15:22:55.730670+00:00, run_after=2024-01-14T15:22:55.730670+00:00
[2024-01-14T15:22:55.742+0000] {processor.py:176} INFO - Processing /home/airflow/.local/lib/python3.7/site-packages/airflow/example_dags/example_short_circuit_decorator.py took 0.079 seconds
[2024-01-14T15:23:25.877+0000] {processor.py:154} INFO - Started process (PID=2871) to work on /home/airflow/.local/lib/python3.7/site-packages/airflow/example_dags/example_short_circuit_decorator.py
[2024-01-14T15:23:25.878+0000] {processor.py:756} INFO - Processing file /home/airflow/.local/lib/python3.7/site-packages/airflow/example_dags/example_short_circuit_decorator.py for tasks to queue
[2024-01-14T15:23:25.879+0000] {logging_mixin.py:120} INFO - [2024-01-14T15:23:25.878+0000] {dagbag.py:537} INFO - Filling up the DagBag from /home/airflow/.local/lib/python3.7/site-packages/airflow/example_dags/example_short_circuit_decorator.py
[2024-01-14T15:23:25.897+0000] {processor.py:766} INFO - DAG(s) dict_keys(['example_short_circuit_decorator']) retrieved from /home/airflow/.local/lib/python3.7/site-packages/airflow/example_dags/example_short_circuit_decorator.py
[2024-01-14T15:23:25.926+0000] {logging_mixin.py:120} INFO - [2024-01-14T15:23:25.926+0000] {dag.py:2585} INFO - Sync 1 DAGs
[2024-01-14T15:23:25.943+0000] {logging_mixin.py:120} INFO - [2024-01-14T15:23:25.942+0000] {dag.py:3340} INFO - Setting next_dagrun for example_short_circuit_decorator to 2024-01-13T15:23:25.942761+00:00, run_after=2024-01-14T15:23:25.942761+00:00
[2024-01-14T15:23:25.954+0000] {processor.py:176} INFO - Processing /home/airflow/.local/lib/python3.7/site-packages/airflow/example_dags/example_short_circuit_decorator.py took 0.080 seconds
[2024-01-14T15:23:56.035+0000] {processor.py:154} INFO - Started process (PID=2934) to work on /home/airflow/.local/lib/python3.7/site-packages/airflow/example_dags/example_short_circuit_decorator.py
[2024-01-14T15:23:56.035+0000] {processor.py:756} INFO - Processing file /home/airflow/.local/lib/python3.7/site-packages/airflow/example_dags/example_short_circuit_decorator.py for tasks to queue
[2024-01-14T15:23:56.036+0000] {logging_mixin.py:120} INFO - [2024-01-14T15:23:56.036+0000] {dagbag.py:537} INFO - Filling up the DagBag from /home/airflow/.local/lib/python3.7/site-packages/airflow/example_dags/example_short_circuit_decorator.py
[2024-01-14T15:23:56.052+0000] {processor.py:766} INFO - DAG(s) dict_keys(['example_short_circuit_decorator']) retrieved from /home/airflow/.local/lib/python3.7/site-packages/airflow/example_dags/example_short_circuit_decorator.py
[2024-01-14T15:23:56.081+0000] {logging_mixin.py:120} INFO - [2024-01-14T15:23:56.081+0000] {dag.py:2585} INFO - Sync 1 DAGs
[2024-01-14T15:23:56.096+0000] {logging_mixin.py:120} INFO - [2024-01-14T15:23:56.096+0000] {dag.py:3340} INFO - Setting next_dagrun for example_short_circuit_decorator to 2024-01-13T15:23:56.096145+00:00, run_after=2024-01-14T15:23:56.096145+00:00
[2024-01-14T15:23:56.108+0000] {processor.py:176} INFO - Processing /home/airflow/.local/lib/python3.7/site-packages/airflow/example_dags/example_short_circuit_decorator.py took 0.076 seconds
[2024-01-14T15:24:26.151+0000] {processor.py:154} INFO - Started process (PID=2997) to work on /home/airflow/.local/lib/python3.7/site-packages/airflow/example_dags/example_short_circuit_decorator.py
[2024-01-14T15:24:26.151+0000] {processor.py:756} INFO - Processing file /home/airflow/.local/lib/python3.7/site-packages/airflow/example_dags/example_short_circuit_decorator.py for tasks to queue
[2024-01-14T15:24:26.152+0000] {logging_mixin.py:120} INFO - [2024-01-14T15:24:26.152+0000] {dagbag.py:537} INFO - Filling up the DagBag from /home/airflow/.local/lib/python3.7/site-packages/airflow/example_dags/example_short_circuit_decorator.py
[2024-01-14T15:24:26.170+0000] {processor.py:766} INFO - DAG(s) dict_keys(['example_short_circuit_decorator']) retrieved from /home/airflow/.local/lib/python3.7/site-packages/airflow/example_dags/example_short_circuit_decorator.py
[2024-01-14T15:24:26.201+0000] {logging_mixin.py:120} INFO - [2024-01-14T15:24:26.201+0000] {dag.py:2585} INFO - Sync 1 DAGs
[2024-01-14T15:24:26.217+0000] {logging_mixin.py:120} INFO - [2024-01-14T15:24:26.217+0000] {dag.py:3340} INFO - Setting next_dagrun for example_short_circuit_decorator to 2024-01-13T15:24:26.217036+00:00, run_after=2024-01-14T15:24:26.217036+00:00
[2024-01-14T15:24:26.229+0000] {processor.py:176} INFO - Processing /home/airflow/.local/lib/python3.7/site-packages/airflow/example_dags/example_short_circuit_decorator.py took 0.082 seconds
[2024-01-14T15:24:57.054+0000] {processor.py:154} INFO - Started process (PID=3060) to work on /home/airflow/.local/lib/python3.7/site-packages/airflow/example_dags/example_short_circuit_decorator.py
[2024-01-14T15:24:57.055+0000] {processor.py:756} INFO - Processing file /home/airflow/.local/lib/python3.7/site-packages/airflow/example_dags/example_short_circuit_decorator.py for tasks to queue
[2024-01-14T15:24:57.056+0000] {logging_mixin.py:120} INFO - [2024-01-14T15:24:57.056+0000] {dagbag.py:537} INFO - Filling up the DagBag from /home/airflow/.local/lib/python3.7/site-packages/airflow/example_dags/example_short_circuit_decorator.py
[2024-01-14T15:24:57.072+0000] {processor.py:766} INFO - DAG(s) dict_keys(['example_short_circuit_decorator']) retrieved from /home/airflow/.local/lib/python3.7/site-packages/airflow/example_dags/example_short_circuit_decorator.py
[2024-01-14T15:24:57.098+0000] {logging_mixin.py:120} INFO - [2024-01-14T15:24:57.098+0000] {dag.py:2585} INFO - Sync 1 DAGs
[2024-01-14T15:24:57.113+0000] {logging_mixin.py:120} INFO - [2024-01-14T15:24:57.113+0000] {dag.py:3340} INFO - Setting next_dagrun for example_short_circuit_decorator to 2024-01-13T15:24:57.113437+00:00, run_after=2024-01-14T15:24:57.113437+00:00
[2024-01-14T15:24:57.123+0000] {processor.py:176} INFO - Processing /home/airflow/.local/lib/python3.7/site-packages/airflow/example_dags/example_short_circuit_decorator.py took 0.071 seconds
[2024-01-14T15:25:28.087+0000] {processor.py:154} INFO - Started process (PID=3123) to work on /home/airflow/.local/lib/python3.7/site-packages/airflow/example_dags/example_short_circuit_decorator.py
[2024-01-14T15:25:28.088+0000] {processor.py:756} INFO - Processing file /home/airflow/.local/lib/python3.7/site-packages/airflow/example_dags/example_short_circuit_decorator.py for tasks to queue
[2024-01-14T15:25:28.089+0000] {logging_mixin.py:120} INFO - [2024-01-14T15:25:28.089+0000] {dagbag.py:537} INFO - Filling up the DagBag from /home/airflow/.local/lib/python3.7/site-packages/airflow/example_dags/example_short_circuit_decorator.py
[2024-01-14T15:25:28.106+0000] {processor.py:766} INFO - DAG(s) dict_keys(['example_short_circuit_decorator']) retrieved from /home/airflow/.local/lib/python3.7/site-packages/airflow/example_dags/example_short_circuit_decorator.py
[2024-01-14T15:25:28.135+0000] {logging_mixin.py:120} INFO - [2024-01-14T15:25:28.135+0000] {dag.py:2585} INFO - Sync 1 DAGs
[2024-01-14T15:25:28.152+0000] {logging_mixin.py:120} INFO - [2024-01-14T15:25:28.152+0000] {dag.py:3340} INFO - Setting next_dagrun for example_short_circuit_decorator to 2024-01-13T15:25:28.152094+00:00, run_after=2024-01-14T15:25:28.152094+00:00
[2024-01-14T15:25:28.163+0000] {processor.py:176} INFO - Processing /home/airflow/.local/lib/python3.7/site-packages/airflow/example_dags/example_short_circuit_decorator.py took 0.079 seconds
[2024-01-14T15:25:59.138+0000] {processor.py:154} INFO - Started process (PID=3186) to work on /home/airflow/.local/lib/python3.7/site-packages/airflow/example_dags/example_short_circuit_decorator.py
[2024-01-14T15:25:59.139+0000] {processor.py:756} INFO - Processing file /home/airflow/.local/lib/python3.7/site-packages/airflow/example_dags/example_short_circuit_decorator.py for tasks to queue
[2024-01-14T15:25:59.140+0000] {logging_mixin.py:120} INFO - [2024-01-14T15:25:59.140+0000] {dagbag.py:537} INFO - Filling up the DagBag from /home/airflow/.local/lib/python3.7/site-packages/airflow/example_dags/example_short_circuit_decorator.py
[2024-01-14T15:25:59.155+0000] {processor.py:766} INFO - DAG(s) dict_keys(['example_short_circuit_decorator']) retrieved from /home/airflow/.local/lib/python3.7/site-packages/airflow/example_dags/example_short_circuit_decorator.py
[2024-01-14T15:25:59.180+0000] {logging_mixin.py:120} INFO - [2024-01-14T15:25:59.180+0000] {dag.py:2585} INFO - Sync 1 DAGs
[2024-01-14T15:25:59.195+0000] {logging_mixin.py:120} INFO - [2024-01-14T15:25:59.195+0000] {dag.py:3340} INFO - Setting next_dagrun for example_short_circuit_decorator to 2024-01-13T15:25:59.195277+00:00, run_after=2024-01-14T15:25:59.195277+00:00
[2024-01-14T15:25:59.206+0000] {processor.py:176} INFO - Processing /home/airflow/.local/lib/python3.7/site-packages/airflow/example_dags/example_short_circuit_decorator.py took 0.071 seconds
[2024-01-14T15:26:30.194+0000] {processor.py:154} INFO - Started process (PID=3240) to work on /home/airflow/.local/lib/python3.7/site-packages/airflow/example_dags/example_short_circuit_decorator.py
[2024-01-14T15:26:30.195+0000] {processor.py:756} INFO - Processing file /home/airflow/.local/lib/python3.7/site-packages/airflow/example_dags/example_short_circuit_decorator.py for tasks to queue
[2024-01-14T15:26:30.196+0000] {logging_mixin.py:120} INFO - [2024-01-14T15:26:30.195+0000] {dagbag.py:537} INFO - Filling up the DagBag from /home/airflow/.local/lib/python3.7/site-packages/airflow/example_dags/example_short_circuit_decorator.py
[2024-01-14T15:26:30.212+0000] {processor.py:766} INFO - DAG(s) dict_keys(['example_short_circuit_decorator']) retrieved from /home/airflow/.local/lib/python3.7/site-packages/airflow/example_dags/example_short_circuit_decorator.py
[2024-01-14T15:26:30.240+0000] {logging_mixin.py:120} INFO - [2024-01-14T15:26:30.240+0000] {dag.py:2585} INFO - Sync 1 DAGs
[2024-01-14T15:26:30.256+0000] {logging_mixin.py:120} INFO - [2024-01-14T15:26:30.256+0000] {dag.py:3340} INFO - Setting next_dagrun for example_short_circuit_decorator to 2024-01-13T15:26:30.256230+00:00, run_after=2024-01-14T15:26:30.256230+00:00
[2024-01-14T15:26:30.268+0000] {processor.py:176} INFO - Processing /home/airflow/.local/lib/python3.7/site-packages/airflow/example_dags/example_short_circuit_decorator.py took 0.076 seconds
[2024-01-14T15:27:01.174+0000] {processor.py:154} INFO - Started process (PID=3303) to work on /home/airflow/.local/lib/python3.7/site-packages/airflow/example_dags/example_short_circuit_decorator.py
[2024-01-14T15:27:01.175+0000] {processor.py:756} INFO - Processing file /home/airflow/.local/lib/python3.7/site-packages/airflow/example_dags/example_short_circuit_decorator.py for tasks to queue
[2024-01-14T15:27:01.176+0000] {logging_mixin.py:120} INFO - [2024-01-14T15:27:01.176+0000] {dagbag.py:537} INFO - Filling up the DagBag from /home/airflow/.local/lib/python3.7/site-packages/airflow/example_dags/example_short_circuit_decorator.py
[2024-01-14T15:27:01.195+0000] {processor.py:766} INFO - DAG(s) dict_keys(['example_short_circuit_decorator']) retrieved from /home/airflow/.local/lib/python3.7/site-packages/airflow/example_dags/example_short_circuit_decorator.py
[2024-01-14T15:27:01.233+0000] {logging_mixin.py:120} INFO - [2024-01-14T15:27:01.233+0000] {dag.py:2585} INFO - Sync 1 DAGs
[2024-01-14T15:27:01.250+0000] {logging_mixin.py:120} INFO - [2024-01-14T15:27:01.250+0000] {dag.py:3340} INFO - Setting next_dagrun for example_short_circuit_decorator to 2024-01-13T15:27:01.249882+00:00, run_after=2024-01-14T15:27:01.249882+00:00
[2024-01-14T15:27:01.261+0000] {processor.py:176} INFO - Processing /home/airflow/.local/lib/python3.7/site-packages/airflow/example_dags/example_short_circuit_decorator.py took 0.089 seconds
[2024-01-14T15:27:32.220+0000] {processor.py:154} INFO - Started process (PID=3366) to work on /home/airflow/.local/lib/python3.7/site-packages/airflow/example_dags/example_short_circuit_decorator.py
[2024-01-14T15:27:32.221+0000] {processor.py:756} INFO - Processing file /home/airflow/.local/lib/python3.7/site-packages/airflow/example_dags/example_short_circuit_decorator.py for tasks to queue
[2024-01-14T15:27:32.221+0000] {logging_mixin.py:120} INFO - [2024-01-14T15:27:32.221+0000] {dagbag.py:537} INFO - Filling up the DagBag from /home/airflow/.local/lib/python3.7/site-packages/airflow/example_dags/example_short_circuit_decorator.py
[2024-01-14T15:27:32.238+0000] {processor.py:766} INFO - DAG(s) dict_keys(['example_short_circuit_decorator']) retrieved from /home/airflow/.local/lib/python3.7/site-packages/airflow/example_dags/example_short_circuit_decorator.py
[2024-01-14T15:27:32.267+0000] {logging_mixin.py:120} INFO - [2024-01-14T15:27:32.267+0000] {dag.py:2585} INFO - Sync 1 DAGs
[2024-01-14T15:27:32.284+0000] {logging_mixin.py:120} INFO - [2024-01-14T15:27:32.284+0000] {dag.py:3340} INFO - Setting next_dagrun for example_short_circuit_decorator to 2024-01-13T15:27:32.284044+00:00, run_after=2024-01-14T15:27:32.284044+00:00
[2024-01-14T15:27:32.295+0000] {processor.py:176} INFO - Processing /home/airflow/.local/lib/python3.7/site-packages/airflow/example_dags/example_short_circuit_decorator.py took 0.079 seconds
[2024-01-14T15:28:03.191+0000] {processor.py:154} INFO - Started process (PID=3429) to work on /home/airflow/.local/lib/python3.7/site-packages/airflow/example_dags/example_short_circuit_decorator.py
[2024-01-14T15:28:03.192+0000] {processor.py:756} INFO - Processing file /home/airflow/.local/lib/python3.7/site-packages/airflow/example_dags/example_short_circuit_decorator.py for tasks to queue
[2024-01-14T15:28:03.192+0000] {logging_mixin.py:120} INFO - [2024-01-14T15:28:03.192+0000] {dagbag.py:537} INFO - Filling up the DagBag from /home/airflow/.local/lib/python3.7/site-packages/airflow/example_dags/example_short_circuit_decorator.py
[2024-01-14T15:28:03.209+0000] {processor.py:766} INFO - DAG(s) dict_keys(['example_short_circuit_decorator']) retrieved from /home/airflow/.local/lib/python3.7/site-packages/airflow/example_dags/example_short_circuit_decorator.py
[2024-01-14T15:28:03.236+0000] {logging_mixin.py:120} INFO - [2024-01-14T15:28:03.236+0000] {dag.py:2585} INFO - Sync 1 DAGs
[2024-01-14T15:28:03.252+0000] {logging_mixin.py:120} INFO - [2024-01-14T15:28:03.252+0000] {dag.py:3340} INFO - Setting next_dagrun for example_short_circuit_decorator to 2024-01-13T15:28:03.252240+00:00, run_after=2024-01-14T15:28:03.252240+00:00
[2024-01-14T15:28:03.264+0000] {processor.py:176} INFO - Processing /home/airflow/.local/lib/python3.7/site-packages/airflow/example_dags/example_short_circuit_decorator.py took 0.076 seconds
[2024-01-14T15:28:34.194+0000] {processor.py:154} INFO - Started process (PID=3492) to work on /home/airflow/.local/lib/python3.7/site-packages/airflow/example_dags/example_short_circuit_decorator.py
[2024-01-14T15:28:34.195+0000] {processor.py:756} INFO - Processing file /home/airflow/.local/lib/python3.7/site-packages/airflow/example_dags/example_short_circuit_decorator.py for tasks to queue
[2024-01-14T15:28:34.196+0000] {logging_mixin.py:120} INFO - [2024-01-14T15:28:34.196+0000] {dagbag.py:537} INFO - Filling up the DagBag from /home/airflow/.local/lib/python3.7/site-packages/airflow/example_dags/example_short_circuit_decorator.py
[2024-01-14T15:28:34.214+0000] {processor.py:766} INFO - DAG(s) dict_keys(['example_short_circuit_decorator']) retrieved from /home/airflow/.local/lib/python3.7/site-packages/airflow/example_dags/example_short_circuit_decorator.py
[2024-01-14T15:28:34.241+0000] {logging_mixin.py:120} INFO - [2024-01-14T15:28:34.240+0000] {dag.py:2585} INFO - Sync 1 DAGs
[2024-01-14T15:28:34.256+0000] {logging_mixin.py:120} INFO - [2024-01-14T15:28:34.256+0000] {dag.py:3340} INFO - Setting next_dagrun for example_short_circuit_decorator to 2024-01-13T15:28:34.256647+00:00, run_after=2024-01-14T15:28:34.256647+00:00
[2024-01-14T15:28:34.269+0000] {processor.py:176} INFO - Processing /home/airflow/.local/lib/python3.7/site-packages/airflow/example_dags/example_short_circuit_decorator.py took 0.077 seconds
[2024-01-14T15:29:05.218+0000] {processor.py:154} INFO - Started process (PID=3555) to work on /home/airflow/.local/lib/python3.7/site-packages/airflow/example_dags/example_short_circuit_decorator.py
[2024-01-14T15:29:05.219+0000] {processor.py:756} INFO - Processing file /home/airflow/.local/lib/python3.7/site-packages/airflow/example_dags/example_short_circuit_decorator.py for tasks to queue
[2024-01-14T15:29:05.220+0000] {logging_mixin.py:120} INFO - [2024-01-14T15:29:05.220+0000] {dagbag.py:537} INFO - Filling up the DagBag from /home/airflow/.local/lib/python3.7/site-packages/airflow/example_dags/example_short_circuit_decorator.py
[2024-01-14T15:29:05.238+0000] {processor.py:766} INFO - DAG(s) dict_keys(['example_short_circuit_decorator']) retrieved from /home/airflow/.local/lib/python3.7/site-packages/airflow/example_dags/example_short_circuit_decorator.py
[2024-01-14T15:29:05.267+0000] {logging_mixin.py:120} INFO - [2024-01-14T15:29:05.267+0000] {dag.py:2585} INFO - Sync 1 DAGs
[2024-01-14T15:29:05.283+0000] {logging_mixin.py:120} INFO - [2024-01-14T15:29:05.283+0000] {dag.py:3340} INFO - Setting next_dagrun for example_short_circuit_decorator to 2024-01-13T15:29:05.282948+00:00, run_after=2024-01-14T15:29:05.282948+00:00
[2024-01-14T15:29:05.295+0000] {processor.py:176} INFO - Processing /home/airflow/.local/lib/python3.7/site-packages/airflow/example_dags/example_short_circuit_decorator.py took 0.079 seconds
[2024-01-14T15:29:36.097+0000] {processor.py:154} INFO - Started process (PID=3617) to work on /home/airflow/.local/lib/python3.7/site-packages/airflow/example_dags/example_short_circuit_decorator.py
[2024-01-14T15:29:36.098+0000] {processor.py:756} INFO - Processing file /home/airflow/.local/lib/python3.7/site-packages/airflow/example_dags/example_short_circuit_decorator.py for tasks to queue
[2024-01-14T15:29:36.099+0000] {logging_mixin.py:120} INFO - [2024-01-14T15:29:36.099+0000] {dagbag.py:537} INFO - Filling up the DagBag from /home/airflow/.local/lib/python3.7/site-packages/airflow/example_dags/example_short_circuit_decorator.py
[2024-01-14T15:29:36.115+0000] {processor.py:766} INFO - DAG(s) dict_keys(['example_short_circuit_decorator']) retrieved from /home/airflow/.local/lib/python3.7/site-packages/airflow/example_dags/example_short_circuit_decorator.py
[2024-01-14T15:29:36.143+0000] {logging_mixin.py:120} INFO - [2024-01-14T15:29:36.143+0000] {dag.py:2585} INFO - Sync 1 DAGs
[2024-01-14T15:29:36.158+0000] {logging_mixin.py:120} INFO - [2024-01-14T15:29:36.158+0000] {dag.py:3340} INFO - Setting next_dagrun for example_short_circuit_decorator to 2024-01-13T15:29:36.158543+00:00, run_after=2024-01-14T15:29:36.158543+00:00
[2024-01-14T15:29:36.169+0000] {processor.py:176} INFO - Processing /home/airflow/.local/lib/python3.7/site-packages/airflow/example_dags/example_short_circuit_decorator.py took 0.074 seconds
[2024-01-14T15:30:06.310+0000] {processor.py:154} INFO - Started process (PID=3671) to work on /home/airflow/.local/lib/python3.7/site-packages/airflow/example_dags/example_short_circuit_decorator.py
[2024-01-14T15:30:06.310+0000] {processor.py:756} INFO - Processing file /home/airflow/.local/lib/python3.7/site-packages/airflow/example_dags/example_short_circuit_decorator.py for tasks to queue
[2024-01-14T15:30:06.311+0000] {logging_mixin.py:120} INFO - [2024-01-14T15:30:06.311+0000] {dagbag.py:537} INFO - Filling up the DagBag from /home/airflow/.local/lib/python3.7/site-packages/airflow/example_dags/example_short_circuit_decorator.py
[2024-01-14T15:30:06.327+0000] {processor.py:766} INFO - DAG(s) dict_keys(['example_short_circuit_decorator']) retrieved from /home/airflow/.local/lib/python3.7/site-packages/airflow/example_dags/example_short_circuit_decorator.py
[2024-01-14T15:30:06.353+0000] {logging_mixin.py:120} INFO - [2024-01-14T15:30:06.353+0000] {dag.py:2585} INFO - Sync 1 DAGs
[2024-01-14T15:30:06.368+0000] {logging_mixin.py:120} INFO - [2024-01-14T15:30:06.368+0000] {dag.py:3340} INFO - Setting next_dagrun for example_short_circuit_decorator to 2024-01-13T15:30:06.368142+00:00, run_after=2024-01-14T15:30:06.368142+00:00
[2024-01-14T15:30:06.380+0000] {processor.py:176} INFO - Processing /home/airflow/.local/lib/python3.7/site-packages/airflow/example_dags/example_short_circuit_decorator.py took 0.072 seconds
[2024-01-14T15:30:36.717+0000] {processor.py:154} INFO - Started process (PID=3734) to work on /home/airflow/.local/lib/python3.7/site-packages/airflow/example_dags/example_short_circuit_decorator.py
[2024-01-14T15:30:36.718+0000] {processor.py:756} INFO - Processing file /home/airflow/.local/lib/python3.7/site-packages/airflow/example_dags/example_short_circuit_decorator.py for tasks to queue
[2024-01-14T15:30:36.719+0000] {logging_mixin.py:120} INFO - [2024-01-14T15:30:36.718+0000] {dagbag.py:537} INFO - Filling up the DagBag from /home/airflow/.local/lib/python3.7/site-packages/airflow/example_dags/example_short_circuit_decorator.py
[2024-01-14T15:30:36.736+0000] {processor.py:766} INFO - DAG(s) dict_keys(['example_short_circuit_decorator']) retrieved from /home/airflow/.local/lib/python3.7/site-packages/airflow/example_dags/example_short_circuit_decorator.py
[2024-01-14T15:30:36.764+0000] {logging_mixin.py:120} INFO - [2024-01-14T15:30:36.764+0000] {dag.py:2585} INFO - Sync 1 DAGs
[2024-01-14T15:30:36.783+0000] {logging_mixin.py:120} INFO - [2024-01-14T15:30:36.782+0000] {dag.py:3340} INFO - Setting next_dagrun for example_short_circuit_decorator to 2024-01-13T15:30:36.782729+00:00, run_after=2024-01-14T15:30:36.782729+00:00
[2024-01-14T15:30:36.796+0000] {processor.py:176} INFO - Processing /home/airflow/.local/lib/python3.7/site-packages/airflow/example_dags/example_short_circuit_decorator.py took 0.081 seconds
[2024-01-14T15:31:06.888+0000] {processor.py:154} INFO - Started process (PID=3797) to work on /home/airflow/.local/lib/python3.7/site-packages/airflow/example_dags/example_short_circuit_decorator.py
[2024-01-14T15:31:06.889+0000] {processor.py:756} INFO - Processing file /home/airflow/.local/lib/python3.7/site-packages/airflow/example_dags/example_short_circuit_decorator.py for tasks to queue
[2024-01-14T15:31:06.890+0000] {logging_mixin.py:120} INFO - [2024-01-14T15:31:06.890+0000] {dagbag.py:537} INFO - Filling up the DagBag from /home/airflow/.local/lib/python3.7/site-packages/airflow/example_dags/example_short_circuit_decorator.py
[2024-01-14T15:31:06.908+0000] {processor.py:766} INFO - DAG(s) dict_keys(['example_short_circuit_decorator']) retrieved from /home/airflow/.local/lib/python3.7/site-packages/airflow/example_dags/example_short_circuit_decorator.py
[2024-01-14T15:31:06.937+0000] {logging_mixin.py:120} INFO - [2024-01-14T15:31:06.937+0000] {dag.py:2585} INFO - Sync 1 DAGs
[2024-01-14T15:31:06.953+0000] {logging_mixin.py:120} INFO - [2024-01-14T15:31:06.953+0000] {dag.py:3340} INFO - Setting next_dagrun for example_short_circuit_decorator to 2024-01-13T15:31:06.953580+00:00, run_after=2024-01-14T15:31:06.953580+00:00
[2024-01-14T15:31:06.965+0000] {processor.py:176} INFO - Processing /home/airflow/.local/lib/python3.7/site-packages/airflow/example_dags/example_short_circuit_decorator.py took 0.080 seconds
