[2024-01-14T14:59:59.542+0000] {processor.py:154} INFO - Started process (PID=68) to work on /home/airflow/.local/lib/python3.7/site-packages/airflow/example_dags/example_trigger_target_dag.py
[2024-01-14T14:59:59.546+0000] {processor.py:756} INFO - Processing file /home/airflow/.local/lib/python3.7/site-packages/airflow/example_dags/example_trigger_target_dag.py for tasks to queue
[2024-01-14T14:59:59.547+0000] {logging_mixin.py:120} INFO - [2024-01-14T14:59:59.547+0000] {dagbag.py:537} INFO - Filling up the DagBag from /home/airflow/.local/lib/python3.7/site-packages/airflow/example_dags/example_trigger_target_dag.py
[2024-01-14T14:59:59.580+0000] {processor.py:766} INFO - DAG(s) dict_keys(['example_trigger_target_dag']) retrieved from /home/airflow/.local/lib/python3.7/site-packages/airflow/example_dags/example_trigger_target_dag.py
[2024-01-14T14:59:59.784+0000] {logging_mixin.py:120} INFO - [2024-01-14T14:59:59.783+0000] {manager.py:507} INFO - Created Permission View: can read on DAG:example_trigger_target_dag
[2024-01-14T14:59:59.796+0000] {logging_mixin.py:120} INFO - [2024-01-14T14:59:59.796+0000] {manager.py:507} INFO - Created Permission View: can edit on DAG:example_trigger_target_dag
[2024-01-14T14:59:59.805+0000] {logging_mixin.py:120} INFO - [2024-01-14T14:59:59.804+0000] {manager.py:507} INFO - Created Permission View: can delete on DAG:example_trigger_target_dag
[2024-01-14T14:59:59.806+0000] {logging_mixin.py:120} INFO - [2024-01-14T14:59:59.806+0000] {dag.py:2585} INFO - Sync 1 DAGs
[2024-01-14T14:59:59.831+0000] {logging_mixin.py:120} INFO - [2024-01-14T14:59:59.831+0000] {dag.py:2606} INFO - Creating ORM DAG for example_trigger_target_dag
[2024-01-14T14:59:59.848+0000] {logging_mixin.py:120} INFO - [2024-01-14T14:59:59.847+0000] {dag.py:3340} INFO - Setting next_dagrun for example_trigger_target_dag to None, run_after=None
[2024-01-14T14:59:59.876+0000] {processor.py:176} INFO - Processing /home/airflow/.local/lib/python3.7/site-packages/airflow/example_dags/example_trigger_target_dag.py took 0.342 seconds
[2024-01-14T15:00:29.951+0000] {processor.py:154} INFO - Started process (PID=122) to work on /home/airflow/.local/lib/python3.7/site-packages/airflow/example_dags/example_trigger_target_dag.py
[2024-01-14T15:00:29.952+0000] {processor.py:756} INFO - Processing file /home/airflow/.local/lib/python3.7/site-packages/airflow/example_dags/example_trigger_target_dag.py for tasks to queue
[2024-01-14T15:00:29.953+0000] {logging_mixin.py:120} INFO - [2024-01-14T15:00:29.953+0000] {dagbag.py:537} INFO - Filling up the DagBag from /home/airflow/.local/lib/python3.7/site-packages/airflow/example_dags/example_trigger_target_dag.py
[2024-01-14T15:00:29.968+0000] {processor.py:766} INFO - DAG(s) dict_keys(['example_trigger_target_dag']) retrieved from /home/airflow/.local/lib/python3.7/site-packages/airflow/example_dags/example_trigger_target_dag.py
[2024-01-14T15:00:29.994+0000] {logging_mixin.py:120} INFO - [2024-01-14T15:00:29.993+0000] {dag.py:2585} INFO - Sync 1 DAGs
[2024-01-14T15:00:30.009+0000] {logging_mixin.py:120} INFO - [2024-01-14T15:00:30.009+0000] {dag.py:3340} INFO - Setting next_dagrun for example_trigger_target_dag to None, run_after=None
[2024-01-14T15:00:30.020+0000] {processor.py:176} INFO - Processing /home/airflow/.local/lib/python3.7/site-packages/airflow/example_dags/example_trigger_target_dag.py took 0.071 seconds
[2024-01-14T15:01:00.123+0000] {processor.py:154} INFO - Started process (PID=186) to work on /home/airflow/.local/lib/python3.7/site-packages/airflow/example_dags/example_trigger_target_dag.py
[2024-01-14T15:01:00.124+0000] {processor.py:756} INFO - Processing file /home/airflow/.local/lib/python3.7/site-packages/airflow/example_dags/example_trigger_target_dag.py for tasks to queue
[2024-01-14T15:01:00.124+0000] {logging_mixin.py:120} INFO - [2024-01-14T15:01:00.124+0000] {dagbag.py:537} INFO - Filling up the DagBag from /home/airflow/.local/lib/python3.7/site-packages/airflow/example_dags/example_trigger_target_dag.py
[2024-01-14T15:01:00.138+0000] {processor.py:766} INFO - DAG(s) dict_keys(['example_trigger_target_dag']) retrieved from /home/airflow/.local/lib/python3.7/site-packages/airflow/example_dags/example_trigger_target_dag.py
[2024-01-14T15:01:00.166+0000] {logging_mixin.py:120} INFO - [2024-01-14T15:01:00.166+0000] {dag.py:2585} INFO - Sync 1 DAGs
[2024-01-14T15:01:00.181+0000] {logging_mixin.py:120} INFO - [2024-01-14T15:01:00.181+0000] {dag.py:3340} INFO - Setting next_dagrun for example_trigger_target_dag to None, run_after=None
[2024-01-14T15:01:00.192+0000] {processor.py:176} INFO - Processing /home/airflow/.local/lib/python3.7/site-packages/airflow/example_dags/example_trigger_target_dag.py took 0.072 seconds
[2024-01-14T15:01:31.118+0000] {processor.py:154} INFO - Started process (PID=249) to work on /home/airflow/.local/lib/python3.7/site-packages/airflow/example_dags/example_trigger_target_dag.py
[2024-01-14T15:01:31.119+0000] {processor.py:756} INFO - Processing file /home/airflow/.local/lib/python3.7/site-packages/airflow/example_dags/example_trigger_target_dag.py for tasks to queue
[2024-01-14T15:01:31.119+0000] {logging_mixin.py:120} INFO - [2024-01-14T15:01:31.119+0000] {dagbag.py:537} INFO - Filling up the DagBag from /home/airflow/.local/lib/python3.7/site-packages/airflow/example_dags/example_trigger_target_dag.py
[2024-01-14T15:01:31.134+0000] {processor.py:766} INFO - DAG(s) dict_keys(['example_trigger_target_dag']) retrieved from /home/airflow/.local/lib/python3.7/site-packages/airflow/example_dags/example_trigger_target_dag.py
[2024-01-14T15:01:31.163+0000] {logging_mixin.py:120} INFO - [2024-01-14T15:01:31.163+0000] {dag.py:2585} INFO - Sync 1 DAGs
[2024-01-14T15:01:31.178+0000] {logging_mixin.py:120} INFO - [2024-01-14T15:01:31.178+0000] {dag.py:3340} INFO - Setting next_dagrun for example_trigger_target_dag to None, run_after=None
[2024-01-14T15:01:31.189+0000] {processor.py:176} INFO - Processing /home/airflow/.local/lib/python3.7/site-packages/airflow/example_dags/example_trigger_target_dag.py took 0.073 seconds
[2024-01-14T15:02:01.269+0000] {processor.py:154} INFO - Started process (PID=312) to work on /home/airflow/.local/lib/python3.7/site-packages/airflow/example_dags/example_trigger_target_dag.py
[2024-01-14T15:02:01.270+0000] {processor.py:756} INFO - Processing file /home/airflow/.local/lib/python3.7/site-packages/airflow/example_dags/example_trigger_target_dag.py for tasks to queue
[2024-01-14T15:02:01.270+0000] {logging_mixin.py:120} INFO - [2024-01-14T15:02:01.270+0000] {dagbag.py:537} INFO - Filling up the DagBag from /home/airflow/.local/lib/python3.7/site-packages/airflow/example_dags/example_trigger_target_dag.py
[2024-01-14T15:02:01.285+0000] {processor.py:766} INFO - DAG(s) dict_keys(['example_trigger_target_dag']) retrieved from /home/airflow/.local/lib/python3.7/site-packages/airflow/example_dags/example_trigger_target_dag.py
[2024-01-14T15:02:01.312+0000] {logging_mixin.py:120} INFO - [2024-01-14T15:02:01.312+0000] {dag.py:2585} INFO - Sync 1 DAGs
[2024-01-14T15:02:01.328+0000] {logging_mixin.py:120} INFO - [2024-01-14T15:02:01.328+0000] {dag.py:3340} INFO - Setting next_dagrun for example_trigger_target_dag to None, run_after=None
[2024-01-14T15:02:01.339+0000] {processor.py:176} INFO - Processing /home/airflow/.local/lib/python3.7/site-packages/airflow/example_dags/example_trigger_target_dag.py took 0.073 seconds
[2024-01-14T15:02:31.394+0000] {processor.py:154} INFO - Started process (PID=366) to work on /home/airflow/.local/lib/python3.7/site-packages/airflow/example_dags/example_trigger_target_dag.py
[2024-01-14T15:02:31.395+0000] {processor.py:756} INFO - Processing file /home/airflow/.local/lib/python3.7/site-packages/airflow/example_dags/example_trigger_target_dag.py for tasks to queue
[2024-01-14T15:02:31.395+0000] {logging_mixin.py:120} INFO - [2024-01-14T15:02:31.395+0000] {dagbag.py:537} INFO - Filling up the DagBag from /home/airflow/.local/lib/python3.7/site-packages/airflow/example_dags/example_trigger_target_dag.py
[2024-01-14T15:02:31.409+0000] {processor.py:766} INFO - DAG(s) dict_keys(['example_trigger_target_dag']) retrieved from /home/airflow/.local/lib/python3.7/site-packages/airflow/example_dags/example_trigger_target_dag.py
[2024-01-14T15:02:31.435+0000] {logging_mixin.py:120} INFO - [2024-01-14T15:02:31.435+0000] {dag.py:2585} INFO - Sync 1 DAGs
[2024-01-14T15:02:31.452+0000] {logging_mixin.py:120} INFO - [2024-01-14T15:02:31.452+0000] {dag.py:3340} INFO - Setting next_dagrun for example_trigger_target_dag to None, run_after=None
[2024-01-14T15:02:31.463+0000] {processor.py:176} INFO - Processing /home/airflow/.local/lib/python3.7/site-packages/airflow/example_dags/example_trigger_target_dag.py took 0.071 seconds
[2024-01-14T15:03:01.644+0000] {processor.py:154} INFO - Started process (PID=429) to work on /home/airflow/.local/lib/python3.7/site-packages/airflow/example_dags/example_trigger_target_dag.py
[2024-01-14T15:03:01.645+0000] {processor.py:756} INFO - Processing file /home/airflow/.local/lib/python3.7/site-packages/airflow/example_dags/example_trigger_target_dag.py for tasks to queue
[2024-01-14T15:03:01.646+0000] {logging_mixin.py:120} INFO - [2024-01-14T15:03:01.646+0000] {dagbag.py:537} INFO - Filling up the DagBag from /home/airflow/.local/lib/python3.7/site-packages/airflow/example_dags/example_trigger_target_dag.py
[2024-01-14T15:03:01.660+0000] {processor.py:766} INFO - DAG(s) dict_keys(['example_trigger_target_dag']) retrieved from /home/airflow/.local/lib/python3.7/site-packages/airflow/example_dags/example_trigger_target_dag.py
[2024-01-14T15:03:01.687+0000] {logging_mixin.py:120} INFO - [2024-01-14T15:03:01.687+0000] {dag.py:2585} INFO - Sync 1 DAGs
[2024-01-14T15:03:01.703+0000] {logging_mixin.py:120} INFO - [2024-01-14T15:03:01.703+0000] {dag.py:3340} INFO - Setting next_dagrun for example_trigger_target_dag to None, run_after=None
[2024-01-14T15:03:01.715+0000] {processor.py:176} INFO - Processing /home/airflow/.local/lib/python3.7/site-packages/airflow/example_dags/example_trigger_target_dag.py took 0.073 seconds
[2024-01-14T15:03:31.875+0000] {processor.py:154} INFO - Started process (PID=492) to work on /home/airflow/.local/lib/python3.7/site-packages/airflow/example_dags/example_trigger_target_dag.py
[2024-01-14T15:03:31.876+0000] {processor.py:756} INFO - Processing file /home/airflow/.local/lib/python3.7/site-packages/airflow/example_dags/example_trigger_target_dag.py for tasks to queue
[2024-01-14T15:03:31.876+0000] {logging_mixin.py:120} INFO - [2024-01-14T15:03:31.876+0000] {dagbag.py:537} INFO - Filling up the DagBag from /home/airflow/.local/lib/python3.7/site-packages/airflow/example_dags/example_trigger_target_dag.py
[2024-01-14T15:03:31.892+0000] {processor.py:766} INFO - DAG(s) dict_keys(['example_trigger_target_dag']) retrieved from /home/airflow/.local/lib/python3.7/site-packages/airflow/example_dags/example_trigger_target_dag.py
[2024-01-14T15:03:31.922+0000] {logging_mixin.py:120} INFO - [2024-01-14T15:03:31.921+0000] {dag.py:2585} INFO - Sync 1 DAGs
[2024-01-14T15:03:31.938+0000] {logging_mixin.py:120} INFO - [2024-01-14T15:03:31.938+0000] {dag.py:3340} INFO - Setting next_dagrun for example_trigger_target_dag to None, run_after=None
[2024-01-14T15:03:31.951+0000] {processor.py:176} INFO - Processing /home/airflow/.local/lib/python3.7/site-packages/airflow/example_dags/example_trigger_target_dag.py took 0.079 seconds
[2024-01-14T15:04:02.693+0000] {processor.py:154} INFO - Started process (PID=555) to work on /home/airflow/.local/lib/python3.7/site-packages/airflow/example_dags/example_trigger_target_dag.py
[2024-01-14T15:04:02.694+0000] {processor.py:756} INFO - Processing file /home/airflow/.local/lib/python3.7/site-packages/airflow/example_dags/example_trigger_target_dag.py for tasks to queue
[2024-01-14T15:04:02.694+0000] {logging_mixin.py:120} INFO - [2024-01-14T15:04:02.694+0000] {dagbag.py:537} INFO - Filling up the DagBag from /home/airflow/.local/lib/python3.7/site-packages/airflow/example_dags/example_trigger_target_dag.py
[2024-01-14T15:04:02.708+0000] {processor.py:766} INFO - DAG(s) dict_keys(['example_trigger_target_dag']) retrieved from /home/airflow/.local/lib/python3.7/site-packages/airflow/example_dags/example_trigger_target_dag.py
[2024-01-14T15:04:02.732+0000] {logging_mixin.py:120} INFO - [2024-01-14T15:04:02.732+0000] {dag.py:2585} INFO - Sync 1 DAGs
[2024-01-14T15:04:02.747+0000] {logging_mixin.py:120} INFO - [2024-01-14T15:04:02.747+0000] {dag.py:3340} INFO - Setting next_dagrun for example_trigger_target_dag to None, run_after=None
[2024-01-14T15:04:02.758+0000] {processor.py:176} INFO - Processing /home/airflow/.local/lib/python3.7/site-packages/airflow/example_dags/example_trigger_target_dag.py took 0.067 seconds
[2024-01-14T15:04:33.709+0000] {processor.py:154} INFO - Started process (PID=618) to work on /home/airflow/.local/lib/python3.7/site-packages/airflow/example_dags/example_trigger_target_dag.py
[2024-01-14T15:04:33.710+0000] {processor.py:756} INFO - Processing file /home/airflow/.local/lib/python3.7/site-packages/airflow/example_dags/example_trigger_target_dag.py for tasks to queue
[2024-01-14T15:04:33.711+0000] {logging_mixin.py:120} INFO - [2024-01-14T15:04:33.710+0000] {dagbag.py:537} INFO - Filling up the DagBag from /home/airflow/.local/lib/python3.7/site-packages/airflow/example_dags/example_trigger_target_dag.py
[2024-01-14T15:04:33.725+0000] {processor.py:766} INFO - DAG(s) dict_keys(['example_trigger_target_dag']) retrieved from /home/airflow/.local/lib/python3.7/site-packages/airflow/example_dags/example_trigger_target_dag.py
[2024-01-14T15:04:33.753+0000] {logging_mixin.py:120} INFO - [2024-01-14T15:04:33.753+0000] {dag.py:2585} INFO - Sync 1 DAGs
[2024-01-14T15:04:33.769+0000] {logging_mixin.py:120} INFO - [2024-01-14T15:04:33.769+0000] {dag.py:3340} INFO - Setting next_dagrun for example_trigger_target_dag to None, run_after=None
[2024-01-14T15:04:33.781+0000] {processor.py:176} INFO - Processing /home/airflow/.local/lib/python3.7/site-packages/airflow/example_dags/example_trigger_target_dag.py took 0.074 seconds
[2024-01-14T15:05:03.833+0000] {processor.py:154} INFO - Started process (PID=681) to work on /home/airflow/.local/lib/python3.7/site-packages/airflow/example_dags/example_trigger_target_dag.py
[2024-01-14T15:05:03.833+0000] {processor.py:756} INFO - Processing file /home/airflow/.local/lib/python3.7/site-packages/airflow/example_dags/example_trigger_target_dag.py for tasks to queue
[2024-01-14T15:05:03.834+0000] {logging_mixin.py:120} INFO - [2024-01-14T15:05:03.834+0000] {dagbag.py:537} INFO - Filling up the DagBag from /home/airflow/.local/lib/python3.7/site-packages/airflow/example_dags/example_trigger_target_dag.py
[2024-01-14T15:05:03.848+0000] {processor.py:766} INFO - DAG(s) dict_keys(['example_trigger_target_dag']) retrieved from /home/airflow/.local/lib/python3.7/site-packages/airflow/example_dags/example_trigger_target_dag.py
[2024-01-14T15:05:03.873+0000] {logging_mixin.py:120} INFO - [2024-01-14T15:05:03.873+0000] {dag.py:2585} INFO - Sync 1 DAGs
[2024-01-14T15:05:03.888+0000] {logging_mixin.py:120} INFO - [2024-01-14T15:05:03.888+0000] {dag.py:3340} INFO - Setting next_dagrun for example_trigger_target_dag to None, run_after=None
[2024-01-14T15:05:03.899+0000] {processor.py:176} INFO - Processing /home/airflow/.local/lib/python3.7/site-packages/airflow/example_dags/example_trigger_target_dag.py took 0.068 seconds
[2024-01-14T15:05:34.977+0000] {processor.py:154} INFO - Started process (PID=735) to work on /home/airflow/.local/lib/python3.7/site-packages/airflow/example_dags/example_trigger_target_dag.py
[2024-01-14T15:05:34.978+0000] {processor.py:756} INFO - Processing file /home/airflow/.local/lib/python3.7/site-packages/airflow/example_dags/example_trigger_target_dag.py for tasks to queue
[2024-01-14T15:05:34.978+0000] {logging_mixin.py:120} INFO - [2024-01-14T15:05:34.978+0000] {dagbag.py:537} INFO - Filling up the DagBag from /home/airflow/.local/lib/python3.7/site-packages/airflow/example_dags/example_trigger_target_dag.py
[2024-01-14T15:05:34.992+0000] {processor.py:766} INFO - DAG(s) dict_keys(['example_trigger_target_dag']) retrieved from /home/airflow/.local/lib/python3.7/site-packages/airflow/example_dags/example_trigger_target_dag.py
[2024-01-14T15:05:35.020+0000] {logging_mixin.py:120} INFO - [2024-01-14T15:05:35.020+0000] {dag.py:2585} INFO - Sync 1 DAGs
[2024-01-14T15:05:35.035+0000] {logging_mixin.py:120} INFO - [2024-01-14T15:05:35.035+0000] {dag.py:3340} INFO - Setting next_dagrun for example_trigger_target_dag to None, run_after=None
[2024-01-14T15:05:35.046+0000] {processor.py:176} INFO - Processing /home/airflow/.local/lib/python3.7/site-packages/airflow/example_dags/example_trigger_target_dag.py took 0.071 seconds
[2024-01-14T15:06:05.856+0000] {processor.py:154} INFO - Started process (PID=798) to work on /home/airflow/.local/lib/python3.7/site-packages/airflow/example_dags/example_trigger_target_dag.py
[2024-01-14T15:06:05.857+0000] {processor.py:756} INFO - Processing file /home/airflow/.local/lib/python3.7/site-packages/airflow/example_dags/example_trigger_target_dag.py for tasks to queue
[2024-01-14T15:06:05.857+0000] {logging_mixin.py:120} INFO - [2024-01-14T15:06:05.857+0000] {dagbag.py:537} INFO - Filling up the DagBag from /home/airflow/.local/lib/python3.7/site-packages/airflow/example_dags/example_trigger_target_dag.py
[2024-01-14T15:06:05.870+0000] {processor.py:766} INFO - DAG(s) dict_keys(['example_trigger_target_dag']) retrieved from /home/airflow/.local/lib/python3.7/site-packages/airflow/example_dags/example_trigger_target_dag.py
[2024-01-14T15:06:05.897+0000] {logging_mixin.py:120} INFO - [2024-01-14T15:06:05.897+0000] {dag.py:2585} INFO - Sync 1 DAGs
[2024-01-14T15:06:05.912+0000] {logging_mixin.py:120} INFO - [2024-01-14T15:06:05.912+0000] {dag.py:3340} INFO - Setting next_dagrun for example_trigger_target_dag to None, run_after=None
[2024-01-14T15:06:05.923+0000] {processor.py:176} INFO - Processing /home/airflow/.local/lib/python3.7/site-packages/airflow/example_dags/example_trigger_target_dag.py took 0.069 seconds
[2024-01-14T15:06:36.937+0000] {processor.py:154} INFO - Started process (PID=861) to work on /home/airflow/.local/lib/python3.7/site-packages/airflow/example_dags/example_trigger_target_dag.py
[2024-01-14T15:06:36.938+0000] {processor.py:756} INFO - Processing file /home/airflow/.local/lib/python3.7/site-packages/airflow/example_dags/example_trigger_target_dag.py for tasks to queue
[2024-01-14T15:06:36.938+0000] {logging_mixin.py:120} INFO - [2024-01-14T15:06:36.938+0000] {dagbag.py:537} INFO - Filling up the DagBag from /home/airflow/.local/lib/python3.7/site-packages/airflow/example_dags/example_trigger_target_dag.py
[2024-01-14T15:06:36.954+0000] {processor.py:766} INFO - DAG(s) dict_keys(['example_trigger_target_dag']) retrieved from /home/airflow/.local/lib/python3.7/site-packages/airflow/example_dags/example_trigger_target_dag.py
[2024-01-14T15:06:36.982+0000] {logging_mixin.py:120} INFO - [2024-01-14T15:06:36.982+0000] {dag.py:2585} INFO - Sync 1 DAGs
[2024-01-14T15:06:36.998+0000] {logging_mixin.py:120} INFO - [2024-01-14T15:06:36.998+0000] {dag.py:3340} INFO - Setting next_dagrun for example_trigger_target_dag to None, run_after=None
[2024-01-14T15:06:37.010+0000] {processor.py:176} INFO - Processing /home/airflow/.local/lib/python3.7/site-packages/airflow/example_dags/example_trigger_target_dag.py took 0.076 seconds
[2024-01-14T15:07:07.034+0000] {processor.py:154} INFO - Started process (PID=924) to work on /home/airflow/.local/lib/python3.7/site-packages/airflow/example_dags/example_trigger_target_dag.py
[2024-01-14T15:07:07.034+0000] {processor.py:756} INFO - Processing file /home/airflow/.local/lib/python3.7/site-packages/airflow/example_dags/example_trigger_target_dag.py for tasks to queue
[2024-01-14T15:07:07.035+0000] {logging_mixin.py:120} INFO - [2024-01-14T15:07:07.035+0000] {dagbag.py:537} INFO - Filling up the DagBag from /home/airflow/.local/lib/python3.7/site-packages/airflow/example_dags/example_trigger_target_dag.py
[2024-01-14T15:07:07.049+0000] {processor.py:766} INFO - DAG(s) dict_keys(['example_trigger_target_dag']) retrieved from /home/airflow/.local/lib/python3.7/site-packages/airflow/example_dags/example_trigger_target_dag.py
[2024-01-14T15:07:07.074+0000] {logging_mixin.py:120} INFO - [2024-01-14T15:07:07.074+0000] {dag.py:2585} INFO - Sync 1 DAGs
[2024-01-14T15:07:07.089+0000] {logging_mixin.py:120} INFO - [2024-01-14T15:07:07.089+0000] {dag.py:3340} INFO - Setting next_dagrun for example_trigger_target_dag to None, run_after=None
[2024-01-14T15:07:07.100+0000] {processor.py:176} INFO - Processing /home/airflow/.local/lib/python3.7/site-packages/airflow/example_dags/example_trigger_target_dag.py took 0.069 seconds
[2024-01-14T15:07:37.969+0000] {processor.py:154} INFO - Started process (PID=986) to work on /home/airflow/.local/lib/python3.7/site-packages/airflow/example_dags/example_trigger_target_dag.py
[2024-01-14T15:07:37.970+0000] {processor.py:756} INFO - Processing file /home/airflow/.local/lib/python3.7/site-packages/airflow/example_dags/example_trigger_target_dag.py for tasks to queue
[2024-01-14T15:07:37.970+0000] {logging_mixin.py:120} INFO - [2024-01-14T15:07:37.970+0000] {dagbag.py:537} INFO - Filling up the DagBag from /home/airflow/.local/lib/python3.7/site-packages/airflow/example_dags/example_trigger_target_dag.py
[2024-01-14T15:07:37.985+0000] {processor.py:766} INFO - DAG(s) dict_keys(['example_trigger_target_dag']) retrieved from /home/airflow/.local/lib/python3.7/site-packages/airflow/example_dags/example_trigger_target_dag.py
[2024-01-14T15:07:38.012+0000] {logging_mixin.py:120} INFO - [2024-01-14T15:07:38.012+0000] {dag.py:2585} INFO - Sync 1 DAGs
[2024-01-14T15:07:38.027+0000] {logging_mixin.py:120} INFO - [2024-01-14T15:07:38.027+0000] {dag.py:3340} INFO - Setting next_dagrun for example_trigger_target_dag to None, run_after=None
[2024-01-14T15:07:38.038+0000] {processor.py:176} INFO - Processing /home/airflow/.local/lib/python3.7/site-packages/airflow/example_dags/example_trigger_target_dag.py took 0.072 seconds
[2024-01-14T15:08:08.187+0000] {processor.py:154} INFO - Started process (PID=1049) to work on /home/airflow/.local/lib/python3.7/site-packages/airflow/example_dags/example_trigger_target_dag.py
[2024-01-14T15:08:08.188+0000] {processor.py:756} INFO - Processing file /home/airflow/.local/lib/python3.7/site-packages/airflow/example_dags/example_trigger_target_dag.py for tasks to queue
[2024-01-14T15:08:08.189+0000] {logging_mixin.py:120} INFO - [2024-01-14T15:08:08.189+0000] {dagbag.py:537} INFO - Filling up the DagBag from /home/airflow/.local/lib/python3.7/site-packages/airflow/example_dags/example_trigger_target_dag.py
[2024-01-14T15:08:08.203+0000] {processor.py:766} INFO - DAG(s) dict_keys(['example_trigger_target_dag']) retrieved from /home/airflow/.local/lib/python3.7/site-packages/airflow/example_dags/example_trigger_target_dag.py
[2024-01-14T15:08:08.230+0000] {logging_mixin.py:120} INFO - [2024-01-14T15:08:08.230+0000] {dag.py:2585} INFO - Sync 1 DAGs
[2024-01-14T15:08:08.246+0000] {logging_mixin.py:120} INFO - [2024-01-14T15:08:08.246+0000] {dag.py:3340} INFO - Setting next_dagrun for example_trigger_target_dag to None, run_after=None
[2024-01-14T15:08:08.258+0000] {processor.py:176} INFO - Processing /home/airflow/.local/lib/python3.7/site-packages/airflow/example_dags/example_trigger_target_dag.py took 0.074 seconds
[2024-01-14T15:08:39.129+0000] {processor.py:154} INFO - Started process (PID=1103) to work on /home/airflow/.local/lib/python3.7/site-packages/airflow/example_dags/example_trigger_target_dag.py
[2024-01-14T15:08:39.129+0000] {processor.py:756} INFO - Processing file /home/airflow/.local/lib/python3.7/site-packages/airflow/example_dags/example_trigger_target_dag.py for tasks to queue
[2024-01-14T15:08:39.130+0000] {logging_mixin.py:120} INFO - [2024-01-14T15:08:39.130+0000] {dagbag.py:537} INFO - Filling up the DagBag from /home/airflow/.local/lib/python3.7/site-packages/airflow/example_dags/example_trigger_target_dag.py
[2024-01-14T15:08:39.144+0000] {processor.py:766} INFO - DAG(s) dict_keys(['example_trigger_target_dag']) retrieved from /home/airflow/.local/lib/python3.7/site-packages/airflow/example_dags/example_trigger_target_dag.py
[2024-01-14T15:08:39.170+0000] {logging_mixin.py:120} INFO - [2024-01-14T15:08:39.170+0000] {dag.py:2585} INFO - Sync 1 DAGs
[2024-01-14T15:08:39.186+0000] {logging_mixin.py:120} INFO - [2024-01-14T15:08:39.186+0000] {dag.py:3340} INFO - Setting next_dagrun for example_trigger_target_dag to None, run_after=None
[2024-01-14T15:08:39.196+0000] {processor.py:176} INFO - Processing /home/airflow/.local/lib/python3.7/site-packages/airflow/example_dags/example_trigger_target_dag.py took 0.070 seconds
[2024-01-14T15:09:10.104+0000] {processor.py:154} INFO - Started process (PID=1166) to work on /home/airflow/.local/lib/python3.7/site-packages/airflow/example_dags/example_trigger_target_dag.py
[2024-01-14T15:09:10.105+0000] {processor.py:756} INFO - Processing file /home/airflow/.local/lib/python3.7/site-packages/airflow/example_dags/example_trigger_target_dag.py for tasks to queue
[2024-01-14T15:09:10.105+0000] {logging_mixin.py:120} INFO - [2024-01-14T15:09:10.105+0000] {dagbag.py:537} INFO - Filling up the DagBag from /home/airflow/.local/lib/python3.7/site-packages/airflow/example_dags/example_trigger_target_dag.py
[2024-01-14T15:09:10.119+0000] {processor.py:766} INFO - DAG(s) dict_keys(['example_trigger_target_dag']) retrieved from /home/airflow/.local/lib/python3.7/site-packages/airflow/example_dags/example_trigger_target_dag.py
[2024-01-14T15:09:10.145+0000] {logging_mixin.py:120} INFO - [2024-01-14T15:09:10.145+0000] {dag.py:2585} INFO - Sync 1 DAGs
[2024-01-14T15:09:10.161+0000] {logging_mixin.py:120} INFO - [2024-01-14T15:09:10.161+0000] {dag.py:3340} INFO - Setting next_dagrun for example_trigger_target_dag to None, run_after=None
[2024-01-14T15:09:10.172+0000] {processor.py:176} INFO - Processing /home/airflow/.local/lib/python3.7/site-packages/airflow/example_dags/example_trigger_target_dag.py took 0.070 seconds
[2024-01-14T15:09:41.097+0000] {processor.py:154} INFO - Started process (PID=1229) to work on /home/airflow/.local/lib/python3.7/site-packages/airflow/example_dags/example_trigger_target_dag.py
[2024-01-14T15:09:41.098+0000] {processor.py:756} INFO - Processing file /home/airflow/.local/lib/python3.7/site-packages/airflow/example_dags/example_trigger_target_dag.py for tasks to queue
[2024-01-14T15:09:41.098+0000] {logging_mixin.py:120} INFO - [2024-01-14T15:09:41.098+0000] {dagbag.py:537} INFO - Filling up the DagBag from /home/airflow/.local/lib/python3.7/site-packages/airflow/example_dags/example_trigger_target_dag.py
[2024-01-14T15:09:41.113+0000] {processor.py:766} INFO - DAG(s) dict_keys(['example_trigger_target_dag']) retrieved from /home/airflow/.local/lib/python3.7/site-packages/airflow/example_dags/example_trigger_target_dag.py
[2024-01-14T15:09:41.143+0000] {logging_mixin.py:120} INFO - [2024-01-14T15:09:41.143+0000] {dag.py:2585} INFO - Sync 1 DAGs
[2024-01-14T15:09:41.158+0000] {logging_mixin.py:120} INFO - [2024-01-14T15:09:41.158+0000] {dag.py:3340} INFO - Setting next_dagrun for example_trigger_target_dag to None, run_after=None
[2024-01-14T15:09:41.169+0000] {processor.py:176} INFO - Processing /home/airflow/.local/lib/python3.7/site-packages/airflow/example_dags/example_trigger_target_dag.py took 0.074 seconds
[2024-01-14T15:10:12.035+0000] {processor.py:154} INFO - Started process (PID=1292) to work on /home/airflow/.local/lib/python3.7/site-packages/airflow/example_dags/example_trigger_target_dag.py
[2024-01-14T15:10:12.036+0000] {processor.py:756} INFO - Processing file /home/airflow/.local/lib/python3.7/site-packages/airflow/example_dags/example_trigger_target_dag.py for tasks to queue
[2024-01-14T15:10:12.037+0000] {logging_mixin.py:120} INFO - [2024-01-14T15:10:12.036+0000] {dagbag.py:537} INFO - Filling up the DagBag from /home/airflow/.local/lib/python3.7/site-packages/airflow/example_dags/example_trigger_target_dag.py
[2024-01-14T15:10:12.050+0000] {processor.py:766} INFO - DAG(s) dict_keys(['example_trigger_target_dag']) retrieved from /home/airflow/.local/lib/python3.7/site-packages/airflow/example_dags/example_trigger_target_dag.py
[2024-01-14T15:10:12.077+0000] {logging_mixin.py:120} INFO - [2024-01-14T15:10:12.077+0000] {dag.py:2585} INFO - Sync 1 DAGs
[2024-01-14T15:10:12.092+0000] {logging_mixin.py:120} INFO - [2024-01-14T15:10:12.092+0000] {dag.py:3340} INFO - Setting next_dagrun for example_trigger_target_dag to None, run_after=None
[2024-01-14T15:10:12.103+0000] {processor.py:176} INFO - Processing /home/airflow/.local/lib/python3.7/site-packages/airflow/example_dags/example_trigger_target_dag.py took 0.070 seconds
[2024-01-14T15:10:42.895+0000] {processor.py:154} INFO - Started process (PID=1355) to work on /home/airflow/.local/lib/python3.7/site-packages/airflow/example_dags/example_trigger_target_dag.py
[2024-01-14T15:10:42.896+0000] {processor.py:756} INFO - Processing file /home/airflow/.local/lib/python3.7/site-packages/airflow/example_dags/example_trigger_target_dag.py for tasks to queue
[2024-01-14T15:10:42.897+0000] {logging_mixin.py:120} INFO - [2024-01-14T15:10:42.897+0000] {dagbag.py:537} INFO - Filling up the DagBag from /home/airflow/.local/lib/python3.7/site-packages/airflow/example_dags/example_trigger_target_dag.py
[2024-01-14T15:10:42.911+0000] {processor.py:766} INFO - DAG(s) dict_keys(['example_trigger_target_dag']) retrieved from /home/airflow/.local/lib/python3.7/site-packages/airflow/example_dags/example_trigger_target_dag.py
[2024-01-14T15:10:42.937+0000] {logging_mixin.py:120} INFO - [2024-01-14T15:10:42.937+0000] {dag.py:2585} INFO - Sync 1 DAGs
[2024-01-14T15:10:42.952+0000] {logging_mixin.py:120} INFO - [2024-01-14T15:10:42.952+0000] {dag.py:3340} INFO - Setting next_dagrun for example_trigger_target_dag to None, run_after=None
[2024-01-14T15:10:42.963+0000] {processor.py:176} INFO - Processing /home/airflow/.local/lib/python3.7/site-packages/airflow/example_dags/example_trigger_target_dag.py took 0.071 seconds
[2024-01-14T15:11:44.935+0000] {processor.py:154} INFO - Started process (PID=1481) to work on /home/airflow/.local/lib/python3.7/site-packages/airflow/example_dags/example_trigger_target_dag.py
[2024-01-14T15:11:44.936+0000] {processor.py:756} INFO - Processing file /home/airflow/.local/lib/python3.7/site-packages/airflow/example_dags/example_trigger_target_dag.py for tasks to queue
[2024-01-14T15:11:44.936+0000] {logging_mixin.py:120} INFO - [2024-01-14T15:11:44.936+0000] {dagbag.py:537} INFO - Filling up the DagBag from /home/airflow/.local/lib/python3.7/site-packages/airflow/example_dags/example_trigger_target_dag.py
[2024-01-14T15:11:44.951+0000] {processor.py:766} INFO - DAG(s) dict_keys(['example_trigger_target_dag']) retrieved from /home/airflow/.local/lib/python3.7/site-packages/airflow/example_dags/example_trigger_target_dag.py
[2024-01-14T15:11:44.977+0000] {logging_mixin.py:120} INFO - [2024-01-14T15:11:44.977+0000] {dag.py:2585} INFO - Sync 1 DAGs
[2024-01-14T15:11:44.992+0000] {logging_mixin.py:120} INFO - [2024-01-14T15:11:44.992+0000] {dag.py:3340} INFO - Setting next_dagrun for example_trigger_target_dag to None, run_after=None
[2024-01-14T15:11:45.004+0000] {processor.py:176} INFO - Processing /home/airflow/.local/lib/python3.7/site-packages/airflow/example_dags/example_trigger_target_dag.py took 0.071 seconds
[2024-01-14T15:12:15.992+0000] {processor.py:154} INFO - Started process (PID=1542) to work on /home/airflow/.local/lib/python3.7/site-packages/airflow/example_dags/example_trigger_target_dag.py
[2024-01-14T15:12:15.993+0000] {processor.py:756} INFO - Processing file /home/airflow/.local/lib/python3.7/site-packages/airflow/example_dags/example_trigger_target_dag.py for tasks to queue
[2024-01-14T15:12:15.994+0000] {logging_mixin.py:120} INFO - [2024-01-14T15:12:15.994+0000] {dagbag.py:537} INFO - Filling up the DagBag from /home/airflow/.local/lib/python3.7/site-packages/airflow/example_dags/example_trigger_target_dag.py
[2024-01-14T15:12:16.008+0000] {processor.py:766} INFO - DAG(s) dict_keys(['example_trigger_target_dag']) retrieved from /home/airflow/.local/lib/python3.7/site-packages/airflow/example_dags/example_trigger_target_dag.py
[2024-01-14T15:12:16.033+0000] {logging_mixin.py:120} INFO - [2024-01-14T15:12:16.033+0000] {dag.py:2585} INFO - Sync 1 DAGs
[2024-01-14T15:12:16.048+0000] {logging_mixin.py:120} INFO - [2024-01-14T15:12:16.048+0000] {dag.py:3340} INFO - Setting next_dagrun for example_trigger_target_dag to None, run_after=None
[2024-01-14T15:12:16.060+0000] {processor.py:176} INFO - Processing /home/airflow/.local/lib/python3.7/site-packages/airflow/example_dags/example_trigger_target_dag.py took 0.070 seconds
[2024-01-14T15:12:46.855+0000] {processor.py:154} INFO - Started process (PID=1598) to work on /home/airflow/.local/lib/python3.7/site-packages/airflow/example_dags/example_trigger_target_dag.py
[2024-01-14T15:12:46.855+0000] {processor.py:756} INFO - Processing file /home/airflow/.local/lib/python3.7/site-packages/airflow/example_dags/example_trigger_target_dag.py for tasks to queue
[2024-01-14T15:12:46.856+0000] {logging_mixin.py:120} INFO - [2024-01-14T15:12:46.856+0000] {dagbag.py:537} INFO - Filling up the DagBag from /home/airflow/.local/lib/python3.7/site-packages/airflow/example_dags/example_trigger_target_dag.py
[2024-01-14T15:12:46.870+0000] {processor.py:766} INFO - DAG(s) dict_keys(['example_trigger_target_dag']) retrieved from /home/airflow/.local/lib/python3.7/site-packages/airflow/example_dags/example_trigger_target_dag.py
[2024-01-14T15:12:46.897+0000] {logging_mixin.py:120} INFO - [2024-01-14T15:12:46.896+0000] {dag.py:2585} INFO - Sync 1 DAGs
[2024-01-14T15:12:46.913+0000] {logging_mixin.py:120} INFO - [2024-01-14T15:12:46.913+0000] {dag.py:3340} INFO - Setting next_dagrun for example_trigger_target_dag to None, run_after=None
[2024-01-14T15:12:46.924+0000] {processor.py:176} INFO - Processing /home/airflow/.local/lib/python3.7/site-packages/airflow/example_dags/example_trigger_target_dag.py took 0.072 seconds
[2024-01-14T15:13:17.909+0000] {processor.py:154} INFO - Started process (PID=1661) to work on /home/airflow/.local/lib/python3.7/site-packages/airflow/example_dags/example_trigger_target_dag.py
[2024-01-14T15:13:17.910+0000] {processor.py:756} INFO - Processing file /home/airflow/.local/lib/python3.7/site-packages/airflow/example_dags/example_trigger_target_dag.py for tasks to queue
[2024-01-14T15:13:17.911+0000] {logging_mixin.py:120} INFO - [2024-01-14T15:13:17.910+0000] {dagbag.py:537} INFO - Filling up the DagBag from /home/airflow/.local/lib/python3.7/site-packages/airflow/example_dags/example_trigger_target_dag.py
[2024-01-14T15:13:17.925+0000] {processor.py:766} INFO - DAG(s) dict_keys(['example_trigger_target_dag']) retrieved from /home/airflow/.local/lib/python3.7/site-packages/airflow/example_dags/example_trigger_target_dag.py
[2024-01-14T15:13:17.951+0000] {logging_mixin.py:120} INFO - [2024-01-14T15:13:17.951+0000] {dag.py:2585} INFO - Sync 1 DAGs
[2024-01-14T15:13:17.968+0000] {logging_mixin.py:120} INFO - [2024-01-14T15:13:17.968+0000] {dag.py:3340} INFO - Setting next_dagrun for example_trigger_target_dag to None, run_after=None
[2024-01-14T15:13:17.979+0000] {processor.py:176} INFO - Processing /home/airflow/.local/lib/python3.7/site-packages/airflow/example_dags/example_trigger_target_dag.py took 0.072 seconds
[2024-01-14T15:13:48.784+0000] {processor.py:154} INFO - Started process (PID=1724) to work on /home/airflow/.local/lib/python3.7/site-packages/airflow/example_dags/example_trigger_target_dag.py
[2024-01-14T15:13:48.784+0000] {processor.py:756} INFO - Processing file /home/airflow/.local/lib/python3.7/site-packages/airflow/example_dags/example_trigger_target_dag.py for tasks to queue
[2024-01-14T15:13:48.785+0000] {logging_mixin.py:120} INFO - [2024-01-14T15:13:48.785+0000] {dagbag.py:537} INFO - Filling up the DagBag from /home/airflow/.local/lib/python3.7/site-packages/airflow/example_dags/example_trigger_target_dag.py
[2024-01-14T15:13:48.799+0000] {processor.py:766} INFO - DAG(s) dict_keys(['example_trigger_target_dag']) retrieved from /home/airflow/.local/lib/python3.7/site-packages/airflow/example_dags/example_trigger_target_dag.py
[2024-01-14T15:13:48.826+0000] {logging_mixin.py:120} INFO - [2024-01-14T15:13:48.826+0000] {dag.py:2585} INFO - Sync 1 DAGs
[2024-01-14T15:13:48.841+0000] {logging_mixin.py:120} INFO - [2024-01-14T15:13:48.841+0000] {dag.py:3340} INFO - Setting next_dagrun for example_trigger_target_dag to None, run_after=None
[2024-01-14T15:13:48.852+0000] {processor.py:176} INFO - Processing /home/airflow/.local/lib/python3.7/site-packages/airflow/example_dags/example_trigger_target_dag.py took 0.071 seconds
