[2024-01-14T15:00:00.610+0000] {processor.py:154} INFO - Started process (PID=73) to work on /home/airflow/.local/lib/python3.7/site-packages/airflow/example_dags/example_short_circuit_operator.py
[2024-01-14T15:00:00.614+0000] {processor.py:756} INFO - Processing file /home/airflow/.local/lib/python3.7/site-packages/airflow/example_dags/example_short_circuit_operator.py for tasks to queue
[2024-01-14T15:00:00.617+0000] {logging_mixin.py:120} INFO - [2024-01-14T15:00:00.615+0000] {dagbag.py:537} INFO - Filling up the DagBag from /home/airflow/.local/lib/python3.7/site-packages/airflow/example_dags/example_short_circuit_operator.py
[2024-01-14T15:00:00.656+0000] {processor.py:766} INFO - DAG(s) dict_keys(['example_short_circuit_operator']) retrieved from /home/airflow/.local/lib/python3.7/site-packages/airflow/example_dags/example_short_circuit_operator.py
[2024-01-14T15:00:00.867+0000] {logging_mixin.py:120} INFO - [2024-01-14T15:00:00.867+0000] {manager.py:507} INFO - Created Permission View: can read on DAG:example_short_circuit_operator
[2024-01-14T15:00:00.883+0000] {logging_mixin.py:120} INFO - [2024-01-14T15:00:00.882+0000] {manager.py:507} INFO - Created Permission View: can edit on DAG:example_short_circuit_operator
[2024-01-14T15:00:00.894+0000] {logging_mixin.py:120} INFO - [2024-01-14T15:00:00.894+0000] {manager.py:507} INFO - Created Permission View: can delete on DAG:example_short_circuit_operator
[2024-01-14T15:00:00.895+0000] {logging_mixin.py:120} INFO - [2024-01-14T15:00:00.894+0000] {dag.py:2585} INFO - Sync 1 DAGs
[2024-01-14T15:00:00.909+0000] {logging_mixin.py:120} INFO - [2024-01-14T15:00:00.909+0000] {dag.py:2606} INFO - Creating ORM DAG for example_short_circuit_operator
[2024-01-14T15:00:00.927+0000] {logging_mixin.py:120} INFO - [2024-01-14T15:00:00.927+0000] {dag.py:3340} INFO - Setting next_dagrun for example_short_circuit_operator to 2024-01-13T15:00:00.926868+00:00, run_after=2024-01-14T15:00:00.926868+00:00
[2024-01-14T15:00:00.977+0000] {processor.py:176} INFO - Processing /home/airflow/.local/lib/python3.7/site-packages/airflow/example_dags/example_short_circuit_operator.py took 0.373 seconds
[2024-01-14T15:00:31.244+0000] {processor.py:154} INFO - Started process (PID=127) to work on /home/airflow/.local/lib/python3.7/site-packages/airflow/example_dags/example_short_circuit_operator.py
[2024-01-14T15:00:31.245+0000] {processor.py:756} INFO - Processing file /home/airflow/.local/lib/python3.7/site-packages/airflow/example_dags/example_short_circuit_operator.py for tasks to queue
[2024-01-14T15:00:31.246+0000] {logging_mixin.py:120} INFO - [2024-01-14T15:00:31.245+0000] {dagbag.py:537} INFO - Filling up the DagBag from /home/airflow/.local/lib/python3.7/site-packages/airflow/example_dags/example_short_circuit_operator.py
[2024-01-14T15:00:31.259+0000] {processor.py:766} INFO - DAG(s) dict_keys(['example_short_circuit_operator']) retrieved from /home/airflow/.local/lib/python3.7/site-packages/airflow/example_dags/example_short_circuit_operator.py
[2024-01-14T15:00:31.289+0000] {logging_mixin.py:120} INFO - [2024-01-14T15:00:31.289+0000] {dag.py:2585} INFO - Sync 1 DAGs
[2024-01-14T15:00:31.305+0000] {logging_mixin.py:120} INFO - [2024-01-14T15:00:31.305+0000] {dag.py:3340} INFO - Setting next_dagrun for example_short_circuit_operator to 2024-01-13T15:00:31.305070+00:00, run_after=2024-01-14T15:00:31.305070+00:00
[2024-01-14T15:00:31.315+0000] {processor.py:176} INFO - Processing /home/airflow/.local/lib/python3.7/site-packages/airflow/example_dags/example_short_circuit_operator.py took 0.073 seconds
[2024-01-14T15:01:01.411+0000] {processor.py:154} INFO - Started process (PID=191) to work on /home/airflow/.local/lib/python3.7/site-packages/airflow/example_dags/example_short_circuit_operator.py
[2024-01-14T15:01:01.411+0000] {processor.py:756} INFO - Processing file /home/airflow/.local/lib/python3.7/site-packages/airflow/example_dags/example_short_circuit_operator.py for tasks to queue
[2024-01-14T15:01:01.412+0000] {logging_mixin.py:120} INFO - [2024-01-14T15:01:01.412+0000] {dagbag.py:537} INFO - Filling up the DagBag from /home/airflow/.local/lib/python3.7/site-packages/airflow/example_dags/example_short_circuit_operator.py
[2024-01-14T15:01:01.424+0000] {processor.py:766} INFO - DAG(s) dict_keys(['example_short_circuit_operator']) retrieved from /home/airflow/.local/lib/python3.7/site-packages/airflow/example_dags/example_short_circuit_operator.py
[2024-01-14T15:01:01.452+0000] {logging_mixin.py:120} INFO - [2024-01-14T15:01:01.452+0000] {dag.py:2585} INFO - Sync 1 DAGs
[2024-01-14T15:01:01.468+0000] {logging_mixin.py:120} INFO - [2024-01-14T15:01:01.468+0000] {dag.py:3340} INFO - Setting next_dagrun for example_short_circuit_operator to 2024-01-13T15:01:01.468486+00:00, run_after=2024-01-14T15:01:01.468486+00:00
[2024-01-14T15:01:01.480+0000] {processor.py:176} INFO - Processing /home/airflow/.local/lib/python3.7/site-packages/airflow/example_dags/example_short_circuit_operator.py took 0.072 seconds
[2024-01-14T15:01:32.390+0000] {processor.py:154} INFO - Started process (PID=254) to work on /home/airflow/.local/lib/python3.7/site-packages/airflow/example_dags/example_short_circuit_operator.py
[2024-01-14T15:01:32.391+0000] {processor.py:756} INFO - Processing file /home/airflow/.local/lib/python3.7/site-packages/airflow/example_dags/example_short_circuit_operator.py for tasks to queue
[2024-01-14T15:01:32.392+0000] {logging_mixin.py:120} INFO - [2024-01-14T15:01:32.392+0000] {dagbag.py:537} INFO - Filling up the DagBag from /home/airflow/.local/lib/python3.7/site-packages/airflow/example_dags/example_short_circuit_operator.py
[2024-01-14T15:01:32.404+0000] {processor.py:766} INFO - DAG(s) dict_keys(['example_short_circuit_operator']) retrieved from /home/airflow/.local/lib/python3.7/site-packages/airflow/example_dags/example_short_circuit_operator.py
[2024-01-14T15:01:32.434+0000] {logging_mixin.py:120} INFO - [2024-01-14T15:01:32.433+0000] {dag.py:2585} INFO - Sync 1 DAGs
[2024-01-14T15:01:32.451+0000] {logging_mixin.py:120} INFO - [2024-01-14T15:01:32.450+0000] {dag.py:3340} INFO - Setting next_dagrun for example_short_circuit_operator to 2024-01-13T15:01:32.450725+00:00, run_after=2024-01-14T15:01:32.450725+00:00
[2024-01-14T15:01:32.463+0000] {processor.py:176} INFO - Processing /home/airflow/.local/lib/python3.7/site-packages/airflow/example_dags/example_short_circuit_operator.py took 0.075 seconds
[2024-01-14T15:02:02.539+0000] {processor.py:154} INFO - Started process (PID=317) to work on /home/airflow/.local/lib/python3.7/site-packages/airflow/example_dags/example_short_circuit_operator.py
[2024-01-14T15:02:02.539+0000] {processor.py:756} INFO - Processing file /home/airflow/.local/lib/python3.7/site-packages/airflow/example_dags/example_short_circuit_operator.py for tasks to queue
[2024-01-14T15:02:02.540+0000] {logging_mixin.py:120} INFO - [2024-01-14T15:02:02.540+0000] {dagbag.py:537} INFO - Filling up the DagBag from /home/airflow/.local/lib/python3.7/site-packages/airflow/example_dags/example_short_circuit_operator.py
[2024-01-14T15:02:02.551+0000] {processor.py:766} INFO - DAG(s) dict_keys(['example_short_circuit_operator']) retrieved from /home/airflow/.local/lib/python3.7/site-packages/airflow/example_dags/example_short_circuit_operator.py
[2024-01-14T15:02:02.578+0000] {logging_mixin.py:120} INFO - [2024-01-14T15:02:02.578+0000] {dag.py:2585} INFO - Sync 1 DAGs
[2024-01-14T15:02:02.593+0000] {logging_mixin.py:120} INFO - [2024-01-14T15:02:02.593+0000] {dag.py:3340} INFO - Setting next_dagrun for example_short_circuit_operator to 2024-01-13T15:02:02.593256+00:00, run_after=2024-01-14T15:02:02.593256+00:00
[2024-01-14T15:02:02.605+0000] {processor.py:176} INFO - Processing /home/airflow/.local/lib/python3.7/site-packages/airflow/example_dags/example_short_circuit_operator.py took 0.068 seconds
[2024-01-14T15:02:32.662+0000] {processor.py:154} INFO - Started process (PID=380) to work on /home/airflow/.local/lib/python3.7/site-packages/airflow/example_dags/example_short_circuit_operator.py
[2024-01-14T15:02:32.662+0000] {processor.py:756} INFO - Processing file /home/airflow/.local/lib/python3.7/site-packages/airflow/example_dags/example_short_circuit_operator.py for tasks to queue
[2024-01-14T15:02:32.663+0000] {logging_mixin.py:120} INFO - [2024-01-14T15:02:32.663+0000] {dagbag.py:537} INFO - Filling up the DagBag from /home/airflow/.local/lib/python3.7/site-packages/airflow/example_dags/example_short_circuit_operator.py
[2024-01-14T15:02:32.675+0000] {processor.py:766} INFO - DAG(s) dict_keys(['example_short_circuit_operator']) retrieved from /home/airflow/.local/lib/python3.7/site-packages/airflow/example_dags/example_short_circuit_operator.py
[2024-01-14T15:02:32.703+0000] {logging_mixin.py:120} INFO - [2024-01-14T15:02:32.703+0000] {dag.py:2585} INFO - Sync 1 DAGs
[2024-01-14T15:02:32.720+0000] {logging_mixin.py:120} INFO - [2024-01-14T15:02:32.720+0000] {dag.py:3340} INFO - Setting next_dagrun for example_short_circuit_operator to 2024-01-13T15:02:32.719970+00:00, run_after=2024-01-14T15:02:32.719970+00:00
[2024-01-14T15:02:32.732+0000] {processor.py:176} INFO - Processing /home/airflow/.local/lib/python3.7/site-packages/airflow/example_dags/example_short_circuit_operator.py took 0.073 seconds
[2024-01-14T15:03:02.876+0000] {processor.py:154} INFO - Started process (PID=434) to work on /home/airflow/.local/lib/python3.7/site-packages/airflow/example_dags/example_short_circuit_operator.py
[2024-01-14T15:03:02.877+0000] {processor.py:756} INFO - Processing file /home/airflow/.local/lib/python3.7/site-packages/airflow/example_dags/example_short_circuit_operator.py for tasks to queue
[2024-01-14T15:03:02.878+0000] {logging_mixin.py:120} INFO - [2024-01-14T15:03:02.877+0000] {dagbag.py:537} INFO - Filling up the DagBag from /home/airflow/.local/lib/python3.7/site-packages/airflow/example_dags/example_short_circuit_operator.py
[2024-01-14T15:03:02.889+0000] {processor.py:766} INFO - DAG(s) dict_keys(['example_short_circuit_operator']) retrieved from /home/airflow/.local/lib/python3.7/site-packages/airflow/example_dags/example_short_circuit_operator.py
[2024-01-14T15:03:02.916+0000] {logging_mixin.py:120} INFO - [2024-01-14T15:03:02.916+0000] {dag.py:2585} INFO - Sync 1 DAGs
[2024-01-14T15:03:02.932+0000] {logging_mixin.py:120} INFO - [2024-01-14T15:03:02.932+0000] {dag.py:3340} INFO - Setting next_dagrun for example_short_circuit_operator to 2024-01-13T15:03:02.932092+00:00, run_after=2024-01-14T15:03:02.932092+00:00
[2024-01-14T15:03:02.943+0000] {processor.py:176} INFO - Processing /home/airflow/.local/lib/python3.7/site-packages/airflow/example_dags/example_short_circuit_operator.py took 0.070 seconds
[2024-01-14T15:03:33.060+0000] {processor.py:154} INFO - Started process (PID=497) to work on /home/airflow/.local/lib/python3.7/site-packages/airflow/example_dags/example_short_circuit_operator.py
[2024-01-14T15:03:33.061+0000] {processor.py:756} INFO - Processing file /home/airflow/.local/lib/python3.7/site-packages/airflow/example_dags/example_short_circuit_operator.py for tasks to queue
[2024-01-14T15:03:33.061+0000] {logging_mixin.py:120} INFO - [2024-01-14T15:03:33.061+0000] {dagbag.py:537} INFO - Filling up the DagBag from /home/airflow/.local/lib/python3.7/site-packages/airflow/example_dags/example_short_circuit_operator.py
[2024-01-14T15:03:33.072+0000] {processor.py:766} INFO - DAG(s) dict_keys(['example_short_circuit_operator']) retrieved from /home/airflow/.local/lib/python3.7/site-packages/airflow/example_dags/example_short_circuit_operator.py
[2024-01-14T15:03:33.101+0000] {logging_mixin.py:120} INFO - [2024-01-14T15:03:33.101+0000] {dag.py:2585} INFO - Sync 1 DAGs
[2024-01-14T15:03:33.117+0000] {logging_mixin.py:120} INFO - [2024-01-14T15:03:33.117+0000] {dag.py:3340} INFO - Setting next_dagrun for example_short_circuit_operator to 2024-01-13T15:03:33.117062+00:00, run_after=2024-01-14T15:03:33.117062+00:00
[2024-01-14T15:03:33.128+0000] {processor.py:176} INFO - Processing /home/airflow/.local/lib/python3.7/site-packages/airflow/example_dags/example_short_circuit_operator.py took 0.071 seconds
[2024-01-14T15:04:03.974+0000] {processor.py:154} INFO - Started process (PID=560) to work on /home/airflow/.local/lib/python3.7/site-packages/airflow/example_dags/example_short_circuit_operator.py
[2024-01-14T15:04:03.975+0000] {processor.py:756} INFO - Processing file /home/airflow/.local/lib/python3.7/site-packages/airflow/example_dags/example_short_circuit_operator.py for tasks to queue
[2024-01-14T15:04:03.975+0000] {logging_mixin.py:120} INFO - [2024-01-14T15:04:03.975+0000] {dagbag.py:537} INFO - Filling up the DagBag from /home/airflow/.local/lib/python3.7/site-packages/airflow/example_dags/example_short_circuit_operator.py
[2024-01-14T15:04:03.987+0000] {processor.py:766} INFO - DAG(s) dict_keys(['example_short_circuit_operator']) retrieved from /home/airflow/.local/lib/python3.7/site-packages/airflow/example_dags/example_short_circuit_operator.py
[2024-01-14T15:04:04.015+0000] {logging_mixin.py:120} INFO - [2024-01-14T15:04:04.015+0000] {dag.py:2585} INFO - Sync 1 DAGs
[2024-01-14T15:04:04.030+0000] {logging_mixin.py:120} INFO - [2024-01-14T15:04:04.030+0000] {dag.py:3340} INFO - Setting next_dagrun for example_short_circuit_operator to 2024-01-13T15:04:04.030710+00:00, run_after=2024-01-14T15:04:04.030710+00:00
[2024-01-14T15:04:04.041+0000] {processor.py:176} INFO - Processing /home/airflow/.local/lib/python3.7/site-packages/airflow/example_dags/example_short_circuit_operator.py took 0.071 seconds
[2024-01-14T15:04:34.074+0000] {processor.py:154} INFO - Started process (PID=623) to work on /home/airflow/.local/lib/python3.7/site-packages/airflow/example_dags/example_short_circuit_operator.py
[2024-01-14T15:04:34.075+0000] {processor.py:756} INFO - Processing file /home/airflow/.local/lib/python3.7/site-packages/airflow/example_dags/example_short_circuit_operator.py for tasks to queue
[2024-01-14T15:04:34.075+0000] {logging_mixin.py:120} INFO - [2024-01-14T15:04:34.075+0000] {dagbag.py:537} INFO - Filling up the DagBag from /home/airflow/.local/lib/python3.7/site-packages/airflow/example_dags/example_short_circuit_operator.py
[2024-01-14T15:04:34.088+0000] {processor.py:766} INFO - DAG(s) dict_keys(['example_short_circuit_operator']) retrieved from /home/airflow/.local/lib/python3.7/site-packages/airflow/example_dags/example_short_circuit_operator.py
[2024-01-14T15:04:34.115+0000] {logging_mixin.py:120} INFO - [2024-01-14T15:04:34.115+0000] {dag.py:2585} INFO - Sync 1 DAGs
[2024-01-14T15:04:34.130+0000] {logging_mixin.py:120} INFO - [2024-01-14T15:04:34.130+0000] {dag.py:3340} INFO - Setting next_dagrun for example_short_circuit_operator to 2024-01-13T15:04:34.130656+00:00, run_after=2024-01-14T15:04:34.130656+00:00
[2024-01-14T15:04:34.143+0000] {processor.py:176} INFO - Processing /home/airflow/.local/lib/python3.7/site-packages/airflow/example_dags/example_short_circuit_operator.py took 0.071 seconds
[2024-01-14T15:05:04.180+0000] {processor.py:154} INFO - Started process (PID=686) to work on /home/airflow/.local/lib/python3.7/site-packages/airflow/example_dags/example_short_circuit_operator.py
[2024-01-14T15:05:04.180+0000] {processor.py:756} INFO - Processing file /home/airflow/.local/lib/python3.7/site-packages/airflow/example_dags/example_short_circuit_operator.py for tasks to queue
[2024-01-14T15:05:04.181+0000] {logging_mixin.py:120} INFO - [2024-01-14T15:05:04.181+0000] {dagbag.py:537} INFO - Filling up the DagBag from /home/airflow/.local/lib/python3.7/site-packages/airflow/example_dags/example_short_circuit_operator.py
[2024-01-14T15:05:04.194+0000] {processor.py:766} INFO - DAG(s) dict_keys(['example_short_circuit_operator']) retrieved from /home/airflow/.local/lib/python3.7/site-packages/airflow/example_dags/example_short_circuit_operator.py
[2024-01-14T15:05:04.224+0000] {logging_mixin.py:120} INFO - [2024-01-14T15:05:04.224+0000] {dag.py:2585} INFO - Sync 1 DAGs
[2024-01-14T15:05:04.240+0000] {logging_mixin.py:120} INFO - [2024-01-14T15:05:04.240+0000] {dag.py:3340} INFO - Setting next_dagrun for example_short_circuit_operator to 2024-01-13T15:05:04.240628+00:00, run_after=2024-01-14T15:05:04.240628+00:00
[2024-01-14T15:05:04.252+0000] {processor.py:176} INFO - Processing /home/airflow/.local/lib/python3.7/site-packages/airflow/example_dags/example_short_circuit_operator.py took 0.075 seconds
[2024-01-14T15:05:35.231+0000] {processor.py:154} INFO - Started process (PID=740) to work on /home/airflow/.local/lib/python3.7/site-packages/airflow/example_dags/example_short_circuit_operator.py
[2024-01-14T15:05:35.231+0000] {processor.py:756} INFO - Processing file /home/airflow/.local/lib/python3.7/site-packages/airflow/example_dags/example_short_circuit_operator.py for tasks to queue
[2024-01-14T15:05:35.232+0000] {logging_mixin.py:120} INFO - [2024-01-14T15:05:35.232+0000] {dagbag.py:537} INFO - Filling up the DagBag from /home/airflow/.local/lib/python3.7/site-packages/airflow/example_dags/example_short_circuit_operator.py
[2024-01-14T15:05:35.243+0000] {processor.py:766} INFO - DAG(s) dict_keys(['example_short_circuit_operator']) retrieved from /home/airflow/.local/lib/python3.7/site-packages/airflow/example_dags/example_short_circuit_operator.py
[2024-01-14T15:05:35.269+0000] {logging_mixin.py:120} INFO - [2024-01-14T15:05:35.269+0000] {dag.py:2585} INFO - Sync 1 DAGs
[2024-01-14T15:05:35.284+0000] {logging_mixin.py:120} INFO - [2024-01-14T15:05:35.284+0000] {dag.py:3340} INFO - Setting next_dagrun for example_short_circuit_operator to 2024-01-13T15:05:35.284060+00:00, run_after=2024-01-14T15:05:35.284060+00:00
[2024-01-14T15:05:35.295+0000] {processor.py:176} INFO - Processing /home/airflow/.local/lib/python3.7/site-packages/airflow/example_dags/example_short_circuit_operator.py took 0.067 seconds
[2024-01-14T15:06:06.113+0000] {processor.py:154} INFO - Started process (PID=803) to work on /home/airflow/.local/lib/python3.7/site-packages/airflow/example_dags/example_short_circuit_operator.py
[2024-01-14T15:06:06.114+0000] {processor.py:756} INFO - Processing file /home/airflow/.local/lib/python3.7/site-packages/airflow/example_dags/example_short_circuit_operator.py for tasks to queue
[2024-01-14T15:06:06.115+0000] {logging_mixin.py:120} INFO - [2024-01-14T15:06:06.115+0000] {dagbag.py:537} INFO - Filling up the DagBag from /home/airflow/.local/lib/python3.7/site-packages/airflow/example_dags/example_short_circuit_operator.py
[2024-01-14T15:06:06.127+0000] {processor.py:766} INFO - DAG(s) dict_keys(['example_short_circuit_operator']) retrieved from /home/airflow/.local/lib/python3.7/site-packages/airflow/example_dags/example_short_circuit_operator.py
[2024-01-14T15:06:06.155+0000] {logging_mixin.py:120} INFO - [2024-01-14T15:06:06.155+0000] {dag.py:2585} INFO - Sync 1 DAGs
[2024-01-14T15:06:06.170+0000] {logging_mixin.py:120} INFO - [2024-01-14T15:06:06.170+0000] {dag.py:3340} INFO - Setting next_dagrun for example_short_circuit_operator to 2024-01-13T15:06:06.170698+00:00, run_after=2024-01-14T15:06:06.170698+00:00
[2024-01-14T15:06:06.182+0000] {processor.py:176} INFO - Processing /home/airflow/.local/lib/python3.7/site-packages/airflow/example_dags/example_short_circuit_operator.py took 0.071 seconds
[2024-01-14T15:06:37.210+0000] {processor.py:154} INFO - Started process (PID=866) to work on /home/airflow/.local/lib/python3.7/site-packages/airflow/example_dags/example_short_circuit_operator.py
[2024-01-14T15:06:37.210+0000] {processor.py:756} INFO - Processing file /home/airflow/.local/lib/python3.7/site-packages/airflow/example_dags/example_short_circuit_operator.py for tasks to queue
[2024-01-14T15:06:37.211+0000] {logging_mixin.py:120} INFO - [2024-01-14T15:06:37.211+0000] {dagbag.py:537} INFO - Filling up the DagBag from /home/airflow/.local/lib/python3.7/site-packages/airflow/example_dags/example_short_circuit_operator.py
[2024-01-14T15:06:37.223+0000] {processor.py:766} INFO - DAG(s) dict_keys(['example_short_circuit_operator']) retrieved from /home/airflow/.local/lib/python3.7/site-packages/airflow/example_dags/example_short_circuit_operator.py
[2024-01-14T15:06:37.253+0000] {logging_mixin.py:120} INFO - [2024-01-14T15:06:37.253+0000] {dag.py:2585} INFO - Sync 1 DAGs
[2024-01-14T15:06:37.270+0000] {logging_mixin.py:120} INFO - [2024-01-14T15:06:37.270+0000] {dag.py:3340} INFO - Setting next_dagrun for example_short_circuit_operator to 2024-01-13T15:06:37.270579+00:00, run_after=2024-01-14T15:06:37.270579+00:00
[2024-01-14T15:06:37.284+0000] {processor.py:176} INFO - Processing /home/airflow/.local/lib/python3.7/site-packages/airflow/example_dags/example_short_circuit_operator.py took 0.077 seconds
[2024-01-14T15:07:08.208+0000] {processor.py:154} INFO - Started process (PID=929) to work on /home/airflow/.local/lib/python3.7/site-packages/airflow/example_dags/example_short_circuit_operator.py
[2024-01-14T15:07:08.209+0000] {processor.py:756} INFO - Processing file /home/airflow/.local/lib/python3.7/site-packages/airflow/example_dags/example_short_circuit_operator.py for tasks to queue
[2024-01-14T15:07:08.209+0000] {logging_mixin.py:120} INFO - [2024-01-14T15:07:08.209+0000] {dagbag.py:537} INFO - Filling up the DagBag from /home/airflow/.local/lib/python3.7/site-packages/airflow/example_dags/example_short_circuit_operator.py
[2024-01-14T15:07:08.221+0000] {processor.py:766} INFO - DAG(s) dict_keys(['example_short_circuit_operator']) retrieved from /home/airflow/.local/lib/python3.7/site-packages/airflow/example_dags/example_short_circuit_operator.py
[2024-01-14T15:07:08.247+0000] {logging_mixin.py:120} INFO - [2024-01-14T15:07:08.247+0000] {dag.py:2585} INFO - Sync 1 DAGs
[2024-01-14T15:07:08.264+0000] {logging_mixin.py:120} INFO - [2024-01-14T15:07:08.264+0000] {dag.py:3340} INFO - Setting next_dagrun for example_short_circuit_operator to 2024-01-13T15:07:08.263966+00:00, run_after=2024-01-14T15:07:08.263966+00:00
[2024-01-14T15:07:08.275+0000] {processor.py:176} INFO - Processing /home/airflow/.local/lib/python3.7/site-packages/airflow/example_dags/example_short_circuit_operator.py took 0.070 seconds
[2024-01-14T15:07:39.174+0000] {processor.py:154} INFO - Started process (PID=991) to work on /home/airflow/.local/lib/python3.7/site-packages/airflow/example_dags/example_short_circuit_operator.py
[2024-01-14T15:07:39.175+0000] {processor.py:756} INFO - Processing file /home/airflow/.local/lib/python3.7/site-packages/airflow/example_dags/example_short_circuit_operator.py for tasks to queue
[2024-01-14T15:07:39.175+0000] {logging_mixin.py:120} INFO - [2024-01-14T15:07:39.175+0000] {dagbag.py:537} INFO - Filling up the DagBag from /home/airflow/.local/lib/python3.7/site-packages/airflow/example_dags/example_short_circuit_operator.py
[2024-01-14T15:07:39.187+0000] {processor.py:766} INFO - DAG(s) dict_keys(['example_short_circuit_operator']) retrieved from /home/airflow/.local/lib/python3.7/site-packages/airflow/example_dags/example_short_circuit_operator.py
[2024-01-14T15:07:39.215+0000] {logging_mixin.py:120} INFO - [2024-01-14T15:07:39.215+0000] {dag.py:2585} INFO - Sync 1 DAGs
[2024-01-14T15:07:39.232+0000] {logging_mixin.py:120} INFO - [2024-01-14T15:07:39.231+0000] {dag.py:3340} INFO - Setting next_dagrun for example_short_circuit_operator to 2024-01-13T15:07:39.231769+00:00, run_after=2024-01-14T15:07:39.231769+00:00
[2024-01-14T15:07:39.246+0000] {processor.py:176} INFO - Processing /home/airflow/.local/lib/python3.7/site-packages/airflow/example_dags/example_short_circuit_operator.py took 0.074 seconds
[2024-01-14T15:08:09.403+0000] {processor.py:154} INFO - Started process (PID=1054) to work on /home/airflow/.local/lib/python3.7/site-packages/airflow/example_dags/example_short_circuit_operator.py
[2024-01-14T15:08:09.404+0000] {processor.py:756} INFO - Processing file /home/airflow/.local/lib/python3.7/site-packages/airflow/example_dags/example_short_circuit_operator.py for tasks to queue
[2024-01-14T15:08:09.405+0000] {logging_mixin.py:120} INFO - [2024-01-14T15:08:09.405+0000] {dagbag.py:537} INFO - Filling up the DagBag from /home/airflow/.local/lib/python3.7/site-packages/airflow/example_dags/example_short_circuit_operator.py
[2024-01-14T15:08:09.416+0000] {processor.py:766} INFO - DAG(s) dict_keys(['example_short_circuit_operator']) retrieved from /home/airflow/.local/lib/python3.7/site-packages/airflow/example_dags/example_short_circuit_operator.py
[2024-01-14T15:08:09.444+0000] {logging_mixin.py:120} INFO - [2024-01-14T15:08:09.444+0000] {dag.py:2585} INFO - Sync 1 DAGs
[2024-01-14T15:08:09.459+0000] {logging_mixin.py:120} INFO - [2024-01-14T15:08:09.459+0000] {dag.py:3340} INFO - Setting next_dagrun for example_short_circuit_operator to 2024-01-13T15:08:09.459166+00:00, run_after=2024-01-14T15:08:09.459166+00:00
[2024-01-14T15:08:09.469+0000] {processor.py:176} INFO - Processing /home/airflow/.local/lib/python3.7/site-packages/airflow/example_dags/example_short_circuit_operator.py took 0.068 seconds
[2024-01-14T15:08:40.316+0000] {processor.py:154} INFO - Started process (PID=1117) to work on /home/airflow/.local/lib/python3.7/site-packages/airflow/example_dags/example_short_circuit_operator.py
[2024-01-14T15:08:40.317+0000] {processor.py:756} INFO - Processing file /home/airflow/.local/lib/python3.7/site-packages/airflow/example_dags/example_short_circuit_operator.py for tasks to queue
[2024-01-14T15:08:40.317+0000] {logging_mixin.py:120} INFO - [2024-01-14T15:08:40.317+0000] {dagbag.py:537} INFO - Filling up the DagBag from /home/airflow/.local/lib/python3.7/site-packages/airflow/example_dags/example_short_circuit_operator.py
[2024-01-14T15:08:40.331+0000] {processor.py:766} INFO - DAG(s) dict_keys(['example_short_circuit_operator']) retrieved from /home/airflow/.local/lib/python3.7/site-packages/airflow/example_dags/example_short_circuit_operator.py
[2024-01-14T15:08:40.359+0000] {logging_mixin.py:120} INFO - [2024-01-14T15:08:40.359+0000] {dag.py:2585} INFO - Sync 1 DAGs
[2024-01-14T15:08:40.375+0000] {logging_mixin.py:120} INFO - [2024-01-14T15:08:40.375+0000] {dag.py:3340} INFO - Setting next_dagrun for example_short_circuit_operator to 2024-01-13T15:08:40.374931+00:00, run_after=2024-01-14T15:08:40.374931+00:00
[2024-01-14T15:08:40.386+0000] {processor.py:176} INFO - Processing /home/airflow/.local/lib/python3.7/site-packages/airflow/example_dags/example_short_circuit_operator.py took 0.073 seconds
[2024-01-14T15:09:11.307+0000] {processor.py:154} INFO - Started process (PID=1171) to work on /home/airflow/.local/lib/python3.7/site-packages/airflow/example_dags/example_short_circuit_operator.py
[2024-01-14T15:09:11.307+0000] {processor.py:756} INFO - Processing file /home/airflow/.local/lib/python3.7/site-packages/airflow/example_dags/example_short_circuit_operator.py for tasks to queue
[2024-01-14T15:09:11.308+0000] {logging_mixin.py:120} INFO - [2024-01-14T15:09:11.308+0000] {dagbag.py:537} INFO - Filling up the DagBag from /home/airflow/.local/lib/python3.7/site-packages/airflow/example_dags/example_short_circuit_operator.py
[2024-01-14T15:09:11.320+0000] {processor.py:766} INFO - DAG(s) dict_keys(['example_short_circuit_operator']) retrieved from /home/airflow/.local/lib/python3.7/site-packages/airflow/example_dags/example_short_circuit_operator.py
[2024-01-14T15:09:11.350+0000] {logging_mixin.py:120} INFO - [2024-01-14T15:09:11.350+0000] {dag.py:2585} INFO - Sync 1 DAGs
[2024-01-14T15:09:11.368+0000] {logging_mixin.py:120} INFO - [2024-01-14T15:09:11.367+0000] {dag.py:3340} INFO - Setting next_dagrun for example_short_circuit_operator to 2024-01-13T15:09:11.367820+00:00, run_after=2024-01-14T15:09:11.367820+00:00
[2024-01-14T15:09:11.380+0000] {processor.py:176} INFO - Processing /home/airflow/.local/lib/python3.7/site-packages/airflow/example_dags/example_short_circuit_operator.py took 0.077 seconds
[2024-01-14T15:09:42.291+0000] {processor.py:154} INFO - Started process (PID=1234) to work on /home/airflow/.local/lib/python3.7/site-packages/airflow/example_dags/example_short_circuit_operator.py
[2024-01-14T15:09:42.292+0000] {processor.py:756} INFO - Processing file /home/airflow/.local/lib/python3.7/site-packages/airflow/example_dags/example_short_circuit_operator.py for tasks to queue
[2024-01-14T15:09:42.292+0000] {logging_mixin.py:120} INFO - [2024-01-14T15:09:42.292+0000] {dagbag.py:537} INFO - Filling up the DagBag from /home/airflow/.local/lib/python3.7/site-packages/airflow/example_dags/example_short_circuit_operator.py
[2024-01-14T15:09:42.304+0000] {processor.py:766} INFO - DAG(s) dict_keys(['example_short_circuit_operator']) retrieved from /home/airflow/.local/lib/python3.7/site-packages/airflow/example_dags/example_short_circuit_operator.py
[2024-01-14T15:09:42.336+0000] {logging_mixin.py:120} INFO - [2024-01-14T15:09:42.336+0000] {dag.py:2585} INFO - Sync 1 DAGs
[2024-01-14T15:09:42.352+0000] {logging_mixin.py:120} INFO - [2024-01-14T15:09:42.352+0000] {dag.py:3340} INFO - Setting next_dagrun for example_short_circuit_operator to 2024-01-13T15:09:42.352335+00:00, run_after=2024-01-14T15:09:42.352335+00:00
[2024-01-14T15:09:42.364+0000] {processor.py:176} INFO - Processing /home/airflow/.local/lib/python3.7/site-packages/airflow/example_dags/example_short_circuit_operator.py took 0.076 seconds
[2024-01-14T15:10:13.246+0000] {processor.py:154} INFO - Started process (PID=1297) to work on /home/airflow/.local/lib/python3.7/site-packages/airflow/example_dags/example_short_circuit_operator.py
[2024-01-14T15:10:13.246+0000] {processor.py:756} INFO - Processing file /home/airflow/.local/lib/python3.7/site-packages/airflow/example_dags/example_short_circuit_operator.py for tasks to queue
[2024-01-14T15:10:13.247+0000] {logging_mixin.py:120} INFO - [2024-01-14T15:10:13.247+0000] {dagbag.py:537} INFO - Filling up the DagBag from /home/airflow/.local/lib/python3.7/site-packages/airflow/example_dags/example_short_circuit_operator.py
[2024-01-14T15:10:13.259+0000] {processor.py:766} INFO - DAG(s) dict_keys(['example_short_circuit_operator']) retrieved from /home/airflow/.local/lib/python3.7/site-packages/airflow/example_dags/example_short_circuit_operator.py
[2024-01-14T15:10:13.288+0000] {logging_mixin.py:120} INFO - [2024-01-14T15:10:13.288+0000] {dag.py:2585} INFO - Sync 1 DAGs
[2024-01-14T15:10:13.304+0000] {logging_mixin.py:120} INFO - [2024-01-14T15:10:13.304+0000] {dag.py:3340} INFO - Setting next_dagrun for example_short_circuit_operator to 2024-01-13T15:10:13.304277+00:00, run_after=2024-01-14T15:10:13.304277+00:00
[2024-01-14T15:10:13.316+0000] {processor.py:176} INFO - Processing /home/airflow/.local/lib/python3.7/site-packages/airflow/example_dags/example_short_circuit_operator.py took 0.073 seconds
[2024-01-14T15:10:44.111+0000] {processor.py:154} INFO - Started process (PID=1360) to work on /home/airflow/.local/lib/python3.7/site-packages/airflow/example_dags/example_short_circuit_operator.py
[2024-01-14T15:10:44.111+0000] {processor.py:756} INFO - Processing file /home/airflow/.local/lib/python3.7/site-packages/airflow/example_dags/example_short_circuit_operator.py for tasks to queue
[2024-01-14T15:10:44.112+0000] {logging_mixin.py:120} INFO - [2024-01-14T15:10:44.112+0000] {dagbag.py:537} INFO - Filling up the DagBag from /home/airflow/.local/lib/python3.7/site-packages/airflow/example_dags/example_short_circuit_operator.py
[2024-01-14T15:10:44.124+0000] {processor.py:766} INFO - DAG(s) dict_keys(['example_short_circuit_operator']) retrieved from /home/airflow/.local/lib/python3.7/site-packages/airflow/example_dags/example_short_circuit_operator.py
[2024-01-14T15:10:44.151+0000] {logging_mixin.py:120} INFO - [2024-01-14T15:10:44.151+0000] {dag.py:2585} INFO - Sync 1 DAGs
[2024-01-14T15:10:44.166+0000] {logging_mixin.py:120} INFO - [2024-01-14T15:10:44.166+0000] {dag.py:3340} INFO - Setting next_dagrun for example_short_circuit_operator to 2024-01-13T15:10:44.166314+00:00, run_after=2024-01-14T15:10:44.166314+00:00
[2024-01-14T15:10:44.177+0000] {processor.py:176} INFO - Processing /home/airflow/.local/lib/python3.7/site-packages/airflow/example_dags/example_short_circuit_operator.py took 0.069 seconds
[2024-01-14T15:11:45.118+0000] {processor.py:154} INFO - Started process (PID=1486) to work on /home/airflow/.local/lib/python3.7/site-packages/airflow/example_dags/example_short_circuit_operator.py
[2024-01-14T15:11:45.119+0000] {processor.py:756} INFO - Processing file /home/airflow/.local/lib/python3.7/site-packages/airflow/example_dags/example_short_circuit_operator.py for tasks to queue
[2024-01-14T15:11:45.119+0000] {logging_mixin.py:120} INFO - [2024-01-14T15:11:45.119+0000] {dagbag.py:537} INFO - Filling up the DagBag from /home/airflow/.local/lib/python3.7/site-packages/airflow/example_dags/example_short_circuit_operator.py
[2024-01-14T15:11:45.131+0000] {processor.py:766} INFO - DAG(s) dict_keys(['example_short_circuit_operator']) retrieved from /home/airflow/.local/lib/python3.7/site-packages/airflow/example_dags/example_short_circuit_operator.py
[2024-01-14T15:11:45.157+0000] {logging_mixin.py:120} INFO - [2024-01-14T15:11:45.157+0000] {dag.py:2585} INFO - Sync 1 DAGs
[2024-01-14T15:11:45.172+0000] {logging_mixin.py:120} INFO - [2024-01-14T15:11:45.172+0000] {dag.py:3340} INFO - Setting next_dagrun for example_short_circuit_operator to 2024-01-13T15:11:45.171868+00:00, run_after=2024-01-14T15:11:45.171868+00:00
[2024-01-14T15:11:45.183+0000] {processor.py:176} INFO - Processing /home/airflow/.local/lib/python3.7/site-packages/airflow/example_dags/example_short_circuit_operator.py took 0.067 seconds
[2024-01-14T15:12:16.199+0000] {processor.py:154} INFO - Started process (PID=1549) to work on /home/airflow/.local/lib/python3.7/site-packages/airflow/example_dags/example_short_circuit_operator.py
[2024-01-14T15:12:16.200+0000] {processor.py:756} INFO - Processing file /home/airflow/.local/lib/python3.7/site-packages/airflow/example_dags/example_short_circuit_operator.py for tasks to queue
[2024-01-14T15:12:16.201+0000] {logging_mixin.py:120} INFO - [2024-01-14T15:12:16.201+0000] {dagbag.py:537} INFO - Filling up the DagBag from /home/airflow/.local/lib/python3.7/site-packages/airflow/example_dags/example_short_circuit_operator.py
[2024-01-14T15:12:16.214+0000] {processor.py:766} INFO - DAG(s) dict_keys(['example_short_circuit_operator']) retrieved from /home/airflow/.local/lib/python3.7/site-packages/airflow/example_dags/example_short_circuit_operator.py
[2024-01-14T15:12:16.247+0000] {logging_mixin.py:120} INFO - [2024-01-14T15:12:16.247+0000] {dag.py:2585} INFO - Sync 1 DAGs
[2024-01-14T15:12:16.264+0000] {logging_mixin.py:120} INFO - [2024-01-14T15:12:16.264+0000] {dag.py:3340} INFO - Setting next_dagrun for example_short_circuit_operator to 2024-01-13T15:12:16.263944+00:00, run_after=2024-01-14T15:12:16.263944+00:00
[2024-01-14T15:12:16.275+0000] {processor.py:176} INFO - Processing /home/airflow/.local/lib/python3.7/site-packages/airflow/example_dags/example_short_circuit_operator.py took 0.079 seconds
[2024-01-14T15:12:47.116+0000] {processor.py:154} INFO - Started process (PID=1603) to work on /home/airflow/.local/lib/python3.7/site-packages/airflow/example_dags/example_short_circuit_operator.py
[2024-01-14T15:12:47.116+0000] {processor.py:756} INFO - Processing file /home/airflow/.local/lib/python3.7/site-packages/airflow/example_dags/example_short_circuit_operator.py for tasks to queue
[2024-01-14T15:12:47.117+0000] {logging_mixin.py:120} INFO - [2024-01-14T15:12:47.117+0000] {dagbag.py:537} INFO - Filling up the DagBag from /home/airflow/.local/lib/python3.7/site-packages/airflow/example_dags/example_short_circuit_operator.py
[2024-01-14T15:12:47.129+0000] {processor.py:766} INFO - DAG(s) dict_keys(['example_short_circuit_operator']) retrieved from /home/airflow/.local/lib/python3.7/site-packages/airflow/example_dags/example_short_circuit_operator.py
[2024-01-14T15:12:47.158+0000] {logging_mixin.py:120} INFO - [2024-01-14T15:12:47.157+0000] {dag.py:2585} INFO - Sync 1 DAGs
[2024-01-14T15:12:47.175+0000] {logging_mixin.py:120} INFO - [2024-01-14T15:12:47.175+0000] {dag.py:3340} INFO - Setting next_dagrun for example_short_circuit_operator to 2024-01-13T15:12:47.175631+00:00, run_after=2024-01-14T15:12:47.175631+00:00
[2024-01-14T15:12:47.191+0000] {processor.py:176} INFO - Processing /home/airflow/.local/lib/python3.7/site-packages/airflow/example_dags/example_short_circuit_operator.py took 0.078 seconds
[2024-01-14T15:13:18.175+0000] {processor.py:154} INFO - Started process (PID=1666) to work on /home/airflow/.local/lib/python3.7/site-packages/airflow/example_dags/example_short_circuit_operator.py
[2024-01-14T15:13:18.176+0000] {processor.py:756} INFO - Processing file /home/airflow/.local/lib/python3.7/site-packages/airflow/example_dags/example_short_circuit_operator.py for tasks to queue
[2024-01-14T15:13:18.177+0000] {logging_mixin.py:120} INFO - [2024-01-14T15:13:18.177+0000] {dagbag.py:537} INFO - Filling up the DagBag from /home/airflow/.local/lib/python3.7/site-packages/airflow/example_dags/example_short_circuit_operator.py
[2024-01-14T15:13:18.190+0000] {processor.py:766} INFO - DAG(s) dict_keys(['example_short_circuit_operator']) retrieved from /home/airflow/.local/lib/python3.7/site-packages/airflow/example_dags/example_short_circuit_operator.py
[2024-01-14T15:13:18.219+0000] {logging_mixin.py:120} INFO - [2024-01-14T15:13:18.219+0000] {dag.py:2585} INFO - Sync 1 DAGs
[2024-01-14T15:13:18.236+0000] {logging_mixin.py:120} INFO - [2024-01-14T15:13:18.236+0000] {dag.py:3340} INFO - Setting next_dagrun for example_short_circuit_operator to 2024-01-13T15:13:18.235879+00:00, run_after=2024-01-14T15:13:18.235879+00:00
[2024-01-14T15:13:18.247+0000] {processor.py:176} INFO - Processing /home/airflow/.local/lib/python3.7/site-packages/airflow/example_dags/example_short_circuit_operator.py took 0.075 seconds
[2024-01-14T15:13:48.958+0000] {processor.py:154} INFO - Started process (PID=1729) to work on /home/airflow/.local/lib/python3.7/site-packages/airflow/example_dags/example_short_circuit_operator.py
[2024-01-14T15:13:48.958+0000] {processor.py:756} INFO - Processing file /home/airflow/.local/lib/python3.7/site-packages/airflow/example_dags/example_short_circuit_operator.py for tasks to queue
[2024-01-14T15:13:48.959+0000] {logging_mixin.py:120} INFO - [2024-01-14T15:13:48.959+0000] {dagbag.py:537} INFO - Filling up the DagBag from /home/airflow/.local/lib/python3.7/site-packages/airflow/example_dags/example_short_circuit_operator.py
[2024-01-14T15:13:48.970+0000] {processor.py:766} INFO - DAG(s) dict_keys(['example_short_circuit_operator']) retrieved from /home/airflow/.local/lib/python3.7/site-packages/airflow/example_dags/example_short_circuit_operator.py
[2024-01-14T15:13:48.997+0000] {logging_mixin.py:120} INFO - [2024-01-14T15:13:48.997+0000] {dag.py:2585} INFO - Sync 1 DAGs
[2024-01-14T15:13:49.012+0000] {logging_mixin.py:120} INFO - [2024-01-14T15:13:49.012+0000] {dag.py:3340} INFO - Setting next_dagrun for example_short_circuit_operator to 2024-01-13T15:13:49.012617+00:00, run_after=2024-01-14T15:13:49.012617+00:00
[2024-01-14T15:13:49.024+0000] {processor.py:176} INFO - Processing /home/airflow/.local/lib/python3.7/site-packages/airflow/example_dags/example_short_circuit_operator.py took 0.068 seconds
