[2024-01-14T14:59:57.877+0000] {processor.py:154} INFO - Started process (PID=47) to work on /home/airflow/.local/lib/python3.7/site-packages/airflow/example_dags/example_time_delta_sensor_async.py
[2024-01-14T14:59:57.878+0000] {processor.py:756} INFO - Processing file /home/airflow/.local/lib/python3.7/site-packages/airflow/example_dags/example_time_delta_sensor_async.py for tasks to queue
[2024-01-14T14:59:57.879+0000] {logging_mixin.py:120} INFO - [2024-01-14T14:59:57.879+0000] {dagbag.py:537} INFO - Filling up the DagBag from /home/airflow/.local/lib/python3.7/site-packages/airflow/example_dags/example_time_delta_sensor_async.py
[2024-01-14T14:59:57.888+0000] {processor.py:766} INFO - DAG(s) dict_keys(['example_time_delta_sensor_async']) retrieved from /home/airflow/.local/lib/python3.7/site-packages/airflow/example_dags/example_time_delta_sensor_async.py
[2024-01-14T14:59:58.053+0000] {logging_mixin.py:120} INFO - [2024-01-14T14:59:58.053+0000] {manager.py:507} INFO - Created Permission View: can read on DAG:example_time_delta_sensor_async
[2024-01-14T14:59:58.059+0000] {logging_mixin.py:120} INFO - [2024-01-14T14:59:58.058+0000] {manager.py:507} INFO - Created Permission View: can edit on DAG:example_time_delta_sensor_async
[2024-01-14T14:59:58.062+0000] {logging_mixin.py:120} INFO - [2024-01-14T14:59:58.062+0000] {manager.py:507} INFO - Created Permission View: can delete on DAG:example_time_delta_sensor_async
[2024-01-14T14:59:58.063+0000] {logging_mixin.py:120} INFO - [2024-01-14T14:59:58.063+0000] {dag.py:2585} INFO - Sync 1 DAGs
[2024-01-14T14:59:58.072+0000] {logging_mixin.py:120} INFO - [2024-01-14T14:59:58.072+0000] {dag.py:2606} INFO - Creating ORM DAG for example_time_delta_sensor_async
[2024-01-14T14:59:58.080+0000] {logging_mixin.py:120} INFO - [2024-01-14T14:59:58.080+0000] {dag.py:3340} INFO - Setting next_dagrun for example_time_delta_sensor_async to None, run_after=None
[2024-01-14T14:59:58.092+0000] {processor.py:176} INFO - Processing /home/airflow/.local/lib/python3.7/site-packages/airflow/example_dags/example_time_delta_sensor_async.py took 0.218 seconds
[2024-01-14T15:00:28.161+0000] {processor.py:154} INFO - Started process (PID=110) to work on /home/airflow/.local/lib/python3.7/site-packages/airflow/example_dags/example_time_delta_sensor_async.py
[2024-01-14T15:00:28.162+0000] {processor.py:756} INFO - Processing file /home/airflow/.local/lib/python3.7/site-packages/airflow/example_dags/example_time_delta_sensor_async.py for tasks to queue
[2024-01-14T15:00:28.163+0000] {logging_mixin.py:120} INFO - [2024-01-14T15:00:28.162+0000] {dagbag.py:537} INFO - Filling up the DagBag from /home/airflow/.local/lib/python3.7/site-packages/airflow/example_dags/example_time_delta_sensor_async.py
[2024-01-14T15:00:28.172+0000] {processor.py:766} INFO - DAG(s) dict_keys(['example_time_delta_sensor_async']) retrieved from /home/airflow/.local/lib/python3.7/site-packages/airflow/example_dags/example_time_delta_sensor_async.py
[2024-01-14T15:00:28.285+0000] {logging_mixin.py:120} INFO - [2024-01-14T15:00:28.285+0000] {dag.py:2585} INFO - Sync 1 DAGs
[2024-01-14T15:00:28.303+0000] {logging_mixin.py:120} INFO - [2024-01-14T15:00:28.303+0000] {dag.py:3340} INFO - Setting next_dagrun for example_time_delta_sensor_async to None, run_after=None
[2024-01-14T15:00:28.314+0000] {processor.py:176} INFO - Processing /home/airflow/.local/lib/python3.7/site-packages/airflow/example_dags/example_time_delta_sensor_async.py took 0.156 seconds
[2024-01-14T15:00:58.364+0000] {processor.py:154} INFO - Started process (PID=174) to work on /home/airflow/.local/lib/python3.7/site-packages/airflow/example_dags/example_time_delta_sensor_async.py
[2024-01-14T15:00:58.365+0000] {processor.py:756} INFO - Processing file /home/airflow/.local/lib/python3.7/site-packages/airflow/example_dags/example_time_delta_sensor_async.py for tasks to queue
[2024-01-14T15:00:58.365+0000] {logging_mixin.py:120} INFO - [2024-01-14T15:00:58.365+0000] {dagbag.py:537} INFO - Filling up the DagBag from /home/airflow/.local/lib/python3.7/site-packages/airflow/example_dags/example_time_delta_sensor_async.py
[2024-01-14T15:00:58.375+0000] {processor.py:766} INFO - DAG(s) dict_keys(['example_time_delta_sensor_async']) retrieved from /home/airflow/.local/lib/python3.7/site-packages/airflow/example_dags/example_time_delta_sensor_async.py
[2024-01-14T15:00:58.485+0000] {logging_mixin.py:120} INFO - [2024-01-14T15:00:58.485+0000] {dag.py:2585} INFO - Sync 1 DAGs
[2024-01-14T15:00:58.501+0000] {logging_mixin.py:120} INFO - [2024-01-14T15:00:58.500+0000] {dag.py:3340} INFO - Setting next_dagrun for example_time_delta_sensor_async to None, run_after=None
[2024-01-14T15:00:58.511+0000] {processor.py:176} INFO - Processing /home/airflow/.local/lib/python3.7/site-packages/airflow/example_dags/example_time_delta_sensor_async.py took 0.149 seconds
[2024-01-14T15:01:29.479+0000] {processor.py:154} INFO - Started process (PID=237) to work on /home/airflow/.local/lib/python3.7/site-packages/airflow/example_dags/example_time_delta_sensor_async.py
[2024-01-14T15:01:29.480+0000] {processor.py:756} INFO - Processing file /home/airflow/.local/lib/python3.7/site-packages/airflow/example_dags/example_time_delta_sensor_async.py for tasks to queue
[2024-01-14T15:01:29.481+0000] {logging_mixin.py:120} INFO - [2024-01-14T15:01:29.481+0000] {dagbag.py:537} INFO - Filling up the DagBag from /home/airflow/.local/lib/python3.7/site-packages/airflow/example_dags/example_time_delta_sensor_async.py
[2024-01-14T15:01:29.491+0000] {processor.py:766} INFO - DAG(s) dict_keys(['example_time_delta_sensor_async']) retrieved from /home/airflow/.local/lib/python3.7/site-packages/airflow/example_dags/example_time_delta_sensor_async.py
[2024-01-14T15:01:29.607+0000] {logging_mixin.py:120} INFO - [2024-01-14T15:01:29.607+0000] {dag.py:2585} INFO - Sync 1 DAGs
[2024-01-14T15:01:29.621+0000] {logging_mixin.py:120} INFO - [2024-01-14T15:01:29.621+0000] {dag.py:3340} INFO - Setting next_dagrun for example_time_delta_sensor_async to None, run_after=None
[2024-01-14T15:01:29.631+0000] {processor.py:176} INFO - Processing /home/airflow/.local/lib/python3.7/site-packages/airflow/example_dags/example_time_delta_sensor_async.py took 0.155 seconds
[2024-01-14T15:01:59.665+0000] {processor.py:154} INFO - Started process (PID=299) to work on /home/airflow/.local/lib/python3.7/site-packages/airflow/example_dags/example_time_delta_sensor_async.py
[2024-01-14T15:01:59.666+0000] {processor.py:756} INFO - Processing file /home/airflow/.local/lib/python3.7/site-packages/airflow/example_dags/example_time_delta_sensor_async.py for tasks to queue
[2024-01-14T15:01:59.666+0000] {logging_mixin.py:120} INFO - [2024-01-14T15:01:59.666+0000] {dagbag.py:537} INFO - Filling up the DagBag from /home/airflow/.local/lib/python3.7/site-packages/airflow/example_dags/example_time_delta_sensor_async.py
[2024-01-14T15:01:59.675+0000] {processor.py:766} INFO - DAG(s) dict_keys(['example_time_delta_sensor_async']) retrieved from /home/airflow/.local/lib/python3.7/site-packages/airflow/example_dags/example_time_delta_sensor_async.py
[2024-01-14T15:01:59.784+0000] {logging_mixin.py:120} INFO - [2024-01-14T15:01:59.784+0000] {dag.py:2585} INFO - Sync 1 DAGs
[2024-01-14T15:01:59.798+0000] {logging_mixin.py:120} INFO - [2024-01-14T15:01:59.798+0000] {dag.py:3340} INFO - Setting next_dagrun for example_time_delta_sensor_async to None, run_after=None
[2024-01-14T15:01:59.809+0000] {processor.py:176} INFO - Processing /home/airflow/.local/lib/python3.7/site-packages/airflow/example_dags/example_time_delta_sensor_async.py took 0.147 seconds
[2024-01-14T15:02:29.877+0000] {processor.py:154} INFO - Started process (PID=356) to work on /home/airflow/.local/lib/python3.7/site-packages/airflow/example_dags/example_time_delta_sensor_async.py
[2024-01-14T15:02:29.878+0000] {processor.py:756} INFO - Processing file /home/airflow/.local/lib/python3.7/site-packages/airflow/example_dags/example_time_delta_sensor_async.py for tasks to queue
[2024-01-14T15:02:29.879+0000] {logging_mixin.py:120} INFO - [2024-01-14T15:02:29.879+0000] {dagbag.py:537} INFO - Filling up the DagBag from /home/airflow/.local/lib/python3.7/site-packages/airflow/example_dags/example_time_delta_sensor_async.py
[2024-01-14T15:02:29.889+0000] {processor.py:766} INFO - DAG(s) dict_keys(['example_time_delta_sensor_async']) retrieved from /home/airflow/.local/lib/python3.7/site-packages/airflow/example_dags/example_time_delta_sensor_async.py
[2024-01-14T15:02:30.004+0000] {logging_mixin.py:120} INFO - [2024-01-14T15:02:30.003+0000] {dag.py:2585} INFO - Sync 1 DAGs
[2024-01-14T15:02:30.019+0000] {logging_mixin.py:120} INFO - [2024-01-14T15:02:30.019+0000] {dag.py:3340} INFO - Setting next_dagrun for example_time_delta_sensor_async to None, run_after=None
[2024-01-14T15:02:30.029+0000] {processor.py:176} INFO - Processing /home/airflow/.local/lib/python3.7/site-packages/airflow/example_dags/example_time_delta_sensor_async.py took 0.154 seconds
[2024-01-14T15:03:00.082+0000] {processor.py:154} INFO - Started process (PID=420) to work on /home/airflow/.local/lib/python3.7/site-packages/airflow/example_dags/example_time_delta_sensor_async.py
[2024-01-14T15:03:00.083+0000] {processor.py:756} INFO - Processing file /home/airflow/.local/lib/python3.7/site-packages/airflow/example_dags/example_time_delta_sensor_async.py for tasks to queue
[2024-01-14T15:03:00.084+0000] {logging_mixin.py:120} INFO - [2024-01-14T15:03:00.083+0000] {dagbag.py:537} INFO - Filling up the DagBag from /home/airflow/.local/lib/python3.7/site-packages/airflow/example_dags/example_time_delta_sensor_async.py
[2024-01-14T15:03:00.092+0000] {processor.py:766} INFO - DAG(s) dict_keys(['example_time_delta_sensor_async']) retrieved from /home/airflow/.local/lib/python3.7/site-packages/airflow/example_dags/example_time_delta_sensor_async.py
[2024-01-14T15:03:00.204+0000] {logging_mixin.py:120} INFO - [2024-01-14T15:03:00.204+0000] {dag.py:2585} INFO - Sync 1 DAGs
[2024-01-14T15:03:00.220+0000] {logging_mixin.py:120} INFO - [2024-01-14T15:03:00.220+0000] {dag.py:3340} INFO - Setting next_dagrun for example_time_delta_sensor_async to None, run_after=None
[2024-01-14T15:03:00.231+0000] {processor.py:176} INFO - Processing /home/airflow/.local/lib/python3.7/site-packages/airflow/example_dags/example_time_delta_sensor_async.py took 0.151 seconds
[2024-01-14T15:03:30.921+0000] {processor.py:154} INFO - Started process (PID=480) to work on /home/airflow/.local/lib/python3.7/site-packages/airflow/example_dags/example_time_delta_sensor_async.py
[2024-01-14T15:03:30.922+0000] {processor.py:756} INFO - Processing file /home/airflow/.local/lib/python3.7/site-packages/airflow/example_dags/example_time_delta_sensor_async.py for tasks to queue
[2024-01-14T15:03:30.923+0000] {logging_mixin.py:120} INFO - [2024-01-14T15:03:30.923+0000] {dagbag.py:537} INFO - Filling up the DagBag from /home/airflow/.local/lib/python3.7/site-packages/airflow/example_dags/example_time_delta_sensor_async.py
[2024-01-14T15:03:30.935+0000] {processor.py:766} INFO - DAG(s) dict_keys(['example_time_delta_sensor_async']) retrieved from /home/airflow/.local/lib/python3.7/site-packages/airflow/example_dags/example_time_delta_sensor_async.py
[2024-01-14T15:03:31.043+0000] {logging_mixin.py:120} INFO - [2024-01-14T15:03:31.043+0000] {dag.py:2585} INFO - Sync 1 DAGs
[2024-01-14T15:03:31.058+0000] {logging_mixin.py:120} INFO - [2024-01-14T15:03:31.058+0000] {dag.py:3340} INFO - Setting next_dagrun for example_time_delta_sensor_async to None, run_after=None
[2024-01-14T15:03:31.068+0000] {processor.py:176} INFO - Processing /home/airflow/.local/lib/python3.7/site-packages/airflow/example_dags/example_time_delta_sensor_async.py took 0.151 seconds
[2024-01-14T15:04:02.015+0000] {processor.py:154} INFO - Started process (PID=543) to work on /home/airflow/.local/lib/python3.7/site-packages/airflow/example_dags/example_time_delta_sensor_async.py
[2024-01-14T15:04:02.016+0000] {processor.py:756} INFO - Processing file /home/airflow/.local/lib/python3.7/site-packages/airflow/example_dags/example_time_delta_sensor_async.py for tasks to queue
[2024-01-14T15:04:02.017+0000] {logging_mixin.py:120} INFO - [2024-01-14T15:04:02.017+0000] {dagbag.py:537} INFO - Filling up the DagBag from /home/airflow/.local/lib/python3.7/site-packages/airflow/example_dags/example_time_delta_sensor_async.py
[2024-01-14T15:04:02.027+0000] {processor.py:766} INFO - DAG(s) dict_keys(['example_time_delta_sensor_async']) retrieved from /home/airflow/.local/lib/python3.7/site-packages/airflow/example_dags/example_time_delta_sensor_async.py
[2024-01-14T15:04:02.138+0000] {logging_mixin.py:120} INFO - [2024-01-14T15:04:02.138+0000] {dag.py:2585} INFO - Sync 1 DAGs
[2024-01-14T15:04:02.152+0000] {logging_mixin.py:120} INFO - [2024-01-14T15:04:02.152+0000] {dag.py:3340} INFO - Setting next_dagrun for example_time_delta_sensor_async to None, run_after=None
[2024-01-14T15:04:02.164+0000] {processor.py:176} INFO - Processing /home/airflow/.local/lib/python3.7/site-packages/airflow/example_dags/example_time_delta_sensor_async.py took 0.150 seconds
[2024-01-14T15:04:32.954+0000] {processor.py:154} INFO - Started process (PID=606) to work on /home/airflow/.local/lib/python3.7/site-packages/airflow/example_dags/example_time_delta_sensor_async.py
[2024-01-14T15:04:32.955+0000] {processor.py:756} INFO - Processing file /home/airflow/.local/lib/python3.7/site-packages/airflow/example_dags/example_time_delta_sensor_async.py for tasks to queue
[2024-01-14T15:04:32.956+0000] {logging_mixin.py:120} INFO - [2024-01-14T15:04:32.956+0000] {dagbag.py:537} INFO - Filling up the DagBag from /home/airflow/.local/lib/python3.7/site-packages/airflow/example_dags/example_time_delta_sensor_async.py
[2024-01-14T15:04:32.969+0000] {processor.py:766} INFO - DAG(s) dict_keys(['example_time_delta_sensor_async']) retrieved from /home/airflow/.local/lib/python3.7/site-packages/airflow/example_dags/example_time_delta_sensor_async.py
[2024-01-14T15:04:33.078+0000] {logging_mixin.py:120} INFO - [2024-01-14T15:04:33.078+0000] {dag.py:2585} INFO - Sync 1 DAGs
[2024-01-14T15:04:33.093+0000] {logging_mixin.py:120} INFO - [2024-01-14T15:04:33.093+0000] {dag.py:3340} INFO - Setting next_dagrun for example_time_delta_sensor_async to None, run_after=None
[2024-01-14T15:04:33.104+0000] {processor.py:176} INFO - Processing /home/airflow/.local/lib/python3.7/site-packages/airflow/example_dags/example_time_delta_sensor_async.py took 0.154 seconds
[2024-01-14T15:05:03.186+0000] {processor.py:154} INFO - Started process (PID=660) to work on /home/airflow/.local/lib/python3.7/site-packages/airflow/example_dags/example_time_delta_sensor_async.py
[2024-01-14T15:05:03.187+0000] {processor.py:756} INFO - Processing file /home/airflow/.local/lib/python3.7/site-packages/airflow/example_dags/example_time_delta_sensor_async.py for tasks to queue
[2024-01-14T15:05:03.188+0000] {logging_mixin.py:120} INFO - [2024-01-14T15:05:03.188+0000] {dagbag.py:537} INFO - Filling up the DagBag from /home/airflow/.local/lib/python3.7/site-packages/airflow/example_dags/example_time_delta_sensor_async.py
[2024-01-14T15:05:03.201+0000] {processor.py:766} INFO - DAG(s) dict_keys(['example_time_delta_sensor_async']) retrieved from /home/airflow/.local/lib/python3.7/site-packages/airflow/example_dags/example_time_delta_sensor_async.py
[2024-01-14T15:05:03.312+0000] {logging_mixin.py:120} INFO - [2024-01-14T15:05:03.312+0000] {dag.py:2585} INFO - Sync 1 DAGs
[2024-01-14T15:05:03.328+0000] {logging_mixin.py:120} INFO - [2024-01-14T15:05:03.328+0000] {dag.py:3340} INFO - Setting next_dagrun for example_time_delta_sensor_async to None, run_after=None
[2024-01-14T15:05:03.341+0000] {processor.py:176} INFO - Processing /home/airflow/.local/lib/python3.7/site-packages/airflow/example_dags/example_time_delta_sensor_async.py took 0.159 seconds
[2024-01-14T15:05:34.323+0000] {processor.py:154} INFO - Started process (PID=723) to work on /home/airflow/.local/lib/python3.7/site-packages/airflow/example_dags/example_time_delta_sensor_async.py
[2024-01-14T15:05:34.325+0000] {processor.py:756} INFO - Processing file /home/airflow/.local/lib/python3.7/site-packages/airflow/example_dags/example_time_delta_sensor_async.py for tasks to queue
[2024-01-14T15:05:34.326+0000] {logging_mixin.py:120} INFO - [2024-01-14T15:05:34.325+0000] {dagbag.py:537} INFO - Filling up the DagBag from /home/airflow/.local/lib/python3.7/site-packages/airflow/example_dags/example_time_delta_sensor_async.py
[2024-01-14T15:05:34.339+0000] {processor.py:766} INFO - DAG(s) dict_keys(['example_time_delta_sensor_async']) retrieved from /home/airflow/.local/lib/python3.7/site-packages/airflow/example_dags/example_time_delta_sensor_async.py
[2024-01-14T15:05:34.449+0000] {logging_mixin.py:120} INFO - [2024-01-14T15:05:34.449+0000] {dag.py:2585} INFO - Sync 1 DAGs
[2024-01-14T15:05:34.464+0000] {logging_mixin.py:120} INFO - [2024-01-14T15:05:34.464+0000] {dag.py:3340} INFO - Setting next_dagrun for example_time_delta_sensor_async to None, run_after=None
[2024-01-14T15:05:34.476+0000] {processor.py:176} INFO - Processing /home/airflow/.local/lib/python3.7/site-packages/airflow/example_dags/example_time_delta_sensor_async.py took 0.157 seconds
[2024-01-14T15:06:05.205+0000] {processor.py:154} INFO - Started process (PID=786) to work on /home/airflow/.local/lib/python3.7/site-packages/airflow/example_dags/example_time_delta_sensor_async.py
[2024-01-14T15:06:05.206+0000] {processor.py:756} INFO - Processing file /home/airflow/.local/lib/python3.7/site-packages/airflow/example_dags/example_time_delta_sensor_async.py for tasks to queue
[2024-01-14T15:06:05.207+0000] {logging_mixin.py:120} INFO - [2024-01-14T15:06:05.206+0000] {dagbag.py:537} INFO - Filling up the DagBag from /home/airflow/.local/lib/python3.7/site-packages/airflow/example_dags/example_time_delta_sensor_async.py
[2024-01-14T15:06:05.219+0000] {processor.py:766} INFO - DAG(s) dict_keys(['example_time_delta_sensor_async']) retrieved from /home/airflow/.local/lib/python3.7/site-packages/airflow/example_dags/example_time_delta_sensor_async.py
[2024-01-14T15:06:05.328+0000] {logging_mixin.py:120} INFO - [2024-01-14T15:06:05.328+0000] {dag.py:2585} INFO - Sync 1 DAGs
[2024-01-14T15:06:05.343+0000] {logging_mixin.py:120} INFO - [2024-01-14T15:06:05.343+0000] {dag.py:3340} INFO - Setting next_dagrun for example_time_delta_sensor_async to None, run_after=None
[2024-01-14T15:06:05.354+0000] {processor.py:176} INFO - Processing /home/airflow/.local/lib/python3.7/site-packages/airflow/example_dags/example_time_delta_sensor_async.py took 0.153 seconds
[2024-01-14T15:06:36.167+0000] {processor.py:154} INFO - Started process (PID=849) to work on /home/airflow/.local/lib/python3.7/site-packages/airflow/example_dags/example_time_delta_sensor_async.py
[2024-01-14T15:06:36.169+0000] {processor.py:756} INFO - Processing file /home/airflow/.local/lib/python3.7/site-packages/airflow/example_dags/example_time_delta_sensor_async.py for tasks to queue
[2024-01-14T15:06:36.170+0000] {logging_mixin.py:120} INFO - [2024-01-14T15:06:36.170+0000] {dagbag.py:537} INFO - Filling up the DagBag from /home/airflow/.local/lib/python3.7/site-packages/airflow/example_dags/example_time_delta_sensor_async.py
[2024-01-14T15:06:36.184+0000] {processor.py:766} INFO - DAG(s) dict_keys(['example_time_delta_sensor_async']) retrieved from /home/airflow/.local/lib/python3.7/site-packages/airflow/example_dags/example_time_delta_sensor_async.py
[2024-01-14T15:06:36.302+0000] {logging_mixin.py:120} INFO - [2024-01-14T15:06:36.301+0000] {dag.py:2585} INFO - Sync 1 DAGs
[2024-01-14T15:06:36.318+0000] {logging_mixin.py:120} INFO - [2024-01-14T15:06:36.318+0000] {dag.py:3340} INFO - Setting next_dagrun for example_time_delta_sensor_async to None, run_after=None
[2024-01-14T15:06:36.329+0000] {processor.py:176} INFO - Processing /home/airflow/.local/lib/python3.7/site-packages/airflow/example_dags/example_time_delta_sensor_async.py took 0.167 seconds
[2024-01-14T15:07:06.363+0000] {processor.py:154} INFO - Started process (PID=911) to work on /home/airflow/.local/lib/python3.7/site-packages/airflow/example_dags/example_time_delta_sensor_async.py
[2024-01-14T15:07:06.365+0000] {processor.py:756} INFO - Processing file /home/airflow/.local/lib/python3.7/site-packages/airflow/example_dags/example_time_delta_sensor_async.py for tasks to queue
[2024-01-14T15:07:06.366+0000] {logging_mixin.py:120} INFO - [2024-01-14T15:07:06.366+0000] {dagbag.py:537} INFO - Filling up the DagBag from /home/airflow/.local/lib/python3.7/site-packages/airflow/example_dags/example_time_delta_sensor_async.py
[2024-01-14T15:07:06.381+0000] {processor.py:766} INFO - DAG(s) dict_keys(['example_time_delta_sensor_async']) retrieved from /home/airflow/.local/lib/python3.7/site-packages/airflow/example_dags/example_time_delta_sensor_async.py
[2024-01-14T15:07:06.491+0000] {logging_mixin.py:120} INFO - [2024-01-14T15:07:06.491+0000] {dag.py:2585} INFO - Sync 1 DAGs
[2024-01-14T15:07:06.507+0000] {logging_mixin.py:120} INFO - [2024-01-14T15:07:06.507+0000] {dag.py:3340} INFO - Setting next_dagrun for example_time_delta_sensor_async to None, run_after=None
[2024-01-14T15:07:06.517+0000] {processor.py:176} INFO - Processing /home/airflow/.local/lib/python3.7/site-packages/airflow/example_dags/example_time_delta_sensor_async.py took 0.160 seconds
[2024-01-14T15:07:37.190+0000] {processor.py:154} INFO - Started process (PID=974) to work on /home/airflow/.local/lib/python3.7/site-packages/airflow/example_dags/example_time_delta_sensor_async.py
[2024-01-14T15:07:37.191+0000] {processor.py:756} INFO - Processing file /home/airflow/.local/lib/python3.7/site-packages/airflow/example_dags/example_time_delta_sensor_async.py for tasks to queue
[2024-01-14T15:07:37.192+0000] {logging_mixin.py:120} INFO - [2024-01-14T15:07:37.192+0000] {dagbag.py:537} INFO - Filling up the DagBag from /home/airflow/.local/lib/python3.7/site-packages/airflow/example_dags/example_time_delta_sensor_async.py
[2024-01-14T15:07:37.206+0000] {processor.py:766} INFO - DAG(s) dict_keys(['example_time_delta_sensor_async']) retrieved from /home/airflow/.local/lib/python3.7/site-packages/airflow/example_dags/example_time_delta_sensor_async.py
[2024-01-14T15:07:37.320+0000] {logging_mixin.py:120} INFO - [2024-01-14T15:07:37.320+0000] {dag.py:2585} INFO - Sync 1 DAGs
[2024-01-14T15:07:37.336+0000] {logging_mixin.py:120} INFO - [2024-01-14T15:07:37.336+0000] {dag.py:3340} INFO - Setting next_dagrun for example_time_delta_sensor_async to None, run_after=None
[2024-01-14T15:07:37.348+0000] {processor.py:176} INFO - Processing /home/airflow/.local/lib/python3.7/site-packages/airflow/example_dags/example_time_delta_sensor_async.py took 0.163 seconds
[2024-01-14T15:08:07.402+0000] {processor.py:154} INFO - Started process (PID=1037) to work on /home/airflow/.local/lib/python3.7/site-packages/airflow/example_dags/example_time_delta_sensor_async.py
[2024-01-14T15:08:07.403+0000] {processor.py:756} INFO - Processing file /home/airflow/.local/lib/python3.7/site-packages/airflow/example_dags/example_time_delta_sensor_async.py for tasks to queue
[2024-01-14T15:08:07.403+0000] {logging_mixin.py:120} INFO - [2024-01-14T15:08:07.403+0000] {dagbag.py:537} INFO - Filling up the DagBag from /home/airflow/.local/lib/python3.7/site-packages/airflow/example_dags/example_time_delta_sensor_async.py
[2024-01-14T15:08:07.411+0000] {processor.py:766} INFO - DAG(s) dict_keys(['example_time_delta_sensor_async']) retrieved from /home/airflow/.local/lib/python3.7/site-packages/airflow/example_dags/example_time_delta_sensor_async.py
[2024-01-14T15:08:07.535+0000] {logging_mixin.py:120} INFO - [2024-01-14T15:08:07.535+0000] {dag.py:2585} INFO - Sync 1 DAGs
[2024-01-14T15:08:07.552+0000] {logging_mixin.py:120} INFO - [2024-01-14T15:08:07.552+0000] {dag.py:3340} INFO - Setting next_dagrun for example_time_delta_sensor_async to None, run_after=None
[2024-01-14T15:08:07.568+0000] {processor.py:176} INFO - Processing /home/airflow/.local/lib/python3.7/site-packages/airflow/example_dags/example_time_delta_sensor_async.py took 0.168 seconds
[2024-01-14T15:08:38.474+0000] {processor.py:154} INFO - Started process (PID=1091) to work on /home/airflow/.local/lib/python3.7/site-packages/airflow/example_dags/example_time_delta_sensor_async.py
[2024-01-14T15:08:38.475+0000] {processor.py:756} INFO - Processing file /home/airflow/.local/lib/python3.7/site-packages/airflow/example_dags/example_time_delta_sensor_async.py for tasks to queue
[2024-01-14T15:08:38.476+0000] {logging_mixin.py:120} INFO - [2024-01-14T15:08:38.476+0000] {dagbag.py:537} INFO - Filling up the DagBag from /home/airflow/.local/lib/python3.7/site-packages/airflow/example_dags/example_time_delta_sensor_async.py
[2024-01-14T15:08:38.488+0000] {processor.py:766} INFO - DAG(s) dict_keys(['example_time_delta_sensor_async']) retrieved from /home/airflow/.local/lib/python3.7/site-packages/airflow/example_dags/example_time_delta_sensor_async.py
[2024-01-14T15:08:38.596+0000] {logging_mixin.py:120} INFO - [2024-01-14T15:08:38.596+0000] {dag.py:2585} INFO - Sync 1 DAGs
[2024-01-14T15:08:38.611+0000] {logging_mixin.py:120} INFO - [2024-01-14T15:08:38.611+0000] {dag.py:3340} INFO - Setting next_dagrun for example_time_delta_sensor_async to None, run_after=None
[2024-01-14T15:08:38.622+0000] {processor.py:176} INFO - Processing /home/airflow/.local/lib/python3.7/site-packages/airflow/example_dags/example_time_delta_sensor_async.py took 0.153 seconds
[2024-01-14T15:09:09.412+0000] {processor.py:154} INFO - Started process (PID=1154) to work on /home/airflow/.local/lib/python3.7/site-packages/airflow/example_dags/example_time_delta_sensor_async.py
[2024-01-14T15:09:09.413+0000] {processor.py:756} INFO - Processing file /home/airflow/.local/lib/python3.7/site-packages/airflow/example_dags/example_time_delta_sensor_async.py for tasks to queue
[2024-01-14T15:09:09.413+0000] {logging_mixin.py:120} INFO - [2024-01-14T15:09:09.413+0000] {dagbag.py:537} INFO - Filling up the DagBag from /home/airflow/.local/lib/python3.7/site-packages/airflow/example_dags/example_time_delta_sensor_async.py
[2024-01-14T15:09:09.423+0000] {processor.py:766} INFO - DAG(s) dict_keys(['example_time_delta_sensor_async']) retrieved from /home/airflow/.local/lib/python3.7/site-packages/airflow/example_dags/example_time_delta_sensor_async.py
[2024-01-14T15:09:09.535+0000] {logging_mixin.py:120} INFO - [2024-01-14T15:09:09.535+0000] {dag.py:2585} INFO - Sync 1 DAGs
[2024-01-14T15:09:09.551+0000] {logging_mixin.py:120} INFO - [2024-01-14T15:09:09.551+0000] {dag.py:3340} INFO - Setting next_dagrun for example_time_delta_sensor_async to None, run_after=None
[2024-01-14T15:09:09.561+0000] {processor.py:176} INFO - Processing /home/airflow/.local/lib/python3.7/site-packages/airflow/example_dags/example_time_delta_sensor_async.py took 0.151 seconds
[2024-01-14T15:09:40.351+0000] {processor.py:154} INFO - Started process (PID=1217) to work on /home/airflow/.local/lib/python3.7/site-packages/airflow/example_dags/example_time_delta_sensor_async.py
[2024-01-14T15:09:40.352+0000] {processor.py:756} INFO - Processing file /home/airflow/.local/lib/python3.7/site-packages/airflow/example_dags/example_time_delta_sensor_async.py for tasks to queue
[2024-01-14T15:09:40.353+0000] {logging_mixin.py:120} INFO - [2024-01-14T15:09:40.353+0000] {dagbag.py:537} INFO - Filling up the DagBag from /home/airflow/.local/lib/python3.7/site-packages/airflow/example_dags/example_time_delta_sensor_async.py
[2024-01-14T15:09:40.365+0000] {processor.py:766} INFO - DAG(s) dict_keys(['example_time_delta_sensor_async']) retrieved from /home/airflow/.local/lib/python3.7/site-packages/airflow/example_dags/example_time_delta_sensor_async.py
[2024-01-14T15:09:40.475+0000] {logging_mixin.py:120} INFO - [2024-01-14T15:09:40.475+0000] {dag.py:2585} INFO - Sync 1 DAGs
[2024-01-14T15:09:40.491+0000] {logging_mixin.py:120} INFO - [2024-01-14T15:09:40.491+0000] {dag.py:3340} INFO - Setting next_dagrun for example_time_delta_sensor_async to None, run_after=None
[2024-01-14T15:09:40.504+0000] {processor.py:176} INFO - Processing /home/airflow/.local/lib/python3.7/site-packages/airflow/example_dags/example_time_delta_sensor_async.py took 0.157 seconds
[2024-01-14T15:10:11.382+0000] {processor.py:154} INFO - Started process (PID=1280) to work on /home/airflow/.local/lib/python3.7/site-packages/airflow/example_dags/example_time_delta_sensor_async.py
[2024-01-14T15:10:11.383+0000] {processor.py:756} INFO - Processing file /home/airflow/.local/lib/python3.7/site-packages/airflow/example_dags/example_time_delta_sensor_async.py for tasks to queue
[2024-01-14T15:10:11.385+0000] {logging_mixin.py:120} INFO - [2024-01-14T15:10:11.385+0000] {dagbag.py:537} INFO - Filling up the DagBag from /home/airflow/.local/lib/python3.7/site-packages/airflow/example_dags/example_time_delta_sensor_async.py
[2024-01-14T15:10:11.398+0000] {processor.py:766} INFO - DAG(s) dict_keys(['example_time_delta_sensor_async']) retrieved from /home/airflow/.local/lib/python3.7/site-packages/airflow/example_dags/example_time_delta_sensor_async.py
[2024-01-14T15:10:11.510+0000] {logging_mixin.py:120} INFO - [2024-01-14T15:10:11.510+0000] {dag.py:2585} INFO - Sync 1 DAGs
[2024-01-14T15:10:11.525+0000] {logging_mixin.py:120} INFO - [2024-01-14T15:10:11.524+0000] {dag.py:3340} INFO - Setting next_dagrun for example_time_delta_sensor_async to None, run_after=None
[2024-01-14T15:10:11.535+0000] {processor.py:176} INFO - Processing /home/airflow/.local/lib/python3.7/site-packages/airflow/example_dags/example_time_delta_sensor_async.py took 0.156 seconds
[2024-01-14T15:10:42.231+0000] {processor.py:154} INFO - Started process (PID=1343) to work on /home/airflow/.local/lib/python3.7/site-packages/airflow/example_dags/example_time_delta_sensor_async.py
[2024-01-14T15:10:42.233+0000] {processor.py:756} INFO - Processing file /home/airflow/.local/lib/python3.7/site-packages/airflow/example_dags/example_time_delta_sensor_async.py for tasks to queue
[2024-01-14T15:10:42.234+0000] {logging_mixin.py:120} INFO - [2024-01-14T15:10:42.233+0000] {dagbag.py:537} INFO - Filling up the DagBag from /home/airflow/.local/lib/python3.7/site-packages/airflow/example_dags/example_time_delta_sensor_async.py
[2024-01-14T15:10:42.246+0000] {processor.py:766} INFO - DAG(s) dict_keys(['example_time_delta_sensor_async']) retrieved from /home/airflow/.local/lib/python3.7/site-packages/airflow/example_dags/example_time_delta_sensor_async.py
[2024-01-14T15:10:42.357+0000] {logging_mixin.py:120} INFO - [2024-01-14T15:10:42.357+0000] {dag.py:2585} INFO - Sync 1 DAGs
[2024-01-14T15:10:42.373+0000] {logging_mixin.py:120} INFO - [2024-01-14T15:10:42.372+0000] {dag.py:3340} INFO - Setting next_dagrun for example_time_delta_sensor_async to None, run_after=None
[2024-01-14T15:10:42.384+0000] {processor.py:176} INFO - Processing /home/airflow/.local/lib/python3.7/site-packages/airflow/example_dags/example_time_delta_sensor_async.py took 0.157 seconds
[2024-01-14T15:11:44.281+0000] {processor.py:154} INFO - Started process (PID=1469) to work on /home/airflow/.local/lib/python3.7/site-packages/airflow/example_dags/example_time_delta_sensor_async.py
[2024-01-14T15:11:44.281+0000] {processor.py:756} INFO - Processing file /home/airflow/.local/lib/python3.7/site-packages/airflow/example_dags/example_time_delta_sensor_async.py for tasks to queue
[2024-01-14T15:11:44.282+0000] {logging_mixin.py:120} INFO - [2024-01-14T15:11:44.282+0000] {dagbag.py:537} INFO - Filling up the DagBag from /home/airflow/.local/lib/python3.7/site-packages/airflow/example_dags/example_time_delta_sensor_async.py
[2024-01-14T15:11:44.291+0000] {processor.py:766} INFO - DAG(s) dict_keys(['example_time_delta_sensor_async']) retrieved from /home/airflow/.local/lib/python3.7/site-packages/airflow/example_dags/example_time_delta_sensor_async.py
[2024-01-14T15:11:44.405+0000] {logging_mixin.py:120} INFO - [2024-01-14T15:11:44.405+0000] {dag.py:2585} INFO - Sync 1 DAGs
[2024-01-14T15:11:44.420+0000] {logging_mixin.py:120} INFO - [2024-01-14T15:11:44.420+0000] {dag.py:3340} INFO - Setting next_dagrun for example_time_delta_sensor_async to None, run_after=None
[2024-01-14T15:11:44.431+0000] {processor.py:176} INFO - Processing /home/airflow/.local/lib/python3.7/site-packages/airflow/example_dags/example_time_delta_sensor_async.py took 0.153 seconds
[2024-01-14T15:12:15.349+0000] {processor.py:154} INFO - Started process (PID=1523) to work on /home/airflow/.local/lib/python3.7/site-packages/airflow/example_dags/example_time_delta_sensor_async.py
[2024-01-14T15:12:15.350+0000] {processor.py:756} INFO - Processing file /home/airflow/.local/lib/python3.7/site-packages/airflow/example_dags/example_time_delta_sensor_async.py for tasks to queue
[2024-01-14T15:12:15.350+0000] {logging_mixin.py:120} INFO - [2024-01-14T15:12:15.350+0000] {dagbag.py:537} INFO - Filling up the DagBag from /home/airflow/.local/lib/python3.7/site-packages/airflow/example_dags/example_time_delta_sensor_async.py
[2024-01-14T15:12:15.358+0000] {processor.py:766} INFO - DAG(s) dict_keys(['example_time_delta_sensor_async']) retrieved from /home/airflow/.local/lib/python3.7/site-packages/airflow/example_dags/example_time_delta_sensor_async.py
[2024-01-14T15:12:15.467+0000] {logging_mixin.py:120} INFO - [2024-01-14T15:12:15.467+0000] {dag.py:2585} INFO - Sync 1 DAGs
[2024-01-14T15:12:15.482+0000] {logging_mixin.py:120} INFO - [2024-01-14T15:12:15.482+0000] {dag.py:3340} INFO - Setting next_dagrun for example_time_delta_sensor_async to None, run_after=None
[2024-01-14T15:12:15.493+0000] {processor.py:176} INFO - Processing /home/airflow/.local/lib/python3.7/site-packages/airflow/example_dags/example_time_delta_sensor_async.py took 0.147 seconds
[2024-01-14T15:12:46.197+0000] {processor.py:154} INFO - Started process (PID=1586) to work on /home/airflow/.local/lib/python3.7/site-packages/airflow/example_dags/example_time_delta_sensor_async.py
[2024-01-14T15:12:46.198+0000] {processor.py:756} INFO - Processing file /home/airflow/.local/lib/python3.7/site-packages/airflow/example_dags/example_time_delta_sensor_async.py for tasks to queue
[2024-01-14T15:12:46.199+0000] {logging_mixin.py:120} INFO - [2024-01-14T15:12:46.199+0000] {dagbag.py:537} INFO - Filling up the DagBag from /home/airflow/.local/lib/python3.7/site-packages/airflow/example_dags/example_time_delta_sensor_async.py
[2024-01-14T15:12:46.209+0000] {processor.py:766} INFO - DAG(s) dict_keys(['example_time_delta_sensor_async']) retrieved from /home/airflow/.local/lib/python3.7/site-packages/airflow/example_dags/example_time_delta_sensor_async.py
[2024-01-14T15:12:46.320+0000] {logging_mixin.py:120} INFO - [2024-01-14T15:12:46.320+0000] {dag.py:2585} INFO - Sync 1 DAGs
[2024-01-14T15:12:46.336+0000] {logging_mixin.py:120} INFO - [2024-01-14T15:12:46.335+0000] {dag.py:3340} INFO - Setting next_dagrun for example_time_delta_sensor_async to None, run_after=None
[2024-01-14T15:12:46.347+0000] {processor.py:176} INFO - Processing /home/airflow/.local/lib/python3.7/site-packages/airflow/example_dags/example_time_delta_sensor_async.py took 0.153 seconds
[2024-01-14T15:13:17.159+0000] {processor.py:154} INFO - Started process (PID=1649) to work on /home/airflow/.local/lib/python3.7/site-packages/airflow/example_dags/example_time_delta_sensor_async.py
[2024-01-14T15:13:17.160+0000] {processor.py:756} INFO - Processing file /home/airflow/.local/lib/python3.7/site-packages/airflow/example_dags/example_time_delta_sensor_async.py for tasks to queue
[2024-01-14T15:13:17.161+0000] {logging_mixin.py:120} INFO - [2024-01-14T15:13:17.161+0000] {dagbag.py:537} INFO - Filling up the DagBag from /home/airflow/.local/lib/python3.7/site-packages/airflow/example_dags/example_time_delta_sensor_async.py
[2024-01-14T15:13:17.174+0000] {processor.py:766} INFO - DAG(s) dict_keys(['example_time_delta_sensor_async']) retrieved from /home/airflow/.local/lib/python3.7/site-packages/airflow/example_dags/example_time_delta_sensor_async.py
[2024-01-14T15:13:17.283+0000] {logging_mixin.py:120} INFO - [2024-01-14T15:13:17.283+0000] {dag.py:2585} INFO - Sync 1 DAGs
[2024-01-14T15:13:17.300+0000] {logging_mixin.py:120} INFO - [2024-01-14T15:13:17.299+0000] {dag.py:3340} INFO - Setting next_dagrun for example_time_delta_sensor_async to None, run_after=None
[2024-01-14T15:13:17.311+0000] {processor.py:176} INFO - Processing /home/airflow/.local/lib/python3.7/site-packages/airflow/example_dags/example_time_delta_sensor_async.py took 0.156 seconds
[2024-01-14T15:13:48.129+0000] {processor.py:154} INFO - Started process (PID=1712) to work on /home/airflow/.local/lib/python3.7/site-packages/airflow/example_dags/example_time_delta_sensor_async.py
[2024-01-14T15:13:48.131+0000] {processor.py:756} INFO - Processing file /home/airflow/.local/lib/python3.7/site-packages/airflow/example_dags/example_time_delta_sensor_async.py for tasks to queue
[2024-01-14T15:13:48.131+0000] {logging_mixin.py:120} INFO - [2024-01-14T15:13:48.131+0000] {dagbag.py:537} INFO - Filling up the DagBag from /home/airflow/.local/lib/python3.7/site-packages/airflow/example_dags/example_time_delta_sensor_async.py
[2024-01-14T15:13:48.143+0000] {processor.py:766} INFO - DAG(s) dict_keys(['example_time_delta_sensor_async']) retrieved from /home/airflow/.local/lib/python3.7/site-packages/airflow/example_dags/example_time_delta_sensor_async.py
[2024-01-14T15:13:48.257+0000] {logging_mixin.py:120} INFO - [2024-01-14T15:13:48.256+0000] {dag.py:2585} INFO - Sync 1 DAGs
[2024-01-14T15:13:48.272+0000] {logging_mixin.py:120} INFO - [2024-01-14T15:13:48.272+0000] {dag.py:3340} INFO - Setting next_dagrun for example_time_delta_sensor_async to None, run_after=None
[2024-01-14T15:13:48.283+0000] {processor.py:176} INFO - Processing /home/airflow/.local/lib/python3.7/site-packages/airflow/example_dags/example_time_delta_sensor_async.py took 0.159 seconds
[2024-01-14T15:14:19.107+0000] {processor.py:154} INFO - Started process (PID=1775) to work on /home/airflow/.local/lib/python3.7/site-packages/airflow/example_dags/example_time_delta_sensor_async.py
[2024-01-14T15:14:19.108+0000] {processor.py:756} INFO - Processing file /home/airflow/.local/lib/python3.7/site-packages/airflow/example_dags/example_time_delta_sensor_async.py for tasks to queue
[2024-01-14T15:14:19.109+0000] {logging_mixin.py:120} INFO - [2024-01-14T15:14:19.109+0000] {dagbag.py:537} INFO - Filling up the DagBag from /home/airflow/.local/lib/python3.7/site-packages/airflow/example_dags/example_time_delta_sensor_async.py
[2024-01-14T15:14:19.120+0000] {processor.py:766} INFO - DAG(s) dict_keys(['example_time_delta_sensor_async']) retrieved from /home/airflow/.local/lib/python3.7/site-packages/airflow/example_dags/example_time_delta_sensor_async.py
[2024-01-14T15:14:19.233+0000] {logging_mixin.py:120} INFO - [2024-01-14T15:14:19.233+0000] {dag.py:2585} INFO - Sync 1 DAGs
[2024-01-14T15:14:19.248+0000] {logging_mixin.py:120} INFO - [2024-01-14T15:14:19.248+0000] {dag.py:3340} INFO - Setting next_dagrun for example_time_delta_sensor_async to None, run_after=None
[2024-01-14T15:14:19.259+0000] {processor.py:176} INFO - Processing /home/airflow/.local/lib/python3.7/site-packages/airflow/example_dags/example_time_delta_sensor_async.py took 0.157 seconds
[2024-01-14T15:14:50.072+0000] {processor.py:154} INFO - Started process (PID=1838) to work on /home/airflow/.local/lib/python3.7/site-packages/airflow/example_dags/example_time_delta_sensor_async.py
[2024-01-14T15:14:50.073+0000] {processor.py:756} INFO - Processing file /home/airflow/.local/lib/python3.7/site-packages/airflow/example_dags/example_time_delta_sensor_async.py for tasks to queue
[2024-01-14T15:14:50.074+0000] {logging_mixin.py:120} INFO - [2024-01-14T15:14:50.074+0000] {dagbag.py:537} INFO - Filling up the DagBag from /home/airflow/.local/lib/python3.7/site-packages/airflow/example_dags/example_time_delta_sensor_async.py
[2024-01-14T15:14:50.086+0000] {processor.py:766} INFO - DAG(s) dict_keys(['example_time_delta_sensor_async']) retrieved from /home/airflow/.local/lib/python3.7/site-packages/airflow/example_dags/example_time_delta_sensor_async.py
[2024-01-14T15:14:50.205+0000] {logging_mixin.py:120} INFO - [2024-01-14T15:14:50.204+0000] {dag.py:2585} INFO - Sync 1 DAGs
[2024-01-14T15:14:50.220+0000] {logging_mixin.py:120} INFO - [2024-01-14T15:14:50.220+0000] {dag.py:3340} INFO - Setting next_dagrun for example_time_delta_sensor_async to None, run_after=None
[2024-01-14T15:14:50.232+0000] {processor.py:176} INFO - Processing /home/airflow/.local/lib/python3.7/site-packages/airflow/example_dags/example_time_delta_sensor_async.py took 0.164 seconds
[2024-01-14T15:15:20.952+0000] {processor.py:154} INFO - Started process (PID=1901) to work on /home/airflow/.local/lib/python3.7/site-packages/airflow/example_dags/example_time_delta_sensor_async.py
[2024-01-14T15:15:20.952+0000] {processor.py:756} INFO - Processing file /home/airflow/.local/lib/python3.7/site-packages/airflow/example_dags/example_time_delta_sensor_async.py for tasks to queue
[2024-01-14T15:15:20.953+0000] {logging_mixin.py:120} INFO - [2024-01-14T15:15:20.953+0000] {dagbag.py:537} INFO - Filling up the DagBag from /home/airflow/.local/lib/python3.7/site-packages/airflow/example_dags/example_time_delta_sensor_async.py
[2024-01-14T15:15:20.962+0000] {processor.py:766} INFO - DAG(s) dict_keys(['example_time_delta_sensor_async']) retrieved from /home/airflow/.local/lib/python3.7/site-packages/airflow/example_dags/example_time_delta_sensor_async.py
[2024-01-14T15:15:21.071+0000] {logging_mixin.py:120} INFO - [2024-01-14T15:15:21.071+0000] {dag.py:2585} INFO - Sync 1 DAGs
[2024-01-14T15:15:21.086+0000] {logging_mixin.py:120} INFO - [2024-01-14T15:15:21.086+0000] {dag.py:3340} INFO - Setting next_dagrun for example_time_delta_sensor_async to None, run_after=None
[2024-01-14T15:15:21.097+0000] {processor.py:176} INFO - Processing /home/airflow/.local/lib/python3.7/site-packages/airflow/example_dags/example_time_delta_sensor_async.py took 0.147 seconds
[2024-01-14T15:15:51.125+0000] {processor.py:154} INFO - Started process (PID=1954) to work on /home/airflow/.local/lib/python3.7/site-packages/airflow/example_dags/example_time_delta_sensor_async.py
[2024-01-14T15:15:51.127+0000] {processor.py:756} INFO - Processing file /home/airflow/.local/lib/python3.7/site-packages/airflow/example_dags/example_time_delta_sensor_async.py for tasks to queue
[2024-01-14T15:15:51.128+0000] {logging_mixin.py:120} INFO - [2024-01-14T15:15:51.128+0000] {dagbag.py:537} INFO - Filling up the DagBag from /home/airflow/.local/lib/python3.7/site-packages/airflow/example_dags/example_time_delta_sensor_async.py
[2024-01-14T15:15:51.146+0000] {processor.py:766} INFO - DAG(s) dict_keys(['example_time_delta_sensor_async']) retrieved from /home/airflow/.local/lib/python3.7/site-packages/airflow/example_dags/example_time_delta_sensor_async.py
[2024-01-14T15:15:51.274+0000] {logging_mixin.py:120} INFO - [2024-01-14T15:15:51.274+0000] {dag.py:2585} INFO - Sync 1 DAGs
[2024-01-14T15:15:51.291+0000] {logging_mixin.py:120} INFO - [2024-01-14T15:15:51.290+0000] {dag.py:3340} INFO - Setting next_dagrun for example_time_delta_sensor_async to None, run_after=None
[2024-01-14T15:15:51.302+0000] {processor.py:176} INFO - Processing /home/airflow/.local/lib/python3.7/site-packages/airflow/example_dags/example_time_delta_sensor_async.py took 0.181 seconds
[2024-01-14T15:16:22.186+0000] {processor.py:154} INFO - Started process (PID=2018) to work on /home/airflow/.local/lib/python3.7/site-packages/airflow/example_dags/example_time_delta_sensor_async.py
[2024-01-14T15:16:22.188+0000] {processor.py:756} INFO - Processing file /home/airflow/.local/lib/python3.7/site-packages/airflow/example_dags/example_time_delta_sensor_async.py for tasks to queue
[2024-01-14T15:16:22.189+0000] {logging_mixin.py:120} INFO - [2024-01-14T15:16:22.188+0000] {dagbag.py:537} INFO - Filling up the DagBag from /home/airflow/.local/lib/python3.7/site-packages/airflow/example_dags/example_time_delta_sensor_async.py
[2024-01-14T15:16:22.201+0000] {processor.py:766} INFO - DAG(s) dict_keys(['example_time_delta_sensor_async']) retrieved from /home/airflow/.local/lib/python3.7/site-packages/airflow/example_dags/example_time_delta_sensor_async.py
[2024-01-14T15:16:22.313+0000] {logging_mixin.py:120} INFO - [2024-01-14T15:16:22.312+0000] {dag.py:2585} INFO - Sync 1 DAGs
[2024-01-14T15:16:22.327+0000] {logging_mixin.py:120} INFO - [2024-01-14T15:16:22.327+0000] {dag.py:3340} INFO - Setting next_dagrun for example_time_delta_sensor_async to None, run_after=None
[2024-01-14T15:16:22.340+0000] {processor.py:176} INFO - Processing /home/airflow/.local/lib/python3.7/site-packages/airflow/example_dags/example_time_delta_sensor_async.py took 0.158 seconds
[2024-01-14T15:16:53.272+0000] {processor.py:154} INFO - Started process (PID=2081) to work on /home/airflow/.local/lib/python3.7/site-packages/airflow/example_dags/example_time_delta_sensor_async.py
[2024-01-14T15:16:53.273+0000] {processor.py:756} INFO - Processing file /home/airflow/.local/lib/python3.7/site-packages/airflow/example_dags/example_time_delta_sensor_async.py for tasks to queue
[2024-01-14T15:16:53.274+0000] {logging_mixin.py:120} INFO - [2024-01-14T15:16:53.274+0000] {dagbag.py:537} INFO - Filling up the DagBag from /home/airflow/.local/lib/python3.7/site-packages/airflow/example_dags/example_time_delta_sensor_async.py
[2024-01-14T15:16:53.288+0000] {processor.py:766} INFO - DAG(s) dict_keys(['example_time_delta_sensor_async']) retrieved from /home/airflow/.local/lib/python3.7/site-packages/airflow/example_dags/example_time_delta_sensor_async.py
[2024-01-14T15:16:53.396+0000] {logging_mixin.py:120} INFO - [2024-01-14T15:16:53.396+0000] {dag.py:2585} INFO - Sync 1 DAGs
[2024-01-14T15:16:53.411+0000] {logging_mixin.py:120} INFO - [2024-01-14T15:16:53.411+0000] {dag.py:3340} INFO - Setting next_dagrun for example_time_delta_sensor_async to None, run_after=None
[2024-01-14T15:16:53.422+0000] {processor.py:176} INFO - Processing /home/airflow/.local/lib/python3.7/site-packages/airflow/example_dags/example_time_delta_sensor_async.py took 0.155 seconds
[2024-01-14T15:17:24.382+0000] {processor.py:154} INFO - Started process (PID=2144) to work on /home/airflow/.local/lib/python3.7/site-packages/airflow/example_dags/example_time_delta_sensor_async.py
[2024-01-14T15:17:24.383+0000] {processor.py:756} INFO - Processing file /home/airflow/.local/lib/python3.7/site-packages/airflow/example_dags/example_time_delta_sensor_async.py for tasks to queue
[2024-01-14T15:17:24.384+0000] {logging_mixin.py:120} INFO - [2024-01-14T15:17:24.384+0000] {dagbag.py:537} INFO - Filling up the DagBag from /home/airflow/.local/lib/python3.7/site-packages/airflow/example_dags/example_time_delta_sensor_async.py
[2024-01-14T15:17:24.397+0000] {processor.py:766} INFO - DAG(s) dict_keys(['example_time_delta_sensor_async']) retrieved from /home/airflow/.local/lib/python3.7/site-packages/airflow/example_dags/example_time_delta_sensor_async.py
[2024-01-14T15:17:24.510+0000] {logging_mixin.py:120} INFO - [2024-01-14T15:17:24.510+0000] {dag.py:2585} INFO - Sync 1 DAGs
[2024-01-14T15:17:24.525+0000] {logging_mixin.py:120} INFO - [2024-01-14T15:17:24.525+0000] {dag.py:3340} INFO - Setting next_dagrun for example_time_delta_sensor_async to None, run_after=None
[2024-01-14T15:17:24.536+0000] {processor.py:176} INFO - Processing /home/airflow/.local/lib/python3.7/site-packages/airflow/example_dags/example_time_delta_sensor_async.py took 0.159 seconds
[2024-01-14T15:17:54.630+0000] {processor.py:154} INFO - Started process (PID=2207) to work on /home/airflow/.local/lib/python3.7/site-packages/airflow/example_dags/example_time_delta_sensor_async.py
[2024-01-14T15:17:54.632+0000] {processor.py:756} INFO - Processing file /home/airflow/.local/lib/python3.7/site-packages/airflow/example_dags/example_time_delta_sensor_async.py for tasks to queue
[2024-01-14T15:17:54.632+0000] {logging_mixin.py:120} INFO - [2024-01-14T15:17:54.632+0000] {dagbag.py:537} INFO - Filling up the DagBag from /home/airflow/.local/lib/python3.7/site-packages/airflow/example_dags/example_time_delta_sensor_async.py
[2024-01-14T15:17:54.644+0000] {processor.py:766} INFO - DAG(s) dict_keys(['example_time_delta_sensor_async']) retrieved from /home/airflow/.local/lib/python3.7/site-packages/airflow/example_dags/example_time_delta_sensor_async.py
[2024-01-14T15:17:54.760+0000] {logging_mixin.py:120} INFO - [2024-01-14T15:17:54.760+0000] {dag.py:2585} INFO - Sync 1 DAGs
[2024-01-14T15:17:54.775+0000] {logging_mixin.py:120} INFO - [2024-01-14T15:17:54.775+0000] {dag.py:3340} INFO - Setting next_dagrun for example_time_delta_sensor_async to None, run_after=None
[2024-01-14T15:17:54.786+0000] {processor.py:176} INFO - Processing /home/airflow/.local/lib/python3.7/site-packages/airflow/example_dags/example_time_delta_sensor_async.py took 0.158 seconds
[2024-01-14T15:18:25.700+0000] {processor.py:154} INFO - Started process (PID=2270) to work on /home/airflow/.local/lib/python3.7/site-packages/airflow/example_dags/example_time_delta_sensor_async.py
[2024-01-14T15:18:25.702+0000] {processor.py:756} INFO - Processing file /home/airflow/.local/lib/python3.7/site-packages/airflow/example_dags/example_time_delta_sensor_async.py for tasks to queue
[2024-01-14T15:18:25.703+0000] {logging_mixin.py:120} INFO - [2024-01-14T15:18:25.702+0000] {dagbag.py:537} INFO - Filling up the DagBag from /home/airflow/.local/lib/python3.7/site-packages/airflow/example_dags/example_time_delta_sensor_async.py
[2024-01-14T15:18:25.715+0000] {processor.py:766} INFO - DAG(s) dict_keys(['example_time_delta_sensor_async']) retrieved from /home/airflow/.local/lib/python3.7/site-packages/airflow/example_dags/example_time_delta_sensor_async.py
[2024-01-14T15:18:25.827+0000] {logging_mixin.py:120} INFO - [2024-01-14T15:18:25.827+0000] {dag.py:2585} INFO - Sync 1 DAGs
[2024-01-14T15:18:25.842+0000] {logging_mixin.py:120} INFO - [2024-01-14T15:18:25.842+0000] {dag.py:3340} INFO - Setting next_dagrun for example_time_delta_sensor_async to None, run_after=None
[2024-01-14T15:18:25.853+0000] {processor.py:176} INFO - Processing /home/airflow/.local/lib/python3.7/site-packages/airflow/example_dags/example_time_delta_sensor_async.py took 0.158 seconds
[2024-01-14T15:18:56.544+0000] {processor.py:154} INFO - Started process (PID=2331) to work on /home/airflow/.local/lib/python3.7/site-packages/airflow/example_dags/example_time_delta_sensor_async.py
[2024-01-14T15:18:56.544+0000] {processor.py:756} INFO - Processing file /home/airflow/.local/lib/python3.7/site-packages/airflow/example_dags/example_time_delta_sensor_async.py for tasks to queue
[2024-01-14T15:18:56.545+0000] {logging_mixin.py:120} INFO - [2024-01-14T15:18:56.545+0000] {dagbag.py:537} INFO - Filling up the DagBag from /home/airflow/.local/lib/python3.7/site-packages/airflow/example_dags/example_time_delta_sensor_async.py
[2024-01-14T15:18:56.557+0000] {processor.py:766} INFO - DAG(s) dict_keys(['example_time_delta_sensor_async']) retrieved from /home/airflow/.local/lib/python3.7/site-packages/airflow/example_dags/example_time_delta_sensor_async.py
[2024-01-14T15:18:56.674+0000] {logging_mixin.py:120} INFO - [2024-01-14T15:18:56.674+0000] {dag.py:2585} INFO - Sync 1 DAGs
[2024-01-14T15:18:56.692+0000] {logging_mixin.py:120} INFO - [2024-01-14T15:18:56.691+0000] {dag.py:3340} INFO - Setting next_dagrun for example_time_delta_sensor_async to None, run_after=None
[2024-01-14T15:18:56.704+0000] {processor.py:176} INFO - Processing /home/airflow/.local/lib/python3.7/site-packages/airflow/example_dags/example_time_delta_sensor_async.py took 0.163 seconds
[2024-01-14T15:19:27.567+0000] {processor.py:154} INFO - Started process (PID=2387) to work on /home/airflow/.local/lib/python3.7/site-packages/airflow/example_dags/example_time_delta_sensor_async.py
[2024-01-14T15:19:27.568+0000] {processor.py:756} INFO - Processing file /home/airflow/.local/lib/python3.7/site-packages/airflow/example_dags/example_time_delta_sensor_async.py for tasks to queue
[2024-01-14T15:19:27.569+0000] {logging_mixin.py:120} INFO - [2024-01-14T15:19:27.569+0000] {dagbag.py:537} INFO - Filling up the DagBag from /home/airflow/.local/lib/python3.7/site-packages/airflow/example_dags/example_time_delta_sensor_async.py
[2024-01-14T15:19:27.581+0000] {processor.py:766} INFO - DAG(s) dict_keys(['example_time_delta_sensor_async']) retrieved from /home/airflow/.local/lib/python3.7/site-packages/airflow/example_dags/example_time_delta_sensor_async.py
[2024-01-14T15:19:27.699+0000] {logging_mixin.py:120} INFO - [2024-01-14T15:19:27.699+0000] {dag.py:2585} INFO - Sync 1 DAGs
[2024-01-14T15:19:27.713+0000] {logging_mixin.py:120} INFO - [2024-01-14T15:19:27.713+0000] {dag.py:3340} INFO - Setting next_dagrun for example_time_delta_sensor_async to None, run_after=None
[2024-01-14T15:19:27.724+0000] {processor.py:176} INFO - Processing /home/airflow/.local/lib/python3.7/site-packages/airflow/example_dags/example_time_delta_sensor_async.py took 0.161 seconds
[2024-01-14T15:19:57.790+0000] {processor.py:154} INFO - Started process (PID=2450) to work on /home/airflow/.local/lib/python3.7/site-packages/airflow/example_dags/example_time_delta_sensor_async.py
[2024-01-14T15:19:57.791+0000] {processor.py:756} INFO - Processing file /home/airflow/.local/lib/python3.7/site-packages/airflow/example_dags/example_time_delta_sensor_async.py for tasks to queue
[2024-01-14T15:19:57.792+0000] {logging_mixin.py:120} INFO - [2024-01-14T15:19:57.792+0000] {dagbag.py:537} INFO - Filling up the DagBag from /home/airflow/.local/lib/python3.7/site-packages/airflow/example_dags/example_time_delta_sensor_async.py
[2024-01-14T15:19:57.804+0000] {processor.py:766} INFO - DAG(s) dict_keys(['example_time_delta_sensor_async']) retrieved from /home/airflow/.local/lib/python3.7/site-packages/airflow/example_dags/example_time_delta_sensor_async.py
[2024-01-14T15:19:57.915+0000] {logging_mixin.py:120} INFO - [2024-01-14T15:19:57.915+0000] {dag.py:2585} INFO - Sync 1 DAGs
[2024-01-14T15:19:57.930+0000] {logging_mixin.py:120} INFO - [2024-01-14T15:19:57.930+0000] {dag.py:3340} INFO - Setting next_dagrun for example_time_delta_sensor_async to None, run_after=None
[2024-01-14T15:19:57.941+0000] {processor.py:176} INFO - Processing /home/airflow/.local/lib/python3.7/site-packages/airflow/example_dags/example_time_delta_sensor_async.py took 0.156 seconds
[2024-01-14T15:20:28.701+0000] {processor.py:154} INFO - Started process (PID=2513) to work on /home/airflow/.local/lib/python3.7/site-packages/airflow/example_dags/example_time_delta_sensor_async.py
[2024-01-14T15:20:28.702+0000] {processor.py:756} INFO - Processing file /home/airflow/.local/lib/python3.7/site-packages/airflow/example_dags/example_time_delta_sensor_async.py for tasks to queue
[2024-01-14T15:20:28.703+0000] {logging_mixin.py:120} INFO - [2024-01-14T15:20:28.703+0000] {dagbag.py:537} INFO - Filling up the DagBag from /home/airflow/.local/lib/python3.7/site-packages/airflow/example_dags/example_time_delta_sensor_async.py
[2024-01-14T15:20:28.713+0000] {processor.py:766} INFO - DAG(s) dict_keys(['example_time_delta_sensor_async']) retrieved from /home/airflow/.local/lib/python3.7/site-packages/airflow/example_dags/example_time_delta_sensor_async.py
[2024-01-14T15:20:28.830+0000] {logging_mixin.py:120} INFO - [2024-01-14T15:20:28.829+0000] {dag.py:2585} INFO - Sync 1 DAGs
[2024-01-14T15:20:28.846+0000] {logging_mixin.py:120} INFO - [2024-01-14T15:20:28.846+0000] {dag.py:3340} INFO - Setting next_dagrun for example_time_delta_sensor_async to None, run_after=None
[2024-01-14T15:20:28.858+0000] {processor.py:176} INFO - Processing /home/airflow/.local/lib/python3.7/site-packages/airflow/example_dags/example_time_delta_sensor_async.py took 0.159 seconds
[2024-01-14T15:20:59.593+0000] {processor.py:154} INFO - Started process (PID=2576) to work on /home/airflow/.local/lib/python3.7/site-packages/airflow/example_dags/example_time_delta_sensor_async.py
[2024-01-14T15:20:59.594+0000] {processor.py:756} INFO - Processing file /home/airflow/.local/lib/python3.7/site-packages/airflow/example_dags/example_time_delta_sensor_async.py for tasks to queue
[2024-01-14T15:20:59.594+0000] {logging_mixin.py:120} INFO - [2024-01-14T15:20:59.594+0000] {dagbag.py:537} INFO - Filling up the DagBag from /home/airflow/.local/lib/python3.7/site-packages/airflow/example_dags/example_time_delta_sensor_async.py
[2024-01-14T15:20:59.606+0000] {processor.py:766} INFO - DAG(s) dict_keys(['example_time_delta_sensor_async']) retrieved from /home/airflow/.local/lib/python3.7/site-packages/airflow/example_dags/example_time_delta_sensor_async.py
[2024-01-14T15:20:59.719+0000] {logging_mixin.py:120} INFO - [2024-01-14T15:20:59.719+0000] {dag.py:2585} INFO - Sync 1 DAGs
[2024-01-14T15:20:59.735+0000] {logging_mixin.py:120} INFO - [2024-01-14T15:20:59.735+0000] {dag.py:3340} INFO - Setting next_dagrun for example_time_delta_sensor_async to None, run_after=None
[2024-01-14T15:20:59.746+0000] {processor.py:176} INFO - Processing /home/airflow/.local/lib/python3.7/site-packages/airflow/example_dags/example_time_delta_sensor_async.py took 0.158 seconds
[2024-01-14T15:21:30.674+0000] {processor.py:154} INFO - Started process (PID=2639) to work on /home/airflow/.local/lib/python3.7/site-packages/airflow/example_dags/example_time_delta_sensor_async.py
[2024-01-14T15:21:30.675+0000] {processor.py:756} INFO - Processing file /home/airflow/.local/lib/python3.7/site-packages/airflow/example_dags/example_time_delta_sensor_async.py for tasks to queue
[2024-01-14T15:21:30.676+0000] {logging_mixin.py:120} INFO - [2024-01-14T15:21:30.676+0000] {dagbag.py:537} INFO - Filling up the DagBag from /home/airflow/.local/lib/python3.7/site-packages/airflow/example_dags/example_time_delta_sensor_async.py
[2024-01-14T15:21:30.690+0000] {processor.py:766} INFO - DAG(s) dict_keys(['example_time_delta_sensor_async']) retrieved from /home/airflow/.local/lib/python3.7/site-packages/airflow/example_dags/example_time_delta_sensor_async.py
[2024-01-14T15:21:30.803+0000] {logging_mixin.py:120} INFO - [2024-01-14T15:21:30.803+0000] {dag.py:2585} INFO - Sync 1 DAGs
[2024-01-14T15:21:30.819+0000] {logging_mixin.py:120} INFO - [2024-01-14T15:21:30.818+0000] {dag.py:3340} INFO - Setting next_dagrun for example_time_delta_sensor_async to None, run_after=None
[2024-01-14T15:21:30.830+0000] {processor.py:176} INFO - Processing /home/airflow/.local/lib/python3.7/site-packages/airflow/example_dags/example_time_delta_sensor_async.py took 0.161 seconds
[2024-01-14T15:22:01.586+0000] {processor.py:154} INFO - Started process (PID=2702) to work on /home/airflow/.local/lib/python3.7/site-packages/airflow/example_dags/example_time_delta_sensor_async.py
[2024-01-14T15:22:01.587+0000] {processor.py:756} INFO - Processing file /home/airflow/.local/lib/python3.7/site-packages/airflow/example_dags/example_time_delta_sensor_async.py for tasks to queue
[2024-01-14T15:22:01.588+0000] {logging_mixin.py:120} INFO - [2024-01-14T15:22:01.588+0000] {dagbag.py:537} INFO - Filling up the DagBag from /home/airflow/.local/lib/python3.7/site-packages/airflow/example_dags/example_time_delta_sensor_async.py
[2024-01-14T15:22:01.601+0000] {processor.py:766} INFO - DAG(s) dict_keys(['example_time_delta_sensor_async']) retrieved from /home/airflow/.local/lib/python3.7/site-packages/airflow/example_dags/example_time_delta_sensor_async.py
[2024-01-14T15:22:01.711+0000] {logging_mixin.py:120} INFO - [2024-01-14T15:22:01.711+0000] {dag.py:2585} INFO - Sync 1 DAGs
[2024-01-14T15:22:01.726+0000] {logging_mixin.py:120} INFO - [2024-01-14T15:22:01.726+0000] {dag.py:3340} INFO - Setting next_dagrun for example_time_delta_sensor_async to None, run_after=None
[2024-01-14T15:22:01.737+0000] {processor.py:176} INFO - Processing /home/airflow/.local/lib/python3.7/site-packages/airflow/example_dags/example_time_delta_sensor_async.py took 0.156 seconds
[2024-01-14T15:22:32.575+0000] {processor.py:154} INFO - Started process (PID=2756) to work on /home/airflow/.local/lib/python3.7/site-packages/airflow/example_dags/example_time_delta_sensor_async.py
[2024-01-14T15:22:32.576+0000] {processor.py:756} INFO - Processing file /home/airflow/.local/lib/python3.7/site-packages/airflow/example_dags/example_time_delta_sensor_async.py for tasks to queue
[2024-01-14T15:22:32.577+0000] {logging_mixin.py:120} INFO - [2024-01-14T15:22:32.576+0000] {dagbag.py:537} INFO - Filling up the DagBag from /home/airflow/.local/lib/python3.7/site-packages/airflow/example_dags/example_time_delta_sensor_async.py
[2024-01-14T15:22:32.590+0000] {processor.py:766} INFO - DAG(s) dict_keys(['example_time_delta_sensor_async']) retrieved from /home/airflow/.local/lib/python3.7/site-packages/airflow/example_dags/example_time_delta_sensor_async.py
[2024-01-14T15:22:32.702+0000] {logging_mixin.py:120} INFO - [2024-01-14T15:22:32.702+0000] {dag.py:2585} INFO - Sync 1 DAGs
[2024-01-14T15:22:32.718+0000] {logging_mixin.py:120} INFO - [2024-01-14T15:22:32.718+0000] {dag.py:3340} INFO - Setting next_dagrun for example_time_delta_sensor_async to None, run_after=None
[2024-01-14T15:22:32.730+0000] {processor.py:176} INFO - Processing /home/airflow/.local/lib/python3.7/site-packages/airflow/example_dags/example_time_delta_sensor_async.py took 0.160 seconds
