[2024-01-14T14:59:58.461+0000] {processor.py:154} INFO - Started process (PID=52) to work on /home/airflow/.local/lib/python3.7/site-packages/airflow/example_dags/example_kubernetes_executor.py
[2024-01-14T14:59:58.462+0000] {processor.py:756} INFO - Processing file /home/airflow/.local/lib/python3.7/site-packages/airflow/example_dags/example_kubernetes_executor.py for tasks to queue
[2024-01-14T14:59:58.462+0000] {logging_mixin.py:120} INFO - [2024-01-14T14:59:58.462+0000] {dagbag.py:537} INFO - Filling up the DagBag from /home/airflow/.local/lib/python3.7/site-packages/airflow/example_dags/example_kubernetes_executor.py
[2024-01-14T14:59:58.490+0000] {processor.py:766} INFO - DAG(s) dict_keys(['example_kubernetes_executor']) retrieved from /home/airflow/.local/lib/python3.7/site-packages/airflow/example_dags/example_kubernetes_executor.py
[2024-01-14T14:59:58.599+0000] {logging_mixin.py:120} INFO - [2024-01-14T14:59:58.599+0000] {manager.py:507} INFO - Created Permission View: can read on DAG:example_kubernetes_executor
[2024-01-14T14:59:58.609+0000] {logging_mixin.py:120} INFO - [2024-01-14T14:59:58.609+0000] {manager.py:507} INFO - Created Permission View: can edit on DAG:example_kubernetes_executor
[2024-01-14T14:59:58.620+0000] {logging_mixin.py:120} INFO - [2024-01-14T14:59:58.620+0000] {manager.py:507} INFO - Created Permission View: can delete on DAG:example_kubernetes_executor
[2024-01-14T14:59:58.620+0000] {logging_mixin.py:120} INFO - [2024-01-14T14:59:58.620+0000] {dag.py:2585} INFO - Sync 1 DAGs
[2024-01-14T14:59:58.638+0000] {logging_mixin.py:120} INFO - [2024-01-14T14:59:58.638+0000] {dag.py:2606} INFO - Creating ORM DAG for example_kubernetes_executor
[2024-01-14T14:59:58.648+0000] {logging_mixin.py:120} INFO - [2024-01-14T14:59:58.648+0000] {dag.py:3340} INFO - Setting next_dagrun for example_kubernetes_executor to None, run_after=None
[2024-01-14T14:59:58.662+0000] {processor.py:176} INFO - Processing /home/airflow/.local/lib/python3.7/site-packages/airflow/example_dags/example_kubernetes_executor.py took 0.204 seconds
[2024-01-14T15:00:29.527+0000] {processor.py:154} INFO - Started process (PID=115) to work on /home/airflow/.local/lib/python3.7/site-packages/airflow/example_dags/example_kubernetes_executor.py
[2024-01-14T15:00:29.528+0000] {processor.py:756} INFO - Processing file /home/airflow/.local/lib/python3.7/site-packages/airflow/example_dags/example_kubernetes_executor.py for tasks to queue
[2024-01-14T15:00:29.529+0000] {logging_mixin.py:120} INFO - [2024-01-14T15:00:29.529+0000] {dagbag.py:537} INFO - Filling up the DagBag from /home/airflow/.local/lib/python3.7/site-packages/airflow/example_dags/example_kubernetes_executor.py
[2024-01-14T15:00:29.553+0000] {processor.py:766} INFO - DAG(s) dict_keys(['example_kubernetes_executor']) retrieved from /home/airflow/.local/lib/python3.7/site-packages/airflow/example_dags/example_kubernetes_executor.py
[2024-01-14T15:00:29.582+0000] {logging_mixin.py:120} INFO - [2024-01-14T15:00:29.582+0000] {dag.py:2585} INFO - Sync 1 DAGs
[2024-01-14T15:00:29.597+0000] {logging_mixin.py:120} INFO - [2024-01-14T15:00:29.597+0000] {dag.py:3340} INFO - Setting next_dagrun for example_kubernetes_executor to None, run_after=None
[2024-01-14T15:00:29.607+0000] {processor.py:176} INFO - Processing /home/airflow/.local/lib/python3.7/site-packages/airflow/example_dags/example_kubernetes_executor.py took 0.084 seconds
[2024-01-14T15:00:59.695+0000] {processor.py:154} INFO - Started process (PID=178) to work on /home/airflow/.local/lib/python3.7/site-packages/airflow/example_dags/example_kubernetes_executor.py
[2024-01-14T15:00:59.696+0000] {processor.py:756} INFO - Processing file /home/airflow/.local/lib/python3.7/site-packages/airflow/example_dags/example_kubernetes_executor.py for tasks to queue
[2024-01-14T15:00:59.696+0000] {logging_mixin.py:120} INFO - [2024-01-14T15:00:59.696+0000] {dagbag.py:537} INFO - Filling up the DagBag from /home/airflow/.local/lib/python3.7/site-packages/airflow/example_dags/example_kubernetes_executor.py
[2024-01-14T15:00:59.716+0000] {processor.py:766} INFO - DAG(s) dict_keys(['example_kubernetes_executor']) retrieved from /home/airflow/.local/lib/python3.7/site-packages/airflow/example_dags/example_kubernetes_executor.py
[2024-01-14T15:00:59.743+0000] {logging_mixin.py:120} INFO - [2024-01-14T15:00:59.743+0000] {dag.py:2585} INFO - Sync 1 DAGs
[2024-01-14T15:00:59.758+0000] {logging_mixin.py:120} INFO - [2024-01-14T15:00:59.757+0000] {dag.py:3340} INFO - Setting next_dagrun for example_kubernetes_executor to None, run_after=None
[2024-01-14T15:00:59.768+0000] {processor.py:176} INFO - Processing /home/airflow/.local/lib/python3.7/site-packages/airflow/example_dags/example_kubernetes_executor.py took 0.075 seconds
[2024-01-14T15:01:30.678+0000] {processor.py:154} INFO - Started process (PID=242) to work on /home/airflow/.local/lib/python3.7/site-packages/airflow/example_dags/example_kubernetes_executor.py
[2024-01-14T15:01:30.679+0000] {processor.py:756} INFO - Processing file /home/airflow/.local/lib/python3.7/site-packages/airflow/example_dags/example_kubernetes_executor.py for tasks to queue
[2024-01-14T15:01:30.680+0000] {logging_mixin.py:120} INFO - [2024-01-14T15:01:30.680+0000] {dagbag.py:537} INFO - Filling up the DagBag from /home/airflow/.local/lib/python3.7/site-packages/airflow/example_dags/example_kubernetes_executor.py
[2024-01-14T15:01:30.705+0000] {processor.py:766} INFO - DAG(s) dict_keys(['example_kubernetes_executor']) retrieved from /home/airflow/.local/lib/python3.7/site-packages/airflow/example_dags/example_kubernetes_executor.py
[2024-01-14T15:01:30.738+0000] {logging_mixin.py:120} INFO - [2024-01-14T15:01:30.738+0000] {dag.py:2585} INFO - Sync 1 DAGs
[2024-01-14T15:01:30.755+0000] {logging_mixin.py:120} INFO - [2024-01-14T15:01:30.755+0000] {dag.py:3340} INFO - Setting next_dagrun for example_kubernetes_executor to None, run_after=None
[2024-01-14T15:01:30.767+0000] {processor.py:176} INFO - Processing /home/airflow/.local/lib/python3.7/site-packages/airflow/example_dags/example_kubernetes_executor.py took 0.093 seconds
[2024-01-14T15:02:00.841+0000] {processor.py:154} INFO - Started process (PID=304) to work on /home/airflow/.local/lib/python3.7/site-packages/airflow/example_dags/example_kubernetes_executor.py
[2024-01-14T15:02:00.843+0000] {processor.py:756} INFO - Processing file /home/airflow/.local/lib/python3.7/site-packages/airflow/example_dags/example_kubernetes_executor.py for tasks to queue
[2024-01-14T15:02:00.844+0000] {logging_mixin.py:120} INFO - [2024-01-14T15:02:00.844+0000] {dagbag.py:537} INFO - Filling up the DagBag from /home/airflow/.local/lib/python3.7/site-packages/airflow/example_dags/example_kubernetes_executor.py
[2024-01-14T15:02:00.874+0000] {processor.py:766} INFO - DAG(s) dict_keys(['example_kubernetes_executor']) retrieved from /home/airflow/.local/lib/python3.7/site-packages/airflow/example_dags/example_kubernetes_executor.py
[2024-01-14T15:02:00.900+0000] {logging_mixin.py:120} INFO - [2024-01-14T15:02:00.900+0000] {dag.py:2585} INFO - Sync 1 DAGs
[2024-01-14T15:02:00.914+0000] {logging_mixin.py:120} INFO - [2024-01-14T15:02:00.914+0000] {dag.py:3340} INFO - Setting next_dagrun for example_kubernetes_executor to None, run_after=None
[2024-01-14T15:02:00.925+0000] {processor.py:176} INFO - Processing /home/airflow/.local/lib/python3.7/site-packages/airflow/example_dags/example_kubernetes_executor.py took 0.089 seconds
[2024-01-14T15:02:30.989+0000] {processor.py:154} INFO - Started process (PID=358) to work on /home/airflow/.local/lib/python3.7/site-packages/airflow/example_dags/example_kubernetes_executor.py
[2024-01-14T15:02:30.991+0000] {processor.py:756} INFO - Processing file /home/airflow/.local/lib/python3.7/site-packages/airflow/example_dags/example_kubernetes_executor.py for tasks to queue
[2024-01-14T15:02:30.992+0000] {logging_mixin.py:120} INFO - [2024-01-14T15:02:30.992+0000] {dagbag.py:537} INFO - Filling up the DagBag from /home/airflow/.local/lib/python3.7/site-packages/airflow/example_dags/example_kubernetes_executor.py
[2024-01-14T15:02:31.021+0000] {processor.py:766} INFO - DAG(s) dict_keys(['example_kubernetes_executor']) retrieved from /home/airflow/.local/lib/python3.7/site-packages/airflow/example_dags/example_kubernetes_executor.py
[2024-01-14T15:02:31.051+0000] {logging_mixin.py:120} INFO - [2024-01-14T15:02:31.051+0000] {dag.py:2585} INFO - Sync 1 DAGs
[2024-01-14T15:02:31.066+0000] {logging_mixin.py:120} INFO - [2024-01-14T15:02:31.066+0000] {dag.py:3340} INFO - Setting next_dagrun for example_kubernetes_executor to None, run_after=None
[2024-01-14T15:02:31.078+0000] {processor.py:176} INFO - Processing /home/airflow/.local/lib/python3.7/site-packages/airflow/example_dags/example_kubernetes_executor.py took 0.094 seconds
[2024-01-14T15:03:01.112+0000] {processor.py:154} INFO - Started process (PID=421) to work on /home/airflow/.local/lib/python3.7/site-packages/airflow/example_dags/example_kubernetes_executor.py
[2024-01-14T15:03:01.113+0000] {processor.py:756} INFO - Processing file /home/airflow/.local/lib/python3.7/site-packages/airflow/example_dags/example_kubernetes_executor.py for tasks to queue
[2024-01-14T15:03:01.115+0000] {logging_mixin.py:120} INFO - [2024-01-14T15:03:01.114+0000] {dagbag.py:537} INFO - Filling up the DagBag from /home/airflow/.local/lib/python3.7/site-packages/airflow/example_dags/example_kubernetes_executor.py
[2024-01-14T15:03:01.141+0000] {processor.py:766} INFO - DAG(s) dict_keys(['example_kubernetes_executor']) retrieved from /home/airflow/.local/lib/python3.7/site-packages/airflow/example_dags/example_kubernetes_executor.py
[2024-01-14T15:03:01.168+0000] {logging_mixin.py:120} INFO - [2024-01-14T15:03:01.167+0000] {dag.py:2585} INFO - Sync 1 DAGs
[2024-01-14T15:03:01.183+0000] {logging_mixin.py:120} INFO - [2024-01-14T15:03:01.183+0000] {dag.py:3340} INFO - Setting next_dagrun for example_kubernetes_executor to None, run_after=None
[2024-01-14T15:03:01.194+0000] {processor.py:176} INFO - Processing /home/airflow/.local/lib/python3.7/site-packages/airflow/example_dags/example_kubernetes_executor.py took 0.088 seconds
[2024-01-14T15:03:31.232+0000] {processor.py:154} INFO - Started process (PID=484) to work on /home/airflow/.local/lib/python3.7/site-packages/airflow/example_dags/example_kubernetes_executor.py
[2024-01-14T15:03:31.233+0000] {processor.py:756} INFO - Processing file /home/airflow/.local/lib/python3.7/site-packages/airflow/example_dags/example_kubernetes_executor.py for tasks to queue
[2024-01-14T15:03:31.233+0000] {logging_mixin.py:120} INFO - [2024-01-14T15:03:31.233+0000] {dagbag.py:537} INFO - Filling up the DagBag from /home/airflow/.local/lib/python3.7/site-packages/airflow/example_dags/example_kubernetes_executor.py
[2024-01-14T15:03:31.253+0000] {processor.py:766} INFO - DAG(s) dict_keys(['example_kubernetes_executor']) retrieved from /home/airflow/.local/lib/python3.7/site-packages/airflow/example_dags/example_kubernetes_executor.py
[2024-01-14T15:03:31.280+0000] {logging_mixin.py:120} INFO - [2024-01-14T15:03:31.280+0000] {dag.py:2585} INFO - Sync 1 DAGs
[2024-01-14T15:03:31.295+0000] {logging_mixin.py:120} INFO - [2024-01-14T15:03:31.295+0000] {dag.py:3340} INFO - Setting next_dagrun for example_kubernetes_executor to None, run_after=None
[2024-01-14T15:03:31.305+0000] {processor.py:176} INFO - Processing /home/airflow/.local/lib/python3.7/site-packages/airflow/example_dags/example_kubernetes_executor.py took 0.075 seconds
[2024-01-14T15:04:02.343+0000] {processor.py:154} INFO - Started process (PID=548) to work on /home/airflow/.local/lib/python3.7/site-packages/airflow/example_dags/example_kubernetes_executor.py
[2024-01-14T15:04:02.344+0000] {processor.py:756} INFO - Processing file /home/airflow/.local/lib/python3.7/site-packages/airflow/example_dags/example_kubernetes_executor.py for tasks to queue
[2024-01-14T15:04:02.344+0000] {logging_mixin.py:120} INFO - [2024-01-14T15:04:02.344+0000] {dagbag.py:537} INFO - Filling up the DagBag from /home/airflow/.local/lib/python3.7/site-packages/airflow/example_dags/example_kubernetes_executor.py
[2024-01-14T15:04:02.363+0000] {processor.py:766} INFO - DAG(s) dict_keys(['example_kubernetes_executor']) retrieved from /home/airflow/.local/lib/python3.7/site-packages/airflow/example_dags/example_kubernetes_executor.py
[2024-01-14T15:04:02.389+0000] {logging_mixin.py:120} INFO - [2024-01-14T15:04:02.389+0000] {dag.py:2585} INFO - Sync 1 DAGs
[2024-01-14T15:04:02.404+0000] {logging_mixin.py:120} INFO - [2024-01-14T15:04:02.404+0000] {dag.py:3340} INFO - Setting next_dagrun for example_kubernetes_executor to None, run_after=None
[2024-01-14T15:04:02.416+0000] {processor.py:176} INFO - Processing /home/airflow/.local/lib/python3.7/site-packages/airflow/example_dags/example_kubernetes_executor.py took 0.075 seconds
[2024-01-14T15:04:33.274+0000] {processor.py:154} INFO - Started process (PID=611) to work on /home/airflow/.local/lib/python3.7/site-packages/airflow/example_dags/example_kubernetes_executor.py
[2024-01-14T15:04:33.275+0000] {processor.py:756} INFO - Processing file /home/airflow/.local/lib/python3.7/site-packages/airflow/example_dags/example_kubernetes_executor.py for tasks to queue
[2024-01-14T15:04:33.275+0000] {logging_mixin.py:120} INFO - [2024-01-14T15:04:33.275+0000] {dagbag.py:537} INFO - Filling up the DagBag from /home/airflow/.local/lib/python3.7/site-packages/airflow/example_dags/example_kubernetes_executor.py
[2024-01-14T15:04:33.294+0000] {processor.py:766} INFO - DAG(s) dict_keys(['example_kubernetes_executor']) retrieved from /home/airflow/.local/lib/python3.7/site-packages/airflow/example_dags/example_kubernetes_executor.py
[2024-01-14T15:04:33.320+0000] {logging_mixin.py:120} INFO - [2024-01-14T15:04:33.320+0000] {dag.py:2585} INFO - Sync 1 DAGs
[2024-01-14T15:04:33.335+0000] {logging_mixin.py:120} INFO - [2024-01-14T15:04:33.335+0000] {dag.py:3340} INFO - Setting next_dagrun for example_kubernetes_executor to None, run_after=None
[2024-01-14T15:04:33.347+0000] {processor.py:176} INFO - Processing /home/airflow/.local/lib/python3.7/site-packages/airflow/example_dags/example_kubernetes_executor.py took 0.075 seconds
[2024-01-14T15:05:03.507+0000] {processor.py:154} INFO - Started process (PID=674) to work on /home/airflow/.local/lib/python3.7/site-packages/airflow/example_dags/example_kubernetes_executor.py
[2024-01-14T15:05:03.507+0000] {processor.py:756} INFO - Processing file /home/airflow/.local/lib/python3.7/site-packages/airflow/example_dags/example_kubernetes_executor.py for tasks to queue
[2024-01-14T15:05:03.508+0000] {logging_mixin.py:120} INFO - [2024-01-14T15:05:03.508+0000] {dagbag.py:537} INFO - Filling up the DagBag from /home/airflow/.local/lib/python3.7/site-packages/airflow/example_dags/example_kubernetes_executor.py
[2024-01-14T15:05:03.525+0000] {processor.py:766} INFO - DAG(s) dict_keys(['example_kubernetes_executor']) retrieved from /home/airflow/.local/lib/python3.7/site-packages/airflow/example_dags/example_kubernetes_executor.py
[2024-01-14T15:05:03.550+0000] {logging_mixin.py:120} INFO - [2024-01-14T15:05:03.550+0000] {dag.py:2585} INFO - Sync 1 DAGs
[2024-01-14T15:05:03.565+0000] {logging_mixin.py:120} INFO - [2024-01-14T15:05:03.565+0000] {dag.py:3340} INFO - Setting next_dagrun for example_kubernetes_executor to None, run_after=None
[2024-01-14T15:05:03.576+0000] {processor.py:176} INFO - Processing /home/airflow/.local/lib/python3.7/site-packages/airflow/example_dags/example_kubernetes_executor.py took 0.072 seconds
[2024-01-14T15:05:34.643+0000] {processor.py:154} INFO - Started process (PID=728) to work on /home/airflow/.local/lib/python3.7/site-packages/airflow/example_dags/example_kubernetes_executor.py
[2024-01-14T15:05:34.644+0000] {processor.py:756} INFO - Processing file /home/airflow/.local/lib/python3.7/site-packages/airflow/example_dags/example_kubernetes_executor.py for tasks to queue
[2024-01-14T15:05:34.644+0000] {logging_mixin.py:120} INFO - [2024-01-14T15:05:34.644+0000] {dagbag.py:537} INFO - Filling up the DagBag from /home/airflow/.local/lib/python3.7/site-packages/airflow/example_dags/example_kubernetes_executor.py
[2024-01-14T15:05:34.662+0000] {processor.py:766} INFO - DAG(s) dict_keys(['example_kubernetes_executor']) retrieved from /home/airflow/.local/lib/python3.7/site-packages/airflow/example_dags/example_kubernetes_executor.py
[2024-01-14T15:05:34.689+0000] {logging_mixin.py:120} INFO - [2024-01-14T15:05:34.689+0000] {dag.py:2585} INFO - Sync 1 DAGs
[2024-01-14T15:05:34.704+0000] {logging_mixin.py:120} INFO - [2024-01-14T15:05:34.704+0000] {dag.py:3340} INFO - Setting next_dagrun for example_kubernetes_executor to None, run_after=None
[2024-01-14T15:05:34.715+0000] {processor.py:176} INFO - Processing /home/airflow/.local/lib/python3.7/site-packages/airflow/example_dags/example_kubernetes_executor.py took 0.074 seconds
[2024-01-14T15:06:05.528+0000] {processor.py:154} INFO - Started process (PID=791) to work on /home/airflow/.local/lib/python3.7/site-packages/airflow/example_dags/example_kubernetes_executor.py
[2024-01-14T15:06:05.528+0000] {processor.py:756} INFO - Processing file /home/airflow/.local/lib/python3.7/site-packages/airflow/example_dags/example_kubernetes_executor.py for tasks to queue
[2024-01-14T15:06:05.529+0000] {logging_mixin.py:120} INFO - [2024-01-14T15:06:05.529+0000] {dagbag.py:537} INFO - Filling up the DagBag from /home/airflow/.local/lib/python3.7/site-packages/airflow/example_dags/example_kubernetes_executor.py
[2024-01-14T15:06:05.546+0000] {processor.py:766} INFO - DAG(s) dict_keys(['example_kubernetes_executor']) retrieved from /home/airflow/.local/lib/python3.7/site-packages/airflow/example_dags/example_kubernetes_executor.py
[2024-01-14T15:06:05.572+0000] {logging_mixin.py:120} INFO - [2024-01-14T15:06:05.572+0000] {dag.py:2585} INFO - Sync 1 DAGs
[2024-01-14T15:06:05.587+0000] {logging_mixin.py:120} INFO - [2024-01-14T15:06:05.587+0000] {dag.py:3340} INFO - Setting next_dagrun for example_kubernetes_executor to None, run_after=None
[2024-01-14T15:06:05.598+0000] {processor.py:176} INFO - Processing /home/airflow/.local/lib/python3.7/site-packages/airflow/example_dags/example_kubernetes_executor.py took 0.073 seconds
[2024-01-14T15:06:36.500+0000] {processor.py:154} INFO - Started process (PID=854) to work on /home/airflow/.local/lib/python3.7/site-packages/airflow/example_dags/example_kubernetes_executor.py
[2024-01-14T15:06:36.501+0000] {processor.py:756} INFO - Processing file /home/airflow/.local/lib/python3.7/site-packages/airflow/example_dags/example_kubernetes_executor.py for tasks to queue
[2024-01-14T15:06:36.501+0000] {logging_mixin.py:120} INFO - [2024-01-14T15:06:36.501+0000] {dagbag.py:537} INFO - Filling up the DagBag from /home/airflow/.local/lib/python3.7/site-packages/airflow/example_dags/example_kubernetes_executor.py
[2024-01-14T15:06:36.519+0000] {processor.py:766} INFO - DAG(s) dict_keys(['example_kubernetes_executor']) retrieved from /home/airflow/.local/lib/python3.7/site-packages/airflow/example_dags/example_kubernetes_executor.py
[2024-01-14T15:06:36.545+0000] {logging_mixin.py:120} INFO - [2024-01-14T15:06:36.545+0000] {dag.py:2585} INFO - Sync 1 DAGs
[2024-01-14T15:06:36.561+0000] {logging_mixin.py:120} INFO - [2024-01-14T15:06:36.561+0000] {dag.py:3340} INFO - Setting next_dagrun for example_kubernetes_executor to None, run_after=None
[2024-01-14T15:06:36.572+0000] {processor.py:176} INFO - Processing /home/airflow/.local/lib/python3.7/site-packages/airflow/example_dags/example_kubernetes_executor.py took 0.075 seconds
[2024-01-14T15:07:06.688+0000] {processor.py:154} INFO - Started process (PID=917) to work on /home/airflow/.local/lib/python3.7/site-packages/airflow/example_dags/example_kubernetes_executor.py
[2024-01-14T15:07:06.689+0000] {processor.py:756} INFO - Processing file /home/airflow/.local/lib/python3.7/site-packages/airflow/example_dags/example_kubernetes_executor.py for tasks to queue
[2024-01-14T15:07:06.689+0000] {logging_mixin.py:120} INFO - [2024-01-14T15:07:06.689+0000] {dagbag.py:537} INFO - Filling up the DagBag from /home/airflow/.local/lib/python3.7/site-packages/airflow/example_dags/example_kubernetes_executor.py
[2024-01-14T15:07:06.707+0000] {processor.py:766} INFO - DAG(s) dict_keys(['example_kubernetes_executor']) retrieved from /home/airflow/.local/lib/python3.7/site-packages/airflow/example_dags/example_kubernetes_executor.py
[2024-01-14T15:07:06.734+0000] {logging_mixin.py:120} INFO - [2024-01-14T15:07:06.734+0000] {dag.py:2585} INFO - Sync 1 DAGs
[2024-01-14T15:07:06.748+0000] {logging_mixin.py:120} INFO - [2024-01-14T15:07:06.748+0000] {dag.py:3340} INFO - Setting next_dagrun for example_kubernetes_executor to None, run_after=None
[2024-01-14T15:07:06.760+0000] {processor.py:176} INFO - Processing /home/airflow/.local/lib/python3.7/site-packages/airflow/example_dags/example_kubernetes_executor.py took 0.074 seconds
[2024-01-14T15:07:37.518+0000] {processor.py:154} INFO - Started process (PID=979) to work on /home/airflow/.local/lib/python3.7/site-packages/airflow/example_dags/example_kubernetes_executor.py
[2024-01-14T15:07:37.519+0000] {processor.py:756} INFO - Processing file /home/airflow/.local/lib/python3.7/site-packages/airflow/example_dags/example_kubernetes_executor.py for tasks to queue
[2024-01-14T15:07:37.520+0000] {logging_mixin.py:120} INFO - [2024-01-14T15:07:37.520+0000] {dagbag.py:537} INFO - Filling up the DagBag from /home/airflow/.local/lib/python3.7/site-packages/airflow/example_dags/example_kubernetes_executor.py
[2024-01-14T15:07:37.539+0000] {processor.py:766} INFO - DAG(s) dict_keys(['example_kubernetes_executor']) retrieved from /home/airflow/.local/lib/python3.7/site-packages/airflow/example_dags/example_kubernetes_executor.py
[2024-01-14T15:07:37.566+0000] {logging_mixin.py:120} INFO - [2024-01-14T15:07:37.566+0000] {dag.py:2585} INFO - Sync 1 DAGs
[2024-01-14T15:07:37.582+0000] {logging_mixin.py:120} INFO - [2024-01-14T15:07:37.582+0000] {dag.py:3340} INFO - Setting next_dagrun for example_kubernetes_executor to None, run_after=None
[2024-01-14T15:07:37.593+0000] {processor.py:176} INFO - Processing /home/airflow/.local/lib/python3.7/site-packages/airflow/example_dags/example_kubernetes_executor.py took 0.078 seconds
[2024-01-14T15:08:07.743+0000] {processor.py:154} INFO - Started process (PID=1042) to work on /home/airflow/.local/lib/python3.7/site-packages/airflow/example_dags/example_kubernetes_executor.py
[2024-01-14T15:08:07.743+0000] {processor.py:756} INFO - Processing file /home/airflow/.local/lib/python3.7/site-packages/airflow/example_dags/example_kubernetes_executor.py for tasks to queue
[2024-01-14T15:08:07.744+0000] {logging_mixin.py:120} INFO - [2024-01-14T15:08:07.744+0000] {dagbag.py:537} INFO - Filling up the DagBag from /home/airflow/.local/lib/python3.7/site-packages/airflow/example_dags/example_kubernetes_executor.py
[2024-01-14T15:08:07.763+0000] {processor.py:766} INFO - DAG(s) dict_keys(['example_kubernetes_executor']) retrieved from /home/airflow/.local/lib/python3.7/site-packages/airflow/example_dags/example_kubernetes_executor.py
[2024-01-14T15:08:07.790+0000] {logging_mixin.py:120} INFO - [2024-01-14T15:08:07.790+0000] {dag.py:2585} INFO - Sync 1 DAGs
[2024-01-14T15:08:07.806+0000] {logging_mixin.py:120} INFO - [2024-01-14T15:08:07.806+0000] {dag.py:3340} INFO - Setting next_dagrun for example_kubernetes_executor to None, run_after=None
[2024-01-14T15:08:07.818+0000] {processor.py:176} INFO - Processing /home/airflow/.local/lib/python3.7/site-packages/airflow/example_dags/example_kubernetes_executor.py took 0.078 seconds
[2024-01-14T15:08:38.793+0000] {processor.py:154} INFO - Started process (PID=1096) to work on /home/airflow/.local/lib/python3.7/site-packages/airflow/example_dags/example_kubernetes_executor.py
[2024-01-14T15:08:38.794+0000] {processor.py:756} INFO - Processing file /home/airflow/.local/lib/python3.7/site-packages/airflow/example_dags/example_kubernetes_executor.py for tasks to queue
[2024-01-14T15:08:38.794+0000] {logging_mixin.py:120} INFO - [2024-01-14T15:08:38.794+0000] {dagbag.py:537} INFO - Filling up the DagBag from /home/airflow/.local/lib/python3.7/site-packages/airflow/example_dags/example_kubernetes_executor.py
[2024-01-14T15:08:38.814+0000] {processor.py:766} INFO - DAG(s) dict_keys(['example_kubernetes_executor']) retrieved from /home/airflow/.local/lib/python3.7/site-packages/airflow/example_dags/example_kubernetes_executor.py
[2024-01-14T15:08:38.841+0000] {logging_mixin.py:120} INFO - [2024-01-14T15:08:38.841+0000] {dag.py:2585} INFO - Sync 1 DAGs
[2024-01-14T15:08:38.856+0000] {logging_mixin.py:120} INFO - [2024-01-14T15:08:38.856+0000] {dag.py:3340} INFO - Setting next_dagrun for example_kubernetes_executor to None, run_after=None
[2024-01-14T15:08:38.867+0000] {processor.py:176} INFO - Processing /home/airflow/.local/lib/python3.7/site-packages/airflow/example_dags/example_kubernetes_executor.py took 0.076 seconds
[2024-01-14T15:09:09.751+0000] {processor.py:154} INFO - Started process (PID=1159) to work on /home/airflow/.local/lib/python3.7/site-packages/airflow/example_dags/example_kubernetes_executor.py
[2024-01-14T15:09:09.752+0000] {processor.py:756} INFO - Processing file /home/airflow/.local/lib/python3.7/site-packages/airflow/example_dags/example_kubernetes_executor.py for tasks to queue
[2024-01-14T15:09:09.753+0000] {logging_mixin.py:120} INFO - [2024-01-14T15:09:09.753+0000] {dagbag.py:537} INFO - Filling up the DagBag from /home/airflow/.local/lib/python3.7/site-packages/airflow/example_dags/example_kubernetes_executor.py
[2024-01-14T15:09:09.772+0000] {processor.py:766} INFO - DAG(s) dict_keys(['example_kubernetes_executor']) retrieved from /home/airflow/.local/lib/python3.7/site-packages/airflow/example_dags/example_kubernetes_executor.py
[2024-01-14T15:09:09.801+0000] {logging_mixin.py:120} INFO - [2024-01-14T15:09:09.801+0000] {dag.py:2585} INFO - Sync 1 DAGs
[2024-01-14T15:09:09.817+0000] {logging_mixin.py:120} INFO - [2024-01-14T15:09:09.817+0000] {dag.py:3340} INFO - Setting next_dagrun for example_kubernetes_executor to None, run_after=None
[2024-01-14T15:09:09.829+0000] {processor.py:176} INFO - Processing /home/airflow/.local/lib/python3.7/site-packages/airflow/example_dags/example_kubernetes_executor.py took 0.081 seconds
[2024-01-14T15:09:40.674+0000] {processor.py:154} INFO - Started process (PID=1222) to work on /home/airflow/.local/lib/python3.7/site-packages/airflow/example_dags/example_kubernetes_executor.py
[2024-01-14T15:09:40.674+0000] {processor.py:756} INFO - Processing file /home/airflow/.local/lib/python3.7/site-packages/airflow/example_dags/example_kubernetes_executor.py for tasks to queue
[2024-01-14T15:09:40.675+0000] {logging_mixin.py:120} INFO - [2024-01-14T15:09:40.675+0000] {dagbag.py:537} INFO - Filling up the DagBag from /home/airflow/.local/lib/python3.7/site-packages/airflow/example_dags/example_kubernetes_executor.py
[2024-01-14T15:09:40.693+0000] {processor.py:766} INFO - DAG(s) dict_keys(['example_kubernetes_executor']) retrieved from /home/airflow/.local/lib/python3.7/site-packages/airflow/example_dags/example_kubernetes_executor.py
[2024-01-14T15:09:40.721+0000] {logging_mixin.py:120} INFO - [2024-01-14T15:09:40.721+0000] {dag.py:2585} INFO - Sync 1 DAGs
[2024-01-14T15:09:40.736+0000] {logging_mixin.py:120} INFO - [2024-01-14T15:09:40.736+0000] {dag.py:3340} INFO - Setting next_dagrun for example_kubernetes_executor to None, run_after=None
[2024-01-14T15:09:40.746+0000] {processor.py:176} INFO - Processing /home/airflow/.local/lib/python3.7/site-packages/airflow/example_dags/example_kubernetes_executor.py took 0.075 seconds
[2024-01-14T15:10:11.699+0000] {processor.py:154} INFO - Started process (PID=1285) to work on /home/airflow/.local/lib/python3.7/site-packages/airflow/example_dags/example_kubernetes_executor.py
[2024-01-14T15:10:11.700+0000] {processor.py:756} INFO - Processing file /home/airflow/.local/lib/python3.7/site-packages/airflow/example_dags/example_kubernetes_executor.py for tasks to queue
[2024-01-14T15:10:11.700+0000] {logging_mixin.py:120} INFO - [2024-01-14T15:10:11.700+0000] {dagbag.py:537} INFO - Filling up the DagBag from /home/airflow/.local/lib/python3.7/site-packages/airflow/example_dags/example_kubernetes_executor.py
[2024-01-14T15:10:11.719+0000] {processor.py:766} INFO - DAG(s) dict_keys(['example_kubernetes_executor']) retrieved from /home/airflow/.local/lib/python3.7/site-packages/airflow/example_dags/example_kubernetes_executor.py
[2024-01-14T15:10:11.745+0000] {logging_mixin.py:120} INFO - [2024-01-14T15:10:11.745+0000] {dag.py:2585} INFO - Sync 1 DAGs
[2024-01-14T15:10:11.760+0000] {logging_mixin.py:120} INFO - [2024-01-14T15:10:11.760+0000] {dag.py:3340} INFO - Setting next_dagrun for example_kubernetes_executor to None, run_after=None
[2024-01-14T15:10:11.772+0000] {processor.py:176} INFO - Processing /home/airflow/.local/lib/python3.7/site-packages/airflow/example_dags/example_kubernetes_executor.py took 0.075 seconds
[2024-01-14T15:10:42.555+0000] {processor.py:154} INFO - Started process (PID=1348) to work on /home/airflow/.local/lib/python3.7/site-packages/airflow/example_dags/example_kubernetes_executor.py
[2024-01-14T15:10:42.556+0000] {processor.py:756} INFO - Processing file /home/airflow/.local/lib/python3.7/site-packages/airflow/example_dags/example_kubernetes_executor.py for tasks to queue
[2024-01-14T15:10:42.557+0000] {logging_mixin.py:120} INFO - [2024-01-14T15:10:42.557+0000] {dagbag.py:537} INFO - Filling up the DagBag from /home/airflow/.local/lib/python3.7/site-packages/airflow/example_dags/example_kubernetes_executor.py
[2024-01-14T15:10:42.576+0000] {processor.py:766} INFO - DAG(s) dict_keys(['example_kubernetes_executor']) retrieved from /home/airflow/.local/lib/python3.7/site-packages/airflow/example_dags/example_kubernetes_executor.py
[2024-01-14T15:10:42.603+0000] {logging_mixin.py:120} INFO - [2024-01-14T15:10:42.603+0000] {dag.py:2585} INFO - Sync 1 DAGs
[2024-01-14T15:10:42.620+0000] {logging_mixin.py:120} INFO - [2024-01-14T15:10:42.620+0000] {dag.py:3340} INFO - Setting next_dagrun for example_kubernetes_executor to None, run_after=None
[2024-01-14T15:10:42.632+0000] {processor.py:176} INFO - Processing /home/airflow/.local/lib/python3.7/site-packages/airflow/example_dags/example_kubernetes_executor.py took 0.079 seconds
[2024-01-14T15:11:44.598+0000] {processor.py:154} INFO - Started process (PID=1474) to work on /home/airflow/.local/lib/python3.7/site-packages/airflow/example_dags/example_kubernetes_executor.py
[2024-01-14T15:11:44.598+0000] {processor.py:756} INFO - Processing file /home/airflow/.local/lib/python3.7/site-packages/airflow/example_dags/example_kubernetes_executor.py for tasks to queue
[2024-01-14T15:11:44.599+0000] {logging_mixin.py:120} INFO - [2024-01-14T15:11:44.599+0000] {dagbag.py:537} INFO - Filling up the DagBag from /home/airflow/.local/lib/python3.7/site-packages/airflow/example_dags/example_kubernetes_executor.py
[2024-01-14T15:11:44.617+0000] {processor.py:766} INFO - DAG(s) dict_keys(['example_kubernetes_executor']) retrieved from /home/airflow/.local/lib/python3.7/site-packages/airflow/example_dags/example_kubernetes_executor.py
[2024-01-14T15:11:44.645+0000] {logging_mixin.py:120} INFO - [2024-01-14T15:11:44.645+0000] {dag.py:2585} INFO - Sync 1 DAGs
[2024-01-14T15:11:44.661+0000] {logging_mixin.py:120} INFO - [2024-01-14T15:11:44.661+0000] {dag.py:3340} INFO - Setting next_dagrun for example_kubernetes_executor to None, run_after=None
[2024-01-14T15:11:44.673+0000] {processor.py:176} INFO - Processing /home/airflow/.local/lib/python3.7/site-packages/airflow/example_dags/example_kubernetes_executor.py took 0.077 seconds
[2024-01-14T15:12:15.658+0000] {processor.py:154} INFO - Started process (PID=1528) to work on /home/airflow/.local/lib/python3.7/site-packages/airflow/example_dags/example_kubernetes_executor.py
[2024-01-14T15:12:15.658+0000] {processor.py:756} INFO - Processing file /home/airflow/.local/lib/python3.7/site-packages/airflow/example_dags/example_kubernetes_executor.py for tasks to queue
[2024-01-14T15:12:15.659+0000] {logging_mixin.py:120} INFO - [2024-01-14T15:12:15.659+0000] {dagbag.py:537} INFO - Filling up the DagBag from /home/airflow/.local/lib/python3.7/site-packages/airflow/example_dags/example_kubernetes_executor.py
[2024-01-14T15:12:15.677+0000] {processor.py:766} INFO - DAG(s) dict_keys(['example_kubernetes_executor']) retrieved from /home/airflow/.local/lib/python3.7/site-packages/airflow/example_dags/example_kubernetes_executor.py
[2024-01-14T15:12:15.703+0000] {logging_mixin.py:120} INFO - [2024-01-14T15:12:15.703+0000] {dag.py:2585} INFO - Sync 1 DAGs
[2024-01-14T15:12:15.718+0000] {logging_mixin.py:120} INFO - [2024-01-14T15:12:15.718+0000] {dag.py:3340} INFO - Setting next_dagrun for example_kubernetes_executor to None, run_after=None
[2024-01-14T15:12:15.729+0000] {processor.py:176} INFO - Processing /home/airflow/.local/lib/python3.7/site-packages/airflow/example_dags/example_kubernetes_executor.py took 0.074 seconds
[2024-01-14T15:12:46.518+0000] {processor.py:154} INFO - Started process (PID=1591) to work on /home/airflow/.local/lib/python3.7/site-packages/airflow/example_dags/example_kubernetes_executor.py
[2024-01-14T15:12:46.518+0000] {processor.py:756} INFO - Processing file /home/airflow/.local/lib/python3.7/site-packages/airflow/example_dags/example_kubernetes_executor.py for tasks to queue
[2024-01-14T15:12:46.519+0000] {logging_mixin.py:120} INFO - [2024-01-14T15:12:46.519+0000] {dagbag.py:537} INFO - Filling up the DagBag from /home/airflow/.local/lib/python3.7/site-packages/airflow/example_dags/example_kubernetes_executor.py
[2024-01-14T15:12:46.537+0000] {processor.py:766} INFO - DAG(s) dict_keys(['example_kubernetes_executor']) retrieved from /home/airflow/.local/lib/python3.7/site-packages/airflow/example_dags/example_kubernetes_executor.py
[2024-01-14T15:12:46.564+0000] {logging_mixin.py:120} INFO - [2024-01-14T15:12:46.563+0000] {dag.py:2585} INFO - Sync 1 DAGs
[2024-01-14T15:12:46.580+0000] {logging_mixin.py:120} INFO - [2024-01-14T15:12:46.579+0000] {dag.py:3340} INFO - Setting next_dagrun for example_kubernetes_executor to None, run_after=None
[2024-01-14T15:12:46.590+0000] {processor.py:176} INFO - Processing /home/airflow/.local/lib/python3.7/site-packages/airflow/example_dags/example_kubernetes_executor.py took 0.075 seconds
[2024-01-14T15:13:17.487+0000] {processor.py:154} INFO - Started process (PID=1654) to work on /home/airflow/.local/lib/python3.7/site-packages/airflow/example_dags/example_kubernetes_executor.py
[2024-01-14T15:13:17.487+0000] {processor.py:756} INFO - Processing file /home/airflow/.local/lib/python3.7/site-packages/airflow/example_dags/example_kubernetes_executor.py for tasks to queue
[2024-01-14T15:13:17.488+0000] {logging_mixin.py:120} INFO - [2024-01-14T15:13:17.488+0000] {dagbag.py:537} INFO - Filling up the DagBag from /home/airflow/.local/lib/python3.7/site-packages/airflow/example_dags/example_kubernetes_executor.py
[2024-01-14T15:13:17.506+0000] {processor.py:766} INFO - DAG(s) dict_keys(['example_kubernetes_executor']) retrieved from /home/airflow/.local/lib/python3.7/site-packages/airflow/example_dags/example_kubernetes_executor.py
[2024-01-14T15:13:17.535+0000] {logging_mixin.py:120} INFO - [2024-01-14T15:13:17.535+0000] {dag.py:2585} INFO - Sync 1 DAGs
[2024-01-14T15:13:17.550+0000] {logging_mixin.py:120} INFO - [2024-01-14T15:13:17.550+0000] {dag.py:3340} INFO - Setting next_dagrun for example_kubernetes_executor to None, run_after=None
[2024-01-14T15:13:17.561+0000] {processor.py:176} INFO - Processing /home/airflow/.local/lib/python3.7/site-packages/airflow/example_dags/example_kubernetes_executor.py took 0.077 seconds
[2024-01-14T15:13:48.453+0000] {processor.py:154} INFO - Started process (PID=1717) to work on /home/airflow/.local/lib/python3.7/site-packages/airflow/example_dags/example_kubernetes_executor.py
[2024-01-14T15:13:48.454+0000] {processor.py:756} INFO - Processing file /home/airflow/.local/lib/python3.7/site-packages/airflow/example_dags/example_kubernetes_executor.py for tasks to queue
[2024-01-14T15:13:48.454+0000] {logging_mixin.py:120} INFO - [2024-01-14T15:13:48.454+0000] {dagbag.py:537} INFO - Filling up the DagBag from /home/airflow/.local/lib/python3.7/site-packages/airflow/example_dags/example_kubernetes_executor.py
[2024-01-14T15:13:48.473+0000] {processor.py:766} INFO - DAG(s) dict_keys(['example_kubernetes_executor']) retrieved from /home/airflow/.local/lib/python3.7/site-packages/airflow/example_dags/example_kubernetes_executor.py
[2024-01-14T15:13:48.500+0000] {logging_mixin.py:120} INFO - [2024-01-14T15:13:48.500+0000] {dag.py:2585} INFO - Sync 1 DAGs
[2024-01-14T15:13:48.515+0000] {logging_mixin.py:120} INFO - [2024-01-14T15:13:48.515+0000] {dag.py:3340} INFO - Setting next_dagrun for example_kubernetes_executor to None, run_after=None
[2024-01-14T15:13:48.526+0000] {processor.py:176} INFO - Processing /home/airflow/.local/lib/python3.7/site-packages/airflow/example_dags/example_kubernetes_executor.py took 0.075 seconds
