[2024-01-14T14:59:59.616+0000] {processor.py:154} INFO - Started process (PID=69) to work on /home/airflow/.local/lib/python3.7/site-packages/airflow/example_dags/example_task_group.py
[2024-01-14T14:59:59.619+0000] {processor.py:756} INFO - Processing file /home/airflow/.local/lib/python3.7/site-packages/airflow/example_dags/example_task_group.py for tasks to queue
[2024-01-14T14:59:59.621+0000] {logging_mixin.py:120} INFO - [2024-01-14T14:59:59.620+0000] {dagbag.py:537} INFO - Filling up the DagBag from /home/airflow/.local/lib/python3.7/site-packages/airflow/example_dags/example_task_group.py
[2024-01-14T14:59:59.645+0000] {processor.py:766} INFO - DAG(s) dict_keys(['example_task_group']) retrieved from /home/airflow/.local/lib/python3.7/site-packages/airflow/example_dags/example_task_group.py
[2024-01-14T14:59:59.855+0000] {logging_mixin.py:120} INFO - [2024-01-14T14:59:59.855+0000] {manager.py:507} INFO - Created Permission View: can read on DAG:example_task_group
[2024-01-14T14:59:59.870+0000] {logging_mixin.py:120} INFO - [2024-01-14T14:59:59.870+0000] {manager.py:507} INFO - Created Permission View: can edit on DAG:example_task_group
[2024-01-14T14:59:59.892+0000] {logging_mixin.py:120} INFO - [2024-01-14T14:59:59.891+0000] {manager.py:507} INFO - Created Permission View: can delete on DAG:example_task_group
[2024-01-14T14:59:59.893+0000] {logging_mixin.py:120} INFO - [2024-01-14T14:59:59.893+0000] {dag.py:2585} INFO - Sync 1 DAGs
[2024-01-14T14:59:59.913+0000] {logging_mixin.py:120} INFO - [2024-01-14T14:59:59.913+0000] {dag.py:2606} INFO - Creating ORM DAG for example_task_group
[2024-01-14T14:59:59.925+0000] {logging_mixin.py:120} INFO - [2024-01-14T14:59:59.925+0000] {dag.py:3340} INFO - Setting next_dagrun for example_task_group to 2024-01-13T14:59:59.925290+00:00, run_after=2024-01-14T14:59:59.925290+00:00
[2024-01-14T14:59:59.963+0000] {processor.py:176} INFO - Processing /home/airflow/.local/lib/python3.7/site-packages/airflow/example_dags/example_task_group.py took 0.354 seconds
[2024-01-14T15:00:30.034+0000] {processor.py:154} INFO - Started process (PID=123) to work on /home/airflow/.local/lib/python3.7/site-packages/airflow/example_dags/example_task_group.py
[2024-01-14T15:00:30.035+0000] {processor.py:756} INFO - Processing file /home/airflow/.local/lib/python3.7/site-packages/airflow/example_dags/example_task_group.py for tasks to queue
[2024-01-14T15:00:30.036+0000] {logging_mixin.py:120} INFO - [2024-01-14T15:00:30.035+0000] {dagbag.py:537} INFO - Filling up the DagBag from /home/airflow/.local/lib/python3.7/site-packages/airflow/example_dags/example_task_group.py
[2024-01-14T15:00:30.047+0000] {processor.py:766} INFO - DAG(s) dict_keys(['example_task_group']) retrieved from /home/airflow/.local/lib/python3.7/site-packages/airflow/example_dags/example_task_group.py
[2024-01-14T15:00:30.073+0000] {logging_mixin.py:120} INFO - [2024-01-14T15:00:30.073+0000] {dag.py:2585} INFO - Sync 1 DAGs
[2024-01-14T15:00:30.089+0000] {logging_mixin.py:120} INFO - [2024-01-14T15:00:30.089+0000] {dag.py:3340} INFO - Setting next_dagrun for example_task_group to 2024-01-13T15:00:30.089055+00:00, run_after=2024-01-14T15:00:30.089055+00:00
[2024-01-14T15:00:30.100+0000] {processor.py:176} INFO - Processing /home/airflow/.local/lib/python3.7/site-packages/airflow/example_dags/example_task_group.py took 0.068 seconds
[2024-01-14T15:01:00.208+0000] {processor.py:154} INFO - Started process (PID=187) to work on /home/airflow/.local/lib/python3.7/site-packages/airflow/example_dags/example_task_group.py
[2024-01-14T15:01:00.209+0000] {processor.py:756} INFO - Processing file /home/airflow/.local/lib/python3.7/site-packages/airflow/example_dags/example_task_group.py for tasks to queue
[2024-01-14T15:01:00.209+0000] {logging_mixin.py:120} INFO - [2024-01-14T15:01:00.209+0000] {dagbag.py:537} INFO - Filling up the DagBag from /home/airflow/.local/lib/python3.7/site-packages/airflow/example_dags/example_task_group.py
[2024-01-14T15:01:00.221+0000] {processor.py:766} INFO - DAG(s) dict_keys(['example_task_group']) retrieved from /home/airflow/.local/lib/python3.7/site-packages/airflow/example_dags/example_task_group.py
[2024-01-14T15:01:00.247+0000] {logging_mixin.py:120} INFO - [2024-01-14T15:01:00.247+0000] {dag.py:2585} INFO - Sync 1 DAGs
[2024-01-14T15:01:00.263+0000] {logging_mixin.py:120} INFO - [2024-01-14T15:01:00.263+0000] {dag.py:3340} INFO - Setting next_dagrun for example_task_group to 2024-01-13T15:01:00.262972+00:00, run_after=2024-01-14T15:01:00.262972+00:00
[2024-01-14T15:01:00.273+0000] {processor.py:176} INFO - Processing /home/airflow/.local/lib/python3.7/site-packages/airflow/example_dags/example_task_group.py took 0.068 seconds
[2024-01-14T15:01:31.206+0000] {processor.py:154} INFO - Started process (PID=250) to work on /home/airflow/.local/lib/python3.7/site-packages/airflow/example_dags/example_task_group.py
[2024-01-14T15:01:31.206+0000] {processor.py:756} INFO - Processing file /home/airflow/.local/lib/python3.7/site-packages/airflow/example_dags/example_task_group.py for tasks to queue
[2024-01-14T15:01:31.207+0000] {logging_mixin.py:120} INFO - [2024-01-14T15:01:31.207+0000] {dagbag.py:537} INFO - Filling up the DagBag from /home/airflow/.local/lib/python3.7/site-packages/airflow/example_dags/example_task_group.py
[2024-01-14T15:01:31.219+0000] {processor.py:766} INFO - DAG(s) dict_keys(['example_task_group']) retrieved from /home/airflow/.local/lib/python3.7/site-packages/airflow/example_dags/example_task_group.py
[2024-01-14T15:01:31.249+0000] {logging_mixin.py:120} INFO - [2024-01-14T15:01:31.249+0000] {dag.py:2585} INFO - Sync 1 DAGs
[2024-01-14T15:01:31.265+0000] {logging_mixin.py:120} INFO - [2024-01-14T15:01:31.265+0000] {dag.py:3340} INFO - Setting next_dagrun for example_task_group to 2024-01-13T15:01:31.265225+00:00, run_after=2024-01-14T15:01:31.265225+00:00
[2024-01-14T15:01:31.276+0000] {processor.py:176} INFO - Processing /home/airflow/.local/lib/python3.7/site-packages/airflow/example_dags/example_task_group.py took 0.074 seconds
[2024-01-14T15:02:01.355+0000] {processor.py:154} INFO - Started process (PID=313) to work on /home/airflow/.local/lib/python3.7/site-packages/airflow/example_dags/example_task_group.py
[2024-01-14T15:02:01.355+0000] {processor.py:756} INFO - Processing file /home/airflow/.local/lib/python3.7/site-packages/airflow/example_dags/example_task_group.py for tasks to queue
[2024-01-14T15:02:01.356+0000] {logging_mixin.py:120} INFO - [2024-01-14T15:02:01.356+0000] {dagbag.py:537} INFO - Filling up the DagBag from /home/airflow/.local/lib/python3.7/site-packages/airflow/example_dags/example_task_group.py
[2024-01-14T15:02:01.368+0000] {processor.py:766} INFO - DAG(s) dict_keys(['example_task_group']) retrieved from /home/airflow/.local/lib/python3.7/site-packages/airflow/example_dags/example_task_group.py
[2024-01-14T15:02:01.397+0000] {logging_mixin.py:120} INFO - [2024-01-14T15:02:01.397+0000] {dag.py:2585} INFO - Sync 1 DAGs
[2024-01-14T15:02:01.413+0000] {logging_mixin.py:120} INFO - [2024-01-14T15:02:01.413+0000] {dag.py:3340} INFO - Setting next_dagrun for example_task_group to 2024-01-13T15:02:01.413424+00:00, run_after=2024-01-14T15:02:01.413424+00:00
[2024-01-14T15:02:01.424+0000] {processor.py:176} INFO - Processing /home/airflow/.local/lib/python3.7/site-packages/airflow/example_dags/example_task_group.py took 0.073 seconds
[2024-01-14T15:02:31.478+0000] {processor.py:154} INFO - Started process (PID=367) to work on /home/airflow/.local/lib/python3.7/site-packages/airflow/example_dags/example_task_group.py
[2024-01-14T15:02:31.478+0000] {processor.py:756} INFO - Processing file /home/airflow/.local/lib/python3.7/site-packages/airflow/example_dags/example_task_group.py for tasks to queue
[2024-01-14T15:02:31.479+0000] {logging_mixin.py:120} INFO - [2024-01-14T15:02:31.479+0000] {dagbag.py:537} INFO - Filling up the DagBag from /home/airflow/.local/lib/python3.7/site-packages/airflow/example_dags/example_task_group.py
[2024-01-14T15:02:31.490+0000] {processor.py:766} INFO - DAG(s) dict_keys(['example_task_group']) retrieved from /home/airflow/.local/lib/python3.7/site-packages/airflow/example_dags/example_task_group.py
[2024-01-14T15:02:31.517+0000] {logging_mixin.py:120} INFO - [2024-01-14T15:02:31.517+0000] {dag.py:2585} INFO - Sync 1 DAGs
[2024-01-14T15:02:31.534+0000] {logging_mixin.py:120} INFO - [2024-01-14T15:02:31.534+0000] {dag.py:3340} INFO - Setting next_dagrun for example_task_group to 2024-01-13T15:02:31.534326+00:00, run_after=2024-01-14T15:02:31.534326+00:00
[2024-01-14T15:02:31.548+0000] {processor.py:176} INFO - Processing /home/airflow/.local/lib/python3.7/site-packages/airflow/example_dags/example_task_group.py took 0.073 seconds
[2024-01-14T15:03:01.650+0000] {processor.py:154} INFO - Started process (PID=430) to work on /home/airflow/.local/lib/python3.7/site-packages/airflow/example_dags/example_task_group.py
[2024-01-14T15:03:01.651+0000] {processor.py:756} INFO - Processing file /home/airflow/.local/lib/python3.7/site-packages/airflow/example_dags/example_task_group.py for tasks to queue
[2024-01-14T15:03:01.652+0000] {logging_mixin.py:120} INFO - [2024-01-14T15:03:01.651+0000] {dagbag.py:537} INFO - Filling up the DagBag from /home/airflow/.local/lib/python3.7/site-packages/airflow/example_dags/example_task_group.py
[2024-01-14T15:03:01.663+0000] {processor.py:766} INFO - DAG(s) dict_keys(['example_task_group']) retrieved from /home/airflow/.local/lib/python3.7/site-packages/airflow/example_dags/example_task_group.py
[2024-01-14T15:03:01.688+0000] {logging_mixin.py:120} INFO - [2024-01-14T15:03:01.688+0000] {dag.py:2585} INFO - Sync 1 DAGs
[2024-01-14T15:03:01.704+0000] {logging_mixin.py:120} INFO - [2024-01-14T15:03:01.704+0000] {dag.py:3340} INFO - Setting next_dagrun for example_task_group to 2024-01-13T15:03:01.703845+00:00, run_after=2024-01-14T15:03:01.703845+00:00
[2024-01-14T15:03:01.715+0000] {processor.py:176} INFO - Processing /home/airflow/.local/lib/python3.7/site-packages/airflow/example_dags/example_task_group.py took 0.067 seconds
[2024-01-14T15:03:31.877+0000] {processor.py:154} INFO - Started process (PID=493) to work on /home/airflow/.local/lib/python3.7/site-packages/airflow/example_dags/example_task_group.py
[2024-01-14T15:03:31.878+0000] {processor.py:756} INFO - Processing file /home/airflow/.local/lib/python3.7/site-packages/airflow/example_dags/example_task_group.py for tasks to queue
[2024-01-14T15:03:31.879+0000] {logging_mixin.py:120} INFO - [2024-01-14T15:03:31.879+0000] {dagbag.py:537} INFO - Filling up the DagBag from /home/airflow/.local/lib/python3.7/site-packages/airflow/example_dags/example_task_group.py
[2024-01-14T15:03:31.891+0000] {processor.py:766} INFO - DAG(s) dict_keys(['example_task_group']) retrieved from /home/airflow/.local/lib/python3.7/site-packages/airflow/example_dags/example_task_group.py
[2024-01-14T15:03:31.922+0000] {logging_mixin.py:120} INFO - [2024-01-14T15:03:31.922+0000] {dag.py:2585} INFO - Sync 1 DAGs
[2024-01-14T15:03:31.938+0000] {logging_mixin.py:120} INFO - [2024-01-14T15:03:31.938+0000] {dag.py:3340} INFO - Setting next_dagrun for example_task_group to 2024-01-13T15:03:31.938138+00:00, run_after=2024-01-14T15:03:31.938138+00:00
[2024-01-14T15:03:31.951+0000] {processor.py:176} INFO - Processing /home/airflow/.local/lib/python3.7/site-packages/airflow/example_dags/example_task_group.py took 0.076 seconds
[2024-01-14T15:04:02.772+0000] {processor.py:154} INFO - Started process (PID=556) to work on /home/airflow/.local/lib/python3.7/site-packages/airflow/example_dags/example_task_group.py
[2024-01-14T15:04:02.772+0000] {processor.py:756} INFO - Processing file /home/airflow/.local/lib/python3.7/site-packages/airflow/example_dags/example_task_group.py for tasks to queue
[2024-01-14T15:04:02.773+0000] {logging_mixin.py:120} INFO - [2024-01-14T15:04:02.773+0000] {dagbag.py:537} INFO - Filling up the DagBag from /home/airflow/.local/lib/python3.7/site-packages/airflow/example_dags/example_task_group.py
[2024-01-14T15:04:02.785+0000] {processor.py:766} INFO - DAG(s) dict_keys(['example_task_group']) retrieved from /home/airflow/.local/lib/python3.7/site-packages/airflow/example_dags/example_task_group.py
[2024-01-14T15:04:02.813+0000] {logging_mixin.py:120} INFO - [2024-01-14T15:04:02.813+0000] {dag.py:2585} INFO - Sync 1 DAGs
[2024-01-14T15:04:02.828+0000] {logging_mixin.py:120} INFO - [2024-01-14T15:04:02.828+0000] {dag.py:3340} INFO - Setting next_dagrun for example_task_group to 2024-01-13T15:04:02.828191+00:00, run_after=2024-01-14T15:04:02.828191+00:00
[2024-01-14T15:04:02.839+0000] {processor.py:176} INFO - Processing /home/airflow/.local/lib/python3.7/site-packages/airflow/example_dags/example_task_group.py took 0.070 seconds
[2024-01-14T15:04:33.796+0000] {processor.py:154} INFO - Started process (PID=619) to work on /home/airflow/.local/lib/python3.7/site-packages/airflow/example_dags/example_task_group.py
[2024-01-14T15:04:33.797+0000] {processor.py:756} INFO - Processing file /home/airflow/.local/lib/python3.7/site-packages/airflow/example_dags/example_task_group.py for tasks to queue
[2024-01-14T15:04:33.798+0000] {logging_mixin.py:120} INFO - [2024-01-14T15:04:33.798+0000] {dagbag.py:537} INFO - Filling up the DagBag from /home/airflow/.local/lib/python3.7/site-packages/airflow/example_dags/example_task_group.py
[2024-01-14T15:04:33.810+0000] {processor.py:766} INFO - DAG(s) dict_keys(['example_task_group']) retrieved from /home/airflow/.local/lib/python3.7/site-packages/airflow/example_dags/example_task_group.py
[2024-01-14T15:04:33.840+0000] {logging_mixin.py:120} INFO - [2024-01-14T15:04:33.840+0000] {dag.py:2585} INFO - Sync 1 DAGs
[2024-01-14T15:04:33.856+0000] {logging_mixin.py:120} INFO - [2024-01-14T15:04:33.856+0000] {dag.py:3340} INFO - Setting next_dagrun for example_task_group to 2024-01-13T15:04:33.856301+00:00, run_after=2024-01-14T15:04:33.856301+00:00
[2024-01-14T15:04:33.869+0000] {processor.py:176} INFO - Processing /home/airflow/.local/lib/python3.7/site-packages/airflow/example_dags/example_task_group.py took 0.075 seconds
[2024-01-14T15:05:03.912+0000] {processor.py:154} INFO - Started process (PID=682) to work on /home/airflow/.local/lib/python3.7/site-packages/airflow/example_dags/example_task_group.py
[2024-01-14T15:05:03.912+0000] {processor.py:756} INFO - Processing file /home/airflow/.local/lib/python3.7/site-packages/airflow/example_dags/example_task_group.py for tasks to queue
[2024-01-14T15:05:03.913+0000] {logging_mixin.py:120} INFO - [2024-01-14T15:05:03.913+0000] {dagbag.py:537} INFO - Filling up the DagBag from /home/airflow/.local/lib/python3.7/site-packages/airflow/example_dags/example_task_group.py
[2024-01-14T15:05:03.924+0000] {processor.py:766} INFO - DAG(s) dict_keys(['example_task_group']) retrieved from /home/airflow/.local/lib/python3.7/site-packages/airflow/example_dags/example_task_group.py
[2024-01-14T15:05:03.952+0000] {logging_mixin.py:120} INFO - [2024-01-14T15:05:03.952+0000] {dag.py:2585} INFO - Sync 1 DAGs
[2024-01-14T15:05:03.968+0000] {logging_mixin.py:120} INFO - [2024-01-14T15:05:03.968+0000] {dag.py:3340} INFO - Setting next_dagrun for example_task_group to 2024-01-13T15:05:03.968699+00:00, run_after=2024-01-14T15:05:03.968699+00:00
[2024-01-14T15:05:03.981+0000] {processor.py:176} INFO - Processing /home/airflow/.local/lib/python3.7/site-packages/airflow/example_dags/example_task_group.py took 0.071 seconds
[2024-01-14T15:05:34.989+0000] {processor.py:154} INFO - Started process (PID=736) to work on /home/airflow/.local/lib/python3.7/site-packages/airflow/example_dags/example_task_group.py
[2024-01-14T15:05:34.989+0000] {processor.py:756} INFO - Processing file /home/airflow/.local/lib/python3.7/site-packages/airflow/example_dags/example_task_group.py for tasks to queue
[2024-01-14T15:05:34.990+0000] {logging_mixin.py:120} INFO - [2024-01-14T15:05:34.990+0000] {dagbag.py:537} INFO - Filling up the DagBag from /home/airflow/.local/lib/python3.7/site-packages/airflow/example_dags/example_task_group.py
[2024-01-14T15:05:35.000+0000] {processor.py:766} INFO - DAG(s) dict_keys(['example_task_group']) retrieved from /home/airflow/.local/lib/python3.7/site-packages/airflow/example_dags/example_task_group.py
[2024-01-14T15:05:35.026+0000] {logging_mixin.py:120} INFO - [2024-01-14T15:05:35.026+0000] {dag.py:2585} INFO - Sync 1 DAGs
[2024-01-14T15:05:35.041+0000] {logging_mixin.py:120} INFO - [2024-01-14T15:05:35.041+0000] {dag.py:3340} INFO - Setting next_dagrun for example_task_group to 2024-01-13T15:05:35.041059+00:00, run_after=2024-01-14T15:05:35.041059+00:00
[2024-01-14T15:05:35.051+0000] {processor.py:176} INFO - Processing /home/airflow/.local/lib/python3.7/site-packages/airflow/example_dags/example_task_group.py took 0.065 seconds
[2024-01-14T15:06:05.866+0000] {processor.py:154} INFO - Started process (PID=799) to work on /home/airflow/.local/lib/python3.7/site-packages/airflow/example_dags/example_task_group.py
[2024-01-14T15:06:05.866+0000] {processor.py:756} INFO - Processing file /home/airflow/.local/lib/python3.7/site-packages/airflow/example_dags/example_task_group.py for tasks to queue
[2024-01-14T15:06:05.867+0000] {logging_mixin.py:120} INFO - [2024-01-14T15:06:05.867+0000] {dagbag.py:537} INFO - Filling up the DagBag from /home/airflow/.local/lib/python3.7/site-packages/airflow/example_dags/example_task_group.py
[2024-01-14T15:06:05.878+0000] {processor.py:766} INFO - DAG(s) dict_keys(['example_task_group']) retrieved from /home/airflow/.local/lib/python3.7/site-packages/airflow/example_dags/example_task_group.py
[2024-01-14T15:06:05.903+0000] {logging_mixin.py:120} INFO - [2024-01-14T15:06:05.903+0000] {dag.py:2585} INFO - Sync 1 DAGs
[2024-01-14T15:06:05.918+0000] {logging_mixin.py:120} INFO - [2024-01-14T15:06:05.918+0000] {dag.py:3340} INFO - Setting next_dagrun for example_task_group to 2024-01-13T15:06:05.918251+00:00, run_after=2024-01-14T15:06:05.918251+00:00
[2024-01-14T15:06:05.928+0000] {processor.py:176} INFO - Processing /home/airflow/.local/lib/python3.7/site-packages/airflow/example_dags/example_task_group.py took 0.064 seconds
[2024-01-14T15:06:36.939+0000] {processor.py:154} INFO - Started process (PID=862) to work on /home/airflow/.local/lib/python3.7/site-packages/airflow/example_dags/example_task_group.py
[2024-01-14T15:06:36.939+0000] {processor.py:756} INFO - Processing file /home/airflow/.local/lib/python3.7/site-packages/airflow/example_dags/example_task_group.py for tasks to queue
[2024-01-14T15:06:36.940+0000] {logging_mixin.py:120} INFO - [2024-01-14T15:06:36.940+0000] {dagbag.py:537} INFO - Filling up the DagBag from /home/airflow/.local/lib/python3.7/site-packages/airflow/example_dags/example_task_group.py
[2024-01-14T15:06:36.952+0000] {processor.py:766} INFO - DAG(s) dict_keys(['example_task_group']) retrieved from /home/airflow/.local/lib/python3.7/site-packages/airflow/example_dags/example_task_group.py
[2024-01-14T15:06:36.982+0000] {logging_mixin.py:120} INFO - [2024-01-14T15:06:36.982+0000] {dag.py:2585} INFO - Sync 1 DAGs
[2024-01-14T15:06:36.999+0000] {logging_mixin.py:120} INFO - [2024-01-14T15:06:36.998+0000] {dag.py:3340} INFO - Setting next_dagrun for example_task_group to 2024-01-13T15:06:36.998789+00:00, run_after=2024-01-14T15:06:36.998789+00:00
[2024-01-14T15:06:37.011+0000] {processor.py:176} INFO - Processing /home/airflow/.local/lib/python3.7/site-packages/airflow/example_dags/example_task_group.py took 0.074 seconds
[2024-01-14T15:07:07.035+0000] {processor.py:154} INFO - Started process (PID=925) to work on /home/airflow/.local/lib/python3.7/site-packages/airflow/example_dags/example_task_group.py
[2024-01-14T15:07:07.036+0000] {processor.py:756} INFO - Processing file /home/airflow/.local/lib/python3.7/site-packages/airflow/example_dags/example_task_group.py for tasks to queue
[2024-01-14T15:07:07.036+0000] {logging_mixin.py:120} INFO - [2024-01-14T15:07:07.036+0000] {dagbag.py:537} INFO - Filling up the DagBag from /home/airflow/.local/lib/python3.7/site-packages/airflow/example_dags/example_task_group.py
[2024-01-14T15:07:07.047+0000] {processor.py:766} INFO - DAG(s) dict_keys(['example_task_group']) retrieved from /home/airflow/.local/lib/python3.7/site-packages/airflow/example_dags/example_task_group.py
[2024-01-14T15:07:07.073+0000] {logging_mixin.py:120} INFO - [2024-01-14T15:07:07.073+0000] {dag.py:2585} INFO - Sync 1 DAGs
[2024-01-14T15:07:07.089+0000] {logging_mixin.py:120} INFO - [2024-01-14T15:07:07.089+0000] {dag.py:3340} INFO - Setting next_dagrun for example_task_group to 2024-01-13T15:07:07.089529+00:00, run_after=2024-01-14T15:07:07.089529+00:00
[2024-01-14T15:07:07.101+0000] {processor.py:176} INFO - Processing /home/airflow/.local/lib/python3.7/site-packages/airflow/example_dags/example_task_group.py took 0.068 seconds
[2024-01-14T15:07:37.971+0000] {processor.py:154} INFO - Started process (PID=987) to work on /home/airflow/.local/lib/python3.7/site-packages/airflow/example_dags/example_task_group.py
[2024-01-14T15:07:37.972+0000] {processor.py:756} INFO - Processing file /home/airflow/.local/lib/python3.7/site-packages/airflow/example_dags/example_task_group.py for tasks to queue
[2024-01-14T15:07:37.972+0000] {logging_mixin.py:120} INFO - [2024-01-14T15:07:37.972+0000] {dagbag.py:537} INFO - Filling up the DagBag from /home/airflow/.local/lib/python3.7/site-packages/airflow/example_dags/example_task_group.py
[2024-01-14T15:07:37.984+0000] {processor.py:766} INFO - DAG(s) dict_keys(['example_task_group']) retrieved from /home/airflow/.local/lib/python3.7/site-packages/airflow/example_dags/example_task_group.py
[2024-01-14T15:07:38.012+0000] {logging_mixin.py:120} INFO - [2024-01-14T15:07:38.012+0000] {dag.py:2585} INFO - Sync 1 DAGs
[2024-01-14T15:07:38.027+0000] {logging_mixin.py:120} INFO - [2024-01-14T15:07:38.027+0000] {dag.py:3340} INFO - Setting next_dagrun for example_task_group to 2024-01-13T15:07:38.027208+00:00, run_after=2024-01-14T15:07:38.027208+00:00
[2024-01-14T15:07:38.038+0000] {processor.py:176} INFO - Processing /home/airflow/.local/lib/python3.7/site-packages/airflow/example_dags/example_task_group.py took 0.070 seconds
[2024-01-14T15:08:08.189+0000] {processor.py:154} INFO - Started process (PID=1050) to work on /home/airflow/.local/lib/python3.7/site-packages/airflow/example_dags/example_task_group.py
[2024-01-14T15:08:08.190+0000] {processor.py:756} INFO - Processing file /home/airflow/.local/lib/python3.7/site-packages/airflow/example_dags/example_task_group.py for tasks to queue
[2024-01-14T15:08:08.190+0000] {logging_mixin.py:120} INFO - [2024-01-14T15:08:08.190+0000] {dagbag.py:537} INFO - Filling up the DagBag from /home/airflow/.local/lib/python3.7/site-packages/airflow/example_dags/example_task_group.py
[2024-01-14T15:08:08.201+0000] {processor.py:766} INFO - DAG(s) dict_keys(['example_task_group']) retrieved from /home/airflow/.local/lib/python3.7/site-packages/airflow/example_dags/example_task_group.py
[2024-01-14T15:08:08.230+0000] {logging_mixin.py:120} INFO - [2024-01-14T15:08:08.230+0000] {dag.py:2585} INFO - Sync 1 DAGs
[2024-01-14T15:08:08.246+0000] {logging_mixin.py:120} INFO - [2024-01-14T15:08:08.246+0000] {dag.py:3340} INFO - Setting next_dagrun for example_task_group to 2024-01-13T15:08:08.246603+00:00, run_after=2024-01-14T15:08:08.246603+00:00
[2024-01-14T15:08:08.258+0000] {processor.py:176} INFO - Processing /home/airflow/.local/lib/python3.7/site-packages/airflow/example_dags/example_task_group.py took 0.072 seconds
[2024-01-14T15:08:39.141+0000] {processor.py:154} INFO - Started process (PID=1104) to work on /home/airflow/.local/lib/python3.7/site-packages/airflow/example_dags/example_task_group.py
[2024-01-14T15:08:39.142+0000] {processor.py:756} INFO - Processing file /home/airflow/.local/lib/python3.7/site-packages/airflow/example_dags/example_task_group.py for tasks to queue
[2024-01-14T15:08:39.143+0000] {logging_mixin.py:120} INFO - [2024-01-14T15:08:39.142+0000] {dagbag.py:537} INFO - Filling up the DagBag from /home/airflow/.local/lib/python3.7/site-packages/airflow/example_dags/example_task_group.py
[2024-01-14T15:08:39.153+0000] {processor.py:766} INFO - DAG(s) dict_keys(['example_task_group']) retrieved from /home/airflow/.local/lib/python3.7/site-packages/airflow/example_dags/example_task_group.py
[2024-01-14T15:08:39.178+0000] {logging_mixin.py:120} INFO - [2024-01-14T15:08:39.178+0000] {dag.py:2585} INFO - Sync 1 DAGs
[2024-01-14T15:08:39.193+0000] {logging_mixin.py:120} INFO - [2024-01-14T15:08:39.193+0000] {dag.py:3340} INFO - Setting next_dagrun for example_task_group to 2024-01-13T15:08:39.193668+00:00, run_after=2024-01-14T15:08:39.193668+00:00
[2024-01-14T15:08:39.205+0000] {processor.py:176} INFO - Processing /home/airflow/.local/lib/python3.7/site-packages/airflow/example_dags/example_task_group.py took 0.066 seconds
[2024-01-14T15:09:10.122+0000] {processor.py:154} INFO - Started process (PID=1167) to work on /home/airflow/.local/lib/python3.7/site-packages/airflow/example_dags/example_task_group.py
[2024-01-14T15:09:10.122+0000] {processor.py:756} INFO - Processing file /home/airflow/.local/lib/python3.7/site-packages/airflow/example_dags/example_task_group.py for tasks to queue
[2024-01-14T15:09:10.123+0000] {logging_mixin.py:120} INFO - [2024-01-14T15:09:10.123+0000] {dagbag.py:537} INFO - Filling up the DagBag from /home/airflow/.local/lib/python3.7/site-packages/airflow/example_dags/example_task_group.py
[2024-01-14T15:09:10.133+0000] {processor.py:766} INFO - DAG(s) dict_keys(['example_task_group']) retrieved from /home/airflow/.local/lib/python3.7/site-packages/airflow/example_dags/example_task_group.py
[2024-01-14T15:09:10.157+0000] {logging_mixin.py:120} INFO - [2024-01-14T15:09:10.157+0000] {dag.py:2585} INFO - Sync 1 DAGs
[2024-01-14T15:09:10.173+0000] {logging_mixin.py:120} INFO - [2024-01-14T15:09:10.173+0000] {dag.py:3340} INFO - Setting next_dagrun for example_task_group to 2024-01-13T15:09:10.173300+00:00, run_after=2024-01-14T15:09:10.173300+00:00
[2024-01-14T15:09:10.186+0000] {processor.py:176} INFO - Processing /home/airflow/.local/lib/python3.7/site-packages/airflow/example_dags/example_task_group.py took 0.067 seconds
[2024-01-14T15:09:41.184+0000] {processor.py:154} INFO - Started process (PID=1230) to work on /home/airflow/.local/lib/python3.7/site-packages/airflow/example_dags/example_task_group.py
[2024-01-14T15:09:41.185+0000] {processor.py:756} INFO - Processing file /home/airflow/.local/lib/python3.7/site-packages/airflow/example_dags/example_task_group.py for tasks to queue
[2024-01-14T15:09:41.185+0000] {logging_mixin.py:120} INFO - [2024-01-14T15:09:41.185+0000] {dagbag.py:537} INFO - Filling up the DagBag from /home/airflow/.local/lib/python3.7/site-packages/airflow/example_dags/example_task_group.py
[2024-01-14T15:09:41.198+0000] {processor.py:766} INFO - DAG(s) dict_keys(['example_task_group']) retrieved from /home/airflow/.local/lib/python3.7/site-packages/airflow/example_dags/example_task_group.py
[2024-01-14T15:09:41.227+0000] {logging_mixin.py:120} INFO - [2024-01-14T15:09:41.227+0000] {dag.py:2585} INFO - Sync 1 DAGs
[2024-01-14T15:09:41.242+0000] {logging_mixin.py:120} INFO - [2024-01-14T15:09:41.242+0000] {dag.py:3340} INFO - Setting next_dagrun for example_task_group to 2024-01-13T15:09:41.242691+00:00, run_after=2024-01-14T15:09:41.242691+00:00
[2024-01-14T15:09:41.254+0000] {processor.py:176} INFO - Processing /home/airflow/.local/lib/python3.7/site-packages/airflow/example_dags/example_task_group.py took 0.073 seconds
[2024-01-14T15:10:12.044+0000] {processor.py:154} INFO - Started process (PID=1293) to work on /home/airflow/.local/lib/python3.7/site-packages/airflow/example_dags/example_task_group.py
[2024-01-14T15:10:12.045+0000] {processor.py:756} INFO - Processing file /home/airflow/.local/lib/python3.7/site-packages/airflow/example_dags/example_task_group.py for tasks to queue
[2024-01-14T15:10:12.045+0000] {logging_mixin.py:120} INFO - [2024-01-14T15:10:12.045+0000] {dagbag.py:537} INFO - Filling up the DagBag from /home/airflow/.local/lib/python3.7/site-packages/airflow/example_dags/example_task_group.py
[2024-01-14T15:10:12.056+0000] {processor.py:766} INFO - DAG(s) dict_keys(['example_task_group']) retrieved from /home/airflow/.local/lib/python3.7/site-packages/airflow/example_dags/example_task_group.py
[2024-01-14T15:10:12.080+0000] {logging_mixin.py:120} INFO - [2024-01-14T15:10:12.080+0000] {dag.py:2585} INFO - Sync 1 DAGs
[2024-01-14T15:10:12.095+0000] {logging_mixin.py:120} INFO - [2024-01-14T15:10:12.095+0000] {dag.py:3340} INFO - Setting next_dagrun for example_task_group to 2024-01-13T15:10:12.095120+00:00, run_after=2024-01-14T15:10:12.095120+00:00
[2024-01-14T15:10:12.106+0000] {processor.py:176} INFO - Processing /home/airflow/.local/lib/python3.7/site-packages/airflow/example_dags/example_task_group.py took 0.064 seconds
[2024-01-14T15:10:42.909+0000] {processor.py:154} INFO - Started process (PID=1356) to work on /home/airflow/.local/lib/python3.7/site-packages/airflow/example_dags/example_task_group.py
[2024-01-14T15:10:42.910+0000] {processor.py:756} INFO - Processing file /home/airflow/.local/lib/python3.7/site-packages/airflow/example_dags/example_task_group.py for tasks to queue
[2024-01-14T15:10:42.911+0000] {logging_mixin.py:120} INFO - [2024-01-14T15:10:42.910+0000] {dagbag.py:537} INFO - Filling up the DagBag from /home/airflow/.local/lib/python3.7/site-packages/airflow/example_dags/example_task_group.py
[2024-01-14T15:10:42.921+0000] {processor.py:766} INFO - DAG(s) dict_keys(['example_task_group']) retrieved from /home/airflow/.local/lib/python3.7/site-packages/airflow/example_dags/example_task_group.py
[2024-01-14T15:10:42.948+0000] {logging_mixin.py:120} INFO - [2024-01-14T15:10:42.947+0000] {dag.py:2585} INFO - Sync 1 DAGs
[2024-01-14T15:10:42.962+0000] {logging_mixin.py:120} INFO - [2024-01-14T15:10:42.962+0000] {dag.py:3340} INFO - Setting next_dagrun for example_task_group to 2024-01-13T15:10:42.962511+00:00, run_after=2024-01-14T15:10:42.962511+00:00
[2024-01-14T15:10:42.974+0000] {processor.py:176} INFO - Processing /home/airflow/.local/lib/python3.7/site-packages/airflow/example_dags/example_task_group.py took 0.067 seconds
[2024-01-14T15:11:44.951+0000] {processor.py:154} INFO - Started process (PID=1482) to work on /home/airflow/.local/lib/python3.7/site-packages/airflow/example_dags/example_task_group.py
[2024-01-14T15:11:44.952+0000] {processor.py:756} INFO - Processing file /home/airflow/.local/lib/python3.7/site-packages/airflow/example_dags/example_task_group.py for tasks to queue
[2024-01-14T15:11:44.952+0000] {logging_mixin.py:120} INFO - [2024-01-14T15:11:44.952+0000] {dagbag.py:537} INFO - Filling up the DagBag from /home/airflow/.local/lib/python3.7/site-packages/airflow/example_dags/example_task_group.py
[2024-01-14T15:11:44.963+0000] {processor.py:766} INFO - DAG(s) dict_keys(['example_task_group']) retrieved from /home/airflow/.local/lib/python3.7/site-packages/airflow/example_dags/example_task_group.py
[2024-01-14T15:11:44.989+0000] {logging_mixin.py:120} INFO - [2024-01-14T15:11:44.989+0000] {dag.py:2585} INFO - Sync 1 DAGs
[2024-01-14T15:11:45.005+0000] {logging_mixin.py:120} INFO - [2024-01-14T15:11:45.005+0000] {dag.py:3340} INFO - Setting next_dagrun for example_task_group to 2024-01-13T15:11:45.005129+00:00, run_after=2024-01-14T15:11:45.005129+00:00
[2024-01-14T15:11:45.016+0000] {processor.py:176} INFO - Processing /home/airflow/.local/lib/python3.7/site-packages/airflow/example_dags/example_task_group.py took 0.067 seconds
[2024-01-14T15:12:16.005+0000] {processor.py:154} INFO - Started process (PID=1543) to work on /home/airflow/.local/lib/python3.7/site-packages/airflow/example_dags/example_task_group.py
[2024-01-14T15:12:16.006+0000] {processor.py:756} INFO - Processing file /home/airflow/.local/lib/python3.7/site-packages/airflow/example_dags/example_task_group.py for tasks to queue
[2024-01-14T15:12:16.006+0000] {logging_mixin.py:120} INFO - [2024-01-14T15:12:16.006+0000] {dagbag.py:537} INFO - Filling up the DagBag from /home/airflow/.local/lib/python3.7/site-packages/airflow/example_dags/example_task_group.py
[2024-01-14T15:12:16.017+0000] {processor.py:766} INFO - DAG(s) dict_keys(['example_task_group']) retrieved from /home/airflow/.local/lib/python3.7/site-packages/airflow/example_dags/example_task_group.py
[2024-01-14T15:12:16.042+0000] {logging_mixin.py:120} INFO - [2024-01-14T15:12:16.042+0000] {dag.py:2585} INFO - Sync 1 DAGs
[2024-01-14T15:12:16.058+0000] {logging_mixin.py:120} INFO - [2024-01-14T15:12:16.058+0000] {dag.py:3340} INFO - Setting next_dagrun for example_task_group to 2024-01-13T15:12:16.058052+00:00, run_after=2024-01-14T15:12:16.058052+00:00
[2024-01-14T15:12:16.070+0000] {processor.py:176} INFO - Processing /home/airflow/.local/lib/python3.7/site-packages/airflow/example_dags/example_task_group.py took 0.067 seconds
[2024-01-14T15:12:46.864+0000] {processor.py:154} INFO - Started process (PID=1599) to work on /home/airflow/.local/lib/python3.7/site-packages/airflow/example_dags/example_task_group.py
[2024-01-14T15:12:46.865+0000] {processor.py:756} INFO - Processing file /home/airflow/.local/lib/python3.7/site-packages/airflow/example_dags/example_task_group.py for tasks to queue
[2024-01-14T15:12:46.866+0000] {logging_mixin.py:120} INFO - [2024-01-14T15:12:46.865+0000] {dagbag.py:537} INFO - Filling up the DagBag from /home/airflow/.local/lib/python3.7/site-packages/airflow/example_dags/example_task_group.py
[2024-01-14T15:12:46.876+0000] {processor.py:766} INFO - DAG(s) dict_keys(['example_task_group']) retrieved from /home/airflow/.local/lib/python3.7/site-packages/airflow/example_dags/example_task_group.py
[2024-01-14T15:12:46.901+0000] {logging_mixin.py:120} INFO - [2024-01-14T15:12:46.901+0000] {dag.py:2585} INFO - Sync 1 DAGs
[2024-01-14T15:12:46.915+0000] {logging_mixin.py:120} INFO - [2024-01-14T15:12:46.915+0000] {dag.py:3340} INFO - Setting next_dagrun for example_task_group to 2024-01-13T15:12:46.915355+00:00, run_after=2024-01-14T15:12:46.915355+00:00
[2024-01-14T15:12:46.926+0000] {processor.py:176} INFO - Processing /home/airflow/.local/lib/python3.7/site-packages/airflow/example_dags/example_task_group.py took 0.064 seconds
[2024-01-14T15:13:17.911+0000] {processor.py:154} INFO - Started process (PID=1662) to work on /home/airflow/.local/lib/python3.7/site-packages/airflow/example_dags/example_task_group.py
[2024-01-14T15:13:17.912+0000] {processor.py:756} INFO - Processing file /home/airflow/.local/lib/python3.7/site-packages/airflow/example_dags/example_task_group.py for tasks to queue
[2024-01-14T15:13:17.912+0000] {logging_mixin.py:120} INFO - [2024-01-14T15:13:17.912+0000] {dagbag.py:537} INFO - Filling up the DagBag from /home/airflow/.local/lib/python3.7/site-packages/airflow/example_dags/example_task_group.py
[2024-01-14T15:13:17.924+0000] {processor.py:766} INFO - DAG(s) dict_keys(['example_task_group']) retrieved from /home/airflow/.local/lib/python3.7/site-packages/airflow/example_dags/example_task_group.py
[2024-01-14T15:13:17.951+0000] {logging_mixin.py:120} INFO - [2024-01-14T15:13:17.951+0000] {dag.py:2585} INFO - Sync 1 DAGs
[2024-01-14T15:13:17.968+0000] {logging_mixin.py:120} INFO - [2024-01-14T15:13:17.968+0000] {dag.py:3340} INFO - Setting next_dagrun for example_task_group to 2024-01-13T15:13:17.967888+00:00, run_after=2024-01-14T15:13:17.967888+00:00
[2024-01-14T15:13:17.979+0000] {processor.py:176} INFO - Processing /home/airflow/.local/lib/python3.7/site-packages/airflow/example_dags/example_task_group.py took 0.070 seconds
[2024-01-14T15:13:48.796+0000] {processor.py:154} INFO - Started process (PID=1725) to work on /home/airflow/.local/lib/python3.7/site-packages/airflow/example_dags/example_task_group.py
[2024-01-14T15:13:48.796+0000] {processor.py:756} INFO - Processing file /home/airflow/.local/lib/python3.7/site-packages/airflow/example_dags/example_task_group.py for tasks to queue
[2024-01-14T15:13:48.797+0000] {logging_mixin.py:120} INFO - [2024-01-14T15:13:48.797+0000] {dagbag.py:537} INFO - Filling up the DagBag from /home/airflow/.local/lib/python3.7/site-packages/airflow/example_dags/example_task_group.py
[2024-01-14T15:13:48.807+0000] {processor.py:766} INFO - DAG(s) dict_keys(['example_task_group']) retrieved from /home/airflow/.local/lib/python3.7/site-packages/airflow/example_dags/example_task_group.py
[2024-01-14T15:13:48.833+0000] {logging_mixin.py:120} INFO - [2024-01-14T15:13:48.833+0000] {dag.py:2585} INFO - Sync 1 DAGs
[2024-01-14T15:13:48.847+0000] {logging_mixin.py:120} INFO - [2024-01-14T15:13:48.847+0000] {dag.py:3340} INFO - Setting next_dagrun for example_task_group to 2024-01-13T15:13:48.847746+00:00, run_after=2024-01-14T15:13:48.847746+00:00
[2024-01-14T15:13:48.858+0000] {processor.py:176} INFO - Processing /home/airflow/.local/lib/python3.7/site-packages/airflow/example_dags/example_task_group.py took 0.065 seconds
[2024-01-14T15:14:19.778+0000] {processor.py:154} INFO - Started process (PID=1788) to work on /home/airflow/.local/lib/python3.7/site-packages/airflow/example_dags/example_task_group.py
[2024-01-14T15:14:19.779+0000] {processor.py:756} INFO - Processing file /home/airflow/.local/lib/python3.7/site-packages/airflow/example_dags/example_task_group.py for tasks to queue
[2024-01-14T15:14:19.779+0000] {logging_mixin.py:120} INFO - [2024-01-14T15:14:19.779+0000] {dagbag.py:537} INFO - Filling up the DagBag from /home/airflow/.local/lib/python3.7/site-packages/airflow/example_dags/example_task_group.py
[2024-01-14T15:14:19.790+0000] {processor.py:766} INFO - DAG(s) dict_keys(['example_task_group']) retrieved from /home/airflow/.local/lib/python3.7/site-packages/airflow/example_dags/example_task_group.py
[2024-01-14T15:14:19.817+0000] {logging_mixin.py:120} INFO - [2024-01-14T15:14:19.817+0000] {dag.py:2585} INFO - Sync 1 DAGs
[2024-01-14T15:14:19.832+0000] {logging_mixin.py:120} INFO - [2024-01-14T15:14:19.831+0000] {dag.py:3340} INFO - Setting next_dagrun for example_task_group to 2024-01-13T15:14:19.831761+00:00, run_after=2024-01-14T15:14:19.831761+00:00
[2024-01-14T15:14:19.842+0000] {processor.py:176} INFO - Processing /home/airflow/.local/lib/python3.7/site-packages/airflow/example_dags/example_task_group.py took 0.067 seconds
[2024-01-14T15:14:50.754+0000] {processor.py:154} INFO - Started process (PID=1851) to work on /home/airflow/.local/lib/python3.7/site-packages/airflow/example_dags/example_task_group.py
[2024-01-14T15:14:50.755+0000] {processor.py:756} INFO - Processing file /home/airflow/.local/lib/python3.7/site-packages/airflow/example_dags/example_task_group.py for tasks to queue
[2024-01-14T15:14:50.755+0000] {logging_mixin.py:120} INFO - [2024-01-14T15:14:50.755+0000] {dagbag.py:537} INFO - Filling up the DagBag from /home/airflow/.local/lib/python3.7/site-packages/airflow/example_dags/example_task_group.py
[2024-01-14T15:14:50.766+0000] {processor.py:766} INFO - DAG(s) dict_keys(['example_task_group']) retrieved from /home/airflow/.local/lib/python3.7/site-packages/airflow/example_dags/example_task_group.py
[2024-01-14T15:14:50.792+0000] {logging_mixin.py:120} INFO - [2024-01-14T15:14:50.792+0000] {dag.py:2585} INFO - Sync 1 DAGs
[2024-01-14T15:14:50.806+0000] {logging_mixin.py:120} INFO - [2024-01-14T15:14:50.806+0000] {dag.py:3340} INFO - Setting next_dagrun for example_task_group to 2024-01-13T15:14:50.806477+00:00, run_after=2024-01-14T15:14:50.806477+00:00
[2024-01-14T15:14:50.818+0000] {processor.py:176} INFO - Processing /home/airflow/.local/lib/python3.7/site-packages/airflow/example_dags/example_task_group.py took 0.066 seconds
[2024-01-14T15:15:21.696+0000] {processor.py:154} INFO - Started process (PID=1914) to work on /home/airflow/.local/lib/python3.7/site-packages/airflow/example_dags/example_task_group.py
[2024-01-14T15:15:21.696+0000] {processor.py:756} INFO - Processing file /home/airflow/.local/lib/python3.7/site-packages/airflow/example_dags/example_task_group.py for tasks to queue
[2024-01-14T15:15:21.697+0000] {logging_mixin.py:120} INFO - [2024-01-14T15:15:21.697+0000] {dagbag.py:537} INFO - Filling up the DagBag from /home/airflow/.local/lib/python3.7/site-packages/airflow/example_dags/example_task_group.py
[2024-01-14T15:15:21.709+0000] {processor.py:766} INFO - DAG(s) dict_keys(['example_task_group']) retrieved from /home/airflow/.local/lib/python3.7/site-packages/airflow/example_dags/example_task_group.py
[2024-01-14T15:15:21.736+0000] {logging_mixin.py:120} INFO - [2024-01-14T15:15:21.736+0000] {dag.py:2585} INFO - Sync 1 DAGs
[2024-01-14T15:15:21.752+0000] {logging_mixin.py:120} INFO - [2024-01-14T15:15:21.752+0000] {dag.py:3340} INFO - Setting next_dagrun for example_task_group to 2024-01-13T15:15:21.752512+00:00, run_after=2024-01-14T15:15:21.752512+00:00
[2024-01-14T15:15:21.764+0000] {processor.py:176} INFO - Processing /home/airflow/.local/lib/python3.7/site-packages/airflow/example_dags/example_task_group.py took 0.071 seconds
[2024-01-14T15:15:51.835+0000] {processor.py:154} INFO - Started process (PID=1968) to work on /home/airflow/.local/lib/python3.7/site-packages/airflow/example_dags/example_task_group.py
[2024-01-14T15:15:51.836+0000] {processor.py:756} INFO - Processing file /home/airflow/.local/lib/python3.7/site-packages/airflow/example_dags/example_task_group.py for tasks to queue
[2024-01-14T15:15:51.836+0000] {logging_mixin.py:120} INFO - [2024-01-14T15:15:51.836+0000] {dagbag.py:537} INFO - Filling up the DagBag from /home/airflow/.local/lib/python3.7/site-packages/airflow/example_dags/example_task_group.py
[2024-01-14T15:15:51.847+0000] {processor.py:766} INFO - DAG(s) dict_keys(['example_task_group']) retrieved from /home/airflow/.local/lib/python3.7/site-packages/airflow/example_dags/example_task_group.py
[2024-01-14T15:15:51.874+0000] {logging_mixin.py:120} INFO - [2024-01-14T15:15:51.874+0000] {dag.py:2585} INFO - Sync 1 DAGs
[2024-01-14T15:15:51.891+0000] {logging_mixin.py:120} INFO - [2024-01-14T15:15:51.890+0000] {dag.py:3340} INFO - Setting next_dagrun for example_task_group to 2024-01-13T15:15:51.890772+00:00, run_after=2024-01-14T15:15:51.890772+00:00
[2024-01-14T15:15:51.902+0000] {processor.py:176} INFO - Processing /home/airflow/.local/lib/python3.7/site-packages/airflow/example_dags/example_task_group.py took 0.069 seconds
[2024-01-14T15:16:22.897+0000] {processor.py:154} INFO - Started process (PID=2031) to work on /home/airflow/.local/lib/python3.7/site-packages/airflow/example_dags/example_task_group.py
[2024-01-14T15:16:22.897+0000] {processor.py:756} INFO - Processing file /home/airflow/.local/lib/python3.7/site-packages/airflow/example_dags/example_task_group.py for tasks to queue
[2024-01-14T15:16:22.898+0000] {logging_mixin.py:120} INFO - [2024-01-14T15:16:22.898+0000] {dagbag.py:537} INFO - Filling up the DagBag from /home/airflow/.local/lib/python3.7/site-packages/airflow/example_dags/example_task_group.py
[2024-01-14T15:16:22.909+0000] {processor.py:766} INFO - DAG(s) dict_keys(['example_task_group']) retrieved from /home/airflow/.local/lib/python3.7/site-packages/airflow/example_dags/example_task_group.py
[2024-01-14T15:16:22.936+0000] {logging_mixin.py:120} INFO - [2024-01-14T15:16:22.936+0000] {dag.py:2585} INFO - Sync 1 DAGs
[2024-01-14T15:16:22.951+0000] {logging_mixin.py:120} INFO - [2024-01-14T15:16:22.951+0000] {dag.py:3340} INFO - Setting next_dagrun for example_task_group to 2024-01-13T15:16:22.950910+00:00, run_after=2024-01-14T15:16:22.950910+00:00
[2024-01-14T15:16:22.961+0000] {processor.py:176} INFO - Processing /home/airflow/.local/lib/python3.7/site-packages/airflow/example_dags/example_task_group.py took 0.067 seconds
[2024-01-14T15:16:53.946+0000] {processor.py:154} INFO - Started process (PID=2094) to work on /home/airflow/.local/lib/python3.7/site-packages/airflow/example_dags/example_task_group.py
[2024-01-14T15:16:53.946+0000] {processor.py:756} INFO - Processing file /home/airflow/.local/lib/python3.7/site-packages/airflow/example_dags/example_task_group.py for tasks to queue
[2024-01-14T15:16:53.947+0000] {logging_mixin.py:120} INFO - [2024-01-14T15:16:53.947+0000] {dagbag.py:537} INFO - Filling up the DagBag from /home/airflow/.local/lib/python3.7/site-packages/airflow/example_dags/example_task_group.py
[2024-01-14T15:16:53.959+0000] {processor.py:766} INFO - DAG(s) dict_keys(['example_task_group']) retrieved from /home/airflow/.local/lib/python3.7/site-packages/airflow/example_dags/example_task_group.py
[2024-01-14T15:16:53.984+0000] {logging_mixin.py:120} INFO - [2024-01-14T15:16:53.984+0000] {dag.py:2585} INFO - Sync 1 DAGs
[2024-01-14T15:16:53.999+0000] {logging_mixin.py:120} INFO - [2024-01-14T15:16:53.999+0000] {dag.py:3340} INFO - Setting next_dagrun for example_task_group to 2024-01-13T15:16:53.998934+00:00, run_after=2024-01-14T15:16:53.998934+00:00
[2024-01-14T15:16:54.010+0000] {processor.py:176} INFO - Processing /home/airflow/.local/lib/python3.7/site-packages/airflow/example_dags/example_task_group.py took 0.066 seconds
[2024-01-14T15:17:25.137+0000] {processor.py:154} INFO - Started process (PID=2157) to work on /home/airflow/.local/lib/python3.7/site-packages/airflow/example_dags/example_task_group.py
[2024-01-14T15:17:25.138+0000] {processor.py:756} INFO - Processing file /home/airflow/.local/lib/python3.7/site-packages/airflow/example_dags/example_task_group.py for tasks to queue
[2024-01-14T15:17:25.139+0000] {logging_mixin.py:120} INFO - [2024-01-14T15:17:25.139+0000] {dagbag.py:537} INFO - Filling up the DagBag from /home/airflow/.local/lib/python3.7/site-packages/airflow/example_dags/example_task_group.py
[2024-01-14T15:17:25.150+0000] {processor.py:766} INFO - DAG(s) dict_keys(['example_task_group']) retrieved from /home/airflow/.local/lib/python3.7/site-packages/airflow/example_dags/example_task_group.py
[2024-01-14T15:17:25.179+0000] {logging_mixin.py:120} INFO - [2024-01-14T15:17:25.179+0000] {dag.py:2585} INFO - Sync 1 DAGs
[2024-01-14T15:17:25.196+0000] {logging_mixin.py:120} INFO - [2024-01-14T15:17:25.196+0000] {dag.py:3340} INFO - Setting next_dagrun for example_task_group to 2024-01-13T15:17:25.195954+00:00, run_after=2024-01-14T15:17:25.195954+00:00
[2024-01-14T15:17:25.207+0000] {processor.py:176} INFO - Processing /home/airflow/.local/lib/python3.7/site-packages/airflow/example_dags/example_task_group.py took 0.072 seconds
[2024-01-14T15:17:55.313+0000] {processor.py:154} INFO - Started process (PID=2220) to work on /home/airflow/.local/lib/python3.7/site-packages/airflow/example_dags/example_task_group.py
[2024-01-14T15:17:55.314+0000] {processor.py:756} INFO - Processing file /home/airflow/.local/lib/python3.7/site-packages/airflow/example_dags/example_task_group.py for tasks to queue
[2024-01-14T15:17:55.314+0000] {logging_mixin.py:120} INFO - [2024-01-14T15:17:55.314+0000] {dagbag.py:537} INFO - Filling up the DagBag from /home/airflow/.local/lib/python3.7/site-packages/airflow/example_dags/example_task_group.py
[2024-01-14T15:17:55.325+0000] {processor.py:766} INFO - DAG(s) dict_keys(['example_task_group']) retrieved from /home/airflow/.local/lib/python3.7/site-packages/airflow/example_dags/example_task_group.py
[2024-01-14T15:17:55.351+0000] {logging_mixin.py:120} INFO - [2024-01-14T15:17:55.351+0000] {dag.py:2585} INFO - Sync 1 DAGs
[2024-01-14T15:17:55.366+0000] {logging_mixin.py:120} INFO - [2024-01-14T15:17:55.366+0000] {dag.py:3340} INFO - Setting next_dagrun for example_task_group to 2024-01-13T15:17:55.366143+00:00, run_after=2024-01-14T15:17:55.366143+00:00
[2024-01-14T15:17:55.377+0000] {processor.py:176} INFO - Processing /home/airflow/.local/lib/python3.7/site-packages/airflow/example_dags/example_task_group.py took 0.066 seconds
[2024-01-14T15:18:26.375+0000] {processor.py:154} INFO - Started process (PID=2283) to work on /home/airflow/.local/lib/python3.7/site-packages/airflow/example_dags/example_task_group.py
[2024-01-14T15:18:26.376+0000] {processor.py:756} INFO - Processing file /home/airflow/.local/lib/python3.7/site-packages/airflow/example_dags/example_task_group.py for tasks to queue
[2024-01-14T15:18:26.377+0000] {logging_mixin.py:120} INFO - [2024-01-14T15:18:26.376+0000] {dagbag.py:537} INFO - Filling up the DagBag from /home/airflow/.local/lib/python3.7/site-packages/airflow/example_dags/example_task_group.py
[2024-01-14T15:18:26.388+0000] {processor.py:766} INFO - DAG(s) dict_keys(['example_task_group']) retrieved from /home/airflow/.local/lib/python3.7/site-packages/airflow/example_dags/example_task_group.py
[2024-01-14T15:18:26.415+0000] {logging_mixin.py:120} INFO - [2024-01-14T15:18:26.415+0000] {dag.py:2585} INFO - Sync 1 DAGs
[2024-01-14T15:18:26.429+0000] {logging_mixin.py:120} INFO - [2024-01-14T15:18:26.429+0000] {dag.py:3340} INFO - Setting next_dagrun for example_task_group to 2024-01-13T15:18:26.429660+00:00, run_after=2024-01-14T15:18:26.429660+00:00
[2024-01-14T15:18:26.440+0000] {processor.py:176} INFO - Processing /home/airflow/.local/lib/python3.7/site-packages/airflow/example_dags/example_task_group.py took 0.068 seconds
[2024-01-14T15:18:57.263+0000] {processor.py:154} INFO - Started process (PID=2346) to work on /home/airflow/.local/lib/python3.7/site-packages/airflow/example_dags/example_task_group.py
[2024-01-14T15:18:57.264+0000] {processor.py:756} INFO - Processing file /home/airflow/.local/lib/python3.7/site-packages/airflow/example_dags/example_task_group.py for tasks to queue
[2024-01-14T15:18:57.265+0000] {logging_mixin.py:120} INFO - [2024-01-14T15:18:57.264+0000] {dagbag.py:537} INFO - Filling up the DagBag from /home/airflow/.local/lib/python3.7/site-packages/airflow/example_dags/example_task_group.py
[2024-01-14T15:18:57.276+0000] {processor.py:766} INFO - DAG(s) dict_keys(['example_task_group']) retrieved from /home/airflow/.local/lib/python3.7/site-packages/airflow/example_dags/example_task_group.py
[2024-01-14T15:18:57.302+0000] {logging_mixin.py:120} INFO - [2024-01-14T15:18:57.302+0000] {dag.py:2585} INFO - Sync 1 DAGs
[2024-01-14T15:18:57.317+0000] {logging_mixin.py:120} INFO - [2024-01-14T15:18:57.317+0000] {dag.py:3340} INFO - Setting next_dagrun for example_task_group to 2024-01-13T15:18:57.317250+00:00, run_after=2024-01-14T15:18:57.317250+00:00
[2024-01-14T15:18:57.329+0000] {processor.py:176} INFO - Processing /home/airflow/.local/lib/python3.7/site-packages/airflow/example_dags/example_task_group.py took 0.068 seconds
[2024-01-14T15:19:28.415+0000] {processor.py:154} INFO - Started process (PID=2400) to work on /home/airflow/.local/lib/python3.7/site-packages/airflow/example_dags/example_task_group.py
[2024-01-14T15:19:28.415+0000] {processor.py:756} INFO - Processing file /home/airflow/.local/lib/python3.7/site-packages/airflow/example_dags/example_task_group.py for tasks to queue
[2024-01-14T15:19:28.416+0000] {logging_mixin.py:120} INFO - [2024-01-14T15:19:28.416+0000] {dagbag.py:537} INFO - Filling up the DagBag from /home/airflow/.local/lib/python3.7/site-packages/airflow/example_dags/example_task_group.py
[2024-01-14T15:19:28.428+0000] {processor.py:766} INFO - DAG(s) dict_keys(['example_task_group']) retrieved from /home/airflow/.local/lib/python3.7/site-packages/airflow/example_dags/example_task_group.py
[2024-01-14T15:19:28.457+0000] {logging_mixin.py:120} INFO - [2024-01-14T15:19:28.457+0000] {dag.py:2585} INFO - Sync 1 DAGs
[2024-01-14T15:19:28.473+0000] {logging_mixin.py:120} INFO - [2024-01-14T15:19:28.473+0000] {dag.py:3340} INFO - Setting next_dagrun for example_task_group to 2024-01-13T15:19:28.473646+00:00, run_after=2024-01-14T15:19:28.473646+00:00
[2024-01-14T15:19:28.484+0000] {processor.py:176} INFO - Processing /home/airflow/.local/lib/python3.7/site-packages/airflow/example_dags/example_task_group.py took 0.073 seconds
[2024-01-14T15:19:58.548+0000] {processor.py:154} INFO - Started process (PID=2463) to work on /home/airflow/.local/lib/python3.7/site-packages/airflow/example_dags/example_task_group.py
[2024-01-14T15:19:58.549+0000] {processor.py:756} INFO - Processing file /home/airflow/.local/lib/python3.7/site-packages/airflow/example_dags/example_task_group.py for tasks to queue
[2024-01-14T15:19:58.549+0000] {logging_mixin.py:120} INFO - [2024-01-14T15:19:58.549+0000] {dagbag.py:537} INFO - Filling up the DagBag from /home/airflow/.local/lib/python3.7/site-packages/airflow/example_dags/example_task_group.py
[2024-01-14T15:19:58.561+0000] {processor.py:766} INFO - DAG(s) dict_keys(['example_task_group']) retrieved from /home/airflow/.local/lib/python3.7/site-packages/airflow/example_dags/example_task_group.py
[2024-01-14T15:19:58.592+0000] {logging_mixin.py:120} INFO - [2024-01-14T15:19:58.591+0000] {dag.py:2585} INFO - Sync 1 DAGs
[2024-01-14T15:19:58.608+0000] {logging_mixin.py:120} INFO - [2024-01-14T15:19:58.608+0000] {dag.py:3340} INFO - Setting next_dagrun for example_task_group to 2024-01-13T15:19:58.608166+00:00, run_after=2024-01-14T15:19:58.608166+00:00
[2024-01-14T15:19:58.620+0000] {processor.py:176} INFO - Processing /home/airflow/.local/lib/python3.7/site-packages/airflow/example_dags/example_task_group.py took 0.074 seconds
[2024-01-14T15:20:29.445+0000] {processor.py:154} INFO - Started process (PID=2526) to work on /home/airflow/.local/lib/python3.7/site-packages/airflow/example_dags/example_task_group.py
[2024-01-14T15:20:29.446+0000] {processor.py:756} INFO - Processing file /home/airflow/.local/lib/python3.7/site-packages/airflow/example_dags/example_task_group.py for tasks to queue
[2024-01-14T15:20:29.447+0000] {logging_mixin.py:120} INFO - [2024-01-14T15:20:29.446+0000] {dagbag.py:537} INFO - Filling up the DagBag from /home/airflow/.local/lib/python3.7/site-packages/airflow/example_dags/example_task_group.py
[2024-01-14T15:20:29.458+0000] {processor.py:766} INFO - DAG(s) dict_keys(['example_task_group']) retrieved from /home/airflow/.local/lib/python3.7/site-packages/airflow/example_dags/example_task_group.py
[2024-01-14T15:20:29.486+0000] {logging_mixin.py:120} INFO - [2024-01-14T15:20:29.486+0000] {dag.py:2585} INFO - Sync 1 DAGs
[2024-01-14T15:20:29.501+0000] {logging_mixin.py:120} INFO - [2024-01-14T15:20:29.501+0000] {dag.py:3340} INFO - Setting next_dagrun for example_task_group to 2024-01-13T15:20:29.501390+00:00, run_after=2024-01-14T15:20:29.501390+00:00
[2024-01-14T15:20:29.517+0000] {processor.py:176} INFO - Processing /home/airflow/.local/lib/python3.7/site-packages/airflow/example_dags/example_task_group.py took 0.074 seconds
[2024-01-14T15:21:00.357+0000] {processor.py:154} INFO - Started process (PID=2589) to work on /home/airflow/.local/lib/python3.7/site-packages/airflow/example_dags/example_task_group.py
[2024-01-14T15:21:00.357+0000] {processor.py:756} INFO - Processing file /home/airflow/.local/lib/python3.7/site-packages/airflow/example_dags/example_task_group.py for tasks to queue
[2024-01-14T15:21:00.358+0000] {logging_mixin.py:120} INFO - [2024-01-14T15:21:00.358+0000] {dagbag.py:537} INFO - Filling up the DagBag from /home/airflow/.local/lib/python3.7/site-packages/airflow/example_dags/example_task_group.py
[2024-01-14T15:21:00.368+0000] {processor.py:766} INFO - DAG(s) dict_keys(['example_task_group']) retrieved from /home/airflow/.local/lib/python3.7/site-packages/airflow/example_dags/example_task_group.py
[2024-01-14T15:21:00.395+0000] {logging_mixin.py:120} INFO - [2024-01-14T15:21:00.395+0000] {dag.py:2585} INFO - Sync 1 DAGs
[2024-01-14T15:21:00.411+0000] {logging_mixin.py:120} INFO - [2024-01-14T15:21:00.411+0000] {dag.py:3340} INFO - Setting next_dagrun for example_task_group to 2024-01-13T15:21:00.411046+00:00, run_after=2024-01-14T15:21:00.411046+00:00
[2024-01-14T15:21:00.423+0000] {processor.py:176} INFO - Processing /home/airflow/.local/lib/python3.7/site-packages/airflow/example_dags/example_task_group.py took 0.069 seconds
[2024-01-14T15:21:31.352+0000] {processor.py:154} INFO - Started process (PID=2652) to work on /home/airflow/.local/lib/python3.7/site-packages/airflow/example_dags/example_task_group.py
[2024-01-14T15:21:31.353+0000] {processor.py:756} INFO - Processing file /home/airflow/.local/lib/python3.7/site-packages/airflow/example_dags/example_task_group.py for tasks to queue
[2024-01-14T15:21:31.354+0000] {logging_mixin.py:120} INFO - [2024-01-14T15:21:31.354+0000] {dagbag.py:537} INFO - Filling up the DagBag from /home/airflow/.local/lib/python3.7/site-packages/airflow/example_dags/example_task_group.py
[2024-01-14T15:21:31.364+0000] {processor.py:766} INFO - DAG(s) dict_keys(['example_task_group']) retrieved from /home/airflow/.local/lib/python3.7/site-packages/airflow/example_dags/example_task_group.py
[2024-01-14T15:21:31.390+0000] {logging_mixin.py:120} INFO - [2024-01-14T15:21:31.390+0000] {dag.py:2585} INFO - Sync 1 DAGs
[2024-01-14T15:21:31.405+0000] {logging_mixin.py:120} INFO - [2024-01-14T15:21:31.405+0000] {dag.py:3340} INFO - Setting next_dagrun for example_task_group to 2024-01-13T15:21:31.405471+00:00, run_after=2024-01-14T15:21:31.405471+00:00
[2024-01-14T15:21:31.415+0000] {processor.py:176} INFO - Processing /home/airflow/.local/lib/python3.7/site-packages/airflow/example_dags/example_task_group.py took 0.066 seconds
[2024-01-14T15:22:02.341+0000] {processor.py:154} INFO - Started process (PID=2715) to work on /home/airflow/.local/lib/python3.7/site-packages/airflow/example_dags/example_task_group.py
[2024-01-14T15:22:02.341+0000] {processor.py:756} INFO - Processing file /home/airflow/.local/lib/python3.7/site-packages/airflow/example_dags/example_task_group.py for tasks to queue
[2024-01-14T15:22:02.342+0000] {logging_mixin.py:120} INFO - [2024-01-14T15:22:02.342+0000] {dagbag.py:537} INFO - Filling up the DagBag from /home/airflow/.local/lib/python3.7/site-packages/airflow/example_dags/example_task_group.py
[2024-01-14T15:22:02.353+0000] {processor.py:766} INFO - DAG(s) dict_keys(['example_task_group']) retrieved from /home/airflow/.local/lib/python3.7/site-packages/airflow/example_dags/example_task_group.py
[2024-01-14T15:22:02.382+0000] {logging_mixin.py:120} INFO - [2024-01-14T15:22:02.382+0000] {dag.py:2585} INFO - Sync 1 DAGs
[2024-01-14T15:22:02.397+0000] {logging_mixin.py:120} INFO - [2024-01-14T15:22:02.397+0000] {dag.py:3340} INFO - Setting next_dagrun for example_task_group to 2024-01-13T15:22:02.397221+00:00, run_after=2024-01-14T15:22:02.397221+00:00
[2024-01-14T15:22:02.408+0000] {processor.py:176} INFO - Processing /home/airflow/.local/lib/python3.7/site-packages/airflow/example_dags/example_task_group.py took 0.070 seconds
[2024-01-14T15:22:33.336+0000] {processor.py:154} INFO - Started process (PID=2778) to work on /home/airflow/.local/lib/python3.7/site-packages/airflow/example_dags/example_task_group.py
[2024-01-14T15:22:33.337+0000] {processor.py:756} INFO - Processing file /home/airflow/.local/lib/python3.7/site-packages/airflow/example_dags/example_task_group.py for tasks to queue
[2024-01-14T15:22:33.337+0000] {logging_mixin.py:120} INFO - [2024-01-14T15:22:33.337+0000] {dagbag.py:537} INFO - Filling up the DagBag from /home/airflow/.local/lib/python3.7/site-packages/airflow/example_dags/example_task_group.py
[2024-01-14T15:22:33.348+0000] {processor.py:766} INFO - DAG(s) dict_keys(['example_task_group']) retrieved from /home/airflow/.local/lib/python3.7/site-packages/airflow/example_dags/example_task_group.py
[2024-01-14T15:22:33.376+0000] {logging_mixin.py:120} INFO - [2024-01-14T15:22:33.376+0000] {dag.py:2585} INFO - Sync 1 DAGs
[2024-01-14T15:22:33.392+0000] {logging_mixin.py:120} INFO - [2024-01-14T15:22:33.392+0000] {dag.py:3340} INFO - Setting next_dagrun for example_task_group to 2024-01-13T15:22:33.392059+00:00, run_after=2024-01-14T15:22:33.392059+00:00
[2024-01-14T15:22:33.404+0000] {processor.py:176} INFO - Processing /home/airflow/.local/lib/python3.7/site-packages/airflow/example_dags/example_task_group.py took 0.070 seconds
[2024-01-14T15:23:03.646+0000] {processor.py:154} INFO - Started process (PID=2832) to work on /home/airflow/.local/lib/python3.7/site-packages/airflow/example_dags/example_task_group.py
[2024-01-14T15:23:03.647+0000] {processor.py:756} INFO - Processing file /home/airflow/.local/lib/python3.7/site-packages/airflow/example_dags/example_task_group.py for tasks to queue
[2024-01-14T15:23:03.648+0000] {logging_mixin.py:120} INFO - [2024-01-14T15:23:03.647+0000] {dagbag.py:537} INFO - Filling up the DagBag from /home/airflow/.local/lib/python3.7/site-packages/airflow/example_dags/example_task_group.py
[2024-01-14T15:23:03.661+0000] {processor.py:766} INFO - DAG(s) dict_keys(['example_task_group']) retrieved from /home/airflow/.local/lib/python3.7/site-packages/airflow/example_dags/example_task_group.py
[2024-01-14T15:23:03.690+0000] {logging_mixin.py:120} INFO - [2024-01-14T15:23:03.690+0000] {dag.py:2585} INFO - Sync 1 DAGs
[2024-01-14T15:23:03.706+0000] {logging_mixin.py:120} INFO - [2024-01-14T15:23:03.706+0000] {dag.py:3340} INFO - Setting next_dagrun for example_task_group to 2024-01-13T15:23:03.706218+00:00, run_after=2024-01-14T15:23:03.706218+00:00
[2024-01-14T15:23:03.719+0000] {processor.py:176} INFO - Processing /home/airflow/.local/lib/python3.7/site-packages/airflow/example_dags/example_task_group.py took 0.077 seconds
[2024-01-14T15:23:33.747+0000] {processor.py:154} INFO - Started process (PID=2895) to work on /home/airflow/.local/lib/python3.7/site-packages/airflow/example_dags/example_task_group.py
[2024-01-14T15:23:33.748+0000] {processor.py:756} INFO - Processing file /home/airflow/.local/lib/python3.7/site-packages/airflow/example_dags/example_task_group.py for tasks to queue
[2024-01-14T15:23:33.749+0000] {logging_mixin.py:120} INFO - [2024-01-14T15:23:33.749+0000] {dagbag.py:537} INFO - Filling up the DagBag from /home/airflow/.local/lib/python3.7/site-packages/airflow/example_dags/example_task_group.py
[2024-01-14T15:23:33.759+0000] {processor.py:766} INFO - DAG(s) dict_keys(['example_task_group']) retrieved from /home/airflow/.local/lib/python3.7/site-packages/airflow/example_dags/example_task_group.py
[2024-01-14T15:23:33.785+0000] {logging_mixin.py:120} INFO - [2024-01-14T15:23:33.785+0000] {dag.py:2585} INFO - Sync 1 DAGs
[2024-01-14T15:23:33.801+0000] {logging_mixin.py:120} INFO - [2024-01-14T15:23:33.801+0000] {dag.py:3340} INFO - Setting next_dagrun for example_task_group to 2024-01-13T15:23:33.801184+00:00, run_after=2024-01-14T15:23:33.801184+00:00
[2024-01-14T15:23:33.812+0000] {processor.py:176} INFO - Processing /home/airflow/.local/lib/python3.7/site-packages/airflow/example_dags/example_task_group.py took 0.068 seconds
[2024-01-14T15:24:04.998+0000] {processor.py:154} INFO - Started process (PID=2958) to work on /home/airflow/.local/lib/python3.7/site-packages/airflow/example_dags/example_task_group.py
[2024-01-14T15:24:04.999+0000] {processor.py:756} INFO - Processing file /home/airflow/.local/lib/python3.7/site-packages/airflow/example_dags/example_task_group.py for tasks to queue
[2024-01-14T15:24:04.999+0000] {logging_mixin.py:120} INFO - [2024-01-14T15:24:04.999+0000] {dagbag.py:537} INFO - Filling up the DagBag from /home/airflow/.local/lib/python3.7/site-packages/airflow/example_dags/example_task_group.py
[2024-01-14T15:24:05.011+0000] {processor.py:766} INFO - DAG(s) dict_keys(['example_task_group']) retrieved from /home/airflow/.local/lib/python3.7/site-packages/airflow/example_dags/example_task_group.py
[2024-01-14T15:24:05.042+0000] {logging_mixin.py:120} INFO - [2024-01-14T15:24:05.042+0000] {dag.py:2585} INFO - Sync 1 DAGs
[2024-01-14T15:24:05.059+0000] {logging_mixin.py:120} INFO - [2024-01-14T15:24:05.059+0000] {dag.py:3340} INFO - Setting next_dagrun for example_task_group to 2024-01-13T15:24:05.059278+00:00, run_after=2024-01-14T15:24:05.059278+00:00
[2024-01-14T15:24:05.071+0000] {processor.py:176} INFO - Processing /home/airflow/.local/lib/python3.7/site-packages/airflow/example_dags/example_task_group.py took 0.077 seconds
[2024-01-14T15:24:35.950+0000] {processor.py:154} INFO - Started process (PID=3021) to work on /home/airflow/.local/lib/python3.7/site-packages/airflow/example_dags/example_task_group.py
[2024-01-14T15:24:35.951+0000] {processor.py:756} INFO - Processing file /home/airflow/.local/lib/python3.7/site-packages/airflow/example_dags/example_task_group.py for tasks to queue
[2024-01-14T15:24:35.952+0000] {logging_mixin.py:120} INFO - [2024-01-14T15:24:35.952+0000] {dagbag.py:537} INFO - Filling up the DagBag from /home/airflow/.local/lib/python3.7/site-packages/airflow/example_dags/example_task_group.py
[2024-01-14T15:24:35.963+0000] {processor.py:766} INFO - DAG(s) dict_keys(['example_task_group']) retrieved from /home/airflow/.local/lib/python3.7/site-packages/airflow/example_dags/example_task_group.py
[2024-01-14T15:24:35.991+0000] {logging_mixin.py:120} INFO - [2024-01-14T15:24:35.991+0000] {dag.py:2585} INFO - Sync 1 DAGs
[2024-01-14T15:24:36.007+0000] {logging_mixin.py:120} INFO - [2024-01-14T15:24:36.007+0000] {dag.py:3340} INFO - Setting next_dagrun for example_task_group to 2024-01-13T15:24:36.007639+00:00, run_after=2024-01-14T15:24:36.007639+00:00
[2024-01-14T15:24:36.019+0000] {processor.py:176} INFO - Processing /home/airflow/.local/lib/python3.7/site-packages/airflow/example_dags/example_task_group.py took 0.071 seconds
[2024-01-14T15:25:06.855+0000] {processor.py:154} INFO - Started process (PID=3084) to work on /home/airflow/.local/lib/python3.7/site-packages/airflow/example_dags/example_task_group.py
[2024-01-14T15:25:06.856+0000] {processor.py:756} INFO - Processing file /home/airflow/.local/lib/python3.7/site-packages/airflow/example_dags/example_task_group.py for tasks to queue
[2024-01-14T15:25:06.856+0000] {logging_mixin.py:120} INFO - [2024-01-14T15:25:06.856+0000] {dagbag.py:537} INFO - Filling up the DagBag from /home/airflow/.local/lib/python3.7/site-packages/airflow/example_dags/example_task_group.py
[2024-01-14T15:25:06.866+0000] {processor.py:766} INFO - DAG(s) dict_keys(['example_task_group']) retrieved from /home/airflow/.local/lib/python3.7/site-packages/airflow/example_dags/example_task_group.py
[2024-01-14T15:25:06.892+0000] {logging_mixin.py:120} INFO - [2024-01-14T15:25:06.892+0000] {dag.py:2585} INFO - Sync 1 DAGs
[2024-01-14T15:25:06.909+0000] {logging_mixin.py:120} INFO - [2024-01-14T15:25:06.909+0000] {dag.py:3340} INFO - Setting next_dagrun for example_task_group to 2024-01-13T15:25:06.909105+00:00, run_after=2024-01-14T15:25:06.909105+00:00
[2024-01-14T15:25:06.920+0000] {processor.py:176} INFO - Processing /home/airflow/.local/lib/python3.7/site-packages/airflow/example_dags/example_task_group.py took 0.067 seconds
[2024-01-14T15:25:37.931+0000] {processor.py:154} INFO - Started process (PID=3147) to work on /home/airflow/.local/lib/python3.7/site-packages/airflow/example_dags/example_task_group.py
[2024-01-14T15:25:37.932+0000] {processor.py:756} INFO - Processing file /home/airflow/.local/lib/python3.7/site-packages/airflow/example_dags/example_task_group.py for tasks to queue
[2024-01-14T15:25:37.933+0000] {logging_mixin.py:120} INFO - [2024-01-14T15:25:37.932+0000] {dagbag.py:537} INFO - Filling up the DagBag from /home/airflow/.local/lib/python3.7/site-packages/airflow/example_dags/example_task_group.py
[2024-01-14T15:25:37.943+0000] {processor.py:766} INFO - DAG(s) dict_keys(['example_task_group']) retrieved from /home/airflow/.local/lib/python3.7/site-packages/airflow/example_dags/example_task_group.py
[2024-01-14T15:25:37.968+0000] {logging_mixin.py:120} INFO - [2024-01-14T15:25:37.968+0000] {dag.py:2585} INFO - Sync 1 DAGs
[2024-01-14T15:25:37.983+0000] {logging_mixin.py:120} INFO - [2024-01-14T15:25:37.983+0000] {dag.py:3340} INFO - Setting next_dagrun for example_task_group to 2024-01-13T15:25:37.983330+00:00, run_after=2024-01-14T15:25:37.983330+00:00
[2024-01-14T15:25:37.994+0000] {processor.py:176} INFO - Processing /home/airflow/.local/lib/python3.7/site-packages/airflow/example_dags/example_task_group.py took 0.065 seconds
[2024-01-14T15:26:08.963+0000] {processor.py:154} INFO - Started process (PID=3201) to work on /home/airflow/.local/lib/python3.7/site-packages/airflow/example_dags/example_task_group.py
[2024-01-14T15:26:08.963+0000] {processor.py:756} INFO - Processing file /home/airflow/.local/lib/python3.7/site-packages/airflow/example_dags/example_task_group.py for tasks to queue
[2024-01-14T15:26:08.964+0000] {logging_mixin.py:120} INFO - [2024-01-14T15:26:08.964+0000] {dagbag.py:537} INFO - Filling up the DagBag from /home/airflow/.local/lib/python3.7/site-packages/airflow/example_dags/example_task_group.py
[2024-01-14T15:26:08.975+0000] {processor.py:766} INFO - DAG(s) dict_keys(['example_task_group']) retrieved from /home/airflow/.local/lib/python3.7/site-packages/airflow/example_dags/example_task_group.py
[2024-01-14T15:26:09.001+0000] {logging_mixin.py:120} INFO - [2024-01-14T15:26:09.001+0000] {dag.py:2585} INFO - Sync 1 DAGs
[2024-01-14T15:26:09.016+0000] {logging_mixin.py:120} INFO - [2024-01-14T15:26:09.015+0000] {dag.py:3340} INFO - Setting next_dagrun for example_task_group to 2024-01-13T15:26:09.015750+00:00, run_after=2024-01-14T15:26:09.015750+00:00
[2024-01-14T15:26:09.026+0000] {processor.py:176} INFO - Processing /home/airflow/.local/lib/python3.7/site-packages/airflow/example_dags/example_task_group.py took 0.066 seconds
[2024-01-14T15:26:39.977+0000] {processor.py:154} INFO - Started process (PID=3264) to work on /home/airflow/.local/lib/python3.7/site-packages/airflow/example_dags/example_task_group.py
[2024-01-14T15:26:39.978+0000] {processor.py:756} INFO - Processing file /home/airflow/.local/lib/python3.7/site-packages/airflow/example_dags/example_task_group.py for tasks to queue
[2024-01-14T15:26:39.979+0000] {logging_mixin.py:120} INFO - [2024-01-14T15:26:39.979+0000] {dagbag.py:537} INFO - Filling up the DagBag from /home/airflow/.local/lib/python3.7/site-packages/airflow/example_dags/example_task_group.py
[2024-01-14T15:26:39.989+0000] {processor.py:766} INFO - DAG(s) dict_keys(['example_task_group']) retrieved from /home/airflow/.local/lib/python3.7/site-packages/airflow/example_dags/example_task_group.py
[2024-01-14T15:26:40.016+0000] {logging_mixin.py:120} INFO - [2024-01-14T15:26:40.016+0000] {dag.py:2585} INFO - Sync 1 DAGs
[2024-01-14T15:26:40.031+0000] {logging_mixin.py:120} INFO - [2024-01-14T15:26:40.031+0000] {dag.py:3340} INFO - Setting next_dagrun for example_task_group to 2024-01-13T15:26:40.031745+00:00, run_after=2024-01-14T15:26:40.031745+00:00
[2024-01-14T15:26:40.043+0000] {processor.py:176} INFO - Processing /home/airflow/.local/lib/python3.7/site-packages/airflow/example_dags/example_task_group.py took 0.068 seconds
[2024-01-14T15:27:11.011+0000] {processor.py:154} INFO - Started process (PID=3327) to work on /home/airflow/.local/lib/python3.7/site-packages/airflow/example_dags/example_task_group.py
[2024-01-14T15:27:11.011+0000] {processor.py:756} INFO - Processing file /home/airflow/.local/lib/python3.7/site-packages/airflow/example_dags/example_task_group.py for tasks to queue
[2024-01-14T15:27:11.012+0000] {logging_mixin.py:120} INFO - [2024-01-14T15:27:11.012+0000] {dagbag.py:537} INFO - Filling up the DagBag from /home/airflow/.local/lib/python3.7/site-packages/airflow/example_dags/example_task_group.py
[2024-01-14T15:27:11.024+0000] {processor.py:766} INFO - DAG(s) dict_keys(['example_task_group']) retrieved from /home/airflow/.local/lib/python3.7/site-packages/airflow/example_dags/example_task_group.py
[2024-01-14T15:27:11.052+0000] {logging_mixin.py:120} INFO - [2024-01-14T15:27:11.052+0000] {dag.py:2585} INFO - Sync 1 DAGs
[2024-01-14T15:27:11.068+0000] {logging_mixin.py:120} INFO - [2024-01-14T15:27:11.068+0000] {dag.py:3340} INFO - Setting next_dagrun for example_task_group to 2024-01-13T15:27:11.068612+00:00, run_after=2024-01-14T15:27:11.068612+00:00
[2024-01-14T15:27:11.079+0000] {processor.py:176} INFO - Processing /home/airflow/.local/lib/python3.7/site-packages/airflow/example_dags/example_task_group.py took 0.071 seconds
[2024-01-14T15:27:42.081+0000] {processor.py:154} INFO - Started process (PID=3390) to work on /home/airflow/.local/lib/python3.7/site-packages/airflow/example_dags/example_task_group.py
[2024-01-14T15:27:42.082+0000] {processor.py:756} INFO - Processing file /home/airflow/.local/lib/python3.7/site-packages/airflow/example_dags/example_task_group.py for tasks to queue
[2024-01-14T15:27:42.083+0000] {logging_mixin.py:120} INFO - [2024-01-14T15:27:42.083+0000] {dagbag.py:537} INFO - Filling up the DagBag from /home/airflow/.local/lib/python3.7/site-packages/airflow/example_dags/example_task_group.py
[2024-01-14T15:27:42.093+0000] {processor.py:766} INFO - DAG(s) dict_keys(['example_task_group']) retrieved from /home/airflow/.local/lib/python3.7/site-packages/airflow/example_dags/example_task_group.py
[2024-01-14T15:27:42.119+0000] {logging_mixin.py:120} INFO - [2024-01-14T15:27:42.119+0000] {dag.py:2585} INFO - Sync 1 DAGs
[2024-01-14T15:27:42.135+0000] {logging_mixin.py:120} INFO - [2024-01-14T15:27:42.135+0000] {dag.py:3340} INFO - Setting next_dagrun for example_task_group to 2024-01-13T15:27:42.135351+00:00, run_after=2024-01-14T15:27:42.135351+00:00
[2024-01-14T15:27:42.146+0000] {processor.py:176} INFO - Processing /home/airflow/.local/lib/python3.7/site-packages/airflow/example_dags/example_task_group.py took 0.067 seconds
[2024-01-14T15:28:12.977+0000] {processor.py:154} INFO - Started process (PID=3453) to work on /home/airflow/.local/lib/python3.7/site-packages/airflow/example_dags/example_task_group.py
[2024-01-14T15:28:12.978+0000] {processor.py:756} INFO - Processing file /home/airflow/.local/lib/python3.7/site-packages/airflow/example_dags/example_task_group.py for tasks to queue
[2024-01-14T15:28:12.978+0000] {logging_mixin.py:120} INFO - [2024-01-14T15:28:12.978+0000] {dagbag.py:537} INFO - Filling up the DagBag from /home/airflow/.local/lib/python3.7/site-packages/airflow/example_dags/example_task_group.py
[2024-01-14T15:28:12.989+0000] {processor.py:766} INFO - DAG(s) dict_keys(['example_task_group']) retrieved from /home/airflow/.local/lib/python3.7/site-packages/airflow/example_dags/example_task_group.py
[2024-01-14T15:28:13.015+0000] {logging_mixin.py:120} INFO - [2024-01-14T15:28:13.015+0000] {dag.py:2585} INFO - Sync 1 DAGs
[2024-01-14T15:28:13.030+0000] {logging_mixin.py:120} INFO - [2024-01-14T15:28:13.030+0000] {dag.py:3340} INFO - Setting next_dagrun for example_task_group to 2024-01-13T15:28:13.030472+00:00, run_after=2024-01-14T15:28:13.030472+00:00
[2024-01-14T15:28:13.041+0000] {processor.py:176} INFO - Processing /home/airflow/.local/lib/python3.7/site-packages/airflow/example_dags/example_task_group.py took 0.066 seconds
[2024-01-14T15:28:43.993+0000] {processor.py:154} INFO - Started process (PID=3516) to work on /home/airflow/.local/lib/python3.7/site-packages/airflow/example_dags/example_task_group.py
[2024-01-14T15:28:43.993+0000] {processor.py:756} INFO - Processing file /home/airflow/.local/lib/python3.7/site-packages/airflow/example_dags/example_task_group.py for tasks to queue
[2024-01-14T15:28:43.994+0000] {logging_mixin.py:120} INFO - [2024-01-14T15:28:43.994+0000] {dagbag.py:537} INFO - Filling up the DagBag from /home/airflow/.local/lib/python3.7/site-packages/airflow/example_dags/example_task_group.py
[2024-01-14T15:28:44.005+0000] {processor.py:766} INFO - DAG(s) dict_keys(['example_task_group']) retrieved from /home/airflow/.local/lib/python3.7/site-packages/airflow/example_dags/example_task_group.py
[2024-01-14T15:28:44.031+0000] {logging_mixin.py:120} INFO - [2024-01-14T15:28:44.031+0000] {dag.py:2585} INFO - Sync 1 DAGs
[2024-01-14T15:28:44.046+0000] {logging_mixin.py:120} INFO - [2024-01-14T15:28:44.046+0000] {dag.py:3340} INFO - Setting next_dagrun for example_task_group to 2024-01-13T15:28:44.046123+00:00, run_after=2024-01-14T15:28:44.046123+00:00
[2024-01-14T15:28:44.056+0000] {processor.py:176} INFO - Processing /home/airflow/.local/lib/python3.7/site-packages/airflow/example_dags/example_task_group.py took 0.066 seconds
[2024-01-14T15:29:14.992+0000] {processor.py:154} INFO - Started process (PID=3579) to work on /home/airflow/.local/lib/python3.7/site-packages/airflow/example_dags/example_task_group.py
[2024-01-14T15:29:14.993+0000] {processor.py:756} INFO - Processing file /home/airflow/.local/lib/python3.7/site-packages/airflow/example_dags/example_task_group.py for tasks to queue
[2024-01-14T15:29:14.994+0000] {logging_mixin.py:120} INFO - [2024-01-14T15:29:14.994+0000] {dagbag.py:537} INFO - Filling up the DagBag from /home/airflow/.local/lib/python3.7/site-packages/airflow/example_dags/example_task_group.py
[2024-01-14T15:29:15.005+0000] {processor.py:766} INFO - DAG(s) dict_keys(['example_task_group']) retrieved from /home/airflow/.local/lib/python3.7/site-packages/airflow/example_dags/example_task_group.py
[2024-01-14T15:29:15.033+0000] {logging_mixin.py:120} INFO - [2024-01-14T15:29:15.032+0000] {dag.py:2585} INFO - Sync 1 DAGs
[2024-01-14T15:29:15.049+0000] {logging_mixin.py:120} INFO - [2024-01-14T15:29:15.049+0000] {dag.py:3340} INFO - Setting next_dagrun for example_task_group to 2024-01-13T15:29:15.048870+00:00, run_after=2024-01-14T15:29:15.048870+00:00
[2024-01-14T15:29:15.060+0000] {processor.py:176} INFO - Processing /home/airflow/.local/lib/python3.7/site-packages/airflow/example_dags/example_task_group.py took 0.070 seconds
[2024-01-14T15:29:45.953+0000] {processor.py:154} INFO - Started process (PID=3639) to work on /home/airflow/.local/lib/python3.7/site-packages/airflow/example_dags/example_task_group.py
[2024-01-14T15:29:45.954+0000] {processor.py:756} INFO - Processing file /home/airflow/.local/lib/python3.7/site-packages/airflow/example_dags/example_task_group.py for tasks to queue
[2024-01-14T15:29:45.955+0000] {logging_mixin.py:120} INFO - [2024-01-14T15:29:45.955+0000] {dagbag.py:537} INFO - Filling up the DagBag from /home/airflow/.local/lib/python3.7/site-packages/airflow/example_dags/example_task_group.py
[2024-01-14T15:29:45.966+0000] {processor.py:766} INFO - DAG(s) dict_keys(['example_task_group']) retrieved from /home/airflow/.local/lib/python3.7/site-packages/airflow/example_dags/example_task_group.py
[2024-01-14T15:29:45.996+0000] {logging_mixin.py:120} INFO - [2024-01-14T15:29:45.996+0000] {dag.py:2585} INFO - Sync 1 DAGs
[2024-01-14T15:29:46.012+0000] {logging_mixin.py:120} INFO - [2024-01-14T15:29:46.012+0000] {dag.py:3340} INFO - Setting next_dagrun for example_task_group to 2024-01-13T15:29:46.011954+00:00, run_after=2024-01-14T15:29:46.011954+00:00
[2024-01-14T15:29:46.024+0000] {processor.py:176} INFO - Processing /home/airflow/.local/lib/python3.7/site-packages/airflow/example_dags/example_task_group.py took 0.074 seconds
[2024-01-14T15:30:16.342+0000] {processor.py:154} INFO - Started process (PID=3695) to work on /home/airflow/.local/lib/python3.7/site-packages/airflow/example_dags/example_task_group.py
[2024-01-14T15:30:16.343+0000] {processor.py:756} INFO - Processing file /home/airflow/.local/lib/python3.7/site-packages/airflow/example_dags/example_task_group.py for tasks to queue
[2024-01-14T15:30:16.344+0000] {logging_mixin.py:120} INFO - [2024-01-14T15:30:16.344+0000] {dagbag.py:537} INFO - Filling up the DagBag from /home/airflow/.local/lib/python3.7/site-packages/airflow/example_dags/example_task_group.py
[2024-01-14T15:30:16.357+0000] {processor.py:766} INFO - DAG(s) dict_keys(['example_task_group']) retrieved from /home/airflow/.local/lib/python3.7/site-packages/airflow/example_dags/example_task_group.py
[2024-01-14T15:30:16.387+0000] {logging_mixin.py:120} INFO - [2024-01-14T15:30:16.387+0000] {dag.py:2585} INFO - Sync 1 DAGs
[2024-01-14T15:30:16.403+0000] {logging_mixin.py:120} INFO - [2024-01-14T15:30:16.403+0000] {dag.py:3340} INFO - Setting next_dagrun for example_task_group to 2024-01-13T15:30:16.402990+00:00, run_after=2024-01-14T15:30:16.402990+00:00
[2024-01-14T15:30:16.415+0000] {processor.py:176} INFO - Processing /home/airflow/.local/lib/python3.7/site-packages/airflow/example_dags/example_task_group.py took 0.075 seconds
[2024-01-14T15:30:46.520+0000] {processor.py:154} INFO - Started process (PID=3758) to work on /home/airflow/.local/lib/python3.7/site-packages/airflow/example_dags/example_task_group.py
[2024-01-14T15:30:46.521+0000] {processor.py:756} INFO - Processing file /home/airflow/.local/lib/python3.7/site-packages/airflow/example_dags/example_task_group.py for tasks to queue
[2024-01-14T15:30:46.521+0000] {logging_mixin.py:120} INFO - [2024-01-14T15:30:46.521+0000] {dagbag.py:537} INFO - Filling up the DagBag from /home/airflow/.local/lib/python3.7/site-packages/airflow/example_dags/example_task_group.py
[2024-01-14T15:30:46.533+0000] {processor.py:766} INFO - DAG(s) dict_keys(['example_task_group']) retrieved from /home/airflow/.local/lib/python3.7/site-packages/airflow/example_dags/example_task_group.py
[2024-01-14T15:30:46.559+0000] {logging_mixin.py:120} INFO - [2024-01-14T15:30:46.559+0000] {dag.py:2585} INFO - Sync 1 DAGs
[2024-01-14T15:30:46.574+0000] {logging_mixin.py:120} INFO - [2024-01-14T15:30:46.574+0000] {dag.py:3340} INFO - Setting next_dagrun for example_task_group to 2024-01-13T15:30:46.574145+00:00, run_after=2024-01-14T15:30:46.574145+00:00
[2024-01-14T15:30:46.585+0000] {processor.py:176} INFO - Processing /home/airflow/.local/lib/python3.7/site-packages/airflow/example_dags/example_task_group.py took 0.068 seconds
