[2024-01-14T14:59:58.384+0000] {processor.py:154} INFO - Started process (PID=51) to work on /home/airflow/.local/lib/python3.7/site-packages/airflow/example_dags/example_external_task_marker_dag.py
[2024-01-14T14:59:58.385+0000] {processor.py:756} INFO - Processing file /home/airflow/.local/lib/python3.7/site-packages/airflow/example_dags/example_external_task_marker_dag.py for tasks to queue
[2024-01-14T14:59:58.386+0000] {logging_mixin.py:120} INFO - [2024-01-14T14:59:58.385+0000] {dagbag.py:537} INFO - Filling up the DagBag from /home/airflow/.local/lib/python3.7/site-packages/airflow/example_dags/example_external_task_marker_dag.py
[2024-01-14T14:59:58.400+0000] {processor.py:766} INFO - DAG(s) dict_keys(['example_external_task_marker_child', 'example_external_task_marker_parent']) retrieved from /home/airflow/.local/lib/python3.7/site-packages/airflow/example_dags/example_external_task_marker_dag.py
[2024-01-14T14:59:58.600+0000] {logging_mixin.py:120} INFO - [2024-01-14T14:59:58.600+0000] {manager.py:507} INFO - Created Permission View: can read on DAG:example_external_task_marker_child
[2024-01-14T14:59:58.610+0000] {logging_mixin.py:120} INFO - [2024-01-14T14:59:58.610+0000] {manager.py:507} INFO - Created Permission View: can edit on DAG:example_external_task_marker_child
[2024-01-14T14:59:58.620+0000] {logging_mixin.py:120} INFO - [2024-01-14T14:59:58.620+0000] {manager.py:507} INFO - Created Permission View: can delete on DAG:example_external_task_marker_child
[2024-01-14T14:59:58.635+0000] {logging_mixin.py:120} INFO - [2024-01-14T14:59:58.635+0000] {manager.py:507} INFO - Created Permission View: can read on DAG:example_external_task_marker_parent
[2024-01-14T14:59:58.640+0000] {logging_mixin.py:120} INFO - [2024-01-14T14:59:58.640+0000] {manager.py:507} INFO - Created Permission View: can edit on DAG:example_external_task_marker_parent
[2024-01-14T14:59:58.645+0000] {logging_mixin.py:120} INFO - [2024-01-14T14:59:58.645+0000] {manager.py:507} INFO - Created Permission View: can delete on DAG:example_external_task_marker_parent
[2024-01-14T14:59:58.645+0000] {logging_mixin.py:120} INFO - [2024-01-14T14:59:58.645+0000] {dag.py:2585} INFO - Sync 2 DAGs
[2024-01-14T14:59:58.656+0000] {logging_mixin.py:120} INFO - [2024-01-14T14:59:58.656+0000] {dag.py:2606} INFO - Creating ORM DAG for example_external_task_marker_parent
[2024-01-14T14:59:58.657+0000] {logging_mixin.py:120} INFO - [2024-01-14T14:59:58.657+0000] {dag.py:2606} INFO - Creating ORM DAG for example_external_task_marker_child
[2024-01-14T14:59:58.667+0000] {logging_mixin.py:120} INFO - [2024-01-14T14:59:58.667+0000] {dag.py:3340} INFO - Setting next_dagrun for example_external_task_marker_child to None, run_after=None
[2024-01-14T14:59:58.668+0000] {logging_mixin.py:120} INFO - [2024-01-14T14:59:58.668+0000] {dag.py:3340} INFO - Setting next_dagrun for example_external_task_marker_parent to None, run_after=None
[2024-01-14T14:59:58.690+0000] {processor.py:176} INFO - Processing /home/airflow/.local/lib/python3.7/site-packages/airflow/example_dags/example_external_task_marker_dag.py took 0.309 seconds
[2024-01-14T15:00:29.523+0000] {processor.py:154} INFO - Started process (PID=114) to work on /home/airflow/.local/lib/python3.7/site-packages/airflow/example_dags/example_external_task_marker_dag.py
[2024-01-14T15:00:29.525+0000] {processor.py:756} INFO - Processing file /home/airflow/.local/lib/python3.7/site-packages/airflow/example_dags/example_external_task_marker_dag.py for tasks to queue
[2024-01-14T15:00:29.526+0000] {logging_mixin.py:120} INFO - [2024-01-14T15:00:29.526+0000] {dagbag.py:537} INFO - Filling up the DagBag from /home/airflow/.local/lib/python3.7/site-packages/airflow/example_dags/example_external_task_marker_dag.py
[2024-01-14T15:00:29.539+0000] {processor.py:766} INFO - DAG(s) dict_keys(['example_external_task_marker_parent', 'example_external_task_marker_child']) retrieved from /home/airflow/.local/lib/python3.7/site-packages/airflow/example_dags/example_external_task_marker_dag.py
[2024-01-14T15:00:29.654+0000] {logging_mixin.py:120} INFO - [2024-01-14T15:00:29.654+0000] {dag.py:2585} INFO - Sync 2 DAGs
[2024-01-14T15:00:29.669+0000] {logging_mixin.py:120} INFO - [2024-01-14T15:00:29.669+0000] {dag.py:3340} INFO - Setting next_dagrun for example_external_task_marker_child to None, run_after=None
[2024-01-14T15:00:29.671+0000] {logging_mixin.py:120} INFO - [2024-01-14T15:00:29.671+0000] {dag.py:3340} INFO - Setting next_dagrun for example_external_task_marker_parent to None, run_after=None
[2024-01-14T15:00:29.682+0000] {processor.py:176} INFO - Processing /home/airflow/.local/lib/python3.7/site-packages/airflow/example_dags/example_external_task_marker_dag.py took 0.164 seconds
[2024-01-14T15:00:59.782+0000] {processor.py:154} INFO - Started process (PID=179) to work on /home/airflow/.local/lib/python3.7/site-packages/airflow/example_dags/example_external_task_marker_dag.py
[2024-01-14T15:00:59.783+0000] {processor.py:756} INFO - Processing file /home/airflow/.local/lib/python3.7/site-packages/airflow/example_dags/example_external_task_marker_dag.py for tasks to queue
[2024-01-14T15:00:59.784+0000] {logging_mixin.py:120} INFO - [2024-01-14T15:00:59.784+0000] {dagbag.py:537} INFO - Filling up the DagBag from /home/airflow/.local/lib/python3.7/site-packages/airflow/example_dags/example_external_task_marker_dag.py
[2024-01-14T15:00:59.796+0000] {processor.py:766} INFO - DAG(s) dict_keys(['example_external_task_marker_child', 'example_external_task_marker_parent']) retrieved from /home/airflow/.local/lib/python3.7/site-packages/airflow/example_dags/example_external_task_marker_dag.py
[2024-01-14T15:00:59.913+0000] {logging_mixin.py:120} INFO - [2024-01-14T15:00:59.912+0000] {dag.py:2585} INFO - Sync 2 DAGs
[2024-01-14T15:00:59.929+0000] {logging_mixin.py:120} INFO - [2024-01-14T15:00:59.929+0000] {dag.py:3340} INFO - Setting next_dagrun for example_external_task_marker_child to None, run_after=None
[2024-01-14T15:00:59.931+0000] {logging_mixin.py:120} INFO - [2024-01-14T15:00:59.931+0000] {dag.py:3340} INFO - Setting next_dagrun for example_external_task_marker_parent to None, run_after=None
[2024-01-14T15:00:59.942+0000] {processor.py:176} INFO - Processing /home/airflow/.local/lib/python3.7/site-packages/airflow/example_dags/example_external_task_marker_dag.py took 0.162 seconds
[2024-01-14T15:01:30.675+0000] {processor.py:154} INFO - Started process (PID=241) to work on /home/airflow/.local/lib/python3.7/site-packages/airflow/example_dags/example_external_task_marker_dag.py
[2024-01-14T15:01:30.676+0000] {processor.py:756} INFO - Processing file /home/airflow/.local/lib/python3.7/site-packages/airflow/example_dags/example_external_task_marker_dag.py for tasks to queue
[2024-01-14T15:01:30.677+0000] {logging_mixin.py:120} INFO - [2024-01-14T15:01:30.677+0000] {dagbag.py:537} INFO - Filling up the DagBag from /home/airflow/.local/lib/python3.7/site-packages/airflow/example_dags/example_external_task_marker_dag.py
[2024-01-14T15:01:30.693+0000] {processor.py:766} INFO - DAG(s) dict_keys(['example_external_task_marker_parent', 'example_external_task_marker_child']) retrieved from /home/airflow/.local/lib/python3.7/site-packages/airflow/example_dags/example_external_task_marker_dag.py
[2024-01-14T15:01:30.817+0000] {logging_mixin.py:120} INFO - [2024-01-14T15:01:30.817+0000] {dag.py:2585} INFO - Sync 2 DAGs
[2024-01-14T15:01:30.834+0000] {logging_mixin.py:120} INFO - [2024-01-14T15:01:30.834+0000] {dag.py:3340} INFO - Setting next_dagrun for example_external_task_marker_child to None, run_after=None
[2024-01-14T15:01:30.836+0000] {logging_mixin.py:120} INFO - [2024-01-14T15:01:30.836+0000] {dag.py:3340} INFO - Setting next_dagrun for example_external_task_marker_parent to None, run_after=None
[2024-01-14T15:01:30.846+0000] {processor.py:176} INFO - Processing /home/airflow/.local/lib/python3.7/site-packages/airflow/example_dags/example_external_task_marker_dag.py took 0.176 seconds
[2024-01-14T15:02:00.939+0000] {processor.py:154} INFO - Started process (PID=305) to work on /home/airflow/.local/lib/python3.7/site-packages/airflow/example_dags/example_external_task_marker_dag.py
[2024-01-14T15:02:00.940+0000] {processor.py:756} INFO - Processing file /home/airflow/.local/lib/python3.7/site-packages/airflow/example_dags/example_external_task_marker_dag.py for tasks to queue
[2024-01-14T15:02:00.940+0000] {logging_mixin.py:120} INFO - [2024-01-14T15:02:00.940+0000] {dagbag.py:537} INFO - Filling up the DagBag from /home/airflow/.local/lib/python3.7/site-packages/airflow/example_dags/example_external_task_marker_dag.py
[2024-01-14T15:02:00.951+0000] {processor.py:766} INFO - DAG(s) dict_keys(['example_external_task_marker_parent', 'example_external_task_marker_child']) retrieved from /home/airflow/.local/lib/python3.7/site-packages/airflow/example_dags/example_external_task_marker_dag.py
[2024-01-14T15:02:01.066+0000] {logging_mixin.py:120} INFO - [2024-01-14T15:02:01.066+0000] {dag.py:2585} INFO - Sync 2 DAGs
[2024-01-14T15:02:01.082+0000] {logging_mixin.py:120} INFO - [2024-01-14T15:02:01.082+0000] {dag.py:3340} INFO - Setting next_dagrun for example_external_task_marker_child to None, run_after=None
[2024-01-14T15:02:01.084+0000] {logging_mixin.py:120} INFO - [2024-01-14T15:02:01.084+0000] {dag.py:3340} INFO - Setting next_dagrun for example_external_task_marker_parent to None, run_after=None
[2024-01-14T15:02:01.094+0000] {processor.py:176} INFO - Processing /home/airflow/.local/lib/python3.7/site-packages/airflow/example_dags/example_external_task_marker_dag.py took 0.157 seconds
[2024-01-14T15:02:31.133+0000] {processor.py:154} INFO - Started process (PID=360) to work on /home/airflow/.local/lib/python3.7/site-packages/airflow/example_dags/example_external_task_marker_dag.py
[2024-01-14T15:02:31.134+0000] {processor.py:756} INFO - Processing file /home/airflow/.local/lib/python3.7/site-packages/airflow/example_dags/example_external_task_marker_dag.py for tasks to queue
[2024-01-14T15:02:31.134+0000] {logging_mixin.py:120} INFO - [2024-01-14T15:02:31.134+0000] {dagbag.py:537} INFO - Filling up the DagBag from /home/airflow/.local/lib/python3.7/site-packages/airflow/example_dags/example_external_task_marker_dag.py
[2024-01-14T15:02:31.144+0000] {processor.py:766} INFO - DAG(s) dict_keys(['example_external_task_marker_parent', 'example_external_task_marker_child']) retrieved from /home/airflow/.local/lib/python3.7/site-packages/airflow/example_dags/example_external_task_marker_dag.py
[2024-01-14T15:02:31.260+0000] {logging_mixin.py:120} INFO - [2024-01-14T15:02:31.260+0000] {dag.py:2585} INFO - Sync 2 DAGs
[2024-01-14T15:02:31.277+0000] {logging_mixin.py:120} INFO - [2024-01-14T15:02:31.276+0000] {dag.py:3340} INFO - Setting next_dagrun for example_external_task_marker_child to None, run_after=None
[2024-01-14T15:02:31.279+0000] {logging_mixin.py:120} INFO - [2024-01-14T15:02:31.279+0000] {dag.py:3340} INFO - Setting next_dagrun for example_external_task_marker_parent to None, run_after=None
[2024-01-14T15:02:31.289+0000] {processor.py:176} INFO - Processing /home/airflow/.local/lib/python3.7/site-packages/airflow/example_dags/example_external_task_marker_dag.py took 0.159 seconds
[2024-01-14T15:03:01.399+0000] {processor.py:154} INFO - Started process (PID=424) to work on /home/airflow/.local/lib/python3.7/site-packages/airflow/example_dags/example_external_task_marker_dag.py
[2024-01-14T15:03:01.400+0000] {processor.py:756} INFO - Processing file /home/airflow/.local/lib/python3.7/site-packages/airflow/example_dags/example_external_task_marker_dag.py for tasks to queue
[2024-01-14T15:03:01.401+0000] {logging_mixin.py:120} INFO - [2024-01-14T15:03:01.401+0000] {dagbag.py:537} INFO - Filling up the DagBag from /home/airflow/.local/lib/python3.7/site-packages/airflow/example_dags/example_external_task_marker_dag.py
[2024-01-14T15:03:01.412+0000] {processor.py:766} INFO - DAG(s) dict_keys(['example_external_task_marker_child', 'example_external_task_marker_parent']) retrieved from /home/airflow/.local/lib/python3.7/site-packages/airflow/example_dags/example_external_task_marker_dag.py
[2024-01-14T15:03:01.526+0000] {logging_mixin.py:120} INFO - [2024-01-14T15:03:01.526+0000] {dag.py:2585} INFO - Sync 2 DAGs
[2024-01-14T15:03:01.541+0000] {logging_mixin.py:120} INFO - [2024-01-14T15:03:01.541+0000] {dag.py:3340} INFO - Setting next_dagrun for example_external_task_marker_child to None, run_after=None
[2024-01-14T15:03:01.544+0000] {logging_mixin.py:120} INFO - [2024-01-14T15:03:01.544+0000] {dag.py:3340} INFO - Setting next_dagrun for example_external_task_marker_parent to None, run_after=None
[2024-01-14T15:03:01.554+0000] {processor.py:176} INFO - Processing /home/airflow/.local/lib/python3.7/site-packages/airflow/example_dags/example_external_task_marker_dag.py took 0.158 seconds
[2024-01-14T15:03:31.608+0000] {processor.py:154} INFO - Started process (PID=488) to work on /home/airflow/.local/lib/python3.7/site-packages/airflow/example_dags/example_external_task_marker_dag.py
[2024-01-14T15:03:31.608+0000] {processor.py:756} INFO - Processing file /home/airflow/.local/lib/python3.7/site-packages/airflow/example_dags/example_external_task_marker_dag.py for tasks to queue
[2024-01-14T15:03:31.609+0000] {logging_mixin.py:120} INFO - [2024-01-14T15:03:31.609+0000] {dagbag.py:537} INFO - Filling up the DagBag from /home/airflow/.local/lib/python3.7/site-packages/airflow/example_dags/example_external_task_marker_dag.py
[2024-01-14T15:03:31.619+0000] {processor.py:766} INFO - DAG(s) dict_keys(['example_external_task_marker_parent', 'example_external_task_marker_child']) retrieved from /home/airflow/.local/lib/python3.7/site-packages/airflow/example_dags/example_external_task_marker_dag.py
[2024-01-14T15:03:31.738+0000] {logging_mixin.py:120} INFO - [2024-01-14T15:03:31.737+0000] {dag.py:2585} INFO - Sync 2 DAGs
[2024-01-14T15:03:31.753+0000] {logging_mixin.py:120} INFO - [2024-01-14T15:03:31.753+0000] {dag.py:3340} INFO - Setting next_dagrun for example_external_task_marker_child to None, run_after=None
[2024-01-14T15:03:31.755+0000] {logging_mixin.py:120} INFO - [2024-01-14T15:03:31.755+0000] {dag.py:3340} INFO - Setting next_dagrun for example_external_task_marker_parent to None, run_after=None
[2024-01-14T15:03:31.765+0000] {processor.py:176} INFO - Processing /home/airflow/.local/lib/python3.7/site-packages/airflow/example_dags/example_external_task_marker_dag.py took 0.160 seconds
[2024-01-14T15:04:02.268+0000] {processor.py:154} INFO - Started process (PID=547) to work on /home/airflow/.local/lib/python3.7/site-packages/airflow/example_dags/example_external_task_marker_dag.py
[2024-01-14T15:04:02.269+0000] {processor.py:756} INFO - Processing file /home/airflow/.local/lib/python3.7/site-packages/airflow/example_dags/example_external_task_marker_dag.py for tasks to queue
[2024-01-14T15:04:02.269+0000] {logging_mixin.py:120} INFO - [2024-01-14T15:04:02.269+0000] {dagbag.py:537} INFO - Filling up the DagBag from /home/airflow/.local/lib/python3.7/site-packages/airflow/example_dags/example_external_task_marker_dag.py
[2024-01-14T15:04:02.279+0000] {processor.py:766} INFO - DAG(s) dict_keys(['example_external_task_marker_child', 'example_external_task_marker_parent']) retrieved from /home/airflow/.local/lib/python3.7/site-packages/airflow/example_dags/example_external_task_marker_dag.py
[2024-01-14T15:04:02.390+0000] {logging_mixin.py:120} INFO - [2024-01-14T15:04:02.390+0000] {dag.py:2585} INFO - Sync 2 DAGs
[2024-01-14T15:04:02.405+0000] {logging_mixin.py:120} INFO - [2024-01-14T15:04:02.405+0000] {dag.py:3340} INFO - Setting next_dagrun for example_external_task_marker_child to None, run_after=None
[2024-01-14T15:04:02.407+0000] {logging_mixin.py:120} INFO - [2024-01-14T15:04:02.407+0000] {dag.py:3340} INFO - Setting next_dagrun for example_external_task_marker_parent to None, run_after=None
[2024-01-14T15:04:02.417+0000] {processor.py:176} INFO - Processing /home/airflow/.local/lib/python3.7/site-packages/airflow/example_dags/example_external_task_marker_dag.py took 0.152 seconds
[2024-01-14T15:04:33.204+0000] {processor.py:154} INFO - Started process (PID=610) to work on /home/airflow/.local/lib/python3.7/site-packages/airflow/example_dags/example_external_task_marker_dag.py
[2024-01-14T15:04:33.204+0000] {processor.py:756} INFO - Processing file /home/airflow/.local/lib/python3.7/site-packages/airflow/example_dags/example_external_task_marker_dag.py for tasks to queue
[2024-01-14T15:04:33.205+0000] {logging_mixin.py:120} INFO - [2024-01-14T15:04:33.205+0000] {dagbag.py:537} INFO - Filling up the DagBag from /home/airflow/.local/lib/python3.7/site-packages/airflow/example_dags/example_external_task_marker_dag.py
[2024-01-14T15:04:33.214+0000] {processor.py:766} INFO - DAG(s) dict_keys(['example_external_task_marker_child', 'example_external_task_marker_parent']) retrieved from /home/airflow/.local/lib/python3.7/site-packages/airflow/example_dags/example_external_task_marker_dag.py
[2024-01-14T15:04:33.322+0000] {logging_mixin.py:120} INFO - [2024-01-14T15:04:33.322+0000] {dag.py:2585} INFO - Sync 2 DAGs
[2024-01-14T15:04:33.337+0000] {logging_mixin.py:120} INFO - [2024-01-14T15:04:33.337+0000] {dag.py:3340} INFO - Setting next_dagrun for example_external_task_marker_child to None, run_after=None
[2024-01-14T15:04:33.339+0000] {logging_mixin.py:120} INFO - [2024-01-14T15:04:33.339+0000] {dag.py:3340} INFO - Setting next_dagrun for example_external_task_marker_parent to None, run_after=None
[2024-01-14T15:04:33.349+0000] {processor.py:176} INFO - Processing /home/airflow/.local/lib/python3.7/site-packages/airflow/example_dags/example_external_task_marker_dag.py took 0.148 seconds
[2024-01-14T15:05:03.444+0000] {processor.py:154} INFO - Started process (PID=671) to work on /home/airflow/.local/lib/python3.7/site-packages/airflow/example_dags/example_external_task_marker_dag.py
[2024-01-14T15:05:03.445+0000] {processor.py:756} INFO - Processing file /home/airflow/.local/lib/python3.7/site-packages/airflow/example_dags/example_external_task_marker_dag.py for tasks to queue
[2024-01-14T15:05:03.446+0000] {logging_mixin.py:120} INFO - [2024-01-14T15:05:03.445+0000] {dagbag.py:537} INFO - Filling up the DagBag from /home/airflow/.local/lib/python3.7/site-packages/airflow/example_dags/example_external_task_marker_dag.py
[2024-01-14T15:05:03.455+0000] {processor.py:766} INFO - DAG(s) dict_keys(['example_external_task_marker_child', 'example_external_task_marker_parent']) retrieved from /home/airflow/.local/lib/python3.7/site-packages/airflow/example_dags/example_external_task_marker_dag.py
[2024-01-14T15:05:03.564+0000] {logging_mixin.py:120} INFO - [2024-01-14T15:05:03.564+0000] {dag.py:2585} INFO - Sync 2 DAGs
[2024-01-14T15:05:03.578+0000] {logging_mixin.py:120} INFO - [2024-01-14T15:05:03.578+0000] {dag.py:3340} INFO - Setting next_dagrun for example_external_task_marker_child to None, run_after=None
[2024-01-14T15:05:03.580+0000] {logging_mixin.py:120} INFO - [2024-01-14T15:05:03.580+0000] {dag.py:3340} INFO - Setting next_dagrun for example_external_task_marker_parent to None, run_after=None
[2024-01-14T15:05:03.591+0000] {processor.py:176} INFO - Processing /home/airflow/.local/lib/python3.7/site-packages/airflow/example_dags/example_external_task_marker_dag.py took 0.149 seconds
[2024-01-14T15:05:34.576+0000] {processor.py:154} INFO - Started process (PID=727) to work on /home/airflow/.local/lib/python3.7/site-packages/airflow/example_dags/example_external_task_marker_dag.py
[2024-01-14T15:05:34.577+0000] {processor.py:756} INFO - Processing file /home/airflow/.local/lib/python3.7/site-packages/airflow/example_dags/example_external_task_marker_dag.py for tasks to queue
[2024-01-14T15:05:34.578+0000] {logging_mixin.py:120} INFO - [2024-01-14T15:05:34.578+0000] {dagbag.py:537} INFO - Filling up the DagBag from /home/airflow/.local/lib/python3.7/site-packages/airflow/example_dags/example_external_task_marker_dag.py
[2024-01-14T15:05:34.587+0000] {processor.py:766} INFO - DAG(s) dict_keys(['example_external_task_marker_parent', 'example_external_task_marker_child']) retrieved from /home/airflow/.local/lib/python3.7/site-packages/airflow/example_dags/example_external_task_marker_dag.py
[2024-01-14T15:05:34.698+0000] {logging_mixin.py:120} INFO - [2024-01-14T15:05:34.698+0000] {dag.py:2585} INFO - Sync 2 DAGs
[2024-01-14T15:05:34.713+0000] {logging_mixin.py:120} INFO - [2024-01-14T15:05:34.713+0000] {dag.py:3340} INFO - Setting next_dagrun for example_external_task_marker_child to None, run_after=None
[2024-01-14T15:05:34.715+0000] {logging_mixin.py:120} INFO - [2024-01-14T15:05:34.715+0000] {dag.py:3340} INFO - Setting next_dagrun for example_external_task_marker_parent to None, run_after=None
[2024-01-14T15:05:34.724+0000] {processor.py:176} INFO - Processing /home/airflow/.local/lib/python3.7/site-packages/airflow/example_dags/example_external_task_marker_dag.py took 0.150 seconds
[2024-01-14T15:06:05.456+0000] {processor.py:154} INFO - Started process (PID=790) to work on /home/airflow/.local/lib/python3.7/site-packages/airflow/example_dags/example_external_task_marker_dag.py
[2024-01-14T15:06:05.457+0000] {processor.py:756} INFO - Processing file /home/airflow/.local/lib/python3.7/site-packages/airflow/example_dags/example_external_task_marker_dag.py for tasks to queue
[2024-01-14T15:06:05.458+0000] {logging_mixin.py:120} INFO - [2024-01-14T15:06:05.458+0000] {dagbag.py:537} INFO - Filling up the DagBag from /home/airflow/.local/lib/python3.7/site-packages/airflow/example_dags/example_external_task_marker_dag.py
[2024-01-14T15:06:05.467+0000] {processor.py:766} INFO - DAG(s) dict_keys(['example_external_task_marker_parent', 'example_external_task_marker_child']) retrieved from /home/airflow/.local/lib/python3.7/site-packages/airflow/example_dags/example_external_task_marker_dag.py
[2024-01-14T15:06:05.577+0000] {logging_mixin.py:120} INFO - [2024-01-14T15:06:05.577+0000] {dag.py:2585} INFO - Sync 2 DAGs
[2024-01-14T15:06:05.592+0000] {logging_mixin.py:120} INFO - [2024-01-14T15:06:05.592+0000] {dag.py:3340} INFO - Setting next_dagrun for example_external_task_marker_child to None, run_after=None
[2024-01-14T15:06:05.594+0000] {logging_mixin.py:120} INFO - [2024-01-14T15:06:05.594+0000] {dag.py:3340} INFO - Setting next_dagrun for example_external_task_marker_parent to None, run_after=None
[2024-01-14T15:06:05.603+0000] {processor.py:176} INFO - Processing /home/airflow/.local/lib/python3.7/site-packages/airflow/example_dags/example_external_task_marker_dag.py took 0.150 seconds
[2024-01-14T15:06:36.428+0000] {processor.py:154} INFO - Started process (PID=853) to work on /home/airflow/.local/lib/python3.7/site-packages/airflow/example_dags/example_external_task_marker_dag.py
[2024-01-14T15:06:36.428+0000] {processor.py:756} INFO - Processing file /home/airflow/.local/lib/python3.7/site-packages/airflow/example_dags/example_external_task_marker_dag.py for tasks to queue
[2024-01-14T15:06:36.429+0000] {logging_mixin.py:120} INFO - [2024-01-14T15:06:36.429+0000] {dagbag.py:537} INFO - Filling up the DagBag from /home/airflow/.local/lib/python3.7/site-packages/airflow/example_dags/example_external_task_marker_dag.py
[2024-01-14T15:06:36.438+0000] {processor.py:766} INFO - DAG(s) dict_keys(['example_external_task_marker_child', 'example_external_task_marker_parent']) retrieved from /home/airflow/.local/lib/python3.7/site-packages/airflow/example_dags/example_external_task_marker_dag.py
[2024-01-14T15:06:36.548+0000] {logging_mixin.py:120} INFO - [2024-01-14T15:06:36.548+0000] {dag.py:2585} INFO - Sync 2 DAGs
[2024-01-14T15:06:36.563+0000] {logging_mixin.py:120} INFO - [2024-01-14T15:06:36.563+0000] {dag.py:3340} INFO - Setting next_dagrun for example_external_task_marker_child to None, run_after=None
[2024-01-14T15:06:36.565+0000] {logging_mixin.py:120} INFO - [2024-01-14T15:06:36.565+0000] {dag.py:3340} INFO - Setting next_dagrun for example_external_task_marker_parent to None, run_after=None
[2024-01-14T15:06:36.575+0000] {processor.py:176} INFO - Processing /home/airflow/.local/lib/python3.7/site-packages/airflow/example_dags/example_external_task_marker_dag.py took 0.150 seconds
[2024-01-14T15:07:06.626+0000] {processor.py:154} INFO - Started process (PID=916) to work on /home/airflow/.local/lib/python3.7/site-packages/airflow/example_dags/example_external_task_marker_dag.py
[2024-01-14T15:07:06.626+0000] {processor.py:756} INFO - Processing file /home/airflow/.local/lib/python3.7/site-packages/airflow/example_dags/example_external_task_marker_dag.py for tasks to queue
[2024-01-14T15:07:06.627+0000] {logging_mixin.py:120} INFO - [2024-01-14T15:07:06.627+0000] {dagbag.py:537} INFO - Filling up the DagBag from /home/airflow/.local/lib/python3.7/site-packages/airflow/example_dags/example_external_task_marker_dag.py
[2024-01-14T15:07:06.636+0000] {processor.py:766} INFO - DAG(s) dict_keys(['example_external_task_marker_child', 'example_external_task_marker_parent']) retrieved from /home/airflow/.local/lib/python3.7/site-packages/airflow/example_dags/example_external_task_marker_dag.py
[2024-01-14T15:07:06.747+0000] {logging_mixin.py:120} INFO - [2024-01-14T15:07:06.747+0000] {dag.py:2585} INFO - Sync 2 DAGs
[2024-01-14T15:07:06.762+0000] {logging_mixin.py:120} INFO - [2024-01-14T15:07:06.762+0000] {dag.py:3340} INFO - Setting next_dagrun for example_external_task_marker_child to None, run_after=None
[2024-01-14T15:07:06.764+0000] {logging_mixin.py:120} INFO - [2024-01-14T15:07:06.764+0000] {dag.py:3340} INFO - Setting next_dagrun for example_external_task_marker_parent to None, run_after=None
[2024-01-14T15:07:06.774+0000] {processor.py:176} INFO - Processing /home/airflow/.local/lib/python3.7/site-packages/airflow/example_dags/example_external_task_marker_dag.py took 0.151 seconds
[2024-01-14T15:07:37.448+0000] {processor.py:154} INFO - Started process (PID=978) to work on /home/airflow/.local/lib/python3.7/site-packages/airflow/example_dags/example_external_task_marker_dag.py
[2024-01-14T15:07:37.449+0000] {processor.py:756} INFO - Processing file /home/airflow/.local/lib/python3.7/site-packages/airflow/example_dags/example_external_task_marker_dag.py for tasks to queue
[2024-01-14T15:07:37.449+0000] {logging_mixin.py:120} INFO - [2024-01-14T15:07:37.449+0000] {dagbag.py:537} INFO - Filling up the DagBag from /home/airflow/.local/lib/python3.7/site-packages/airflow/example_dags/example_external_task_marker_dag.py
[2024-01-14T15:07:37.458+0000] {processor.py:766} INFO - DAG(s) dict_keys(['example_external_task_marker_parent', 'example_external_task_marker_child']) retrieved from /home/airflow/.local/lib/python3.7/site-packages/airflow/example_dags/example_external_task_marker_dag.py
[2024-01-14T15:07:37.570+0000] {logging_mixin.py:120} INFO - [2024-01-14T15:07:37.570+0000] {dag.py:2585} INFO - Sync 2 DAGs
[2024-01-14T15:07:37.586+0000] {logging_mixin.py:120} INFO - [2024-01-14T15:07:37.586+0000] {dag.py:3340} INFO - Setting next_dagrun for example_external_task_marker_child to None, run_after=None
[2024-01-14T15:07:37.588+0000] {logging_mixin.py:120} INFO - [2024-01-14T15:07:37.588+0000] {dag.py:3340} INFO - Setting next_dagrun for example_external_task_marker_parent to None, run_after=None
[2024-01-14T15:07:37.597+0000] {processor.py:176} INFO - Processing /home/airflow/.local/lib/python3.7/site-packages/airflow/example_dags/example_external_task_marker_dag.py took 0.152 seconds
[2024-01-14T15:08:07.671+0000] {processor.py:154} INFO - Started process (PID=1041) to work on /home/airflow/.local/lib/python3.7/site-packages/airflow/example_dags/example_external_task_marker_dag.py
[2024-01-14T15:08:07.672+0000] {processor.py:756} INFO - Processing file /home/airflow/.local/lib/python3.7/site-packages/airflow/example_dags/example_external_task_marker_dag.py for tasks to queue
[2024-01-14T15:08:07.672+0000] {logging_mixin.py:120} INFO - [2024-01-14T15:08:07.672+0000] {dagbag.py:537} INFO - Filling up the DagBag from /home/airflow/.local/lib/python3.7/site-packages/airflow/example_dags/example_external_task_marker_dag.py
[2024-01-14T15:08:07.682+0000] {processor.py:766} INFO - DAG(s) dict_keys(['example_external_task_marker_parent', 'example_external_task_marker_child']) retrieved from /home/airflow/.local/lib/python3.7/site-packages/airflow/example_dags/example_external_task_marker_dag.py
[2024-01-14T15:08:07.794+0000] {logging_mixin.py:120} INFO - [2024-01-14T15:08:07.794+0000] {dag.py:2585} INFO - Sync 2 DAGs
[2024-01-14T15:08:07.809+0000] {logging_mixin.py:120} INFO - [2024-01-14T15:08:07.809+0000] {dag.py:3340} INFO - Setting next_dagrun for example_external_task_marker_child to None, run_after=None
[2024-01-14T15:08:07.812+0000] {logging_mixin.py:120} INFO - [2024-01-14T15:08:07.812+0000] {dag.py:3340} INFO - Setting next_dagrun for example_external_task_marker_parent to None, run_after=None
[2024-01-14T15:08:07.822+0000] {processor.py:176} INFO - Processing /home/airflow/.local/lib/python3.7/site-packages/airflow/example_dags/example_external_task_marker_dag.py took 0.152 seconds
[2024-01-14T15:08:38.725+0000] {processor.py:154} INFO - Started process (PID=1095) to work on /home/airflow/.local/lib/python3.7/site-packages/airflow/example_dags/example_external_task_marker_dag.py
[2024-01-14T15:08:38.726+0000] {processor.py:756} INFO - Processing file /home/airflow/.local/lib/python3.7/site-packages/airflow/example_dags/example_external_task_marker_dag.py for tasks to queue
[2024-01-14T15:08:38.726+0000] {logging_mixin.py:120} INFO - [2024-01-14T15:08:38.726+0000] {dagbag.py:537} INFO - Filling up the DagBag from /home/airflow/.local/lib/python3.7/site-packages/airflow/example_dags/example_external_task_marker_dag.py
[2024-01-14T15:08:38.736+0000] {processor.py:766} INFO - DAG(s) dict_keys(['example_external_task_marker_child', 'example_external_task_marker_parent']) retrieved from /home/airflow/.local/lib/python3.7/site-packages/airflow/example_dags/example_external_task_marker_dag.py
[2024-01-14T15:08:38.846+0000] {logging_mixin.py:120} INFO - [2024-01-14T15:08:38.846+0000] {dag.py:2585} INFO - Sync 2 DAGs
[2024-01-14T15:08:38.862+0000] {logging_mixin.py:120} INFO - [2024-01-14T15:08:38.862+0000] {dag.py:3340} INFO - Setting next_dagrun for example_external_task_marker_child to None, run_after=None
[2024-01-14T15:08:38.864+0000] {logging_mixin.py:120} INFO - [2024-01-14T15:08:38.864+0000] {dag.py:3340} INFO - Setting next_dagrun for example_external_task_marker_parent to None, run_after=None
[2024-01-14T15:08:38.874+0000] {processor.py:176} INFO - Processing /home/airflow/.local/lib/python3.7/site-packages/airflow/example_dags/example_external_task_marker_dag.py took 0.151 seconds
[2024-01-14T15:09:09.671+0000] {processor.py:154} INFO - Started process (PID=1158) to work on /home/airflow/.local/lib/python3.7/site-packages/airflow/example_dags/example_external_task_marker_dag.py
[2024-01-14T15:09:09.672+0000] {processor.py:756} INFO - Processing file /home/airflow/.local/lib/python3.7/site-packages/airflow/example_dags/example_external_task_marker_dag.py for tasks to queue
[2024-01-14T15:09:09.673+0000] {logging_mixin.py:120} INFO - [2024-01-14T15:09:09.673+0000] {dagbag.py:537} INFO - Filling up the DagBag from /home/airflow/.local/lib/python3.7/site-packages/airflow/example_dags/example_external_task_marker_dag.py
[2024-01-14T15:09:09.684+0000] {processor.py:766} INFO - DAG(s) dict_keys(['example_external_task_marker_parent', 'example_external_task_marker_child']) retrieved from /home/airflow/.local/lib/python3.7/site-packages/airflow/example_dags/example_external_task_marker_dag.py
[2024-01-14T15:09:09.810+0000] {logging_mixin.py:120} INFO - [2024-01-14T15:09:09.810+0000] {dag.py:2585} INFO - Sync 2 DAGs
[2024-01-14T15:09:09.825+0000] {logging_mixin.py:120} INFO - [2024-01-14T15:09:09.825+0000] {dag.py:3340} INFO - Setting next_dagrun for example_external_task_marker_child to None, run_after=None
[2024-01-14T15:09:09.828+0000] {logging_mixin.py:120} INFO - [2024-01-14T15:09:09.827+0000] {dag.py:3340} INFO - Setting next_dagrun for example_external_task_marker_parent to None, run_after=None
[2024-01-14T15:09:09.838+0000] {processor.py:176} INFO - Processing /home/airflow/.local/lib/python3.7/site-packages/airflow/example_dags/example_external_task_marker_dag.py took 0.169 seconds
[2024-01-14T15:09:40.604+0000] {processor.py:154} INFO - Started process (PID=1221) to work on /home/airflow/.local/lib/python3.7/site-packages/airflow/example_dags/example_external_task_marker_dag.py
[2024-01-14T15:09:40.605+0000] {processor.py:756} INFO - Processing file /home/airflow/.local/lib/python3.7/site-packages/airflow/example_dags/example_external_task_marker_dag.py for tasks to queue
[2024-01-14T15:09:40.606+0000] {logging_mixin.py:120} INFO - [2024-01-14T15:09:40.606+0000] {dagbag.py:537} INFO - Filling up the DagBag from /home/airflow/.local/lib/python3.7/site-packages/airflow/example_dags/example_external_task_marker_dag.py
[2024-01-14T15:09:40.615+0000] {processor.py:766} INFO - DAG(s) dict_keys(['example_external_task_marker_child', 'example_external_task_marker_parent']) retrieved from /home/airflow/.local/lib/python3.7/site-packages/airflow/example_dags/example_external_task_marker_dag.py
[2024-01-14T15:09:40.725+0000] {logging_mixin.py:120} INFO - [2024-01-14T15:09:40.725+0000] {dag.py:2585} INFO - Sync 2 DAGs
[2024-01-14T15:09:40.739+0000] {logging_mixin.py:120} INFO - [2024-01-14T15:09:40.739+0000] {dag.py:3340} INFO - Setting next_dagrun for example_external_task_marker_child to None, run_after=None
[2024-01-14T15:09:40.741+0000] {logging_mixin.py:120} INFO - [2024-01-14T15:09:40.741+0000] {dag.py:3340} INFO - Setting next_dagrun for example_external_task_marker_parent to None, run_after=None
[2024-01-14T15:09:40.750+0000] {processor.py:176} INFO - Processing /home/airflow/.local/lib/python3.7/site-packages/airflow/example_dags/example_external_task_marker_dag.py took 0.148 seconds
[2024-01-14T15:10:11.633+0000] {processor.py:154} INFO - Started process (PID=1284) to work on /home/airflow/.local/lib/python3.7/site-packages/airflow/example_dags/example_external_task_marker_dag.py
[2024-01-14T15:10:11.633+0000] {processor.py:756} INFO - Processing file /home/airflow/.local/lib/python3.7/site-packages/airflow/example_dags/example_external_task_marker_dag.py for tasks to queue
[2024-01-14T15:10:11.634+0000] {logging_mixin.py:120} INFO - [2024-01-14T15:10:11.634+0000] {dagbag.py:537} INFO - Filling up the DagBag from /home/airflow/.local/lib/python3.7/site-packages/airflow/example_dags/example_external_task_marker_dag.py
[2024-01-14T15:10:11.643+0000] {processor.py:766} INFO - DAG(s) dict_keys(['example_external_task_marker_parent', 'example_external_task_marker_child']) retrieved from /home/airflow/.local/lib/python3.7/site-packages/airflow/example_dags/example_external_task_marker_dag.py
[2024-01-14T15:10:11.753+0000] {logging_mixin.py:120} INFO - [2024-01-14T15:10:11.753+0000] {dag.py:2585} INFO - Sync 2 DAGs
[2024-01-14T15:10:11.768+0000] {logging_mixin.py:120} INFO - [2024-01-14T15:10:11.768+0000] {dag.py:3340} INFO - Setting next_dagrun for example_external_task_marker_child to None, run_after=None
[2024-01-14T15:10:11.770+0000] {logging_mixin.py:120} INFO - [2024-01-14T15:10:11.770+0000] {dag.py:3340} INFO - Setting next_dagrun for example_external_task_marker_parent to None, run_after=None
[2024-01-14T15:10:11.780+0000] {processor.py:176} INFO - Processing /home/airflow/.local/lib/python3.7/site-packages/airflow/example_dags/example_external_task_marker_dag.py took 0.149 seconds
[2024-01-14T15:10:42.489+0000] {processor.py:154} INFO - Started process (PID=1347) to work on /home/airflow/.local/lib/python3.7/site-packages/airflow/example_dags/example_external_task_marker_dag.py
[2024-01-14T15:10:42.490+0000] {processor.py:756} INFO - Processing file /home/airflow/.local/lib/python3.7/site-packages/airflow/example_dags/example_external_task_marker_dag.py for tasks to queue
[2024-01-14T15:10:42.490+0000] {logging_mixin.py:120} INFO - [2024-01-14T15:10:42.490+0000] {dagbag.py:537} INFO - Filling up the DagBag from /home/airflow/.local/lib/python3.7/site-packages/airflow/example_dags/example_external_task_marker_dag.py
[2024-01-14T15:10:42.500+0000] {processor.py:766} INFO - DAG(s) dict_keys(['example_external_task_marker_parent', 'example_external_task_marker_child']) retrieved from /home/airflow/.local/lib/python3.7/site-packages/airflow/example_dags/example_external_task_marker_dag.py
[2024-01-14T15:10:42.612+0000] {logging_mixin.py:120} INFO - [2024-01-14T15:10:42.612+0000] {dag.py:2585} INFO - Sync 2 DAGs
[2024-01-14T15:10:42.629+0000] {logging_mixin.py:120} INFO - [2024-01-14T15:10:42.629+0000] {dag.py:3340} INFO - Setting next_dagrun for example_external_task_marker_child to None, run_after=None
[2024-01-14T15:10:42.631+0000] {logging_mixin.py:120} INFO - [2024-01-14T15:10:42.631+0000] {dag.py:3340} INFO - Setting next_dagrun for example_external_task_marker_parent to None, run_after=None
[2024-01-14T15:10:42.641+0000] {processor.py:176} INFO - Processing /home/airflow/.local/lib/python3.7/site-packages/airflow/example_dags/example_external_task_marker_dag.py took 0.154 seconds
[2024-01-14T15:11:44.534+0000] {processor.py:154} INFO - Started process (PID=1473) to work on /home/airflow/.local/lib/python3.7/site-packages/airflow/example_dags/example_external_task_marker_dag.py
[2024-01-14T15:11:44.535+0000] {processor.py:756} INFO - Processing file /home/airflow/.local/lib/python3.7/site-packages/airflow/example_dags/example_external_task_marker_dag.py for tasks to queue
[2024-01-14T15:11:44.536+0000] {logging_mixin.py:120} INFO - [2024-01-14T15:11:44.536+0000] {dagbag.py:537} INFO - Filling up the DagBag from /home/airflow/.local/lib/python3.7/site-packages/airflow/example_dags/example_external_task_marker_dag.py
[2024-01-14T15:11:44.545+0000] {processor.py:766} INFO - DAG(s) dict_keys(['example_external_task_marker_child', 'example_external_task_marker_parent']) retrieved from /home/airflow/.local/lib/python3.7/site-packages/airflow/example_dags/example_external_task_marker_dag.py
[2024-01-14T15:11:44.657+0000] {logging_mixin.py:120} INFO - [2024-01-14T15:11:44.656+0000] {dag.py:2585} INFO - Sync 2 DAGs
[2024-01-14T15:11:44.672+0000] {logging_mixin.py:120} INFO - [2024-01-14T15:11:44.672+0000] {dag.py:3340} INFO - Setting next_dagrun for example_external_task_marker_child to None, run_after=None
[2024-01-14T15:11:44.674+0000] {logging_mixin.py:120} INFO - [2024-01-14T15:11:44.674+0000] {dag.py:3340} INFO - Setting next_dagrun for example_external_task_marker_parent to None, run_after=None
[2024-01-14T15:11:44.685+0000] {processor.py:176} INFO - Processing /home/airflow/.local/lib/python3.7/site-packages/airflow/example_dags/example_external_task_marker_dag.py took 0.152 seconds
[2024-01-14T15:12:15.594+0000] {processor.py:154} INFO - Started process (PID=1527) to work on /home/airflow/.local/lib/python3.7/site-packages/airflow/example_dags/example_external_task_marker_dag.py
[2024-01-14T15:12:15.595+0000] {processor.py:756} INFO - Processing file /home/airflow/.local/lib/python3.7/site-packages/airflow/example_dags/example_external_task_marker_dag.py for tasks to queue
[2024-01-14T15:12:15.595+0000] {logging_mixin.py:120} INFO - [2024-01-14T15:12:15.595+0000] {dagbag.py:537} INFO - Filling up the DagBag from /home/airflow/.local/lib/python3.7/site-packages/airflow/example_dags/example_external_task_marker_dag.py
[2024-01-14T15:12:15.604+0000] {processor.py:766} INFO - DAG(s) dict_keys(['example_external_task_marker_child', 'example_external_task_marker_parent']) retrieved from /home/airflow/.local/lib/python3.7/site-packages/airflow/example_dags/example_external_task_marker_dag.py
[2024-01-14T15:12:15.714+0000] {logging_mixin.py:120} INFO - [2024-01-14T15:12:15.714+0000] {dag.py:2585} INFO - Sync 2 DAGs
[2024-01-14T15:12:15.729+0000] {logging_mixin.py:120} INFO - [2024-01-14T15:12:15.729+0000] {dag.py:3340} INFO - Setting next_dagrun for example_external_task_marker_child to None, run_after=None
[2024-01-14T15:12:15.731+0000] {logging_mixin.py:120} INFO - [2024-01-14T15:12:15.731+0000] {dag.py:3340} INFO - Setting next_dagrun for example_external_task_marker_parent to None, run_after=None
[2024-01-14T15:12:15.740+0000] {processor.py:176} INFO - Processing /home/airflow/.local/lib/python3.7/site-packages/airflow/example_dags/example_external_task_marker_dag.py took 0.149 seconds
[2024-01-14T15:12:46.451+0000] {processor.py:154} INFO - Started process (PID=1590) to work on /home/airflow/.local/lib/python3.7/site-packages/airflow/example_dags/example_external_task_marker_dag.py
[2024-01-14T15:12:46.451+0000] {processor.py:756} INFO - Processing file /home/airflow/.local/lib/python3.7/site-packages/airflow/example_dags/example_external_task_marker_dag.py for tasks to queue
[2024-01-14T15:12:46.452+0000] {logging_mixin.py:120} INFO - [2024-01-14T15:12:46.452+0000] {dagbag.py:537} INFO - Filling up the DagBag from /home/airflow/.local/lib/python3.7/site-packages/airflow/example_dags/example_external_task_marker_dag.py
[2024-01-14T15:12:46.461+0000] {processor.py:766} INFO - DAG(s) dict_keys(['example_external_task_marker_child', 'example_external_task_marker_parent']) retrieved from /home/airflow/.local/lib/python3.7/site-packages/airflow/example_dags/example_external_task_marker_dag.py
[2024-01-14T15:12:46.571+0000] {logging_mixin.py:120} INFO - [2024-01-14T15:12:46.571+0000] {dag.py:2585} INFO - Sync 2 DAGs
[2024-01-14T15:12:46.587+0000] {logging_mixin.py:120} INFO - [2024-01-14T15:12:46.587+0000] {dag.py:3340} INFO - Setting next_dagrun for example_external_task_marker_child to None, run_after=None
[2024-01-14T15:12:46.589+0000] {logging_mixin.py:120} INFO - [2024-01-14T15:12:46.589+0000] {dag.py:3340} INFO - Setting next_dagrun for example_external_task_marker_parent to None, run_after=None
[2024-01-14T15:12:46.598+0000] {processor.py:176} INFO - Processing /home/airflow/.local/lib/python3.7/site-packages/airflow/example_dags/example_external_task_marker_dag.py took 0.150 seconds
[2024-01-14T15:13:17.485+0000] {processor.py:154} INFO - Started process (PID=1653) to work on /home/airflow/.local/lib/python3.7/site-packages/airflow/example_dags/example_external_task_marker_dag.py
[2024-01-14T15:13:17.486+0000] {processor.py:756} INFO - Processing file /home/airflow/.local/lib/python3.7/site-packages/airflow/example_dags/example_external_task_marker_dag.py for tasks to queue
[2024-01-14T15:13:17.487+0000] {logging_mixin.py:120} INFO - [2024-01-14T15:13:17.486+0000] {dagbag.py:537} INFO - Filling up the DagBag from /home/airflow/.local/lib/python3.7/site-packages/airflow/example_dags/example_external_task_marker_dag.py
[2024-01-14T15:13:17.497+0000] {processor.py:766} INFO - DAG(s) dict_keys(['example_external_task_marker_parent', 'example_external_task_marker_child']) retrieved from /home/airflow/.local/lib/python3.7/site-packages/airflow/example_dags/example_external_task_marker_dag.py
[2024-01-14T15:13:17.612+0000] {logging_mixin.py:120} INFO - [2024-01-14T15:13:17.612+0000] {dag.py:2585} INFO - Sync 2 DAGs
[2024-01-14T15:13:17.627+0000] {logging_mixin.py:120} INFO - [2024-01-14T15:13:17.627+0000] {dag.py:3340} INFO - Setting next_dagrun for example_external_task_marker_child to None, run_after=None
[2024-01-14T15:13:17.630+0000] {logging_mixin.py:120} INFO - [2024-01-14T15:13:17.630+0000] {dag.py:3340} INFO - Setting next_dagrun for example_external_task_marker_parent to None, run_after=None
[2024-01-14T15:13:17.640+0000] {processor.py:176} INFO - Processing /home/airflow/.local/lib/python3.7/site-packages/airflow/example_dags/example_external_task_marker_dag.py took 0.157 seconds
[2024-01-14T15:13:48.384+0000] {processor.py:154} INFO - Started process (PID=1716) to work on /home/airflow/.local/lib/python3.7/site-packages/airflow/example_dags/example_external_task_marker_dag.py
[2024-01-14T15:13:48.384+0000] {processor.py:756} INFO - Processing file /home/airflow/.local/lib/python3.7/site-packages/airflow/example_dags/example_external_task_marker_dag.py for tasks to queue
[2024-01-14T15:13:48.385+0000] {logging_mixin.py:120} INFO - [2024-01-14T15:13:48.385+0000] {dagbag.py:537} INFO - Filling up the DagBag from /home/airflow/.local/lib/python3.7/site-packages/airflow/example_dags/example_external_task_marker_dag.py
[2024-01-14T15:13:48.394+0000] {processor.py:766} INFO - DAG(s) dict_keys(['example_external_task_marker_parent', 'example_external_task_marker_child']) retrieved from /home/airflow/.local/lib/python3.7/site-packages/airflow/example_dags/example_external_task_marker_dag.py
[2024-01-14T15:13:48.505+0000] {logging_mixin.py:120} INFO - [2024-01-14T15:13:48.504+0000] {dag.py:2585} INFO - Sync 2 DAGs
[2024-01-14T15:13:48.519+0000] {logging_mixin.py:120} INFO - [2024-01-14T15:13:48.519+0000] {dag.py:3340} INFO - Setting next_dagrun for example_external_task_marker_child to None, run_after=None
[2024-01-14T15:13:48.521+0000] {logging_mixin.py:120} INFO - [2024-01-14T15:13:48.521+0000] {dag.py:3340} INFO - Setting next_dagrun for example_external_task_marker_parent to None, run_after=None
[2024-01-14T15:13:48.531+0000] {processor.py:176} INFO - Processing /home/airflow/.local/lib/python3.7/site-packages/airflow/example_dags/example_external_task_marker_dag.py took 0.149 seconds
