[2024-01-14T15:00:00.017+0000] {processor.py:154} INFO - Started process (PID=71) to work on /home/airflow/.local/lib/python3.7/site-packages/airflow/example_dags/example_nested_branch_dag.py
[2024-01-14T15:00:00.020+0000] {processor.py:756} INFO - Processing file /home/airflow/.local/lib/python3.7/site-packages/airflow/example_dags/example_nested_branch_dag.py for tasks to queue
[2024-01-14T15:00:00.024+0000] {logging_mixin.py:120} INFO - [2024-01-14T15:00:00.024+0000] {dagbag.py:537} INFO - Filling up the DagBag from /home/airflow/.local/lib/python3.7/site-packages/airflow/example_dags/example_nested_branch_dag.py
[2024-01-14T15:00:00.057+0000] {processor.py:766} INFO - DAG(s) dict_keys(['example_nested_branch_dag']) retrieved from /home/airflow/.local/lib/python3.7/site-packages/airflow/example_dags/example_nested_branch_dag.py
[2024-01-14T15:00:00.312+0000] {logging_mixin.py:120} INFO - [2024-01-14T15:00:00.312+0000] {manager.py:507} INFO - Created Permission View: can read on DAG:example_nested_branch_dag
[2024-01-14T15:00:00.337+0000] {logging_mixin.py:120} INFO - [2024-01-14T15:00:00.336+0000] {manager.py:507} INFO - Created Permission View: can edit on DAG:example_nested_branch_dag
[2024-01-14T15:00:00.360+0000] {logging_mixin.py:120} INFO - [2024-01-14T15:00:00.360+0000] {manager.py:507} INFO - Created Permission View: can delete on DAG:example_nested_branch_dag
[2024-01-14T15:00:00.361+0000] {logging_mixin.py:120} INFO - [2024-01-14T15:00:00.361+0000] {dag.py:2585} INFO - Sync 1 DAGs
[2024-01-14T15:00:00.386+0000] {logging_mixin.py:120} INFO - [2024-01-14T15:00:00.386+0000] {dag.py:2606} INFO - Creating ORM DAG for example_nested_branch_dag
[2024-01-14T15:00:00.420+0000] {logging_mixin.py:120} INFO - [2024-01-14T15:00:00.420+0000] {dag.py:3340} INFO - Setting next_dagrun for example_nested_branch_dag to 2024-01-13T00:00:00+00:00, run_after=2024-01-14T00:00:00+00:00
[2024-01-14T15:00:00.478+0000] {processor.py:176} INFO - Processing /home/airflow/.local/lib/python3.7/site-packages/airflow/example_dags/example_nested_branch_dag.py took 0.468 seconds
[2024-01-14T15:00:31.070+0000] {processor.py:154} INFO - Started process (PID=125) to work on /home/airflow/.local/lib/python3.7/site-packages/airflow/example_dags/example_nested_branch_dag.py
[2024-01-14T15:00:31.071+0000] {processor.py:756} INFO - Processing file /home/airflow/.local/lib/python3.7/site-packages/airflow/example_dags/example_nested_branch_dag.py for tasks to queue
[2024-01-14T15:00:31.072+0000] {logging_mixin.py:120} INFO - [2024-01-14T15:00:31.072+0000] {dagbag.py:537} INFO - Filling up the DagBag from /home/airflow/.local/lib/python3.7/site-packages/airflow/example_dags/example_nested_branch_dag.py
[2024-01-14T15:00:31.094+0000] {processor.py:766} INFO - DAG(s) dict_keys(['example_nested_branch_dag']) retrieved from /home/airflow/.local/lib/python3.7/site-packages/airflow/example_dags/example_nested_branch_dag.py
[2024-01-14T15:00:31.119+0000] {logging_mixin.py:120} INFO - [2024-01-14T15:00:31.119+0000] {dag.py:2585} INFO - Sync 1 DAGs
[2024-01-14T15:00:31.135+0000] {logging_mixin.py:120} INFO - [2024-01-14T15:00:31.135+0000] {dag.py:3340} INFO - Setting next_dagrun for example_nested_branch_dag to 2024-01-13T00:00:00+00:00, run_after=2024-01-14T00:00:00+00:00
[2024-01-14T15:00:31.146+0000] {processor.py:176} INFO - Processing /home/airflow/.local/lib/python3.7/site-packages/airflow/example_dags/example_nested_branch_dag.py took 0.081 seconds
[2024-01-14T15:01:01.234+0000] {processor.py:154} INFO - Started process (PID=189) to work on /home/airflow/.local/lib/python3.7/site-packages/airflow/example_dags/example_nested_branch_dag.py
[2024-01-14T15:01:01.235+0000] {processor.py:756} INFO - Processing file /home/airflow/.local/lib/python3.7/site-packages/airflow/example_dags/example_nested_branch_dag.py for tasks to queue
[2024-01-14T15:01:01.235+0000] {logging_mixin.py:120} INFO - [2024-01-14T15:01:01.235+0000] {dagbag.py:537} INFO - Filling up the DagBag from /home/airflow/.local/lib/python3.7/site-packages/airflow/example_dags/example_nested_branch_dag.py
[2024-01-14T15:01:01.255+0000] {processor.py:766} INFO - DAG(s) dict_keys(['example_nested_branch_dag']) retrieved from /home/airflow/.local/lib/python3.7/site-packages/airflow/example_dags/example_nested_branch_dag.py
[2024-01-14T15:01:01.281+0000] {logging_mixin.py:120} INFO - [2024-01-14T15:01:01.280+0000] {dag.py:2585} INFO - Sync 1 DAGs
[2024-01-14T15:01:01.296+0000] {logging_mixin.py:120} INFO - [2024-01-14T15:01:01.296+0000] {dag.py:3340} INFO - Setting next_dagrun for example_nested_branch_dag to 2024-01-13T00:00:00+00:00, run_after=2024-01-14T00:00:00+00:00
[2024-01-14T15:01:01.307+0000] {processor.py:176} INFO - Processing /home/airflow/.local/lib/python3.7/site-packages/airflow/example_dags/example_nested_branch_dag.py took 0.077 seconds
[2024-01-14T15:01:32.216+0000] {processor.py:154} INFO - Started process (PID=252) to work on /home/airflow/.local/lib/python3.7/site-packages/airflow/example_dags/example_nested_branch_dag.py
[2024-01-14T15:01:32.217+0000] {processor.py:756} INFO - Processing file /home/airflow/.local/lib/python3.7/site-packages/airflow/example_dags/example_nested_branch_dag.py for tasks to queue
[2024-01-14T15:01:32.218+0000] {logging_mixin.py:120} INFO - [2024-01-14T15:01:32.218+0000] {dagbag.py:537} INFO - Filling up the DagBag from /home/airflow/.local/lib/python3.7/site-packages/airflow/example_dags/example_nested_branch_dag.py
[2024-01-14T15:01:32.234+0000] {processor.py:766} INFO - DAG(s) dict_keys(['example_nested_branch_dag']) retrieved from /home/airflow/.local/lib/python3.7/site-packages/airflow/example_dags/example_nested_branch_dag.py
[2024-01-14T15:01:32.259+0000] {logging_mixin.py:120} INFO - [2024-01-14T15:01:32.259+0000] {dag.py:2585} INFO - Sync 1 DAGs
[2024-01-14T15:01:32.275+0000] {logging_mixin.py:120} INFO - [2024-01-14T15:01:32.275+0000] {dag.py:3340} INFO - Setting next_dagrun for example_nested_branch_dag to 2024-01-13T00:00:00+00:00, run_after=2024-01-14T00:00:00+00:00
[2024-01-14T15:01:32.286+0000] {processor.py:176} INFO - Processing /home/airflow/.local/lib/python3.7/site-packages/airflow/example_dags/example_nested_branch_dag.py took 0.072 seconds
[2024-01-14T15:02:02.365+0000] {processor.py:154} INFO - Started process (PID=315) to work on /home/airflow/.local/lib/python3.7/site-packages/airflow/example_dags/example_nested_branch_dag.py
[2024-01-14T15:02:02.366+0000] {processor.py:756} INFO - Processing file /home/airflow/.local/lib/python3.7/site-packages/airflow/example_dags/example_nested_branch_dag.py for tasks to queue
[2024-01-14T15:02:02.366+0000] {logging_mixin.py:120} INFO - [2024-01-14T15:02:02.366+0000] {dagbag.py:537} INFO - Filling up the DagBag from /home/airflow/.local/lib/python3.7/site-packages/airflow/example_dags/example_nested_branch_dag.py
[2024-01-14T15:02:02.382+0000] {processor.py:766} INFO - DAG(s) dict_keys(['example_nested_branch_dag']) retrieved from /home/airflow/.local/lib/python3.7/site-packages/airflow/example_dags/example_nested_branch_dag.py
[2024-01-14T15:02:02.408+0000] {logging_mixin.py:120} INFO - [2024-01-14T15:02:02.408+0000] {dag.py:2585} INFO - Sync 1 DAGs
[2024-01-14T15:02:02.424+0000] {logging_mixin.py:120} INFO - [2024-01-14T15:02:02.423+0000] {dag.py:3340} INFO - Setting next_dagrun for example_nested_branch_dag to 2024-01-13T00:00:00+00:00, run_after=2024-01-14T00:00:00+00:00
[2024-01-14T15:02:02.436+0000] {processor.py:176} INFO - Processing /home/airflow/.local/lib/python3.7/site-packages/airflow/example_dags/example_nested_branch_dag.py took 0.073 seconds
[2024-01-14T15:02:32.486+0000] {processor.py:154} INFO - Started process (PID=378) to work on /home/airflow/.local/lib/python3.7/site-packages/airflow/example_dags/example_nested_branch_dag.py
[2024-01-14T15:02:32.486+0000] {processor.py:756} INFO - Processing file /home/airflow/.local/lib/python3.7/site-packages/airflow/example_dags/example_nested_branch_dag.py for tasks to queue
[2024-01-14T15:02:32.487+0000] {logging_mixin.py:120} INFO - [2024-01-14T15:02:32.487+0000] {dagbag.py:537} INFO - Filling up the DagBag from /home/airflow/.local/lib/python3.7/site-packages/airflow/example_dags/example_nested_branch_dag.py
[2024-01-14T15:02:32.502+0000] {processor.py:766} INFO - DAG(s) dict_keys(['example_nested_branch_dag']) retrieved from /home/airflow/.local/lib/python3.7/site-packages/airflow/example_dags/example_nested_branch_dag.py
[2024-01-14T15:02:32.528+0000] {logging_mixin.py:120} INFO - [2024-01-14T15:02:32.528+0000] {dag.py:2585} INFO - Sync 1 DAGs
[2024-01-14T15:02:32.545+0000] {logging_mixin.py:120} INFO - [2024-01-14T15:02:32.545+0000] {dag.py:3340} INFO - Setting next_dagrun for example_nested_branch_dag to 2024-01-13T00:00:00+00:00, run_after=2024-01-14T00:00:00+00:00
[2024-01-14T15:02:32.558+0000] {processor.py:176} INFO - Processing /home/airflow/.local/lib/python3.7/site-packages/airflow/example_dags/example_nested_branch_dag.py took 0.074 seconds
[2024-01-14T15:03:02.690+0000] {processor.py:154} INFO - Started process (PID=432) to work on /home/airflow/.local/lib/python3.7/site-packages/airflow/example_dags/example_nested_branch_dag.py
[2024-01-14T15:03:02.691+0000] {processor.py:756} INFO - Processing file /home/airflow/.local/lib/python3.7/site-packages/airflow/example_dags/example_nested_branch_dag.py for tasks to queue
[2024-01-14T15:03:02.692+0000] {logging_mixin.py:120} INFO - [2024-01-14T15:03:02.692+0000] {dagbag.py:537} INFO - Filling up the DagBag from /home/airflow/.local/lib/python3.7/site-packages/airflow/example_dags/example_nested_branch_dag.py
[2024-01-14T15:03:02.713+0000] {processor.py:766} INFO - DAG(s) dict_keys(['example_nested_branch_dag']) retrieved from /home/airflow/.local/lib/python3.7/site-packages/airflow/example_dags/example_nested_branch_dag.py
[2024-01-14T15:03:02.741+0000] {logging_mixin.py:120} INFO - [2024-01-14T15:03:02.741+0000] {dag.py:2585} INFO - Sync 1 DAGs
[2024-01-14T15:03:02.758+0000] {logging_mixin.py:120} INFO - [2024-01-14T15:03:02.758+0000] {dag.py:3340} INFO - Setting next_dagrun for example_nested_branch_dag to 2024-01-13T00:00:00+00:00, run_after=2024-01-14T00:00:00+00:00
[2024-01-14T15:03:02.769+0000] {processor.py:176} INFO - Processing /home/airflow/.local/lib/python3.7/site-packages/airflow/example_dags/example_nested_branch_dag.py took 0.086 seconds
[2024-01-14T15:03:32.887+0000] {processor.py:154} INFO - Started process (PID=495) to work on /home/airflow/.local/lib/python3.7/site-packages/airflow/example_dags/example_nested_branch_dag.py
[2024-01-14T15:03:32.888+0000] {processor.py:756} INFO - Processing file /home/airflow/.local/lib/python3.7/site-packages/airflow/example_dags/example_nested_branch_dag.py for tasks to queue
[2024-01-14T15:03:32.888+0000] {logging_mixin.py:120} INFO - [2024-01-14T15:03:32.888+0000] {dagbag.py:537} INFO - Filling up the DagBag from /home/airflow/.local/lib/python3.7/site-packages/airflow/example_dags/example_nested_branch_dag.py
[2024-01-14T15:03:32.903+0000] {processor.py:766} INFO - DAG(s) dict_keys(['example_nested_branch_dag']) retrieved from /home/airflow/.local/lib/python3.7/site-packages/airflow/example_dags/example_nested_branch_dag.py
[2024-01-14T15:03:32.929+0000] {logging_mixin.py:120} INFO - [2024-01-14T15:03:32.929+0000] {dag.py:2585} INFO - Sync 1 DAGs
[2024-01-14T15:03:32.944+0000] {logging_mixin.py:120} INFO - [2024-01-14T15:03:32.944+0000] {dag.py:3340} INFO - Setting next_dagrun for example_nested_branch_dag to 2024-01-13T00:00:00+00:00, run_after=2024-01-14T00:00:00+00:00
[2024-01-14T15:03:32.956+0000] {processor.py:176} INFO - Processing /home/airflow/.local/lib/python3.7/site-packages/airflow/example_dags/example_nested_branch_dag.py took 0.072 seconds
[2024-01-14T15:04:03.794+0000] {processor.py:154} INFO - Started process (PID=558) to work on /home/airflow/.local/lib/python3.7/site-packages/airflow/example_dags/example_nested_branch_dag.py
[2024-01-14T15:04:03.795+0000] {processor.py:756} INFO - Processing file /home/airflow/.local/lib/python3.7/site-packages/airflow/example_dags/example_nested_branch_dag.py for tasks to queue
[2024-01-14T15:04:03.795+0000] {logging_mixin.py:120} INFO - [2024-01-14T15:04:03.795+0000] {dagbag.py:537} INFO - Filling up the DagBag from /home/airflow/.local/lib/python3.7/site-packages/airflow/example_dags/example_nested_branch_dag.py
[2024-01-14T15:04:03.815+0000] {processor.py:766} INFO - DAG(s) dict_keys(['example_nested_branch_dag']) retrieved from /home/airflow/.local/lib/python3.7/site-packages/airflow/example_dags/example_nested_branch_dag.py
[2024-01-14T15:04:03.840+0000] {logging_mixin.py:120} INFO - [2024-01-14T15:04:03.840+0000] {dag.py:2585} INFO - Sync 1 DAGs
[2024-01-14T15:04:03.856+0000] {logging_mixin.py:120} INFO - [2024-01-14T15:04:03.856+0000] {dag.py:3340} INFO - Setting next_dagrun for example_nested_branch_dag to 2024-01-13T00:00:00+00:00, run_after=2024-01-14T00:00:00+00:00
[2024-01-14T15:04:03.867+0000] {processor.py:176} INFO - Processing /home/airflow/.local/lib/python3.7/site-packages/airflow/example_dags/example_nested_branch_dag.py took 0.077 seconds
[2024-01-14T15:04:33.888+0000] {processor.py:154} INFO - Started process (PID=621) to work on /home/airflow/.local/lib/python3.7/site-packages/airflow/example_dags/example_nested_branch_dag.py
[2024-01-14T15:04:33.889+0000] {processor.py:756} INFO - Processing file /home/airflow/.local/lib/python3.7/site-packages/airflow/example_dags/example_nested_branch_dag.py for tasks to queue
[2024-01-14T15:04:33.890+0000] {logging_mixin.py:120} INFO - [2024-01-14T15:04:33.890+0000] {dagbag.py:537} INFO - Filling up the DagBag from /home/airflow/.local/lib/python3.7/site-packages/airflow/example_dags/example_nested_branch_dag.py
[2024-01-14T15:04:33.907+0000] {processor.py:766} INFO - DAG(s) dict_keys(['example_nested_branch_dag']) retrieved from /home/airflow/.local/lib/python3.7/site-packages/airflow/example_dags/example_nested_branch_dag.py
[2024-01-14T15:04:33.935+0000] {logging_mixin.py:120} INFO - [2024-01-14T15:04:33.935+0000] {dag.py:2585} INFO - Sync 1 DAGs
[2024-01-14T15:04:33.952+0000] {logging_mixin.py:120} INFO - [2024-01-14T15:04:33.952+0000] {dag.py:3340} INFO - Setting next_dagrun for example_nested_branch_dag to 2024-01-13T00:00:00+00:00, run_after=2024-01-14T00:00:00+00:00
[2024-01-14T15:04:33.965+0000] {processor.py:176} INFO - Processing /home/airflow/.local/lib/python3.7/site-packages/airflow/example_dags/example_nested_branch_dag.py took 0.079 seconds
[2024-01-14T15:05:03.998+0000] {processor.py:154} INFO - Started process (PID=684) to work on /home/airflow/.local/lib/python3.7/site-packages/airflow/example_dags/example_nested_branch_dag.py
[2024-01-14T15:05:03.999+0000] {processor.py:756} INFO - Processing file /home/airflow/.local/lib/python3.7/site-packages/airflow/example_dags/example_nested_branch_dag.py for tasks to queue
[2024-01-14T15:05:03.999+0000] {logging_mixin.py:120} INFO - [2024-01-14T15:05:03.999+0000] {dagbag.py:537} INFO - Filling up the DagBag from /home/airflow/.local/lib/python3.7/site-packages/airflow/example_dags/example_nested_branch_dag.py
[2024-01-14T15:05:04.016+0000] {processor.py:766} INFO - DAG(s) dict_keys(['example_nested_branch_dag']) retrieved from /home/airflow/.local/lib/python3.7/site-packages/airflow/example_dags/example_nested_branch_dag.py
[2024-01-14T15:05:04.041+0000] {logging_mixin.py:120} INFO - [2024-01-14T15:05:04.041+0000] {dag.py:2585} INFO - Sync 1 DAGs
[2024-01-14T15:05:04.058+0000] {logging_mixin.py:120} INFO - [2024-01-14T15:05:04.057+0000] {dag.py:3340} INFO - Setting next_dagrun for example_nested_branch_dag to 2024-01-13T00:00:00+00:00, run_after=2024-01-14T00:00:00+00:00
[2024-01-14T15:05:04.070+0000] {processor.py:176} INFO - Processing /home/airflow/.local/lib/python3.7/site-packages/airflow/example_dags/example_nested_branch_dag.py took 0.074 seconds
[2024-01-14T15:05:35.144+0000] {processor.py:154} INFO - Started process (PID=738) to work on /home/airflow/.local/lib/python3.7/site-packages/airflow/example_dags/example_nested_branch_dag.py
[2024-01-14T15:05:35.144+0000] {processor.py:756} INFO - Processing file /home/airflow/.local/lib/python3.7/site-packages/airflow/example_dags/example_nested_branch_dag.py for tasks to queue
[2024-01-14T15:05:35.145+0000] {logging_mixin.py:120} INFO - [2024-01-14T15:05:35.145+0000] {dagbag.py:537} INFO - Filling up the DagBag from /home/airflow/.local/lib/python3.7/site-packages/airflow/example_dags/example_nested_branch_dag.py
[2024-01-14T15:05:35.162+0000] {processor.py:766} INFO - DAG(s) dict_keys(['example_nested_branch_dag']) retrieved from /home/airflow/.local/lib/python3.7/site-packages/airflow/example_dags/example_nested_branch_dag.py
[2024-01-14T15:05:35.190+0000] {logging_mixin.py:120} INFO - [2024-01-14T15:05:35.190+0000] {dag.py:2585} INFO - Sync 1 DAGs
[2024-01-14T15:05:35.206+0000] {logging_mixin.py:120} INFO - [2024-01-14T15:05:35.206+0000] {dag.py:3340} INFO - Setting next_dagrun for example_nested_branch_dag to 2024-01-13T00:00:00+00:00, run_after=2024-01-14T00:00:00+00:00
[2024-01-14T15:05:35.216+0000] {processor.py:176} INFO - Processing /home/airflow/.local/lib/python3.7/site-packages/airflow/example_dags/example_nested_branch_dag.py took 0.075 seconds
[2024-01-14T15:06:05.942+0000] {processor.py:154} INFO - Started process (PID=801) to work on /home/airflow/.local/lib/python3.7/site-packages/airflow/example_dags/example_nested_branch_dag.py
[2024-01-14T15:06:05.943+0000] {processor.py:756} INFO - Processing file /home/airflow/.local/lib/python3.7/site-packages/airflow/example_dags/example_nested_branch_dag.py for tasks to queue
[2024-01-14T15:06:05.943+0000] {logging_mixin.py:120} INFO - [2024-01-14T15:06:05.943+0000] {dagbag.py:537} INFO - Filling up the DagBag from /home/airflow/.local/lib/python3.7/site-packages/airflow/example_dags/example_nested_branch_dag.py
[2024-01-14T15:06:05.959+0000] {processor.py:766} INFO - DAG(s) dict_keys(['example_nested_branch_dag']) retrieved from /home/airflow/.local/lib/python3.7/site-packages/airflow/example_dags/example_nested_branch_dag.py
[2024-01-14T15:06:05.986+0000] {logging_mixin.py:120} INFO - [2024-01-14T15:06:05.985+0000] {dag.py:2585} INFO - Sync 1 DAGs
[2024-01-14T15:06:06.000+0000] {logging_mixin.py:120} INFO - [2024-01-14T15:06:06.000+0000] {dag.py:3340} INFO - Setting next_dagrun for example_nested_branch_dag to 2024-01-13T00:00:00+00:00, run_after=2024-01-14T00:00:00+00:00
[2024-01-14T15:06:06.011+0000] {processor.py:176} INFO - Processing /home/airflow/.local/lib/python3.7/site-packages/airflow/example_dags/example_nested_branch_dag.py took 0.071 seconds
[2024-01-14T15:06:37.116+0000] {processor.py:154} INFO - Started process (PID=864) to work on /home/airflow/.local/lib/python3.7/site-packages/airflow/example_dags/example_nested_branch_dag.py
[2024-01-14T15:06:37.117+0000] {processor.py:756} INFO - Processing file /home/airflow/.local/lib/python3.7/site-packages/airflow/example_dags/example_nested_branch_dag.py for tasks to queue
[2024-01-14T15:06:37.118+0000] {logging_mixin.py:120} INFO - [2024-01-14T15:06:37.117+0000] {dagbag.py:537} INFO - Filling up the DagBag from /home/airflow/.local/lib/python3.7/site-packages/airflow/example_dags/example_nested_branch_dag.py
[2024-01-14T15:06:37.135+0000] {processor.py:766} INFO - DAG(s) dict_keys(['example_nested_branch_dag']) retrieved from /home/airflow/.local/lib/python3.7/site-packages/airflow/example_dags/example_nested_branch_dag.py
[2024-01-14T15:06:37.164+0000] {logging_mixin.py:120} INFO - [2024-01-14T15:06:37.164+0000] {dag.py:2585} INFO - Sync 1 DAGs
[2024-01-14T15:06:37.182+0000] {logging_mixin.py:120} INFO - [2024-01-14T15:06:37.182+0000] {dag.py:3340} INFO - Setting next_dagrun for example_nested_branch_dag to 2024-01-13T00:00:00+00:00, run_after=2024-01-14T00:00:00+00:00
[2024-01-14T15:06:37.194+0000] {processor.py:176} INFO - Processing /home/airflow/.local/lib/python3.7/site-packages/airflow/example_dags/example_nested_branch_dag.py took 0.081 seconds
[2024-01-14T15:07:08.123+0000] {processor.py:154} INFO - Started process (PID=927) to work on /home/airflow/.local/lib/python3.7/site-packages/airflow/example_dags/example_nested_branch_dag.py
[2024-01-14T15:07:08.123+0000] {processor.py:756} INFO - Processing file /home/airflow/.local/lib/python3.7/site-packages/airflow/example_dags/example_nested_branch_dag.py for tasks to queue
[2024-01-14T15:07:08.124+0000] {logging_mixin.py:120} INFO - [2024-01-14T15:07:08.124+0000] {dagbag.py:537} INFO - Filling up the DagBag from /home/airflow/.local/lib/python3.7/site-packages/airflow/example_dags/example_nested_branch_dag.py
[2024-01-14T15:07:08.141+0000] {processor.py:766} INFO - DAG(s) dict_keys(['example_nested_branch_dag']) retrieved from /home/airflow/.local/lib/python3.7/site-packages/airflow/example_dags/example_nested_branch_dag.py
[2024-01-14T15:07:08.168+0000] {logging_mixin.py:120} INFO - [2024-01-14T15:07:08.168+0000] {dag.py:2585} INFO - Sync 1 DAGs
[2024-01-14T15:07:08.184+0000] {logging_mixin.py:120} INFO - [2024-01-14T15:07:08.184+0000] {dag.py:3340} INFO - Setting next_dagrun for example_nested_branch_dag to 2024-01-13T00:00:00+00:00, run_after=2024-01-14T00:00:00+00:00
[2024-01-14T15:07:08.195+0000] {processor.py:176} INFO - Processing /home/airflow/.local/lib/python3.7/site-packages/airflow/example_dags/example_nested_branch_dag.py took 0.075 seconds
[2024-01-14T15:07:39.078+0000] {processor.py:154} INFO - Started process (PID=989) to work on /home/airflow/.local/lib/python3.7/site-packages/airflow/example_dags/example_nested_branch_dag.py
[2024-01-14T15:07:39.079+0000] {processor.py:756} INFO - Processing file /home/airflow/.local/lib/python3.7/site-packages/airflow/example_dags/example_nested_branch_dag.py for tasks to queue
[2024-01-14T15:07:39.080+0000] {logging_mixin.py:120} INFO - [2024-01-14T15:07:39.080+0000] {dagbag.py:537} INFO - Filling up the DagBag from /home/airflow/.local/lib/python3.7/site-packages/airflow/example_dags/example_nested_branch_dag.py
[2024-01-14T15:07:39.105+0000] {processor.py:766} INFO - DAG(s) dict_keys(['example_nested_branch_dag']) retrieved from /home/airflow/.local/lib/python3.7/site-packages/airflow/example_dags/example_nested_branch_dag.py
[2024-01-14T15:07:39.134+0000] {logging_mixin.py:120} INFO - [2024-01-14T15:07:39.134+0000] {dag.py:2585} INFO - Sync 1 DAGs
[2024-01-14T15:07:39.151+0000] {logging_mixin.py:120} INFO - [2024-01-14T15:07:39.151+0000] {dag.py:3340} INFO - Setting next_dagrun for example_nested_branch_dag to 2024-01-13T00:00:00+00:00, run_after=2024-01-14T00:00:00+00:00
[2024-01-14T15:07:39.161+0000] {processor.py:176} INFO - Processing /home/airflow/.local/lib/python3.7/site-packages/airflow/example_dags/example_nested_branch_dag.py took 0.090 seconds
[2024-01-14T15:08:09.307+0000] {processor.py:154} INFO - Started process (PID=1052) to work on /home/airflow/.local/lib/python3.7/site-packages/airflow/example_dags/example_nested_branch_dag.py
[2024-01-14T15:08:09.308+0000] {processor.py:756} INFO - Processing file /home/airflow/.local/lib/python3.7/site-packages/airflow/example_dags/example_nested_branch_dag.py for tasks to queue
[2024-01-14T15:08:09.310+0000] {logging_mixin.py:120} INFO - [2024-01-14T15:08:09.310+0000] {dagbag.py:537} INFO - Filling up the DagBag from /home/airflow/.local/lib/python3.7/site-packages/airflow/example_dags/example_nested_branch_dag.py
[2024-01-14T15:08:09.334+0000] {processor.py:766} INFO - DAG(s) dict_keys(['example_nested_branch_dag']) retrieved from /home/airflow/.local/lib/python3.7/site-packages/airflow/example_dags/example_nested_branch_dag.py
[2024-01-14T15:08:09.363+0000] {logging_mixin.py:120} INFO - [2024-01-14T15:08:09.362+0000] {dag.py:2585} INFO - Sync 1 DAGs
[2024-01-14T15:08:09.379+0000] {logging_mixin.py:120} INFO - [2024-01-14T15:08:09.379+0000] {dag.py:3340} INFO - Setting next_dagrun for example_nested_branch_dag to 2024-01-13T00:00:00+00:00, run_after=2024-01-14T00:00:00+00:00
[2024-01-14T15:08:09.390+0000] {processor.py:176} INFO - Processing /home/airflow/.local/lib/python3.7/site-packages/airflow/example_dags/example_nested_branch_dag.py took 0.090 seconds
[2024-01-14T15:08:40.224+0000] {processor.py:154} INFO - Started process (PID=1115) to work on /home/airflow/.local/lib/python3.7/site-packages/airflow/example_dags/example_nested_branch_dag.py
[2024-01-14T15:08:40.225+0000] {processor.py:756} INFO - Processing file /home/airflow/.local/lib/python3.7/site-packages/airflow/example_dags/example_nested_branch_dag.py for tasks to queue
[2024-01-14T15:08:40.226+0000] {logging_mixin.py:120} INFO - [2024-01-14T15:08:40.226+0000] {dagbag.py:537} INFO - Filling up the DagBag from /home/airflow/.local/lib/python3.7/site-packages/airflow/example_dags/example_nested_branch_dag.py
[2024-01-14T15:08:40.243+0000] {processor.py:766} INFO - DAG(s) dict_keys(['example_nested_branch_dag']) retrieved from /home/airflow/.local/lib/python3.7/site-packages/airflow/example_dags/example_nested_branch_dag.py
[2024-01-14T15:08:40.271+0000] {logging_mixin.py:120} INFO - [2024-01-14T15:08:40.271+0000] {dag.py:2585} INFO - Sync 1 DAGs
[2024-01-14T15:08:40.290+0000] {logging_mixin.py:120} INFO - [2024-01-14T15:08:40.290+0000] {dag.py:3340} INFO - Setting next_dagrun for example_nested_branch_dag to 2024-01-13T00:00:00+00:00, run_after=2024-01-14T00:00:00+00:00
[2024-01-14T15:08:40.302+0000] {processor.py:176} INFO - Processing /home/airflow/.local/lib/python3.7/site-packages/airflow/example_dags/example_nested_branch_dag.py took 0.079 seconds
[2024-01-14T15:09:11.211+0000] {processor.py:154} INFO - Started process (PID=1169) to work on /home/airflow/.local/lib/python3.7/site-packages/airflow/example_dags/example_nested_branch_dag.py
[2024-01-14T15:09:11.212+0000] {processor.py:756} INFO - Processing file /home/airflow/.local/lib/python3.7/site-packages/airflow/example_dags/example_nested_branch_dag.py for tasks to queue
[2024-01-14T15:09:11.213+0000] {logging_mixin.py:120} INFO - [2024-01-14T15:09:11.212+0000] {dagbag.py:537} INFO - Filling up the DagBag from /home/airflow/.local/lib/python3.7/site-packages/airflow/example_dags/example_nested_branch_dag.py
[2024-01-14T15:09:11.232+0000] {processor.py:766} INFO - DAG(s) dict_keys(['example_nested_branch_dag']) retrieved from /home/airflow/.local/lib/python3.7/site-packages/airflow/example_dags/example_nested_branch_dag.py
[2024-01-14T15:09:11.262+0000] {logging_mixin.py:120} INFO - [2024-01-14T15:09:11.262+0000] {dag.py:2585} INFO - Sync 1 DAGs
[2024-01-14T15:09:11.280+0000] {logging_mixin.py:120} INFO - [2024-01-14T15:09:11.280+0000] {dag.py:3340} INFO - Setting next_dagrun for example_nested_branch_dag to 2024-01-13T00:00:00+00:00, run_after=2024-01-14T00:00:00+00:00
[2024-01-14T15:09:11.292+0000] {processor.py:176} INFO - Processing /home/airflow/.local/lib/python3.7/site-packages/airflow/example_dags/example_nested_branch_dag.py took 0.086 seconds
[2024-01-14T15:09:42.195+0000] {processor.py:154} INFO - Started process (PID=1232) to work on /home/airflow/.local/lib/python3.7/site-packages/airflow/example_dags/example_nested_branch_dag.py
[2024-01-14T15:09:42.196+0000] {processor.py:756} INFO - Processing file /home/airflow/.local/lib/python3.7/site-packages/airflow/example_dags/example_nested_branch_dag.py for tasks to queue
[2024-01-14T15:09:42.196+0000] {logging_mixin.py:120} INFO - [2024-01-14T15:09:42.196+0000] {dagbag.py:537} INFO - Filling up the DagBag from /home/airflow/.local/lib/python3.7/site-packages/airflow/example_dags/example_nested_branch_dag.py
[2024-01-14T15:09:42.215+0000] {processor.py:766} INFO - DAG(s) dict_keys(['example_nested_branch_dag']) retrieved from /home/airflow/.local/lib/python3.7/site-packages/airflow/example_dags/example_nested_branch_dag.py
[2024-01-14T15:09:42.247+0000] {logging_mixin.py:120} INFO - [2024-01-14T15:09:42.247+0000] {dag.py:2585} INFO - Sync 1 DAGs
[2024-01-14T15:09:42.264+0000] {logging_mixin.py:120} INFO - [2024-01-14T15:09:42.264+0000] {dag.py:3340} INFO - Setting next_dagrun for example_nested_branch_dag to 2024-01-13T00:00:00+00:00, run_after=2024-01-14T00:00:00+00:00
[2024-01-14T15:09:42.277+0000] {processor.py:176} INFO - Processing /home/airflow/.local/lib/python3.7/site-packages/airflow/example_dags/example_nested_branch_dag.py took 0.085 seconds
[2024-01-14T15:10:13.141+0000] {processor.py:154} INFO - Started process (PID=1295) to work on /home/airflow/.local/lib/python3.7/site-packages/airflow/example_dags/example_nested_branch_dag.py
[2024-01-14T15:10:13.143+0000] {processor.py:756} INFO - Processing file /home/airflow/.local/lib/python3.7/site-packages/airflow/example_dags/example_nested_branch_dag.py for tasks to queue
[2024-01-14T15:10:13.144+0000] {logging_mixin.py:120} INFO - [2024-01-14T15:10:13.144+0000] {dagbag.py:537} INFO - Filling up the DagBag from /home/airflow/.local/lib/python3.7/site-packages/airflow/example_dags/example_nested_branch_dag.py
[2024-01-14T15:10:13.174+0000] {processor.py:766} INFO - DAG(s) dict_keys(['example_nested_branch_dag']) retrieved from /home/airflow/.local/lib/python3.7/site-packages/airflow/example_dags/example_nested_branch_dag.py
[2024-01-14T15:10:13.204+0000] {logging_mixin.py:120} INFO - [2024-01-14T15:10:13.204+0000] {dag.py:2585} INFO - Sync 1 DAGs
[2024-01-14T15:10:13.221+0000] {logging_mixin.py:120} INFO - [2024-01-14T15:10:13.221+0000] {dag.py:3340} INFO - Setting next_dagrun for example_nested_branch_dag to 2024-01-13T00:00:00+00:00, run_after=2024-01-14T00:00:00+00:00
[2024-01-14T15:10:13.233+0000] {processor.py:176} INFO - Processing /home/airflow/.local/lib/python3.7/site-packages/airflow/example_dags/example_nested_branch_dag.py took 0.097 seconds
[2024-01-14T15:10:44.016+0000] {processor.py:154} INFO - Started process (PID=1358) to work on /home/airflow/.local/lib/python3.7/site-packages/airflow/example_dags/example_nested_branch_dag.py
[2024-01-14T15:10:44.017+0000] {processor.py:756} INFO - Processing file /home/airflow/.local/lib/python3.7/site-packages/airflow/example_dags/example_nested_branch_dag.py for tasks to queue
[2024-01-14T15:10:44.018+0000] {logging_mixin.py:120} INFO - [2024-01-14T15:10:44.017+0000] {dagbag.py:537} INFO - Filling up the DagBag from /home/airflow/.local/lib/python3.7/site-packages/airflow/example_dags/example_nested_branch_dag.py
[2024-01-14T15:10:44.042+0000] {processor.py:766} INFO - DAG(s) dict_keys(['example_nested_branch_dag']) retrieved from /home/airflow/.local/lib/python3.7/site-packages/airflow/example_dags/example_nested_branch_dag.py
[2024-01-14T15:10:44.069+0000] {logging_mixin.py:120} INFO - [2024-01-14T15:10:44.069+0000] {dag.py:2585} INFO - Sync 1 DAGs
[2024-01-14T15:10:44.087+0000] {logging_mixin.py:120} INFO - [2024-01-14T15:10:44.086+0000] {dag.py:3340} INFO - Setting next_dagrun for example_nested_branch_dag to 2024-01-13T00:00:00+00:00, run_after=2024-01-14T00:00:00+00:00
[2024-01-14T15:10:44.098+0000] {processor.py:176} INFO - Processing /home/airflow/.local/lib/python3.7/site-packages/airflow/example_dags/example_nested_branch_dag.py took 0.087 seconds
[2024-01-14T15:11:45.030+0000] {processor.py:154} INFO - Started process (PID=1484) to work on /home/airflow/.local/lib/python3.7/site-packages/airflow/example_dags/example_nested_branch_dag.py
[2024-01-14T15:11:45.031+0000] {processor.py:756} INFO - Processing file /home/airflow/.local/lib/python3.7/site-packages/airflow/example_dags/example_nested_branch_dag.py for tasks to queue
[2024-01-14T15:11:45.032+0000] {logging_mixin.py:120} INFO - [2024-01-14T15:11:45.032+0000] {dagbag.py:537} INFO - Filling up the DagBag from /home/airflow/.local/lib/python3.7/site-packages/airflow/example_dags/example_nested_branch_dag.py
[2024-01-14T15:11:45.049+0000] {processor.py:766} INFO - DAG(s) dict_keys(['example_nested_branch_dag']) retrieved from /home/airflow/.local/lib/python3.7/site-packages/airflow/example_dags/example_nested_branch_dag.py
[2024-01-14T15:11:45.077+0000] {logging_mixin.py:120} INFO - [2024-01-14T15:11:45.077+0000] {dag.py:2585} INFO - Sync 1 DAGs
[2024-01-14T15:11:45.093+0000] {logging_mixin.py:120} INFO - [2024-01-14T15:11:45.093+0000] {dag.py:3340} INFO - Setting next_dagrun for example_nested_branch_dag to 2024-01-13T00:00:00+00:00, run_after=2024-01-14T00:00:00+00:00
[2024-01-14T15:11:45.104+0000] {processor.py:176} INFO - Processing /home/airflow/.local/lib/python3.7/site-packages/airflow/example_dags/example_nested_branch_dag.py took 0.077 seconds
[2024-01-14T15:12:16.086+0000] {processor.py:154} INFO - Started process (PID=1545) to work on /home/airflow/.local/lib/python3.7/site-packages/airflow/example_dags/example_nested_branch_dag.py
[2024-01-14T15:12:16.086+0000] {processor.py:756} INFO - Processing file /home/airflow/.local/lib/python3.7/site-packages/airflow/example_dags/example_nested_branch_dag.py for tasks to queue
[2024-01-14T15:12:16.087+0000] {logging_mixin.py:120} INFO - [2024-01-14T15:12:16.087+0000] {dagbag.py:537} INFO - Filling up the DagBag from /home/airflow/.local/lib/python3.7/site-packages/airflow/example_dags/example_nested_branch_dag.py
[2024-01-14T15:12:16.103+0000] {processor.py:766} INFO - DAG(s) dict_keys(['example_nested_branch_dag']) retrieved from /home/airflow/.local/lib/python3.7/site-packages/airflow/example_dags/example_nested_branch_dag.py
[2024-01-14T15:12:16.134+0000] {logging_mixin.py:120} INFO - [2024-01-14T15:12:16.133+0000] {dag.py:2585} INFO - Sync 1 DAGs
[2024-01-14T15:12:16.162+0000] {logging_mixin.py:120} INFO - [2024-01-14T15:12:16.162+0000] {dag.py:3340} INFO - Setting next_dagrun for example_nested_branch_dag to 2024-01-13T00:00:00+00:00, run_after=2024-01-14T00:00:00+00:00
[2024-01-14T15:12:16.178+0000] {processor.py:176} INFO - Processing /home/airflow/.local/lib/python3.7/site-packages/airflow/example_dags/example_nested_branch_dag.py took 0.095 seconds
[2024-01-14T15:12:47.025+0000] {processor.py:154} INFO - Started process (PID=1601) to work on /home/airflow/.local/lib/python3.7/site-packages/airflow/example_dags/example_nested_branch_dag.py
[2024-01-14T15:12:47.026+0000] {processor.py:756} INFO - Processing file /home/airflow/.local/lib/python3.7/site-packages/airflow/example_dags/example_nested_branch_dag.py for tasks to queue
[2024-01-14T15:12:47.026+0000] {logging_mixin.py:120} INFO - [2024-01-14T15:12:47.026+0000] {dagbag.py:537} INFO - Filling up the DagBag from /home/airflow/.local/lib/python3.7/site-packages/airflow/example_dags/example_nested_branch_dag.py
[2024-01-14T15:12:47.045+0000] {processor.py:766} INFO - DAG(s) dict_keys(['example_nested_branch_dag']) retrieved from /home/airflow/.local/lib/python3.7/site-packages/airflow/example_dags/example_nested_branch_dag.py
[2024-01-14T15:12:47.073+0000] {logging_mixin.py:120} INFO - [2024-01-14T15:12:47.073+0000] {dag.py:2585} INFO - Sync 1 DAGs
[2024-01-14T15:12:47.091+0000] {logging_mixin.py:120} INFO - [2024-01-14T15:12:47.090+0000] {dag.py:3340} INFO - Setting next_dagrun for example_nested_branch_dag to 2024-01-13T00:00:00+00:00, run_after=2024-01-14T00:00:00+00:00
[2024-01-14T15:12:47.102+0000] {processor.py:176} INFO - Processing /home/airflow/.local/lib/python3.7/site-packages/airflow/example_dags/example_nested_branch_dag.py took 0.080 seconds
[2024-01-14T15:13:17.996+0000] {processor.py:154} INFO - Started process (PID=1664) to work on /home/airflow/.local/lib/python3.7/site-packages/airflow/example_dags/example_nested_branch_dag.py
[2024-01-14T15:13:17.997+0000] {processor.py:756} INFO - Processing file /home/airflow/.local/lib/python3.7/site-packages/airflow/example_dags/example_nested_branch_dag.py for tasks to queue
[2024-01-14T15:13:17.997+0000] {logging_mixin.py:120} INFO - [2024-01-14T15:13:17.997+0000] {dagbag.py:537} INFO - Filling up the DagBag from /home/airflow/.local/lib/python3.7/site-packages/airflow/example_dags/example_nested_branch_dag.py
[2024-01-14T15:13:18.014+0000] {processor.py:766} INFO - DAG(s) dict_keys(['example_nested_branch_dag']) retrieved from /home/airflow/.local/lib/python3.7/site-packages/airflow/example_dags/example_nested_branch_dag.py
[2024-01-14T15:13:18.038+0000] {logging_mixin.py:120} INFO - [2024-01-14T15:13:18.038+0000] {dag.py:2585} INFO - Sync 1 DAGs
[2024-01-14T15:13:18.054+0000] {logging_mixin.py:120} INFO - [2024-01-14T15:13:18.054+0000] {dag.py:3340} INFO - Setting next_dagrun for example_nested_branch_dag to 2024-01-13T00:00:00+00:00, run_after=2024-01-14T00:00:00+00:00
[2024-01-14T15:13:18.065+0000] {processor.py:176} INFO - Processing /home/airflow/.local/lib/python3.7/site-packages/airflow/example_dags/example_nested_branch_dag.py took 0.072 seconds
[2024-01-14T15:13:48.873+0000] {processor.py:154} INFO - Started process (PID=1727) to work on /home/airflow/.local/lib/python3.7/site-packages/airflow/example_dags/example_nested_branch_dag.py
[2024-01-14T15:13:48.873+0000] {processor.py:756} INFO - Processing file /home/airflow/.local/lib/python3.7/site-packages/airflow/example_dags/example_nested_branch_dag.py for tasks to queue
[2024-01-14T15:13:48.874+0000] {logging_mixin.py:120} INFO - [2024-01-14T15:13:48.874+0000] {dagbag.py:537} INFO - Filling up the DagBag from /home/airflow/.local/lib/python3.7/site-packages/airflow/example_dags/example_nested_branch_dag.py
[2024-01-14T15:13:48.890+0000] {processor.py:766} INFO - DAG(s) dict_keys(['example_nested_branch_dag']) retrieved from /home/airflow/.local/lib/python3.7/site-packages/airflow/example_dags/example_nested_branch_dag.py
[2024-01-14T15:13:48.917+0000] {logging_mixin.py:120} INFO - [2024-01-14T15:13:48.917+0000] {dag.py:2585} INFO - Sync 1 DAGs
[2024-01-14T15:13:48.932+0000] {logging_mixin.py:120} INFO - [2024-01-14T15:13:48.932+0000] {dag.py:3340} INFO - Setting next_dagrun for example_nested_branch_dag to 2024-01-13T00:00:00+00:00, run_after=2024-01-14T00:00:00+00:00
[2024-01-14T15:13:48.943+0000] {processor.py:176} INFO - Processing /home/airflow/.local/lib/python3.7/site-packages/airflow/example_dags/example_nested_branch_dag.py took 0.073 seconds
