[2024-01-14T14:59:58.109+0000] {processor.py:154} INFO - Started process (PID=49) to work on /home/airflow/.local/lib/python3.7/site-packages/airflow/example_dags/example_latest_only.py
[2024-01-14T14:59:58.110+0000] {processor.py:756} INFO - Processing file /home/airflow/.local/lib/python3.7/site-packages/airflow/example_dags/example_latest_only.py for tasks to queue
[2024-01-14T14:59:58.111+0000] {logging_mixin.py:120} INFO - [2024-01-14T14:59:58.111+0000] {dagbag.py:537} INFO - Filling up the DagBag from /home/airflow/.local/lib/python3.7/site-packages/airflow/example_dags/example_latest_only.py
[2024-01-14T14:59:58.131+0000] {processor.py:766} INFO - DAG(s) dict_keys(['latest_only']) retrieved from /home/airflow/.local/lib/python3.7/site-packages/airflow/example_dags/example_latest_only.py
[2024-01-14T14:59:58.316+0000] {logging_mixin.py:120} INFO - [2024-01-14T14:59:58.316+0000] {manager.py:507} INFO - Created Permission View: can read on DAG:latest_only
[2024-01-14T14:59:58.322+0000] {logging_mixin.py:120} INFO - [2024-01-14T14:59:58.322+0000] {manager.py:507} INFO - Created Permission View: can edit on DAG:latest_only
[2024-01-14T14:59:58.327+0000] {logging_mixin.py:120} INFO - [2024-01-14T14:59:58.327+0000] {manager.py:507} INFO - Created Permission View: can delete on DAG:latest_only
[2024-01-14T14:59:58.328+0000] {logging_mixin.py:120} INFO - [2024-01-14T14:59:58.328+0000] {dag.py:2585} INFO - Sync 1 DAGs
[2024-01-14T14:59:58.338+0000] {logging_mixin.py:120} INFO - [2024-01-14T14:59:58.338+0000] {dag.py:2606} INFO - Creating ORM DAG for latest_only
[2024-01-14T14:59:58.349+0000] {logging_mixin.py:120} INFO - [2024-01-14T14:59:58.349+0000] {dag.py:3340} INFO - Setting next_dagrun for latest_only to 2024-01-14T10:59:58.349129+00:00, run_after=2024-01-14T14:59:58.349129+00:00
[2024-01-14T14:59:58.365+0000] {processor.py:176} INFO - Processing /home/airflow/.local/lib/python3.7/site-packages/airflow/example_dags/example_latest_only.py took 0.259 seconds
[2024-01-14T15:00:28.415+0000] {processor.py:154} INFO - Started process (PID=112) to work on /home/airflow/.local/lib/python3.7/site-packages/airflow/example_dags/example_latest_only.py
[2024-01-14T15:00:28.416+0000] {processor.py:756} INFO - Processing file /home/airflow/.local/lib/python3.7/site-packages/airflow/example_dags/example_latest_only.py for tasks to queue
[2024-01-14T15:00:28.417+0000] {logging_mixin.py:120} INFO - [2024-01-14T15:00:28.417+0000] {dagbag.py:537} INFO - Filling up the DagBag from /home/airflow/.local/lib/python3.7/site-packages/airflow/example_dags/example_latest_only.py
[2024-01-14T15:00:28.428+0000] {processor.py:766} INFO - DAG(s) dict_keys(['latest_only']) retrieved from /home/airflow/.local/lib/python3.7/site-packages/airflow/example_dags/example_latest_only.py
[2024-01-14T15:00:28.457+0000] {logging_mixin.py:120} INFO - [2024-01-14T15:00:28.457+0000] {dag.py:2585} INFO - Sync 1 DAGs
[2024-01-14T15:00:28.473+0000] {logging_mixin.py:120} INFO - [2024-01-14T15:00:28.473+0000] {dag.py:3340} INFO - Setting next_dagrun for latest_only to 2024-01-14T11:00:28.473076+00:00, run_after=2024-01-14T15:00:28.473076+00:00
[2024-01-14T15:00:28.484+0000] {processor.py:176} INFO - Processing /home/airflow/.local/lib/python3.7/site-packages/airflow/example_dags/example_latest_only.py took 0.072 seconds
[2024-01-14T15:00:58.528+0000] {processor.py:154} INFO - Started process (PID=176) to work on /home/airflow/.local/lib/python3.7/site-packages/airflow/example_dags/example_latest_only.py
[2024-01-14T15:00:58.529+0000] {processor.py:756} INFO - Processing file /home/airflow/.local/lib/python3.7/site-packages/airflow/example_dags/example_latest_only.py for tasks to queue
[2024-01-14T15:00:58.529+0000] {logging_mixin.py:120} INFO - [2024-01-14T15:00:58.529+0000] {dagbag.py:537} INFO - Filling up the DagBag from /home/airflow/.local/lib/python3.7/site-packages/airflow/example_dags/example_latest_only.py
[2024-01-14T15:00:58.540+0000] {processor.py:766} INFO - DAG(s) dict_keys(['latest_only']) retrieved from /home/airflow/.local/lib/python3.7/site-packages/airflow/example_dags/example_latest_only.py
[2024-01-14T15:00:58.566+0000] {logging_mixin.py:120} INFO - [2024-01-14T15:00:58.566+0000] {dag.py:2585} INFO - Sync 1 DAGs
[2024-01-14T15:00:58.583+0000] {logging_mixin.py:120} INFO - [2024-01-14T15:00:58.583+0000] {dag.py:3340} INFO - Setting next_dagrun for latest_only to 2024-01-14T11:00:58.583007+00:00, run_after=2024-01-14T15:00:58.583007+00:00
[2024-01-14T15:00:58.594+0000] {processor.py:176} INFO - Processing /home/airflow/.local/lib/python3.7/site-packages/airflow/example_dags/example_latest_only.py took 0.068 seconds
[2024-01-14T15:01:29.564+0000] {processor.py:154} INFO - Started process (PID=239) to work on /home/airflow/.local/lib/python3.7/site-packages/airflow/example_dags/example_latest_only.py
[2024-01-14T15:01:29.564+0000] {processor.py:756} INFO - Processing file /home/airflow/.local/lib/python3.7/site-packages/airflow/example_dags/example_latest_only.py for tasks to queue
[2024-01-14T15:01:29.565+0000] {logging_mixin.py:120} INFO - [2024-01-14T15:01:29.565+0000] {dagbag.py:537} INFO - Filling up the DagBag from /home/airflow/.local/lib/python3.7/site-packages/airflow/example_dags/example_latest_only.py
[2024-01-14T15:01:29.576+0000] {processor.py:766} INFO - DAG(s) dict_keys(['latest_only']) retrieved from /home/airflow/.local/lib/python3.7/site-packages/airflow/example_dags/example_latest_only.py
[2024-01-14T15:01:29.604+0000] {logging_mixin.py:120} INFO - [2024-01-14T15:01:29.604+0000] {dag.py:2585} INFO - Sync 1 DAGs
[2024-01-14T15:01:29.619+0000] {logging_mixin.py:120} INFO - [2024-01-14T15:01:29.619+0000] {dag.py:3340} INFO - Setting next_dagrun for latest_only to 2024-01-14T11:01:29.618898+00:00, run_after=2024-01-14T15:01:29.618898+00:00
[2024-01-14T15:01:29.629+0000] {processor.py:176} INFO - Processing /home/airflow/.local/lib/python3.7/site-packages/airflow/example_dags/example_latest_only.py took 0.068 seconds
[2024-01-14T15:01:59.667+0000] {processor.py:154} INFO - Started process (PID=300) to work on /home/airflow/.local/lib/python3.7/site-packages/airflow/example_dags/example_latest_only.py
[2024-01-14T15:01:59.668+0000] {processor.py:756} INFO - Processing file /home/airflow/.local/lib/python3.7/site-packages/airflow/example_dags/example_latest_only.py for tasks to queue
[2024-01-14T15:01:59.669+0000] {logging_mixin.py:120} INFO - [2024-01-14T15:01:59.669+0000] {dagbag.py:537} INFO - Filling up the DagBag from /home/airflow/.local/lib/python3.7/site-packages/airflow/example_dags/example_latest_only.py
[2024-01-14T15:01:59.679+0000] {processor.py:766} INFO - DAG(s) dict_keys(['latest_only']) retrieved from /home/airflow/.local/lib/python3.7/site-packages/airflow/example_dags/example_latest_only.py
[2024-01-14T15:01:59.704+0000] {logging_mixin.py:120} INFO - [2024-01-14T15:01:59.704+0000] {dag.py:2585} INFO - Sync 1 DAGs
[2024-01-14T15:01:59.719+0000] {logging_mixin.py:120} INFO - [2024-01-14T15:01:59.719+0000] {dag.py:3340} INFO - Setting next_dagrun for latest_only to 2024-01-14T11:01:59.719353+00:00, run_after=2024-01-14T15:01:59.719353+00:00
[2024-01-14T15:01:59.731+0000] {processor.py:176} INFO - Processing /home/airflow/.local/lib/python3.7/site-packages/airflow/example_dags/example_latest_only.py took 0.066 seconds
[2024-01-14T15:02:29.792+0000] {processor.py:154} INFO - Started process (PID=355) to work on /home/airflow/.local/lib/python3.7/site-packages/airflow/example_dags/example_latest_only.py
[2024-01-14T15:02:29.793+0000] {processor.py:756} INFO - Processing file /home/airflow/.local/lib/python3.7/site-packages/airflow/example_dags/example_latest_only.py for tasks to queue
[2024-01-14T15:02:29.794+0000] {logging_mixin.py:120} INFO - [2024-01-14T15:02:29.794+0000] {dagbag.py:537} INFO - Filling up the DagBag from /home/airflow/.local/lib/python3.7/site-packages/airflow/example_dags/example_latest_only.py
[2024-01-14T15:02:29.805+0000] {processor.py:766} INFO - DAG(s) dict_keys(['latest_only']) retrieved from /home/airflow/.local/lib/python3.7/site-packages/airflow/example_dags/example_latest_only.py
[2024-01-14T15:02:29.834+0000] {logging_mixin.py:120} INFO - [2024-01-14T15:02:29.834+0000] {dag.py:2585} INFO - Sync 1 DAGs
[2024-01-14T15:02:29.849+0000] {logging_mixin.py:120} INFO - [2024-01-14T15:02:29.849+0000] {dag.py:3340} INFO - Setting next_dagrun for latest_only to 2024-01-14T11:02:29.849712+00:00, run_after=2024-01-14T15:02:29.849712+00:00
[2024-01-14T15:02:29.861+0000] {processor.py:176} INFO - Processing /home/airflow/.local/lib/python3.7/site-packages/airflow/example_dags/example_latest_only.py took 0.072 seconds
[2024-01-14T15:02:59.919+0000] {processor.py:154} INFO - Started process (PID=418) to work on /home/airflow/.local/lib/python3.7/site-packages/airflow/example_dags/example_latest_only.py
[2024-01-14T15:02:59.920+0000] {processor.py:756} INFO - Processing file /home/airflow/.local/lib/python3.7/site-packages/airflow/example_dags/example_latest_only.py for tasks to queue
[2024-01-14T15:02:59.921+0000] {logging_mixin.py:120} INFO - [2024-01-14T15:02:59.920+0000] {dagbag.py:537} INFO - Filling up the DagBag from /home/airflow/.local/lib/python3.7/site-packages/airflow/example_dags/example_latest_only.py
[2024-01-14T15:02:59.931+0000] {processor.py:766} INFO - DAG(s) dict_keys(['latest_only']) retrieved from /home/airflow/.local/lib/python3.7/site-packages/airflow/example_dags/example_latest_only.py
[2024-01-14T15:02:59.958+0000] {logging_mixin.py:120} INFO - [2024-01-14T15:02:59.958+0000] {dag.py:2585} INFO - Sync 1 DAGs
[2024-01-14T15:02:59.975+0000] {logging_mixin.py:120} INFO - [2024-01-14T15:02:59.975+0000] {dag.py:3340} INFO - Setting next_dagrun for latest_only to 2024-01-14T11:02:59.975156+00:00, run_after=2024-01-14T15:02:59.975156+00:00
[2024-01-14T15:02:59.986+0000] {processor.py:176} INFO - Processing /home/airflow/.local/lib/python3.7/site-packages/airflow/example_dags/example_latest_only.py took 0.069 seconds
[2024-01-14T15:03:31.093+0000] {processor.py:154} INFO - Started process (PID=482) to work on /home/airflow/.local/lib/python3.7/site-packages/airflow/example_dags/example_latest_only.py
[2024-01-14T15:03:31.093+0000] {processor.py:756} INFO - Processing file /home/airflow/.local/lib/python3.7/site-packages/airflow/example_dags/example_latest_only.py for tasks to queue
[2024-01-14T15:03:31.094+0000] {logging_mixin.py:120} INFO - [2024-01-14T15:03:31.094+0000] {dagbag.py:537} INFO - Filling up the DagBag from /home/airflow/.local/lib/python3.7/site-packages/airflow/example_dags/example_latest_only.py
[2024-01-14T15:03:31.103+0000] {processor.py:766} INFO - DAG(s) dict_keys(['latest_only']) retrieved from /home/airflow/.local/lib/python3.7/site-packages/airflow/example_dags/example_latest_only.py
[2024-01-14T15:03:31.128+0000] {logging_mixin.py:120} INFO - [2024-01-14T15:03:31.128+0000] {dag.py:2585} INFO - Sync 1 DAGs
[2024-01-14T15:03:31.143+0000] {logging_mixin.py:120} INFO - [2024-01-14T15:03:31.143+0000] {dag.py:3340} INFO - Setting next_dagrun for latest_only to 2024-01-14T11:03:31.143056+00:00, run_after=2024-01-14T15:03:31.143056+00:00
[2024-01-14T15:03:31.154+0000] {processor.py:176} INFO - Processing /home/airflow/.local/lib/python3.7/site-packages/airflow/example_dags/example_latest_only.py took 0.064 seconds
[2024-01-14T15:04:02.185+0000] {processor.py:154} INFO - Started process (PID=545) to work on /home/airflow/.local/lib/python3.7/site-packages/airflow/example_dags/example_latest_only.py
[2024-01-14T15:04:02.186+0000] {processor.py:756} INFO - Processing file /home/airflow/.local/lib/python3.7/site-packages/airflow/example_dags/example_latest_only.py for tasks to queue
[2024-01-14T15:04:02.187+0000] {logging_mixin.py:120} INFO - [2024-01-14T15:04:02.187+0000] {dagbag.py:537} INFO - Filling up the DagBag from /home/airflow/.local/lib/python3.7/site-packages/airflow/example_dags/example_latest_only.py
[2024-01-14T15:04:02.196+0000] {processor.py:766} INFO - DAG(s) dict_keys(['latest_only']) retrieved from /home/airflow/.local/lib/python3.7/site-packages/airflow/example_dags/example_latest_only.py
[2024-01-14T15:04:02.222+0000] {logging_mixin.py:120} INFO - [2024-01-14T15:04:02.222+0000] {dag.py:2585} INFO - Sync 1 DAGs
[2024-01-14T15:04:02.241+0000] {logging_mixin.py:120} INFO - [2024-01-14T15:04:02.241+0000] {dag.py:3340} INFO - Setting next_dagrun for latest_only to 2024-01-14T11:04:02.241049+00:00, run_after=2024-01-14T15:04:02.241049+00:00
[2024-01-14T15:04:02.253+0000] {processor.py:176} INFO - Processing /home/airflow/.local/lib/python3.7/site-packages/airflow/example_dags/example_latest_only.py took 0.070 seconds
[2024-01-14T15:04:33.127+0000] {processor.py:154} INFO - Started process (PID=608) to work on /home/airflow/.local/lib/python3.7/site-packages/airflow/example_dags/example_latest_only.py
[2024-01-14T15:04:33.128+0000] {processor.py:756} INFO - Processing file /home/airflow/.local/lib/python3.7/site-packages/airflow/example_dags/example_latest_only.py for tasks to queue
[2024-01-14T15:04:33.128+0000] {logging_mixin.py:120} INFO - [2024-01-14T15:04:33.128+0000] {dagbag.py:537} INFO - Filling up the DagBag from /home/airflow/.local/lib/python3.7/site-packages/airflow/example_dags/example_latest_only.py
[2024-01-14T15:04:33.138+0000] {processor.py:766} INFO - DAG(s) dict_keys(['latest_only']) retrieved from /home/airflow/.local/lib/python3.7/site-packages/airflow/example_dags/example_latest_only.py
[2024-01-14T15:04:33.163+0000] {logging_mixin.py:120} INFO - [2024-01-14T15:04:33.163+0000] {dag.py:2585} INFO - Sync 1 DAGs
[2024-01-14T15:04:33.178+0000] {logging_mixin.py:120} INFO - [2024-01-14T15:04:33.178+0000] {dag.py:3340} INFO - Setting next_dagrun for latest_only to 2024-01-14T11:04:33.178065+00:00, run_after=2024-01-14T15:04:33.178065+00:00
[2024-01-14T15:04:33.189+0000] {processor.py:176} INFO - Processing /home/airflow/.local/lib/python3.7/site-packages/airflow/example_dags/example_latest_only.py took 0.064 seconds
[2024-01-14T15:05:03.368+0000] {processor.py:154} INFO - Started process (PID=669) to work on /home/airflow/.local/lib/python3.7/site-packages/airflow/example_dags/example_latest_only.py
[2024-01-14T15:05:03.369+0000] {processor.py:756} INFO - Processing file /home/airflow/.local/lib/python3.7/site-packages/airflow/example_dags/example_latest_only.py for tasks to queue
[2024-01-14T15:05:03.370+0000] {logging_mixin.py:120} INFO - [2024-01-14T15:05:03.370+0000] {dagbag.py:537} INFO - Filling up the DagBag from /home/airflow/.local/lib/python3.7/site-packages/airflow/example_dags/example_latest_only.py
[2024-01-14T15:05:03.379+0000] {processor.py:766} INFO - DAG(s) dict_keys(['latest_only']) retrieved from /home/airflow/.local/lib/python3.7/site-packages/airflow/example_dags/example_latest_only.py
[2024-01-14T15:05:03.404+0000] {logging_mixin.py:120} INFO - [2024-01-14T15:05:03.404+0000] {dag.py:2585} INFO - Sync 1 DAGs
[2024-01-14T15:05:03.419+0000] {logging_mixin.py:120} INFO - [2024-01-14T15:05:03.419+0000] {dag.py:3340} INFO - Setting next_dagrun for latest_only to 2024-01-14T11:05:03.419292+00:00, run_after=2024-01-14T15:05:03.419292+00:00
[2024-01-14T15:05:03.430+0000] {processor.py:176} INFO - Processing /home/airflow/.local/lib/python3.7/site-packages/airflow/example_dags/example_latest_only.py took 0.064 seconds
[2024-01-14T15:05:34.501+0000] {processor.py:154} INFO - Started process (PID=725) to work on /home/airflow/.local/lib/python3.7/site-packages/airflow/example_dags/example_latest_only.py
[2024-01-14T15:05:34.501+0000] {processor.py:756} INFO - Processing file /home/airflow/.local/lib/python3.7/site-packages/airflow/example_dags/example_latest_only.py for tasks to queue
[2024-01-14T15:05:34.502+0000] {logging_mixin.py:120} INFO - [2024-01-14T15:05:34.502+0000] {dagbag.py:537} INFO - Filling up the DagBag from /home/airflow/.local/lib/python3.7/site-packages/airflow/example_dags/example_latest_only.py
[2024-01-14T15:05:34.511+0000] {processor.py:766} INFO - DAG(s) dict_keys(['latest_only']) retrieved from /home/airflow/.local/lib/python3.7/site-packages/airflow/example_dags/example_latest_only.py
[2024-01-14T15:05:34.537+0000] {logging_mixin.py:120} INFO - [2024-01-14T15:05:34.537+0000] {dag.py:2585} INFO - Sync 1 DAGs
[2024-01-14T15:05:34.552+0000] {logging_mixin.py:120} INFO - [2024-01-14T15:05:34.552+0000] {dag.py:3340} INFO - Setting next_dagrun for latest_only to 2024-01-14T11:05:34.551869+00:00, run_after=2024-01-14T15:05:34.551869+00:00
[2024-01-14T15:05:34.563+0000] {processor.py:176} INFO - Processing /home/airflow/.local/lib/python3.7/site-packages/airflow/example_dags/example_latest_only.py took 0.065 seconds
[2024-01-14T15:06:05.378+0000] {processor.py:154} INFO - Started process (PID=788) to work on /home/airflow/.local/lib/python3.7/site-packages/airflow/example_dags/example_latest_only.py
[2024-01-14T15:06:05.379+0000] {processor.py:756} INFO - Processing file /home/airflow/.local/lib/python3.7/site-packages/airflow/example_dags/example_latest_only.py for tasks to queue
[2024-01-14T15:06:05.379+0000] {logging_mixin.py:120} INFO - [2024-01-14T15:06:05.379+0000] {dagbag.py:537} INFO - Filling up the DagBag from /home/airflow/.local/lib/python3.7/site-packages/airflow/example_dags/example_latest_only.py
[2024-01-14T15:06:05.389+0000] {processor.py:766} INFO - DAG(s) dict_keys(['latest_only']) retrieved from /home/airflow/.local/lib/python3.7/site-packages/airflow/example_dags/example_latest_only.py
[2024-01-14T15:06:05.414+0000] {logging_mixin.py:120} INFO - [2024-01-14T15:06:05.414+0000] {dag.py:2585} INFO - Sync 1 DAGs
[2024-01-14T15:06:05.429+0000] {logging_mixin.py:120} INFO - [2024-01-14T15:06:05.429+0000] {dag.py:3340} INFO - Setting next_dagrun for latest_only to 2024-01-14T11:06:05.429013+00:00, run_after=2024-01-14T15:06:05.429013+00:00
[2024-01-14T15:06:05.441+0000] {processor.py:176} INFO - Processing /home/airflow/.local/lib/python3.7/site-packages/airflow/example_dags/example_latest_only.py took 0.065 seconds
[2024-01-14T15:06:36.353+0000] {processor.py:154} INFO - Started process (PID=851) to work on /home/airflow/.local/lib/python3.7/site-packages/airflow/example_dags/example_latest_only.py
[2024-01-14T15:06:36.354+0000] {processor.py:756} INFO - Processing file /home/airflow/.local/lib/python3.7/site-packages/airflow/example_dags/example_latest_only.py for tasks to queue
[2024-01-14T15:06:36.354+0000] {logging_mixin.py:120} INFO - [2024-01-14T15:06:36.354+0000] {dagbag.py:537} INFO - Filling up the DagBag from /home/airflow/.local/lib/python3.7/site-packages/airflow/example_dags/example_latest_only.py
[2024-01-14T15:06:36.363+0000] {processor.py:766} INFO - DAG(s) dict_keys(['latest_only']) retrieved from /home/airflow/.local/lib/python3.7/site-packages/airflow/example_dags/example_latest_only.py
[2024-01-14T15:06:36.388+0000] {logging_mixin.py:120} INFO - [2024-01-14T15:06:36.388+0000] {dag.py:2585} INFO - Sync 1 DAGs
[2024-01-14T15:06:36.403+0000] {logging_mixin.py:120} INFO - [2024-01-14T15:06:36.403+0000] {dag.py:3340} INFO - Setting next_dagrun for latest_only to 2024-01-14T11:06:36.403081+00:00, run_after=2024-01-14T15:06:36.403081+00:00
[2024-01-14T15:06:36.413+0000] {processor.py:176} INFO - Processing /home/airflow/.local/lib/python3.7/site-packages/airflow/example_dags/example_latest_only.py took 0.063 seconds
[2024-01-14T15:07:06.549+0000] {processor.py:154} INFO - Started process (PID=914) to work on /home/airflow/.local/lib/python3.7/site-packages/airflow/example_dags/example_latest_only.py
[2024-01-14T15:07:06.550+0000] {processor.py:756} INFO - Processing file /home/airflow/.local/lib/python3.7/site-packages/airflow/example_dags/example_latest_only.py for tasks to queue
[2024-01-14T15:07:06.551+0000] {logging_mixin.py:120} INFO - [2024-01-14T15:07:06.551+0000] {dagbag.py:537} INFO - Filling up the DagBag from /home/airflow/.local/lib/python3.7/site-packages/airflow/example_dags/example_latest_only.py
[2024-01-14T15:07:06.561+0000] {processor.py:766} INFO - DAG(s) dict_keys(['latest_only']) retrieved from /home/airflow/.local/lib/python3.7/site-packages/airflow/example_dags/example_latest_only.py
[2024-01-14T15:07:06.586+0000] {logging_mixin.py:120} INFO - [2024-01-14T15:07:06.586+0000] {dag.py:2585} INFO - Sync 1 DAGs
[2024-01-14T15:07:06.601+0000] {logging_mixin.py:120} INFO - [2024-01-14T15:07:06.601+0000] {dag.py:3340} INFO - Setting next_dagrun for latest_only to 2024-01-14T11:07:06.601563+00:00, run_after=2024-01-14T15:07:06.601563+00:00
[2024-01-14T15:07:06.612+0000] {processor.py:176} INFO - Processing /home/airflow/.local/lib/python3.7/site-packages/airflow/example_dags/example_latest_only.py took 0.065 seconds
[2024-01-14T15:07:37.372+0000] {processor.py:154} INFO - Started process (PID=976) to work on /home/airflow/.local/lib/python3.7/site-packages/airflow/example_dags/example_latest_only.py
[2024-01-14T15:07:37.373+0000] {processor.py:756} INFO - Processing file /home/airflow/.local/lib/python3.7/site-packages/airflow/example_dags/example_latest_only.py for tasks to queue
[2024-01-14T15:07:37.373+0000] {logging_mixin.py:120} INFO - [2024-01-14T15:07:37.373+0000] {dagbag.py:537} INFO - Filling up the DagBag from /home/airflow/.local/lib/python3.7/site-packages/airflow/example_dags/example_latest_only.py
[2024-01-14T15:07:37.383+0000] {processor.py:766} INFO - DAG(s) dict_keys(['latest_only']) retrieved from /home/airflow/.local/lib/python3.7/site-packages/airflow/example_dags/example_latest_only.py
[2024-01-14T15:07:37.410+0000] {logging_mixin.py:120} INFO - [2024-01-14T15:07:37.410+0000] {dag.py:2585} INFO - Sync 1 DAGs
[2024-01-14T15:07:37.425+0000] {logging_mixin.py:120} INFO - [2024-01-14T15:07:37.424+0000] {dag.py:3340} INFO - Setting next_dagrun for latest_only to 2024-01-14T11:07:37.424770+00:00, run_after=2024-01-14T15:07:37.424770+00:00
[2024-01-14T15:07:37.434+0000] {processor.py:176} INFO - Processing /home/airflow/.local/lib/python3.7/site-packages/airflow/example_dags/example_latest_only.py took 0.065 seconds
[2024-01-14T15:08:07.594+0000] {processor.py:154} INFO - Started process (PID=1039) to work on /home/airflow/.local/lib/python3.7/site-packages/airflow/example_dags/example_latest_only.py
[2024-01-14T15:08:07.595+0000] {processor.py:756} INFO - Processing file /home/airflow/.local/lib/python3.7/site-packages/airflow/example_dags/example_latest_only.py for tasks to queue
[2024-01-14T15:08:07.596+0000] {logging_mixin.py:120} INFO - [2024-01-14T15:08:07.596+0000] {dagbag.py:537} INFO - Filling up the DagBag from /home/airflow/.local/lib/python3.7/site-packages/airflow/example_dags/example_latest_only.py
[2024-01-14T15:08:07.605+0000] {processor.py:766} INFO - DAG(s) dict_keys(['latest_only']) retrieved from /home/airflow/.local/lib/python3.7/site-packages/airflow/example_dags/example_latest_only.py
[2024-01-14T15:08:07.630+0000] {logging_mixin.py:120} INFO - [2024-01-14T15:08:07.630+0000] {dag.py:2585} INFO - Sync 1 DAGs
[2024-01-14T15:08:07.645+0000] {logging_mixin.py:120} INFO - [2024-01-14T15:08:07.645+0000] {dag.py:3340} INFO - Setting next_dagrun for latest_only to 2024-01-14T11:08:07.645485+00:00, run_after=2024-01-14T15:08:07.645485+00:00
[2024-01-14T15:08:07.657+0000] {processor.py:176} INFO - Processing /home/airflow/.local/lib/python3.7/site-packages/airflow/example_dags/example_latest_only.py took 0.065 seconds
[2024-01-14T15:08:38.649+0000] {processor.py:154} INFO - Started process (PID=1093) to work on /home/airflow/.local/lib/python3.7/site-packages/airflow/example_dags/example_latest_only.py
[2024-01-14T15:08:38.650+0000] {processor.py:756} INFO - Processing file /home/airflow/.local/lib/python3.7/site-packages/airflow/example_dags/example_latest_only.py for tasks to queue
[2024-01-14T15:08:38.650+0000] {logging_mixin.py:120} INFO - [2024-01-14T15:08:38.650+0000] {dagbag.py:537} INFO - Filling up the DagBag from /home/airflow/.local/lib/python3.7/site-packages/airflow/example_dags/example_latest_only.py
[2024-01-14T15:08:38.659+0000] {processor.py:766} INFO - DAG(s) dict_keys(['latest_only']) retrieved from /home/airflow/.local/lib/python3.7/site-packages/airflow/example_dags/example_latest_only.py
[2024-01-14T15:08:38.685+0000] {logging_mixin.py:120} INFO - [2024-01-14T15:08:38.684+0000] {dag.py:2585} INFO - Sync 1 DAGs
[2024-01-14T15:08:38.699+0000] {logging_mixin.py:120} INFO - [2024-01-14T15:08:38.699+0000] {dag.py:3340} INFO - Setting next_dagrun for latest_only to 2024-01-14T11:08:38.699764+00:00, run_after=2024-01-14T15:08:38.699764+00:00
[2024-01-14T15:08:38.711+0000] {processor.py:176} INFO - Processing /home/airflow/.local/lib/python3.7/site-packages/airflow/example_dags/example_latest_only.py took 0.064 seconds
[2024-01-14T15:09:09.591+0000] {processor.py:154} INFO - Started process (PID=1156) to work on /home/airflow/.local/lib/python3.7/site-packages/airflow/example_dags/example_latest_only.py
[2024-01-14T15:09:09.591+0000] {processor.py:756} INFO - Processing file /home/airflow/.local/lib/python3.7/site-packages/airflow/example_dags/example_latest_only.py for tasks to queue
[2024-01-14T15:09:09.592+0000] {logging_mixin.py:120} INFO - [2024-01-14T15:09:09.592+0000] {dagbag.py:537} INFO - Filling up the DagBag from /home/airflow/.local/lib/python3.7/site-packages/airflow/example_dags/example_latest_only.py
[2024-01-14T15:09:09.601+0000] {processor.py:766} INFO - DAG(s) dict_keys(['latest_only']) retrieved from /home/airflow/.local/lib/python3.7/site-packages/airflow/example_dags/example_latest_only.py
[2024-01-14T15:09:09.628+0000] {logging_mixin.py:120} INFO - [2024-01-14T15:09:09.628+0000] {dag.py:2585} INFO - Sync 1 DAGs
[2024-01-14T15:09:09.645+0000] {logging_mixin.py:120} INFO - [2024-01-14T15:09:09.645+0000] {dag.py:3340} INFO - Setting next_dagrun for latest_only to 2024-01-14T11:09:09.644894+00:00, run_after=2024-01-14T15:09:09.644894+00:00
[2024-01-14T15:09:09.656+0000] {processor.py:176} INFO - Processing /home/airflow/.local/lib/python3.7/site-packages/airflow/example_dags/example_latest_only.py took 0.068 seconds
[2024-01-14T15:09:40.529+0000] {processor.py:154} INFO - Started process (PID=1219) to work on /home/airflow/.local/lib/python3.7/site-packages/airflow/example_dags/example_latest_only.py
[2024-01-14T15:09:40.529+0000] {processor.py:756} INFO - Processing file /home/airflow/.local/lib/python3.7/site-packages/airflow/example_dags/example_latest_only.py for tasks to queue
[2024-01-14T15:09:40.530+0000] {logging_mixin.py:120} INFO - [2024-01-14T15:09:40.530+0000] {dagbag.py:537} INFO - Filling up the DagBag from /home/airflow/.local/lib/python3.7/site-packages/airflow/example_dags/example_latest_only.py
[2024-01-14T15:09:40.539+0000] {processor.py:766} INFO - DAG(s) dict_keys(['latest_only']) retrieved from /home/airflow/.local/lib/python3.7/site-packages/airflow/example_dags/example_latest_only.py
[2024-01-14T15:09:40.565+0000] {logging_mixin.py:120} INFO - [2024-01-14T15:09:40.565+0000] {dag.py:2585} INFO - Sync 1 DAGs
[2024-01-14T15:09:40.580+0000] {logging_mixin.py:120} INFO - [2024-01-14T15:09:40.580+0000] {dag.py:3340} INFO - Setting next_dagrun for latest_only to 2024-01-14T11:09:40.580154+00:00, run_after=2024-01-14T15:09:40.580154+00:00
[2024-01-14T15:09:40.591+0000] {processor.py:176} INFO - Processing /home/airflow/.local/lib/python3.7/site-packages/airflow/example_dags/example_latest_only.py took 0.065 seconds
[2024-01-14T15:10:11.559+0000] {processor.py:154} INFO - Started process (PID=1282) to work on /home/airflow/.local/lib/python3.7/site-packages/airflow/example_dags/example_latest_only.py
[2024-01-14T15:10:11.560+0000] {processor.py:756} INFO - Processing file /home/airflow/.local/lib/python3.7/site-packages/airflow/example_dags/example_latest_only.py for tasks to queue
[2024-01-14T15:10:11.560+0000] {logging_mixin.py:120} INFO - [2024-01-14T15:10:11.560+0000] {dagbag.py:537} INFO - Filling up the DagBag from /home/airflow/.local/lib/python3.7/site-packages/airflow/example_dags/example_latest_only.py
[2024-01-14T15:10:11.570+0000] {processor.py:766} INFO - DAG(s) dict_keys(['latest_only']) retrieved from /home/airflow/.local/lib/python3.7/site-packages/airflow/example_dags/example_latest_only.py
[2024-01-14T15:10:11.595+0000] {logging_mixin.py:120} INFO - [2024-01-14T15:10:11.595+0000] {dag.py:2585} INFO - Sync 1 DAGs
[2024-01-14T15:10:11.610+0000] {logging_mixin.py:120} INFO - [2024-01-14T15:10:11.610+0000] {dag.py:3340} INFO - Setting next_dagrun for latest_only to 2024-01-14T11:10:11.609977+00:00, run_after=2024-01-14T15:10:11.609977+00:00
[2024-01-14T15:10:11.620+0000] {processor.py:176} INFO - Processing /home/airflow/.local/lib/python3.7/site-packages/airflow/example_dags/example_latest_only.py took 0.063 seconds
[2024-01-14T15:10:42.414+0000] {processor.py:154} INFO - Started process (PID=1345) to work on /home/airflow/.local/lib/python3.7/site-packages/airflow/example_dags/example_latest_only.py
[2024-01-14T15:10:42.414+0000] {processor.py:756} INFO - Processing file /home/airflow/.local/lib/python3.7/site-packages/airflow/example_dags/example_latest_only.py for tasks to queue
[2024-01-14T15:10:42.415+0000] {logging_mixin.py:120} INFO - [2024-01-14T15:10:42.415+0000] {dagbag.py:537} INFO - Filling up the DagBag from /home/airflow/.local/lib/python3.7/site-packages/airflow/example_dags/example_latest_only.py
[2024-01-14T15:10:42.425+0000] {processor.py:766} INFO - DAG(s) dict_keys(['latest_only']) retrieved from /home/airflow/.local/lib/python3.7/site-packages/airflow/example_dags/example_latest_only.py
[2024-01-14T15:10:42.450+0000] {logging_mixin.py:120} INFO - [2024-01-14T15:10:42.450+0000] {dag.py:2585} INFO - Sync 1 DAGs
[2024-01-14T15:10:42.465+0000] {logging_mixin.py:120} INFO - [2024-01-14T15:10:42.465+0000] {dag.py:3340} INFO - Setting next_dagrun for latest_only to 2024-01-14T11:10:42.465214+00:00, run_after=2024-01-14T15:10:42.465214+00:00
[2024-01-14T15:10:42.476+0000] {processor.py:176} INFO - Processing /home/airflow/.local/lib/python3.7/site-packages/airflow/example_dags/example_latest_only.py took 0.065 seconds
[2024-01-14T15:11:44.459+0000] {processor.py:154} INFO - Started process (PID=1471) to work on /home/airflow/.local/lib/python3.7/site-packages/airflow/example_dags/example_latest_only.py
[2024-01-14T15:11:44.460+0000] {processor.py:756} INFO - Processing file /home/airflow/.local/lib/python3.7/site-packages/airflow/example_dags/example_latest_only.py for tasks to queue
[2024-01-14T15:11:44.460+0000] {logging_mixin.py:120} INFO - [2024-01-14T15:11:44.460+0000] {dagbag.py:537} INFO - Filling up the DagBag from /home/airflow/.local/lib/python3.7/site-packages/airflow/example_dags/example_latest_only.py
[2024-01-14T15:11:44.470+0000] {processor.py:766} INFO - DAG(s) dict_keys(['latest_only']) retrieved from /home/airflow/.local/lib/python3.7/site-packages/airflow/example_dags/example_latest_only.py
[2024-01-14T15:11:44.496+0000] {logging_mixin.py:120} INFO - [2024-01-14T15:11:44.496+0000] {dag.py:2585} INFO - Sync 1 DAGs
[2024-01-14T15:11:44.511+0000] {logging_mixin.py:120} INFO - [2024-01-14T15:11:44.511+0000] {dag.py:3340} INFO - Setting next_dagrun for latest_only to 2024-01-14T11:11:44.511234+00:00, run_after=2024-01-14T15:11:44.511234+00:00
[2024-01-14T15:11:44.521+0000] {processor.py:176} INFO - Processing /home/airflow/.local/lib/python3.7/site-packages/airflow/example_dags/example_latest_only.py took 0.065 seconds
[2024-01-14T15:12:15.521+0000] {processor.py:154} INFO - Started process (PID=1525) to work on /home/airflow/.local/lib/python3.7/site-packages/airflow/example_dags/example_latest_only.py
[2024-01-14T15:12:15.521+0000] {processor.py:756} INFO - Processing file /home/airflow/.local/lib/python3.7/site-packages/airflow/example_dags/example_latest_only.py for tasks to queue
[2024-01-14T15:12:15.522+0000] {logging_mixin.py:120} INFO - [2024-01-14T15:12:15.522+0000] {dagbag.py:537} INFO - Filling up the DagBag from /home/airflow/.local/lib/python3.7/site-packages/airflow/example_dags/example_latest_only.py
[2024-01-14T15:12:15.531+0000] {processor.py:766} INFO - DAG(s) dict_keys(['latest_only']) retrieved from /home/airflow/.local/lib/python3.7/site-packages/airflow/example_dags/example_latest_only.py
[2024-01-14T15:12:15.556+0000] {logging_mixin.py:120} INFO - [2024-01-14T15:12:15.556+0000] {dag.py:2585} INFO - Sync 1 DAGs
[2024-01-14T15:12:15.571+0000] {logging_mixin.py:120} INFO - [2024-01-14T15:12:15.571+0000] {dag.py:3340} INFO - Setting next_dagrun for latest_only to 2024-01-14T11:12:15.571056+00:00, run_after=2024-01-14T15:12:15.571056+00:00
[2024-01-14T15:12:15.581+0000] {processor.py:176} INFO - Processing /home/airflow/.local/lib/python3.7/site-packages/airflow/example_dags/example_latest_only.py took 0.062 seconds
[2024-01-14T15:12:46.373+0000] {processor.py:154} INFO - Started process (PID=1588) to work on /home/airflow/.local/lib/python3.7/site-packages/airflow/example_dags/example_latest_only.py
[2024-01-14T15:12:46.374+0000] {processor.py:756} INFO - Processing file /home/airflow/.local/lib/python3.7/site-packages/airflow/example_dags/example_latest_only.py for tasks to queue
[2024-01-14T15:12:46.374+0000] {logging_mixin.py:120} INFO - [2024-01-14T15:12:46.374+0000] {dagbag.py:537} INFO - Filling up the DagBag from /home/airflow/.local/lib/python3.7/site-packages/airflow/example_dags/example_latest_only.py
[2024-01-14T15:12:46.384+0000] {processor.py:766} INFO - DAG(s) dict_keys(['latest_only']) retrieved from /home/airflow/.local/lib/python3.7/site-packages/airflow/example_dags/example_latest_only.py
[2024-01-14T15:12:46.410+0000] {logging_mixin.py:120} INFO - [2024-01-14T15:12:46.410+0000] {dag.py:2585} INFO - Sync 1 DAGs
[2024-01-14T15:12:46.425+0000] {logging_mixin.py:120} INFO - [2024-01-14T15:12:46.425+0000] {dag.py:3340} INFO - Setting next_dagrun for latest_only to 2024-01-14T11:12:46.424844+00:00, run_after=2024-01-14T15:12:46.424844+00:00
[2024-01-14T15:12:46.436+0000] {processor.py:176} INFO - Processing /home/airflow/.local/lib/python3.7/site-packages/airflow/example_dags/example_latest_only.py took 0.065 seconds
[2024-01-14T15:13:17.332+0000] {processor.py:154} INFO - Started process (PID=1651) to work on /home/airflow/.local/lib/python3.7/site-packages/airflow/example_dags/example_latest_only.py
[2024-01-14T15:13:17.333+0000] {processor.py:756} INFO - Processing file /home/airflow/.local/lib/python3.7/site-packages/airflow/example_dags/example_latest_only.py for tasks to queue
[2024-01-14T15:13:17.334+0000] {logging_mixin.py:120} INFO - [2024-01-14T15:13:17.334+0000] {dagbag.py:537} INFO - Filling up the DagBag from /home/airflow/.local/lib/python3.7/site-packages/airflow/example_dags/example_latest_only.py
[2024-01-14T15:13:17.343+0000] {processor.py:766} INFO - DAG(s) dict_keys(['latest_only']) retrieved from /home/airflow/.local/lib/python3.7/site-packages/airflow/example_dags/example_latest_only.py
[2024-01-14T15:13:17.367+0000] {logging_mixin.py:120} INFO - [2024-01-14T15:13:17.367+0000] {dag.py:2585} INFO - Sync 1 DAGs
[2024-01-14T15:13:17.383+0000] {logging_mixin.py:120} INFO - [2024-01-14T15:13:17.383+0000] {dag.py:3340} INFO - Setting next_dagrun for latest_only to 2024-01-14T11:13:17.383090+00:00, run_after=2024-01-14T15:13:17.383090+00:00
[2024-01-14T15:13:17.393+0000] {processor.py:176} INFO - Processing /home/airflow/.local/lib/python3.7/site-packages/airflow/example_dags/example_latest_only.py took 0.063 seconds
[2024-01-14T15:13:48.308+0000] {processor.py:154} INFO - Started process (PID=1714) to work on /home/airflow/.local/lib/python3.7/site-packages/airflow/example_dags/example_latest_only.py
[2024-01-14T15:13:48.309+0000] {processor.py:756} INFO - Processing file /home/airflow/.local/lib/python3.7/site-packages/airflow/example_dags/example_latest_only.py for tasks to queue
[2024-01-14T15:13:48.309+0000] {logging_mixin.py:120} INFO - [2024-01-14T15:13:48.309+0000] {dagbag.py:537} INFO - Filling up the DagBag from /home/airflow/.local/lib/python3.7/site-packages/airflow/example_dags/example_latest_only.py
[2024-01-14T15:13:48.318+0000] {processor.py:766} INFO - DAG(s) dict_keys(['latest_only']) retrieved from /home/airflow/.local/lib/python3.7/site-packages/airflow/example_dags/example_latest_only.py
[2024-01-14T15:13:48.344+0000] {logging_mixin.py:120} INFO - [2024-01-14T15:13:48.344+0000] {dag.py:2585} INFO - Sync 1 DAGs
[2024-01-14T15:13:48.358+0000] {logging_mixin.py:120} INFO - [2024-01-14T15:13:48.358+0000] {dag.py:3340} INFO - Setting next_dagrun for latest_only to 2024-01-14T11:13:48.358721+00:00, run_after=2024-01-14T15:13:48.358721+00:00
[2024-01-14T15:13:48.370+0000] {processor.py:176} INFO - Processing /home/airflow/.local/lib/python3.7/site-packages/airflow/example_dags/example_latest_only.py took 0.064 seconds
