[2024-01-14T15:00:02.328+0000] {processor.py:154} INFO - Started process (PID=81) to work on /home/airflow/.local/lib/python3.7/site-packages/airflow/example_dags/example_datasets.py
[2024-01-14T15:00:02.329+0000] {processor.py:756} INFO - Processing file /home/airflow/.local/lib/python3.7/site-packages/airflow/example_dags/example_datasets.py for tasks to queue
[2024-01-14T15:00:02.330+0000] {logging_mixin.py:120} INFO - [2024-01-14T15:00:02.330+0000] {dagbag.py:537} INFO - Filling up the DagBag from /home/airflow/.local/lib/python3.7/site-packages/airflow/example_dags/example_datasets.py
[2024-01-14T15:00:02.347+0000] {processor.py:766} INFO - DAG(s) dict_keys(['dataset_consumes_1', 'dataset_produces_1', 'dataset_produces_2', 'dataset_consumes_1_and_2', 'dataset_consumes_1_never_scheduled', 'dataset_consumes_unknown_never_scheduled']) retrieved from /home/airflow/.local/lib/python3.7/site-packages/airflow/example_dags/example_datasets.py
[2024-01-14T15:00:02.445+0000] {logging_mixin.py:120} INFO - [2024-01-14T15:00:02.445+0000] {manager.py:507} INFO - Created Permission View: can read on DAG:dataset_consumes_1
[2024-01-14T15:00:02.453+0000] {logging_mixin.py:120} INFO - [2024-01-14T15:00:02.453+0000] {manager.py:507} INFO - Created Permission View: can edit on DAG:dataset_consumes_1
[2024-01-14T15:00:02.459+0000] {logging_mixin.py:120} INFO - [2024-01-14T15:00:02.458+0000] {manager.py:507} INFO - Created Permission View: can delete on DAG:dataset_consumes_1
[2024-01-14T15:00:02.473+0000] {logging_mixin.py:120} INFO - [2024-01-14T15:00:02.473+0000] {manager.py:507} INFO - Created Permission View: can read on DAG:dataset_produces_1
[2024-01-14T15:00:02.479+0000] {logging_mixin.py:120} INFO - [2024-01-14T15:00:02.479+0000] {manager.py:507} INFO - Created Permission View: can edit on DAG:dataset_produces_1
[2024-01-14T15:00:02.484+0000] {logging_mixin.py:120} INFO - [2024-01-14T15:00:02.484+0000] {manager.py:507} INFO - Created Permission View: can delete on DAG:dataset_produces_1
[2024-01-14T15:00:02.492+0000] {logging_mixin.py:120} INFO - [2024-01-14T15:00:02.492+0000] {manager.py:507} INFO - Created Permission View: can read on DAG:dataset_produces_2
[2024-01-14T15:00:02.497+0000] {logging_mixin.py:120} INFO - [2024-01-14T15:00:02.497+0000] {manager.py:507} INFO - Created Permission View: can edit on DAG:dataset_produces_2
[2024-01-14T15:00:02.501+0000] {logging_mixin.py:120} INFO - [2024-01-14T15:00:02.501+0000] {manager.py:507} INFO - Created Permission View: can delete on DAG:dataset_produces_2
[2024-01-14T15:00:02.509+0000] {logging_mixin.py:120} INFO - [2024-01-14T15:00:02.509+0000] {manager.py:507} INFO - Created Permission View: can read on DAG:dataset_consumes_1_and_2
[2024-01-14T15:00:02.513+0000] {logging_mixin.py:120} INFO - [2024-01-14T15:00:02.513+0000] {manager.py:507} INFO - Created Permission View: can edit on DAG:dataset_consumes_1_and_2
[2024-01-14T15:00:02.517+0000] {logging_mixin.py:120} INFO - [2024-01-14T15:00:02.517+0000] {manager.py:507} INFO - Created Permission View: can delete on DAG:dataset_consumes_1_and_2
[2024-01-14T15:00:02.525+0000] {logging_mixin.py:120} INFO - [2024-01-14T15:00:02.525+0000] {manager.py:507} INFO - Created Permission View: can read on DAG:dataset_consumes_1_never_scheduled
[2024-01-14T15:00:02.530+0000] {logging_mixin.py:120} INFO - [2024-01-14T15:00:02.529+0000] {manager.py:507} INFO - Created Permission View: can edit on DAG:dataset_consumes_1_never_scheduled
[2024-01-14T15:00:02.533+0000] {logging_mixin.py:120} INFO - [2024-01-14T15:00:02.533+0000] {manager.py:507} INFO - Created Permission View: can delete on DAG:dataset_consumes_1_never_scheduled
[2024-01-14T15:00:02.541+0000] {logging_mixin.py:120} INFO - [2024-01-14T15:00:02.541+0000] {manager.py:507} INFO - Created Permission View: can read on DAG:dataset_consumes_unknown_never_scheduled
[2024-01-14T15:00:02.545+0000] {logging_mixin.py:120} INFO - [2024-01-14T15:00:02.545+0000] {manager.py:507} INFO - Created Permission View: can edit on DAG:dataset_consumes_unknown_never_scheduled
[2024-01-14T15:00:02.550+0000] {logging_mixin.py:120} INFO - [2024-01-14T15:00:02.549+0000] {manager.py:507} INFO - Created Permission View: can delete on DAG:dataset_consumes_unknown_never_scheduled
[2024-01-14T15:00:02.550+0000] {logging_mixin.py:120} INFO - [2024-01-14T15:00:02.550+0000] {dag.py:2585} INFO - Sync 6 DAGs
[2024-01-14T15:00:02.558+0000] {logging_mixin.py:120} INFO - [2024-01-14T15:00:02.558+0000] {dag.py:2606} INFO - Creating ORM DAG for dataset_produces_1
[2024-01-14T15:00:02.559+0000] {logging_mixin.py:120} INFO - [2024-01-14T15:00:02.559+0000] {dag.py:2606} INFO - Creating ORM DAG for dataset_consumes_1
[2024-01-14T15:00:02.559+0000] {logging_mixin.py:120} INFO - [2024-01-14T15:00:02.559+0000] {dag.py:2606} INFO - Creating ORM DAG for dataset_consumes_1_never_scheduled
[2024-01-14T15:00:02.560+0000] {logging_mixin.py:120} INFO - [2024-01-14T15:00:02.560+0000] {dag.py:2606} INFO - Creating ORM DAG for dataset_consumes_1_and_2
[2024-01-14T15:00:02.560+0000] {logging_mixin.py:120} INFO - [2024-01-14T15:00:02.560+0000] {dag.py:2606} INFO - Creating ORM DAG for dataset_consumes_unknown_never_scheduled
[2024-01-14T15:00:02.561+0000] {logging_mixin.py:120} INFO - [2024-01-14T15:00:02.561+0000] {dag.py:2606} INFO - Creating ORM DAG for dataset_produces_2
[2024-01-14T15:00:02.567+0000] {logging_mixin.py:120} INFO - [2024-01-14T15:00:02.567+0000] {dag.py:3340} INFO - Setting next_dagrun for dataset_consumes_1 to None, run_after=None
[2024-01-14T15:00:02.568+0000] {logging_mixin.py:120} INFO - [2024-01-14T15:00:02.568+0000] {dag.py:3340} INFO - Setting next_dagrun for dataset_consumes_1_and_2 to None, run_after=None
[2024-01-14T15:00:02.568+0000] {logging_mixin.py:120} INFO - [2024-01-14T15:00:02.568+0000] {dag.py:3340} INFO - Setting next_dagrun for dataset_consumes_1_never_scheduled to None, run_after=None
[2024-01-14T15:00:02.569+0000] {logging_mixin.py:120} INFO - [2024-01-14T15:00:02.569+0000] {dag.py:3340} INFO - Setting next_dagrun for dataset_consumes_unknown_never_scheduled to None, run_after=None
[2024-01-14T15:00:02.570+0000] {logging_mixin.py:120} INFO - [2024-01-14T15:00:02.570+0000] {dag.py:3340} INFO - Setting next_dagrun for dataset_produces_1 to 2024-01-13T00:00:00+00:00, run_after=2024-01-14T00:00:00+00:00
[2024-01-14T15:00:02.571+0000] {logging_mixin.py:120} INFO - [2024-01-14T15:00:02.571+0000] {dag.py:3340} INFO - Setting next_dagrun for dataset_produces_2 to None, run_after=None
[2024-01-14T15:00:02.597+0000] {processor.py:176} INFO - Processing /home/airflow/.local/lib/python3.7/site-packages/airflow/example_dags/example_datasets.py took 0.272 seconds
[2024-01-14T15:00:33.572+0000] {processor.py:154} INFO - Started process (PID=146) to work on /home/airflow/.local/lib/python3.7/site-packages/airflow/example_dags/example_datasets.py
[2024-01-14T15:00:33.572+0000] {processor.py:756} INFO - Processing file /home/airflow/.local/lib/python3.7/site-packages/airflow/example_dags/example_datasets.py for tasks to queue
[2024-01-14T15:00:33.573+0000] {logging_mixin.py:120} INFO - [2024-01-14T15:00:33.573+0000] {dagbag.py:537} INFO - Filling up the DagBag from /home/airflow/.local/lib/python3.7/site-packages/airflow/example_dags/example_datasets.py
[2024-01-14T15:00:33.586+0000] {processor.py:766} INFO - DAG(s) dict_keys(['dataset_consumes_1_and_2', 'dataset_consumes_1_never_scheduled', 'dataset_consumes_1', 'dataset_produces_2', 'dataset_consumes_unknown_never_scheduled', 'dataset_produces_1']) retrieved from /home/airflow/.local/lib/python3.7/site-packages/airflow/example_dags/example_datasets.py
[2024-01-14T15:00:33.621+0000] {logging_mixin.py:120} INFO - [2024-01-14T15:00:33.621+0000] {dag.py:2585} INFO - Sync 6 DAGs
[2024-01-14T15:00:33.639+0000] {logging_mixin.py:120} INFO - [2024-01-14T15:00:33.639+0000] {dag.py:3340} INFO - Setting next_dagrun for dataset_consumes_1 to None, run_after=None
[2024-01-14T15:00:33.641+0000] {logging_mixin.py:120} INFO - [2024-01-14T15:00:33.641+0000] {dag.py:3340} INFO - Setting next_dagrun for dataset_consumes_1_and_2 to None, run_after=None
[2024-01-14T15:00:33.642+0000] {logging_mixin.py:120} INFO - [2024-01-14T15:00:33.642+0000] {dag.py:3340} INFO - Setting next_dagrun for dataset_consumes_1_never_scheduled to None, run_after=None
[2024-01-14T15:00:33.643+0000] {logging_mixin.py:120} INFO - [2024-01-14T15:00:33.643+0000] {dag.py:3340} INFO - Setting next_dagrun for dataset_consumes_unknown_never_scheduled to None, run_after=None
[2024-01-14T15:00:33.644+0000] {logging_mixin.py:120} INFO - [2024-01-14T15:00:33.644+0000] {dag.py:3340} INFO - Setting next_dagrun for dataset_produces_1 to 2024-01-13T00:00:00+00:00, run_after=2024-01-14T00:00:00+00:00
[2024-01-14T15:00:33.645+0000] {logging_mixin.py:120} INFO - [2024-01-14T15:00:33.645+0000] {dag.py:3340} INFO - Setting next_dagrun for dataset_produces_2 to None, run_after=None
[2024-01-14T15:00:33.662+0000] {processor.py:176} INFO - Processing /home/airflow/.local/lib/python3.7/site-packages/airflow/example_dags/example_datasets.py took 0.093 seconds
[2024-01-14T15:01:03.762+0000] {processor.py:154} INFO - Started process (PID=201) to work on /home/airflow/.local/lib/python3.7/site-packages/airflow/example_dags/example_datasets.py
[2024-01-14T15:01:03.763+0000] {processor.py:756} INFO - Processing file /home/airflow/.local/lib/python3.7/site-packages/airflow/example_dags/example_datasets.py for tasks to queue
[2024-01-14T15:01:03.764+0000] {logging_mixin.py:120} INFO - [2024-01-14T15:01:03.764+0000] {dagbag.py:537} INFO - Filling up the DagBag from /home/airflow/.local/lib/python3.7/site-packages/airflow/example_dags/example_datasets.py
[2024-01-14T15:01:03.783+0000] {processor.py:766} INFO - DAG(s) dict_keys(['dataset_consumes_1_never_scheduled', 'dataset_consumes_1', 'dataset_consumes_unknown_never_scheduled', 'dataset_consumes_1_and_2', 'dataset_produces_2', 'dataset_produces_1']) retrieved from /home/airflow/.local/lib/python3.7/site-packages/airflow/example_dags/example_datasets.py
[2024-01-14T15:01:03.822+0000] {logging_mixin.py:120} INFO - [2024-01-14T15:01:03.822+0000] {dag.py:2585} INFO - Sync 6 DAGs
[2024-01-14T15:01:03.838+0000] {logging_mixin.py:120} INFO - [2024-01-14T15:01:03.838+0000] {dag.py:3340} INFO - Setting next_dagrun for dataset_consumes_1 to None, run_after=None
[2024-01-14T15:01:03.840+0000] {logging_mixin.py:120} INFO - [2024-01-14T15:01:03.840+0000] {dag.py:3340} INFO - Setting next_dagrun for dataset_consumes_1_and_2 to None, run_after=None
[2024-01-14T15:01:03.840+0000] {logging_mixin.py:120} INFO - [2024-01-14T15:01:03.840+0000] {dag.py:3340} INFO - Setting next_dagrun for dataset_consumes_1_never_scheduled to None, run_after=None
[2024-01-14T15:01:03.841+0000] {logging_mixin.py:120} INFO - [2024-01-14T15:01:03.841+0000] {dag.py:3340} INFO - Setting next_dagrun for dataset_consumes_unknown_never_scheduled to None, run_after=None
[2024-01-14T15:01:03.843+0000] {logging_mixin.py:120} INFO - [2024-01-14T15:01:03.843+0000] {dag.py:3340} INFO - Setting next_dagrun for dataset_produces_1 to 2024-01-13T00:00:00+00:00, run_after=2024-01-14T00:00:00+00:00
[2024-01-14T15:01:03.843+0000] {logging_mixin.py:120} INFO - [2024-01-14T15:01:03.843+0000] {dag.py:3340} INFO - Setting next_dagrun for dataset_produces_2 to None, run_after=None
[2024-01-14T15:01:03.858+0000] {processor.py:176} INFO - Processing /home/airflow/.local/lib/python3.7/site-packages/airflow/example_dags/example_datasets.py took 0.102 seconds
[2024-01-14T15:01:34.781+0000] {processor.py:154} INFO - Started process (PID=264) to work on /home/airflow/.local/lib/python3.7/site-packages/airflow/example_dags/example_datasets.py
[2024-01-14T15:01:34.782+0000] {processor.py:756} INFO - Processing file /home/airflow/.local/lib/python3.7/site-packages/airflow/example_dags/example_datasets.py for tasks to queue
[2024-01-14T15:01:34.783+0000] {logging_mixin.py:120} INFO - [2024-01-14T15:01:34.783+0000] {dagbag.py:537} INFO - Filling up the DagBag from /home/airflow/.local/lib/python3.7/site-packages/airflow/example_dags/example_datasets.py
[2024-01-14T15:01:34.800+0000] {processor.py:766} INFO - DAG(s) dict_keys(['dataset_produces_2', 'dataset_consumes_1', 'dataset_consumes_unknown_never_scheduled', 'dataset_produces_1', 'dataset_consumes_1_never_scheduled', 'dataset_consumes_1_and_2']) retrieved from /home/airflow/.local/lib/python3.7/site-packages/airflow/example_dags/example_datasets.py
[2024-01-14T15:01:34.843+0000] {logging_mixin.py:120} INFO - [2024-01-14T15:01:34.843+0000] {dag.py:2585} INFO - Sync 6 DAGs
[2024-01-14T15:01:34.861+0000] {logging_mixin.py:120} INFO - [2024-01-14T15:01:34.861+0000] {dag.py:3340} INFO - Setting next_dagrun for dataset_consumes_1 to None, run_after=None
[2024-01-14T15:01:34.863+0000] {logging_mixin.py:120} INFO - [2024-01-14T15:01:34.863+0000] {dag.py:3340} INFO - Setting next_dagrun for dataset_consumes_1_and_2 to None, run_after=None
[2024-01-14T15:01:34.864+0000] {logging_mixin.py:120} INFO - [2024-01-14T15:01:34.864+0000] {dag.py:3340} INFO - Setting next_dagrun for dataset_consumes_1_never_scheduled to None, run_after=None
[2024-01-14T15:01:34.865+0000] {logging_mixin.py:120} INFO - [2024-01-14T15:01:34.865+0000] {dag.py:3340} INFO - Setting next_dagrun for dataset_consumes_unknown_never_scheduled to None, run_after=None
[2024-01-14T15:01:34.866+0000] {logging_mixin.py:120} INFO - [2024-01-14T15:01:34.866+0000] {dag.py:3340} INFO - Setting next_dagrun for dataset_produces_1 to 2024-01-13T00:00:00+00:00, run_after=2024-01-14T00:00:00+00:00
[2024-01-14T15:01:34.867+0000] {logging_mixin.py:120} INFO - [2024-01-14T15:01:34.867+0000] {dag.py:3340} INFO - Setting next_dagrun for dataset_produces_2 to None, run_after=None
[2024-01-14T15:01:34.884+0000] {processor.py:176} INFO - Processing /home/airflow/.local/lib/python3.7/site-packages/airflow/example_dags/example_datasets.py took 0.107 seconds
[2024-01-14T15:02:04.965+0000] {processor.py:154} INFO - Started process (PID=327) to work on /home/airflow/.local/lib/python3.7/site-packages/airflow/example_dags/example_datasets.py
[2024-01-14T15:02:04.966+0000] {processor.py:756} INFO - Processing file /home/airflow/.local/lib/python3.7/site-packages/airflow/example_dags/example_datasets.py for tasks to queue
[2024-01-14T15:02:04.968+0000] {logging_mixin.py:120} INFO - [2024-01-14T15:02:04.967+0000] {dagbag.py:537} INFO - Filling up the DagBag from /home/airflow/.local/lib/python3.7/site-packages/airflow/example_dags/example_datasets.py
[2024-01-14T15:02:04.988+0000] {processor.py:766} INFO - DAG(s) dict_keys(['dataset_produces_1', 'dataset_consumes_1', 'dataset_consumes_1_and_2', 'dataset_produces_2', 'dataset_consumes_1_never_scheduled', 'dataset_consumes_unknown_never_scheduled']) retrieved from /home/airflow/.local/lib/python3.7/site-packages/airflow/example_dags/example_datasets.py
[2024-01-14T15:02:05.036+0000] {logging_mixin.py:120} INFO - [2024-01-14T15:02:05.036+0000] {dag.py:2585} INFO - Sync 6 DAGs
[2024-01-14T15:02:05.054+0000] {logging_mixin.py:120} INFO - [2024-01-14T15:02:05.054+0000] {dag.py:3340} INFO - Setting next_dagrun for dataset_consumes_1 to None, run_after=None
[2024-01-14T15:02:05.056+0000] {logging_mixin.py:120} INFO - [2024-01-14T15:02:05.056+0000] {dag.py:3340} INFO - Setting next_dagrun for dataset_consumes_1_and_2 to None, run_after=None
[2024-01-14T15:02:05.057+0000] {logging_mixin.py:120} INFO - [2024-01-14T15:02:05.057+0000] {dag.py:3340} INFO - Setting next_dagrun for dataset_consumes_1_never_scheduled to None, run_after=None
[2024-01-14T15:02:05.058+0000] {logging_mixin.py:120} INFO - [2024-01-14T15:02:05.058+0000] {dag.py:3340} INFO - Setting next_dagrun for dataset_consumes_unknown_never_scheduled to None, run_after=None
[2024-01-14T15:02:05.059+0000] {logging_mixin.py:120} INFO - [2024-01-14T15:02:05.059+0000] {dag.py:3340} INFO - Setting next_dagrun for dataset_produces_1 to 2024-01-13T00:00:00+00:00, run_after=2024-01-14T00:00:00+00:00
[2024-01-14T15:02:05.060+0000] {logging_mixin.py:120} INFO - [2024-01-14T15:02:05.060+0000] {dag.py:3340} INFO - Setting next_dagrun for dataset_produces_2 to None, run_after=None
[2024-01-14T15:02:05.078+0000] {processor.py:176} INFO - Processing /home/airflow/.local/lib/python3.7/site-packages/airflow/example_dags/example_datasets.py took 0.120 seconds
[2024-01-14T15:02:36.099+0000] {processor.py:154} INFO - Started process (PID=390) to work on /home/airflow/.local/lib/python3.7/site-packages/airflow/example_dags/example_datasets.py
[2024-01-14T15:02:36.101+0000] {processor.py:756} INFO - Processing file /home/airflow/.local/lib/python3.7/site-packages/airflow/example_dags/example_datasets.py for tasks to queue
[2024-01-14T15:02:36.102+0000] {logging_mixin.py:120} INFO - [2024-01-14T15:02:36.102+0000] {dagbag.py:537} INFO - Filling up the DagBag from /home/airflow/.local/lib/python3.7/site-packages/airflow/example_dags/example_datasets.py
[2024-01-14T15:02:36.121+0000] {processor.py:766} INFO - DAG(s) dict_keys(['dataset_consumes_1_and_2', 'dataset_produces_2', 'dataset_consumes_1_never_scheduled', 'dataset_consumes_1', 'dataset_produces_1', 'dataset_consumes_unknown_never_scheduled']) retrieved from /home/airflow/.local/lib/python3.7/site-packages/airflow/example_dags/example_datasets.py
[2024-01-14T15:02:36.161+0000] {logging_mixin.py:120} INFO - [2024-01-14T15:02:36.161+0000] {dag.py:2585} INFO - Sync 6 DAGs
[2024-01-14T15:02:36.177+0000] {logging_mixin.py:120} INFO - [2024-01-14T15:02:36.177+0000] {dag.py:3340} INFO - Setting next_dagrun for dataset_consumes_1 to None, run_after=None
[2024-01-14T15:02:36.179+0000] {logging_mixin.py:120} INFO - [2024-01-14T15:02:36.179+0000] {dag.py:3340} INFO - Setting next_dagrun for dataset_consumes_1_and_2 to None, run_after=None
[2024-01-14T15:02:36.180+0000] {logging_mixin.py:120} INFO - [2024-01-14T15:02:36.180+0000] {dag.py:3340} INFO - Setting next_dagrun for dataset_consumes_1_never_scheduled to None, run_after=None
[2024-01-14T15:02:36.181+0000] {logging_mixin.py:120} INFO - [2024-01-14T15:02:36.180+0000] {dag.py:3340} INFO - Setting next_dagrun for dataset_consumes_unknown_never_scheduled to None, run_after=None
[2024-01-14T15:02:36.182+0000] {logging_mixin.py:120} INFO - [2024-01-14T15:02:36.182+0000] {dag.py:3340} INFO - Setting next_dagrun for dataset_produces_1 to 2024-01-13T00:00:00+00:00, run_after=2024-01-14T00:00:00+00:00
[2024-01-14T15:02:36.183+0000] {logging_mixin.py:120} INFO - [2024-01-14T15:02:36.183+0000] {dag.py:3340} INFO - Setting next_dagrun for dataset_produces_2 to None, run_after=None
[2024-01-14T15:02:36.198+0000] {processor.py:176} INFO - Processing /home/airflow/.local/lib/python3.7/site-packages/airflow/example_dags/example_datasets.py took 0.104 seconds
[2024-01-14T15:03:06.250+0000] {processor.py:154} INFO - Started process (PID=453) to work on /home/airflow/.local/lib/python3.7/site-packages/airflow/example_dags/example_datasets.py
[2024-01-14T15:03:06.251+0000] {processor.py:756} INFO - Processing file /home/airflow/.local/lib/python3.7/site-packages/airflow/example_dags/example_datasets.py for tasks to queue
[2024-01-14T15:03:06.252+0000] {logging_mixin.py:120} INFO - [2024-01-14T15:03:06.252+0000] {dagbag.py:537} INFO - Filling up the DagBag from /home/airflow/.local/lib/python3.7/site-packages/airflow/example_dags/example_datasets.py
[2024-01-14T15:03:06.270+0000] {processor.py:766} INFO - DAG(s) dict_keys(['dataset_consumes_1_never_scheduled', 'dataset_consumes_1_and_2', 'dataset_produces_2', 'dataset_consumes_unknown_never_scheduled', 'dataset_produces_1', 'dataset_consumes_1']) retrieved from /home/airflow/.local/lib/python3.7/site-packages/airflow/example_dags/example_datasets.py
[2024-01-14T15:03:06.306+0000] {logging_mixin.py:120} INFO - [2024-01-14T15:03:06.306+0000] {dag.py:2585} INFO - Sync 6 DAGs
[2024-01-14T15:03:06.322+0000] {logging_mixin.py:120} INFO - [2024-01-14T15:03:06.322+0000] {dag.py:3340} INFO - Setting next_dagrun for dataset_consumes_1 to None, run_after=None
[2024-01-14T15:03:06.324+0000] {logging_mixin.py:120} INFO - [2024-01-14T15:03:06.324+0000] {dag.py:3340} INFO - Setting next_dagrun for dataset_consumes_1_and_2 to None, run_after=None
[2024-01-14T15:03:06.325+0000] {logging_mixin.py:120} INFO - [2024-01-14T15:03:06.324+0000] {dag.py:3340} INFO - Setting next_dagrun for dataset_consumes_1_never_scheduled to None, run_after=None
[2024-01-14T15:03:06.325+0000] {logging_mixin.py:120} INFO - [2024-01-14T15:03:06.325+0000] {dag.py:3340} INFO - Setting next_dagrun for dataset_consumes_unknown_never_scheduled to None, run_after=None
[2024-01-14T15:03:06.327+0000] {logging_mixin.py:120} INFO - [2024-01-14T15:03:06.327+0000] {dag.py:3340} INFO - Setting next_dagrun for dataset_produces_1 to 2024-01-13T00:00:00+00:00, run_after=2024-01-14T00:00:00+00:00
[2024-01-14T15:03:06.327+0000] {logging_mixin.py:120} INFO - [2024-01-14T15:03:06.327+0000] {dag.py:3340} INFO - Setting next_dagrun for dataset_produces_2 to None, run_after=None
[2024-01-14T15:03:06.343+0000] {processor.py:176} INFO - Processing /home/airflow/.local/lib/python3.7/site-packages/airflow/example_dags/example_datasets.py took 0.097 seconds
[2024-01-14T15:03:36.502+0000] {processor.py:154} INFO - Started process (PID=507) to work on /home/airflow/.local/lib/python3.7/site-packages/airflow/example_dags/example_datasets.py
[2024-01-14T15:03:36.503+0000] {processor.py:756} INFO - Processing file /home/airflow/.local/lib/python3.7/site-packages/airflow/example_dags/example_datasets.py for tasks to queue
[2024-01-14T15:03:36.504+0000] {logging_mixin.py:120} INFO - [2024-01-14T15:03:36.504+0000] {dagbag.py:537} INFO - Filling up the DagBag from /home/airflow/.local/lib/python3.7/site-packages/airflow/example_dags/example_datasets.py
[2024-01-14T15:03:36.519+0000] {processor.py:766} INFO - DAG(s) dict_keys(['dataset_consumes_1', 'dataset_consumes_1_and_2', 'dataset_produces_2', 'dataset_consumes_1_never_scheduled', 'dataset_consumes_unknown_never_scheduled', 'dataset_produces_1']) retrieved from /home/airflow/.local/lib/python3.7/site-packages/airflow/example_dags/example_datasets.py
[2024-01-14T15:03:36.553+0000] {logging_mixin.py:120} INFO - [2024-01-14T15:03:36.553+0000] {dag.py:2585} INFO - Sync 6 DAGs
[2024-01-14T15:03:36.568+0000] {logging_mixin.py:120} INFO - [2024-01-14T15:03:36.568+0000] {dag.py:3340} INFO - Setting next_dagrun for dataset_consumes_1 to None, run_after=None
[2024-01-14T15:03:36.570+0000] {logging_mixin.py:120} INFO - [2024-01-14T15:03:36.570+0000] {dag.py:3340} INFO - Setting next_dagrun for dataset_consumes_1_and_2 to None, run_after=None
[2024-01-14T15:03:36.571+0000] {logging_mixin.py:120} INFO - [2024-01-14T15:03:36.571+0000] {dag.py:3340} INFO - Setting next_dagrun for dataset_consumes_1_never_scheduled to None, run_after=None
[2024-01-14T15:03:36.571+0000] {logging_mixin.py:120} INFO - [2024-01-14T15:03:36.571+0000] {dag.py:3340} INFO - Setting next_dagrun for dataset_consumes_unknown_never_scheduled to None, run_after=None
[2024-01-14T15:03:36.573+0000] {logging_mixin.py:120} INFO - [2024-01-14T15:03:36.573+0000] {dag.py:3340} INFO - Setting next_dagrun for dataset_produces_1 to 2024-01-13T00:00:00+00:00, run_after=2024-01-14T00:00:00+00:00
[2024-01-14T15:03:36.574+0000] {logging_mixin.py:120} INFO - [2024-01-14T15:03:36.574+0000] {dag.py:3340} INFO - Setting next_dagrun for dataset_produces_2 to None, run_after=None
[2024-01-14T15:03:36.589+0000] {processor.py:176} INFO - Processing /home/airflow/.local/lib/python3.7/site-packages/airflow/example_dags/example_datasets.py took 0.090 seconds
[2024-01-14T15:04:07.344+0000] {processor.py:154} INFO - Started process (PID=570) to work on /home/airflow/.local/lib/python3.7/site-packages/airflow/example_dags/example_datasets.py
[2024-01-14T15:04:07.345+0000] {processor.py:756} INFO - Processing file /home/airflow/.local/lib/python3.7/site-packages/airflow/example_dags/example_datasets.py for tasks to queue
[2024-01-14T15:04:07.345+0000] {logging_mixin.py:120} INFO - [2024-01-14T15:04:07.345+0000] {dagbag.py:537} INFO - Filling up the DagBag from /home/airflow/.local/lib/python3.7/site-packages/airflow/example_dags/example_datasets.py
[2024-01-14T15:04:07.358+0000] {processor.py:766} INFO - DAG(s) dict_keys(['dataset_consumes_1_and_2', 'dataset_consumes_unknown_never_scheduled', 'dataset_consumes_1', 'dataset_produces_1', 'dataset_consumes_1_never_scheduled', 'dataset_produces_2']) retrieved from /home/airflow/.local/lib/python3.7/site-packages/airflow/example_dags/example_datasets.py
[2024-01-14T15:04:07.395+0000] {logging_mixin.py:120} INFO - [2024-01-14T15:04:07.395+0000] {dag.py:2585} INFO - Sync 6 DAGs
[2024-01-14T15:04:07.411+0000] {logging_mixin.py:120} INFO - [2024-01-14T15:04:07.411+0000] {dag.py:3340} INFO - Setting next_dagrun for dataset_consumes_1 to None, run_after=None
[2024-01-14T15:04:07.413+0000] {logging_mixin.py:120} INFO - [2024-01-14T15:04:07.413+0000] {dag.py:3340} INFO - Setting next_dagrun for dataset_consumes_1_and_2 to None, run_after=None
[2024-01-14T15:04:07.414+0000] {logging_mixin.py:120} INFO - [2024-01-14T15:04:07.414+0000] {dag.py:3340} INFO - Setting next_dagrun for dataset_consumes_1_never_scheduled to None, run_after=None
[2024-01-14T15:04:07.415+0000] {logging_mixin.py:120} INFO - [2024-01-14T15:04:07.415+0000] {dag.py:3340} INFO - Setting next_dagrun for dataset_consumes_unknown_never_scheduled to None, run_after=None
[2024-01-14T15:04:07.417+0000] {logging_mixin.py:120} INFO - [2024-01-14T15:04:07.416+0000] {dag.py:3340} INFO - Setting next_dagrun for dataset_produces_1 to 2024-01-13T00:00:00+00:00, run_after=2024-01-14T00:00:00+00:00
[2024-01-14T15:04:07.417+0000] {logging_mixin.py:120} INFO - [2024-01-14T15:04:07.417+0000] {dag.py:3340} INFO - Setting next_dagrun for dataset_produces_2 to None, run_after=None
[2024-01-14T15:04:07.432+0000] {processor.py:176} INFO - Processing /home/airflow/.local/lib/python3.7/site-packages/airflow/example_dags/example_datasets.py took 0.092 seconds
[2024-01-14T15:04:37.544+0000] {processor.py:154} INFO - Started process (PID=633) to work on /home/airflow/.local/lib/python3.7/site-packages/airflow/example_dags/example_datasets.py
[2024-01-14T15:04:37.546+0000] {processor.py:756} INFO - Processing file /home/airflow/.local/lib/python3.7/site-packages/airflow/example_dags/example_datasets.py for tasks to queue
[2024-01-14T15:04:37.548+0000] {logging_mixin.py:120} INFO - [2024-01-14T15:04:37.548+0000] {dagbag.py:537} INFO - Filling up the DagBag from /home/airflow/.local/lib/python3.7/site-packages/airflow/example_dags/example_datasets.py
[2024-01-14T15:04:37.568+0000] {processor.py:766} INFO - DAG(s) dict_keys(['dataset_consumes_unknown_never_scheduled', 'dataset_consumes_1_and_2', 'dataset_produces_1', 'dataset_consumes_1', 'dataset_consumes_1_never_scheduled', 'dataset_produces_2']) retrieved from /home/airflow/.local/lib/python3.7/site-packages/airflow/example_dags/example_datasets.py
[2024-01-14T15:04:37.612+0000] {logging_mixin.py:120} INFO - [2024-01-14T15:04:37.612+0000] {dag.py:2585} INFO - Sync 6 DAGs
[2024-01-14T15:04:37.630+0000] {logging_mixin.py:120} INFO - [2024-01-14T15:04:37.630+0000] {dag.py:3340} INFO - Setting next_dagrun for dataset_consumes_1 to None, run_after=None
[2024-01-14T15:04:37.633+0000] {logging_mixin.py:120} INFO - [2024-01-14T15:04:37.633+0000] {dag.py:3340} INFO - Setting next_dagrun for dataset_consumes_1_and_2 to None, run_after=None
[2024-01-14T15:04:37.634+0000] {logging_mixin.py:120} INFO - [2024-01-14T15:04:37.634+0000] {dag.py:3340} INFO - Setting next_dagrun for dataset_consumes_1_never_scheduled to None, run_after=None
[2024-01-14T15:04:37.635+0000] {logging_mixin.py:120} INFO - [2024-01-14T15:04:37.635+0000] {dag.py:3340} INFO - Setting next_dagrun for dataset_consumes_unknown_never_scheduled to None, run_after=None
[2024-01-14T15:04:37.636+0000] {logging_mixin.py:120} INFO - [2024-01-14T15:04:37.636+0000] {dag.py:3340} INFO - Setting next_dagrun for dataset_produces_1 to 2024-01-13T00:00:00+00:00, run_after=2024-01-14T00:00:00+00:00
[2024-01-14T15:04:37.637+0000] {logging_mixin.py:120} INFO - [2024-01-14T15:04:37.637+0000] {dag.py:3340} INFO - Setting next_dagrun for dataset_produces_2 to None, run_after=None
[2024-01-14T15:04:37.656+0000] {processor.py:176} INFO - Processing /home/airflow/.local/lib/python3.7/site-packages/airflow/example_dags/example_datasets.py took 0.117 seconds
[2024-01-14T15:05:07.694+0000] {processor.py:154} INFO - Started process (PID=696) to work on /home/airflow/.local/lib/python3.7/site-packages/airflow/example_dags/example_datasets.py
[2024-01-14T15:05:07.695+0000] {processor.py:756} INFO - Processing file /home/airflow/.local/lib/python3.7/site-packages/airflow/example_dags/example_datasets.py for tasks to queue
[2024-01-14T15:05:07.696+0000] {logging_mixin.py:120} INFO - [2024-01-14T15:05:07.696+0000] {dagbag.py:537} INFO - Filling up the DagBag from /home/airflow/.local/lib/python3.7/site-packages/airflow/example_dags/example_datasets.py
[2024-01-14T15:05:07.708+0000] {processor.py:766} INFO - DAG(s) dict_keys(['dataset_produces_2', 'dataset_consumes_1_never_scheduled', 'dataset_consumes_1_and_2', 'dataset_consumes_unknown_never_scheduled', 'dataset_produces_1', 'dataset_consumes_1']) retrieved from /home/airflow/.local/lib/python3.7/site-packages/airflow/example_dags/example_datasets.py
[2024-01-14T15:05:07.745+0000] {logging_mixin.py:120} INFO - [2024-01-14T15:05:07.744+0000] {dag.py:2585} INFO - Sync 6 DAGs
[2024-01-14T15:05:07.761+0000] {logging_mixin.py:120} INFO - [2024-01-14T15:05:07.761+0000] {dag.py:3340} INFO - Setting next_dagrun for dataset_consumes_1 to None, run_after=None
[2024-01-14T15:05:07.763+0000] {logging_mixin.py:120} INFO - [2024-01-14T15:05:07.763+0000] {dag.py:3340} INFO - Setting next_dagrun for dataset_consumes_1_and_2 to None, run_after=None
[2024-01-14T15:05:07.764+0000] {logging_mixin.py:120} INFO - [2024-01-14T15:05:07.764+0000] {dag.py:3340} INFO - Setting next_dagrun for dataset_consumes_1_never_scheduled to None, run_after=None
[2024-01-14T15:05:07.765+0000] {logging_mixin.py:120} INFO - [2024-01-14T15:05:07.765+0000] {dag.py:3340} INFO - Setting next_dagrun for dataset_consumes_unknown_never_scheduled to None, run_after=None
[2024-01-14T15:05:07.766+0000] {logging_mixin.py:120} INFO - [2024-01-14T15:05:07.766+0000] {dag.py:3340} INFO - Setting next_dagrun for dataset_produces_1 to 2024-01-13T00:00:00+00:00, run_after=2024-01-14T00:00:00+00:00
[2024-01-14T15:05:07.767+0000] {logging_mixin.py:120} INFO - [2024-01-14T15:05:07.767+0000] {dag.py:3340} INFO - Setting next_dagrun for dataset_produces_2 to None, run_after=None
[2024-01-14T15:05:07.782+0000] {processor.py:176} INFO - Processing /home/airflow/.local/lib/python3.7/site-packages/airflow/example_dags/example_datasets.py took 0.090 seconds
[2024-01-14T15:05:38.599+0000] {processor.py:154} INFO - Started process (PID=759) to work on /home/airflow/.local/lib/python3.7/site-packages/airflow/example_dags/example_datasets.py
[2024-01-14T15:05:38.601+0000] {processor.py:756} INFO - Processing file /home/airflow/.local/lib/python3.7/site-packages/airflow/example_dags/example_datasets.py for tasks to queue
[2024-01-14T15:05:38.601+0000] {logging_mixin.py:120} INFO - [2024-01-14T15:05:38.601+0000] {dagbag.py:537} INFO - Filling up the DagBag from /home/airflow/.local/lib/python3.7/site-packages/airflow/example_dags/example_datasets.py
[2024-01-14T15:05:38.619+0000] {processor.py:766} INFO - DAG(s) dict_keys(['dataset_consumes_unknown_never_scheduled', 'dataset_consumes_1_never_scheduled', 'dataset_produces_2', 'dataset_consumes_1_and_2', 'dataset_produces_1', 'dataset_consumes_1']) retrieved from /home/airflow/.local/lib/python3.7/site-packages/airflow/example_dags/example_datasets.py
[2024-01-14T15:05:38.655+0000] {logging_mixin.py:120} INFO - [2024-01-14T15:05:38.655+0000] {dag.py:2585} INFO - Sync 6 DAGs
[2024-01-14T15:05:38.671+0000] {logging_mixin.py:120} INFO - [2024-01-14T15:05:38.671+0000] {dag.py:3340} INFO - Setting next_dagrun for dataset_consumes_1 to None, run_after=None
[2024-01-14T15:05:38.673+0000] {logging_mixin.py:120} INFO - [2024-01-14T15:05:38.673+0000] {dag.py:3340} INFO - Setting next_dagrun for dataset_consumes_1_and_2 to None, run_after=None
[2024-01-14T15:05:38.674+0000] {logging_mixin.py:120} INFO - [2024-01-14T15:05:38.674+0000] {dag.py:3340} INFO - Setting next_dagrun for dataset_consumes_1_never_scheduled to None, run_after=None
[2024-01-14T15:05:38.674+0000] {logging_mixin.py:120} INFO - [2024-01-14T15:05:38.674+0000] {dag.py:3340} INFO - Setting next_dagrun for dataset_consumes_unknown_never_scheduled to None, run_after=None
[2024-01-14T15:05:38.676+0000] {logging_mixin.py:120} INFO - [2024-01-14T15:05:38.676+0000] {dag.py:3340} INFO - Setting next_dagrun for dataset_produces_1 to 2024-01-13T00:00:00+00:00, run_after=2024-01-14T00:00:00+00:00
[2024-01-14T15:05:38.677+0000] {logging_mixin.py:120} INFO - [2024-01-14T15:05:38.677+0000] {dag.py:3340} INFO - Setting next_dagrun for dataset_produces_2 to None, run_after=None
[2024-01-14T15:05:38.692+0000] {processor.py:176} INFO - Processing /home/airflow/.local/lib/python3.7/site-packages/airflow/example_dags/example_datasets.py took 0.098 seconds
[2024-01-14T15:06:09.504+0000] {processor.py:154} INFO - Started process (PID=822) to work on /home/airflow/.local/lib/python3.7/site-packages/airflow/example_dags/example_datasets.py
[2024-01-14T15:06:09.506+0000] {processor.py:756} INFO - Processing file /home/airflow/.local/lib/python3.7/site-packages/airflow/example_dags/example_datasets.py for tasks to queue
[2024-01-14T15:06:09.507+0000] {logging_mixin.py:120} INFO - [2024-01-14T15:06:09.507+0000] {dagbag.py:537} INFO - Filling up the DagBag from /home/airflow/.local/lib/python3.7/site-packages/airflow/example_dags/example_datasets.py
[2024-01-14T15:06:09.525+0000] {processor.py:766} INFO - DAG(s) dict_keys(['dataset_consumes_1_never_scheduled', 'dataset_consumes_1', 'dataset_consumes_unknown_never_scheduled', 'dataset_produces_1', 'dataset_consumes_1_and_2', 'dataset_produces_2']) retrieved from /home/airflow/.local/lib/python3.7/site-packages/airflow/example_dags/example_datasets.py
[2024-01-14T15:06:09.565+0000] {logging_mixin.py:120} INFO - [2024-01-14T15:06:09.565+0000] {dag.py:2585} INFO - Sync 6 DAGs
[2024-01-14T15:06:09.580+0000] {logging_mixin.py:120} INFO - [2024-01-14T15:06:09.580+0000] {dag.py:3340} INFO - Setting next_dagrun for dataset_consumes_1 to None, run_after=None
[2024-01-14T15:06:09.582+0000] {logging_mixin.py:120} INFO - [2024-01-14T15:06:09.581+0000] {dag.py:3340} INFO - Setting next_dagrun for dataset_consumes_1_and_2 to None, run_after=None
[2024-01-14T15:06:09.582+0000] {logging_mixin.py:120} INFO - [2024-01-14T15:06:09.582+0000] {dag.py:3340} INFO - Setting next_dagrun for dataset_consumes_1_never_scheduled to None, run_after=None
[2024-01-14T15:06:09.583+0000] {logging_mixin.py:120} INFO - [2024-01-14T15:06:09.583+0000] {dag.py:3340} INFO - Setting next_dagrun for dataset_consumes_unknown_never_scheduled to None, run_after=None
[2024-01-14T15:06:09.585+0000] {logging_mixin.py:120} INFO - [2024-01-14T15:06:09.584+0000] {dag.py:3340} INFO - Setting next_dagrun for dataset_produces_1 to 2024-01-13T00:00:00+00:00, run_after=2024-01-14T00:00:00+00:00
[2024-01-14T15:06:09.585+0000] {logging_mixin.py:120} INFO - [2024-01-14T15:06:09.585+0000] {dag.py:3340} INFO - Setting next_dagrun for dataset_produces_2 to None, run_after=None
[2024-01-14T15:06:09.601+0000] {processor.py:176} INFO - Processing /home/airflow/.local/lib/python3.7/site-packages/airflow/example_dags/example_datasets.py took 0.102 seconds
[2024-01-14T15:06:39.651+0000] {processor.py:154} INFO - Started process (PID=876) to work on /home/airflow/.local/lib/python3.7/site-packages/airflow/example_dags/example_datasets.py
[2024-01-14T15:06:39.652+0000] {processor.py:756} INFO - Processing file /home/airflow/.local/lib/python3.7/site-packages/airflow/example_dags/example_datasets.py for tasks to queue
[2024-01-14T15:06:39.653+0000] {logging_mixin.py:120} INFO - [2024-01-14T15:06:39.653+0000] {dagbag.py:537} INFO - Filling up the DagBag from /home/airflow/.local/lib/python3.7/site-packages/airflow/example_dags/example_datasets.py
[2024-01-14T15:06:39.670+0000] {processor.py:766} INFO - DAG(s) dict_keys(['dataset_consumes_1_and_2', 'dataset_produces_1', 'dataset_consumes_1', 'dataset_consumes_1_never_scheduled', 'dataset_produces_2', 'dataset_consumes_unknown_never_scheduled']) retrieved from /home/airflow/.local/lib/python3.7/site-packages/airflow/example_dags/example_datasets.py
[2024-01-14T15:06:39.709+0000] {logging_mixin.py:120} INFO - [2024-01-14T15:06:39.708+0000] {dag.py:2585} INFO - Sync 6 DAGs
[2024-01-14T15:06:39.726+0000] {logging_mixin.py:120} INFO - [2024-01-14T15:06:39.726+0000] {dag.py:3340} INFO - Setting next_dagrun for dataset_consumes_1 to None, run_after=None
[2024-01-14T15:06:39.728+0000] {logging_mixin.py:120} INFO - [2024-01-14T15:06:39.728+0000] {dag.py:3340} INFO - Setting next_dagrun for dataset_consumes_1_and_2 to None, run_after=None
[2024-01-14T15:06:39.728+0000] {logging_mixin.py:120} INFO - [2024-01-14T15:06:39.728+0000] {dag.py:3340} INFO - Setting next_dagrun for dataset_consumes_1_never_scheduled to None, run_after=None
[2024-01-14T15:06:39.729+0000] {logging_mixin.py:120} INFO - [2024-01-14T15:06:39.729+0000] {dag.py:3340} INFO - Setting next_dagrun for dataset_consumes_unknown_never_scheduled to None, run_after=None
[2024-01-14T15:06:39.731+0000] {logging_mixin.py:120} INFO - [2024-01-14T15:06:39.731+0000] {dag.py:3340} INFO - Setting next_dagrun for dataset_produces_1 to 2024-01-13T00:00:00+00:00, run_after=2024-01-14T00:00:00+00:00
[2024-01-14T15:06:39.732+0000] {logging_mixin.py:120} INFO - [2024-01-14T15:06:39.732+0000] {dag.py:3340} INFO - Setting next_dagrun for dataset_produces_2 to None, run_after=None
[2024-01-14T15:06:39.749+0000] {processor.py:176} INFO - Processing /home/airflow/.local/lib/python3.7/site-packages/airflow/example_dags/example_datasets.py took 0.103 seconds
[2024-01-14T15:07:10.591+0000] {processor.py:154} INFO - Started process (PID=939) to work on /home/airflow/.local/lib/python3.7/site-packages/airflow/example_dags/example_datasets.py
[2024-01-14T15:07:10.593+0000] {processor.py:756} INFO - Processing file /home/airflow/.local/lib/python3.7/site-packages/airflow/example_dags/example_datasets.py for tasks to queue
[2024-01-14T15:07:10.595+0000] {logging_mixin.py:120} INFO - [2024-01-14T15:07:10.594+0000] {dagbag.py:537} INFO - Filling up the DagBag from /home/airflow/.local/lib/python3.7/site-packages/airflow/example_dags/example_datasets.py
[2024-01-14T15:07:10.610+0000] {processor.py:766} INFO - DAG(s) dict_keys(['dataset_consumes_1', 'dataset_produces_1', 'dataset_produces_2', 'dataset_consumes_1_and_2', 'dataset_consumes_1_never_scheduled', 'dataset_consumes_unknown_never_scheduled']) retrieved from /home/airflow/.local/lib/python3.7/site-packages/airflow/example_dags/example_datasets.py
[2024-01-14T15:07:10.647+0000] {logging_mixin.py:120} INFO - [2024-01-14T15:07:10.647+0000] {dag.py:2585} INFO - Sync 6 DAGs
[2024-01-14T15:07:10.664+0000] {logging_mixin.py:120} INFO - [2024-01-14T15:07:10.664+0000] {dag.py:3340} INFO - Setting next_dagrun for dataset_consumes_1 to None, run_after=None
[2024-01-14T15:07:10.666+0000] {logging_mixin.py:120} INFO - [2024-01-14T15:07:10.666+0000] {dag.py:3340} INFO - Setting next_dagrun for dataset_consumes_1_and_2 to None, run_after=None
[2024-01-14T15:07:10.666+0000] {logging_mixin.py:120} INFO - [2024-01-14T15:07:10.666+0000] {dag.py:3340} INFO - Setting next_dagrun for dataset_consumes_1_never_scheduled to None, run_after=None
[2024-01-14T15:07:10.667+0000] {logging_mixin.py:120} INFO - [2024-01-14T15:07:10.667+0000] {dag.py:3340} INFO - Setting next_dagrun for dataset_consumes_unknown_never_scheduled to None, run_after=None
[2024-01-14T15:07:10.669+0000] {logging_mixin.py:120} INFO - [2024-01-14T15:07:10.669+0000] {dag.py:3340} INFO - Setting next_dagrun for dataset_produces_1 to 2024-01-13T00:00:00+00:00, run_after=2024-01-14T00:00:00+00:00
[2024-01-14T15:07:10.669+0000] {logging_mixin.py:120} INFO - [2024-01-14T15:07:10.669+0000] {dag.py:3340} INFO - Setting next_dagrun for dataset_produces_2 to None, run_after=None
[2024-01-14T15:07:10.685+0000] {processor.py:176} INFO - Processing /home/airflow/.local/lib/python3.7/site-packages/airflow/example_dags/example_datasets.py took 0.099 seconds
[2024-01-14T15:07:41.624+0000] {processor.py:154} INFO - Started process (PID=1001) to work on /home/airflow/.local/lib/python3.7/site-packages/airflow/example_dags/example_datasets.py
[2024-01-14T15:07:41.625+0000] {processor.py:756} INFO - Processing file /home/airflow/.local/lib/python3.7/site-packages/airflow/example_dags/example_datasets.py for tasks to queue
[2024-01-14T15:07:41.626+0000] {logging_mixin.py:120} INFO - [2024-01-14T15:07:41.626+0000] {dagbag.py:537} INFO - Filling up the DagBag from /home/airflow/.local/lib/python3.7/site-packages/airflow/example_dags/example_datasets.py
[2024-01-14T15:07:41.639+0000] {processor.py:766} INFO - DAG(s) dict_keys(['dataset_produces_1', 'dataset_consumes_1_and_2', 'dataset_consumes_1', 'dataset_produces_2', 'dataset_consumes_unknown_never_scheduled', 'dataset_consumes_1_never_scheduled']) retrieved from /home/airflow/.local/lib/python3.7/site-packages/airflow/example_dags/example_datasets.py
[2024-01-14T15:07:41.682+0000] {logging_mixin.py:120} INFO - [2024-01-14T15:07:41.682+0000] {dag.py:2585} INFO - Sync 6 DAGs
[2024-01-14T15:07:41.701+0000] {logging_mixin.py:120} INFO - [2024-01-14T15:07:41.701+0000] {dag.py:3340} INFO - Setting next_dagrun for dataset_consumes_1 to None, run_after=None
[2024-01-14T15:07:41.703+0000] {logging_mixin.py:120} INFO - [2024-01-14T15:07:41.703+0000] {dag.py:3340} INFO - Setting next_dagrun for dataset_consumes_1_and_2 to None, run_after=None
[2024-01-14T15:07:41.704+0000] {logging_mixin.py:120} INFO - [2024-01-14T15:07:41.704+0000] {dag.py:3340} INFO - Setting next_dagrun for dataset_consumes_1_never_scheduled to None, run_after=None
[2024-01-14T15:07:41.705+0000] {logging_mixin.py:120} INFO - [2024-01-14T15:07:41.705+0000] {dag.py:3340} INFO - Setting next_dagrun for dataset_consumes_unknown_never_scheduled to None, run_after=None
[2024-01-14T15:07:41.706+0000] {logging_mixin.py:120} INFO - [2024-01-14T15:07:41.706+0000] {dag.py:3340} INFO - Setting next_dagrun for dataset_produces_1 to 2024-01-13T00:00:00+00:00, run_after=2024-01-14T00:00:00+00:00
[2024-01-14T15:07:41.707+0000] {logging_mixin.py:120} INFO - [2024-01-14T15:07:41.707+0000] {dag.py:3340} INFO - Setting next_dagrun for dataset_produces_2 to None, run_after=None
[2024-01-14T15:07:41.725+0000] {processor.py:176} INFO - Processing /home/airflow/.local/lib/python3.7/site-packages/airflow/example_dags/example_datasets.py took 0.104 seconds
[2024-01-14T15:08:11.852+0000] {processor.py:154} INFO - Started process (PID=1064) to work on /home/airflow/.local/lib/python3.7/site-packages/airflow/example_dags/example_datasets.py
[2024-01-14T15:08:11.853+0000] {processor.py:756} INFO - Processing file /home/airflow/.local/lib/python3.7/site-packages/airflow/example_dags/example_datasets.py for tasks to queue
[2024-01-14T15:08:11.854+0000] {logging_mixin.py:120} INFO - [2024-01-14T15:08:11.854+0000] {dagbag.py:537} INFO - Filling up the DagBag from /home/airflow/.local/lib/python3.7/site-packages/airflow/example_dags/example_datasets.py
[2024-01-14T15:08:11.867+0000] {processor.py:766} INFO - DAG(s) dict_keys(['dataset_consumes_1', 'dataset_consumes_unknown_never_scheduled', 'dataset_produces_1', 'dataset_produces_2', 'dataset_consumes_1_never_scheduled', 'dataset_consumes_1_and_2']) retrieved from /home/airflow/.local/lib/python3.7/site-packages/airflow/example_dags/example_datasets.py
[2024-01-14T15:08:11.911+0000] {logging_mixin.py:120} INFO - [2024-01-14T15:08:11.910+0000] {dag.py:2585} INFO - Sync 6 DAGs
[2024-01-14T15:08:11.927+0000] {logging_mixin.py:120} INFO - [2024-01-14T15:08:11.927+0000] {dag.py:3340} INFO - Setting next_dagrun for dataset_consumes_1 to None, run_after=None
[2024-01-14T15:08:11.929+0000] {logging_mixin.py:120} INFO - [2024-01-14T15:08:11.929+0000] {dag.py:3340} INFO - Setting next_dagrun for dataset_consumes_1_and_2 to None, run_after=None
[2024-01-14T15:08:11.930+0000] {logging_mixin.py:120} INFO - [2024-01-14T15:08:11.930+0000] {dag.py:3340} INFO - Setting next_dagrun for dataset_consumes_1_never_scheduled to None, run_after=None
[2024-01-14T15:08:11.931+0000] {logging_mixin.py:120} INFO - [2024-01-14T15:08:11.931+0000] {dag.py:3340} INFO - Setting next_dagrun for dataset_consumes_unknown_never_scheduled to None, run_after=None
[2024-01-14T15:08:11.932+0000] {logging_mixin.py:120} INFO - [2024-01-14T15:08:11.932+0000] {dag.py:3340} INFO - Setting next_dagrun for dataset_produces_1 to 2024-01-13T00:00:00+00:00, run_after=2024-01-14T00:00:00+00:00
[2024-01-14T15:08:11.933+0000] {logging_mixin.py:120} INFO - [2024-01-14T15:08:11.933+0000] {dag.py:3340} INFO - Setting next_dagrun for dataset_produces_2 to None, run_after=None
[2024-01-14T15:08:11.948+0000] {processor.py:176} INFO - Processing /home/airflow/.local/lib/python3.7/site-packages/airflow/example_dags/example_datasets.py took 0.099 seconds
[2024-01-14T15:08:42.779+0000] {processor.py:154} INFO - Started process (PID=1127) to work on /home/airflow/.local/lib/python3.7/site-packages/airflow/example_dags/example_datasets.py
[2024-01-14T15:08:42.782+0000] {processor.py:756} INFO - Processing file /home/airflow/.local/lib/python3.7/site-packages/airflow/example_dags/example_datasets.py for tasks to queue
[2024-01-14T15:08:42.783+0000] {logging_mixin.py:120} INFO - [2024-01-14T15:08:42.783+0000] {dagbag.py:537} INFO - Filling up the DagBag from /home/airflow/.local/lib/python3.7/site-packages/airflow/example_dags/example_datasets.py
[2024-01-14T15:08:42.801+0000] {processor.py:766} INFO - DAG(s) dict_keys(['dataset_consumes_1_and_2', 'dataset_consumes_1', 'dataset_consumes_1_never_scheduled', 'dataset_produces_2', 'dataset_produces_1', 'dataset_consumes_unknown_never_scheduled']) retrieved from /home/airflow/.local/lib/python3.7/site-packages/airflow/example_dags/example_datasets.py
[2024-01-14T15:08:42.840+0000] {logging_mixin.py:120} INFO - [2024-01-14T15:08:42.840+0000] {dag.py:2585} INFO - Sync 6 DAGs
[2024-01-14T15:08:42.856+0000] {logging_mixin.py:120} INFO - [2024-01-14T15:08:42.856+0000] {dag.py:3340} INFO - Setting next_dagrun for dataset_consumes_1 to None, run_after=None
[2024-01-14T15:08:42.857+0000] {logging_mixin.py:120} INFO - [2024-01-14T15:08:42.857+0000] {dag.py:3340} INFO - Setting next_dagrun for dataset_consumes_1_and_2 to None, run_after=None
[2024-01-14T15:08:42.858+0000] {logging_mixin.py:120} INFO - [2024-01-14T15:08:42.858+0000] {dag.py:3340} INFO - Setting next_dagrun for dataset_consumes_1_never_scheduled to None, run_after=None
[2024-01-14T15:08:42.859+0000] {logging_mixin.py:120} INFO - [2024-01-14T15:08:42.859+0000] {dag.py:3340} INFO - Setting next_dagrun for dataset_consumes_unknown_never_scheduled to None, run_after=None
[2024-01-14T15:08:42.861+0000] {logging_mixin.py:120} INFO - [2024-01-14T15:08:42.861+0000] {dag.py:3340} INFO - Setting next_dagrun for dataset_produces_1 to 2024-01-13T00:00:00+00:00, run_after=2024-01-14T00:00:00+00:00
[2024-01-14T15:08:42.861+0000] {logging_mixin.py:120} INFO - [2024-01-14T15:08:42.861+0000] {dag.py:3340} INFO - Setting next_dagrun for dataset_produces_2 to None, run_after=None
[2024-01-14T15:08:42.877+0000] {processor.py:176} INFO - Processing /home/airflow/.local/lib/python3.7/site-packages/airflow/example_dags/example_datasets.py took 0.103 seconds
[2024-01-14T15:09:13.742+0000] {processor.py:154} INFO - Started process (PID=1190) to work on /home/airflow/.local/lib/python3.7/site-packages/airflow/example_dags/example_datasets.py
[2024-01-14T15:09:13.743+0000] {processor.py:756} INFO - Processing file /home/airflow/.local/lib/python3.7/site-packages/airflow/example_dags/example_datasets.py for tasks to queue
[2024-01-14T15:09:13.744+0000] {logging_mixin.py:120} INFO - [2024-01-14T15:09:13.744+0000] {dagbag.py:537} INFO - Filling up the DagBag from /home/airflow/.local/lib/python3.7/site-packages/airflow/example_dags/example_datasets.py
[2024-01-14T15:09:13.760+0000] {processor.py:766} INFO - DAG(s) dict_keys(['dataset_consumes_1_never_scheduled', 'dataset_consumes_unknown_never_scheduled', 'dataset_produces_1', 'dataset_consumes_1_and_2', 'dataset_produces_2', 'dataset_consumes_1']) retrieved from /home/airflow/.local/lib/python3.7/site-packages/airflow/example_dags/example_datasets.py
[2024-01-14T15:09:13.803+0000] {logging_mixin.py:120} INFO - [2024-01-14T15:09:13.803+0000] {dag.py:2585} INFO - Sync 6 DAGs
[2024-01-14T15:09:13.823+0000] {logging_mixin.py:120} INFO - [2024-01-14T15:09:13.823+0000] {dag.py:3340} INFO - Setting next_dagrun for dataset_consumes_1 to None, run_after=None
[2024-01-14T15:09:13.825+0000] {logging_mixin.py:120} INFO - [2024-01-14T15:09:13.825+0000] {dag.py:3340} INFO - Setting next_dagrun for dataset_consumes_1_and_2 to None, run_after=None
[2024-01-14T15:09:13.826+0000] {logging_mixin.py:120} INFO - [2024-01-14T15:09:13.826+0000] {dag.py:3340} INFO - Setting next_dagrun for dataset_consumes_1_never_scheduled to None, run_after=None
[2024-01-14T15:09:13.827+0000] {logging_mixin.py:120} INFO - [2024-01-14T15:09:13.827+0000] {dag.py:3340} INFO - Setting next_dagrun for dataset_consumes_unknown_never_scheduled to None, run_after=None
[2024-01-14T15:09:13.829+0000] {logging_mixin.py:120} INFO - [2024-01-14T15:09:13.829+0000] {dag.py:3340} INFO - Setting next_dagrun for dataset_produces_1 to 2024-01-13T00:00:00+00:00, run_after=2024-01-14T00:00:00+00:00
[2024-01-14T15:09:13.830+0000] {logging_mixin.py:120} INFO - [2024-01-14T15:09:13.830+0000] {dag.py:3340} INFO - Setting next_dagrun for dataset_produces_2 to None, run_after=None
[2024-01-14T15:09:13.847+0000] {processor.py:176} INFO - Processing /home/airflow/.local/lib/python3.7/site-packages/airflow/example_dags/example_datasets.py took 0.110 seconds
[2024-01-14T15:09:44.706+0000] {processor.py:154} INFO - Started process (PID=1253) to work on /home/airflow/.local/lib/python3.7/site-packages/airflow/example_dags/example_datasets.py
[2024-01-14T15:09:44.707+0000] {processor.py:756} INFO - Processing file /home/airflow/.local/lib/python3.7/site-packages/airflow/example_dags/example_datasets.py for tasks to queue
[2024-01-14T15:09:44.708+0000] {logging_mixin.py:120} INFO - [2024-01-14T15:09:44.708+0000] {dagbag.py:537} INFO - Filling up the DagBag from /home/airflow/.local/lib/python3.7/site-packages/airflow/example_dags/example_datasets.py
[2024-01-14T15:09:44.720+0000] {processor.py:766} INFO - DAG(s) dict_keys(['dataset_produces_1', 'dataset_consumes_1_and_2', 'dataset_consumes_1_never_scheduled', 'dataset_consumes_1', 'dataset_consumes_unknown_never_scheduled', 'dataset_produces_2']) retrieved from /home/airflow/.local/lib/python3.7/site-packages/airflow/example_dags/example_datasets.py
[2024-01-14T15:09:44.754+0000] {logging_mixin.py:120} INFO - [2024-01-14T15:09:44.754+0000] {dag.py:2585} INFO - Sync 6 DAGs
[2024-01-14T15:09:44.770+0000] {logging_mixin.py:120} INFO - [2024-01-14T15:09:44.769+0000] {dag.py:3340} INFO - Setting next_dagrun for dataset_consumes_1 to None, run_after=None
[2024-01-14T15:09:44.771+0000] {logging_mixin.py:120} INFO - [2024-01-14T15:09:44.771+0000] {dag.py:3340} INFO - Setting next_dagrun for dataset_consumes_1_and_2 to None, run_after=None
[2024-01-14T15:09:44.772+0000] {logging_mixin.py:120} INFO - [2024-01-14T15:09:44.772+0000] {dag.py:3340} INFO - Setting next_dagrun for dataset_consumes_1_never_scheduled to None, run_after=None
[2024-01-14T15:09:44.773+0000] {logging_mixin.py:120} INFO - [2024-01-14T15:09:44.773+0000] {dag.py:3340} INFO - Setting next_dagrun for dataset_consumes_unknown_never_scheduled to None, run_after=None
[2024-01-14T15:09:44.775+0000] {logging_mixin.py:120} INFO - [2024-01-14T15:09:44.775+0000] {dag.py:3340} INFO - Setting next_dagrun for dataset_produces_1 to 2024-01-13T00:00:00+00:00, run_after=2024-01-14T00:00:00+00:00
[2024-01-14T15:09:44.776+0000] {logging_mixin.py:120} INFO - [2024-01-14T15:09:44.776+0000] {dag.py:3340} INFO - Setting next_dagrun for dataset_produces_2 to None, run_after=None
[2024-01-14T15:09:44.792+0000] {processor.py:176} INFO - Processing /home/airflow/.local/lib/python3.7/site-packages/airflow/example_dags/example_datasets.py took 0.088 seconds
[2024-01-14T15:10:15.681+0000] {processor.py:154} INFO - Started process (PID=1307) to work on /home/airflow/.local/lib/python3.7/site-packages/airflow/example_dags/example_datasets.py
[2024-01-14T15:10:15.683+0000] {processor.py:756} INFO - Processing file /home/airflow/.local/lib/python3.7/site-packages/airflow/example_dags/example_datasets.py for tasks to queue
[2024-01-14T15:10:15.685+0000] {logging_mixin.py:120} INFO - [2024-01-14T15:10:15.685+0000] {dagbag.py:537} INFO - Filling up the DagBag from /home/airflow/.local/lib/python3.7/site-packages/airflow/example_dags/example_datasets.py
[2024-01-14T15:10:15.704+0000] {processor.py:766} INFO - DAG(s) dict_keys(['dataset_produces_1', 'dataset_consumes_1_and_2', 'dataset_consumes_1_never_scheduled', 'dataset_produces_2', 'dataset_consumes_1', 'dataset_consumes_unknown_never_scheduled']) retrieved from /home/airflow/.local/lib/python3.7/site-packages/airflow/example_dags/example_datasets.py
[2024-01-14T15:10:15.740+0000] {logging_mixin.py:120} INFO - [2024-01-14T15:10:15.740+0000] {dag.py:2585} INFO - Sync 6 DAGs
[2024-01-14T15:10:15.756+0000] {logging_mixin.py:120} INFO - [2024-01-14T15:10:15.756+0000] {dag.py:3340} INFO - Setting next_dagrun for dataset_consumes_1 to None, run_after=None
[2024-01-14T15:10:15.758+0000] {logging_mixin.py:120} INFO - [2024-01-14T15:10:15.758+0000] {dag.py:3340} INFO - Setting next_dagrun for dataset_consumes_1_and_2 to None, run_after=None
[2024-01-14T15:10:15.758+0000] {logging_mixin.py:120} INFO - [2024-01-14T15:10:15.758+0000] {dag.py:3340} INFO - Setting next_dagrun for dataset_consumes_1_never_scheduled to None, run_after=None
[2024-01-14T15:10:15.759+0000] {logging_mixin.py:120} INFO - [2024-01-14T15:10:15.759+0000] {dag.py:3340} INFO - Setting next_dagrun for dataset_consumes_unknown_never_scheduled to None, run_after=None
[2024-01-14T15:10:15.761+0000] {logging_mixin.py:120} INFO - [2024-01-14T15:10:15.761+0000] {dag.py:3340} INFO - Setting next_dagrun for dataset_produces_1 to 2024-01-13T00:00:00+00:00, run_after=2024-01-14T00:00:00+00:00
[2024-01-14T15:10:15.761+0000] {logging_mixin.py:120} INFO - [2024-01-14T15:10:15.761+0000] {dag.py:3340} INFO - Setting next_dagrun for dataset_produces_2 to None, run_after=None
[2024-01-14T15:10:15.777+0000] {processor.py:176} INFO - Processing /home/airflow/.local/lib/python3.7/site-packages/airflow/example_dags/example_datasets.py took 0.101 seconds
[2024-01-14T15:10:46.548+0000] {processor.py:154} INFO - Started process (PID=1370) to work on /home/airflow/.local/lib/python3.7/site-packages/airflow/example_dags/example_datasets.py
[2024-01-14T15:10:46.550+0000] {processor.py:756} INFO - Processing file /home/airflow/.local/lib/python3.7/site-packages/airflow/example_dags/example_datasets.py for tasks to queue
[2024-01-14T15:10:46.551+0000] {logging_mixin.py:120} INFO - [2024-01-14T15:10:46.551+0000] {dagbag.py:537} INFO - Filling up the DagBag from /home/airflow/.local/lib/python3.7/site-packages/airflow/example_dags/example_datasets.py
[2024-01-14T15:10:46.571+0000] {processor.py:766} INFO - DAG(s) dict_keys(['dataset_produces_1', 'dataset_consumes_1_never_scheduled', 'dataset_consumes_1_and_2', 'dataset_consumes_1', 'dataset_produces_2', 'dataset_consumes_unknown_never_scheduled']) retrieved from /home/airflow/.local/lib/python3.7/site-packages/airflow/example_dags/example_datasets.py
[2024-01-14T15:10:46.612+0000] {logging_mixin.py:120} INFO - [2024-01-14T15:10:46.612+0000] {dag.py:2585} INFO - Sync 6 DAGs
[2024-01-14T15:10:46.629+0000] {logging_mixin.py:120} INFO - [2024-01-14T15:10:46.628+0000] {dag.py:3340} INFO - Setting next_dagrun for dataset_consumes_1 to None, run_after=None
[2024-01-14T15:10:46.631+0000] {logging_mixin.py:120} INFO - [2024-01-14T15:10:46.630+0000] {dag.py:3340} INFO - Setting next_dagrun for dataset_consumes_1_and_2 to None, run_after=None
[2024-01-14T15:10:46.631+0000] {logging_mixin.py:120} INFO - [2024-01-14T15:10:46.631+0000] {dag.py:3340} INFO - Setting next_dagrun for dataset_consumes_1_never_scheduled to None, run_after=None
[2024-01-14T15:10:46.632+0000] {logging_mixin.py:120} INFO - [2024-01-14T15:10:46.632+0000] {dag.py:3340} INFO - Setting next_dagrun for dataset_consumes_unknown_never_scheduled to None, run_after=None
[2024-01-14T15:10:46.634+0000] {logging_mixin.py:120} INFO - [2024-01-14T15:10:46.634+0000] {dag.py:3340} INFO - Setting next_dagrun for dataset_produces_1 to 2024-01-13T00:00:00+00:00, run_after=2024-01-14T00:00:00+00:00
[2024-01-14T15:10:46.634+0000] {logging_mixin.py:120} INFO - [2024-01-14T15:10:46.634+0000] {dag.py:3340} INFO - Setting next_dagrun for dataset_produces_2 to None, run_after=None
[2024-01-14T15:10:46.650+0000] {processor.py:176} INFO - Processing /home/airflow/.local/lib/python3.7/site-packages/airflow/example_dags/example_datasets.py took 0.107 seconds
[2024-01-14T15:11:47.697+0000] {processor.py:154} INFO - Started process (PID=1496) to work on /home/airflow/.local/lib/python3.7/site-packages/airflow/example_dags/example_datasets.py
[2024-01-14T15:11:47.699+0000] {processor.py:756} INFO - Processing file /home/airflow/.local/lib/python3.7/site-packages/airflow/example_dags/example_datasets.py for tasks to queue
[2024-01-14T15:11:47.700+0000] {logging_mixin.py:120} INFO - [2024-01-14T15:11:47.700+0000] {dagbag.py:537} INFO - Filling up the DagBag from /home/airflow/.local/lib/python3.7/site-packages/airflow/example_dags/example_datasets.py
[2024-01-14T15:11:47.718+0000] {processor.py:766} INFO - DAG(s) dict_keys(['dataset_produces_1', 'dataset_consumes_1_and_2', 'dataset_consumes_unknown_never_scheduled', 'dataset_consumes_1_never_scheduled', 'dataset_consumes_1', 'dataset_produces_2']) retrieved from /home/airflow/.local/lib/python3.7/site-packages/airflow/example_dags/example_datasets.py
[2024-01-14T15:11:47.757+0000] {logging_mixin.py:120} INFO - [2024-01-14T15:11:47.757+0000] {dag.py:2585} INFO - Sync 6 DAGs
[2024-01-14T15:11:47.772+0000] {logging_mixin.py:120} INFO - [2024-01-14T15:11:47.772+0000] {dag.py:3340} INFO - Setting next_dagrun for dataset_consumes_1 to None, run_after=None
[2024-01-14T15:11:47.774+0000] {logging_mixin.py:120} INFO - [2024-01-14T15:11:47.774+0000] {dag.py:3340} INFO - Setting next_dagrun for dataset_consumes_1_and_2 to None, run_after=None
[2024-01-14T15:11:47.775+0000] {logging_mixin.py:120} INFO - [2024-01-14T15:11:47.775+0000] {dag.py:3340} INFO - Setting next_dagrun for dataset_consumes_1_never_scheduled to None, run_after=None
[2024-01-14T15:11:47.776+0000] {logging_mixin.py:120} INFO - [2024-01-14T15:11:47.776+0000] {dag.py:3340} INFO - Setting next_dagrun for dataset_consumes_unknown_never_scheduled to None, run_after=None
[2024-01-14T15:11:47.777+0000] {logging_mixin.py:120} INFO - [2024-01-14T15:11:47.777+0000] {dag.py:3340} INFO - Setting next_dagrun for dataset_produces_1 to 2024-01-13T00:00:00+00:00, run_after=2024-01-14T00:00:00+00:00
[2024-01-14T15:11:47.778+0000] {logging_mixin.py:120} INFO - [2024-01-14T15:11:47.778+0000] {dag.py:3340} INFO - Setting next_dagrun for dataset_produces_2 to None, run_after=None
[2024-01-14T15:11:47.793+0000] {processor.py:176} INFO - Processing /home/airflow/.local/lib/python3.7/site-packages/airflow/example_dags/example_datasets.py took 0.102 seconds
[2024-01-14T15:12:18.650+0000] {processor.py:154} INFO - Started process (PID=1559) to work on /home/airflow/.local/lib/python3.7/site-packages/airflow/example_dags/example_datasets.py
[2024-01-14T15:12:18.652+0000] {processor.py:756} INFO - Processing file /home/airflow/.local/lib/python3.7/site-packages/airflow/example_dags/example_datasets.py for tasks to queue
[2024-01-14T15:12:18.653+0000] {logging_mixin.py:120} INFO - [2024-01-14T15:12:18.653+0000] {dagbag.py:537} INFO - Filling up the DagBag from /home/airflow/.local/lib/python3.7/site-packages/airflow/example_dags/example_datasets.py
[2024-01-14T15:12:18.677+0000] {processor.py:766} INFO - DAG(s) dict_keys(['dataset_consumes_unknown_never_scheduled', 'dataset_consumes_1', 'dataset_consumes_1_never_scheduled', 'dataset_consumes_1_and_2', 'dataset_produces_2', 'dataset_produces_1']) retrieved from /home/airflow/.local/lib/python3.7/site-packages/airflow/example_dags/example_datasets.py
[2024-01-14T15:12:18.728+0000] {logging_mixin.py:120} INFO - [2024-01-14T15:12:18.728+0000] {dag.py:2585} INFO - Sync 6 DAGs
[2024-01-14T15:12:18.750+0000] {logging_mixin.py:120} INFO - [2024-01-14T15:12:18.750+0000] {dag.py:3340} INFO - Setting next_dagrun for dataset_consumes_1 to None, run_after=None
[2024-01-14T15:12:18.754+0000] {logging_mixin.py:120} INFO - [2024-01-14T15:12:18.753+0000] {dag.py:3340} INFO - Setting next_dagrun for dataset_consumes_1_and_2 to None, run_after=None
[2024-01-14T15:12:18.755+0000] {logging_mixin.py:120} INFO - [2024-01-14T15:12:18.755+0000] {dag.py:3340} INFO - Setting next_dagrun for dataset_consumes_1_never_scheduled to None, run_after=None
[2024-01-14T15:12:18.756+0000] {logging_mixin.py:120} INFO - [2024-01-14T15:12:18.756+0000] {dag.py:3340} INFO - Setting next_dagrun for dataset_consumes_unknown_never_scheduled to None, run_after=None
[2024-01-14T15:12:18.758+0000] {logging_mixin.py:120} INFO - [2024-01-14T15:12:18.758+0000] {dag.py:3340} INFO - Setting next_dagrun for dataset_produces_1 to 2024-01-13T00:00:00+00:00, run_after=2024-01-14T00:00:00+00:00
[2024-01-14T15:12:18.759+0000] {logging_mixin.py:120} INFO - [2024-01-14T15:12:18.759+0000] {dag.py:3340} INFO - Setting next_dagrun for dataset_produces_2 to None, run_after=None
[2024-01-14T15:12:18.783+0000] {processor.py:176} INFO - Processing /home/airflow/.local/lib/python3.7/site-packages/airflow/example_dags/example_datasets.py took 0.139 seconds
[2024-01-14T15:12:49.582+0000] {processor.py:154} INFO - Started process (PID=1622) to work on /home/airflow/.local/lib/python3.7/site-packages/airflow/example_dags/example_datasets.py
[2024-01-14T15:12:49.584+0000] {processor.py:756} INFO - Processing file /home/airflow/.local/lib/python3.7/site-packages/airflow/example_dags/example_datasets.py for tasks to queue
[2024-01-14T15:12:49.585+0000] {logging_mixin.py:120} INFO - [2024-01-14T15:12:49.585+0000] {dagbag.py:537} INFO - Filling up the DagBag from /home/airflow/.local/lib/python3.7/site-packages/airflow/example_dags/example_datasets.py
[2024-01-14T15:12:49.604+0000] {processor.py:766} INFO - DAG(s) dict_keys(['dataset_consumes_1_never_scheduled', 'dataset_consumes_1', 'dataset_produces_2', 'dataset_consumes_1_and_2', 'dataset_consumes_unknown_never_scheduled', 'dataset_produces_1']) retrieved from /home/airflow/.local/lib/python3.7/site-packages/airflow/example_dags/example_datasets.py
[2024-01-14T15:12:49.643+0000] {logging_mixin.py:120} INFO - [2024-01-14T15:12:49.643+0000] {dag.py:2585} INFO - Sync 6 DAGs
[2024-01-14T15:12:49.660+0000] {logging_mixin.py:120} INFO - [2024-01-14T15:12:49.660+0000] {dag.py:3340} INFO - Setting next_dagrun for dataset_consumes_1 to None, run_after=None
[2024-01-14T15:12:49.662+0000] {logging_mixin.py:120} INFO - [2024-01-14T15:12:49.662+0000] {dag.py:3340} INFO - Setting next_dagrun for dataset_consumes_1_and_2 to None, run_after=None
[2024-01-14T15:12:49.663+0000] {logging_mixin.py:120} INFO - [2024-01-14T15:12:49.663+0000] {dag.py:3340} INFO - Setting next_dagrun for dataset_consumes_1_never_scheduled to None, run_after=None
[2024-01-14T15:12:49.664+0000] {logging_mixin.py:120} INFO - [2024-01-14T15:12:49.664+0000] {dag.py:3340} INFO - Setting next_dagrun for dataset_consumes_unknown_never_scheduled to None, run_after=None
[2024-01-14T15:12:49.666+0000] {logging_mixin.py:120} INFO - [2024-01-14T15:12:49.666+0000] {dag.py:3340} INFO - Setting next_dagrun for dataset_produces_1 to 2024-01-13T00:00:00+00:00, run_after=2024-01-14T00:00:00+00:00
[2024-01-14T15:12:49.667+0000] {logging_mixin.py:120} INFO - [2024-01-14T15:12:49.667+0000] {dag.py:3340} INFO - Setting next_dagrun for dataset_produces_2 to None, run_after=None
[2024-01-14T15:12:49.683+0000] {processor.py:176} INFO - Processing /home/airflow/.local/lib/python3.7/site-packages/airflow/example_dags/example_datasets.py took 0.106 seconds
[2024-01-14T15:13:20.562+0000] {processor.py:154} INFO - Started process (PID=1676) to work on /home/airflow/.local/lib/python3.7/site-packages/airflow/example_dags/example_datasets.py
[2024-01-14T15:13:20.563+0000] {processor.py:756} INFO - Processing file /home/airflow/.local/lib/python3.7/site-packages/airflow/example_dags/example_datasets.py for tasks to queue
[2024-01-14T15:13:20.563+0000] {logging_mixin.py:120} INFO - [2024-01-14T15:13:20.563+0000] {dagbag.py:537} INFO - Filling up the DagBag from /home/airflow/.local/lib/python3.7/site-packages/airflow/example_dags/example_datasets.py
[2024-01-14T15:13:20.576+0000] {processor.py:766} INFO - DAG(s) dict_keys(['dataset_produces_2', 'dataset_consumes_1_never_scheduled', 'dataset_produces_1', 'dataset_consumes_unknown_never_scheduled', 'dataset_consumes_1', 'dataset_consumes_1_and_2']) retrieved from /home/airflow/.local/lib/python3.7/site-packages/airflow/example_dags/example_datasets.py
[2024-01-14T15:13:20.611+0000] {logging_mixin.py:120} INFO - [2024-01-14T15:13:20.611+0000] {dag.py:2585} INFO - Sync 6 DAGs
[2024-01-14T15:13:20.628+0000] {logging_mixin.py:120} INFO - [2024-01-14T15:13:20.627+0000] {dag.py:3340} INFO - Setting next_dagrun for dataset_consumes_1 to None, run_after=None
[2024-01-14T15:13:20.630+0000] {logging_mixin.py:120} INFO - [2024-01-14T15:13:20.630+0000] {dag.py:3340} INFO - Setting next_dagrun for dataset_consumes_1_and_2 to None, run_after=None
[2024-01-14T15:13:20.630+0000] {logging_mixin.py:120} INFO - [2024-01-14T15:13:20.630+0000] {dag.py:3340} INFO - Setting next_dagrun for dataset_consumes_1_never_scheduled to None, run_after=None
[2024-01-14T15:13:20.631+0000] {logging_mixin.py:120} INFO - [2024-01-14T15:13:20.631+0000] {dag.py:3340} INFO - Setting next_dagrun for dataset_consumes_unknown_never_scheduled to None, run_after=None
[2024-01-14T15:13:20.633+0000] {logging_mixin.py:120} INFO - [2024-01-14T15:13:20.633+0000] {dag.py:3340} INFO - Setting next_dagrun for dataset_produces_1 to 2024-01-13T00:00:00+00:00, run_after=2024-01-14T00:00:00+00:00
[2024-01-14T15:13:20.634+0000] {logging_mixin.py:120} INFO - [2024-01-14T15:13:20.634+0000] {dag.py:3340} INFO - Setting next_dagrun for dataset_produces_2 to None, run_after=None
[2024-01-14T15:13:20.649+0000] {processor.py:176} INFO - Processing /home/airflow/.local/lib/python3.7/site-packages/airflow/example_dags/example_datasets.py took 0.090 seconds
[2024-01-14T15:13:51.512+0000] {processor.py:154} INFO - Started process (PID=1739) to work on /home/airflow/.local/lib/python3.7/site-packages/airflow/example_dags/example_datasets.py
[2024-01-14T15:13:51.513+0000] {processor.py:756} INFO - Processing file /home/airflow/.local/lib/python3.7/site-packages/airflow/example_dags/example_datasets.py for tasks to queue
[2024-01-14T15:13:51.513+0000] {logging_mixin.py:120} INFO - [2024-01-14T15:13:51.513+0000] {dagbag.py:537} INFO - Filling up the DagBag from /home/airflow/.local/lib/python3.7/site-packages/airflow/example_dags/example_datasets.py
[2024-01-14T15:13:51.526+0000] {processor.py:766} INFO - DAG(s) dict_keys(['dataset_produces_1', 'dataset_consumes_1', 'dataset_consumes_unknown_never_scheduled', 'dataset_consumes_1_and_2', 'dataset_produces_2', 'dataset_consumes_1_never_scheduled']) retrieved from /home/airflow/.local/lib/python3.7/site-packages/airflow/example_dags/example_datasets.py
[2024-01-14T15:13:51.559+0000] {logging_mixin.py:120} INFO - [2024-01-14T15:13:51.559+0000] {dag.py:2585} INFO - Sync 6 DAGs
[2024-01-14T15:13:51.574+0000] {logging_mixin.py:120} INFO - [2024-01-14T15:13:51.574+0000] {dag.py:3340} INFO - Setting next_dagrun for dataset_consumes_1 to None, run_after=None
[2024-01-14T15:13:51.576+0000] {logging_mixin.py:120} INFO - [2024-01-14T15:13:51.576+0000] {dag.py:3340} INFO - Setting next_dagrun for dataset_consumes_1_and_2 to None, run_after=None
[2024-01-14T15:13:51.577+0000] {logging_mixin.py:120} INFO - [2024-01-14T15:13:51.577+0000] {dag.py:3340} INFO - Setting next_dagrun for dataset_consumes_1_never_scheduled to None, run_after=None
[2024-01-14T15:13:51.578+0000] {logging_mixin.py:120} INFO - [2024-01-14T15:13:51.578+0000] {dag.py:3340} INFO - Setting next_dagrun for dataset_consumes_unknown_never_scheduled to None, run_after=None
[2024-01-14T15:13:51.580+0000] {logging_mixin.py:120} INFO - [2024-01-14T15:13:51.579+0000] {dag.py:3340} INFO - Setting next_dagrun for dataset_produces_1 to 2024-01-13T00:00:00+00:00, run_after=2024-01-14T00:00:00+00:00
[2024-01-14T15:13:51.580+0000] {logging_mixin.py:120} INFO - [2024-01-14T15:13:51.580+0000] {dag.py:3340} INFO - Setting next_dagrun for dataset_produces_2 to None, run_after=None
[2024-01-14T15:13:51.596+0000] {processor.py:176} INFO - Processing /home/airflow/.local/lib/python3.7/site-packages/airflow/example_dags/example_datasets.py took 0.087 seconds
