[2024-01-14T14:59:58.926+0000] {processor.py:154} INFO - Started process (PID=56) to work on /home/airflow/.local/lib/python3.7/site-packages/airflow/example_dags/example_skip_dag.py
[2024-01-14T14:59:58.927+0000] {processor.py:756} INFO - Processing file /home/airflow/.local/lib/python3.7/site-packages/airflow/example_dags/example_skip_dag.py for tasks to queue
[2024-01-14T14:59:58.928+0000] {logging_mixin.py:120} INFO - [2024-01-14T14:59:58.928+0000] {dagbag.py:537} INFO - Filling up the DagBag from /home/airflow/.local/lib/python3.7/site-packages/airflow/example_dags/example_skip_dag.py
[2024-01-14T14:59:58.959+0000] {processor.py:766} INFO - DAG(s) dict_keys(['example_skip_dag']) retrieved from /home/airflow/.local/lib/python3.7/site-packages/airflow/example_dags/example_skip_dag.py
[2024-01-14T14:59:59.123+0000] {logging_mixin.py:120} INFO - [2024-01-14T14:59:59.123+0000] {manager.py:507} INFO - Created Permission View: can read on DAG:example_skip_dag
[2024-01-14T14:59:59.138+0000] {logging_mixin.py:120} INFO - [2024-01-14T14:59:59.138+0000] {manager.py:507} INFO - Created Permission View: can edit on DAG:example_skip_dag
[2024-01-14T14:59:59.145+0000] {logging_mixin.py:120} INFO - [2024-01-14T14:59:59.145+0000] {manager.py:507} INFO - Created Permission View: can delete on DAG:example_skip_dag
[2024-01-14T14:59:59.146+0000] {logging_mixin.py:120} INFO - [2024-01-14T14:59:59.146+0000] {dag.py:2585} INFO - Sync 1 DAGs
[2024-01-14T14:59:59.165+0000] {logging_mixin.py:120} INFO - [2024-01-14T14:59:59.165+0000] {dag.py:2606} INFO - Creating ORM DAG for example_skip_dag
[2024-01-14T14:59:59.181+0000] {logging_mixin.py:120} INFO - [2024-01-14T14:59:59.181+0000] {dag.py:3340} INFO - Setting next_dagrun for example_skip_dag to 2024-01-13T14:59:59.181096+00:00, run_after=2024-01-14T14:59:59.181096+00:00
[2024-01-14T14:59:59.208+0000] {processor.py:176} INFO - Processing /home/airflow/.local/lib/python3.7/site-packages/airflow/example_dags/example_skip_dag.py took 0.285 seconds
[2024-01-14T15:00:29.704+0000] {processor.py:154} INFO - Started process (PID=118) to work on /home/airflow/.local/lib/python3.7/site-packages/airflow/example_dags/example_skip_dag.py
[2024-01-14T15:00:29.705+0000] {processor.py:756} INFO - Processing file /home/airflow/.local/lib/python3.7/site-packages/airflow/example_dags/example_skip_dag.py for tasks to queue
[2024-01-14T15:00:29.705+0000] {logging_mixin.py:120} INFO - [2024-01-14T15:00:29.705+0000] {dagbag.py:537} INFO - Filling up the DagBag from /home/airflow/.local/lib/python3.7/site-packages/airflow/example_dags/example_skip_dag.py
[2024-01-14T15:00:29.716+0000] {processor.py:766} INFO - DAG(s) dict_keys(['example_skip_dag']) retrieved from /home/airflow/.local/lib/python3.7/site-packages/airflow/example_dags/example_skip_dag.py
[2024-01-14T15:00:29.741+0000] {logging_mixin.py:120} INFO - [2024-01-14T15:00:29.741+0000] {dag.py:2585} INFO - Sync 1 DAGs
[2024-01-14T15:00:29.756+0000] {logging_mixin.py:120} INFO - [2024-01-14T15:00:29.756+0000] {dag.py:3340} INFO - Setting next_dagrun for example_skip_dag to 2024-01-13T15:00:29.756128+00:00, run_after=2024-01-14T15:00:29.756128+00:00
[2024-01-14T15:00:29.768+0000] {processor.py:176} INFO - Processing /home/airflow/.local/lib/python3.7/site-packages/airflow/example_dags/example_skip_dag.py took 0.066 seconds
[2024-01-14T15:00:59.871+0000] {processor.py:154} INFO - Started process (PID=181) to work on /home/airflow/.local/lib/python3.7/site-packages/airflow/example_dags/example_skip_dag.py
[2024-01-14T15:00:59.872+0000] {processor.py:756} INFO - Processing file /home/airflow/.local/lib/python3.7/site-packages/airflow/example_dags/example_skip_dag.py for tasks to queue
[2024-01-14T15:00:59.872+0000] {logging_mixin.py:120} INFO - [2024-01-14T15:00:59.872+0000] {dagbag.py:537} INFO - Filling up the DagBag from /home/airflow/.local/lib/python3.7/site-packages/airflow/example_dags/example_skip_dag.py
[2024-01-14T15:00:59.883+0000] {processor.py:766} INFO - DAG(s) dict_keys(['example_skip_dag']) retrieved from /home/airflow/.local/lib/python3.7/site-packages/airflow/example_dags/example_skip_dag.py
[2024-01-14T15:00:59.907+0000] {logging_mixin.py:120} INFO - [2024-01-14T15:00:59.907+0000] {dag.py:2585} INFO - Sync 1 DAGs
[2024-01-14T15:00:59.923+0000] {logging_mixin.py:120} INFO - [2024-01-14T15:00:59.923+0000] {dag.py:3340} INFO - Setting next_dagrun for example_skip_dag to 2024-01-13T15:00:59.923145+00:00, run_after=2024-01-14T15:00:59.923145+00:00
[2024-01-14T15:00:59.934+0000] {processor.py:176} INFO - Processing /home/airflow/.local/lib/python3.7/site-packages/airflow/example_dags/example_skip_dag.py took 0.065 seconds
[2024-01-14T15:01:30.870+0000] {processor.py:154} INFO - Started process (PID=245) to work on /home/airflow/.local/lib/python3.7/site-packages/airflow/example_dags/example_skip_dag.py
[2024-01-14T15:01:30.871+0000] {processor.py:756} INFO - Processing file /home/airflow/.local/lib/python3.7/site-packages/airflow/example_dags/example_skip_dag.py for tasks to queue
[2024-01-14T15:01:30.871+0000] {logging_mixin.py:120} INFO - [2024-01-14T15:01:30.871+0000] {dagbag.py:537} INFO - Filling up the DagBag from /home/airflow/.local/lib/python3.7/site-packages/airflow/example_dags/example_skip_dag.py
[2024-01-14T15:01:30.881+0000] {processor.py:766} INFO - DAG(s) dict_keys(['example_skip_dag']) retrieved from /home/airflow/.local/lib/python3.7/site-packages/airflow/example_dags/example_skip_dag.py
[2024-01-14T15:01:30.909+0000] {logging_mixin.py:120} INFO - [2024-01-14T15:01:30.909+0000] {dag.py:2585} INFO - Sync 1 DAGs
[2024-01-14T15:01:30.926+0000] {logging_mixin.py:120} INFO - [2024-01-14T15:01:30.926+0000] {dag.py:3340} INFO - Setting next_dagrun for example_skip_dag to 2024-01-13T15:01:30.925849+00:00, run_after=2024-01-14T15:01:30.925849+00:00
[2024-01-14T15:01:30.937+0000] {processor.py:176} INFO - Processing /home/airflow/.local/lib/python3.7/site-packages/airflow/example_dags/example_skip_dag.py took 0.069 seconds
[2024-01-14T15:02:01.107+0000] {processor.py:154} INFO - Started process (PID=308) to work on /home/airflow/.local/lib/python3.7/site-packages/airflow/example_dags/example_skip_dag.py
[2024-01-14T15:02:01.108+0000] {processor.py:756} INFO - Processing file /home/airflow/.local/lib/python3.7/site-packages/airflow/example_dags/example_skip_dag.py for tasks to queue
[2024-01-14T15:02:01.108+0000] {logging_mixin.py:120} INFO - [2024-01-14T15:02:01.108+0000] {dagbag.py:537} INFO - Filling up the DagBag from /home/airflow/.local/lib/python3.7/site-packages/airflow/example_dags/example_skip_dag.py
[2024-01-14T15:02:01.118+0000] {processor.py:766} INFO - DAG(s) dict_keys(['example_skip_dag']) retrieved from /home/airflow/.local/lib/python3.7/site-packages/airflow/example_dags/example_skip_dag.py
[2024-01-14T15:02:01.144+0000] {logging_mixin.py:120} INFO - [2024-01-14T15:02:01.144+0000] {dag.py:2585} INFO - Sync 1 DAGs
[2024-01-14T15:02:01.159+0000] {logging_mixin.py:120} INFO - [2024-01-14T15:02:01.159+0000] {dag.py:3340} INFO - Setting next_dagrun for example_skip_dag to 2024-01-13T15:02:01.159583+00:00, run_after=2024-01-14T15:02:01.159583+00:00
[2024-01-14T15:02:01.171+0000] {processor.py:176} INFO - Processing /home/airflow/.local/lib/python3.7/site-packages/airflow/example_dags/example_skip_dag.py took 0.066 seconds
[2024-01-14T15:02:31.227+0000] {processor.py:154} INFO - Started process (PID=362) to work on /home/airflow/.local/lib/python3.7/site-packages/airflow/example_dags/example_skip_dag.py
[2024-01-14T15:02:31.228+0000] {processor.py:756} INFO - Processing file /home/airflow/.local/lib/python3.7/site-packages/airflow/example_dags/example_skip_dag.py for tasks to queue
[2024-01-14T15:02:31.229+0000] {logging_mixin.py:120} INFO - [2024-01-14T15:02:31.229+0000] {dagbag.py:537} INFO - Filling up the DagBag from /home/airflow/.local/lib/python3.7/site-packages/airflow/example_dags/example_skip_dag.py
[2024-01-14T15:02:31.239+0000] {processor.py:766} INFO - DAG(s) dict_keys(['example_skip_dag']) retrieved from /home/airflow/.local/lib/python3.7/site-packages/airflow/example_dags/example_skip_dag.py
[2024-01-14T15:02:31.266+0000] {logging_mixin.py:120} INFO - [2024-01-14T15:02:31.266+0000] {dag.py:2585} INFO - Sync 1 DAGs
[2024-01-14T15:02:31.282+0000] {logging_mixin.py:120} INFO - [2024-01-14T15:02:31.282+0000] {dag.py:3340} INFO - Setting next_dagrun for example_skip_dag to 2024-01-13T15:02:31.281977+00:00, run_after=2024-01-14T15:02:31.281977+00:00
[2024-01-14T15:02:31.294+0000] {processor.py:176} INFO - Processing /home/airflow/.local/lib/python3.7/site-packages/airflow/example_dags/example_skip_dag.py took 0.069 seconds
[2024-01-14T15:03:01.401+0000] {processor.py:154} INFO - Started process (PID=425) to work on /home/airflow/.local/lib/python3.7/site-packages/airflow/example_dags/example_skip_dag.py
[2024-01-14T15:03:01.402+0000] {processor.py:756} INFO - Processing file /home/airflow/.local/lib/python3.7/site-packages/airflow/example_dags/example_skip_dag.py for tasks to queue
[2024-01-14T15:03:01.402+0000] {logging_mixin.py:120} INFO - [2024-01-14T15:03:01.402+0000] {dagbag.py:537} INFO - Filling up the DagBag from /home/airflow/.local/lib/python3.7/site-packages/airflow/example_dags/example_skip_dag.py
[2024-01-14T15:03:01.413+0000] {processor.py:766} INFO - DAG(s) dict_keys(['example_skip_dag']) retrieved from /home/airflow/.local/lib/python3.7/site-packages/airflow/example_dags/example_skip_dag.py
[2024-01-14T15:03:01.441+0000] {logging_mixin.py:120} INFO - [2024-01-14T15:03:01.441+0000] {dag.py:2585} INFO - Sync 1 DAGs
[2024-01-14T15:03:01.457+0000] {logging_mixin.py:120} INFO - [2024-01-14T15:03:01.457+0000] {dag.py:3340} INFO - Setting next_dagrun for example_skip_dag to 2024-01-13T15:03:01.457006+00:00, run_after=2024-01-14T15:03:01.457006+00:00
[2024-01-14T15:03:01.468+0000] {processor.py:176} INFO - Processing /home/airflow/.local/lib/python3.7/site-packages/airflow/example_dags/example_skip_dag.py took 0.069 seconds
[2024-01-14T15:03:31.517+0000] {processor.py:154} INFO - Started process (PID=487) to work on /home/airflow/.local/lib/python3.7/site-packages/airflow/example_dags/example_skip_dag.py
[2024-01-14T15:03:31.518+0000] {processor.py:756} INFO - Processing file /home/airflow/.local/lib/python3.7/site-packages/airflow/example_dags/example_skip_dag.py for tasks to queue
[2024-01-14T15:03:31.519+0000] {logging_mixin.py:120} INFO - [2024-01-14T15:03:31.519+0000] {dagbag.py:537} INFO - Filling up the DagBag from /home/airflow/.local/lib/python3.7/site-packages/airflow/example_dags/example_skip_dag.py
[2024-01-14T15:03:31.532+0000] {processor.py:766} INFO - DAG(s) dict_keys(['example_skip_dag']) retrieved from /home/airflow/.local/lib/python3.7/site-packages/airflow/example_dags/example_skip_dag.py
[2024-01-14T15:03:31.563+0000] {logging_mixin.py:120} INFO - [2024-01-14T15:03:31.563+0000] {dag.py:2585} INFO - Sync 1 DAGs
[2024-01-14T15:03:31.580+0000] {logging_mixin.py:120} INFO - [2024-01-14T15:03:31.580+0000] {dag.py:3340} INFO - Setting next_dagrun for example_skip_dag to 2024-01-13T15:03:31.579901+00:00, run_after=2024-01-14T15:03:31.579901+00:00
[2024-01-14T15:03:31.592+0000] {processor.py:176} INFO - Processing /home/airflow/.local/lib/python3.7/site-packages/airflow/example_dags/example_skip_dag.py took 0.077 seconds
[2024-01-14T15:04:02.523+0000] {processor.py:154} INFO - Started process (PID=551) to work on /home/airflow/.local/lib/python3.7/site-packages/airflow/example_dags/example_skip_dag.py
[2024-01-14T15:04:02.524+0000] {processor.py:756} INFO - Processing file /home/airflow/.local/lib/python3.7/site-packages/airflow/example_dags/example_skip_dag.py for tasks to queue
[2024-01-14T15:04:02.525+0000] {logging_mixin.py:120} INFO - [2024-01-14T15:04:02.524+0000] {dagbag.py:537} INFO - Filling up the DagBag from /home/airflow/.local/lib/python3.7/site-packages/airflow/example_dags/example_skip_dag.py
[2024-01-14T15:04:02.535+0000] {processor.py:766} INFO - DAG(s) dict_keys(['example_skip_dag']) retrieved from /home/airflow/.local/lib/python3.7/site-packages/airflow/example_dags/example_skip_dag.py
[2024-01-14T15:04:02.564+0000] {logging_mixin.py:120} INFO - [2024-01-14T15:04:02.564+0000] {dag.py:2585} INFO - Sync 1 DAGs
[2024-01-14T15:04:02.580+0000] {logging_mixin.py:120} INFO - [2024-01-14T15:04:02.580+0000] {dag.py:3340} INFO - Setting next_dagrun for example_skip_dag to 2024-01-13T15:04:02.579811+00:00, run_after=2024-01-14T15:04:02.579811+00:00
[2024-01-14T15:04:02.591+0000] {processor.py:176} INFO - Processing /home/airflow/.local/lib/python3.7/site-packages/airflow/example_dags/example_skip_dag.py took 0.070 seconds
[2024-01-14T15:04:33.450+0000] {processor.py:154} INFO - Started process (PID=614) to work on /home/airflow/.local/lib/python3.7/site-packages/airflow/example_dags/example_skip_dag.py
[2024-01-14T15:04:33.451+0000] {processor.py:756} INFO - Processing file /home/airflow/.local/lib/python3.7/site-packages/airflow/example_dags/example_skip_dag.py for tasks to queue
[2024-01-14T15:04:33.451+0000] {logging_mixin.py:120} INFO - [2024-01-14T15:04:33.451+0000] {dagbag.py:537} INFO - Filling up the DagBag from /home/airflow/.local/lib/python3.7/site-packages/airflow/example_dags/example_skip_dag.py
[2024-01-14T15:04:33.462+0000] {processor.py:766} INFO - DAG(s) dict_keys(['example_skip_dag']) retrieved from /home/airflow/.local/lib/python3.7/site-packages/airflow/example_dags/example_skip_dag.py
[2024-01-14T15:04:33.491+0000] {logging_mixin.py:120} INFO - [2024-01-14T15:04:33.491+0000] {dag.py:2585} INFO - Sync 1 DAGs
[2024-01-14T15:04:33.508+0000] {logging_mixin.py:120} INFO - [2024-01-14T15:04:33.507+0000] {dag.py:3340} INFO - Setting next_dagrun for example_skip_dag to 2024-01-13T15:04:33.507803+00:00, run_after=2024-01-14T15:04:33.507803+00:00
[2024-01-14T15:04:33.520+0000] {processor.py:176} INFO - Processing /home/airflow/.local/lib/python3.7/site-packages/airflow/example_dags/example_skip_dag.py took 0.072 seconds
[2024-01-14T15:05:03.676+0000] {processor.py:154} INFO - Started process (PID=677) to work on /home/airflow/.local/lib/python3.7/site-packages/airflow/example_dags/example_skip_dag.py
[2024-01-14T15:05:03.676+0000] {processor.py:756} INFO - Processing file /home/airflow/.local/lib/python3.7/site-packages/airflow/example_dags/example_skip_dag.py for tasks to queue
[2024-01-14T15:05:03.677+0000] {logging_mixin.py:120} INFO - [2024-01-14T15:05:03.677+0000] {dagbag.py:537} INFO - Filling up the DagBag from /home/airflow/.local/lib/python3.7/site-packages/airflow/example_dags/example_skip_dag.py
[2024-01-14T15:05:03.687+0000] {processor.py:766} INFO - DAG(s) dict_keys(['example_skip_dag']) retrieved from /home/airflow/.local/lib/python3.7/site-packages/airflow/example_dags/example_skip_dag.py
[2024-01-14T15:05:03.712+0000] {logging_mixin.py:120} INFO - [2024-01-14T15:05:03.712+0000] {dag.py:2585} INFO - Sync 1 DAGs
[2024-01-14T15:05:03.728+0000] {logging_mixin.py:120} INFO - [2024-01-14T15:05:03.728+0000] {dag.py:3340} INFO - Setting next_dagrun for example_skip_dag to 2024-01-13T15:05:03.728139+00:00, run_after=2024-01-14T15:05:03.728139+00:00
[2024-01-14T15:05:03.739+0000] {processor.py:176} INFO - Processing /home/airflow/.local/lib/python3.7/site-packages/airflow/example_dags/example_skip_dag.py took 0.065 seconds
[2024-01-14T15:05:34.814+0000] {processor.py:154} INFO - Started process (PID=731) to work on /home/airflow/.local/lib/python3.7/site-packages/airflow/example_dags/example_skip_dag.py
[2024-01-14T15:05:34.814+0000] {processor.py:756} INFO - Processing file /home/airflow/.local/lib/python3.7/site-packages/airflow/example_dags/example_skip_dag.py for tasks to queue
[2024-01-14T15:05:34.815+0000] {logging_mixin.py:120} INFO - [2024-01-14T15:05:34.815+0000] {dagbag.py:537} INFO - Filling up the DagBag from /home/airflow/.local/lib/python3.7/site-packages/airflow/example_dags/example_skip_dag.py
[2024-01-14T15:05:34.824+0000] {processor.py:766} INFO - DAG(s) dict_keys(['example_skip_dag']) retrieved from /home/airflow/.local/lib/python3.7/site-packages/airflow/example_dags/example_skip_dag.py
[2024-01-14T15:05:34.851+0000] {logging_mixin.py:120} INFO - [2024-01-14T15:05:34.851+0000] {dag.py:2585} INFO - Sync 1 DAGs
[2024-01-14T15:05:34.867+0000] {logging_mixin.py:120} INFO - [2024-01-14T15:05:34.867+0000] {dag.py:3340} INFO - Setting next_dagrun for example_skip_dag to 2024-01-13T15:05:34.867386+00:00, run_after=2024-01-14T15:05:34.867386+00:00
[2024-01-14T15:05:34.879+0000] {processor.py:176} INFO - Processing /home/airflow/.local/lib/python3.7/site-packages/airflow/example_dags/example_skip_dag.py took 0.068 seconds
[2024-01-14T15:06:05.695+0000] {processor.py:154} INFO - Started process (PID=794) to work on /home/airflow/.local/lib/python3.7/site-packages/airflow/example_dags/example_skip_dag.py
[2024-01-14T15:06:05.695+0000] {processor.py:756} INFO - Processing file /home/airflow/.local/lib/python3.7/site-packages/airflow/example_dags/example_skip_dag.py for tasks to queue
[2024-01-14T15:06:05.696+0000] {logging_mixin.py:120} INFO - [2024-01-14T15:06:05.696+0000] {dagbag.py:537} INFO - Filling up the DagBag from /home/airflow/.local/lib/python3.7/site-packages/airflow/example_dags/example_skip_dag.py
[2024-01-14T15:06:05.706+0000] {processor.py:766} INFO - DAG(s) dict_keys(['example_skip_dag']) retrieved from /home/airflow/.local/lib/python3.7/site-packages/airflow/example_dags/example_skip_dag.py
[2024-01-14T15:06:05.733+0000] {logging_mixin.py:120} INFO - [2024-01-14T15:06:05.733+0000] {dag.py:2585} INFO - Sync 1 DAGs
[2024-01-14T15:06:05.748+0000] {logging_mixin.py:120} INFO - [2024-01-14T15:06:05.748+0000] {dag.py:3340} INFO - Setting next_dagrun for example_skip_dag to 2024-01-13T15:06:05.748286+00:00, run_after=2024-01-14T15:06:05.748286+00:00
[2024-01-14T15:06:05.759+0000] {processor.py:176} INFO - Processing /home/airflow/.local/lib/python3.7/site-packages/airflow/example_dags/example_skip_dag.py took 0.067 seconds
[2024-01-14T15:06:36.680+0000] {processor.py:154} INFO - Started process (PID=857) to work on /home/airflow/.local/lib/python3.7/site-packages/airflow/example_dags/example_skip_dag.py
[2024-01-14T15:06:36.680+0000] {processor.py:756} INFO - Processing file /home/airflow/.local/lib/python3.7/site-packages/airflow/example_dags/example_skip_dag.py for tasks to queue
[2024-01-14T15:06:36.681+0000] {logging_mixin.py:120} INFO - [2024-01-14T15:06:36.681+0000] {dagbag.py:537} INFO - Filling up the DagBag from /home/airflow/.local/lib/python3.7/site-packages/airflow/example_dags/example_skip_dag.py
[2024-01-14T15:06:36.691+0000] {processor.py:766} INFO - DAG(s) dict_keys(['example_skip_dag']) retrieved from /home/airflow/.local/lib/python3.7/site-packages/airflow/example_dags/example_skip_dag.py
[2024-01-14T15:06:36.718+0000] {logging_mixin.py:120} INFO - [2024-01-14T15:06:36.718+0000] {dag.py:2585} INFO - Sync 1 DAGs
[2024-01-14T15:06:36.734+0000] {logging_mixin.py:120} INFO - [2024-01-14T15:06:36.734+0000] {dag.py:3340} INFO - Setting next_dagrun for example_skip_dag to 2024-01-13T15:06:36.734447+00:00, run_after=2024-01-14T15:06:36.734447+00:00
[2024-01-14T15:06:36.749+0000] {processor.py:176} INFO - Processing /home/airflow/.local/lib/python3.7/site-packages/airflow/example_dags/example_skip_dag.py took 0.071 seconds
[2024-01-14T15:07:06.859+0000] {processor.py:154} INFO - Started process (PID=920) to work on /home/airflow/.local/lib/python3.7/site-packages/airflow/example_dags/example_skip_dag.py
[2024-01-14T15:07:06.860+0000] {processor.py:756} INFO - Processing file /home/airflow/.local/lib/python3.7/site-packages/airflow/example_dags/example_skip_dag.py for tasks to queue
[2024-01-14T15:07:06.861+0000] {logging_mixin.py:120} INFO - [2024-01-14T15:07:06.861+0000] {dagbag.py:537} INFO - Filling up the DagBag from /home/airflow/.local/lib/python3.7/site-packages/airflow/example_dags/example_skip_dag.py
[2024-01-14T15:07:06.870+0000] {processor.py:766} INFO - DAG(s) dict_keys(['example_skip_dag']) retrieved from /home/airflow/.local/lib/python3.7/site-packages/airflow/example_dags/example_skip_dag.py
[2024-01-14T15:07:06.896+0000] {logging_mixin.py:120} INFO - [2024-01-14T15:07:06.896+0000] {dag.py:2585} INFO - Sync 1 DAGs
[2024-01-14T15:07:06.912+0000] {logging_mixin.py:120} INFO - [2024-01-14T15:07:06.912+0000] {dag.py:3340} INFO - Setting next_dagrun for example_skip_dag to 2024-01-13T15:07:06.912057+00:00, run_after=2024-01-14T15:07:06.912057+00:00
[2024-01-14T15:07:06.923+0000] {processor.py:176} INFO - Processing /home/airflow/.local/lib/python3.7/site-packages/airflow/example_dags/example_skip_dag.py took 0.067 seconds
[2024-01-14T15:07:37.702+0000] {processor.py:154} INFO - Started process (PID=982) to work on /home/airflow/.local/lib/python3.7/site-packages/airflow/example_dags/example_skip_dag.py
[2024-01-14T15:07:37.703+0000] {processor.py:756} INFO - Processing file /home/airflow/.local/lib/python3.7/site-packages/airflow/example_dags/example_skip_dag.py for tasks to queue
[2024-01-14T15:07:37.703+0000] {logging_mixin.py:120} INFO - [2024-01-14T15:07:37.703+0000] {dagbag.py:537} INFO - Filling up the DagBag from /home/airflow/.local/lib/python3.7/site-packages/airflow/example_dags/example_skip_dag.py
[2024-01-14T15:07:37.714+0000] {processor.py:766} INFO - DAG(s) dict_keys(['example_skip_dag']) retrieved from /home/airflow/.local/lib/python3.7/site-packages/airflow/example_dags/example_skip_dag.py
[2024-01-14T15:07:37.744+0000] {logging_mixin.py:120} INFO - [2024-01-14T15:07:37.744+0000] {dag.py:2585} INFO - Sync 1 DAGs
[2024-01-14T15:07:37.761+0000] {logging_mixin.py:120} INFO - [2024-01-14T15:07:37.760+0000] {dag.py:3340} INFO - Setting next_dagrun for example_skip_dag to 2024-01-13T15:07:37.760750+00:00, run_after=2024-01-14T15:07:37.760750+00:00
[2024-01-14T15:07:37.773+0000] {processor.py:176} INFO - Processing /home/airflow/.local/lib/python3.7/site-packages/airflow/example_dags/example_skip_dag.py took 0.074 seconds
[2024-01-14T15:08:07.935+0000] {processor.py:154} INFO - Started process (PID=1045) to work on /home/airflow/.local/lib/python3.7/site-packages/airflow/example_dags/example_skip_dag.py
[2024-01-14T15:08:07.935+0000] {processor.py:756} INFO - Processing file /home/airflow/.local/lib/python3.7/site-packages/airflow/example_dags/example_skip_dag.py for tasks to queue
[2024-01-14T15:08:07.936+0000] {logging_mixin.py:120} INFO - [2024-01-14T15:08:07.936+0000] {dagbag.py:537} INFO - Filling up the DagBag from /home/airflow/.local/lib/python3.7/site-packages/airflow/example_dags/example_skip_dag.py
[2024-01-14T15:08:07.947+0000] {processor.py:766} INFO - DAG(s) dict_keys(['example_skip_dag']) retrieved from /home/airflow/.local/lib/python3.7/site-packages/airflow/example_dags/example_skip_dag.py
[2024-01-14T15:08:07.974+0000] {logging_mixin.py:120} INFO - [2024-01-14T15:08:07.974+0000] {dag.py:2585} INFO - Sync 1 DAGs
[2024-01-14T15:08:07.989+0000] {logging_mixin.py:120} INFO - [2024-01-14T15:08:07.989+0000] {dag.py:3340} INFO - Setting next_dagrun for example_skip_dag to 2024-01-13T15:08:07.989454+00:00, run_after=2024-01-14T15:08:07.989454+00:00
[2024-01-14T15:08:08.000+0000] {processor.py:176} INFO - Processing /home/airflow/.local/lib/python3.7/site-packages/airflow/example_dags/example_skip_dag.py took 0.069 seconds
[2024-01-14T15:08:38.968+0000] {processor.py:154} INFO - Started process (PID=1099) to work on /home/airflow/.local/lib/python3.7/site-packages/airflow/example_dags/example_skip_dag.py
[2024-01-14T15:08:38.968+0000] {processor.py:756} INFO - Processing file /home/airflow/.local/lib/python3.7/site-packages/airflow/example_dags/example_skip_dag.py for tasks to queue
[2024-01-14T15:08:38.969+0000] {logging_mixin.py:120} INFO - [2024-01-14T15:08:38.969+0000] {dagbag.py:537} INFO - Filling up the DagBag from /home/airflow/.local/lib/python3.7/site-packages/airflow/example_dags/example_skip_dag.py
[2024-01-14T15:08:38.978+0000] {processor.py:766} INFO - DAG(s) dict_keys(['example_skip_dag']) retrieved from /home/airflow/.local/lib/python3.7/site-packages/airflow/example_dags/example_skip_dag.py
[2024-01-14T15:08:39.005+0000] {logging_mixin.py:120} INFO - [2024-01-14T15:08:39.005+0000] {dag.py:2585} INFO - Sync 1 DAGs
[2024-01-14T15:08:39.020+0000] {logging_mixin.py:120} INFO - [2024-01-14T15:08:39.020+0000] {dag.py:3340} INFO - Setting next_dagrun for example_skip_dag to 2024-01-13T15:08:39.020081+00:00, run_after=2024-01-14T15:08:39.020081+00:00
[2024-01-14T15:08:39.031+0000] {processor.py:176} INFO - Processing /home/airflow/.local/lib/python3.7/site-packages/airflow/example_dags/example_skip_dag.py took 0.066 seconds
[2024-01-14T15:09:09.932+0000] {processor.py:154} INFO - Started process (PID=1162) to work on /home/airflow/.local/lib/python3.7/site-packages/airflow/example_dags/example_skip_dag.py
[2024-01-14T15:09:09.933+0000] {processor.py:756} INFO - Processing file /home/airflow/.local/lib/python3.7/site-packages/airflow/example_dags/example_skip_dag.py for tasks to queue
[2024-01-14T15:09:09.933+0000] {logging_mixin.py:120} INFO - [2024-01-14T15:09:09.933+0000] {dagbag.py:537} INFO - Filling up the DagBag from /home/airflow/.local/lib/python3.7/site-packages/airflow/example_dags/example_skip_dag.py
[2024-01-14T15:09:09.943+0000] {processor.py:766} INFO - DAG(s) dict_keys(['example_skip_dag']) retrieved from /home/airflow/.local/lib/python3.7/site-packages/airflow/example_dags/example_skip_dag.py
[2024-01-14T15:09:09.969+0000] {logging_mixin.py:120} INFO - [2024-01-14T15:09:09.969+0000] {dag.py:2585} INFO - Sync 1 DAGs
[2024-01-14T15:09:09.985+0000] {logging_mixin.py:120} INFO - [2024-01-14T15:09:09.985+0000] {dag.py:3340} INFO - Setting next_dagrun for example_skip_dag to 2024-01-13T15:09:09.985711+00:00, run_after=2024-01-14T15:09:09.985711+00:00
[2024-01-14T15:09:09.996+0000] {processor.py:176} INFO - Processing /home/airflow/.local/lib/python3.7/site-packages/airflow/example_dags/example_skip_dag.py took 0.067 seconds
[2024-01-14T15:09:40.847+0000] {processor.py:154} INFO - Started process (PID=1225) to work on /home/airflow/.local/lib/python3.7/site-packages/airflow/example_dags/example_skip_dag.py
[2024-01-14T15:09:40.848+0000] {processor.py:756} INFO - Processing file /home/airflow/.local/lib/python3.7/site-packages/airflow/example_dags/example_skip_dag.py for tasks to queue
[2024-01-14T15:09:40.849+0000] {logging_mixin.py:120} INFO - [2024-01-14T15:09:40.849+0000] {dagbag.py:537} INFO - Filling up the DagBag from /home/airflow/.local/lib/python3.7/site-packages/airflow/example_dags/example_skip_dag.py
[2024-01-14T15:09:40.858+0000] {processor.py:766} INFO - DAG(s) dict_keys(['example_skip_dag']) retrieved from /home/airflow/.local/lib/python3.7/site-packages/airflow/example_dags/example_skip_dag.py
[2024-01-14T15:09:40.887+0000] {logging_mixin.py:120} INFO - [2024-01-14T15:09:40.887+0000] {dag.py:2585} INFO - Sync 1 DAGs
[2024-01-14T15:09:40.902+0000] {logging_mixin.py:120} INFO - [2024-01-14T15:09:40.902+0000] {dag.py:3340} INFO - Setting next_dagrun for example_skip_dag to 2024-01-13T15:09:40.902730+00:00, run_after=2024-01-14T15:09:40.902730+00:00
[2024-01-14T15:09:40.915+0000] {processor.py:176} INFO - Processing /home/airflow/.local/lib/python3.7/site-packages/airflow/example_dags/example_skip_dag.py took 0.070 seconds
[2024-01-14T15:10:11.873+0000] {processor.py:154} INFO - Started process (PID=1288) to work on /home/airflow/.local/lib/python3.7/site-packages/airflow/example_dags/example_skip_dag.py
[2024-01-14T15:10:11.874+0000] {processor.py:756} INFO - Processing file /home/airflow/.local/lib/python3.7/site-packages/airflow/example_dags/example_skip_dag.py for tasks to queue
[2024-01-14T15:10:11.875+0000] {logging_mixin.py:120} INFO - [2024-01-14T15:10:11.874+0000] {dagbag.py:537} INFO - Filling up the DagBag from /home/airflow/.local/lib/python3.7/site-packages/airflow/example_dags/example_skip_dag.py
[2024-01-14T15:10:11.884+0000] {processor.py:766} INFO - DAG(s) dict_keys(['example_skip_dag']) retrieved from /home/airflow/.local/lib/python3.7/site-packages/airflow/example_dags/example_skip_dag.py
[2024-01-14T15:10:11.912+0000] {logging_mixin.py:120} INFO - [2024-01-14T15:10:11.912+0000] {dag.py:2585} INFO - Sync 1 DAGs
[2024-01-14T15:10:11.927+0000] {logging_mixin.py:120} INFO - [2024-01-14T15:10:11.927+0000] {dag.py:3340} INFO - Setting next_dagrun for example_skip_dag to 2024-01-13T15:10:11.926988+00:00, run_after=2024-01-14T15:10:11.926988+00:00
[2024-01-14T15:10:11.938+0000] {processor.py:176} INFO - Processing /home/airflow/.local/lib/python3.7/site-packages/airflow/example_dags/example_skip_dag.py took 0.067 seconds
[2024-01-14T15:10:42.731+0000] {processor.py:154} INFO - Started process (PID=1351) to work on /home/airflow/.local/lib/python3.7/site-packages/airflow/example_dags/example_skip_dag.py
[2024-01-14T15:10:42.732+0000] {processor.py:756} INFO - Processing file /home/airflow/.local/lib/python3.7/site-packages/airflow/example_dags/example_skip_dag.py for tasks to queue
[2024-01-14T15:10:42.733+0000] {logging_mixin.py:120} INFO - [2024-01-14T15:10:42.733+0000] {dagbag.py:537} INFO - Filling up the DagBag from /home/airflow/.local/lib/python3.7/site-packages/airflow/example_dags/example_skip_dag.py
[2024-01-14T15:10:42.742+0000] {processor.py:766} INFO - DAG(s) dict_keys(['example_skip_dag']) retrieved from /home/airflow/.local/lib/python3.7/site-packages/airflow/example_dags/example_skip_dag.py
[2024-01-14T15:10:42.768+0000] {logging_mixin.py:120} INFO - [2024-01-14T15:10:42.768+0000] {dag.py:2585} INFO - Sync 1 DAGs
[2024-01-14T15:10:42.784+0000] {logging_mixin.py:120} INFO - [2024-01-14T15:10:42.784+0000] {dag.py:3340} INFO - Setting next_dagrun for example_skip_dag to 2024-01-13T15:10:42.784450+00:00, run_after=2024-01-14T15:10:42.784450+00:00
[2024-01-14T15:10:42.796+0000] {processor.py:176} INFO - Processing /home/airflow/.local/lib/python3.7/site-packages/airflow/example_dags/example_skip_dag.py took 0.067 seconds
[2024-01-14T15:11:44.774+0000] {processor.py:154} INFO - Started process (PID=1477) to work on /home/airflow/.local/lib/python3.7/site-packages/airflow/example_dags/example_skip_dag.py
[2024-01-14T15:11:44.774+0000] {processor.py:756} INFO - Processing file /home/airflow/.local/lib/python3.7/site-packages/airflow/example_dags/example_skip_dag.py for tasks to queue
[2024-01-14T15:11:44.775+0000] {logging_mixin.py:120} INFO - [2024-01-14T15:11:44.775+0000] {dagbag.py:537} INFO - Filling up the DagBag from /home/airflow/.local/lib/python3.7/site-packages/airflow/example_dags/example_skip_dag.py
[2024-01-14T15:11:44.785+0000] {processor.py:766} INFO - DAG(s) dict_keys(['example_skip_dag']) retrieved from /home/airflow/.local/lib/python3.7/site-packages/airflow/example_dags/example_skip_dag.py
[2024-01-14T15:11:44.812+0000] {logging_mixin.py:120} INFO - [2024-01-14T15:11:44.811+0000] {dag.py:2585} INFO - Sync 1 DAGs
[2024-01-14T15:11:44.827+0000] {logging_mixin.py:120} INFO - [2024-01-14T15:11:44.827+0000] {dag.py:3340} INFO - Setting next_dagrun for example_skip_dag to 2024-01-13T15:11:44.826986+00:00, run_after=2024-01-14T15:11:44.826986+00:00
[2024-01-14T15:11:44.838+0000] {processor.py:176} INFO - Processing /home/airflow/.local/lib/python3.7/site-packages/airflow/example_dags/example_skip_dag.py took 0.067 seconds
[2024-01-14T15:12:15.829+0000] {processor.py:154} INFO - Started process (PID=1531) to work on /home/airflow/.local/lib/python3.7/site-packages/airflow/example_dags/example_skip_dag.py
[2024-01-14T15:12:15.830+0000] {processor.py:756} INFO - Processing file /home/airflow/.local/lib/python3.7/site-packages/airflow/example_dags/example_skip_dag.py for tasks to queue
[2024-01-14T15:12:15.830+0000] {logging_mixin.py:120} INFO - [2024-01-14T15:12:15.830+0000] {dagbag.py:537} INFO - Filling up the DagBag from /home/airflow/.local/lib/python3.7/site-packages/airflow/example_dags/example_skip_dag.py
[2024-01-14T15:12:15.840+0000] {processor.py:766} INFO - DAG(s) dict_keys(['example_skip_dag']) retrieved from /home/airflow/.local/lib/python3.7/site-packages/airflow/example_dags/example_skip_dag.py
[2024-01-14T15:12:15.867+0000] {logging_mixin.py:120} INFO - [2024-01-14T15:12:15.867+0000] {dag.py:2585} INFO - Sync 1 DAGs
[2024-01-14T15:12:15.882+0000] {logging_mixin.py:120} INFO - [2024-01-14T15:12:15.882+0000] {dag.py:3340} INFO - Setting next_dagrun for example_skip_dag to 2024-01-13T15:12:15.882163+00:00, run_after=2024-01-14T15:12:15.882163+00:00
[2024-01-14T15:12:15.893+0000] {processor.py:176} INFO - Processing /home/airflow/.local/lib/python3.7/site-packages/airflow/example_dags/example_skip_dag.py took 0.067 seconds
[2024-01-14T15:12:46.689+0000] {processor.py:154} INFO - Started process (PID=1594) to work on /home/airflow/.local/lib/python3.7/site-packages/airflow/example_dags/example_skip_dag.py
[2024-01-14T15:12:46.690+0000] {processor.py:756} INFO - Processing file /home/airflow/.local/lib/python3.7/site-packages/airflow/example_dags/example_skip_dag.py for tasks to queue
[2024-01-14T15:12:46.691+0000] {logging_mixin.py:120} INFO - [2024-01-14T15:12:46.690+0000] {dagbag.py:537} INFO - Filling up the DagBag from /home/airflow/.local/lib/python3.7/site-packages/airflow/example_dags/example_skip_dag.py
[2024-01-14T15:12:46.701+0000] {processor.py:766} INFO - DAG(s) dict_keys(['example_skip_dag']) retrieved from /home/airflow/.local/lib/python3.7/site-packages/airflow/example_dags/example_skip_dag.py
[2024-01-14T15:12:46.727+0000] {logging_mixin.py:120} INFO - [2024-01-14T15:12:46.727+0000] {dag.py:2585} INFO - Sync 1 DAGs
[2024-01-14T15:12:46.744+0000] {logging_mixin.py:120} INFO - [2024-01-14T15:12:46.744+0000] {dag.py:3340} INFO - Setting next_dagrun for example_skip_dag to 2024-01-13T15:12:46.743860+00:00, run_after=2024-01-14T15:12:46.743860+00:00
[2024-01-14T15:12:46.757+0000] {processor.py:176} INFO - Processing /home/airflow/.local/lib/python3.7/site-packages/airflow/example_dags/example_skip_dag.py took 0.070 seconds
[2024-01-14T15:13:17.661+0000] {processor.py:154} INFO - Started process (PID=1657) to work on /home/airflow/.local/lib/python3.7/site-packages/airflow/example_dags/example_skip_dag.py
[2024-01-14T15:13:17.661+0000] {processor.py:756} INFO - Processing file /home/airflow/.local/lib/python3.7/site-packages/airflow/example_dags/example_skip_dag.py for tasks to queue
[2024-01-14T15:13:17.662+0000] {logging_mixin.py:120} INFO - [2024-01-14T15:13:17.662+0000] {dagbag.py:537} INFO - Filling up the DagBag from /home/airflow/.local/lib/python3.7/site-packages/airflow/example_dags/example_skip_dag.py
[2024-01-14T15:13:17.672+0000] {processor.py:766} INFO - DAG(s) dict_keys(['example_skip_dag']) retrieved from /home/airflow/.local/lib/python3.7/site-packages/airflow/example_dags/example_skip_dag.py
[2024-01-14T15:13:17.698+0000] {logging_mixin.py:120} INFO - [2024-01-14T15:13:17.698+0000] {dag.py:2585} INFO - Sync 1 DAGs
[2024-01-14T15:13:17.714+0000] {logging_mixin.py:120} INFO - [2024-01-14T15:13:17.714+0000] {dag.py:3340} INFO - Setting next_dagrun for example_skip_dag to 2024-01-13T15:13:17.714729+00:00, run_after=2024-01-14T15:13:17.714729+00:00
[2024-01-14T15:13:17.725+0000] {processor.py:176} INFO - Processing /home/airflow/.local/lib/python3.7/site-packages/airflow/example_dags/example_skip_dag.py took 0.067 seconds
[2024-01-14T15:13:48.622+0000] {processor.py:154} INFO - Started process (PID=1720) to work on /home/airflow/.local/lib/python3.7/site-packages/airflow/example_dags/example_skip_dag.py
[2024-01-14T15:13:48.623+0000] {processor.py:756} INFO - Processing file /home/airflow/.local/lib/python3.7/site-packages/airflow/example_dags/example_skip_dag.py for tasks to queue
[2024-01-14T15:13:48.623+0000] {logging_mixin.py:120} INFO - [2024-01-14T15:13:48.623+0000] {dagbag.py:537} INFO - Filling up the DagBag from /home/airflow/.local/lib/python3.7/site-packages/airflow/example_dags/example_skip_dag.py
[2024-01-14T15:13:48.633+0000] {processor.py:766} INFO - DAG(s) dict_keys(['example_skip_dag']) retrieved from /home/airflow/.local/lib/python3.7/site-packages/airflow/example_dags/example_skip_dag.py
[2024-01-14T15:13:48.660+0000] {logging_mixin.py:120} INFO - [2024-01-14T15:13:48.660+0000] {dag.py:2585} INFO - Sync 1 DAGs
[2024-01-14T15:13:48.675+0000] {logging_mixin.py:120} INFO - [2024-01-14T15:13:48.675+0000] {dag.py:3340} INFO - Setting next_dagrun for example_skip_dag to 2024-01-13T15:13:48.675666+00:00, run_after=2024-01-14T15:13:48.675666+00:00
[2024-01-14T15:13:48.686+0000] {processor.py:176} INFO - Processing /home/airflow/.local/lib/python3.7/site-packages/airflow/example_dags/example_skip_dag.py took 0.066 seconds
[2024-01-14T15:14:19.600+0000] {processor.py:154} INFO - Started process (PID=1783) to work on /home/airflow/.local/lib/python3.7/site-packages/airflow/example_dags/example_skip_dag.py
[2024-01-14T15:14:19.601+0000] {processor.py:756} INFO - Processing file /home/airflow/.local/lib/python3.7/site-packages/airflow/example_dags/example_skip_dag.py for tasks to queue
[2024-01-14T15:14:19.602+0000] {logging_mixin.py:120} INFO - [2024-01-14T15:14:19.602+0000] {dagbag.py:537} INFO - Filling up the DagBag from /home/airflow/.local/lib/python3.7/site-packages/airflow/example_dags/example_skip_dag.py
[2024-01-14T15:14:19.612+0000] {processor.py:766} INFO - DAG(s) dict_keys(['example_skip_dag']) retrieved from /home/airflow/.local/lib/python3.7/site-packages/airflow/example_dags/example_skip_dag.py
[2024-01-14T15:14:19.639+0000] {logging_mixin.py:120} INFO - [2024-01-14T15:14:19.639+0000] {dag.py:2585} INFO - Sync 1 DAGs
[2024-01-14T15:14:19.655+0000] {logging_mixin.py:120} INFO - [2024-01-14T15:14:19.654+0000] {dag.py:3340} INFO - Setting next_dagrun for example_skip_dag to 2024-01-13T15:14:19.654758+00:00, run_after=2024-01-14T15:14:19.654758+00:00
[2024-01-14T15:14:19.665+0000] {processor.py:176} INFO - Processing /home/airflow/.local/lib/python3.7/site-packages/airflow/example_dags/example_skip_dag.py took 0.067 seconds
[2024-01-14T15:14:50.574+0000] {processor.py:154} INFO - Started process (PID=1846) to work on /home/airflow/.local/lib/python3.7/site-packages/airflow/example_dags/example_skip_dag.py
[2024-01-14T15:14:50.574+0000] {processor.py:756} INFO - Processing file /home/airflow/.local/lib/python3.7/site-packages/airflow/example_dags/example_skip_dag.py for tasks to queue
[2024-01-14T15:14:50.575+0000] {logging_mixin.py:120} INFO - [2024-01-14T15:14:50.575+0000] {dagbag.py:537} INFO - Filling up the DagBag from /home/airflow/.local/lib/python3.7/site-packages/airflow/example_dags/example_skip_dag.py
[2024-01-14T15:14:50.585+0000] {processor.py:766} INFO - DAG(s) dict_keys(['example_skip_dag']) retrieved from /home/airflow/.local/lib/python3.7/site-packages/airflow/example_dags/example_skip_dag.py
[2024-01-14T15:14:50.611+0000] {logging_mixin.py:120} INFO - [2024-01-14T15:14:50.611+0000] {dag.py:2585} INFO - Sync 1 DAGs
[2024-01-14T15:14:50.626+0000] {logging_mixin.py:120} INFO - [2024-01-14T15:14:50.625+0000] {dag.py:3340} INFO - Setting next_dagrun for example_skip_dag to 2024-01-13T15:14:50.625795+00:00, run_after=2024-01-14T15:14:50.625795+00:00
[2024-01-14T15:14:50.637+0000] {processor.py:176} INFO - Processing /home/airflow/.local/lib/python3.7/site-packages/airflow/example_dags/example_skip_dag.py took 0.066 seconds
[2024-01-14T15:15:21.445+0000] {processor.py:154} INFO - Started process (PID=1909) to work on /home/airflow/.local/lib/python3.7/site-packages/airflow/example_dags/example_skip_dag.py
[2024-01-14T15:15:21.445+0000] {processor.py:756} INFO - Processing file /home/airflow/.local/lib/python3.7/site-packages/airflow/example_dags/example_skip_dag.py for tasks to queue
[2024-01-14T15:15:21.446+0000] {logging_mixin.py:120} INFO - [2024-01-14T15:15:21.446+0000] {dagbag.py:537} INFO - Filling up the DagBag from /home/airflow/.local/lib/python3.7/site-packages/airflow/example_dags/example_skip_dag.py
[2024-01-14T15:15:21.456+0000] {processor.py:766} INFO - DAG(s) dict_keys(['example_skip_dag']) retrieved from /home/airflow/.local/lib/python3.7/site-packages/airflow/example_dags/example_skip_dag.py
[2024-01-14T15:15:21.482+0000] {logging_mixin.py:120} INFO - [2024-01-14T15:15:21.482+0000] {dag.py:2585} INFO - Sync 1 DAGs
[2024-01-14T15:15:21.499+0000] {logging_mixin.py:120} INFO - [2024-01-14T15:15:21.499+0000] {dag.py:3340} INFO - Setting next_dagrun for example_skip_dag to 2024-01-13T15:15:21.499022+00:00, run_after=2024-01-14T15:15:21.499022+00:00
[2024-01-14T15:15:21.510+0000] {processor.py:176} INFO - Processing /home/airflow/.local/lib/python3.7/site-packages/airflow/example_dags/example_skip_dag.py took 0.069 seconds
[2024-01-14T15:15:51.648+0000] {processor.py:154} INFO - Started process (PID=1963) to work on /home/airflow/.local/lib/python3.7/site-packages/airflow/example_dags/example_skip_dag.py
[2024-01-14T15:15:51.649+0000] {processor.py:756} INFO - Processing file /home/airflow/.local/lib/python3.7/site-packages/airflow/example_dags/example_skip_dag.py for tasks to queue
[2024-01-14T15:15:51.650+0000] {logging_mixin.py:120} INFO - [2024-01-14T15:15:51.650+0000] {dagbag.py:537} INFO - Filling up the DagBag from /home/airflow/.local/lib/python3.7/site-packages/airflow/example_dags/example_skip_dag.py
[2024-01-14T15:15:51.659+0000] {processor.py:766} INFO - DAG(s) dict_keys(['example_skip_dag']) retrieved from /home/airflow/.local/lib/python3.7/site-packages/airflow/example_dags/example_skip_dag.py
[2024-01-14T15:15:51.684+0000] {logging_mixin.py:120} INFO - [2024-01-14T15:15:51.684+0000] {dag.py:2585} INFO - Sync 1 DAGs
[2024-01-14T15:15:51.700+0000] {logging_mixin.py:120} INFO - [2024-01-14T15:15:51.700+0000] {dag.py:3340} INFO - Setting next_dagrun for example_skip_dag to 2024-01-13T15:15:51.700438+00:00, run_after=2024-01-14T15:15:51.700438+00:00
[2024-01-14T15:15:51.711+0000] {processor.py:176} INFO - Processing /home/airflow/.local/lib/python3.7/site-packages/airflow/example_dags/example_skip_dag.py took 0.065 seconds
[2024-01-14T15:16:22.714+0000] {processor.py:154} INFO - Started process (PID=2026) to work on /home/airflow/.local/lib/python3.7/site-packages/airflow/example_dags/example_skip_dag.py
[2024-01-14T15:16:22.715+0000] {processor.py:756} INFO - Processing file /home/airflow/.local/lib/python3.7/site-packages/airflow/example_dags/example_skip_dag.py for tasks to queue
[2024-01-14T15:16:22.715+0000] {logging_mixin.py:120} INFO - [2024-01-14T15:16:22.715+0000] {dagbag.py:537} INFO - Filling up the DagBag from /home/airflow/.local/lib/python3.7/site-packages/airflow/example_dags/example_skip_dag.py
[2024-01-14T15:16:22.724+0000] {processor.py:766} INFO - DAG(s) dict_keys(['example_skip_dag']) retrieved from /home/airflow/.local/lib/python3.7/site-packages/airflow/example_dags/example_skip_dag.py
[2024-01-14T15:16:22.751+0000] {logging_mixin.py:120} INFO - [2024-01-14T15:16:22.751+0000] {dag.py:2585} INFO - Sync 1 DAGs
[2024-01-14T15:16:22.766+0000] {logging_mixin.py:120} INFO - [2024-01-14T15:16:22.766+0000] {dag.py:3340} INFO - Setting next_dagrun for example_skip_dag to 2024-01-13T15:16:22.766476+00:00, run_after=2024-01-14T15:16:22.766476+00:00
[2024-01-14T15:16:22.778+0000] {processor.py:176} INFO - Processing /home/airflow/.local/lib/python3.7/site-packages/airflow/example_dags/example_skip_dag.py took 0.067 seconds
[2024-01-14T15:16:53.767+0000] {processor.py:154} INFO - Started process (PID=2089) to work on /home/airflow/.local/lib/python3.7/site-packages/airflow/example_dags/example_skip_dag.py
[2024-01-14T15:16:53.768+0000] {processor.py:756} INFO - Processing file /home/airflow/.local/lib/python3.7/site-packages/airflow/example_dags/example_skip_dag.py for tasks to queue
[2024-01-14T15:16:53.768+0000] {logging_mixin.py:120} INFO - [2024-01-14T15:16:53.768+0000] {dagbag.py:537} INFO - Filling up the DagBag from /home/airflow/.local/lib/python3.7/site-packages/airflow/example_dags/example_skip_dag.py
[2024-01-14T15:16:53.778+0000] {processor.py:766} INFO - DAG(s) dict_keys(['example_skip_dag']) retrieved from /home/airflow/.local/lib/python3.7/site-packages/airflow/example_dags/example_skip_dag.py
[2024-01-14T15:16:53.805+0000] {logging_mixin.py:120} INFO - [2024-01-14T15:16:53.805+0000] {dag.py:2585} INFO - Sync 1 DAGs
[2024-01-14T15:16:53.820+0000] {logging_mixin.py:120} INFO - [2024-01-14T15:16:53.820+0000] {dag.py:3340} INFO - Setting next_dagrun for example_skip_dag to 2024-01-13T15:16:53.820520+00:00, run_after=2024-01-14T15:16:53.820520+00:00
[2024-01-14T15:16:53.832+0000] {processor.py:176} INFO - Processing /home/airflow/.local/lib/python3.7/site-packages/airflow/example_dags/example_skip_dag.py took 0.068 seconds
[2024-01-14T15:17:24.882+0000] {processor.py:154} INFO - Started process (PID=2152) to work on /home/airflow/.local/lib/python3.7/site-packages/airflow/example_dags/example_skip_dag.py
[2024-01-14T15:17:24.882+0000] {processor.py:756} INFO - Processing file /home/airflow/.local/lib/python3.7/site-packages/airflow/example_dags/example_skip_dag.py for tasks to queue
[2024-01-14T15:17:24.883+0000] {logging_mixin.py:120} INFO - [2024-01-14T15:17:24.883+0000] {dagbag.py:537} INFO - Filling up the DagBag from /home/airflow/.local/lib/python3.7/site-packages/airflow/example_dags/example_skip_dag.py
[2024-01-14T15:17:24.893+0000] {processor.py:766} INFO - DAG(s) dict_keys(['example_skip_dag']) retrieved from /home/airflow/.local/lib/python3.7/site-packages/airflow/example_dags/example_skip_dag.py
[2024-01-14T15:17:24.920+0000] {logging_mixin.py:120} INFO - [2024-01-14T15:17:24.920+0000] {dag.py:2585} INFO - Sync 1 DAGs
[2024-01-14T15:17:24.937+0000] {logging_mixin.py:120} INFO - [2024-01-14T15:17:24.937+0000] {dag.py:3340} INFO - Setting next_dagrun for example_skip_dag to 2024-01-13T15:17:24.936938+00:00, run_after=2024-01-14T15:17:24.936938+00:00
[2024-01-14T15:17:24.948+0000] {processor.py:176} INFO - Processing /home/airflow/.local/lib/python3.7/site-packages/airflow/example_dags/example_skip_dag.py took 0.069 seconds
[2024-01-14T15:17:55.131+0000] {processor.py:154} INFO - Started process (PID=2215) to work on /home/airflow/.local/lib/python3.7/site-packages/airflow/example_dags/example_skip_dag.py
[2024-01-14T15:17:55.132+0000] {processor.py:756} INFO - Processing file /home/airflow/.local/lib/python3.7/site-packages/airflow/example_dags/example_skip_dag.py for tasks to queue
[2024-01-14T15:17:55.132+0000] {logging_mixin.py:120} INFO - [2024-01-14T15:17:55.132+0000] {dagbag.py:537} INFO - Filling up the DagBag from /home/airflow/.local/lib/python3.7/site-packages/airflow/example_dags/example_skip_dag.py
[2024-01-14T15:17:55.142+0000] {processor.py:766} INFO - DAG(s) dict_keys(['example_skip_dag']) retrieved from /home/airflow/.local/lib/python3.7/site-packages/airflow/example_dags/example_skip_dag.py
[2024-01-14T15:17:55.169+0000] {logging_mixin.py:120} INFO - [2024-01-14T15:17:55.169+0000] {dag.py:2585} INFO - Sync 1 DAGs
[2024-01-14T15:17:55.185+0000] {logging_mixin.py:120} INFO - [2024-01-14T15:17:55.185+0000] {dag.py:3340} INFO - Setting next_dagrun for example_skip_dag to 2024-01-13T15:17:55.185154+00:00, run_after=2024-01-14T15:17:55.185154+00:00
[2024-01-14T15:17:55.196+0000] {processor.py:176} INFO - Processing /home/airflow/.local/lib/python3.7/site-packages/airflow/example_dags/example_skip_dag.py took 0.067 seconds
[2024-01-14T15:18:26.191+0000] {processor.py:154} INFO - Started process (PID=2278) to work on /home/airflow/.local/lib/python3.7/site-packages/airflow/example_dags/example_skip_dag.py
[2024-01-14T15:18:26.193+0000] {processor.py:756} INFO - Processing file /home/airflow/.local/lib/python3.7/site-packages/airflow/example_dags/example_skip_dag.py for tasks to queue
[2024-01-14T15:18:26.193+0000] {logging_mixin.py:120} INFO - [2024-01-14T15:18:26.193+0000] {dagbag.py:537} INFO - Filling up the DagBag from /home/airflow/.local/lib/python3.7/site-packages/airflow/example_dags/example_skip_dag.py
[2024-01-14T15:18:26.202+0000] {processor.py:766} INFO - DAG(s) dict_keys(['example_skip_dag']) retrieved from /home/airflow/.local/lib/python3.7/site-packages/airflow/example_dags/example_skip_dag.py
[2024-01-14T15:18:26.228+0000] {logging_mixin.py:120} INFO - [2024-01-14T15:18:26.228+0000] {dag.py:2585} INFO - Sync 1 DAGs
[2024-01-14T15:18:26.243+0000] {logging_mixin.py:120} INFO - [2024-01-14T15:18:26.243+0000] {dag.py:3340} INFO - Setting next_dagrun for example_skip_dag to 2024-01-13T15:18:26.243335+00:00, run_after=2024-01-14T15:18:26.243335+00:00
[2024-01-14T15:18:26.254+0000] {processor.py:176} INFO - Processing /home/airflow/.local/lib/python3.7/site-packages/airflow/example_dags/example_skip_dag.py took 0.065 seconds
[2024-01-14T15:18:57.067+0000] {processor.py:154} INFO - Started process (PID=2341) to work on /home/airflow/.local/lib/python3.7/site-packages/airflow/example_dags/example_skip_dag.py
[2024-01-14T15:18:57.067+0000] {processor.py:756} INFO - Processing file /home/airflow/.local/lib/python3.7/site-packages/airflow/example_dags/example_skip_dag.py for tasks to queue
[2024-01-14T15:18:57.068+0000] {logging_mixin.py:120} INFO - [2024-01-14T15:18:57.068+0000] {dagbag.py:537} INFO - Filling up the DagBag from /home/airflow/.local/lib/python3.7/site-packages/airflow/example_dags/example_skip_dag.py
[2024-01-14T15:18:57.078+0000] {processor.py:766} INFO - DAG(s) dict_keys(['example_skip_dag']) retrieved from /home/airflow/.local/lib/python3.7/site-packages/airflow/example_dags/example_skip_dag.py
[2024-01-14T15:18:57.103+0000] {logging_mixin.py:120} INFO - [2024-01-14T15:18:57.103+0000] {dag.py:2585} INFO - Sync 1 DAGs
[2024-01-14T15:18:57.119+0000] {logging_mixin.py:120} INFO - [2024-01-14T15:18:57.119+0000] {dag.py:3340} INFO - Setting next_dagrun for example_skip_dag to 2024-01-13T15:18:57.119440+00:00, run_after=2024-01-14T15:18:57.119440+00:00
[2024-01-14T15:18:57.133+0000] {processor.py:176} INFO - Processing /home/airflow/.local/lib/python3.7/site-packages/airflow/example_dags/example_skip_dag.py took 0.069 seconds
[2024-01-14T15:19:28.071+0000] {processor.py:154} INFO - Started process (PID=2395) to work on /home/airflow/.local/lib/python3.7/site-packages/airflow/example_dags/example_skip_dag.py
[2024-01-14T15:19:28.072+0000] {processor.py:756} INFO - Processing file /home/airflow/.local/lib/python3.7/site-packages/airflow/example_dags/example_skip_dag.py for tasks to queue
[2024-01-14T15:19:28.072+0000] {logging_mixin.py:120} INFO - [2024-01-14T15:19:28.072+0000] {dagbag.py:537} INFO - Filling up the DagBag from /home/airflow/.local/lib/python3.7/site-packages/airflow/example_dags/example_skip_dag.py
[2024-01-14T15:19:28.082+0000] {processor.py:766} INFO - DAG(s) dict_keys(['example_skip_dag']) retrieved from /home/airflow/.local/lib/python3.7/site-packages/airflow/example_dags/example_skip_dag.py
[2024-01-14T15:19:28.112+0000] {logging_mixin.py:120} INFO - [2024-01-14T15:19:28.112+0000] {dag.py:2585} INFO - Sync 1 DAGs
[2024-01-14T15:19:28.130+0000] {logging_mixin.py:120} INFO - [2024-01-14T15:19:28.130+0000] {dag.py:3340} INFO - Setting next_dagrun for example_skip_dag to 2024-01-13T15:19:28.130203+00:00, run_after=2024-01-14T15:19:28.130203+00:00
[2024-01-14T15:19:28.142+0000] {processor.py:176} INFO - Processing /home/airflow/.local/lib/python3.7/site-packages/airflow/example_dags/example_skip_dag.py took 0.074 seconds
[2024-01-14T15:19:58.285+0000] {processor.py:154} INFO - Started process (PID=2458) to work on /home/airflow/.local/lib/python3.7/site-packages/airflow/example_dags/example_skip_dag.py
[2024-01-14T15:19:58.286+0000] {processor.py:756} INFO - Processing file /home/airflow/.local/lib/python3.7/site-packages/airflow/example_dags/example_skip_dag.py for tasks to queue
[2024-01-14T15:19:58.286+0000] {logging_mixin.py:120} INFO - [2024-01-14T15:19:58.286+0000] {dagbag.py:537} INFO - Filling up the DagBag from /home/airflow/.local/lib/python3.7/site-packages/airflow/example_dags/example_skip_dag.py
[2024-01-14T15:19:58.296+0000] {processor.py:766} INFO - DAG(s) dict_keys(['example_skip_dag']) retrieved from /home/airflow/.local/lib/python3.7/site-packages/airflow/example_dags/example_skip_dag.py
[2024-01-14T15:19:58.324+0000] {logging_mixin.py:120} INFO - [2024-01-14T15:19:58.324+0000] {dag.py:2585} INFO - Sync 1 DAGs
[2024-01-14T15:19:58.340+0000] {logging_mixin.py:120} INFO - [2024-01-14T15:19:58.340+0000] {dag.py:3340} INFO - Setting next_dagrun for example_skip_dag to 2024-01-13T15:19:58.340217+00:00, run_after=2024-01-14T15:19:58.340217+00:00
[2024-01-14T15:19:58.352+0000] {processor.py:176} INFO - Processing /home/airflow/.local/lib/python3.7/site-packages/airflow/example_dags/example_skip_dag.py took 0.069 seconds
[2024-01-14T15:20:29.250+0000] {processor.py:154} INFO - Started process (PID=2521) to work on /home/airflow/.local/lib/python3.7/site-packages/airflow/example_dags/example_skip_dag.py
[2024-01-14T15:20:29.251+0000] {processor.py:756} INFO - Processing file /home/airflow/.local/lib/python3.7/site-packages/airflow/example_dags/example_skip_dag.py for tasks to queue
[2024-01-14T15:20:29.251+0000] {logging_mixin.py:120} INFO - [2024-01-14T15:20:29.251+0000] {dagbag.py:537} INFO - Filling up the DagBag from /home/airflow/.local/lib/python3.7/site-packages/airflow/example_dags/example_skip_dag.py
[2024-01-14T15:20:29.262+0000] {processor.py:766} INFO - DAG(s) dict_keys(['example_skip_dag']) retrieved from /home/airflow/.local/lib/python3.7/site-packages/airflow/example_dags/example_skip_dag.py
[2024-01-14T15:20:29.293+0000] {logging_mixin.py:120} INFO - [2024-01-14T15:20:29.292+0000] {dag.py:2585} INFO - Sync 1 DAGs
[2024-01-14T15:20:29.311+0000] {logging_mixin.py:120} INFO - [2024-01-14T15:20:29.310+0000] {dag.py:3340} INFO - Setting next_dagrun for example_skip_dag to 2024-01-13T15:20:29.310752+00:00, run_after=2024-01-14T15:20:29.310752+00:00
[2024-01-14T15:20:29.323+0000] {processor.py:176} INFO - Processing /home/airflow/.local/lib/python3.7/site-packages/airflow/example_dags/example_skip_dag.py took 0.078 seconds
[2024-01-14T15:21:00.106+0000] {processor.py:154} INFO - Started process (PID=2584) to work on /home/airflow/.local/lib/python3.7/site-packages/airflow/example_dags/example_skip_dag.py
[2024-01-14T15:21:00.106+0000] {processor.py:756} INFO - Processing file /home/airflow/.local/lib/python3.7/site-packages/airflow/example_dags/example_skip_dag.py for tasks to queue
[2024-01-14T15:21:00.107+0000] {logging_mixin.py:120} INFO - [2024-01-14T15:21:00.107+0000] {dagbag.py:537} INFO - Filling up the DagBag from /home/airflow/.local/lib/python3.7/site-packages/airflow/example_dags/example_skip_dag.py
[2024-01-14T15:21:00.117+0000] {processor.py:766} INFO - DAG(s) dict_keys(['example_skip_dag']) retrieved from /home/airflow/.local/lib/python3.7/site-packages/airflow/example_dags/example_skip_dag.py
[2024-01-14T15:21:00.145+0000] {logging_mixin.py:120} INFO - [2024-01-14T15:21:00.145+0000] {dag.py:2585} INFO - Sync 1 DAGs
[2024-01-14T15:21:00.161+0000] {logging_mixin.py:120} INFO - [2024-01-14T15:21:00.161+0000] {dag.py:3340} INFO - Setting next_dagrun for example_skip_dag to 2024-01-13T15:21:00.161013+00:00, run_after=2024-01-14T15:21:00.161013+00:00
[2024-01-14T15:21:00.173+0000] {processor.py:176} INFO - Processing /home/airflow/.local/lib/python3.7/site-packages/airflow/example_dags/example_skip_dag.py took 0.070 seconds
[2024-01-14T15:21:31.176+0000] {processor.py:154} INFO - Started process (PID=2647) to work on /home/airflow/.local/lib/python3.7/site-packages/airflow/example_dags/example_skip_dag.py
[2024-01-14T15:21:31.177+0000] {processor.py:756} INFO - Processing file /home/airflow/.local/lib/python3.7/site-packages/airflow/example_dags/example_skip_dag.py for tasks to queue
[2024-01-14T15:21:31.177+0000] {logging_mixin.py:120} INFO - [2024-01-14T15:21:31.177+0000] {dagbag.py:537} INFO - Filling up the DagBag from /home/airflow/.local/lib/python3.7/site-packages/airflow/example_dags/example_skip_dag.py
[2024-01-14T15:21:31.187+0000] {processor.py:766} INFO - DAG(s) dict_keys(['example_skip_dag']) retrieved from /home/airflow/.local/lib/python3.7/site-packages/airflow/example_dags/example_skip_dag.py
[2024-01-14T15:21:31.214+0000] {logging_mixin.py:120} INFO - [2024-01-14T15:21:31.214+0000] {dag.py:2585} INFO - Sync 1 DAGs
[2024-01-14T15:21:31.230+0000] {logging_mixin.py:120} INFO - [2024-01-14T15:21:31.230+0000] {dag.py:3340} INFO - Setting next_dagrun for example_skip_dag to 2024-01-13T15:21:31.230654+00:00, run_after=2024-01-14T15:21:31.230654+00:00
[2024-01-14T15:21:31.242+0000] {processor.py:176} INFO - Processing /home/airflow/.local/lib/python3.7/site-packages/airflow/example_dags/example_skip_dag.py took 0.068 seconds
[2024-01-14T15:22:02.083+0000] {processor.py:154} INFO - Started process (PID=2710) to work on /home/airflow/.local/lib/python3.7/site-packages/airflow/example_dags/example_skip_dag.py
[2024-01-14T15:22:02.084+0000] {processor.py:756} INFO - Processing file /home/airflow/.local/lib/python3.7/site-packages/airflow/example_dags/example_skip_dag.py for tasks to queue
[2024-01-14T15:22:02.084+0000] {logging_mixin.py:120} INFO - [2024-01-14T15:22:02.084+0000] {dagbag.py:537} INFO - Filling up the DagBag from /home/airflow/.local/lib/python3.7/site-packages/airflow/example_dags/example_skip_dag.py
[2024-01-14T15:22:02.094+0000] {processor.py:766} INFO - DAG(s) dict_keys(['example_skip_dag']) retrieved from /home/airflow/.local/lib/python3.7/site-packages/airflow/example_dags/example_skip_dag.py
[2024-01-14T15:22:02.121+0000] {logging_mixin.py:120} INFO - [2024-01-14T15:22:02.121+0000] {dag.py:2585} INFO - Sync 1 DAGs
[2024-01-14T15:22:02.137+0000] {logging_mixin.py:120} INFO - [2024-01-14T15:22:02.137+0000] {dag.py:3340} INFO - Setting next_dagrun for example_skip_dag to 2024-01-13T15:22:02.137164+00:00, run_after=2024-01-14T15:22:02.137164+00:00
[2024-01-14T15:22:02.148+0000] {processor.py:176} INFO - Processing /home/airflow/.local/lib/python3.7/site-packages/airflow/example_dags/example_skip_dag.py took 0.067 seconds
[2024-01-14T15:22:33.089+0000] {processor.py:154} INFO - Started process (PID=2773) to work on /home/airflow/.local/lib/python3.7/site-packages/airflow/example_dags/example_skip_dag.py
[2024-01-14T15:22:33.089+0000] {processor.py:756} INFO - Processing file /home/airflow/.local/lib/python3.7/site-packages/airflow/example_dags/example_skip_dag.py for tasks to queue
[2024-01-14T15:22:33.090+0000] {logging_mixin.py:120} INFO - [2024-01-14T15:22:33.090+0000] {dagbag.py:537} INFO - Filling up the DagBag from /home/airflow/.local/lib/python3.7/site-packages/airflow/example_dags/example_skip_dag.py
[2024-01-14T15:22:33.099+0000] {processor.py:766} INFO - DAG(s) dict_keys(['example_skip_dag']) retrieved from /home/airflow/.local/lib/python3.7/site-packages/airflow/example_dags/example_skip_dag.py
[2024-01-14T15:22:33.125+0000] {logging_mixin.py:120} INFO - [2024-01-14T15:22:33.125+0000] {dag.py:2585} INFO - Sync 1 DAGs
[2024-01-14T15:22:33.140+0000] {logging_mixin.py:120} INFO - [2024-01-14T15:22:33.140+0000] {dag.py:3340} INFO - Setting next_dagrun for example_skip_dag to 2024-01-13T15:22:33.140321+00:00, run_after=2024-01-14T15:22:33.140321+00:00
[2024-01-14T15:22:33.151+0000] {processor.py:176} INFO - Processing /home/airflow/.local/lib/python3.7/site-packages/airflow/example_dags/example_skip_dag.py took 0.065 seconds
