[2024-01-14T15:00:01.981+0000] {processor.py:154} INFO - Started process (PID=78) to work on /home/airflow/.local/lib/python3.7/site-packages/airflow/example_dags/example_branch_python_dop_operator_3.py
[2024-01-14T15:00:01.982+0000] {processor.py:756} INFO - Processing file /home/airflow/.local/lib/python3.7/site-packages/airflow/example_dags/example_branch_python_dop_operator_3.py for tasks to queue
[2024-01-14T15:00:01.983+0000] {logging_mixin.py:120} INFO - [2024-01-14T15:00:01.983+0000] {dagbag.py:537} INFO - Filling up the DagBag from /home/airflow/.local/lib/python3.7/site-packages/airflow/example_dags/example_branch_python_dop_operator_3.py
[2024-01-14T15:00:02.002+0000] {processor.py:766} INFO - DAG(s) dict_keys(['example_branch_dop_operator_v3']) retrieved from /home/airflow/.local/lib/python3.7/site-packages/airflow/example_dags/example_branch_python_dop_operator_3.py
[2024-01-14T15:00:02.097+0000] {logging_mixin.py:120} INFO - [2024-01-14T15:00:02.097+0000] {manager.py:507} INFO - Created Permission View: can read on DAG:example_branch_dop_operator_v3
[2024-01-14T15:00:02.106+0000] {logging_mixin.py:120} INFO - [2024-01-14T15:00:02.106+0000] {manager.py:507} INFO - Created Permission View: can edit on DAG:example_branch_dop_operator_v3
[2024-01-14T15:00:02.113+0000] {logging_mixin.py:120} INFO - [2024-01-14T15:00:02.113+0000] {manager.py:507} INFO - Created Permission View: can delete on DAG:example_branch_dop_operator_v3
[2024-01-14T15:00:02.113+0000] {logging_mixin.py:120} INFO - [2024-01-14T15:00:02.113+0000] {dag.py:2585} INFO - Sync 1 DAGs
[2024-01-14T15:00:02.123+0000] {logging_mixin.py:120} INFO - [2024-01-14T15:00:02.123+0000] {dag.py:2606} INFO - Creating ORM DAG for example_branch_dop_operator_v3
[2024-01-14T15:00:02.133+0000] {logging_mixin.py:120} INFO - [2024-01-14T15:00:02.133+0000] {dag.py:3340} INFO - Setting next_dagrun for example_branch_dop_operator_v3 to 2024-01-14T14:59:00+00:00, run_after=2024-01-14T15:00:00+00:00
[2024-01-14T15:00:02.147+0000] {processor.py:176} INFO - Processing /home/airflow/.local/lib/python3.7/site-packages/airflow/example_dags/example_branch_python_dop_operator_3.py took 0.170 seconds
[2024-01-14T15:00:32.424+0000] {processor.py:154} INFO - Started process (PID=132) to work on /home/airflow/.local/lib/python3.7/site-packages/airflow/example_dags/example_branch_python_dop_operator_3.py
[2024-01-14T15:00:32.424+0000] {processor.py:756} INFO - Processing file /home/airflow/.local/lib/python3.7/site-packages/airflow/example_dags/example_branch_python_dop_operator_3.py for tasks to queue
[2024-01-14T15:00:32.425+0000] {logging_mixin.py:120} INFO - [2024-01-14T15:00:32.425+0000] {dagbag.py:537} INFO - Filling up the DagBag from /home/airflow/.local/lib/python3.7/site-packages/airflow/example_dags/example_branch_python_dop_operator_3.py
[2024-01-14T15:00:32.441+0000] {processor.py:766} INFO - DAG(s) dict_keys(['example_branch_dop_operator_v3']) retrieved from /home/airflow/.local/lib/python3.7/site-packages/airflow/example_dags/example_branch_python_dop_operator_3.py
[2024-01-14T15:00:32.467+0000] {logging_mixin.py:120} INFO - [2024-01-14T15:00:32.467+0000] {dag.py:2585} INFO - Sync 1 DAGs
[2024-01-14T15:00:32.486+0000] {logging_mixin.py:120} INFO - [2024-01-14T15:00:32.486+0000] {dag.py:3340} INFO - Setting next_dagrun for example_branch_dop_operator_v3 to 2024-01-14T14:59:00+00:00, run_after=2024-01-14T15:00:00+00:00
[2024-01-14T15:00:32.497+0000] {processor.py:176} INFO - Processing /home/airflow/.local/lib/python3.7/site-packages/airflow/example_dags/example_branch_python_dop_operator_3.py took 0.076 seconds
[2024-01-14T15:01:02.597+0000] {processor.py:154} INFO - Started process (PID=196) to work on /home/airflow/.local/lib/python3.7/site-packages/airflow/example_dags/example_branch_python_dop_operator_3.py
[2024-01-14T15:01:02.598+0000] {processor.py:756} INFO - Processing file /home/airflow/.local/lib/python3.7/site-packages/airflow/example_dags/example_branch_python_dop_operator_3.py for tasks to queue
[2024-01-14T15:01:02.598+0000] {logging_mixin.py:120} INFO - [2024-01-14T15:01:02.598+0000] {dagbag.py:537} INFO - Filling up the DagBag from /home/airflow/.local/lib/python3.7/site-packages/airflow/example_dags/example_branch_python_dop_operator_3.py
[2024-01-14T15:01:02.614+0000] {processor.py:766} INFO - DAG(s) dict_keys(['example_branch_dop_operator_v3']) retrieved from /home/airflow/.local/lib/python3.7/site-packages/airflow/example_dags/example_branch_python_dop_operator_3.py
[2024-01-14T15:01:02.641+0000] {logging_mixin.py:120} INFO - [2024-01-14T15:01:02.641+0000] {dag.py:2585} INFO - Sync 1 DAGs
[2024-01-14T15:01:02.659+0000] {logging_mixin.py:120} INFO - [2024-01-14T15:01:02.659+0000] {dag.py:3340} INFO - Setting next_dagrun for example_branch_dop_operator_v3 to 2024-01-14T15:00:00+00:00, run_after=2024-01-14T15:01:00+00:00
[2024-01-14T15:01:02.670+0000] {processor.py:176} INFO - Processing /home/airflow/.local/lib/python3.7/site-packages/airflow/example_dags/example_branch_python_dop_operator_3.py took 0.075 seconds
[2024-01-14T15:01:33.600+0000] {processor.py:154} INFO - Started process (PID=259) to work on /home/airflow/.local/lib/python3.7/site-packages/airflow/example_dags/example_branch_python_dop_operator_3.py
[2024-01-14T15:01:33.600+0000] {processor.py:756} INFO - Processing file /home/airflow/.local/lib/python3.7/site-packages/airflow/example_dags/example_branch_python_dop_operator_3.py for tasks to queue
[2024-01-14T15:01:33.601+0000] {logging_mixin.py:120} INFO - [2024-01-14T15:01:33.601+0000] {dagbag.py:537} INFO - Filling up the DagBag from /home/airflow/.local/lib/python3.7/site-packages/airflow/example_dags/example_branch_python_dop_operator_3.py
[2024-01-14T15:01:33.616+0000] {processor.py:766} INFO - DAG(s) dict_keys(['example_branch_dop_operator_v3']) retrieved from /home/airflow/.local/lib/python3.7/site-packages/airflow/example_dags/example_branch_python_dop_operator_3.py
[2024-01-14T15:01:33.643+0000] {logging_mixin.py:120} INFO - [2024-01-14T15:01:33.643+0000] {dag.py:2585} INFO - Sync 1 DAGs
[2024-01-14T15:01:33.660+0000] {logging_mixin.py:120} INFO - [2024-01-14T15:01:33.660+0000] {dag.py:3340} INFO - Setting next_dagrun for example_branch_dop_operator_v3 to 2024-01-14T15:00:00+00:00, run_after=2024-01-14T15:01:00+00:00
[2024-01-14T15:01:33.672+0000] {processor.py:176} INFO - Processing /home/airflow/.local/lib/python3.7/site-packages/airflow/example_dags/example_branch_python_dop_operator_3.py took 0.074 seconds
[2024-01-14T15:02:03.750+0000] {processor.py:154} INFO - Started process (PID=322) to work on /home/airflow/.local/lib/python3.7/site-packages/airflow/example_dags/example_branch_python_dop_operator_3.py
[2024-01-14T15:02:03.751+0000] {processor.py:756} INFO - Processing file /home/airflow/.local/lib/python3.7/site-packages/airflow/example_dags/example_branch_python_dop_operator_3.py for tasks to queue
[2024-01-14T15:02:03.751+0000] {logging_mixin.py:120} INFO - [2024-01-14T15:02:03.751+0000] {dagbag.py:537} INFO - Filling up the DagBag from /home/airflow/.local/lib/python3.7/site-packages/airflow/example_dags/example_branch_python_dop_operator_3.py
[2024-01-14T15:02:03.768+0000] {processor.py:766} INFO - DAG(s) dict_keys(['example_branch_dop_operator_v3']) retrieved from /home/airflow/.local/lib/python3.7/site-packages/airflow/example_dags/example_branch_python_dop_operator_3.py
[2024-01-14T15:02:03.794+0000] {logging_mixin.py:120} INFO - [2024-01-14T15:02:03.793+0000] {dag.py:2585} INFO - Sync 1 DAGs
[2024-01-14T15:02:03.812+0000] {logging_mixin.py:120} INFO - [2024-01-14T15:02:03.812+0000] {dag.py:3340} INFO - Setting next_dagrun for example_branch_dop_operator_v3 to 2024-01-14T15:01:00+00:00, run_after=2024-01-14T15:02:00+00:00
[2024-01-14T15:02:03.824+0000] {processor.py:176} INFO - Processing /home/airflow/.local/lib/python3.7/site-packages/airflow/example_dags/example_branch_python_dop_operator_3.py took 0.076 seconds
[2024-01-14T15:02:33.889+0000] {processor.py:154} INFO - Started process (PID=385) to work on /home/airflow/.local/lib/python3.7/site-packages/airflow/example_dags/example_branch_python_dop_operator_3.py
[2024-01-14T15:02:33.890+0000] {processor.py:756} INFO - Processing file /home/airflow/.local/lib/python3.7/site-packages/airflow/example_dags/example_branch_python_dop_operator_3.py for tasks to queue
[2024-01-14T15:02:33.891+0000] {logging_mixin.py:120} INFO - [2024-01-14T15:02:33.891+0000] {dagbag.py:537} INFO - Filling up the DagBag from /home/airflow/.local/lib/python3.7/site-packages/airflow/example_dags/example_branch_python_dop_operator_3.py
[2024-01-14T15:02:33.907+0000] {processor.py:766} INFO - DAG(s) dict_keys(['example_branch_dop_operator_v3']) retrieved from /home/airflow/.local/lib/python3.7/site-packages/airflow/example_dags/example_branch_python_dop_operator_3.py
[2024-01-14T15:02:33.933+0000] {logging_mixin.py:120} INFO - [2024-01-14T15:02:33.933+0000] {dag.py:2585} INFO - Sync 1 DAGs
[2024-01-14T15:02:33.952+0000] {logging_mixin.py:120} INFO - [2024-01-14T15:02:33.952+0000] {dag.py:3340} INFO - Setting next_dagrun for example_branch_dop_operator_v3 to 2024-01-14T15:01:00+00:00, run_after=2024-01-14T15:02:00+00:00
[2024-01-14T15:02:33.964+0000] {processor.py:176} INFO - Processing /home/airflow/.local/lib/python3.7/site-packages/airflow/example_dags/example_branch_python_dop_operator_3.py took 0.076 seconds
[2024-01-14T15:03:04.083+0000] {processor.py:154} INFO - Started process (PID=439) to work on /home/airflow/.local/lib/python3.7/site-packages/airflow/example_dags/example_branch_python_dop_operator_3.py
[2024-01-14T15:03:04.084+0000] {processor.py:756} INFO - Processing file /home/airflow/.local/lib/python3.7/site-packages/airflow/example_dags/example_branch_python_dop_operator_3.py for tasks to queue
[2024-01-14T15:03:04.084+0000] {logging_mixin.py:120} INFO - [2024-01-14T15:03:04.084+0000] {dagbag.py:537} INFO - Filling up the DagBag from /home/airflow/.local/lib/python3.7/site-packages/airflow/example_dags/example_branch_python_dop_operator_3.py
[2024-01-14T15:03:04.099+0000] {processor.py:766} INFO - DAG(s) dict_keys(['example_branch_dop_operator_v3']) retrieved from /home/airflow/.local/lib/python3.7/site-packages/airflow/example_dags/example_branch_python_dop_operator_3.py
[2024-01-14T15:03:04.124+0000] {logging_mixin.py:120} INFO - [2024-01-14T15:03:04.124+0000] {dag.py:2585} INFO - Sync 1 DAGs
[2024-01-14T15:03:04.144+0000] {logging_mixin.py:120} INFO - [2024-01-14T15:03:04.144+0000] {dag.py:3340} INFO - Setting next_dagrun for example_branch_dop_operator_v3 to 2024-01-14T15:02:00+00:00, run_after=2024-01-14T15:03:00+00:00
[2024-01-14T15:03:04.154+0000] {processor.py:176} INFO - Processing /home/airflow/.local/lib/python3.7/site-packages/airflow/example_dags/example_branch_python_dop_operator_3.py took 0.074 seconds
[2024-01-14T15:03:34.293+0000] {processor.py:154} INFO - Started process (PID=503) to work on /home/airflow/.local/lib/python3.7/site-packages/airflow/example_dags/example_branch_python_dop_operator_3.py
[2024-01-14T15:03:34.294+0000] {processor.py:756} INFO - Processing file /home/airflow/.local/lib/python3.7/site-packages/airflow/example_dags/example_branch_python_dop_operator_3.py for tasks to queue
[2024-01-14T15:03:34.294+0000] {logging_mixin.py:120} INFO - [2024-01-14T15:03:34.294+0000] {dagbag.py:537} INFO - Filling up the DagBag from /home/airflow/.local/lib/python3.7/site-packages/airflow/example_dags/example_branch_python_dop_operator_3.py
[2024-01-14T15:03:34.311+0000] {processor.py:766} INFO - DAG(s) dict_keys(['example_branch_dop_operator_v3']) retrieved from /home/airflow/.local/lib/python3.7/site-packages/airflow/example_dags/example_branch_python_dop_operator_3.py
[2024-01-14T15:03:34.339+0000] {logging_mixin.py:120} INFO - [2024-01-14T15:03:34.339+0000] {dag.py:2585} INFO - Sync 1 DAGs
[2024-01-14T15:03:34.357+0000] {logging_mixin.py:120} INFO - [2024-01-14T15:03:34.357+0000] {dag.py:3340} INFO - Setting next_dagrun for example_branch_dop_operator_v3 to 2024-01-14T15:02:00+00:00, run_after=2024-01-14T15:03:00+00:00
[2024-01-14T15:03:34.369+0000] {processor.py:176} INFO - Processing /home/airflow/.local/lib/python3.7/site-packages/airflow/example_dags/example_branch_python_dop_operator_3.py took 0.078 seconds
[2024-01-14T15:04:05.167+0000] {processor.py:154} INFO - Started process (PID=565) to work on /home/airflow/.local/lib/python3.7/site-packages/airflow/example_dags/example_branch_python_dop_operator_3.py
[2024-01-14T15:04:05.168+0000] {processor.py:756} INFO - Processing file /home/airflow/.local/lib/python3.7/site-packages/airflow/example_dags/example_branch_python_dop_operator_3.py for tasks to queue
[2024-01-14T15:04:05.168+0000] {logging_mixin.py:120} INFO - [2024-01-14T15:04:05.168+0000] {dagbag.py:537} INFO - Filling up the DagBag from /home/airflow/.local/lib/python3.7/site-packages/airflow/example_dags/example_branch_python_dop_operator_3.py
[2024-01-14T15:04:05.184+0000] {processor.py:766} INFO - DAG(s) dict_keys(['example_branch_dop_operator_v3']) retrieved from /home/airflow/.local/lib/python3.7/site-packages/airflow/example_dags/example_branch_python_dop_operator_3.py
[2024-01-14T15:04:05.209+0000] {logging_mixin.py:120} INFO - [2024-01-14T15:04:05.209+0000] {dag.py:2585} INFO - Sync 1 DAGs
[2024-01-14T15:04:05.227+0000] {logging_mixin.py:120} INFO - [2024-01-14T15:04:05.227+0000] {dag.py:3340} INFO - Setting next_dagrun for example_branch_dop_operator_v3 to 2024-01-14T15:03:00+00:00, run_after=2024-01-14T15:04:00+00:00
[2024-01-14T15:04:05.238+0000] {processor.py:176} INFO - Processing /home/airflow/.local/lib/python3.7/site-packages/airflow/example_dags/example_branch_python_dop_operator_3.py took 0.073 seconds
[2024-01-14T15:04:35.344+0000] {processor.py:154} INFO - Started process (PID=628) to work on /home/airflow/.local/lib/python3.7/site-packages/airflow/example_dags/example_branch_python_dop_operator_3.py
[2024-01-14T15:04:35.344+0000] {processor.py:756} INFO - Processing file /home/airflow/.local/lib/python3.7/site-packages/airflow/example_dags/example_branch_python_dop_operator_3.py for tasks to queue
[2024-01-14T15:04:35.345+0000] {logging_mixin.py:120} INFO - [2024-01-14T15:04:35.345+0000] {dagbag.py:537} INFO - Filling up the DagBag from /home/airflow/.local/lib/python3.7/site-packages/airflow/example_dags/example_branch_python_dop_operator_3.py
[2024-01-14T15:04:35.361+0000] {processor.py:766} INFO - DAG(s) dict_keys(['example_branch_dop_operator_v3']) retrieved from /home/airflow/.local/lib/python3.7/site-packages/airflow/example_dags/example_branch_python_dop_operator_3.py
[2024-01-14T15:04:35.388+0000] {logging_mixin.py:120} INFO - [2024-01-14T15:04:35.388+0000] {dag.py:2585} INFO - Sync 1 DAGs
[2024-01-14T15:04:35.406+0000] {logging_mixin.py:120} INFO - [2024-01-14T15:04:35.406+0000] {dag.py:3340} INFO - Setting next_dagrun for example_branch_dop_operator_v3 to 2024-01-14T15:03:00+00:00, run_after=2024-01-14T15:04:00+00:00
[2024-01-14T15:04:35.417+0000] {processor.py:176} INFO - Processing /home/airflow/.local/lib/python3.7/site-packages/airflow/example_dags/example_branch_python_dop_operator_3.py took 0.076 seconds
[2024-01-14T15:05:05.496+0000] {processor.py:154} INFO - Started process (PID=691) to work on /home/airflow/.local/lib/python3.7/site-packages/airflow/example_dags/example_branch_python_dop_operator_3.py
[2024-01-14T15:05:05.496+0000] {processor.py:756} INFO - Processing file /home/airflow/.local/lib/python3.7/site-packages/airflow/example_dags/example_branch_python_dop_operator_3.py for tasks to queue
[2024-01-14T15:05:05.497+0000] {logging_mixin.py:120} INFO - [2024-01-14T15:05:05.497+0000] {dagbag.py:537} INFO - Filling up the DagBag from /home/airflow/.local/lib/python3.7/site-packages/airflow/example_dags/example_branch_python_dop_operator_3.py
[2024-01-14T15:05:05.513+0000] {processor.py:766} INFO - DAG(s) dict_keys(['example_branch_dop_operator_v3']) retrieved from /home/airflow/.local/lib/python3.7/site-packages/airflow/example_dags/example_branch_python_dop_operator_3.py
[2024-01-14T15:05:05.538+0000] {logging_mixin.py:120} INFO - [2024-01-14T15:05:05.538+0000] {dag.py:2585} INFO - Sync 1 DAGs
[2024-01-14T15:05:05.557+0000] {logging_mixin.py:120} INFO - [2024-01-14T15:05:05.557+0000] {dag.py:3340} INFO - Setting next_dagrun for example_branch_dop_operator_v3 to 2024-01-14T15:04:00+00:00, run_after=2024-01-14T15:05:00+00:00
[2024-01-14T15:05:05.568+0000] {processor.py:176} INFO - Processing /home/airflow/.local/lib/python3.7/site-packages/airflow/example_dags/example_branch_python_dop_operator_3.py took 0.075 seconds
[2024-01-14T15:05:36.419+0000] {processor.py:154} INFO - Started process (PID=754) to work on /home/airflow/.local/lib/python3.7/site-packages/airflow/example_dags/example_branch_python_dop_operator_3.py
[2024-01-14T15:05:36.420+0000] {processor.py:756} INFO - Processing file /home/airflow/.local/lib/python3.7/site-packages/airflow/example_dags/example_branch_python_dop_operator_3.py for tasks to queue
[2024-01-14T15:05:36.421+0000] {logging_mixin.py:120} INFO - [2024-01-14T15:05:36.421+0000] {dagbag.py:537} INFO - Filling up the DagBag from /home/airflow/.local/lib/python3.7/site-packages/airflow/example_dags/example_branch_python_dop_operator_3.py
[2024-01-14T15:05:36.438+0000] {processor.py:766} INFO - DAG(s) dict_keys(['example_branch_dop_operator_v3']) retrieved from /home/airflow/.local/lib/python3.7/site-packages/airflow/example_dags/example_branch_python_dop_operator_3.py
[2024-01-14T15:05:36.466+0000] {logging_mixin.py:120} INFO - [2024-01-14T15:05:36.466+0000] {dag.py:2585} INFO - Sync 1 DAGs
[2024-01-14T15:05:36.485+0000] {logging_mixin.py:120} INFO - [2024-01-14T15:05:36.485+0000] {dag.py:3340} INFO - Setting next_dagrun for example_branch_dop_operator_v3 to 2024-01-14T15:04:00+00:00, run_after=2024-01-14T15:05:00+00:00
[2024-01-14T15:05:36.495+0000] {processor.py:176} INFO - Processing /home/airflow/.local/lib/python3.7/site-packages/airflow/example_dags/example_branch_python_dop_operator_3.py took 0.079 seconds
[2024-01-14T15:06:07.320+0000] {processor.py:154} INFO - Started process (PID=808) to work on /home/airflow/.local/lib/python3.7/site-packages/airflow/example_dags/example_branch_python_dop_operator_3.py
[2024-01-14T15:06:07.321+0000] {processor.py:756} INFO - Processing file /home/airflow/.local/lib/python3.7/site-packages/airflow/example_dags/example_branch_python_dop_operator_3.py for tasks to queue
[2024-01-14T15:06:07.321+0000] {logging_mixin.py:120} INFO - [2024-01-14T15:06:07.321+0000] {dagbag.py:537} INFO - Filling up the DagBag from /home/airflow/.local/lib/python3.7/site-packages/airflow/example_dags/example_branch_python_dop_operator_3.py
[2024-01-14T15:06:07.337+0000] {processor.py:766} INFO - DAG(s) dict_keys(['example_branch_dop_operator_v3']) retrieved from /home/airflow/.local/lib/python3.7/site-packages/airflow/example_dags/example_branch_python_dop_operator_3.py
[2024-01-14T15:06:07.364+0000] {logging_mixin.py:120} INFO - [2024-01-14T15:06:07.364+0000] {dag.py:2585} INFO - Sync 1 DAGs
[2024-01-14T15:06:07.381+0000] {logging_mixin.py:120} INFO - [2024-01-14T15:06:07.381+0000] {dag.py:3340} INFO - Setting next_dagrun for example_branch_dop_operator_v3 to 2024-01-14T15:05:00+00:00, run_after=2024-01-14T15:06:00+00:00
[2024-01-14T15:06:07.392+0000] {processor.py:176} INFO - Processing /home/airflow/.local/lib/python3.7/site-packages/airflow/example_dags/example_branch_python_dop_operator_3.py took 0.075 seconds
[2024-01-14T15:06:37.481+0000] {processor.py:154} INFO - Started process (PID=871) to work on /home/airflow/.local/lib/python3.7/site-packages/airflow/example_dags/example_branch_python_dop_operator_3.py
[2024-01-14T15:06:37.481+0000] {processor.py:756} INFO - Processing file /home/airflow/.local/lib/python3.7/site-packages/airflow/example_dags/example_branch_python_dop_operator_3.py for tasks to queue
[2024-01-14T15:06:37.482+0000] {logging_mixin.py:120} INFO - [2024-01-14T15:06:37.482+0000] {dagbag.py:537} INFO - Filling up the DagBag from /home/airflow/.local/lib/python3.7/site-packages/airflow/example_dags/example_branch_python_dop_operator_3.py
[2024-01-14T15:06:37.498+0000] {processor.py:766} INFO - DAG(s) dict_keys(['example_branch_dop_operator_v3']) retrieved from /home/airflow/.local/lib/python3.7/site-packages/airflow/example_dags/example_branch_python_dop_operator_3.py
[2024-01-14T15:06:37.523+0000] {logging_mixin.py:120} INFO - [2024-01-14T15:06:37.523+0000] {dag.py:2585} INFO - Sync 1 DAGs
[2024-01-14T15:06:37.543+0000] {logging_mixin.py:120} INFO - [2024-01-14T15:06:37.543+0000] {dag.py:3340} INFO - Setting next_dagrun for example_branch_dop_operator_v3 to 2024-01-14T15:05:00+00:00, run_after=2024-01-14T15:06:00+00:00
[2024-01-14T15:06:37.554+0000] {processor.py:176} INFO - Processing /home/airflow/.local/lib/python3.7/site-packages/airflow/example_dags/example_branch_python_dop_operator_3.py took 0.076 seconds
[2024-01-14T15:07:08.407+0000] {processor.py:154} INFO - Started process (PID=934) to work on /home/airflow/.local/lib/python3.7/site-packages/airflow/example_dags/example_branch_python_dop_operator_3.py
[2024-01-14T15:07:08.407+0000] {processor.py:756} INFO - Processing file /home/airflow/.local/lib/python3.7/site-packages/airflow/example_dags/example_branch_python_dop_operator_3.py for tasks to queue
[2024-01-14T15:07:08.408+0000] {logging_mixin.py:120} INFO - [2024-01-14T15:07:08.408+0000] {dagbag.py:537} INFO - Filling up the DagBag from /home/airflow/.local/lib/python3.7/site-packages/airflow/example_dags/example_branch_python_dop_operator_3.py
[2024-01-14T15:07:08.424+0000] {processor.py:766} INFO - DAG(s) dict_keys(['example_branch_dop_operator_v3']) retrieved from /home/airflow/.local/lib/python3.7/site-packages/airflow/example_dags/example_branch_python_dop_operator_3.py
[2024-01-14T15:07:08.448+0000] {logging_mixin.py:120} INFO - [2024-01-14T15:07:08.448+0000] {dag.py:2585} INFO - Sync 1 DAGs
[2024-01-14T15:07:08.466+0000] {logging_mixin.py:120} INFO - [2024-01-14T15:07:08.466+0000] {dag.py:3340} INFO - Setting next_dagrun for example_branch_dop_operator_v3 to 2024-01-14T15:06:00+00:00, run_after=2024-01-14T15:07:00+00:00
[2024-01-14T15:07:08.477+0000] {processor.py:176} INFO - Processing /home/airflow/.local/lib/python3.7/site-packages/airflow/example_dags/example_branch_python_dop_operator_3.py took 0.073 seconds
[2024-01-14T15:07:39.449+0000] {processor.py:154} INFO - Started process (PID=996) to work on /home/airflow/.local/lib/python3.7/site-packages/airflow/example_dags/example_branch_python_dop_operator_3.py
[2024-01-14T15:07:39.449+0000] {processor.py:756} INFO - Processing file /home/airflow/.local/lib/python3.7/site-packages/airflow/example_dags/example_branch_python_dop_operator_3.py for tasks to queue
[2024-01-14T15:07:39.450+0000] {logging_mixin.py:120} INFO - [2024-01-14T15:07:39.450+0000] {dagbag.py:537} INFO - Filling up the DagBag from /home/airflow/.local/lib/python3.7/site-packages/airflow/example_dags/example_branch_python_dop_operator_3.py
[2024-01-14T15:07:39.466+0000] {processor.py:766} INFO - DAG(s) dict_keys(['example_branch_dop_operator_v3']) retrieved from /home/airflow/.local/lib/python3.7/site-packages/airflow/example_dags/example_branch_python_dop_operator_3.py
[2024-01-14T15:07:39.493+0000] {logging_mixin.py:120} INFO - [2024-01-14T15:07:39.493+0000] {dag.py:2585} INFO - Sync 1 DAGs
[2024-01-14T15:07:39.511+0000] {logging_mixin.py:120} INFO - [2024-01-14T15:07:39.511+0000] {dag.py:3340} INFO - Setting next_dagrun for example_branch_dop_operator_v3 to 2024-01-14T15:06:00+00:00, run_after=2024-01-14T15:07:00+00:00
[2024-01-14T15:07:39.522+0000] {processor.py:176} INFO - Processing /home/airflow/.local/lib/python3.7/site-packages/airflow/example_dags/example_branch_python_dop_operator_3.py took 0.076 seconds
[2024-01-14T15:08:09.660+0000] {processor.py:154} INFO - Started process (PID=1059) to work on /home/airflow/.local/lib/python3.7/site-packages/airflow/example_dags/example_branch_python_dop_operator_3.py
[2024-01-14T15:08:09.661+0000] {processor.py:756} INFO - Processing file /home/airflow/.local/lib/python3.7/site-packages/airflow/example_dags/example_branch_python_dop_operator_3.py for tasks to queue
[2024-01-14T15:08:09.661+0000] {logging_mixin.py:120} INFO - [2024-01-14T15:08:09.661+0000] {dagbag.py:537} INFO - Filling up the DagBag from /home/airflow/.local/lib/python3.7/site-packages/airflow/example_dags/example_branch_python_dop_operator_3.py
[2024-01-14T15:08:09.678+0000] {processor.py:766} INFO - DAG(s) dict_keys(['example_branch_dop_operator_v3']) retrieved from /home/airflow/.local/lib/python3.7/site-packages/airflow/example_dags/example_branch_python_dop_operator_3.py
[2024-01-14T15:08:09.707+0000] {logging_mixin.py:120} INFO - [2024-01-14T15:08:09.707+0000] {dag.py:2585} INFO - Sync 1 DAGs
[2024-01-14T15:08:09.728+0000] {logging_mixin.py:120} INFO - [2024-01-14T15:08:09.728+0000] {dag.py:3340} INFO - Setting next_dagrun for example_branch_dop_operator_v3 to 2024-01-14T15:07:00+00:00, run_after=2024-01-14T15:08:00+00:00
[2024-01-14T15:08:09.740+0000] {processor.py:176} INFO - Processing /home/airflow/.local/lib/python3.7/site-packages/airflow/example_dags/example_branch_python_dop_operator_3.py took 0.082 seconds
[2024-01-14T15:08:40.575+0000] {processor.py:154} INFO - Started process (PID=1122) to work on /home/airflow/.local/lib/python3.7/site-packages/airflow/example_dags/example_branch_python_dop_operator_3.py
[2024-01-14T15:08:40.576+0000] {processor.py:756} INFO - Processing file /home/airflow/.local/lib/python3.7/site-packages/airflow/example_dags/example_branch_python_dop_operator_3.py for tasks to queue
[2024-01-14T15:08:40.576+0000] {logging_mixin.py:120} INFO - [2024-01-14T15:08:40.576+0000] {dagbag.py:537} INFO - Filling up the DagBag from /home/airflow/.local/lib/python3.7/site-packages/airflow/example_dags/example_branch_python_dop_operator_3.py
[2024-01-14T15:08:40.592+0000] {processor.py:766} INFO - DAG(s) dict_keys(['example_branch_dop_operator_v3']) retrieved from /home/airflow/.local/lib/python3.7/site-packages/airflow/example_dags/example_branch_python_dop_operator_3.py
[2024-01-14T15:08:40.619+0000] {logging_mixin.py:120} INFO - [2024-01-14T15:08:40.619+0000] {dag.py:2585} INFO - Sync 1 DAGs
[2024-01-14T15:08:40.638+0000] {logging_mixin.py:120} INFO - [2024-01-14T15:08:40.638+0000] {dag.py:3340} INFO - Setting next_dagrun for example_branch_dop_operator_v3 to 2024-01-14T15:07:00+00:00, run_after=2024-01-14T15:08:00+00:00
[2024-01-14T15:08:40.651+0000] {processor.py:176} INFO - Processing /home/airflow/.local/lib/python3.7/site-packages/airflow/example_dags/example_branch_python_dop_operator_3.py took 0.079 seconds
[2024-01-14T15:09:11.569+0000] {processor.py:154} INFO - Started process (PID=1176) to work on /home/airflow/.local/lib/python3.7/site-packages/airflow/example_dags/example_branch_python_dop_operator_3.py
[2024-01-14T15:09:11.570+0000] {processor.py:756} INFO - Processing file /home/airflow/.local/lib/python3.7/site-packages/airflow/example_dags/example_branch_python_dop_operator_3.py for tasks to queue
[2024-01-14T15:09:11.571+0000] {logging_mixin.py:120} INFO - [2024-01-14T15:09:11.571+0000] {dagbag.py:537} INFO - Filling up the DagBag from /home/airflow/.local/lib/python3.7/site-packages/airflow/example_dags/example_branch_python_dop_operator_3.py
[2024-01-14T15:09:11.587+0000] {processor.py:766} INFO - DAG(s) dict_keys(['example_branch_dop_operator_v3']) retrieved from /home/airflow/.local/lib/python3.7/site-packages/airflow/example_dags/example_branch_python_dop_operator_3.py
[2024-01-14T15:09:11.614+0000] {logging_mixin.py:120} INFO - [2024-01-14T15:09:11.614+0000] {dag.py:2585} INFO - Sync 1 DAGs
[2024-01-14T15:09:11.632+0000] {logging_mixin.py:120} INFO - [2024-01-14T15:09:11.632+0000] {dag.py:3340} INFO - Setting next_dagrun for example_branch_dop_operator_v3 to 2024-01-14T15:08:00+00:00, run_after=2024-01-14T15:09:00+00:00
[2024-01-14T15:09:11.644+0000] {processor.py:176} INFO - Processing /home/airflow/.local/lib/python3.7/site-packages/airflow/example_dags/example_branch_python_dop_operator_3.py took 0.077 seconds
[2024-01-14T15:09:42.550+0000] {processor.py:154} INFO - Started process (PID=1239) to work on /home/airflow/.local/lib/python3.7/site-packages/airflow/example_dags/example_branch_python_dop_operator_3.py
[2024-01-14T15:09:42.551+0000] {processor.py:756} INFO - Processing file /home/airflow/.local/lib/python3.7/site-packages/airflow/example_dags/example_branch_python_dop_operator_3.py for tasks to queue
[2024-01-14T15:09:42.552+0000] {logging_mixin.py:120} INFO - [2024-01-14T15:09:42.551+0000] {dagbag.py:537} INFO - Filling up the DagBag from /home/airflow/.local/lib/python3.7/site-packages/airflow/example_dags/example_branch_python_dop_operator_3.py
[2024-01-14T15:09:42.567+0000] {processor.py:766} INFO - DAG(s) dict_keys(['example_branch_dop_operator_v3']) retrieved from /home/airflow/.local/lib/python3.7/site-packages/airflow/example_dags/example_branch_python_dop_operator_3.py
[2024-01-14T15:09:42.594+0000] {logging_mixin.py:120} INFO - [2024-01-14T15:09:42.594+0000] {dag.py:2585} INFO - Sync 1 DAGs
[2024-01-14T15:09:42.612+0000] {logging_mixin.py:120} INFO - [2024-01-14T15:09:42.612+0000] {dag.py:3340} INFO - Setting next_dagrun for example_branch_dop_operator_v3 to 2024-01-14T15:08:00+00:00, run_after=2024-01-14T15:09:00+00:00
[2024-01-14T15:09:42.623+0000] {processor.py:176} INFO - Processing /home/airflow/.local/lib/python3.7/site-packages/airflow/example_dags/example_branch_python_dop_operator_3.py took 0.075 seconds
[2024-01-14T15:10:13.513+0000] {processor.py:154} INFO - Started process (PID=1302) to work on /home/airflow/.local/lib/python3.7/site-packages/airflow/example_dags/example_branch_python_dop_operator_3.py
[2024-01-14T15:10:13.514+0000] {processor.py:756} INFO - Processing file /home/airflow/.local/lib/python3.7/site-packages/airflow/example_dags/example_branch_python_dop_operator_3.py for tasks to queue
[2024-01-14T15:10:13.515+0000] {logging_mixin.py:120} INFO - [2024-01-14T15:10:13.515+0000] {dagbag.py:537} INFO - Filling up the DagBag from /home/airflow/.local/lib/python3.7/site-packages/airflow/example_dags/example_branch_python_dop_operator_3.py
[2024-01-14T15:10:13.530+0000] {processor.py:766} INFO - DAG(s) dict_keys(['example_branch_dop_operator_v3']) retrieved from /home/airflow/.local/lib/python3.7/site-packages/airflow/example_dags/example_branch_python_dop_operator_3.py
[2024-01-14T15:10:13.556+0000] {logging_mixin.py:120} INFO - [2024-01-14T15:10:13.556+0000] {dag.py:2585} INFO - Sync 1 DAGs
[2024-01-14T15:10:13.574+0000] {logging_mixin.py:120} INFO - [2024-01-14T15:10:13.574+0000] {dag.py:3340} INFO - Setting next_dagrun for example_branch_dop_operator_v3 to 2024-01-14T15:09:00+00:00, run_after=2024-01-14T15:10:00+00:00
[2024-01-14T15:10:13.586+0000] {processor.py:176} INFO - Processing /home/airflow/.local/lib/python3.7/site-packages/airflow/example_dags/example_branch_python_dop_operator_3.py took 0.075 seconds
[2024-01-14T15:10:44.373+0000] {processor.py:154} INFO - Started process (PID=1365) to work on /home/airflow/.local/lib/python3.7/site-packages/airflow/example_dags/example_branch_python_dop_operator_3.py
[2024-01-14T15:10:44.374+0000] {processor.py:756} INFO - Processing file /home/airflow/.local/lib/python3.7/site-packages/airflow/example_dags/example_branch_python_dop_operator_3.py for tasks to queue
[2024-01-14T15:10:44.374+0000] {logging_mixin.py:120} INFO - [2024-01-14T15:10:44.374+0000] {dagbag.py:537} INFO - Filling up the DagBag from /home/airflow/.local/lib/python3.7/site-packages/airflow/example_dags/example_branch_python_dop_operator_3.py
[2024-01-14T15:10:44.390+0000] {processor.py:766} INFO - DAG(s) dict_keys(['example_branch_dop_operator_v3']) retrieved from /home/airflow/.local/lib/python3.7/site-packages/airflow/example_dags/example_branch_python_dop_operator_3.py
[2024-01-14T15:10:44.416+0000] {logging_mixin.py:120} INFO - [2024-01-14T15:10:44.416+0000] {dag.py:2585} INFO - Sync 1 DAGs
[2024-01-14T15:10:44.436+0000] {logging_mixin.py:120} INFO - [2024-01-14T15:10:44.436+0000] {dag.py:3340} INFO - Setting next_dagrun for example_branch_dop_operator_v3 to 2024-01-14T15:09:00+00:00, run_after=2024-01-14T15:10:00+00:00
[2024-01-14T15:10:44.447+0000] {processor.py:176} INFO - Processing /home/airflow/.local/lib/python3.7/site-packages/airflow/example_dags/example_branch_python_dop_operator_3.py took 0.076 seconds
[2024-01-14T15:11:45.490+0000] {processor.py:154} INFO - Started process (PID=1491) to work on /home/airflow/.local/lib/python3.7/site-packages/airflow/example_dags/example_branch_python_dop_operator_3.py
[2024-01-14T15:11:45.491+0000] {processor.py:756} INFO - Processing file /home/airflow/.local/lib/python3.7/site-packages/airflow/example_dags/example_branch_python_dop_operator_3.py for tasks to queue
[2024-01-14T15:11:45.492+0000] {logging_mixin.py:120} INFO - [2024-01-14T15:11:45.491+0000] {dagbag.py:537} INFO - Filling up the DagBag from /home/airflow/.local/lib/python3.7/site-packages/airflow/example_dags/example_branch_python_dop_operator_3.py
[2024-01-14T15:11:45.508+0000] {processor.py:766} INFO - DAG(s) dict_keys(['example_branch_dop_operator_v3']) retrieved from /home/airflow/.local/lib/python3.7/site-packages/airflow/example_dags/example_branch_python_dop_operator_3.py
[2024-01-14T15:11:45.533+0000] {logging_mixin.py:120} INFO - [2024-01-14T15:11:45.533+0000] {dag.py:2585} INFO - Sync 1 DAGs
[2024-01-14T15:11:45.551+0000] {logging_mixin.py:120} INFO - [2024-01-14T15:11:45.551+0000] {dag.py:3340} INFO - Setting next_dagrun for example_branch_dop_operator_v3 to 2024-01-14T15:10:00+00:00, run_after=2024-01-14T15:11:00+00:00
[2024-01-14T15:11:45.563+0000] {processor.py:176} INFO - Processing /home/airflow/.local/lib/python3.7/site-packages/airflow/example_dags/example_branch_python_dop_operator_3.py took 0.076 seconds
[2024-01-14T15:12:16.470+0000] {processor.py:154} INFO - Started process (PID=1554) to work on /home/airflow/.local/lib/python3.7/site-packages/airflow/example_dags/example_branch_python_dop_operator_3.py
[2024-01-14T15:12:16.471+0000] {processor.py:756} INFO - Processing file /home/airflow/.local/lib/python3.7/site-packages/airflow/example_dags/example_branch_python_dop_operator_3.py for tasks to queue
[2024-01-14T15:12:16.472+0000] {logging_mixin.py:120} INFO - [2024-01-14T15:12:16.472+0000] {dagbag.py:537} INFO - Filling up the DagBag from /home/airflow/.local/lib/python3.7/site-packages/airflow/example_dags/example_branch_python_dop_operator_3.py
[2024-01-14T15:12:16.488+0000] {processor.py:766} INFO - DAG(s) dict_keys(['example_branch_dop_operator_v3']) retrieved from /home/airflow/.local/lib/python3.7/site-packages/airflow/example_dags/example_branch_python_dop_operator_3.py
[2024-01-14T15:12:16.515+0000] {logging_mixin.py:120} INFO - [2024-01-14T15:12:16.514+0000] {dag.py:2585} INFO - Sync 1 DAGs
[2024-01-14T15:12:16.532+0000] {logging_mixin.py:120} INFO - [2024-01-14T15:12:16.532+0000] {dag.py:3340} INFO - Setting next_dagrun for example_branch_dop_operator_v3 to 2024-01-14T15:11:00+00:00, run_after=2024-01-14T15:12:00+00:00
[2024-01-14T15:12:16.544+0000] {processor.py:176} INFO - Processing /home/airflow/.local/lib/python3.7/site-packages/airflow/example_dags/example_branch_python_dop_operator_3.py took 0.076 seconds
[2024-01-14T15:12:47.405+0000] {processor.py:154} INFO - Started process (PID=1608) to work on /home/airflow/.local/lib/python3.7/site-packages/airflow/example_dags/example_branch_python_dop_operator_3.py
[2024-01-14T15:12:47.406+0000] {processor.py:756} INFO - Processing file /home/airflow/.local/lib/python3.7/site-packages/airflow/example_dags/example_branch_python_dop_operator_3.py for tasks to queue
[2024-01-14T15:12:47.407+0000] {logging_mixin.py:120} INFO - [2024-01-14T15:12:47.407+0000] {dagbag.py:537} INFO - Filling up the DagBag from /home/airflow/.local/lib/python3.7/site-packages/airflow/example_dags/example_branch_python_dop_operator_3.py
[2024-01-14T15:12:47.424+0000] {processor.py:766} INFO - DAG(s) dict_keys(['example_branch_dop_operator_v3']) retrieved from /home/airflow/.local/lib/python3.7/site-packages/airflow/example_dags/example_branch_python_dop_operator_3.py
[2024-01-14T15:12:47.452+0000] {logging_mixin.py:120} INFO - [2024-01-14T15:12:47.452+0000] {dag.py:2585} INFO - Sync 1 DAGs
[2024-01-14T15:12:47.471+0000] {logging_mixin.py:120} INFO - [2024-01-14T15:12:47.471+0000] {dag.py:3340} INFO - Setting next_dagrun for example_branch_dop_operator_v3 to 2024-01-14T15:11:00+00:00, run_after=2024-01-14T15:12:00+00:00
[2024-01-14T15:12:47.483+0000] {processor.py:176} INFO - Processing /home/airflow/.local/lib/python3.7/site-packages/airflow/example_dags/example_branch_python_dop_operator_3.py took 0.081 seconds
[2024-01-14T15:13:18.375+0000] {processor.py:154} INFO - Started process (PID=1671) to work on /home/airflow/.local/lib/python3.7/site-packages/airflow/example_dags/example_branch_python_dop_operator_3.py
[2024-01-14T15:13:18.376+0000] {processor.py:756} INFO - Processing file /home/airflow/.local/lib/python3.7/site-packages/airflow/example_dags/example_branch_python_dop_operator_3.py for tasks to queue
[2024-01-14T15:13:18.376+0000] {logging_mixin.py:120} INFO - [2024-01-14T15:13:18.376+0000] {dagbag.py:537} INFO - Filling up the DagBag from /home/airflow/.local/lib/python3.7/site-packages/airflow/example_dags/example_branch_python_dop_operator_3.py
[2024-01-14T15:13:18.391+0000] {processor.py:766} INFO - DAG(s) dict_keys(['example_branch_dop_operator_v3']) retrieved from /home/airflow/.local/lib/python3.7/site-packages/airflow/example_dags/example_branch_python_dop_operator_3.py
[2024-01-14T15:13:18.417+0000] {logging_mixin.py:120} INFO - [2024-01-14T15:13:18.417+0000] {dag.py:2585} INFO - Sync 1 DAGs
[2024-01-14T15:13:18.436+0000] {logging_mixin.py:120} INFO - [2024-01-14T15:13:18.436+0000] {dag.py:3340} INFO - Setting next_dagrun for example_branch_dop_operator_v3 to 2024-01-14T15:12:00+00:00, run_after=2024-01-14T15:13:00+00:00
[2024-01-14T15:13:18.447+0000] {processor.py:176} INFO - Processing /home/airflow/.local/lib/python3.7/site-packages/airflow/example_dags/example_branch_python_dop_operator_3.py took 0.076 seconds
[2024-01-14T15:13:49.327+0000] {processor.py:154} INFO - Started process (PID=1734) to work on /home/airflow/.local/lib/python3.7/site-packages/airflow/example_dags/example_branch_python_dop_operator_3.py
[2024-01-14T15:13:49.328+0000] {processor.py:756} INFO - Processing file /home/airflow/.local/lib/python3.7/site-packages/airflow/example_dags/example_branch_python_dop_operator_3.py for tasks to queue
[2024-01-14T15:13:49.328+0000] {logging_mixin.py:120} INFO - [2024-01-14T15:13:49.328+0000] {dagbag.py:537} INFO - Filling up the DagBag from /home/airflow/.local/lib/python3.7/site-packages/airflow/example_dags/example_branch_python_dop_operator_3.py
[2024-01-14T15:13:49.345+0000] {processor.py:766} INFO - DAG(s) dict_keys(['example_branch_dop_operator_v3']) retrieved from /home/airflow/.local/lib/python3.7/site-packages/airflow/example_dags/example_branch_python_dop_operator_3.py
[2024-01-14T15:13:49.371+0000] {logging_mixin.py:120} INFO - [2024-01-14T15:13:49.371+0000] {dag.py:2585} INFO - Sync 1 DAGs
[2024-01-14T15:13:49.388+0000] {logging_mixin.py:120} INFO - [2024-01-14T15:13:49.388+0000] {dag.py:3340} INFO - Setting next_dagrun for example_branch_dop_operator_v3 to 2024-01-14T15:12:00+00:00, run_after=2024-01-14T15:13:00+00:00
[2024-01-14T15:13:49.400+0000] {processor.py:176} INFO - Processing /home/airflow/.local/lib/python3.7/site-packages/airflow/example_dags/example_branch_python_dop_operator_3.py took 0.076 seconds
