[2024-01-14T14:59:57.726+0000] {processor.py:154} INFO - Started process (PID=45) to work on /home/airflow/.local/lib/python3.7/site-packages/airflow/example_dags/example_branch_day_of_week_operator.py
[2024-01-14T14:59:57.727+0000] {processor.py:756} INFO - Processing file /home/airflow/.local/lib/python3.7/site-packages/airflow/example_dags/example_branch_day_of_week_operator.py for tasks to queue
[2024-01-14T14:59:57.727+0000] {logging_mixin.py:120} INFO - [2024-01-14T14:59:57.727+0000] {dagbag.py:537} INFO - Filling up the DagBag from /home/airflow/.local/lib/python3.7/site-packages/airflow/example_dags/example_branch_day_of_week_operator.py
[2024-01-14T14:59:57.745+0000] {processor.py:766} INFO - DAG(s) dict_keys(['example_weekday_branch_operator']) retrieved from /home/airflow/.local/lib/python3.7/site-packages/airflow/example_dags/example_branch_day_of_week_operator.py
[2024-01-14T14:59:57.826+0000] {logging_mixin.py:120} INFO - [2024-01-14T14:59:57.826+0000] {manager.py:507} INFO - Created Permission View: can read on DAG:example_weekday_branch_operator
[2024-01-14T14:59:57.831+0000] {logging_mixin.py:120} INFO - [2024-01-14T14:59:57.831+0000] {manager.py:507} INFO - Created Permission View: can edit on DAG:example_weekday_branch_operator
[2024-01-14T14:59:57.835+0000] {logging_mixin.py:120} INFO - [2024-01-14T14:59:57.835+0000] {manager.py:507} INFO - Created Permission View: can delete on DAG:example_weekday_branch_operator
[2024-01-14T14:59:57.835+0000] {logging_mixin.py:120} INFO - [2024-01-14T14:59:57.835+0000] {dag.py:2585} INFO - Sync 1 DAGs
[2024-01-14T14:59:57.843+0000] {logging_mixin.py:120} INFO - [2024-01-14T14:59:57.843+0000] {dag.py:2606} INFO - Creating ORM DAG for example_weekday_branch_operator
[2024-01-14T14:59:57.851+0000] {logging_mixin.py:120} INFO - [2024-01-14T14:59:57.851+0000] {dag.py:3340} INFO - Setting next_dagrun for example_weekday_branch_operator to 2024-01-13T00:00:00+00:00, run_after=2024-01-14T00:00:00+00:00
[2024-01-14T14:59:57.862+0000] {processor.py:176} INFO - Processing /home/airflow/.local/lib/python3.7/site-packages/airflow/example_dags/example_branch_day_of_week_operator.py took 0.138 seconds
[2024-01-14T15:00:28.078+0000] {processor.py:154} INFO - Started process (PID=108) to work on /home/airflow/.local/lib/python3.7/site-packages/airflow/example_dags/example_branch_day_of_week_operator.py
[2024-01-14T15:00:28.079+0000] {processor.py:756} INFO - Processing file /home/airflow/.local/lib/python3.7/site-packages/airflow/example_dags/example_branch_day_of_week_operator.py for tasks to queue
[2024-01-14T15:00:28.080+0000] {logging_mixin.py:120} INFO - [2024-01-14T15:00:28.080+0000] {dagbag.py:537} INFO - Filling up the DagBag from /home/airflow/.local/lib/python3.7/site-packages/airflow/example_dags/example_branch_day_of_week_operator.py
[2024-01-14T15:00:28.091+0000] {processor.py:766} INFO - DAG(s) dict_keys(['example_weekday_branch_operator']) retrieved from /home/airflow/.local/lib/python3.7/site-packages/airflow/example_dags/example_branch_day_of_week_operator.py
[2024-01-14T15:00:28.118+0000] {logging_mixin.py:120} INFO - [2024-01-14T15:00:28.118+0000] {dag.py:2585} INFO - Sync 1 DAGs
[2024-01-14T15:00:28.135+0000] {logging_mixin.py:120} INFO - [2024-01-14T15:00:28.135+0000] {dag.py:3340} INFO - Setting next_dagrun for example_weekday_branch_operator to 2024-01-13T00:00:00+00:00, run_after=2024-01-14T00:00:00+00:00
[2024-01-14T15:00:28.147+0000] {processor.py:176} INFO - Processing /home/airflow/.local/lib/python3.7/site-packages/airflow/example_dags/example_branch_day_of_week_operator.py took 0.072 seconds
[2024-01-14T15:00:58.188+0000] {processor.py:154} INFO - Started process (PID=172) to work on /home/airflow/.local/lib/python3.7/site-packages/airflow/example_dags/example_branch_day_of_week_operator.py
[2024-01-14T15:00:58.189+0000] {processor.py:756} INFO - Processing file /home/airflow/.local/lib/python3.7/site-packages/airflow/example_dags/example_branch_day_of_week_operator.py for tasks to queue
[2024-01-14T15:00:58.189+0000] {logging_mixin.py:120} INFO - [2024-01-14T15:00:58.189+0000] {dagbag.py:537} INFO - Filling up the DagBag from /home/airflow/.local/lib/python3.7/site-packages/airflow/example_dags/example_branch_day_of_week_operator.py
[2024-01-14T15:00:58.201+0000] {processor.py:766} INFO - DAG(s) dict_keys(['example_weekday_branch_operator']) retrieved from /home/airflow/.local/lib/python3.7/site-packages/airflow/example_dags/example_branch_day_of_week_operator.py
[2024-01-14T15:00:58.228+0000] {logging_mixin.py:120} INFO - [2024-01-14T15:00:58.228+0000] {dag.py:2585} INFO - Sync 1 DAGs
[2024-01-14T15:00:58.247+0000] {logging_mixin.py:120} INFO - [2024-01-14T15:00:58.247+0000] {dag.py:3340} INFO - Setting next_dagrun for example_weekday_branch_operator to 2024-01-13T00:00:00+00:00, run_after=2024-01-14T00:00:00+00:00
[2024-01-14T15:00:58.260+0000] {processor.py:176} INFO - Processing /home/airflow/.local/lib/python3.7/site-packages/airflow/example_dags/example_branch_day_of_week_operator.py took 0.074 seconds
[2024-01-14T15:01:28.300+0000] {processor.py:154} INFO - Started process (PID=235) to work on /home/airflow/.local/lib/python3.7/site-packages/airflow/example_dags/example_branch_day_of_week_operator.py
[2024-01-14T15:01:28.301+0000] {processor.py:756} INFO - Processing file /home/airflow/.local/lib/python3.7/site-packages/airflow/example_dags/example_branch_day_of_week_operator.py for tasks to queue
[2024-01-14T15:01:28.302+0000] {logging_mixin.py:120} INFO - [2024-01-14T15:01:28.302+0000] {dagbag.py:537} INFO - Filling up the DagBag from /home/airflow/.local/lib/python3.7/site-packages/airflow/example_dags/example_branch_day_of_week_operator.py
[2024-01-14T15:01:28.313+0000] {processor.py:766} INFO - DAG(s) dict_keys(['example_weekday_branch_operator']) retrieved from /home/airflow/.local/lib/python3.7/site-packages/airflow/example_dags/example_branch_day_of_week_operator.py
[2024-01-14T15:01:28.344+0000] {logging_mixin.py:120} INFO - [2024-01-14T15:01:28.344+0000] {dag.py:2585} INFO - Sync 1 DAGs
[2024-01-14T15:01:28.360+0000] {logging_mixin.py:120} INFO - [2024-01-14T15:01:28.360+0000] {dag.py:3340} INFO - Setting next_dagrun for example_weekday_branch_operator to 2024-01-13T00:00:00+00:00, run_after=2024-01-14T00:00:00+00:00
[2024-01-14T15:01:28.370+0000] {processor.py:176} INFO - Processing /home/airflow/.local/lib/python3.7/site-packages/airflow/example_dags/example_branch_day_of_week_operator.py took 0.073 seconds
[2024-01-14T15:01:58.397+0000] {processor.py:154} INFO - Started process (PID=288) to work on /home/airflow/.local/lib/python3.7/site-packages/airflow/example_dags/example_branch_day_of_week_operator.py
[2024-01-14T15:01:58.397+0000] {processor.py:756} INFO - Processing file /home/airflow/.local/lib/python3.7/site-packages/airflow/example_dags/example_branch_day_of_week_operator.py for tasks to queue
[2024-01-14T15:01:58.398+0000] {logging_mixin.py:120} INFO - [2024-01-14T15:01:58.398+0000] {dagbag.py:537} INFO - Filling up the DagBag from /home/airflow/.local/lib/python3.7/site-packages/airflow/example_dags/example_branch_day_of_week_operator.py
[2024-01-14T15:01:58.411+0000] {processor.py:766} INFO - DAG(s) dict_keys(['example_weekday_branch_operator']) retrieved from /home/airflow/.local/lib/python3.7/site-packages/airflow/example_dags/example_branch_day_of_week_operator.py
[2024-01-14T15:01:58.443+0000] {logging_mixin.py:120} INFO - [2024-01-14T15:01:58.443+0000] {dag.py:2585} INFO - Sync 1 DAGs
[2024-01-14T15:01:58.461+0000] {logging_mixin.py:120} INFO - [2024-01-14T15:01:58.461+0000] {dag.py:3340} INFO - Setting next_dagrun for example_weekday_branch_operator to 2024-01-13T00:00:00+00:00, run_after=2024-01-14T00:00:00+00:00
[2024-01-14T15:01:58.473+0000] {processor.py:176} INFO - Processing /home/airflow/.local/lib/python3.7/site-packages/airflow/example_dags/example_branch_day_of_week_operator.py took 0.079 seconds
[2024-01-14T15:02:28.489+0000] {processor.py:154} INFO - Started process (PID=351) to work on /home/airflow/.local/lib/python3.7/site-packages/airflow/example_dags/example_branch_day_of_week_operator.py
[2024-01-14T15:02:28.489+0000] {processor.py:756} INFO - Processing file /home/airflow/.local/lib/python3.7/site-packages/airflow/example_dags/example_branch_day_of_week_operator.py for tasks to queue
[2024-01-14T15:02:28.490+0000] {logging_mixin.py:120} INFO - [2024-01-14T15:02:28.490+0000] {dagbag.py:537} INFO - Filling up the DagBag from /home/airflow/.local/lib/python3.7/site-packages/airflow/example_dags/example_branch_day_of_week_operator.py
[2024-01-14T15:02:28.501+0000] {processor.py:766} INFO - DAG(s) dict_keys(['example_weekday_branch_operator']) retrieved from /home/airflow/.local/lib/python3.7/site-packages/airflow/example_dags/example_branch_day_of_week_operator.py
[2024-01-14T15:02:28.528+0000] {logging_mixin.py:120} INFO - [2024-01-14T15:02:28.528+0000] {dag.py:2585} INFO - Sync 1 DAGs
[2024-01-14T15:02:28.544+0000] {logging_mixin.py:120} INFO - [2024-01-14T15:02:28.544+0000] {dag.py:3340} INFO - Setting next_dagrun for example_weekday_branch_operator to 2024-01-13T00:00:00+00:00, run_after=2024-01-14T00:00:00+00:00
[2024-01-14T15:02:28.555+0000] {processor.py:176} INFO - Processing /home/airflow/.local/lib/python3.7/site-packages/airflow/example_dags/example_branch_day_of_week_operator.py took 0.069 seconds
[2024-01-14T15:02:58.651+0000] {processor.py:154} INFO - Started process (PID=414) to work on /home/airflow/.local/lib/python3.7/site-packages/airflow/example_dags/example_branch_day_of_week_operator.py
[2024-01-14T15:02:58.652+0000] {processor.py:756} INFO - Processing file /home/airflow/.local/lib/python3.7/site-packages/airflow/example_dags/example_branch_day_of_week_operator.py for tasks to queue
[2024-01-14T15:02:58.653+0000] {logging_mixin.py:120} INFO - [2024-01-14T15:02:58.652+0000] {dagbag.py:537} INFO - Filling up the DagBag from /home/airflow/.local/lib/python3.7/site-packages/airflow/example_dags/example_branch_day_of_week_operator.py
[2024-01-14T15:02:58.664+0000] {processor.py:766} INFO - DAG(s) dict_keys(['example_weekday_branch_operator']) retrieved from /home/airflow/.local/lib/python3.7/site-packages/airflow/example_dags/example_branch_day_of_week_operator.py
[2024-01-14T15:02:58.692+0000] {logging_mixin.py:120} INFO - [2024-01-14T15:02:58.692+0000] {dag.py:2585} INFO - Sync 1 DAGs
[2024-01-14T15:02:58.709+0000] {logging_mixin.py:120} INFO - [2024-01-14T15:02:58.709+0000] {dag.py:3340} INFO - Setting next_dagrun for example_weekday_branch_operator to 2024-01-13T00:00:00+00:00, run_after=2024-01-14T00:00:00+00:00
[2024-01-14T15:02:58.721+0000] {processor.py:176} INFO - Processing /home/airflow/.local/lib/python3.7/site-packages/airflow/example_dags/example_branch_day_of_week_operator.py took 0.072 seconds
[2024-01-14T15:03:28.801+0000] {processor.py:154} INFO - Started process (PID=477) to work on /home/airflow/.local/lib/python3.7/site-packages/airflow/example_dags/example_branch_day_of_week_operator.py
[2024-01-14T15:03:28.801+0000] {processor.py:756} INFO - Processing file /home/airflow/.local/lib/python3.7/site-packages/airflow/example_dags/example_branch_day_of_week_operator.py for tasks to queue
[2024-01-14T15:03:28.802+0000] {logging_mixin.py:120} INFO - [2024-01-14T15:03:28.802+0000] {dagbag.py:537} INFO - Filling up the DagBag from /home/airflow/.local/lib/python3.7/site-packages/airflow/example_dags/example_branch_day_of_week_operator.py
[2024-01-14T15:03:28.813+0000] {processor.py:766} INFO - DAG(s) dict_keys(['example_weekday_branch_operator']) retrieved from /home/airflow/.local/lib/python3.7/site-packages/airflow/example_dags/example_branch_day_of_week_operator.py
[2024-01-14T15:03:28.842+0000] {logging_mixin.py:120} INFO - [2024-01-14T15:03:28.842+0000] {dag.py:2585} INFO - Sync 1 DAGs
[2024-01-14T15:03:28.859+0000] {logging_mixin.py:120} INFO - [2024-01-14T15:03:28.859+0000] {dag.py:3340} INFO - Setting next_dagrun for example_weekday_branch_operator to 2024-01-13T00:00:00+00:00, run_after=2024-01-14T00:00:00+00:00
[2024-01-14T15:03:28.871+0000] {processor.py:176} INFO - Processing /home/airflow/.local/lib/python3.7/site-packages/airflow/example_dags/example_branch_day_of_week_operator.py took 0.073 seconds
[2024-01-14T15:03:58.911+0000] {processor.py:154} INFO - Started process (PID=540) to work on /home/airflow/.local/lib/python3.7/site-packages/airflow/example_dags/example_branch_day_of_week_operator.py
[2024-01-14T15:03:58.912+0000] {processor.py:756} INFO - Processing file /home/airflow/.local/lib/python3.7/site-packages/airflow/example_dags/example_branch_day_of_week_operator.py for tasks to queue
[2024-01-14T15:03:58.913+0000] {logging_mixin.py:120} INFO - [2024-01-14T15:03:58.913+0000] {dagbag.py:537} INFO - Filling up the DagBag from /home/airflow/.local/lib/python3.7/site-packages/airflow/example_dags/example_branch_day_of_week_operator.py
[2024-01-14T15:03:58.922+0000] {processor.py:766} INFO - DAG(s) dict_keys(['example_weekday_branch_operator']) retrieved from /home/airflow/.local/lib/python3.7/site-packages/airflow/example_dags/example_branch_day_of_week_operator.py
[2024-01-14T15:03:58.949+0000] {logging_mixin.py:120} INFO - [2024-01-14T15:03:58.949+0000] {dag.py:2585} INFO - Sync 1 DAGs
[2024-01-14T15:03:58.967+0000] {logging_mixin.py:120} INFO - [2024-01-14T15:03:58.967+0000] {dag.py:3340} INFO - Setting next_dagrun for example_weekday_branch_operator to 2024-01-13T00:00:00+00:00, run_after=2024-01-14T00:00:00+00:00
[2024-01-14T15:03:58.978+0000] {processor.py:176} INFO - Processing /home/airflow/.local/lib/python3.7/site-packages/airflow/example_dags/example_branch_day_of_week_operator.py took 0.069 seconds
[2024-01-14T15:04:29.825+0000] {processor.py:154} INFO - Started process (PID=594) to work on /home/airflow/.local/lib/python3.7/site-packages/airflow/example_dags/example_branch_day_of_week_operator.py
[2024-01-14T15:04:29.826+0000] {processor.py:756} INFO - Processing file /home/airflow/.local/lib/python3.7/site-packages/airflow/example_dags/example_branch_day_of_week_operator.py for tasks to queue
[2024-01-14T15:04:29.826+0000] {logging_mixin.py:120} INFO - [2024-01-14T15:04:29.826+0000] {dagbag.py:537} INFO - Filling up the DagBag from /home/airflow/.local/lib/python3.7/site-packages/airflow/example_dags/example_branch_day_of_week_operator.py
[2024-01-14T15:04:29.837+0000] {processor.py:766} INFO - DAG(s) dict_keys(['example_weekday_branch_operator']) retrieved from /home/airflow/.local/lib/python3.7/site-packages/airflow/example_dags/example_branch_day_of_week_operator.py
[2024-01-14T15:04:29.867+0000] {logging_mixin.py:120} INFO - [2024-01-14T15:04:29.867+0000] {dag.py:2585} INFO - Sync 1 DAGs
[2024-01-14T15:04:29.883+0000] {logging_mixin.py:120} INFO - [2024-01-14T15:04:29.883+0000] {dag.py:3340} INFO - Setting next_dagrun for example_weekday_branch_operator to 2024-01-13T00:00:00+00:00, run_after=2024-01-14T00:00:00+00:00
[2024-01-14T15:04:29.894+0000] {processor.py:176} INFO - Processing /home/airflow/.local/lib/python3.7/site-packages/airflow/example_dags/example_branch_day_of_week_operator.py took 0.072 seconds
[2024-01-14T15:05:00.046+0000] {processor.py:154} INFO - Started process (PID=657) to work on /home/airflow/.local/lib/python3.7/site-packages/airflow/example_dags/example_branch_day_of_week_operator.py
[2024-01-14T15:05:00.046+0000] {processor.py:756} INFO - Processing file /home/airflow/.local/lib/python3.7/site-packages/airflow/example_dags/example_branch_day_of_week_operator.py for tasks to queue
[2024-01-14T15:05:00.047+0000] {logging_mixin.py:120} INFO - [2024-01-14T15:05:00.047+0000] {dagbag.py:537} INFO - Filling up the DagBag from /home/airflow/.local/lib/python3.7/site-packages/airflow/example_dags/example_branch_day_of_week_operator.py
[2024-01-14T15:05:00.060+0000] {processor.py:766} INFO - DAG(s) dict_keys(['example_weekday_branch_operator']) retrieved from /home/airflow/.local/lib/python3.7/site-packages/airflow/example_dags/example_branch_day_of_week_operator.py
[2024-01-14T15:05:00.088+0000] {logging_mixin.py:120} INFO - [2024-01-14T15:05:00.088+0000] {dag.py:2585} INFO - Sync 1 DAGs
[2024-01-14T15:05:00.105+0000] {logging_mixin.py:120} INFO - [2024-01-14T15:05:00.105+0000] {dag.py:3340} INFO - Setting next_dagrun for example_weekday_branch_operator to 2024-01-13T00:00:00+00:00, run_after=2024-01-14T00:00:00+00:00
[2024-01-14T15:05:00.116+0000] {processor.py:176} INFO - Processing /home/airflow/.local/lib/python3.7/site-packages/airflow/example_dags/example_branch_day_of_week_operator.py took 0.073 seconds
[2024-01-14T15:05:30.189+0000] {processor.py:154} INFO - Started process (PID=720) to work on /home/airflow/.local/lib/python3.7/site-packages/airflow/example_dags/example_branch_day_of_week_operator.py
[2024-01-14T15:05:30.190+0000] {processor.py:756} INFO - Processing file /home/airflow/.local/lib/python3.7/site-packages/airflow/example_dags/example_branch_day_of_week_operator.py for tasks to queue
[2024-01-14T15:05:30.191+0000] {logging_mixin.py:120} INFO - [2024-01-14T15:05:30.191+0000] {dagbag.py:537} INFO - Filling up the DagBag from /home/airflow/.local/lib/python3.7/site-packages/airflow/example_dags/example_branch_day_of_week_operator.py
[2024-01-14T15:05:30.202+0000] {processor.py:766} INFO - DAG(s) dict_keys(['example_weekday_branch_operator']) retrieved from /home/airflow/.local/lib/python3.7/site-packages/airflow/example_dags/example_branch_day_of_week_operator.py
[2024-01-14T15:05:30.231+0000] {logging_mixin.py:120} INFO - [2024-01-14T15:05:30.231+0000] {dag.py:2585} INFO - Sync 1 DAGs
[2024-01-14T15:05:30.248+0000] {logging_mixin.py:120} INFO - [2024-01-14T15:05:30.248+0000] {dag.py:3340} INFO - Setting next_dagrun for example_weekday_branch_operator to 2024-01-13T00:00:00+00:00, run_after=2024-01-14T00:00:00+00:00
[2024-01-14T15:05:30.259+0000] {processor.py:176} INFO - Processing /home/airflow/.local/lib/python3.7/site-packages/airflow/example_dags/example_branch_day_of_week_operator.py took 0.072 seconds
[2024-01-14T15:06:01.064+0000] {processor.py:154} INFO - Started process (PID=783) to work on /home/airflow/.local/lib/python3.7/site-packages/airflow/example_dags/example_branch_day_of_week_operator.py
[2024-01-14T15:06:01.064+0000] {processor.py:756} INFO - Processing file /home/airflow/.local/lib/python3.7/site-packages/airflow/example_dags/example_branch_day_of_week_operator.py for tasks to queue
[2024-01-14T15:06:01.065+0000] {logging_mixin.py:120} INFO - [2024-01-14T15:06:01.065+0000] {dagbag.py:537} INFO - Filling up the DagBag from /home/airflow/.local/lib/python3.7/site-packages/airflow/example_dags/example_branch_day_of_week_operator.py
[2024-01-14T15:06:01.077+0000] {processor.py:766} INFO - DAG(s) dict_keys(['example_weekday_branch_operator']) retrieved from /home/airflow/.local/lib/python3.7/site-packages/airflow/example_dags/example_branch_day_of_week_operator.py
[2024-01-14T15:06:01.107+0000] {logging_mixin.py:120} INFO - [2024-01-14T15:06:01.106+0000] {dag.py:2585} INFO - Sync 1 DAGs
[2024-01-14T15:06:01.123+0000] {logging_mixin.py:120} INFO - [2024-01-14T15:06:01.123+0000] {dag.py:3340} INFO - Setting next_dagrun for example_weekday_branch_operator to 2024-01-13T00:00:00+00:00, run_after=2024-01-14T00:00:00+00:00
[2024-01-14T15:06:01.133+0000] {processor.py:176} INFO - Processing /home/airflow/.local/lib/python3.7/site-packages/airflow/example_dags/example_branch_day_of_week_operator.py took 0.072 seconds
[2024-01-14T15:06:32.031+0000] {processor.py:154} INFO - Started process (PID=846) to work on /home/airflow/.local/lib/python3.7/site-packages/airflow/example_dags/example_branch_day_of_week_operator.py
[2024-01-14T15:06:32.032+0000] {processor.py:756} INFO - Processing file /home/airflow/.local/lib/python3.7/site-packages/airflow/example_dags/example_branch_day_of_week_operator.py for tasks to queue
[2024-01-14T15:06:32.033+0000] {logging_mixin.py:120} INFO - [2024-01-14T15:06:32.033+0000] {dagbag.py:537} INFO - Filling up the DagBag from /home/airflow/.local/lib/python3.7/site-packages/airflow/example_dags/example_branch_day_of_week_operator.py
[2024-01-14T15:06:32.045+0000] {processor.py:766} INFO - DAG(s) dict_keys(['example_weekday_branch_operator']) retrieved from /home/airflow/.local/lib/python3.7/site-packages/airflow/example_dags/example_branch_day_of_week_operator.py
[2024-01-14T15:06:32.074+0000] {logging_mixin.py:120} INFO - [2024-01-14T15:06:32.073+0000] {dag.py:2585} INFO - Sync 1 DAGs
[2024-01-14T15:06:32.090+0000] {logging_mixin.py:120} INFO - [2024-01-14T15:06:32.090+0000] {dag.py:3340} INFO - Setting next_dagrun for example_weekday_branch_operator to 2024-01-13T00:00:00+00:00, run_after=2024-01-14T00:00:00+00:00
[2024-01-14T15:06:32.101+0000] {processor.py:176} INFO - Processing /home/airflow/.local/lib/python3.7/site-packages/airflow/example_dags/example_branch_day_of_week_operator.py took 0.072 seconds
[2024-01-14T15:07:02.211+0000] {processor.py:154} INFO - Started process (PID=907) to work on /home/airflow/.local/lib/python3.7/site-packages/airflow/example_dags/example_branch_day_of_week_operator.py
[2024-01-14T15:07:02.212+0000] {processor.py:756} INFO - Processing file /home/airflow/.local/lib/python3.7/site-packages/airflow/example_dags/example_branch_day_of_week_operator.py for tasks to queue
[2024-01-14T15:07:02.213+0000] {logging_mixin.py:120} INFO - [2024-01-14T15:07:02.212+0000] {dagbag.py:537} INFO - Filling up the DagBag from /home/airflow/.local/lib/python3.7/site-packages/airflow/example_dags/example_branch_day_of_week_operator.py
[2024-01-14T15:07:02.223+0000] {processor.py:766} INFO - DAG(s) dict_keys(['example_weekday_branch_operator']) retrieved from /home/airflow/.local/lib/python3.7/site-packages/airflow/example_dags/example_branch_day_of_week_operator.py
[2024-01-14T15:07:02.248+0000] {logging_mixin.py:120} INFO - [2024-01-14T15:07:02.248+0000] {dag.py:2585} INFO - Sync 1 DAGs
[2024-01-14T15:07:02.265+0000] {logging_mixin.py:120} INFO - [2024-01-14T15:07:02.265+0000] {dag.py:3340} INFO - Setting next_dagrun for example_weekday_branch_operator to 2024-01-13T00:00:00+00:00, run_after=2024-01-14T00:00:00+00:00
[2024-01-14T15:07:02.277+0000] {processor.py:176} INFO - Processing /home/airflow/.local/lib/python3.7/site-packages/airflow/example_dags/example_branch_day_of_week_operator.py took 0.068 seconds
[2024-01-14T15:07:33.064+0000] {processor.py:154} INFO - Started process (PID=962) to work on /home/airflow/.local/lib/python3.7/site-packages/airflow/example_dags/example_branch_day_of_week_operator.py
[2024-01-14T15:07:33.064+0000] {processor.py:756} INFO - Processing file /home/airflow/.local/lib/python3.7/site-packages/airflow/example_dags/example_branch_day_of_week_operator.py for tasks to queue
[2024-01-14T15:07:33.065+0000] {logging_mixin.py:120} INFO - [2024-01-14T15:07:33.065+0000] {dagbag.py:537} INFO - Filling up the DagBag from /home/airflow/.local/lib/python3.7/site-packages/airflow/example_dags/example_branch_day_of_week_operator.py
[2024-01-14T15:07:33.076+0000] {processor.py:766} INFO - DAG(s) dict_keys(['example_weekday_branch_operator']) retrieved from /home/airflow/.local/lib/python3.7/site-packages/airflow/example_dags/example_branch_day_of_week_operator.py
[2024-01-14T15:07:33.105+0000] {logging_mixin.py:120} INFO - [2024-01-14T15:07:33.105+0000] {dag.py:2585} INFO - Sync 1 DAGs
[2024-01-14T15:07:33.122+0000] {logging_mixin.py:120} INFO - [2024-01-14T15:07:33.122+0000] {dag.py:3340} INFO - Setting next_dagrun for example_weekday_branch_operator to 2024-01-13T00:00:00+00:00, run_after=2024-01-14T00:00:00+00:00
[2024-01-14T15:07:33.133+0000] {processor.py:176} INFO - Processing /home/airflow/.local/lib/python3.7/site-packages/airflow/example_dags/example_branch_day_of_week_operator.py took 0.072 seconds
[2024-01-14T15:08:04.193+0000] {processor.py:154} INFO - Started process (PID=1025) to work on /home/airflow/.local/lib/python3.7/site-packages/airflow/example_dags/example_branch_day_of_week_operator.py
[2024-01-14T15:08:04.194+0000] {processor.py:756} INFO - Processing file /home/airflow/.local/lib/python3.7/site-packages/airflow/example_dags/example_branch_day_of_week_operator.py for tasks to queue
[2024-01-14T15:08:04.194+0000] {logging_mixin.py:120} INFO - [2024-01-14T15:08:04.194+0000] {dagbag.py:537} INFO - Filling up the DagBag from /home/airflow/.local/lib/python3.7/site-packages/airflow/example_dags/example_branch_day_of_week_operator.py
[2024-01-14T15:08:04.206+0000] {processor.py:766} INFO - DAG(s) dict_keys(['example_weekday_branch_operator']) retrieved from /home/airflow/.local/lib/python3.7/site-packages/airflow/example_dags/example_branch_day_of_week_operator.py
[2024-01-14T15:08:04.235+0000] {logging_mixin.py:120} INFO - [2024-01-14T15:08:04.235+0000] {dag.py:2585} INFO - Sync 1 DAGs
[2024-01-14T15:08:04.253+0000] {logging_mixin.py:120} INFO - [2024-01-14T15:08:04.253+0000] {dag.py:3340} INFO - Setting next_dagrun for example_weekday_branch_operator to 2024-01-13T00:00:00+00:00, run_after=2024-01-14T00:00:00+00:00
[2024-01-14T15:08:04.266+0000] {processor.py:176} INFO - Processing /home/airflow/.local/lib/python3.7/site-packages/airflow/example_dags/example_branch_day_of_week_operator.py took 0.076 seconds
[2024-01-14T15:08:34.331+0000] {processor.py:154} INFO - Started process (PID=1088) to work on /home/airflow/.local/lib/python3.7/site-packages/airflow/example_dags/example_branch_day_of_week_operator.py
[2024-01-14T15:08:34.332+0000] {processor.py:756} INFO - Processing file /home/airflow/.local/lib/python3.7/site-packages/airflow/example_dags/example_branch_day_of_week_operator.py for tasks to queue
[2024-01-14T15:08:34.332+0000] {logging_mixin.py:120} INFO - [2024-01-14T15:08:34.332+0000] {dagbag.py:537} INFO - Filling up the DagBag from /home/airflow/.local/lib/python3.7/site-packages/airflow/example_dags/example_branch_day_of_week_operator.py
[2024-01-14T15:08:34.343+0000] {processor.py:766} INFO - DAG(s) dict_keys(['example_weekday_branch_operator']) retrieved from /home/airflow/.local/lib/python3.7/site-packages/airflow/example_dags/example_branch_day_of_week_operator.py
[2024-01-14T15:08:34.370+0000] {logging_mixin.py:120} INFO - [2024-01-14T15:08:34.370+0000] {dag.py:2585} INFO - Sync 1 DAGs
[2024-01-14T15:08:34.386+0000] {logging_mixin.py:120} INFO - [2024-01-14T15:08:34.386+0000] {dag.py:3340} INFO - Setting next_dagrun for example_weekday_branch_operator to 2024-01-13T00:00:00+00:00, run_after=2024-01-14T00:00:00+00:00
[2024-01-14T15:08:34.397+0000] {processor.py:176} INFO - Processing /home/airflow/.local/lib/python3.7/site-packages/airflow/example_dags/example_branch_day_of_week_operator.py took 0.068 seconds
[2024-01-14T15:09:05.294+0000] {processor.py:154} INFO - Started process (PID=1151) to work on /home/airflow/.local/lib/python3.7/site-packages/airflow/example_dags/example_branch_day_of_week_operator.py
[2024-01-14T15:09:05.295+0000] {processor.py:756} INFO - Processing file /home/airflow/.local/lib/python3.7/site-packages/airflow/example_dags/example_branch_day_of_week_operator.py for tasks to queue
[2024-01-14T15:09:05.296+0000] {logging_mixin.py:120} INFO - [2024-01-14T15:09:05.296+0000] {dagbag.py:537} INFO - Filling up the DagBag from /home/airflow/.local/lib/python3.7/site-packages/airflow/example_dags/example_branch_day_of_week_operator.py
[2024-01-14T15:09:05.308+0000] {processor.py:766} INFO - DAG(s) dict_keys(['example_weekday_branch_operator']) retrieved from /home/airflow/.local/lib/python3.7/site-packages/airflow/example_dags/example_branch_day_of_week_operator.py
[2024-01-14T15:09:05.334+0000] {logging_mixin.py:120} INFO - [2024-01-14T15:09:05.334+0000] {dag.py:2585} INFO - Sync 1 DAGs
[2024-01-14T15:09:05.353+0000] {logging_mixin.py:120} INFO - [2024-01-14T15:09:05.353+0000] {dag.py:3340} INFO - Setting next_dagrun for example_weekday_branch_operator to 2024-01-13T00:00:00+00:00, run_after=2024-01-14T00:00:00+00:00
[2024-01-14T15:09:05.365+0000] {processor.py:176} INFO - Processing /home/airflow/.local/lib/python3.7/site-packages/airflow/example_dags/example_branch_day_of_week_operator.py took 0.073 seconds
[2024-01-14T15:09:36.280+0000] {processor.py:154} INFO - Started process (PID=1214) to work on /home/airflow/.local/lib/python3.7/site-packages/airflow/example_dags/example_branch_day_of_week_operator.py
[2024-01-14T15:09:36.281+0000] {processor.py:756} INFO - Processing file /home/airflow/.local/lib/python3.7/site-packages/airflow/example_dags/example_branch_day_of_week_operator.py for tasks to queue
[2024-01-14T15:09:36.282+0000] {logging_mixin.py:120} INFO - [2024-01-14T15:09:36.282+0000] {dagbag.py:537} INFO - Filling up the DagBag from /home/airflow/.local/lib/python3.7/site-packages/airflow/example_dags/example_branch_day_of_week_operator.py
[2024-01-14T15:09:36.293+0000] {processor.py:766} INFO - DAG(s) dict_keys(['example_weekday_branch_operator']) retrieved from /home/airflow/.local/lib/python3.7/site-packages/airflow/example_dags/example_branch_day_of_week_operator.py
[2024-01-14T15:09:36.322+0000] {logging_mixin.py:120} INFO - [2024-01-14T15:09:36.322+0000] {dag.py:2585} INFO - Sync 1 DAGs
[2024-01-14T15:09:36.339+0000] {logging_mixin.py:120} INFO - [2024-01-14T15:09:36.339+0000] {dag.py:3340} INFO - Setting next_dagrun for example_weekday_branch_operator to 2024-01-13T00:00:00+00:00, run_after=2024-01-14T00:00:00+00:00
[2024-01-14T15:09:36.350+0000] {processor.py:176} INFO - Processing /home/airflow/.local/lib/python3.7/site-packages/airflow/example_dags/example_branch_day_of_week_operator.py took 0.073 seconds
[2024-01-14T15:10:07.236+0000] {processor.py:154} INFO - Started process (PID=1277) to work on /home/airflow/.local/lib/python3.7/site-packages/airflow/example_dags/example_branch_day_of_week_operator.py
[2024-01-14T15:10:07.237+0000] {processor.py:756} INFO - Processing file /home/airflow/.local/lib/python3.7/site-packages/airflow/example_dags/example_branch_day_of_week_operator.py for tasks to queue
[2024-01-14T15:10:07.237+0000] {logging_mixin.py:120} INFO - [2024-01-14T15:10:07.237+0000] {dagbag.py:537} INFO - Filling up the DagBag from /home/airflow/.local/lib/python3.7/site-packages/airflow/example_dags/example_branch_day_of_week_operator.py
[2024-01-14T15:10:07.248+0000] {processor.py:766} INFO - DAG(s) dict_keys(['example_weekday_branch_operator']) retrieved from /home/airflow/.local/lib/python3.7/site-packages/airflow/example_dags/example_branch_day_of_week_operator.py
[2024-01-14T15:10:07.276+0000] {logging_mixin.py:120} INFO - [2024-01-14T15:10:07.275+0000] {dag.py:2585} INFO - Sync 1 DAGs
[2024-01-14T15:10:07.291+0000] {logging_mixin.py:120} INFO - [2024-01-14T15:10:07.291+0000] {dag.py:3340} INFO - Setting next_dagrun for example_weekday_branch_operator to 2024-01-13T00:00:00+00:00, run_after=2024-01-14T00:00:00+00:00
[2024-01-14T15:10:07.303+0000] {processor.py:176} INFO - Processing /home/airflow/.local/lib/python3.7/site-packages/airflow/example_dags/example_branch_day_of_week_operator.py took 0.069 seconds
[2024-01-14T15:10:38.161+0000] {processor.py:154} INFO - Started process (PID=1331) to work on /home/airflow/.local/lib/python3.7/site-packages/airflow/example_dags/example_branch_day_of_week_operator.py
[2024-01-14T15:10:38.162+0000] {processor.py:756} INFO - Processing file /home/airflow/.local/lib/python3.7/site-packages/airflow/example_dags/example_branch_day_of_week_operator.py for tasks to queue
[2024-01-14T15:10:38.162+0000] {logging_mixin.py:120} INFO - [2024-01-14T15:10:38.162+0000] {dagbag.py:537} INFO - Filling up the DagBag from /home/airflow/.local/lib/python3.7/site-packages/airflow/example_dags/example_branch_day_of_week_operator.py
[2024-01-14T15:10:38.174+0000] {processor.py:766} INFO - DAG(s) dict_keys(['example_weekday_branch_operator']) retrieved from /home/airflow/.local/lib/python3.7/site-packages/airflow/example_dags/example_branch_day_of_week_operator.py
[2024-01-14T15:10:38.202+0000] {logging_mixin.py:120} INFO - [2024-01-14T15:10:38.202+0000] {dag.py:2585} INFO - Sync 1 DAGs
[2024-01-14T15:10:38.219+0000] {logging_mixin.py:120} INFO - [2024-01-14T15:10:38.219+0000] {dag.py:3340} INFO - Setting next_dagrun for example_weekday_branch_operator to 2024-01-13T00:00:00+00:00, run_after=2024-01-14T00:00:00+00:00
[2024-01-14T15:10:38.231+0000] {processor.py:176} INFO - Processing /home/airflow/.local/lib/python3.7/site-packages/airflow/example_dags/example_branch_day_of_week_operator.py took 0.073 seconds
[2024-01-14T15:12:10.206+0000] {processor.py:154} INFO - Started process (PID=1520) to work on /home/airflow/.local/lib/python3.7/site-packages/airflow/example_dags/example_branch_day_of_week_operator.py
[2024-01-14T15:12:10.207+0000] {processor.py:756} INFO - Processing file /home/airflow/.local/lib/python3.7/site-packages/airflow/example_dags/example_branch_day_of_week_operator.py for tasks to queue
[2024-01-14T15:12:10.208+0000] {logging_mixin.py:120} INFO - [2024-01-14T15:12:10.208+0000] {dagbag.py:537} INFO - Filling up the DagBag from /home/airflow/.local/lib/python3.7/site-packages/airflow/example_dags/example_branch_day_of_week_operator.py
[2024-01-14T15:12:10.219+0000] {processor.py:766} INFO - DAG(s) dict_keys(['example_weekday_branch_operator']) retrieved from /home/airflow/.local/lib/python3.7/site-packages/airflow/example_dags/example_branch_day_of_week_operator.py
[2024-01-14T15:12:10.248+0000] {logging_mixin.py:120} INFO - [2024-01-14T15:12:10.248+0000] {dag.py:2585} INFO - Sync 1 DAGs
[2024-01-14T15:12:10.264+0000] {logging_mixin.py:120} INFO - [2024-01-14T15:12:10.264+0000] {dag.py:3340} INFO - Setting next_dagrun for example_weekday_branch_operator to 2024-01-13T00:00:00+00:00, run_after=2024-01-14T00:00:00+00:00
[2024-01-14T15:12:10.276+0000] {processor.py:176} INFO - Processing /home/airflow/.local/lib/python3.7/site-packages/airflow/example_dags/example_branch_day_of_week_operator.py took 0.073 seconds
[2024-01-14T15:12:41.053+0000] {processor.py:154} INFO - Started process (PID=1583) to work on /home/airflow/.local/lib/python3.7/site-packages/airflow/example_dags/example_branch_day_of_week_operator.py
[2024-01-14T15:12:41.054+0000] {processor.py:756} INFO - Processing file /home/airflow/.local/lib/python3.7/site-packages/airflow/example_dags/example_branch_day_of_week_operator.py for tasks to queue
[2024-01-14T15:12:41.054+0000] {logging_mixin.py:120} INFO - [2024-01-14T15:12:41.054+0000] {dagbag.py:537} INFO - Filling up the DagBag from /home/airflow/.local/lib/python3.7/site-packages/airflow/example_dags/example_branch_day_of_week_operator.py
[2024-01-14T15:12:41.066+0000] {processor.py:766} INFO - DAG(s) dict_keys(['example_weekday_branch_operator']) retrieved from /home/airflow/.local/lib/python3.7/site-packages/airflow/example_dags/example_branch_day_of_week_operator.py
[2024-01-14T15:12:41.093+0000] {logging_mixin.py:120} INFO - [2024-01-14T15:12:41.092+0000] {dag.py:2585} INFO - Sync 1 DAGs
[2024-01-14T15:12:41.108+0000] {logging_mixin.py:120} INFO - [2024-01-14T15:12:41.108+0000] {dag.py:3340} INFO - Setting next_dagrun for example_weekday_branch_operator to 2024-01-13T00:00:00+00:00, run_after=2024-01-14T00:00:00+00:00
[2024-01-14T15:12:41.118+0000] {processor.py:176} INFO - Processing /home/airflow/.local/lib/python3.7/site-packages/airflow/example_dags/example_branch_day_of_week_operator.py took 0.067 seconds
[2024-01-14T15:13:11.991+0000] {processor.py:154} INFO - Started process (PID=1646) to work on /home/airflow/.local/lib/python3.7/site-packages/airflow/example_dags/example_branch_day_of_week_operator.py
[2024-01-14T15:13:11.992+0000] {processor.py:756} INFO - Processing file /home/airflow/.local/lib/python3.7/site-packages/airflow/example_dags/example_branch_day_of_week_operator.py for tasks to queue
[2024-01-14T15:13:11.992+0000] {logging_mixin.py:120} INFO - [2024-01-14T15:13:11.992+0000] {dagbag.py:537} INFO - Filling up the DagBag from /home/airflow/.local/lib/python3.7/site-packages/airflow/example_dags/example_branch_day_of_week_operator.py
[2024-01-14T15:13:12.003+0000] {processor.py:766} INFO - DAG(s) dict_keys(['example_weekday_branch_operator']) retrieved from /home/airflow/.local/lib/python3.7/site-packages/airflow/example_dags/example_branch_day_of_week_operator.py
[2024-01-14T15:13:12.030+0000] {logging_mixin.py:120} INFO - [2024-01-14T15:13:12.030+0000] {dag.py:2585} INFO - Sync 1 DAGs
[2024-01-14T15:13:12.047+0000] {logging_mixin.py:120} INFO - [2024-01-14T15:13:12.047+0000] {dag.py:3340} INFO - Setting next_dagrun for example_weekday_branch_operator to 2024-01-13T00:00:00+00:00, run_after=2024-01-14T00:00:00+00:00
[2024-01-14T15:13:12.058+0000] {processor.py:176} INFO - Processing /home/airflow/.local/lib/python3.7/site-packages/airflow/example_dags/example_branch_day_of_week_operator.py took 0.069 seconds
[2024-01-14T15:13:42.966+0000] {processor.py:154} INFO - Started process (PID=1709) to work on /home/airflow/.local/lib/python3.7/site-packages/airflow/example_dags/example_branch_day_of_week_operator.py
[2024-01-14T15:13:42.967+0000] {processor.py:756} INFO - Processing file /home/airflow/.local/lib/python3.7/site-packages/airflow/example_dags/example_branch_day_of_week_operator.py for tasks to queue
[2024-01-14T15:13:42.967+0000] {logging_mixin.py:120} INFO - [2024-01-14T15:13:42.967+0000] {dagbag.py:537} INFO - Filling up the DagBag from /home/airflow/.local/lib/python3.7/site-packages/airflow/example_dags/example_branch_day_of_week_operator.py
[2024-01-14T15:13:42.978+0000] {processor.py:766} INFO - DAG(s) dict_keys(['example_weekday_branch_operator']) retrieved from /home/airflow/.local/lib/python3.7/site-packages/airflow/example_dags/example_branch_day_of_week_operator.py
[2024-01-14T15:13:43.003+0000] {logging_mixin.py:120} INFO - [2024-01-14T15:13:43.003+0000] {dag.py:2585} INFO - Sync 1 DAGs
[2024-01-14T15:13:43.020+0000] {logging_mixin.py:120} INFO - [2024-01-14T15:13:43.020+0000] {dag.py:3340} INFO - Setting next_dagrun for example_weekday_branch_operator to 2024-01-13T00:00:00+00:00, run_after=2024-01-14T00:00:00+00:00
[2024-01-14T15:13:43.031+0000] {processor.py:176} INFO - Processing /home/airflow/.local/lib/python3.7/site-packages/airflow/example_dags/example_branch_day_of_week_operator.py took 0.067 seconds
[2024-01-14T15:14:14.025+0000] {processor.py:154} INFO - Started process (PID=1763) to work on /home/airflow/.local/lib/python3.7/site-packages/airflow/example_dags/example_branch_day_of_week_operator.py
[2024-01-14T15:14:14.026+0000] {processor.py:756} INFO - Processing file /home/airflow/.local/lib/python3.7/site-packages/airflow/example_dags/example_branch_day_of_week_operator.py for tasks to queue
[2024-01-14T15:14:14.027+0000] {logging_mixin.py:120} INFO - [2024-01-14T15:14:14.027+0000] {dagbag.py:537} INFO - Filling up the DagBag from /home/airflow/.local/lib/python3.7/site-packages/airflow/example_dags/example_branch_day_of_week_operator.py
[2024-01-14T15:14:14.039+0000] {processor.py:766} INFO - DAG(s) dict_keys(['example_weekday_branch_operator']) retrieved from /home/airflow/.local/lib/python3.7/site-packages/airflow/example_dags/example_branch_day_of_week_operator.py
[2024-01-14T15:14:14.069+0000] {logging_mixin.py:120} INFO - [2024-01-14T15:14:14.068+0000] {dag.py:2585} INFO - Sync 1 DAGs
[2024-01-14T15:14:14.086+0000] {logging_mixin.py:120} INFO - [2024-01-14T15:14:14.086+0000] {dag.py:3340} INFO - Setting next_dagrun for example_weekday_branch_operator to 2024-01-13T00:00:00+00:00, run_after=2024-01-14T00:00:00+00:00
[2024-01-14T15:14:14.098+0000] {processor.py:176} INFO - Processing /home/airflow/.local/lib/python3.7/site-packages/airflow/example_dags/example_branch_day_of_week_operator.py took 0.075 seconds
[2024-01-14T15:14:44.995+0000] {processor.py:154} INFO - Started process (PID=1826) to work on /home/airflow/.local/lib/python3.7/site-packages/airflow/example_dags/example_branch_day_of_week_operator.py
[2024-01-14T15:14:44.996+0000] {processor.py:756} INFO - Processing file /home/airflow/.local/lib/python3.7/site-packages/airflow/example_dags/example_branch_day_of_week_operator.py for tasks to queue
[2024-01-14T15:14:44.996+0000] {logging_mixin.py:120} INFO - [2024-01-14T15:14:44.996+0000] {dagbag.py:537} INFO - Filling up the DagBag from /home/airflow/.local/lib/python3.7/site-packages/airflow/example_dags/example_branch_day_of_week_operator.py
[2024-01-14T15:14:45.010+0000] {processor.py:766} INFO - DAG(s) dict_keys(['example_weekday_branch_operator']) retrieved from /home/airflow/.local/lib/python3.7/site-packages/airflow/example_dags/example_branch_day_of_week_operator.py
[2024-01-14T15:14:45.041+0000] {logging_mixin.py:120} INFO - [2024-01-14T15:14:45.041+0000] {dag.py:2585} INFO - Sync 1 DAGs
[2024-01-14T15:14:45.059+0000] {logging_mixin.py:120} INFO - [2024-01-14T15:14:45.059+0000] {dag.py:3340} INFO - Setting next_dagrun for example_weekday_branch_operator to 2024-01-13T00:00:00+00:00, run_after=2024-01-14T00:00:00+00:00
[2024-01-14T15:14:45.071+0000] {processor.py:176} INFO - Processing /home/airflow/.local/lib/python3.7/site-packages/airflow/example_dags/example_branch_day_of_week_operator.py took 0.079 seconds
[2024-01-14T15:15:15.895+0000] {processor.py:154} INFO - Started process (PID=1889) to work on /home/airflow/.local/lib/python3.7/site-packages/airflow/example_dags/example_branch_day_of_week_operator.py
[2024-01-14T15:15:15.895+0000] {processor.py:756} INFO - Processing file /home/airflow/.local/lib/python3.7/site-packages/airflow/example_dags/example_branch_day_of_week_operator.py for tasks to queue
[2024-01-14T15:15:15.896+0000] {logging_mixin.py:120} INFO - [2024-01-14T15:15:15.896+0000] {dagbag.py:537} INFO - Filling up the DagBag from /home/airflow/.local/lib/python3.7/site-packages/airflow/example_dags/example_branch_day_of_week_operator.py
[2024-01-14T15:15:15.908+0000] {processor.py:766} INFO - DAG(s) dict_keys(['example_weekday_branch_operator']) retrieved from /home/airflow/.local/lib/python3.7/site-packages/airflow/example_dags/example_branch_day_of_week_operator.py
[2024-01-14T15:15:15.937+0000] {logging_mixin.py:120} INFO - [2024-01-14T15:15:15.937+0000] {dag.py:2585} INFO - Sync 1 DAGs
[2024-01-14T15:15:15.955+0000] {logging_mixin.py:120} INFO - [2024-01-14T15:15:15.955+0000] {dag.py:3340} INFO - Setting next_dagrun for example_weekday_branch_operator to 2024-01-13T00:00:00+00:00, run_after=2024-01-14T00:00:00+00:00
[2024-01-14T15:15:15.966+0000] {processor.py:176} INFO - Processing /home/airflow/.local/lib/python3.7/site-packages/airflow/example_dags/example_branch_day_of_week_operator.py took 0.074 seconds
[2024-01-14T15:15:46.969+0000] {processor.py:154} INFO - Started process (PID=1952) to work on /home/airflow/.local/lib/python3.7/site-packages/airflow/example_dags/example_branch_day_of_week_operator.py
[2024-01-14T15:15:46.970+0000] {processor.py:756} INFO - Processing file /home/airflow/.local/lib/python3.7/site-packages/airflow/example_dags/example_branch_day_of_week_operator.py for tasks to queue
[2024-01-14T15:15:46.970+0000] {logging_mixin.py:120} INFO - [2024-01-14T15:15:46.970+0000] {dagbag.py:537} INFO - Filling up the DagBag from /home/airflow/.local/lib/python3.7/site-packages/airflow/example_dags/example_branch_day_of_week_operator.py
[2024-01-14T15:15:46.983+0000] {processor.py:766} INFO - DAG(s) dict_keys(['example_weekday_branch_operator']) retrieved from /home/airflow/.local/lib/python3.7/site-packages/airflow/example_dags/example_branch_day_of_week_operator.py
[2024-01-14T15:15:47.013+0000] {logging_mixin.py:120} INFO - [2024-01-14T15:15:47.013+0000] {dag.py:2585} INFO - Sync 1 DAGs
[2024-01-14T15:15:47.029+0000] {logging_mixin.py:120} INFO - [2024-01-14T15:15:47.029+0000] {dag.py:3340} INFO - Setting next_dagrun for example_weekday_branch_operator to 2024-01-13T00:00:00+00:00, run_after=2024-01-14T00:00:00+00:00
[2024-01-14T15:15:47.041+0000] {processor.py:176} INFO - Processing /home/airflow/.local/lib/python3.7/site-packages/airflow/example_dags/example_branch_day_of_week_operator.py took 0.075 seconds
[2024-01-14T15:16:17.111+0000] {processor.py:154} INFO - Started process (PID=2015) to work on /home/airflow/.local/lib/python3.7/site-packages/airflow/example_dags/example_branch_day_of_week_operator.py
[2024-01-14T15:16:17.112+0000] {processor.py:756} INFO - Processing file /home/airflow/.local/lib/python3.7/site-packages/airflow/example_dags/example_branch_day_of_week_operator.py for tasks to queue
[2024-01-14T15:16:17.112+0000] {logging_mixin.py:120} INFO - [2024-01-14T15:16:17.112+0000] {dagbag.py:537} INFO - Filling up the DagBag from /home/airflow/.local/lib/python3.7/site-packages/airflow/example_dags/example_branch_day_of_week_operator.py
[2024-01-14T15:16:17.124+0000] {processor.py:766} INFO - DAG(s) dict_keys(['example_weekday_branch_operator']) retrieved from /home/airflow/.local/lib/python3.7/site-packages/airflow/example_dags/example_branch_day_of_week_operator.py
[2024-01-14T15:16:17.154+0000] {logging_mixin.py:120} INFO - [2024-01-14T15:16:17.154+0000] {dag.py:2585} INFO - Sync 1 DAGs
[2024-01-14T15:16:17.170+0000] {logging_mixin.py:120} INFO - [2024-01-14T15:16:17.170+0000] {dag.py:3340} INFO - Setting next_dagrun for example_weekday_branch_operator to 2024-01-13T00:00:00+00:00, run_after=2024-01-14T00:00:00+00:00
[2024-01-14T15:16:17.181+0000] {processor.py:176} INFO - Processing /home/airflow/.local/lib/python3.7/site-packages/airflow/example_dags/example_branch_day_of_week_operator.py took 0.073 seconds
[2024-01-14T15:16:48.112+0000] {processor.py:154} INFO - Started process (PID=2078) to work on /home/airflow/.local/lib/python3.7/site-packages/airflow/example_dags/example_branch_day_of_week_operator.py
[2024-01-14T15:16:48.113+0000] {processor.py:756} INFO - Processing file /home/airflow/.local/lib/python3.7/site-packages/airflow/example_dags/example_branch_day_of_week_operator.py for tasks to queue
[2024-01-14T15:16:48.114+0000] {logging_mixin.py:120} INFO - [2024-01-14T15:16:48.114+0000] {dagbag.py:537} INFO - Filling up the DagBag from /home/airflow/.local/lib/python3.7/site-packages/airflow/example_dags/example_branch_day_of_week_operator.py
[2024-01-14T15:16:48.124+0000] {processor.py:766} INFO - DAG(s) dict_keys(['example_weekday_branch_operator']) retrieved from /home/airflow/.local/lib/python3.7/site-packages/airflow/example_dags/example_branch_day_of_week_operator.py
[2024-01-14T15:16:48.150+0000] {logging_mixin.py:120} INFO - [2024-01-14T15:16:48.150+0000] {dag.py:2585} INFO - Sync 1 DAGs
[2024-01-14T15:16:48.166+0000] {logging_mixin.py:120} INFO - [2024-01-14T15:16:48.166+0000] {dag.py:3340} INFO - Setting next_dagrun for example_weekday_branch_operator to 2024-01-13T00:00:00+00:00, run_after=2024-01-14T00:00:00+00:00
[2024-01-14T15:16:48.178+0000] {processor.py:176} INFO - Processing /home/airflow/.local/lib/python3.7/site-packages/airflow/example_dags/example_branch_day_of_week_operator.py took 0.068 seconds
[2024-01-14T15:17:18.224+0000] {processor.py:154} INFO - Started process (PID=2132) to work on /home/airflow/.local/lib/python3.7/site-packages/airflow/example_dags/example_branch_day_of_week_operator.py
[2024-01-14T15:17:18.225+0000] {processor.py:756} INFO - Processing file /home/airflow/.local/lib/python3.7/site-packages/airflow/example_dags/example_branch_day_of_week_operator.py for tasks to queue
[2024-01-14T15:17:18.225+0000] {logging_mixin.py:120} INFO - [2024-01-14T15:17:18.225+0000] {dagbag.py:537} INFO - Filling up the DagBag from /home/airflow/.local/lib/python3.7/site-packages/airflow/example_dags/example_branch_day_of_week_operator.py
[2024-01-14T15:17:18.236+0000] {processor.py:766} INFO - DAG(s) dict_keys(['example_weekday_branch_operator']) retrieved from /home/airflow/.local/lib/python3.7/site-packages/airflow/example_dags/example_branch_day_of_week_operator.py
[2024-01-14T15:17:18.265+0000] {logging_mixin.py:120} INFO - [2024-01-14T15:17:18.265+0000] {dag.py:2585} INFO - Sync 1 DAGs
[2024-01-14T15:17:18.282+0000] {logging_mixin.py:120} INFO - [2024-01-14T15:17:18.282+0000] {dag.py:3340} INFO - Setting next_dagrun for example_weekday_branch_operator to 2024-01-13T00:00:00+00:00, run_after=2024-01-14T00:00:00+00:00
[2024-01-14T15:17:18.293+0000] {processor.py:176} INFO - Processing /home/airflow/.local/lib/python3.7/site-packages/airflow/example_dags/example_branch_day_of_week_operator.py took 0.071 seconds
[2024-01-14T15:17:48.408+0000] {processor.py:154} INFO - Started process (PID=2195) to work on /home/airflow/.local/lib/python3.7/site-packages/airflow/example_dags/example_branch_day_of_week_operator.py
[2024-01-14T15:17:48.409+0000] {processor.py:756} INFO - Processing file /home/airflow/.local/lib/python3.7/site-packages/airflow/example_dags/example_branch_day_of_week_operator.py for tasks to queue
[2024-01-14T15:17:48.409+0000] {logging_mixin.py:120} INFO - [2024-01-14T15:17:48.409+0000] {dagbag.py:537} INFO - Filling up the DagBag from /home/airflow/.local/lib/python3.7/site-packages/airflow/example_dags/example_branch_day_of_week_operator.py
[2024-01-14T15:17:48.421+0000] {processor.py:766} INFO - DAG(s) dict_keys(['example_weekday_branch_operator']) retrieved from /home/airflow/.local/lib/python3.7/site-packages/airflow/example_dags/example_branch_day_of_week_operator.py
[2024-01-14T15:17:48.450+0000] {logging_mixin.py:120} INFO - [2024-01-14T15:17:48.450+0000] {dag.py:2585} INFO - Sync 1 DAGs
[2024-01-14T15:17:48.466+0000] {logging_mixin.py:120} INFO - [2024-01-14T15:17:48.466+0000] {dag.py:3340} INFO - Setting next_dagrun for example_weekday_branch_operator to 2024-01-13T00:00:00+00:00, run_after=2024-01-14T00:00:00+00:00
[2024-01-14T15:17:48.477+0000] {processor.py:176} INFO - Processing /home/airflow/.local/lib/python3.7/site-packages/airflow/example_dags/example_branch_day_of_week_operator.py took 0.071 seconds
[2024-01-14T15:18:18.525+0000] {processor.py:154} INFO - Started process (PID=2258) to work on /home/airflow/.local/lib/python3.7/site-packages/airflow/example_dags/example_branch_day_of_week_operator.py
[2024-01-14T15:18:18.526+0000] {processor.py:756} INFO - Processing file /home/airflow/.local/lib/python3.7/site-packages/airflow/example_dags/example_branch_day_of_week_operator.py for tasks to queue
[2024-01-14T15:18:18.526+0000] {logging_mixin.py:120} INFO - [2024-01-14T15:18:18.526+0000] {dagbag.py:537} INFO - Filling up the DagBag from /home/airflow/.local/lib/python3.7/site-packages/airflow/example_dags/example_branch_day_of_week_operator.py
[2024-01-14T15:18:18.537+0000] {processor.py:766} INFO - DAG(s) dict_keys(['example_weekday_branch_operator']) retrieved from /home/airflow/.local/lib/python3.7/site-packages/airflow/example_dags/example_branch_day_of_week_operator.py
[2024-01-14T15:18:18.567+0000] {logging_mixin.py:120} INFO - [2024-01-14T15:18:18.567+0000] {dag.py:2585} INFO - Sync 1 DAGs
[2024-01-14T15:18:18.583+0000] {logging_mixin.py:120} INFO - [2024-01-14T15:18:18.583+0000] {dag.py:3340} INFO - Setting next_dagrun for example_weekday_branch_operator to 2024-01-13T00:00:00+00:00, run_after=2024-01-14T00:00:00+00:00
[2024-01-14T15:18:18.594+0000] {processor.py:176} INFO - Processing /home/airflow/.local/lib/python3.7/site-packages/airflow/example_dags/example_branch_day_of_week_operator.py took 0.071 seconds
[2024-01-14T15:18:49.362+0000] {processor.py:154} INFO - Started process (PID=2321) to work on /home/airflow/.local/lib/python3.7/site-packages/airflow/example_dags/example_branch_day_of_week_operator.py
[2024-01-14T15:18:49.363+0000] {processor.py:756} INFO - Processing file /home/airflow/.local/lib/python3.7/site-packages/airflow/example_dags/example_branch_day_of_week_operator.py for tasks to queue
[2024-01-14T15:18:49.364+0000] {logging_mixin.py:120} INFO - [2024-01-14T15:18:49.364+0000] {dagbag.py:537} INFO - Filling up the DagBag from /home/airflow/.local/lib/python3.7/site-packages/airflow/example_dags/example_branch_day_of_week_operator.py
[2024-01-14T15:18:49.375+0000] {processor.py:766} INFO - DAG(s) dict_keys(['example_weekday_branch_operator']) retrieved from /home/airflow/.local/lib/python3.7/site-packages/airflow/example_dags/example_branch_day_of_week_operator.py
[2024-01-14T15:18:49.401+0000] {logging_mixin.py:120} INFO - [2024-01-14T15:18:49.401+0000] {dag.py:2585} INFO - Sync 1 DAGs
[2024-01-14T15:18:49.422+0000] {logging_mixin.py:120} INFO - [2024-01-14T15:18:49.422+0000] {dag.py:3340} INFO - Setting next_dagrun for example_weekday_branch_operator to 2024-01-13T00:00:00+00:00, run_after=2024-01-14T00:00:00+00:00
[2024-01-14T15:18:49.436+0000] {processor.py:176} INFO - Processing /home/airflow/.local/lib/python3.7/site-packages/airflow/example_dags/example_branch_day_of_week_operator.py took 0.076 seconds
[2024-01-14T15:19:20.469+0000] {processor.py:154} INFO - Started process (PID=2384) to work on /home/airflow/.local/lib/python3.7/site-packages/airflow/example_dags/example_branch_day_of_week_operator.py
[2024-01-14T15:19:20.469+0000] {processor.py:756} INFO - Processing file /home/airflow/.local/lib/python3.7/site-packages/airflow/example_dags/example_branch_day_of_week_operator.py for tasks to queue
[2024-01-14T15:19:20.470+0000] {logging_mixin.py:120} INFO - [2024-01-14T15:19:20.470+0000] {dagbag.py:537} INFO - Filling up the DagBag from /home/airflow/.local/lib/python3.7/site-packages/airflow/example_dags/example_branch_day_of_week_operator.py
[2024-01-14T15:19:20.481+0000] {processor.py:766} INFO - DAG(s) dict_keys(['example_weekday_branch_operator']) retrieved from /home/airflow/.local/lib/python3.7/site-packages/airflow/example_dags/example_branch_day_of_week_operator.py
[2024-01-14T15:19:20.511+0000] {logging_mixin.py:120} INFO - [2024-01-14T15:19:20.511+0000] {dag.py:2585} INFO - Sync 1 DAGs
[2024-01-14T15:19:20.528+0000] {logging_mixin.py:120} INFO - [2024-01-14T15:19:20.528+0000] {dag.py:3340} INFO - Setting next_dagrun for example_weekday_branch_operator to 2024-01-13T00:00:00+00:00, run_after=2024-01-14T00:00:00+00:00
[2024-01-14T15:19:20.539+0000] {processor.py:176} INFO - Processing /home/airflow/.local/lib/python3.7/site-packages/airflow/example_dags/example_branch_day_of_week_operator.py took 0.074 seconds
[2024-01-14T15:19:50.629+0000] {processor.py:154} INFO - Started process (PID=2445) to work on /home/airflow/.local/lib/python3.7/site-packages/airflow/example_dags/example_branch_day_of_week_operator.py
[2024-01-14T15:19:50.630+0000] {processor.py:756} INFO - Processing file /home/airflow/.local/lib/python3.7/site-packages/airflow/example_dags/example_branch_day_of_week_operator.py for tasks to queue
[2024-01-14T15:19:50.630+0000] {logging_mixin.py:120} INFO - [2024-01-14T15:19:50.630+0000] {dagbag.py:537} INFO - Filling up the DagBag from /home/airflow/.local/lib/python3.7/site-packages/airflow/example_dags/example_branch_day_of_week_operator.py
[2024-01-14T15:19:50.640+0000] {processor.py:766} INFO - DAG(s) dict_keys(['example_weekday_branch_operator']) retrieved from /home/airflow/.local/lib/python3.7/site-packages/airflow/example_dags/example_branch_day_of_week_operator.py
[2024-01-14T15:19:50.665+0000] {logging_mixin.py:120} INFO - [2024-01-14T15:19:50.665+0000] {dag.py:2585} INFO - Sync 1 DAGs
[2024-01-14T15:19:50.681+0000] {logging_mixin.py:120} INFO - [2024-01-14T15:19:50.681+0000] {dag.py:3340} INFO - Setting next_dagrun for example_weekday_branch_operator to 2024-01-13T00:00:00+00:00, run_after=2024-01-14T00:00:00+00:00
[2024-01-14T15:19:50.691+0000] {processor.py:176} INFO - Processing /home/airflow/.local/lib/python3.7/site-packages/airflow/example_dags/example_branch_day_of_week_operator.py took 0.065 seconds
[2024-01-14T15:20:21.639+0000] {processor.py:154} INFO - Started process (PID=2501) to work on /home/airflow/.local/lib/python3.7/site-packages/airflow/example_dags/example_branch_day_of_week_operator.py
[2024-01-14T15:20:21.640+0000] {processor.py:756} INFO - Processing file /home/airflow/.local/lib/python3.7/site-packages/airflow/example_dags/example_branch_day_of_week_operator.py for tasks to queue
[2024-01-14T15:20:21.640+0000] {logging_mixin.py:120} INFO - [2024-01-14T15:20:21.640+0000] {dagbag.py:537} INFO - Filling up the DagBag from /home/airflow/.local/lib/python3.7/site-packages/airflow/example_dags/example_branch_day_of_week_operator.py
[2024-01-14T15:20:21.652+0000] {processor.py:766} INFO - DAG(s) dict_keys(['example_weekday_branch_operator']) retrieved from /home/airflow/.local/lib/python3.7/site-packages/airflow/example_dags/example_branch_day_of_week_operator.py
[2024-01-14T15:20:21.682+0000] {logging_mixin.py:120} INFO - [2024-01-14T15:20:21.682+0000] {dag.py:2585} INFO - Sync 1 DAGs
[2024-01-14T15:20:21.698+0000] {logging_mixin.py:120} INFO - [2024-01-14T15:20:21.698+0000] {dag.py:3340} INFO - Setting next_dagrun for example_weekday_branch_operator to 2024-01-13T00:00:00+00:00, run_after=2024-01-14T00:00:00+00:00
[2024-01-14T15:20:21.710+0000] {processor.py:176} INFO - Processing /home/airflow/.local/lib/python3.7/site-packages/airflow/example_dags/example_branch_day_of_week_operator.py took 0.073 seconds
[2024-01-14T15:20:52.492+0000] {processor.py:154} INFO - Started process (PID=2564) to work on /home/airflow/.local/lib/python3.7/site-packages/airflow/example_dags/example_branch_day_of_week_operator.py
[2024-01-14T15:20:52.493+0000] {processor.py:756} INFO - Processing file /home/airflow/.local/lib/python3.7/site-packages/airflow/example_dags/example_branch_day_of_week_operator.py for tasks to queue
[2024-01-14T15:20:52.494+0000] {logging_mixin.py:120} INFO - [2024-01-14T15:20:52.494+0000] {dagbag.py:537} INFO - Filling up the DagBag from /home/airflow/.local/lib/python3.7/site-packages/airflow/example_dags/example_branch_day_of_week_operator.py
[2024-01-14T15:20:52.507+0000] {processor.py:766} INFO - DAG(s) dict_keys(['example_weekday_branch_operator']) retrieved from /home/airflow/.local/lib/python3.7/site-packages/airflow/example_dags/example_branch_day_of_week_operator.py
[2024-01-14T15:20:52.539+0000] {logging_mixin.py:120} INFO - [2024-01-14T15:20:52.539+0000] {dag.py:2585} INFO - Sync 1 DAGs
[2024-01-14T15:20:52.557+0000] {logging_mixin.py:120} INFO - [2024-01-14T15:20:52.556+0000] {dag.py:3340} INFO - Setting next_dagrun for example_weekday_branch_operator to 2024-01-13T00:00:00+00:00, run_after=2024-01-14T00:00:00+00:00
[2024-01-14T15:20:52.580+0000] {processor.py:176} INFO - Processing /home/airflow/.local/lib/python3.7/site-packages/airflow/example_dags/example_branch_day_of_week_operator.py took 0.091 seconds
[2024-01-14T15:21:23.494+0000] {processor.py:154} INFO - Started process (PID=2627) to work on /home/airflow/.local/lib/python3.7/site-packages/airflow/example_dags/example_branch_day_of_week_operator.py
[2024-01-14T15:21:23.495+0000] {processor.py:756} INFO - Processing file /home/airflow/.local/lib/python3.7/site-packages/airflow/example_dags/example_branch_day_of_week_operator.py for tasks to queue
[2024-01-14T15:21:23.495+0000] {logging_mixin.py:120} INFO - [2024-01-14T15:21:23.495+0000] {dagbag.py:537} INFO - Filling up the DagBag from /home/airflow/.local/lib/python3.7/site-packages/airflow/example_dags/example_branch_day_of_week_operator.py
[2024-01-14T15:21:23.506+0000] {processor.py:766} INFO - DAG(s) dict_keys(['example_weekday_branch_operator']) retrieved from /home/airflow/.local/lib/python3.7/site-packages/airflow/example_dags/example_branch_day_of_week_operator.py
[2024-01-14T15:21:23.533+0000] {logging_mixin.py:120} INFO - [2024-01-14T15:21:23.533+0000] {dag.py:2585} INFO - Sync 1 DAGs
[2024-01-14T15:21:23.550+0000] {logging_mixin.py:120} INFO - [2024-01-14T15:21:23.550+0000] {dag.py:3340} INFO - Setting next_dagrun for example_weekday_branch_operator to 2024-01-13T00:00:00+00:00, run_after=2024-01-14T00:00:00+00:00
[2024-01-14T15:21:23.561+0000] {processor.py:176} INFO - Processing /home/airflow/.local/lib/python3.7/site-packages/airflow/example_dags/example_branch_day_of_week_operator.py took 0.069 seconds
[2024-01-14T15:21:54.496+0000] {processor.py:154} INFO - Started process (PID=2690) to work on /home/airflow/.local/lib/python3.7/site-packages/airflow/example_dags/example_branch_day_of_week_operator.py
[2024-01-14T15:21:54.497+0000] {processor.py:756} INFO - Processing file /home/airflow/.local/lib/python3.7/site-packages/airflow/example_dags/example_branch_day_of_week_operator.py for tasks to queue
[2024-01-14T15:21:54.498+0000] {logging_mixin.py:120} INFO - [2024-01-14T15:21:54.498+0000] {dagbag.py:537} INFO - Filling up the DagBag from /home/airflow/.local/lib/python3.7/site-packages/airflow/example_dags/example_branch_day_of_week_operator.py
[2024-01-14T15:21:54.509+0000] {processor.py:766} INFO - DAG(s) dict_keys(['example_weekday_branch_operator']) retrieved from /home/airflow/.local/lib/python3.7/site-packages/airflow/example_dags/example_branch_day_of_week_operator.py
[2024-01-14T15:21:54.539+0000] {logging_mixin.py:120} INFO - [2024-01-14T15:21:54.539+0000] {dag.py:2585} INFO - Sync 1 DAGs
[2024-01-14T15:21:54.556+0000] {logging_mixin.py:120} INFO - [2024-01-14T15:21:54.555+0000] {dag.py:3340} INFO - Setting next_dagrun for example_weekday_branch_operator to 2024-01-13T00:00:00+00:00, run_after=2024-01-14T00:00:00+00:00
[2024-01-14T15:21:54.566+0000] {processor.py:176} INFO - Processing /home/airflow/.local/lib/python3.7/site-packages/airflow/example_dags/example_branch_day_of_week_operator.py took 0.073 seconds
[2024-01-14T15:22:25.475+0000] {processor.py:154} INFO - Started process (PID=2753) to work on /home/airflow/.local/lib/python3.7/site-packages/airflow/example_dags/example_branch_day_of_week_operator.py
[2024-01-14T15:22:25.476+0000] {processor.py:756} INFO - Processing file /home/airflow/.local/lib/python3.7/site-packages/airflow/example_dags/example_branch_day_of_week_operator.py for tasks to queue
[2024-01-14T15:22:25.476+0000] {logging_mixin.py:120} INFO - [2024-01-14T15:22:25.476+0000] {dagbag.py:537} INFO - Filling up the DagBag from /home/airflow/.local/lib/python3.7/site-packages/airflow/example_dags/example_branch_day_of_week_operator.py
[2024-01-14T15:22:25.488+0000] {processor.py:766} INFO - DAG(s) dict_keys(['example_weekday_branch_operator']) retrieved from /home/airflow/.local/lib/python3.7/site-packages/airflow/example_dags/example_branch_day_of_week_operator.py
[2024-01-14T15:22:25.517+0000] {logging_mixin.py:120} INFO - [2024-01-14T15:22:25.517+0000] {dag.py:2585} INFO - Sync 1 DAGs
[2024-01-14T15:22:25.533+0000] {logging_mixin.py:120} INFO - [2024-01-14T15:22:25.533+0000] {dag.py:3340} INFO - Setting next_dagrun for example_weekday_branch_operator to 2024-01-13T00:00:00+00:00, run_after=2024-01-14T00:00:00+00:00
[2024-01-14T15:22:25.544+0000] {processor.py:176} INFO - Processing /home/airflow/.local/lib/python3.7/site-packages/airflow/example_dags/example_branch_day_of_week_operator.py took 0.072 seconds
[2024-01-14T15:22:55.579+0000] {processor.py:154} INFO - Started process (PID=2816) to work on /home/airflow/.local/lib/python3.7/site-packages/airflow/example_dags/example_branch_day_of_week_operator.py
[2024-01-14T15:22:55.579+0000] {processor.py:756} INFO - Processing file /home/airflow/.local/lib/python3.7/site-packages/airflow/example_dags/example_branch_day_of_week_operator.py for tasks to queue
[2024-01-14T15:22:55.580+0000] {logging_mixin.py:120} INFO - [2024-01-14T15:22:55.580+0000] {dagbag.py:537} INFO - Filling up the DagBag from /home/airflow/.local/lib/python3.7/site-packages/airflow/example_dags/example_branch_day_of_week_operator.py
[2024-01-14T15:22:55.592+0000] {processor.py:766} INFO - DAG(s) dict_keys(['example_weekday_branch_operator']) retrieved from /home/airflow/.local/lib/python3.7/site-packages/airflow/example_dags/example_branch_day_of_week_operator.py
[2024-01-14T15:22:55.622+0000] {logging_mixin.py:120} INFO - [2024-01-14T15:22:55.622+0000] {dag.py:2585} INFO - Sync 1 DAGs
[2024-01-14T15:22:55.639+0000] {logging_mixin.py:120} INFO - [2024-01-14T15:22:55.639+0000] {dag.py:3340} INFO - Setting next_dagrun for example_weekday_branch_operator to 2024-01-13T00:00:00+00:00, run_after=2024-01-14T00:00:00+00:00
[2024-01-14T15:22:55.651+0000] {processor.py:176} INFO - Processing /home/airflow/.local/lib/python3.7/site-packages/airflow/example_dags/example_branch_day_of_week_operator.py took 0.075 seconds
