[2024-01-14T14:59:59.284+0000] {processor.py:154} INFO - Started process (PID=67) to work on /home/airflow/.local/lib/python3.7/site-packages/airflow/example_dags/example_python_operator.py
[2024-01-14T14:59:59.289+0000] {processor.py:756} INFO - Processing file /home/airflow/.local/lib/python3.7/site-packages/airflow/example_dags/example_python_operator.py for tasks to queue
[2024-01-14T14:59:59.294+0000] {logging_mixin.py:120} INFO - [2024-01-14T14:59:59.294+0000] {dagbag.py:537} INFO - Filling up the DagBag from /home/airflow/.local/lib/python3.7/site-packages/airflow/example_dags/example_python_operator.py
[2024-01-14T14:59:59.319+0000] {logging_mixin.py:120} INFO - [2024-01-14T14:59:59.319+0000] {taskmixin.py:205} WARNING - Dependency <Task(_PythonDecoratedOperator): print_the_context>, log_sql_query already registered for DAG: example_python_operator
[2024-01-14T14:59:59.320+0000] {logging_mixin.py:120} INFO - [2024-01-14T14:59:59.320+0000] {taskmixin.py:205} WARNING - Dependency <Task(_PythonDecoratedOperator): log_sql_query>, print_the_context already registered for DAG: example_python_operator
[2024-01-14T14:59:59.322+0000] {logging_mixin.py:120} INFO - [2024-01-14T14:59:59.322+0000] {taskmixin.py:205} WARNING - Dependency <Task(_PythonDecoratedOperator): print_the_context>, log_sql_query already registered for DAG: example_python_operator
[2024-01-14T14:59:59.323+0000] {logging_mixin.py:120} INFO - [2024-01-14T14:59:59.323+0000] {taskmixin.py:205} WARNING - Dependency <Task(_PythonDecoratedOperator): log_sql_query>, print_the_context already registered for DAG: example_python_operator
[2024-01-14T14:59:59.325+0000] {logging_mixin.py:120} INFO - [2024-01-14T14:59:59.325+0000] {taskmixin.py:205} WARNING - Dependency <Task(_PythonDecoratedOperator): print_the_context>, log_sql_query already registered for DAG: example_python_operator
[2024-01-14T14:59:59.326+0000] {logging_mixin.py:120} INFO - [2024-01-14T14:59:59.326+0000] {taskmixin.py:205} WARNING - Dependency <Task(_PythonDecoratedOperator): log_sql_query>, print_the_context already registered for DAG: example_python_operator
[2024-01-14T14:59:59.328+0000] {logging_mixin.py:120} INFO - [2024-01-14T14:59:59.328+0000] {taskmixin.py:205} WARNING - Dependency <Task(_PythonDecoratedOperator): print_the_context>, log_sql_query already registered for DAG: example_python_operator
[2024-01-14T14:59:59.329+0000] {logging_mixin.py:120} INFO - [2024-01-14T14:59:59.328+0000] {taskmixin.py:205} WARNING - Dependency <Task(_PythonDecoratedOperator): log_sql_query>, print_the_context already registered for DAG: example_python_operator
[2024-01-14T14:59:59.339+0000] {processor.py:766} INFO - DAG(s) dict_keys(['example_python_operator']) retrieved from /home/airflow/.local/lib/python3.7/site-packages/airflow/example_dags/example_python_operator.py
[2024-01-14T14:59:59.489+0000] {logging_mixin.py:120} INFO - [2024-01-14T14:59:59.489+0000] {manager.py:507} INFO - Created Permission View: can read on DAG:example_python_operator
[2024-01-14T14:59:59.499+0000] {logging_mixin.py:120} INFO - [2024-01-14T14:59:59.499+0000] {manager.py:507} INFO - Created Permission View: can edit on DAG:example_python_operator
[2024-01-14T14:59:59.509+0000] {logging_mixin.py:120} INFO - [2024-01-14T14:59:59.509+0000] {manager.py:507} INFO - Created Permission View: can delete on DAG:example_python_operator
[2024-01-14T14:59:59.510+0000] {logging_mixin.py:120} INFO - [2024-01-14T14:59:59.510+0000] {dag.py:2585} INFO - Sync 1 DAGs
[2024-01-14T14:59:59.527+0000] {logging_mixin.py:120} INFO - [2024-01-14T14:59:59.527+0000] {dag.py:2606} INFO - Creating ORM DAG for example_python_operator
[2024-01-14T14:59:59.545+0000] {logging_mixin.py:120} INFO - [2024-01-14T14:59:59.545+0000] {dag.py:3340} INFO - Setting next_dagrun for example_python_operator to None, run_after=None
[2024-01-14T14:59:59.581+0000] {processor.py:176} INFO - Processing /home/airflow/.local/lib/python3.7/site-packages/airflow/example_dags/example_python_operator.py took 0.303 seconds
[2024-01-14T15:00:29.867+0000] {processor.py:154} INFO - Started process (PID=121) to work on /home/airflow/.local/lib/python3.7/site-packages/airflow/example_dags/example_python_operator.py
[2024-01-14T15:00:29.868+0000] {processor.py:756} INFO - Processing file /home/airflow/.local/lib/python3.7/site-packages/airflow/example_dags/example_python_operator.py for tasks to queue
[2024-01-14T15:00:29.869+0000] {logging_mixin.py:120} INFO - [2024-01-14T15:00:29.868+0000] {dagbag.py:537} INFO - Filling up the DagBag from /home/airflow/.local/lib/python3.7/site-packages/airflow/example_dags/example_python_operator.py
[2024-01-14T15:00:29.879+0000] {logging_mixin.py:120} INFO - [2024-01-14T15:00:29.879+0000] {taskmixin.py:205} WARNING - Dependency <Task(_PythonDecoratedOperator): print_the_context>, log_sql_query already registered for DAG: example_python_operator
[2024-01-14T15:00:29.880+0000] {logging_mixin.py:120} INFO - [2024-01-14T15:00:29.880+0000] {taskmixin.py:205} WARNING - Dependency <Task(_PythonDecoratedOperator): log_sql_query>, print_the_context already registered for DAG: example_python_operator
[2024-01-14T15:00:29.880+0000] {logging_mixin.py:120} INFO - [2024-01-14T15:00:29.880+0000] {taskmixin.py:205} WARNING - Dependency <Task(_PythonDecoratedOperator): print_the_context>, log_sql_query already registered for DAG: example_python_operator
[2024-01-14T15:00:29.880+0000] {logging_mixin.py:120} INFO - [2024-01-14T15:00:29.880+0000] {taskmixin.py:205} WARNING - Dependency <Task(_PythonDecoratedOperator): log_sql_query>, print_the_context already registered for DAG: example_python_operator
[2024-01-14T15:00:29.881+0000] {logging_mixin.py:120} INFO - [2024-01-14T15:00:29.881+0000] {taskmixin.py:205} WARNING - Dependency <Task(_PythonDecoratedOperator): print_the_context>, log_sql_query already registered for DAG: example_python_operator
[2024-01-14T15:00:29.881+0000] {logging_mixin.py:120} INFO - [2024-01-14T15:00:29.881+0000] {taskmixin.py:205} WARNING - Dependency <Task(_PythonDecoratedOperator): log_sql_query>, print_the_context already registered for DAG: example_python_operator
[2024-01-14T15:00:29.881+0000] {logging_mixin.py:120} INFO - [2024-01-14T15:00:29.881+0000] {taskmixin.py:205} WARNING - Dependency <Task(_PythonDecoratedOperator): print_the_context>, log_sql_query already registered for DAG: example_python_operator
[2024-01-14T15:00:29.882+0000] {logging_mixin.py:120} INFO - [2024-01-14T15:00:29.882+0000] {taskmixin.py:205} WARNING - Dependency <Task(_PythonDecoratedOperator): log_sql_query>, print_the_context already registered for DAG: example_python_operator
[2024-01-14T15:00:29.888+0000] {processor.py:766} INFO - DAG(s) dict_keys(['example_python_operator']) retrieved from /home/airflow/.local/lib/python3.7/site-packages/airflow/example_dags/example_python_operator.py
[2024-01-14T15:00:29.913+0000] {logging_mixin.py:120} INFO - [2024-01-14T15:00:29.913+0000] {dag.py:2585} INFO - Sync 1 DAGs
[2024-01-14T15:00:29.928+0000] {logging_mixin.py:120} INFO - [2024-01-14T15:00:29.928+0000] {dag.py:3340} INFO - Setting next_dagrun for example_python_operator to None, run_after=None
[2024-01-14T15:00:29.939+0000] {processor.py:176} INFO - Processing /home/airflow/.local/lib/python3.7/site-packages/airflow/example_dags/example_python_operator.py took 0.074 seconds
[2024-01-14T15:01:00.039+0000] {processor.py:154} INFO - Started process (PID=185) to work on /home/airflow/.local/lib/python3.7/site-packages/airflow/example_dags/example_python_operator.py
[2024-01-14T15:01:00.040+0000] {processor.py:756} INFO - Processing file /home/airflow/.local/lib/python3.7/site-packages/airflow/example_dags/example_python_operator.py for tasks to queue
[2024-01-14T15:01:00.040+0000] {logging_mixin.py:120} INFO - [2024-01-14T15:01:00.040+0000] {dagbag.py:537} INFO - Filling up the DagBag from /home/airflow/.local/lib/python3.7/site-packages/airflow/example_dags/example_python_operator.py
[2024-01-14T15:01:00.051+0000] {logging_mixin.py:120} INFO - [2024-01-14T15:01:00.050+0000] {taskmixin.py:205} WARNING - Dependency <Task(_PythonDecoratedOperator): print_the_context>, log_sql_query already registered for DAG: example_python_operator
[2024-01-14T15:01:00.051+0000] {logging_mixin.py:120} INFO - [2024-01-14T15:01:00.051+0000] {taskmixin.py:205} WARNING - Dependency <Task(_PythonDecoratedOperator): log_sql_query>, print_the_context already registered for DAG: example_python_operator
[2024-01-14T15:01:00.051+0000] {logging_mixin.py:120} INFO - [2024-01-14T15:01:00.051+0000] {taskmixin.py:205} WARNING - Dependency <Task(_PythonDecoratedOperator): print_the_context>, log_sql_query already registered for DAG: example_python_operator
[2024-01-14T15:01:00.052+0000] {logging_mixin.py:120} INFO - [2024-01-14T15:01:00.052+0000] {taskmixin.py:205} WARNING - Dependency <Task(_PythonDecoratedOperator): log_sql_query>, print_the_context already registered for DAG: example_python_operator
[2024-01-14T15:01:00.052+0000] {logging_mixin.py:120} INFO - [2024-01-14T15:01:00.052+0000] {taskmixin.py:205} WARNING - Dependency <Task(_PythonDecoratedOperator): print_the_context>, log_sql_query already registered for DAG: example_python_operator
[2024-01-14T15:01:00.052+0000] {logging_mixin.py:120} INFO - [2024-01-14T15:01:00.052+0000] {taskmixin.py:205} WARNING - Dependency <Task(_PythonDecoratedOperator): log_sql_query>, print_the_context already registered for DAG: example_python_operator
[2024-01-14T15:01:00.053+0000] {logging_mixin.py:120} INFO - [2024-01-14T15:01:00.053+0000] {taskmixin.py:205} WARNING - Dependency <Task(_PythonDecoratedOperator): print_the_context>, log_sql_query already registered for DAG: example_python_operator
[2024-01-14T15:01:00.053+0000] {logging_mixin.py:120} INFO - [2024-01-14T15:01:00.053+0000] {taskmixin.py:205} WARNING - Dependency <Task(_PythonDecoratedOperator): log_sql_query>, print_the_context already registered for DAG: example_python_operator
[2024-01-14T15:01:00.057+0000] {processor.py:766} INFO - DAG(s) dict_keys(['example_python_operator']) retrieved from /home/airflow/.local/lib/python3.7/site-packages/airflow/example_dags/example_python_operator.py
[2024-01-14T15:01:00.083+0000] {logging_mixin.py:120} INFO - [2024-01-14T15:01:00.083+0000] {dag.py:2585} INFO - Sync 1 DAGs
[2024-01-14T15:01:00.098+0000] {logging_mixin.py:120} INFO - [2024-01-14T15:01:00.098+0000] {dag.py:3340} INFO - Setting next_dagrun for example_python_operator to None, run_after=None
[2024-01-14T15:01:00.109+0000] {processor.py:176} INFO - Processing /home/airflow/.local/lib/python3.7/site-packages/airflow/example_dags/example_python_operator.py took 0.073 seconds
[2024-01-14T15:01:31.037+0000] {processor.py:154} INFO - Started process (PID=248) to work on /home/airflow/.local/lib/python3.7/site-packages/airflow/example_dags/example_python_operator.py
[2024-01-14T15:01:31.038+0000] {processor.py:756} INFO - Processing file /home/airflow/.local/lib/python3.7/site-packages/airflow/example_dags/example_python_operator.py for tasks to queue
[2024-01-14T15:01:31.038+0000] {logging_mixin.py:120} INFO - [2024-01-14T15:01:31.038+0000] {dagbag.py:537} INFO - Filling up the DagBag from /home/airflow/.local/lib/python3.7/site-packages/airflow/example_dags/example_python_operator.py
[2024-01-14T15:01:31.049+0000] {logging_mixin.py:120} INFO - [2024-01-14T15:01:31.049+0000] {taskmixin.py:205} WARNING - Dependency <Task(_PythonDecoratedOperator): print_the_context>, log_sql_query already registered for DAG: example_python_operator
[2024-01-14T15:01:31.049+0000] {logging_mixin.py:120} INFO - [2024-01-14T15:01:31.049+0000] {taskmixin.py:205} WARNING - Dependency <Task(_PythonDecoratedOperator): log_sql_query>, print_the_context already registered for DAG: example_python_operator
[2024-01-14T15:01:31.050+0000] {logging_mixin.py:120} INFO - [2024-01-14T15:01:31.050+0000] {taskmixin.py:205} WARNING - Dependency <Task(_PythonDecoratedOperator): print_the_context>, log_sql_query already registered for DAG: example_python_operator
[2024-01-14T15:01:31.050+0000] {logging_mixin.py:120} INFO - [2024-01-14T15:01:31.050+0000] {taskmixin.py:205} WARNING - Dependency <Task(_PythonDecoratedOperator): log_sql_query>, print_the_context already registered for DAG: example_python_operator
[2024-01-14T15:01:31.051+0000] {logging_mixin.py:120} INFO - [2024-01-14T15:01:31.051+0000] {taskmixin.py:205} WARNING - Dependency <Task(_PythonDecoratedOperator): print_the_context>, log_sql_query already registered for DAG: example_python_operator
[2024-01-14T15:01:31.051+0000] {logging_mixin.py:120} INFO - [2024-01-14T15:01:31.051+0000] {taskmixin.py:205} WARNING - Dependency <Task(_PythonDecoratedOperator): log_sql_query>, print_the_context already registered for DAG: example_python_operator
[2024-01-14T15:01:31.052+0000] {logging_mixin.py:120} INFO - [2024-01-14T15:01:31.052+0000] {taskmixin.py:205} WARNING - Dependency <Task(_PythonDecoratedOperator): print_the_context>, log_sql_query already registered for DAG: example_python_operator
[2024-01-14T15:01:31.052+0000] {logging_mixin.py:120} INFO - [2024-01-14T15:01:31.052+0000] {taskmixin.py:205} WARNING - Dependency <Task(_PythonDecoratedOperator): log_sql_query>, print_the_context already registered for DAG: example_python_operator
[2024-01-14T15:01:31.057+0000] {processor.py:766} INFO - DAG(s) dict_keys(['example_python_operator']) retrieved from /home/airflow/.local/lib/python3.7/site-packages/airflow/example_dags/example_python_operator.py
[2024-01-14T15:01:31.084+0000] {logging_mixin.py:120} INFO - [2024-01-14T15:01:31.084+0000] {dag.py:2585} INFO - Sync 1 DAGs
[2024-01-14T15:01:31.098+0000] {logging_mixin.py:120} INFO - [2024-01-14T15:01:31.098+0000] {dag.py:3340} INFO - Setting next_dagrun for example_python_operator to None, run_after=None
[2024-01-14T15:01:31.108+0000] {processor.py:176} INFO - Processing /home/airflow/.local/lib/python3.7/site-packages/airflow/example_dags/example_python_operator.py took 0.074 seconds
[2024-01-14T15:02:01.194+0000] {processor.py:154} INFO - Started process (PID=311) to work on /home/airflow/.local/lib/python3.7/site-packages/airflow/example_dags/example_python_operator.py
[2024-01-14T15:02:01.195+0000] {processor.py:756} INFO - Processing file /home/airflow/.local/lib/python3.7/site-packages/airflow/example_dags/example_python_operator.py for tasks to queue
[2024-01-14T15:02:01.196+0000] {logging_mixin.py:120} INFO - [2024-01-14T15:02:01.196+0000] {dagbag.py:537} INFO - Filling up the DagBag from /home/airflow/.local/lib/python3.7/site-packages/airflow/example_dags/example_python_operator.py
[2024-01-14T15:02:01.206+0000] {logging_mixin.py:120} INFO - [2024-01-14T15:02:01.206+0000] {taskmixin.py:205} WARNING - Dependency <Task(_PythonDecoratedOperator): print_the_context>, log_sql_query already registered for DAG: example_python_operator
[2024-01-14T15:02:01.206+0000] {logging_mixin.py:120} INFO - [2024-01-14T15:02:01.206+0000] {taskmixin.py:205} WARNING - Dependency <Task(_PythonDecoratedOperator): log_sql_query>, print_the_context already registered for DAG: example_python_operator
[2024-01-14T15:02:01.207+0000] {logging_mixin.py:120} INFO - [2024-01-14T15:02:01.207+0000] {taskmixin.py:205} WARNING - Dependency <Task(_PythonDecoratedOperator): print_the_context>, log_sql_query already registered for DAG: example_python_operator
[2024-01-14T15:02:01.207+0000] {logging_mixin.py:120} INFO - [2024-01-14T15:02:01.207+0000] {taskmixin.py:205} WARNING - Dependency <Task(_PythonDecoratedOperator): log_sql_query>, print_the_context already registered for DAG: example_python_operator
[2024-01-14T15:02:01.208+0000] {logging_mixin.py:120} INFO - [2024-01-14T15:02:01.208+0000] {taskmixin.py:205} WARNING - Dependency <Task(_PythonDecoratedOperator): print_the_context>, log_sql_query already registered for DAG: example_python_operator
[2024-01-14T15:02:01.208+0000] {logging_mixin.py:120} INFO - [2024-01-14T15:02:01.208+0000] {taskmixin.py:205} WARNING - Dependency <Task(_PythonDecoratedOperator): log_sql_query>, print_the_context already registered for DAG: example_python_operator
[2024-01-14T15:02:01.208+0000] {logging_mixin.py:120} INFO - [2024-01-14T15:02:01.208+0000] {taskmixin.py:205} WARNING - Dependency <Task(_PythonDecoratedOperator): print_the_context>, log_sql_query already registered for DAG: example_python_operator
[2024-01-14T15:02:01.209+0000] {logging_mixin.py:120} INFO - [2024-01-14T15:02:01.208+0000] {taskmixin.py:205} WARNING - Dependency <Task(_PythonDecoratedOperator): log_sql_query>, print_the_context already registered for DAG: example_python_operator
[2024-01-14T15:02:01.214+0000] {processor.py:766} INFO - DAG(s) dict_keys(['example_python_operator']) retrieved from /home/airflow/.local/lib/python3.7/site-packages/airflow/example_dags/example_python_operator.py
[2024-01-14T15:02:01.241+0000] {logging_mixin.py:120} INFO - [2024-01-14T15:02:01.241+0000] {dag.py:2585} INFO - Sync 1 DAGs
[2024-01-14T15:02:01.256+0000] {logging_mixin.py:120} INFO - [2024-01-14T15:02:01.256+0000] {dag.py:3340} INFO - Setting next_dagrun for example_python_operator to None, run_after=None
[2024-01-14T15:02:01.268+0000] {processor.py:176} INFO - Processing /home/airflow/.local/lib/python3.7/site-packages/airflow/example_dags/example_python_operator.py took 0.076 seconds
[2024-01-14T15:02:31.387+0000] {processor.py:154} INFO - Started process (PID=365) to work on /home/airflow/.local/lib/python3.7/site-packages/airflow/example_dags/example_python_operator.py
[2024-01-14T15:02:31.388+0000] {processor.py:756} INFO - Processing file /home/airflow/.local/lib/python3.7/site-packages/airflow/example_dags/example_python_operator.py for tasks to queue
[2024-01-14T15:02:31.388+0000] {logging_mixin.py:120} INFO - [2024-01-14T15:02:31.388+0000] {dagbag.py:537} INFO - Filling up the DagBag from /home/airflow/.local/lib/python3.7/site-packages/airflow/example_dags/example_python_operator.py
[2024-01-14T15:02:31.399+0000] {logging_mixin.py:120} INFO - [2024-01-14T15:02:31.399+0000] {taskmixin.py:205} WARNING - Dependency <Task(_PythonDecoratedOperator): print_the_context>, log_sql_query already registered for DAG: example_python_operator
[2024-01-14T15:02:31.399+0000] {logging_mixin.py:120} INFO - [2024-01-14T15:02:31.399+0000] {taskmixin.py:205} WARNING - Dependency <Task(_PythonDecoratedOperator): log_sql_query>, print_the_context already registered for DAG: example_python_operator
[2024-01-14T15:02:31.400+0000] {logging_mixin.py:120} INFO - [2024-01-14T15:02:31.399+0000] {taskmixin.py:205} WARNING - Dependency <Task(_PythonDecoratedOperator): print_the_context>, log_sql_query already registered for DAG: example_python_operator
[2024-01-14T15:02:31.400+0000] {logging_mixin.py:120} INFO - [2024-01-14T15:02:31.400+0000] {taskmixin.py:205} WARNING - Dependency <Task(_PythonDecoratedOperator): log_sql_query>, print_the_context already registered for DAG: example_python_operator
[2024-01-14T15:02:31.400+0000] {logging_mixin.py:120} INFO - [2024-01-14T15:02:31.400+0000] {taskmixin.py:205} WARNING - Dependency <Task(_PythonDecoratedOperator): print_the_context>, log_sql_query already registered for DAG: example_python_operator
[2024-01-14T15:02:31.400+0000] {logging_mixin.py:120} INFO - [2024-01-14T15:02:31.400+0000] {taskmixin.py:205} WARNING - Dependency <Task(_PythonDecoratedOperator): log_sql_query>, print_the_context already registered for DAG: example_python_operator
[2024-01-14T15:02:31.401+0000] {logging_mixin.py:120} INFO - [2024-01-14T15:02:31.401+0000] {taskmixin.py:205} WARNING - Dependency <Task(_PythonDecoratedOperator): print_the_context>, log_sql_query already registered for DAG: example_python_operator
[2024-01-14T15:02:31.401+0000] {logging_mixin.py:120} INFO - [2024-01-14T15:02:31.401+0000] {taskmixin.py:205} WARNING - Dependency <Task(_PythonDecoratedOperator): log_sql_query>, print_the_context already registered for DAG: example_python_operator
[2024-01-14T15:02:31.407+0000] {processor.py:766} INFO - DAG(s) dict_keys(['example_python_operator']) retrieved from /home/airflow/.local/lib/python3.7/site-packages/airflow/example_dags/example_python_operator.py
[2024-01-14T15:02:31.435+0000] {logging_mixin.py:120} INFO - [2024-01-14T15:02:31.435+0000] {dag.py:2585} INFO - Sync 1 DAGs
[2024-01-14T15:02:31.452+0000] {logging_mixin.py:120} INFO - [2024-01-14T15:02:31.452+0000] {dag.py:3340} INFO - Setting next_dagrun for example_python_operator to None, run_after=None
[2024-01-14T15:02:31.463+0000] {processor.py:176} INFO - Processing /home/airflow/.local/lib/python3.7/site-packages/airflow/example_dags/example_python_operator.py took 0.079 seconds
[2024-01-14T15:03:01.568+0000] {processor.py:154} INFO - Started process (PID=428) to work on /home/airflow/.local/lib/python3.7/site-packages/airflow/example_dags/example_python_operator.py
[2024-01-14T15:03:01.568+0000] {processor.py:756} INFO - Processing file /home/airflow/.local/lib/python3.7/site-packages/airflow/example_dags/example_python_operator.py for tasks to queue
[2024-01-14T15:03:01.569+0000] {logging_mixin.py:120} INFO - [2024-01-14T15:03:01.569+0000] {dagbag.py:537} INFO - Filling up the DagBag from /home/airflow/.local/lib/python3.7/site-packages/airflow/example_dags/example_python_operator.py
[2024-01-14T15:03:01.579+0000] {logging_mixin.py:120} INFO - [2024-01-14T15:03:01.579+0000] {taskmixin.py:205} WARNING - Dependency <Task(_PythonDecoratedOperator): print_the_context>, log_sql_query already registered for DAG: example_python_operator
[2024-01-14T15:03:01.579+0000] {logging_mixin.py:120} INFO - [2024-01-14T15:03:01.579+0000] {taskmixin.py:205} WARNING - Dependency <Task(_PythonDecoratedOperator): log_sql_query>, print_the_context already registered for DAG: example_python_operator
[2024-01-14T15:03:01.579+0000] {logging_mixin.py:120} INFO - [2024-01-14T15:03:01.579+0000] {taskmixin.py:205} WARNING - Dependency <Task(_PythonDecoratedOperator): print_the_context>, log_sql_query already registered for DAG: example_python_operator
[2024-01-14T15:03:01.580+0000] {logging_mixin.py:120} INFO - [2024-01-14T15:03:01.580+0000] {taskmixin.py:205} WARNING - Dependency <Task(_PythonDecoratedOperator): log_sql_query>, print_the_context already registered for DAG: example_python_operator
[2024-01-14T15:03:01.580+0000] {logging_mixin.py:120} INFO - [2024-01-14T15:03:01.580+0000] {taskmixin.py:205} WARNING - Dependency <Task(_PythonDecoratedOperator): print_the_context>, log_sql_query already registered for DAG: example_python_operator
[2024-01-14T15:03:01.580+0000] {logging_mixin.py:120} INFO - [2024-01-14T15:03:01.580+0000] {taskmixin.py:205} WARNING - Dependency <Task(_PythonDecoratedOperator): log_sql_query>, print_the_context already registered for DAG: example_python_operator
[2024-01-14T15:03:01.581+0000] {logging_mixin.py:120} INFO - [2024-01-14T15:03:01.581+0000] {taskmixin.py:205} WARNING - Dependency <Task(_PythonDecoratedOperator): print_the_context>, log_sql_query already registered for DAG: example_python_operator
[2024-01-14T15:03:01.581+0000] {logging_mixin.py:120} INFO - [2024-01-14T15:03:01.581+0000] {taskmixin.py:205} WARNING - Dependency <Task(_PythonDecoratedOperator): log_sql_query>, print_the_context already registered for DAG: example_python_operator
[2024-01-14T15:03:01.585+0000] {processor.py:766} INFO - DAG(s) dict_keys(['example_python_operator']) retrieved from /home/airflow/.local/lib/python3.7/site-packages/airflow/example_dags/example_python_operator.py
[2024-01-14T15:03:01.611+0000] {logging_mixin.py:120} INFO - [2024-01-14T15:03:01.611+0000] {dag.py:2585} INFO - Sync 1 DAGs
[2024-01-14T15:03:01.626+0000] {logging_mixin.py:120} INFO - [2024-01-14T15:03:01.626+0000] {dag.py:3340} INFO - Setting next_dagrun for example_python_operator to None, run_after=None
[2024-01-14T15:03:01.637+0000] {processor.py:176} INFO - Processing /home/airflow/.local/lib/python3.7/site-packages/airflow/example_dags/example_python_operator.py took 0.072 seconds
[2024-01-14T15:03:31.779+0000] {processor.py:154} INFO - Started process (PID=491) to work on /home/airflow/.local/lib/python3.7/site-packages/airflow/example_dags/example_python_operator.py
[2024-01-14T15:03:31.780+0000] {processor.py:756} INFO - Processing file /home/airflow/.local/lib/python3.7/site-packages/airflow/example_dags/example_python_operator.py for tasks to queue
[2024-01-14T15:03:31.780+0000] {logging_mixin.py:120} INFO - [2024-01-14T15:03:31.780+0000] {dagbag.py:537} INFO - Filling up the DagBag from /home/airflow/.local/lib/python3.7/site-packages/airflow/example_dags/example_python_operator.py
[2024-01-14T15:03:31.792+0000] {logging_mixin.py:120} INFO - [2024-01-14T15:03:31.792+0000] {taskmixin.py:205} WARNING - Dependency <Task(_PythonDecoratedOperator): print_the_context>, log_sql_query already registered for DAG: example_python_operator
[2024-01-14T15:03:31.792+0000] {logging_mixin.py:120} INFO - [2024-01-14T15:03:31.792+0000] {taskmixin.py:205} WARNING - Dependency <Task(_PythonDecoratedOperator): log_sql_query>, print_the_context already registered for DAG: example_python_operator
[2024-01-14T15:03:31.793+0000] {logging_mixin.py:120} INFO - [2024-01-14T15:03:31.793+0000] {taskmixin.py:205} WARNING - Dependency <Task(_PythonDecoratedOperator): print_the_context>, log_sql_query already registered for DAG: example_python_operator
[2024-01-14T15:03:31.793+0000] {logging_mixin.py:120} INFO - [2024-01-14T15:03:31.793+0000] {taskmixin.py:205} WARNING - Dependency <Task(_PythonDecoratedOperator): log_sql_query>, print_the_context already registered for DAG: example_python_operator
[2024-01-14T15:03:31.793+0000] {logging_mixin.py:120} INFO - [2024-01-14T15:03:31.793+0000] {taskmixin.py:205} WARNING - Dependency <Task(_PythonDecoratedOperator): print_the_context>, log_sql_query already registered for DAG: example_python_operator
[2024-01-14T15:03:31.794+0000] {logging_mixin.py:120} INFO - [2024-01-14T15:03:31.794+0000] {taskmixin.py:205} WARNING - Dependency <Task(_PythonDecoratedOperator): log_sql_query>, print_the_context already registered for DAG: example_python_operator
[2024-01-14T15:03:31.794+0000] {logging_mixin.py:120} INFO - [2024-01-14T15:03:31.794+0000] {taskmixin.py:205} WARNING - Dependency <Task(_PythonDecoratedOperator): print_the_context>, log_sql_query already registered for DAG: example_python_operator
[2024-01-14T15:03:31.794+0000] {logging_mixin.py:120} INFO - [2024-01-14T15:03:31.794+0000] {taskmixin.py:205} WARNING - Dependency <Task(_PythonDecoratedOperator): log_sql_query>, print_the_context already registered for DAG: example_python_operator
[2024-01-14T15:03:31.799+0000] {processor.py:766} INFO - DAG(s) dict_keys(['example_python_operator']) retrieved from /home/airflow/.local/lib/python3.7/site-packages/airflow/example_dags/example_python_operator.py
[2024-01-14T15:03:31.829+0000] {logging_mixin.py:120} INFO - [2024-01-14T15:03:31.829+0000] {dag.py:2585} INFO - Sync 1 DAGs
[2024-01-14T15:03:31.845+0000] {logging_mixin.py:120} INFO - [2024-01-14T15:03:31.845+0000] {dag.py:3340} INFO - Setting next_dagrun for example_python_operator to None, run_after=None
[2024-01-14T15:03:31.857+0000] {processor.py:176} INFO - Processing /home/airflow/.local/lib/python3.7/site-packages/airflow/example_dags/example_python_operator.py took 0.081 seconds
[2024-01-14T15:04:02.684+0000] {processor.py:154} INFO - Started process (PID=554) to work on /home/airflow/.local/lib/python3.7/site-packages/airflow/example_dags/example_python_operator.py
[2024-01-14T15:04:02.685+0000] {processor.py:756} INFO - Processing file /home/airflow/.local/lib/python3.7/site-packages/airflow/example_dags/example_python_operator.py for tasks to queue
[2024-01-14T15:04:02.685+0000] {logging_mixin.py:120} INFO - [2024-01-14T15:04:02.685+0000] {dagbag.py:537} INFO - Filling up the DagBag from /home/airflow/.local/lib/python3.7/site-packages/airflow/example_dags/example_python_operator.py
[2024-01-14T15:04:02.696+0000] {logging_mixin.py:120} INFO - [2024-01-14T15:04:02.696+0000] {taskmixin.py:205} WARNING - Dependency <Task(_PythonDecoratedOperator): print_the_context>, log_sql_query already registered for DAG: example_python_operator
[2024-01-14T15:04:02.697+0000] {logging_mixin.py:120} INFO - [2024-01-14T15:04:02.697+0000] {taskmixin.py:205} WARNING - Dependency <Task(_PythonDecoratedOperator): log_sql_query>, print_the_context already registered for DAG: example_python_operator
[2024-01-14T15:04:02.697+0000] {logging_mixin.py:120} INFO - [2024-01-14T15:04:02.697+0000] {taskmixin.py:205} WARNING - Dependency <Task(_PythonDecoratedOperator): print_the_context>, log_sql_query already registered for DAG: example_python_operator
[2024-01-14T15:04:02.697+0000] {logging_mixin.py:120} INFO - [2024-01-14T15:04:02.697+0000] {taskmixin.py:205} WARNING - Dependency <Task(_PythonDecoratedOperator): log_sql_query>, print_the_context already registered for DAG: example_python_operator
[2024-01-14T15:04:02.698+0000] {logging_mixin.py:120} INFO - [2024-01-14T15:04:02.698+0000] {taskmixin.py:205} WARNING - Dependency <Task(_PythonDecoratedOperator): print_the_context>, log_sql_query already registered for DAG: example_python_operator
[2024-01-14T15:04:02.698+0000] {logging_mixin.py:120} INFO - [2024-01-14T15:04:02.698+0000] {taskmixin.py:205} WARNING - Dependency <Task(_PythonDecoratedOperator): log_sql_query>, print_the_context already registered for DAG: example_python_operator
[2024-01-14T15:04:02.698+0000] {logging_mixin.py:120} INFO - [2024-01-14T15:04:02.698+0000] {taskmixin.py:205} WARNING - Dependency <Task(_PythonDecoratedOperator): print_the_context>, log_sql_query already registered for DAG: example_python_operator
[2024-01-14T15:04:02.699+0000] {logging_mixin.py:120} INFO - [2024-01-14T15:04:02.699+0000] {taskmixin.py:205} WARNING - Dependency <Task(_PythonDecoratedOperator): log_sql_query>, print_the_context already registered for DAG: example_python_operator
[2024-01-14T15:04:02.704+0000] {processor.py:766} INFO - DAG(s) dict_keys(['example_python_operator']) retrieved from /home/airflow/.local/lib/python3.7/site-packages/airflow/example_dags/example_python_operator.py
[2024-01-14T15:04:02.732+0000] {logging_mixin.py:120} INFO - [2024-01-14T15:04:02.732+0000] {dag.py:2585} INFO - Sync 1 DAGs
[2024-01-14T15:04:02.747+0000] {logging_mixin.py:120} INFO - [2024-01-14T15:04:02.747+0000] {dag.py:3340} INFO - Setting next_dagrun for example_python_operator to None, run_after=None
[2024-01-14T15:04:02.758+0000] {processor.py:176} INFO - Processing /home/airflow/.local/lib/python3.7/site-packages/airflow/example_dags/example_python_operator.py took 0.076 seconds
[2024-01-14T15:04:33.625+0000] {processor.py:154} INFO - Started process (PID=617) to work on /home/airflow/.local/lib/python3.7/site-packages/airflow/example_dags/example_python_operator.py
[2024-01-14T15:04:33.626+0000] {processor.py:756} INFO - Processing file /home/airflow/.local/lib/python3.7/site-packages/airflow/example_dags/example_python_operator.py for tasks to queue
[2024-01-14T15:04:33.627+0000] {logging_mixin.py:120} INFO - [2024-01-14T15:04:33.627+0000] {dagbag.py:537} INFO - Filling up the DagBag from /home/airflow/.local/lib/python3.7/site-packages/airflow/example_dags/example_python_operator.py
[2024-01-14T15:04:33.638+0000] {logging_mixin.py:120} INFO - [2024-01-14T15:04:33.638+0000] {taskmixin.py:205} WARNING - Dependency <Task(_PythonDecoratedOperator): print_the_context>, log_sql_query already registered for DAG: example_python_operator
[2024-01-14T15:04:33.638+0000] {logging_mixin.py:120} INFO - [2024-01-14T15:04:33.638+0000] {taskmixin.py:205} WARNING - Dependency <Task(_PythonDecoratedOperator): log_sql_query>, print_the_context already registered for DAG: example_python_operator
[2024-01-14T15:04:33.639+0000] {logging_mixin.py:120} INFO - [2024-01-14T15:04:33.639+0000] {taskmixin.py:205} WARNING - Dependency <Task(_PythonDecoratedOperator): print_the_context>, log_sql_query already registered for DAG: example_python_operator
[2024-01-14T15:04:33.639+0000] {logging_mixin.py:120} INFO - [2024-01-14T15:04:33.639+0000] {taskmixin.py:205} WARNING - Dependency <Task(_PythonDecoratedOperator): log_sql_query>, print_the_context already registered for DAG: example_python_operator
[2024-01-14T15:04:33.640+0000] {logging_mixin.py:120} INFO - [2024-01-14T15:04:33.640+0000] {taskmixin.py:205} WARNING - Dependency <Task(_PythonDecoratedOperator): print_the_context>, log_sql_query already registered for DAG: example_python_operator
[2024-01-14T15:04:33.640+0000] {logging_mixin.py:120} INFO - [2024-01-14T15:04:33.640+0000] {taskmixin.py:205} WARNING - Dependency <Task(_PythonDecoratedOperator): log_sql_query>, print_the_context already registered for DAG: example_python_operator
[2024-01-14T15:04:33.640+0000] {logging_mixin.py:120} INFO - [2024-01-14T15:04:33.640+0000] {taskmixin.py:205} WARNING - Dependency <Task(_PythonDecoratedOperator): print_the_context>, log_sql_query already registered for DAG: example_python_operator
[2024-01-14T15:04:33.641+0000] {logging_mixin.py:120} INFO - [2024-01-14T15:04:33.641+0000] {taskmixin.py:205} WARNING - Dependency <Task(_PythonDecoratedOperator): log_sql_query>, print_the_context already registered for DAG: example_python_operator
[2024-01-14T15:04:33.646+0000] {processor.py:766} INFO - DAG(s) dict_keys(['example_python_operator']) retrieved from /home/airflow/.local/lib/python3.7/site-packages/airflow/example_dags/example_python_operator.py
[2024-01-14T15:04:33.674+0000] {logging_mixin.py:120} INFO - [2024-01-14T15:04:33.674+0000] {dag.py:2585} INFO - Sync 1 DAGs
[2024-01-14T15:04:33.690+0000] {logging_mixin.py:120} INFO - [2024-01-14T15:04:33.690+0000] {dag.py:3340} INFO - Setting next_dagrun for example_python_operator to None, run_after=None
[2024-01-14T15:04:33.700+0000] {processor.py:176} INFO - Processing /home/airflow/.local/lib/python3.7/site-packages/airflow/example_dags/example_python_operator.py took 0.077 seconds
[2024-01-14T15:05:03.769+0000] {processor.py:154} INFO - Started process (PID=680) to work on /home/airflow/.local/lib/python3.7/site-packages/airflow/example_dags/example_python_operator.py
[2024-01-14T15:05:03.769+0000] {processor.py:756} INFO - Processing file /home/airflow/.local/lib/python3.7/site-packages/airflow/example_dags/example_python_operator.py for tasks to queue
[2024-01-14T15:05:03.770+0000] {logging_mixin.py:120} INFO - [2024-01-14T15:05:03.770+0000] {dagbag.py:537} INFO - Filling up the DagBag from /home/airflow/.local/lib/python3.7/site-packages/airflow/example_dags/example_python_operator.py
[2024-01-14T15:05:03.780+0000] {logging_mixin.py:120} INFO - [2024-01-14T15:05:03.780+0000] {taskmixin.py:205} WARNING - Dependency <Task(_PythonDecoratedOperator): print_the_context>, log_sql_query already registered for DAG: example_python_operator
[2024-01-14T15:05:03.780+0000] {logging_mixin.py:120} INFO - [2024-01-14T15:05:03.780+0000] {taskmixin.py:205} WARNING - Dependency <Task(_PythonDecoratedOperator): log_sql_query>, print_the_context already registered for DAG: example_python_operator
[2024-01-14T15:05:03.781+0000] {logging_mixin.py:120} INFO - [2024-01-14T15:05:03.781+0000] {taskmixin.py:205} WARNING - Dependency <Task(_PythonDecoratedOperator): print_the_context>, log_sql_query already registered for DAG: example_python_operator
[2024-01-14T15:05:03.781+0000] {logging_mixin.py:120} INFO - [2024-01-14T15:05:03.781+0000] {taskmixin.py:205} WARNING - Dependency <Task(_PythonDecoratedOperator): log_sql_query>, print_the_context already registered for DAG: example_python_operator
[2024-01-14T15:05:03.782+0000] {logging_mixin.py:120} INFO - [2024-01-14T15:05:03.782+0000] {taskmixin.py:205} WARNING - Dependency <Task(_PythonDecoratedOperator): print_the_context>, log_sql_query already registered for DAG: example_python_operator
[2024-01-14T15:05:03.782+0000] {logging_mixin.py:120} INFO - [2024-01-14T15:05:03.782+0000] {taskmixin.py:205} WARNING - Dependency <Task(_PythonDecoratedOperator): log_sql_query>, print_the_context already registered for DAG: example_python_operator
[2024-01-14T15:05:03.783+0000] {logging_mixin.py:120} INFO - [2024-01-14T15:05:03.783+0000] {taskmixin.py:205} WARNING - Dependency <Task(_PythonDecoratedOperator): print_the_context>, log_sql_query already registered for DAG: example_python_operator
[2024-01-14T15:05:03.783+0000] {logging_mixin.py:120} INFO - [2024-01-14T15:05:03.783+0000] {taskmixin.py:205} WARNING - Dependency <Task(_PythonDecoratedOperator): log_sql_query>, print_the_context already registered for DAG: example_python_operator
[2024-01-14T15:05:03.788+0000] {processor.py:766} INFO - DAG(s) dict_keys(['example_python_operator']) retrieved from /home/airflow/.local/lib/python3.7/site-packages/airflow/example_dags/example_python_operator.py
[2024-01-14T15:05:03.813+0000] {logging_mixin.py:120} INFO - [2024-01-14T15:05:03.813+0000] {dag.py:2585} INFO - Sync 1 DAGs
[2024-01-14T15:05:03.828+0000] {logging_mixin.py:120} INFO - [2024-01-14T15:05:03.828+0000] {dag.py:3340} INFO - Setting next_dagrun for example_python_operator to None, run_after=None
[2024-01-14T15:05:03.840+0000] {processor.py:176} INFO - Processing /home/airflow/.local/lib/python3.7/site-packages/airflow/example_dags/example_python_operator.py took 0.073 seconds
[2024-01-14T15:05:34.900+0000] {processor.py:154} INFO - Started process (PID=734) to work on /home/airflow/.local/lib/python3.7/site-packages/airflow/example_dags/example_python_operator.py
[2024-01-14T15:05:34.901+0000] {processor.py:756} INFO - Processing file /home/airflow/.local/lib/python3.7/site-packages/airflow/example_dags/example_python_operator.py for tasks to queue
[2024-01-14T15:05:34.901+0000] {logging_mixin.py:120} INFO - [2024-01-14T15:05:34.901+0000] {dagbag.py:537} INFO - Filling up the DagBag from /home/airflow/.local/lib/python3.7/site-packages/airflow/example_dags/example_python_operator.py
[2024-01-14T15:05:34.916+0000] {logging_mixin.py:120} INFO - [2024-01-14T15:05:34.916+0000] {taskmixin.py:205} WARNING - Dependency <Task(_PythonDecoratedOperator): print_the_context>, log_sql_query already registered for DAG: example_python_operator
[2024-01-14T15:05:34.916+0000] {logging_mixin.py:120} INFO - [2024-01-14T15:05:34.916+0000] {taskmixin.py:205} WARNING - Dependency <Task(_PythonDecoratedOperator): log_sql_query>, print_the_context already registered for DAG: example_python_operator
[2024-01-14T15:05:34.917+0000] {logging_mixin.py:120} INFO - [2024-01-14T15:05:34.917+0000] {taskmixin.py:205} WARNING - Dependency <Task(_PythonDecoratedOperator): print_the_context>, log_sql_query already registered for DAG: example_python_operator
[2024-01-14T15:05:34.917+0000] {logging_mixin.py:120} INFO - [2024-01-14T15:05:34.917+0000] {taskmixin.py:205} WARNING - Dependency <Task(_PythonDecoratedOperator): log_sql_query>, print_the_context already registered for DAG: example_python_operator
[2024-01-14T15:05:34.917+0000] {logging_mixin.py:120} INFO - [2024-01-14T15:05:34.917+0000] {taskmixin.py:205} WARNING - Dependency <Task(_PythonDecoratedOperator): print_the_context>, log_sql_query already registered for DAG: example_python_operator
[2024-01-14T15:05:34.918+0000] {logging_mixin.py:120} INFO - [2024-01-14T15:05:34.918+0000] {taskmixin.py:205} WARNING - Dependency <Task(_PythonDecoratedOperator): log_sql_query>, print_the_context already registered for DAG: example_python_operator
[2024-01-14T15:05:34.918+0000] {logging_mixin.py:120} INFO - [2024-01-14T15:05:34.918+0000] {taskmixin.py:205} WARNING - Dependency <Task(_PythonDecoratedOperator): print_the_context>, log_sql_query already registered for DAG: example_python_operator
[2024-01-14T15:05:34.918+0000] {logging_mixin.py:120} INFO - [2024-01-14T15:05:34.918+0000] {taskmixin.py:205} WARNING - Dependency <Task(_PythonDecoratedOperator): log_sql_query>, print_the_context already registered for DAG: example_python_operator
[2024-01-14T15:05:34.923+0000] {processor.py:766} INFO - DAG(s) dict_keys(['example_python_operator']) retrieved from /home/airflow/.local/lib/python3.7/site-packages/airflow/example_dags/example_python_operator.py
[2024-01-14T15:05:34.950+0000] {logging_mixin.py:120} INFO - [2024-01-14T15:05:34.950+0000] {dag.py:2585} INFO - Sync 1 DAGs
[2024-01-14T15:05:34.965+0000] {logging_mixin.py:120} INFO - [2024-01-14T15:05:34.965+0000] {dag.py:3340} INFO - Setting next_dagrun for example_python_operator to None, run_after=None
[2024-01-14T15:05:34.975+0000] {processor.py:176} INFO - Processing /home/airflow/.local/lib/python3.7/site-packages/airflow/example_dags/example_python_operator.py took 0.078 seconds
[2024-01-14T15:06:05.781+0000] {processor.py:154} INFO - Started process (PID=797) to work on /home/airflow/.local/lib/python3.7/site-packages/airflow/example_dags/example_python_operator.py
[2024-01-14T15:06:05.782+0000] {processor.py:756} INFO - Processing file /home/airflow/.local/lib/python3.7/site-packages/airflow/example_dags/example_python_operator.py for tasks to queue
[2024-01-14T15:06:05.782+0000] {logging_mixin.py:120} INFO - [2024-01-14T15:06:05.782+0000] {dagbag.py:537} INFO - Filling up the DagBag from /home/airflow/.local/lib/python3.7/site-packages/airflow/example_dags/example_python_operator.py
[2024-01-14T15:06:05.793+0000] {logging_mixin.py:120} INFO - [2024-01-14T15:06:05.793+0000] {taskmixin.py:205} WARNING - Dependency <Task(_PythonDecoratedOperator): print_the_context>, log_sql_query already registered for DAG: example_python_operator
[2024-01-14T15:06:05.793+0000] {logging_mixin.py:120} INFO - [2024-01-14T15:06:05.793+0000] {taskmixin.py:205} WARNING - Dependency <Task(_PythonDecoratedOperator): log_sql_query>, print_the_context already registered for DAG: example_python_operator
[2024-01-14T15:06:05.793+0000] {logging_mixin.py:120} INFO - [2024-01-14T15:06:05.793+0000] {taskmixin.py:205} WARNING - Dependency <Task(_PythonDecoratedOperator): print_the_context>, log_sql_query already registered for DAG: example_python_operator
[2024-01-14T15:06:05.794+0000] {logging_mixin.py:120} INFO - [2024-01-14T15:06:05.794+0000] {taskmixin.py:205} WARNING - Dependency <Task(_PythonDecoratedOperator): log_sql_query>, print_the_context already registered for DAG: example_python_operator
[2024-01-14T15:06:05.794+0000] {logging_mixin.py:120} INFO - [2024-01-14T15:06:05.794+0000] {taskmixin.py:205} WARNING - Dependency <Task(_PythonDecoratedOperator): print_the_context>, log_sql_query already registered for DAG: example_python_operator
[2024-01-14T15:06:05.794+0000] {logging_mixin.py:120} INFO - [2024-01-14T15:06:05.794+0000] {taskmixin.py:205} WARNING - Dependency <Task(_PythonDecoratedOperator): log_sql_query>, print_the_context already registered for DAG: example_python_operator
[2024-01-14T15:06:05.795+0000] {logging_mixin.py:120} INFO - [2024-01-14T15:06:05.795+0000] {taskmixin.py:205} WARNING - Dependency <Task(_PythonDecoratedOperator): print_the_context>, log_sql_query already registered for DAG: example_python_operator
[2024-01-14T15:06:05.795+0000] {logging_mixin.py:120} INFO - [2024-01-14T15:06:05.795+0000] {taskmixin.py:205} WARNING - Dependency <Task(_PythonDecoratedOperator): log_sql_query>, print_the_context already registered for DAG: example_python_operator
[2024-01-14T15:06:05.800+0000] {processor.py:766} INFO - DAG(s) dict_keys(['example_python_operator']) retrieved from /home/airflow/.local/lib/python3.7/site-packages/airflow/example_dags/example_python_operator.py
[2024-01-14T15:06:05.827+0000] {logging_mixin.py:120} INFO - [2024-01-14T15:06:05.827+0000] {dag.py:2585} INFO - Sync 1 DAGs
[2024-01-14T15:06:05.842+0000] {logging_mixin.py:120} INFO - [2024-01-14T15:06:05.842+0000] {dag.py:3340} INFO - Setting next_dagrun for example_python_operator to None, run_after=None
[2024-01-14T15:06:05.852+0000] {processor.py:176} INFO - Processing /home/airflow/.local/lib/python3.7/site-packages/airflow/example_dags/example_python_operator.py took 0.074 seconds
[2024-01-14T15:06:36.848+0000] {processor.py:154} INFO - Started process (PID=860) to work on /home/airflow/.local/lib/python3.7/site-packages/airflow/example_dags/example_python_operator.py
[2024-01-14T15:06:36.849+0000] {processor.py:756} INFO - Processing file /home/airflow/.local/lib/python3.7/site-packages/airflow/example_dags/example_python_operator.py for tasks to queue
[2024-01-14T15:06:36.849+0000] {logging_mixin.py:120} INFO - [2024-01-14T15:06:36.849+0000] {dagbag.py:537} INFO - Filling up the DagBag from /home/airflow/.local/lib/python3.7/site-packages/airflow/example_dags/example_python_operator.py
[2024-01-14T15:06:36.860+0000] {logging_mixin.py:120} INFO - [2024-01-14T15:06:36.860+0000] {taskmixin.py:205} WARNING - Dependency <Task(_PythonDecoratedOperator): print_the_context>, log_sql_query already registered for DAG: example_python_operator
[2024-01-14T15:06:36.860+0000] {logging_mixin.py:120} INFO - [2024-01-14T15:06:36.860+0000] {taskmixin.py:205} WARNING - Dependency <Task(_PythonDecoratedOperator): log_sql_query>, print_the_context already registered for DAG: example_python_operator
[2024-01-14T15:06:36.861+0000] {logging_mixin.py:120} INFO - [2024-01-14T15:06:36.860+0000] {taskmixin.py:205} WARNING - Dependency <Task(_PythonDecoratedOperator): print_the_context>, log_sql_query already registered for DAG: example_python_operator
[2024-01-14T15:06:36.861+0000] {logging_mixin.py:120} INFO - [2024-01-14T15:06:36.861+0000] {taskmixin.py:205} WARNING - Dependency <Task(_PythonDecoratedOperator): log_sql_query>, print_the_context already registered for DAG: example_python_operator
[2024-01-14T15:06:36.861+0000] {logging_mixin.py:120} INFO - [2024-01-14T15:06:36.861+0000] {taskmixin.py:205} WARNING - Dependency <Task(_PythonDecoratedOperator): print_the_context>, log_sql_query already registered for DAG: example_python_operator
[2024-01-14T15:06:36.862+0000] {logging_mixin.py:120} INFO - [2024-01-14T15:06:36.861+0000] {taskmixin.py:205} WARNING - Dependency <Task(_PythonDecoratedOperator): log_sql_query>, print_the_context already registered for DAG: example_python_operator
[2024-01-14T15:06:36.862+0000] {logging_mixin.py:120} INFO - [2024-01-14T15:06:36.862+0000] {taskmixin.py:205} WARNING - Dependency <Task(_PythonDecoratedOperator): print_the_context>, log_sql_query already registered for DAG: example_python_operator
[2024-01-14T15:06:36.862+0000] {logging_mixin.py:120} INFO - [2024-01-14T15:06:36.862+0000] {taskmixin.py:205} WARNING - Dependency <Task(_PythonDecoratedOperator): log_sql_query>, print_the_context already registered for DAG: example_python_operator
[2024-01-14T15:06:36.867+0000] {processor.py:766} INFO - DAG(s) dict_keys(['example_python_operator']) retrieved from /home/airflow/.local/lib/python3.7/site-packages/airflow/example_dags/example_python_operator.py
[2024-01-14T15:06:36.896+0000] {logging_mixin.py:120} INFO - [2024-01-14T15:06:36.895+0000] {dag.py:2585} INFO - Sync 1 DAGs
[2024-01-14T15:06:36.911+0000] {logging_mixin.py:120} INFO - [2024-01-14T15:06:36.911+0000] {dag.py:3340} INFO - Setting next_dagrun for example_python_operator to None, run_after=None
[2024-01-14T15:06:36.922+0000] {processor.py:176} INFO - Processing /home/airflow/.local/lib/python3.7/site-packages/airflow/example_dags/example_python_operator.py took 0.076 seconds
[2024-01-14T15:07:06.950+0000] {processor.py:154} INFO - Started process (PID=923) to work on /home/airflow/.local/lib/python3.7/site-packages/airflow/example_dags/example_python_operator.py
[2024-01-14T15:07:06.951+0000] {processor.py:756} INFO - Processing file /home/airflow/.local/lib/python3.7/site-packages/airflow/example_dags/example_python_operator.py for tasks to queue
[2024-01-14T15:07:06.952+0000] {logging_mixin.py:120} INFO - [2024-01-14T15:07:06.952+0000] {dagbag.py:537} INFO - Filling up the DagBag from /home/airflow/.local/lib/python3.7/site-packages/airflow/example_dags/example_python_operator.py
[2024-01-14T15:07:06.962+0000] {logging_mixin.py:120} INFO - [2024-01-14T15:07:06.962+0000] {taskmixin.py:205} WARNING - Dependency <Task(_PythonDecoratedOperator): print_the_context>, log_sql_query already registered for DAG: example_python_operator
[2024-01-14T15:07:06.962+0000] {logging_mixin.py:120} INFO - [2024-01-14T15:07:06.962+0000] {taskmixin.py:205} WARNING - Dependency <Task(_PythonDecoratedOperator): log_sql_query>, print_the_context already registered for DAG: example_python_operator
[2024-01-14T15:07:06.963+0000] {logging_mixin.py:120} INFO - [2024-01-14T15:07:06.963+0000] {taskmixin.py:205} WARNING - Dependency <Task(_PythonDecoratedOperator): print_the_context>, log_sql_query already registered for DAG: example_python_operator
[2024-01-14T15:07:06.963+0000] {logging_mixin.py:120} INFO - [2024-01-14T15:07:06.963+0000] {taskmixin.py:205} WARNING - Dependency <Task(_PythonDecoratedOperator): log_sql_query>, print_the_context already registered for DAG: example_python_operator
[2024-01-14T15:07:06.964+0000] {logging_mixin.py:120} INFO - [2024-01-14T15:07:06.963+0000] {taskmixin.py:205} WARNING - Dependency <Task(_PythonDecoratedOperator): print_the_context>, log_sql_query already registered for DAG: example_python_operator
[2024-01-14T15:07:06.964+0000] {logging_mixin.py:120} INFO - [2024-01-14T15:07:06.964+0000] {taskmixin.py:205} WARNING - Dependency <Task(_PythonDecoratedOperator): log_sql_query>, print_the_context already registered for DAG: example_python_operator
[2024-01-14T15:07:06.964+0000] {logging_mixin.py:120} INFO - [2024-01-14T15:07:06.964+0000] {taskmixin.py:205} WARNING - Dependency <Task(_PythonDecoratedOperator): print_the_context>, log_sql_query already registered for DAG: example_python_operator
[2024-01-14T15:07:06.965+0000] {logging_mixin.py:120} INFO - [2024-01-14T15:07:06.965+0000] {taskmixin.py:205} WARNING - Dependency <Task(_PythonDecoratedOperator): log_sql_query>, print_the_context already registered for DAG: example_python_operator
[2024-01-14T15:07:06.970+0000] {processor.py:766} INFO - DAG(s) dict_keys(['example_python_operator']) retrieved from /home/airflow/.local/lib/python3.7/site-packages/airflow/example_dags/example_python_operator.py
[2024-01-14T15:07:06.996+0000] {logging_mixin.py:120} INFO - [2024-01-14T15:07:06.996+0000] {dag.py:2585} INFO - Sync 1 DAGs
[2024-01-14T15:07:07.012+0000] {logging_mixin.py:120} INFO - [2024-01-14T15:07:07.012+0000] {dag.py:3340} INFO - Setting next_dagrun for example_python_operator to None, run_after=None
[2024-01-14T15:07:07.022+0000] {processor.py:176} INFO - Processing /home/airflow/.local/lib/python3.7/site-packages/airflow/example_dags/example_python_operator.py took 0.073 seconds
[2024-01-14T15:07:37.880+0000] {processor.py:154} INFO - Started process (PID=985) to work on /home/airflow/.local/lib/python3.7/site-packages/airflow/example_dags/example_python_operator.py
[2024-01-14T15:07:37.881+0000] {processor.py:756} INFO - Processing file /home/airflow/.local/lib/python3.7/site-packages/airflow/example_dags/example_python_operator.py for tasks to queue
[2024-01-14T15:07:37.881+0000] {logging_mixin.py:120} INFO - [2024-01-14T15:07:37.881+0000] {dagbag.py:537} INFO - Filling up the DagBag from /home/airflow/.local/lib/python3.7/site-packages/airflow/example_dags/example_python_operator.py
[2024-01-14T15:07:37.893+0000] {logging_mixin.py:120} INFO - [2024-01-14T15:07:37.893+0000] {taskmixin.py:205} WARNING - Dependency <Task(_PythonDecoratedOperator): print_the_context>, log_sql_query already registered for DAG: example_python_operator
[2024-01-14T15:07:37.893+0000] {logging_mixin.py:120} INFO - [2024-01-14T15:07:37.893+0000] {taskmixin.py:205} WARNING - Dependency <Task(_PythonDecoratedOperator): log_sql_query>, print_the_context already registered for DAG: example_python_operator
[2024-01-14T15:07:37.894+0000] {logging_mixin.py:120} INFO - [2024-01-14T15:07:37.894+0000] {taskmixin.py:205} WARNING - Dependency <Task(_PythonDecoratedOperator): print_the_context>, log_sql_query already registered for DAG: example_python_operator
[2024-01-14T15:07:37.894+0000] {logging_mixin.py:120} INFO - [2024-01-14T15:07:37.894+0000] {taskmixin.py:205} WARNING - Dependency <Task(_PythonDecoratedOperator): log_sql_query>, print_the_context already registered for DAG: example_python_operator
[2024-01-14T15:07:37.895+0000] {logging_mixin.py:120} INFO - [2024-01-14T15:07:37.895+0000] {taskmixin.py:205} WARNING - Dependency <Task(_PythonDecoratedOperator): print_the_context>, log_sql_query already registered for DAG: example_python_operator
[2024-01-14T15:07:37.895+0000] {logging_mixin.py:120} INFO - [2024-01-14T15:07:37.895+0000] {taskmixin.py:205} WARNING - Dependency <Task(_PythonDecoratedOperator): log_sql_query>, print_the_context already registered for DAG: example_python_operator
[2024-01-14T15:07:37.895+0000] {logging_mixin.py:120} INFO - [2024-01-14T15:07:37.895+0000] {taskmixin.py:205} WARNING - Dependency <Task(_PythonDecoratedOperator): print_the_context>, log_sql_query already registered for DAG: example_python_operator
[2024-01-14T15:07:37.896+0000] {logging_mixin.py:120} INFO - [2024-01-14T15:07:37.896+0000] {taskmixin.py:205} WARNING - Dependency <Task(_PythonDecoratedOperator): log_sql_query>, print_the_context already registered for DAG: example_python_operator
[2024-01-14T15:07:37.901+0000] {processor.py:766} INFO - DAG(s) dict_keys(['example_python_operator']) retrieved from /home/airflow/.local/lib/python3.7/site-packages/airflow/example_dags/example_python_operator.py
[2024-01-14T15:07:37.930+0000] {logging_mixin.py:120} INFO - [2024-01-14T15:07:37.929+0000] {dag.py:2585} INFO - Sync 1 DAGs
[2024-01-14T15:07:37.944+0000] {logging_mixin.py:120} INFO - [2024-01-14T15:07:37.944+0000] {dag.py:3340} INFO - Setting next_dagrun for example_python_operator to None, run_after=None
[2024-01-14T15:07:37.954+0000] {processor.py:176} INFO - Processing /home/airflow/.local/lib/python3.7/site-packages/airflow/example_dags/example_python_operator.py took 0.077 seconds
[2024-01-14T15:08:08.096+0000] {processor.py:154} INFO - Started process (PID=1048) to work on /home/airflow/.local/lib/python3.7/site-packages/airflow/example_dags/example_python_operator.py
[2024-01-14T15:08:08.097+0000] {processor.py:756} INFO - Processing file /home/airflow/.local/lib/python3.7/site-packages/airflow/example_dags/example_python_operator.py for tasks to queue
[2024-01-14T15:08:08.097+0000] {logging_mixin.py:120} INFO - [2024-01-14T15:08:08.097+0000] {dagbag.py:537} INFO - Filling up the DagBag from /home/airflow/.local/lib/python3.7/site-packages/airflow/example_dags/example_python_operator.py
[2024-01-14T15:08:08.108+0000] {logging_mixin.py:120} INFO - [2024-01-14T15:08:08.108+0000] {taskmixin.py:205} WARNING - Dependency <Task(_PythonDecoratedOperator): print_the_context>, log_sql_query already registered for DAG: example_python_operator
[2024-01-14T15:08:08.108+0000] {logging_mixin.py:120} INFO - [2024-01-14T15:08:08.108+0000] {taskmixin.py:205} WARNING - Dependency <Task(_PythonDecoratedOperator): log_sql_query>, print_the_context already registered for DAG: example_python_operator
[2024-01-14T15:08:08.109+0000] {logging_mixin.py:120} INFO - [2024-01-14T15:08:08.109+0000] {taskmixin.py:205} WARNING - Dependency <Task(_PythonDecoratedOperator): print_the_context>, log_sql_query already registered for DAG: example_python_operator
[2024-01-14T15:08:08.109+0000] {logging_mixin.py:120} INFO - [2024-01-14T15:08:08.109+0000] {taskmixin.py:205} WARNING - Dependency <Task(_PythonDecoratedOperator): log_sql_query>, print_the_context already registered for DAG: example_python_operator
[2024-01-14T15:08:08.109+0000] {logging_mixin.py:120} INFO - [2024-01-14T15:08:08.109+0000] {taskmixin.py:205} WARNING - Dependency <Task(_PythonDecoratedOperator): print_the_context>, log_sql_query already registered for DAG: example_python_operator
[2024-01-14T15:08:08.110+0000] {logging_mixin.py:120} INFO - [2024-01-14T15:08:08.110+0000] {taskmixin.py:205} WARNING - Dependency <Task(_PythonDecoratedOperator): log_sql_query>, print_the_context already registered for DAG: example_python_operator
[2024-01-14T15:08:08.110+0000] {logging_mixin.py:120} INFO - [2024-01-14T15:08:08.110+0000] {taskmixin.py:205} WARNING - Dependency <Task(_PythonDecoratedOperator): print_the_context>, log_sql_query already registered for DAG: example_python_operator
[2024-01-14T15:08:08.110+0000] {logging_mixin.py:120} INFO - [2024-01-14T15:08:08.110+0000] {taskmixin.py:205} WARNING - Dependency <Task(_PythonDecoratedOperator): log_sql_query>, print_the_context already registered for DAG: example_python_operator
[2024-01-14T15:08:08.116+0000] {processor.py:766} INFO - DAG(s) dict_keys(['example_python_operator']) retrieved from /home/airflow/.local/lib/python3.7/site-packages/airflow/example_dags/example_python_operator.py
[2024-01-14T15:08:08.145+0000] {logging_mixin.py:120} INFO - [2024-01-14T15:08:08.145+0000] {dag.py:2585} INFO - Sync 1 DAGs
[2024-01-14T15:08:08.160+0000] {logging_mixin.py:120} INFO - [2024-01-14T15:08:08.160+0000] {dag.py:3340} INFO - Setting next_dagrun for example_python_operator to None, run_after=None
[2024-01-14T15:08:08.171+0000] {processor.py:176} INFO - Processing /home/airflow/.local/lib/python3.7/site-packages/airflow/example_dags/example_python_operator.py took 0.077 seconds
[2024-01-14T15:08:39.055+0000] {processor.py:154} INFO - Started process (PID=1102) to work on /home/airflow/.local/lib/python3.7/site-packages/airflow/example_dags/example_python_operator.py
[2024-01-14T15:08:39.056+0000] {processor.py:756} INFO - Processing file /home/airflow/.local/lib/python3.7/site-packages/airflow/example_dags/example_python_operator.py for tasks to queue
[2024-01-14T15:08:39.056+0000] {logging_mixin.py:120} INFO - [2024-01-14T15:08:39.056+0000] {dagbag.py:537} INFO - Filling up the DagBag from /home/airflow/.local/lib/python3.7/site-packages/airflow/example_dags/example_python_operator.py
[2024-01-14T15:08:39.067+0000] {logging_mixin.py:120} INFO - [2024-01-14T15:08:39.067+0000] {taskmixin.py:205} WARNING - Dependency <Task(_PythonDecoratedOperator): print_the_context>, log_sql_query already registered for DAG: example_python_operator
[2024-01-14T15:08:39.067+0000] {logging_mixin.py:120} INFO - [2024-01-14T15:08:39.067+0000] {taskmixin.py:205} WARNING - Dependency <Task(_PythonDecoratedOperator): log_sql_query>, print_the_context already registered for DAG: example_python_operator
[2024-01-14T15:08:39.067+0000] {logging_mixin.py:120} INFO - [2024-01-14T15:08:39.067+0000] {taskmixin.py:205} WARNING - Dependency <Task(_PythonDecoratedOperator): print_the_context>, log_sql_query already registered for DAG: example_python_operator
[2024-01-14T15:08:39.068+0000] {logging_mixin.py:120} INFO - [2024-01-14T15:08:39.068+0000] {taskmixin.py:205} WARNING - Dependency <Task(_PythonDecoratedOperator): log_sql_query>, print_the_context already registered for DAG: example_python_operator
[2024-01-14T15:08:39.068+0000] {logging_mixin.py:120} INFO - [2024-01-14T15:08:39.068+0000] {taskmixin.py:205} WARNING - Dependency <Task(_PythonDecoratedOperator): print_the_context>, log_sql_query already registered for DAG: example_python_operator
[2024-01-14T15:08:39.069+0000] {logging_mixin.py:120} INFO - [2024-01-14T15:08:39.069+0000] {taskmixin.py:205} WARNING - Dependency <Task(_PythonDecoratedOperator): log_sql_query>, print_the_context already registered for DAG: example_python_operator
[2024-01-14T15:08:39.069+0000] {logging_mixin.py:120} INFO - [2024-01-14T15:08:39.069+0000] {taskmixin.py:205} WARNING - Dependency <Task(_PythonDecoratedOperator): print_the_context>, log_sql_query already registered for DAG: example_python_operator
[2024-01-14T15:08:39.069+0000] {logging_mixin.py:120} INFO - [2024-01-14T15:08:39.069+0000] {taskmixin.py:205} WARNING - Dependency <Task(_PythonDecoratedOperator): log_sql_query>, print_the_context already registered for DAG: example_python_operator
[2024-01-14T15:08:39.074+0000] {processor.py:766} INFO - DAG(s) dict_keys(['example_python_operator']) retrieved from /home/airflow/.local/lib/python3.7/site-packages/airflow/example_dags/example_python_operator.py
[2024-01-14T15:08:39.101+0000] {logging_mixin.py:120} INFO - [2024-01-14T15:08:39.101+0000] {dag.py:2585} INFO - Sync 1 DAGs
[2024-01-14T15:08:39.116+0000] {logging_mixin.py:120} INFO - [2024-01-14T15:08:39.116+0000] {dag.py:3340} INFO - Setting next_dagrun for example_python_operator to None, run_after=None
[2024-01-14T15:08:39.128+0000] {processor.py:176} INFO - Processing /home/airflow/.local/lib/python3.7/site-packages/airflow/example_dags/example_python_operator.py took 0.075 seconds
[2024-01-14T15:09:10.023+0000] {processor.py:154} INFO - Started process (PID=1165) to work on /home/airflow/.local/lib/python3.7/site-packages/airflow/example_dags/example_python_operator.py
[2024-01-14T15:09:10.024+0000] {processor.py:756} INFO - Processing file /home/airflow/.local/lib/python3.7/site-packages/airflow/example_dags/example_python_operator.py for tasks to queue
[2024-01-14T15:09:10.025+0000] {logging_mixin.py:120} INFO - [2024-01-14T15:09:10.025+0000] {dagbag.py:537} INFO - Filling up the DagBag from /home/airflow/.local/lib/python3.7/site-packages/airflow/example_dags/example_python_operator.py
[2024-01-14T15:09:10.045+0000] {logging_mixin.py:120} INFO - [2024-01-14T15:09:10.045+0000] {taskmixin.py:205} WARNING - Dependency <Task(_PythonDecoratedOperator): print_the_context>, log_sql_query already registered for DAG: example_python_operator
[2024-01-14T15:09:10.046+0000] {logging_mixin.py:120} INFO - [2024-01-14T15:09:10.046+0000] {taskmixin.py:205} WARNING - Dependency <Task(_PythonDecoratedOperator): log_sql_query>, print_the_context already registered for DAG: example_python_operator
[2024-01-14T15:09:10.046+0000] {logging_mixin.py:120} INFO - [2024-01-14T15:09:10.046+0000] {taskmixin.py:205} WARNING - Dependency <Task(_PythonDecoratedOperator): print_the_context>, log_sql_query already registered for DAG: example_python_operator
[2024-01-14T15:09:10.047+0000] {logging_mixin.py:120} INFO - [2024-01-14T15:09:10.047+0000] {taskmixin.py:205} WARNING - Dependency <Task(_PythonDecoratedOperator): log_sql_query>, print_the_context already registered for DAG: example_python_operator
[2024-01-14T15:09:10.047+0000] {logging_mixin.py:120} INFO - [2024-01-14T15:09:10.047+0000] {taskmixin.py:205} WARNING - Dependency <Task(_PythonDecoratedOperator): print_the_context>, log_sql_query already registered for DAG: example_python_operator
[2024-01-14T15:09:10.047+0000] {logging_mixin.py:120} INFO - [2024-01-14T15:09:10.047+0000] {taskmixin.py:205} WARNING - Dependency <Task(_PythonDecoratedOperator): log_sql_query>, print_the_context already registered for DAG: example_python_operator
[2024-01-14T15:09:10.048+0000] {logging_mixin.py:120} INFO - [2024-01-14T15:09:10.048+0000] {taskmixin.py:205} WARNING - Dependency <Task(_PythonDecoratedOperator): print_the_context>, log_sql_query already registered for DAG: example_python_operator
[2024-01-14T15:09:10.048+0000] {logging_mixin.py:120} INFO - [2024-01-14T15:09:10.048+0000] {taskmixin.py:205} WARNING - Dependency <Task(_PythonDecoratedOperator): log_sql_query>, print_the_context already registered for DAG: example_python_operator
[2024-01-14T15:09:10.053+0000] {processor.py:766} INFO - DAG(s) dict_keys(['example_python_operator']) retrieved from /home/airflow/.local/lib/python3.7/site-packages/airflow/example_dags/example_python_operator.py
[2024-01-14T15:09:10.080+0000] {logging_mixin.py:120} INFO - [2024-01-14T15:09:10.080+0000] {dag.py:2585} INFO - Sync 1 DAGs
[2024-01-14T15:09:10.096+0000] {logging_mixin.py:120} INFO - [2024-01-14T15:09:10.096+0000] {dag.py:3340} INFO - Setting next_dagrun for example_python_operator to None, run_after=None
[2024-01-14T15:09:10.107+0000] {processor.py:176} INFO - Processing /home/airflow/.local/lib/python3.7/site-packages/airflow/example_dags/example_python_operator.py took 0.086 seconds
[2024-01-14T15:09:41.016+0000] {processor.py:154} INFO - Started process (PID=1228) to work on /home/airflow/.local/lib/python3.7/site-packages/airflow/example_dags/example_python_operator.py
[2024-01-14T15:09:41.017+0000] {processor.py:756} INFO - Processing file /home/airflow/.local/lib/python3.7/site-packages/airflow/example_dags/example_python_operator.py for tasks to queue
[2024-01-14T15:09:41.017+0000] {logging_mixin.py:120} INFO - [2024-01-14T15:09:41.017+0000] {dagbag.py:537} INFO - Filling up the DagBag from /home/airflow/.local/lib/python3.7/site-packages/airflow/example_dags/example_python_operator.py
[2024-01-14T15:09:41.028+0000] {logging_mixin.py:120} INFO - [2024-01-14T15:09:41.028+0000] {taskmixin.py:205} WARNING - Dependency <Task(_PythonDecoratedOperator): print_the_context>, log_sql_query already registered for DAG: example_python_operator
[2024-01-14T15:09:41.028+0000] {logging_mixin.py:120} INFO - [2024-01-14T15:09:41.028+0000] {taskmixin.py:205} WARNING - Dependency <Task(_PythonDecoratedOperator): log_sql_query>, print_the_context already registered for DAG: example_python_operator
[2024-01-14T15:09:41.029+0000] {logging_mixin.py:120} INFO - [2024-01-14T15:09:41.029+0000] {taskmixin.py:205} WARNING - Dependency <Task(_PythonDecoratedOperator): print_the_context>, log_sql_query already registered for DAG: example_python_operator
[2024-01-14T15:09:41.029+0000] {logging_mixin.py:120} INFO - [2024-01-14T15:09:41.029+0000] {taskmixin.py:205} WARNING - Dependency <Task(_PythonDecoratedOperator): log_sql_query>, print_the_context already registered for DAG: example_python_operator
[2024-01-14T15:09:41.030+0000] {logging_mixin.py:120} INFO - [2024-01-14T15:09:41.030+0000] {taskmixin.py:205} WARNING - Dependency <Task(_PythonDecoratedOperator): print_the_context>, log_sql_query already registered for DAG: example_python_operator
[2024-01-14T15:09:41.030+0000] {logging_mixin.py:120} INFO - [2024-01-14T15:09:41.030+0000] {taskmixin.py:205} WARNING - Dependency <Task(_PythonDecoratedOperator): log_sql_query>, print_the_context already registered for DAG: example_python_operator
[2024-01-14T15:09:41.031+0000] {logging_mixin.py:120} INFO - [2024-01-14T15:09:41.031+0000] {taskmixin.py:205} WARNING - Dependency <Task(_PythonDecoratedOperator): print_the_context>, log_sql_query already registered for DAG: example_python_operator
[2024-01-14T15:09:41.031+0000] {logging_mixin.py:120} INFO - [2024-01-14T15:09:41.031+0000] {taskmixin.py:205} WARNING - Dependency <Task(_PythonDecoratedOperator): log_sql_query>, print_the_context already registered for DAG: example_python_operator
[2024-01-14T15:09:41.035+0000] {processor.py:766} INFO - DAG(s) dict_keys(['example_python_operator']) retrieved from /home/airflow/.local/lib/python3.7/site-packages/airflow/example_dags/example_python_operator.py
[2024-01-14T15:09:41.062+0000] {logging_mixin.py:120} INFO - [2024-01-14T15:09:41.062+0000] {dag.py:2585} INFO - Sync 1 DAGs
[2024-01-14T15:09:41.077+0000] {logging_mixin.py:120} INFO - [2024-01-14T15:09:41.077+0000] {dag.py:3340} INFO - Setting next_dagrun for example_python_operator to None, run_after=None
[2024-01-14T15:09:41.087+0000] {processor.py:176} INFO - Processing /home/airflow/.local/lib/python3.7/site-packages/airflow/example_dags/example_python_operator.py took 0.074 seconds
[2024-01-14T15:10:11.961+0000] {processor.py:154} INFO - Started process (PID=1291) to work on /home/airflow/.local/lib/python3.7/site-packages/airflow/example_dags/example_python_operator.py
[2024-01-14T15:10:11.961+0000] {processor.py:756} INFO - Processing file /home/airflow/.local/lib/python3.7/site-packages/airflow/example_dags/example_python_operator.py for tasks to queue
[2024-01-14T15:10:11.962+0000] {logging_mixin.py:120} INFO - [2024-01-14T15:10:11.962+0000] {dagbag.py:537} INFO - Filling up the DagBag from /home/airflow/.local/lib/python3.7/site-packages/airflow/example_dags/example_python_operator.py
[2024-01-14T15:10:11.972+0000] {logging_mixin.py:120} INFO - [2024-01-14T15:10:11.972+0000] {taskmixin.py:205} WARNING - Dependency <Task(_PythonDecoratedOperator): print_the_context>, log_sql_query already registered for DAG: example_python_operator
[2024-01-14T15:10:11.972+0000] {logging_mixin.py:120} INFO - [2024-01-14T15:10:11.972+0000] {taskmixin.py:205} WARNING - Dependency <Task(_PythonDecoratedOperator): log_sql_query>, print_the_context already registered for DAG: example_python_operator
[2024-01-14T15:10:11.973+0000] {logging_mixin.py:120} INFO - [2024-01-14T15:10:11.973+0000] {taskmixin.py:205} WARNING - Dependency <Task(_PythonDecoratedOperator): print_the_context>, log_sql_query already registered for DAG: example_python_operator
[2024-01-14T15:10:11.973+0000] {logging_mixin.py:120} INFO - [2024-01-14T15:10:11.973+0000] {taskmixin.py:205} WARNING - Dependency <Task(_PythonDecoratedOperator): log_sql_query>, print_the_context already registered for DAG: example_python_operator
[2024-01-14T15:10:11.973+0000] {logging_mixin.py:120} INFO - [2024-01-14T15:10:11.973+0000] {taskmixin.py:205} WARNING - Dependency <Task(_PythonDecoratedOperator): print_the_context>, log_sql_query already registered for DAG: example_python_operator
[2024-01-14T15:10:11.974+0000] {logging_mixin.py:120} INFO - [2024-01-14T15:10:11.974+0000] {taskmixin.py:205} WARNING - Dependency <Task(_PythonDecoratedOperator): log_sql_query>, print_the_context already registered for DAG: example_python_operator
[2024-01-14T15:10:11.974+0000] {logging_mixin.py:120} INFO - [2024-01-14T15:10:11.974+0000] {taskmixin.py:205} WARNING - Dependency <Task(_PythonDecoratedOperator): print_the_context>, log_sql_query already registered for DAG: example_python_operator
[2024-01-14T15:10:11.974+0000] {logging_mixin.py:120} INFO - [2024-01-14T15:10:11.974+0000] {taskmixin.py:205} WARNING - Dependency <Task(_PythonDecoratedOperator): log_sql_query>, print_the_context already registered for DAG: example_python_operator
[2024-01-14T15:10:11.979+0000] {processor.py:766} INFO - DAG(s) dict_keys(['example_python_operator']) retrieved from /home/airflow/.local/lib/python3.7/site-packages/airflow/example_dags/example_python_operator.py
[2024-01-14T15:10:12.005+0000] {logging_mixin.py:120} INFO - [2024-01-14T15:10:12.005+0000] {dag.py:2585} INFO - Sync 1 DAGs
[2024-01-14T15:10:12.020+0000] {logging_mixin.py:120} INFO - [2024-01-14T15:10:12.020+0000] {dag.py:3340} INFO - Setting next_dagrun for example_python_operator to None, run_after=None
[2024-01-14T15:10:12.030+0000] {processor.py:176} INFO - Processing /home/airflow/.local/lib/python3.7/site-packages/airflow/example_dags/example_python_operator.py took 0.072 seconds
[2024-01-14T15:10:42.823+0000] {processor.py:154} INFO - Started process (PID=1354) to work on /home/airflow/.local/lib/python3.7/site-packages/airflow/example_dags/example_python_operator.py
[2024-01-14T15:10:42.824+0000] {processor.py:756} INFO - Processing file /home/airflow/.local/lib/python3.7/site-packages/airflow/example_dags/example_python_operator.py for tasks to queue
[2024-01-14T15:10:42.824+0000] {logging_mixin.py:120} INFO - [2024-01-14T15:10:42.824+0000] {dagbag.py:537} INFO - Filling up the DagBag from /home/airflow/.local/lib/python3.7/site-packages/airflow/example_dags/example_python_operator.py
[2024-01-14T15:10:42.835+0000] {logging_mixin.py:120} INFO - [2024-01-14T15:10:42.835+0000] {taskmixin.py:205} WARNING - Dependency <Task(_PythonDecoratedOperator): print_the_context>, log_sql_query already registered for DAG: example_python_operator
[2024-01-14T15:10:42.835+0000] {logging_mixin.py:120} INFO - [2024-01-14T15:10:42.835+0000] {taskmixin.py:205} WARNING - Dependency <Task(_PythonDecoratedOperator): log_sql_query>, print_the_context already registered for DAG: example_python_operator
[2024-01-14T15:10:42.836+0000] {logging_mixin.py:120} INFO - [2024-01-14T15:10:42.836+0000] {taskmixin.py:205} WARNING - Dependency <Task(_PythonDecoratedOperator): print_the_context>, log_sql_query already registered for DAG: example_python_operator
[2024-01-14T15:10:42.836+0000] {logging_mixin.py:120} INFO - [2024-01-14T15:10:42.836+0000] {taskmixin.py:205} WARNING - Dependency <Task(_PythonDecoratedOperator): log_sql_query>, print_the_context already registered for DAG: example_python_operator
[2024-01-14T15:10:42.836+0000] {logging_mixin.py:120} INFO - [2024-01-14T15:10:42.836+0000] {taskmixin.py:205} WARNING - Dependency <Task(_PythonDecoratedOperator): print_the_context>, log_sql_query already registered for DAG: example_python_operator
[2024-01-14T15:10:42.837+0000] {logging_mixin.py:120} INFO - [2024-01-14T15:10:42.837+0000] {taskmixin.py:205} WARNING - Dependency <Task(_PythonDecoratedOperator): log_sql_query>, print_the_context already registered for DAG: example_python_operator
[2024-01-14T15:10:42.837+0000] {logging_mixin.py:120} INFO - [2024-01-14T15:10:42.837+0000] {taskmixin.py:205} WARNING - Dependency <Task(_PythonDecoratedOperator): print_the_context>, log_sql_query already registered for DAG: example_python_operator
[2024-01-14T15:10:42.837+0000] {logging_mixin.py:120} INFO - [2024-01-14T15:10:42.837+0000] {taskmixin.py:205} WARNING - Dependency <Task(_PythonDecoratedOperator): log_sql_query>, print_the_context already registered for DAG: example_python_operator
[2024-01-14T15:10:42.842+0000] {processor.py:766} INFO - DAG(s) dict_keys(['example_python_operator']) retrieved from /home/airflow/.local/lib/python3.7/site-packages/airflow/example_dags/example_python_operator.py
[2024-01-14T15:10:42.869+0000] {logging_mixin.py:120} INFO - [2024-01-14T15:10:42.869+0000] {dag.py:2585} INFO - Sync 1 DAGs
[2024-01-14T15:10:42.885+0000] {logging_mixin.py:120} INFO - [2024-01-14T15:10:42.885+0000] {dag.py:3340} INFO - Setting next_dagrun for example_python_operator to None, run_after=None
[2024-01-14T15:10:42.895+0000] {processor.py:176} INFO - Processing /home/airflow/.local/lib/python3.7/site-packages/airflow/example_dags/example_python_operator.py took 0.075 seconds
[2024-01-14T15:11:44.866+0000] {processor.py:154} INFO - Started process (PID=1480) to work on /home/airflow/.local/lib/python3.7/site-packages/airflow/example_dags/example_python_operator.py
[2024-01-14T15:11:44.867+0000] {processor.py:756} INFO - Processing file /home/airflow/.local/lib/python3.7/site-packages/airflow/example_dags/example_python_operator.py for tasks to queue
[2024-01-14T15:11:44.867+0000] {logging_mixin.py:120} INFO - [2024-01-14T15:11:44.867+0000] {dagbag.py:537} INFO - Filling up the DagBag from /home/airflow/.local/lib/python3.7/site-packages/airflow/example_dags/example_python_operator.py
[2024-01-14T15:11:44.877+0000] {logging_mixin.py:120} INFO - [2024-01-14T15:11:44.877+0000] {taskmixin.py:205} WARNING - Dependency <Task(_PythonDecoratedOperator): print_the_context>, log_sql_query already registered for DAG: example_python_operator
[2024-01-14T15:11:44.877+0000] {logging_mixin.py:120} INFO - [2024-01-14T15:11:44.877+0000] {taskmixin.py:205} WARNING - Dependency <Task(_PythonDecoratedOperator): log_sql_query>, print_the_context already registered for DAG: example_python_operator
[2024-01-14T15:11:44.878+0000] {logging_mixin.py:120} INFO - [2024-01-14T15:11:44.878+0000] {taskmixin.py:205} WARNING - Dependency <Task(_PythonDecoratedOperator): print_the_context>, log_sql_query already registered for DAG: example_python_operator
[2024-01-14T15:11:44.878+0000] {logging_mixin.py:120} INFO - [2024-01-14T15:11:44.878+0000] {taskmixin.py:205} WARNING - Dependency <Task(_PythonDecoratedOperator): log_sql_query>, print_the_context already registered for DAG: example_python_operator
[2024-01-14T15:11:44.879+0000] {logging_mixin.py:120} INFO - [2024-01-14T15:11:44.879+0000] {taskmixin.py:205} WARNING - Dependency <Task(_PythonDecoratedOperator): print_the_context>, log_sql_query already registered for DAG: example_python_operator
[2024-01-14T15:11:44.879+0000] {logging_mixin.py:120} INFO - [2024-01-14T15:11:44.879+0000] {taskmixin.py:205} WARNING - Dependency <Task(_PythonDecoratedOperator): log_sql_query>, print_the_context already registered for DAG: example_python_operator
[2024-01-14T15:11:44.879+0000] {logging_mixin.py:120} INFO - [2024-01-14T15:11:44.879+0000] {taskmixin.py:205} WARNING - Dependency <Task(_PythonDecoratedOperator): print_the_context>, log_sql_query already registered for DAG: example_python_operator
[2024-01-14T15:11:44.880+0000] {logging_mixin.py:120} INFO - [2024-01-14T15:11:44.880+0000] {taskmixin.py:205} WARNING - Dependency <Task(_PythonDecoratedOperator): log_sql_query>, print_the_context already registered for DAG: example_python_operator
[2024-01-14T15:11:44.885+0000] {processor.py:766} INFO - DAG(s) dict_keys(['example_python_operator']) retrieved from /home/airflow/.local/lib/python3.7/site-packages/airflow/example_dags/example_python_operator.py
[2024-01-14T15:11:44.911+0000] {logging_mixin.py:120} INFO - [2024-01-14T15:11:44.911+0000] {dag.py:2585} INFO - Sync 1 DAGs
[2024-01-14T15:11:44.926+0000] {logging_mixin.py:120} INFO - [2024-01-14T15:11:44.926+0000] {dag.py:3340} INFO - Setting next_dagrun for example_python_operator to None, run_after=None
[2024-01-14T15:11:44.937+0000] {processor.py:176} INFO - Processing /home/airflow/.local/lib/python3.7/site-packages/airflow/example_dags/example_python_operator.py took 0.073 seconds
[2024-01-14T15:12:15.917+0000] {processor.py:154} INFO - Started process (PID=1534) to work on /home/airflow/.local/lib/python3.7/site-packages/airflow/example_dags/example_python_operator.py
[2024-01-14T15:12:15.918+0000] {processor.py:756} INFO - Processing file /home/airflow/.local/lib/python3.7/site-packages/airflow/example_dags/example_python_operator.py for tasks to queue
[2024-01-14T15:12:15.919+0000] {logging_mixin.py:120} INFO - [2024-01-14T15:12:15.918+0000] {dagbag.py:537} INFO - Filling up the DagBag from /home/airflow/.local/lib/python3.7/site-packages/airflow/example_dags/example_python_operator.py
[2024-01-14T15:12:15.929+0000] {logging_mixin.py:120} INFO - [2024-01-14T15:12:15.929+0000] {taskmixin.py:205} WARNING - Dependency <Task(_PythonDecoratedOperator): print_the_context>, log_sql_query already registered for DAG: example_python_operator
[2024-01-14T15:12:15.929+0000] {logging_mixin.py:120} INFO - [2024-01-14T15:12:15.929+0000] {taskmixin.py:205} WARNING - Dependency <Task(_PythonDecoratedOperator): log_sql_query>, print_the_context already registered for DAG: example_python_operator
[2024-01-14T15:12:15.930+0000] {logging_mixin.py:120} INFO - [2024-01-14T15:12:15.930+0000] {taskmixin.py:205} WARNING - Dependency <Task(_PythonDecoratedOperator): print_the_context>, log_sql_query already registered for DAG: example_python_operator
[2024-01-14T15:12:15.930+0000] {logging_mixin.py:120} INFO - [2024-01-14T15:12:15.930+0000] {taskmixin.py:205} WARNING - Dependency <Task(_PythonDecoratedOperator): log_sql_query>, print_the_context already registered for DAG: example_python_operator
[2024-01-14T15:12:15.931+0000] {logging_mixin.py:120} INFO - [2024-01-14T15:12:15.930+0000] {taskmixin.py:205} WARNING - Dependency <Task(_PythonDecoratedOperator): print_the_context>, log_sql_query already registered for DAG: example_python_operator
[2024-01-14T15:12:15.931+0000] {logging_mixin.py:120} INFO - [2024-01-14T15:12:15.931+0000] {taskmixin.py:205} WARNING - Dependency <Task(_PythonDecoratedOperator): log_sql_query>, print_the_context already registered for DAG: example_python_operator
[2024-01-14T15:12:15.931+0000] {logging_mixin.py:120} INFO - [2024-01-14T15:12:15.931+0000] {taskmixin.py:205} WARNING - Dependency <Task(_PythonDecoratedOperator): print_the_context>, log_sql_query already registered for DAG: example_python_operator
[2024-01-14T15:12:15.931+0000] {logging_mixin.py:120} INFO - [2024-01-14T15:12:15.931+0000] {taskmixin.py:205} WARNING - Dependency <Task(_PythonDecoratedOperator): log_sql_query>, print_the_context already registered for DAG: example_python_operator
[2024-01-14T15:12:15.936+0000] {processor.py:766} INFO - DAG(s) dict_keys(['example_python_operator']) retrieved from /home/airflow/.local/lib/python3.7/site-packages/airflow/example_dags/example_python_operator.py
[2024-01-14T15:12:15.964+0000] {logging_mixin.py:120} INFO - [2024-01-14T15:12:15.964+0000] {dag.py:2585} INFO - Sync 1 DAGs
[2024-01-14T15:12:15.979+0000] {logging_mixin.py:120} INFO - [2024-01-14T15:12:15.979+0000] {dag.py:3340} INFO - Setting next_dagrun for example_python_operator to None, run_after=None
[2024-01-14T15:12:15.991+0000] {processor.py:176} INFO - Processing /home/airflow/.local/lib/python3.7/site-packages/airflow/example_dags/example_python_operator.py took 0.076 seconds
[2024-01-14T15:12:46.779+0000] {processor.py:154} INFO - Started process (PID=1597) to work on /home/airflow/.local/lib/python3.7/site-packages/airflow/example_dags/example_python_operator.py
[2024-01-14T15:12:46.779+0000] {processor.py:756} INFO - Processing file /home/airflow/.local/lib/python3.7/site-packages/airflow/example_dags/example_python_operator.py for tasks to queue
[2024-01-14T15:12:46.780+0000] {logging_mixin.py:120} INFO - [2024-01-14T15:12:46.780+0000] {dagbag.py:537} INFO - Filling up the DagBag from /home/airflow/.local/lib/python3.7/site-packages/airflow/example_dags/example_python_operator.py
[2024-01-14T15:12:46.791+0000] {logging_mixin.py:120} INFO - [2024-01-14T15:12:46.791+0000] {taskmixin.py:205} WARNING - Dependency <Task(_PythonDecoratedOperator): print_the_context>, log_sql_query already registered for DAG: example_python_operator
[2024-01-14T15:12:46.791+0000] {logging_mixin.py:120} INFO - [2024-01-14T15:12:46.791+0000] {taskmixin.py:205} WARNING - Dependency <Task(_PythonDecoratedOperator): log_sql_query>, print_the_context already registered for DAG: example_python_operator
[2024-01-14T15:12:46.792+0000] {logging_mixin.py:120} INFO - [2024-01-14T15:12:46.792+0000] {taskmixin.py:205} WARNING - Dependency <Task(_PythonDecoratedOperator): print_the_context>, log_sql_query already registered for DAG: example_python_operator
[2024-01-14T15:12:46.792+0000] {logging_mixin.py:120} INFO - [2024-01-14T15:12:46.792+0000] {taskmixin.py:205} WARNING - Dependency <Task(_PythonDecoratedOperator): log_sql_query>, print_the_context already registered for DAG: example_python_operator
[2024-01-14T15:12:46.793+0000] {logging_mixin.py:120} INFO - [2024-01-14T15:12:46.793+0000] {taskmixin.py:205} WARNING - Dependency <Task(_PythonDecoratedOperator): print_the_context>, log_sql_query already registered for DAG: example_python_operator
[2024-01-14T15:12:46.793+0000] {logging_mixin.py:120} INFO - [2024-01-14T15:12:46.793+0000] {taskmixin.py:205} WARNING - Dependency <Task(_PythonDecoratedOperator): log_sql_query>, print_the_context already registered for DAG: example_python_operator
[2024-01-14T15:12:46.794+0000] {logging_mixin.py:120} INFO - [2024-01-14T15:12:46.794+0000] {taskmixin.py:205} WARNING - Dependency <Task(_PythonDecoratedOperator): print_the_context>, log_sql_query already registered for DAG: example_python_operator
[2024-01-14T15:12:46.794+0000] {logging_mixin.py:120} INFO - [2024-01-14T15:12:46.794+0000] {taskmixin.py:205} WARNING - Dependency <Task(_PythonDecoratedOperator): log_sql_query>, print_the_context already registered for DAG: example_python_operator
[2024-01-14T15:12:46.799+0000] {processor.py:766} INFO - DAG(s) dict_keys(['example_python_operator']) retrieved from /home/airflow/.local/lib/python3.7/site-packages/airflow/example_dags/example_python_operator.py
[2024-01-14T15:12:46.825+0000] {logging_mixin.py:120} INFO - [2024-01-14T15:12:46.825+0000] {dag.py:2585} INFO - Sync 1 DAGs
[2024-01-14T15:12:46.841+0000] {logging_mixin.py:120} INFO - [2024-01-14T15:12:46.841+0000] {dag.py:3340} INFO - Setting next_dagrun for example_python_operator to None, run_after=None
[2024-01-14T15:12:46.851+0000] {processor.py:176} INFO - Processing /home/airflow/.local/lib/python3.7/site-packages/airflow/example_dags/example_python_operator.py took 0.074 seconds
[2024-01-14T15:13:17.821+0000] {processor.py:154} INFO - Started process (PID=1660) to work on /home/airflow/.local/lib/python3.7/site-packages/airflow/example_dags/example_python_operator.py
[2024-01-14T15:13:17.822+0000] {processor.py:756} INFO - Processing file /home/airflow/.local/lib/python3.7/site-packages/airflow/example_dags/example_python_operator.py for tasks to queue
[2024-01-14T15:13:17.822+0000] {logging_mixin.py:120} INFO - [2024-01-14T15:13:17.822+0000] {dagbag.py:537} INFO - Filling up the DagBag from /home/airflow/.local/lib/python3.7/site-packages/airflow/example_dags/example_python_operator.py
[2024-01-14T15:13:17.833+0000] {logging_mixin.py:120} INFO - [2024-01-14T15:13:17.833+0000] {taskmixin.py:205} WARNING - Dependency <Task(_PythonDecoratedOperator): print_the_context>, log_sql_query already registered for DAG: example_python_operator
[2024-01-14T15:13:17.833+0000] {logging_mixin.py:120} INFO - [2024-01-14T15:13:17.833+0000] {taskmixin.py:205} WARNING - Dependency <Task(_PythonDecoratedOperator): log_sql_query>, print_the_context already registered for DAG: example_python_operator
[2024-01-14T15:13:17.834+0000] {logging_mixin.py:120} INFO - [2024-01-14T15:13:17.834+0000] {taskmixin.py:205} WARNING - Dependency <Task(_PythonDecoratedOperator): print_the_context>, log_sql_query already registered for DAG: example_python_operator
[2024-01-14T15:13:17.834+0000] {logging_mixin.py:120} INFO - [2024-01-14T15:13:17.834+0000] {taskmixin.py:205} WARNING - Dependency <Task(_PythonDecoratedOperator): log_sql_query>, print_the_context already registered for DAG: example_python_operator
[2024-01-14T15:13:17.834+0000] {logging_mixin.py:120} INFO - [2024-01-14T15:13:17.834+0000] {taskmixin.py:205} WARNING - Dependency <Task(_PythonDecoratedOperator): print_the_context>, log_sql_query already registered for DAG: example_python_operator
[2024-01-14T15:13:17.835+0000] {logging_mixin.py:120} INFO - [2024-01-14T15:13:17.835+0000] {taskmixin.py:205} WARNING - Dependency <Task(_PythonDecoratedOperator): log_sql_query>, print_the_context already registered for DAG: example_python_operator
[2024-01-14T15:13:17.835+0000] {logging_mixin.py:120} INFO - [2024-01-14T15:13:17.835+0000] {taskmixin.py:205} WARNING - Dependency <Task(_PythonDecoratedOperator): print_the_context>, log_sql_query already registered for DAG: example_python_operator
[2024-01-14T15:13:17.835+0000] {logging_mixin.py:120} INFO - [2024-01-14T15:13:17.835+0000] {taskmixin.py:205} WARNING - Dependency <Task(_PythonDecoratedOperator): log_sql_query>, print_the_context already registered for DAG: example_python_operator
[2024-01-14T15:13:17.840+0000] {processor.py:766} INFO - DAG(s) dict_keys(['example_python_operator']) retrieved from /home/airflow/.local/lib/python3.7/site-packages/airflow/example_dags/example_python_operator.py
[2024-01-14T15:13:17.868+0000] {logging_mixin.py:120} INFO - [2024-01-14T15:13:17.868+0000] {dag.py:2585} INFO - Sync 1 DAGs
[2024-01-14T15:13:17.884+0000] {logging_mixin.py:120} INFO - [2024-01-14T15:13:17.884+0000] {dag.py:3340} INFO - Setting next_dagrun for example_python_operator to None, run_after=None
[2024-01-14T15:13:17.895+0000] {processor.py:176} INFO - Processing /home/airflow/.local/lib/python3.7/site-packages/airflow/example_dags/example_python_operator.py took 0.077 seconds
[2024-01-14T15:13:48.711+0000] {processor.py:154} INFO - Started process (PID=1723) to work on /home/airflow/.local/lib/python3.7/site-packages/airflow/example_dags/example_python_operator.py
[2024-01-14T15:13:48.711+0000] {processor.py:756} INFO - Processing file /home/airflow/.local/lib/python3.7/site-packages/airflow/example_dags/example_python_operator.py for tasks to queue
[2024-01-14T15:13:48.712+0000] {logging_mixin.py:120} INFO - [2024-01-14T15:13:48.712+0000] {dagbag.py:537} INFO - Filling up the DagBag from /home/airflow/.local/lib/python3.7/site-packages/airflow/example_dags/example_python_operator.py
[2024-01-14T15:13:48.723+0000] {logging_mixin.py:120} INFO - [2024-01-14T15:13:48.723+0000] {taskmixin.py:205} WARNING - Dependency <Task(_PythonDecoratedOperator): print_the_context>, log_sql_query already registered for DAG: example_python_operator
[2024-01-14T15:13:48.723+0000] {logging_mixin.py:120} INFO - [2024-01-14T15:13:48.723+0000] {taskmixin.py:205} WARNING - Dependency <Task(_PythonDecoratedOperator): log_sql_query>, print_the_context already registered for DAG: example_python_operator
[2024-01-14T15:13:48.724+0000] {logging_mixin.py:120} INFO - [2024-01-14T15:13:48.724+0000] {taskmixin.py:205} WARNING - Dependency <Task(_PythonDecoratedOperator): print_the_context>, log_sql_query already registered for DAG: example_python_operator
[2024-01-14T15:13:48.724+0000] {logging_mixin.py:120} INFO - [2024-01-14T15:13:48.724+0000] {taskmixin.py:205} WARNING - Dependency <Task(_PythonDecoratedOperator): log_sql_query>, print_the_context already registered for DAG: example_python_operator
[2024-01-14T15:13:48.725+0000] {logging_mixin.py:120} INFO - [2024-01-14T15:13:48.725+0000] {taskmixin.py:205} WARNING - Dependency <Task(_PythonDecoratedOperator): print_the_context>, log_sql_query already registered for DAG: example_python_operator
[2024-01-14T15:13:48.725+0000] {logging_mixin.py:120} INFO - [2024-01-14T15:13:48.725+0000] {taskmixin.py:205} WARNING - Dependency <Task(_PythonDecoratedOperator): log_sql_query>, print_the_context already registered for DAG: example_python_operator
[2024-01-14T15:13:48.725+0000] {logging_mixin.py:120} INFO - [2024-01-14T15:13:48.725+0000] {taskmixin.py:205} WARNING - Dependency <Task(_PythonDecoratedOperator): print_the_context>, log_sql_query already registered for DAG: example_python_operator
[2024-01-14T15:13:48.726+0000] {logging_mixin.py:120} INFO - [2024-01-14T15:13:48.726+0000] {taskmixin.py:205} WARNING - Dependency <Task(_PythonDecoratedOperator): log_sql_query>, print_the_context already registered for DAG: example_python_operator
[2024-01-14T15:13:48.730+0000] {processor.py:766} INFO - DAG(s) dict_keys(['example_python_operator']) retrieved from /home/airflow/.local/lib/python3.7/site-packages/airflow/example_dags/example_python_operator.py
[2024-01-14T15:13:48.757+0000] {logging_mixin.py:120} INFO - [2024-01-14T15:13:48.757+0000] {dag.py:2585} INFO - Sync 1 DAGs
[2024-01-14T15:13:48.772+0000] {logging_mixin.py:120} INFO - [2024-01-14T15:13:48.772+0000] {dag.py:3340} INFO - Setting next_dagrun for example_python_operator to None, run_after=None
[2024-01-14T15:13:48.782+0000] {processor.py:176} INFO - Processing /home/airflow/.local/lib/python3.7/site-packages/airflow/example_dags/example_python_operator.py took 0.074 seconds
