[2024-01-14T14:59:58.683+0000] {processor.py:154} INFO - Started process (PID=53) to work on /home/airflow/.local/lib/python3.7/site-packages/airflow/example_dags/example_sla_dag.py
[2024-01-14T14:59:58.684+0000] {processor.py:756} INFO - Processing file /home/airflow/.local/lib/python3.7/site-packages/airflow/example_dags/example_sla_dag.py for tasks to queue
[2024-01-14T14:59:58.685+0000] {logging_mixin.py:120} INFO - [2024-01-14T14:59:58.685+0000] {dagbag.py:537} INFO - Filling up the DagBag from /home/airflow/.local/lib/python3.7/site-packages/airflow/example_dags/example_sla_dag.py
[2024-01-14T14:59:58.714+0000] {processor.py:766} INFO - DAG(s) dict_keys(['example_sla_dag']) retrieved from /home/airflow/.local/lib/python3.7/site-packages/airflow/example_dags/example_sla_dag.py
[2024-01-14T14:59:58.833+0000] {logging_mixin.py:120} INFO - [2024-01-14T14:59:58.833+0000] {manager.py:507} INFO - Created Permission View: can read on DAG:example_sla_dag
[2024-01-14T14:59:58.839+0000] {logging_mixin.py:120} INFO - [2024-01-14T14:59:58.839+0000] {manager.py:507} INFO - Created Permission View: can edit on DAG:example_sla_dag
[2024-01-14T14:59:58.845+0000] {logging_mixin.py:120} INFO - [2024-01-14T14:59:58.845+0000] {manager.py:507} INFO - Created Permission View: can delete on DAG:example_sla_dag
[2024-01-14T14:59:58.846+0000] {logging_mixin.py:120} INFO - [2024-01-14T14:59:58.846+0000] {dag.py:2585} INFO - Sync 1 DAGs
[2024-01-14T14:59:58.864+0000] {logging_mixin.py:120} INFO - [2024-01-14T14:59:58.864+0000] {dag.py:2606} INFO - Creating ORM DAG for example_sla_dag
[2024-01-14T14:59:58.880+0000] {logging_mixin.py:120} INFO - [2024-01-14T14:59:58.880+0000] {dag.py:3340} INFO - Setting next_dagrun for example_sla_dag to 2024-01-14T14:56:00+00:00, run_after=2024-01-14T14:58:00+00:00
[2024-01-14T14:59:58.900+0000] {processor.py:176} INFO - Processing /home/airflow/.local/lib/python3.7/site-packages/airflow/example_dags/example_sla_dag.py took 0.221 seconds
[2024-01-14T15:00:29.619+0000] {processor.py:154} INFO - Started process (PID=116) to work on /home/airflow/.local/lib/python3.7/site-packages/airflow/example_dags/example_sla_dag.py
[2024-01-14T15:00:29.620+0000] {processor.py:756} INFO - Processing file /home/airflow/.local/lib/python3.7/site-packages/airflow/example_dags/example_sla_dag.py for tasks to queue
[2024-01-14T15:00:29.621+0000] {logging_mixin.py:120} INFO - [2024-01-14T15:00:29.620+0000] {dagbag.py:537} INFO - Filling up the DagBag from /home/airflow/.local/lib/python3.7/site-packages/airflow/example_dags/example_sla_dag.py
[2024-01-14T15:00:29.636+0000] {processor.py:766} INFO - DAG(s) dict_keys(['example_sla_dag']) retrieved from /home/airflow/.local/lib/python3.7/site-packages/airflow/example_dags/example_sla_dag.py
[2024-01-14T15:00:29.662+0000] {logging_mixin.py:120} INFO - [2024-01-14T15:00:29.662+0000] {dag.py:2585} INFO - Sync 1 DAGs
[2024-01-14T15:00:29.679+0000] {logging_mixin.py:120} INFO - [2024-01-14T15:00:29.679+0000] {dag.py:3340} INFO - Setting next_dagrun for example_sla_dag to 2024-01-14T14:58:00+00:00, run_after=2024-01-14T15:00:00+00:00
[2024-01-14T15:00:29.689+0000] {processor.py:176} INFO - Processing /home/airflow/.local/lib/python3.7/site-packages/airflow/example_dags/example_sla_dag.py took 0.072 seconds
[2024-01-14T15:00:59.784+0000] {processor.py:154} INFO - Started process (PID=180) to work on /home/airflow/.local/lib/python3.7/site-packages/airflow/example_dags/example_sla_dag.py
[2024-01-14T15:00:59.785+0000] {processor.py:756} INFO - Processing file /home/airflow/.local/lib/python3.7/site-packages/airflow/example_dags/example_sla_dag.py for tasks to queue
[2024-01-14T15:00:59.785+0000] {logging_mixin.py:120} INFO - [2024-01-14T15:00:59.785+0000] {dagbag.py:537} INFO - Filling up the DagBag from /home/airflow/.local/lib/python3.7/site-packages/airflow/example_dags/example_sla_dag.py
[2024-01-14T15:00:59.801+0000] {processor.py:766} INFO - DAG(s) dict_keys(['example_sla_dag']) retrieved from /home/airflow/.local/lib/python3.7/site-packages/airflow/example_dags/example_sla_dag.py
[2024-01-14T15:00:59.828+0000] {logging_mixin.py:120} INFO - [2024-01-14T15:00:59.828+0000] {dag.py:2585} INFO - Sync 1 DAGs
[2024-01-14T15:00:59.847+0000] {logging_mixin.py:120} INFO - [2024-01-14T15:00:59.847+0000] {dag.py:3340} INFO - Setting next_dagrun for example_sla_dag to 2024-01-14T14:58:00+00:00, run_after=2024-01-14T15:00:00+00:00
[2024-01-14T15:00:59.858+0000] {processor.py:176} INFO - Processing /home/airflow/.local/lib/python3.7/site-packages/airflow/example_dags/example_sla_dag.py took 0.077 seconds
[2024-01-14T15:01:30.783+0000] {processor.py:154} INFO - Started process (PID=243) to work on /home/airflow/.local/lib/python3.7/site-packages/airflow/example_dags/example_sla_dag.py
[2024-01-14T15:01:30.783+0000] {processor.py:756} INFO - Processing file /home/airflow/.local/lib/python3.7/site-packages/airflow/example_dags/example_sla_dag.py for tasks to queue
[2024-01-14T15:01:30.784+0000] {logging_mixin.py:120} INFO - [2024-01-14T15:01:30.784+0000] {dagbag.py:537} INFO - Filling up the DagBag from /home/airflow/.local/lib/python3.7/site-packages/airflow/example_dags/example_sla_dag.py
[2024-01-14T15:01:30.800+0000] {processor.py:766} INFO - DAG(s) dict_keys(['example_sla_dag']) retrieved from /home/airflow/.local/lib/python3.7/site-packages/airflow/example_dags/example_sla_dag.py
[2024-01-14T15:01:30.829+0000] {logging_mixin.py:120} INFO - [2024-01-14T15:01:30.828+0000] {dag.py:2585} INFO - Sync 1 DAGs
[2024-01-14T15:01:30.845+0000] {logging_mixin.py:120} INFO - [2024-01-14T15:01:30.845+0000] {dag.py:3340} INFO - Setting next_dagrun for example_sla_dag to 2024-01-14T14:58:00+00:00, run_after=2024-01-14T15:00:00+00:00
[2024-01-14T15:01:30.855+0000] {processor.py:176} INFO - Processing /home/airflow/.local/lib/python3.7/site-packages/airflow/example_dags/example_sla_dag.py took 0.075 seconds
[2024-01-14T15:02:00.941+0000] {processor.py:154} INFO - Started process (PID=306) to work on /home/airflow/.local/lib/python3.7/site-packages/airflow/example_dags/example_sla_dag.py
[2024-01-14T15:02:00.942+0000] {processor.py:756} INFO - Processing file /home/airflow/.local/lib/python3.7/site-packages/airflow/example_dags/example_sla_dag.py for tasks to queue
[2024-01-14T15:02:00.943+0000] {logging_mixin.py:120} INFO - [2024-01-14T15:02:00.943+0000] {dagbag.py:537} INFO - Filling up the DagBag from /home/airflow/.local/lib/python3.7/site-packages/airflow/example_dags/example_sla_dag.py
[2024-01-14T15:02:00.960+0000] {processor.py:766} INFO - DAG(s) dict_keys(['example_sla_dag']) retrieved from /home/airflow/.local/lib/python3.7/site-packages/airflow/example_dags/example_sla_dag.py
[2024-01-14T15:02:00.986+0000] {logging_mixin.py:120} INFO - [2024-01-14T15:02:00.986+0000] {dag.py:2585} INFO - Sync 1 DAGs
[2024-01-14T15:02:01.003+0000] {logging_mixin.py:120} INFO - [2024-01-14T15:02:01.003+0000] {dag.py:3340} INFO - Setting next_dagrun for example_sla_dag to 2024-01-14T15:00:00+00:00, run_after=2024-01-14T15:02:00+00:00
[2024-01-14T15:02:01.014+0000] {processor.py:176} INFO - Processing /home/airflow/.local/lib/python3.7/site-packages/airflow/example_dags/example_sla_dag.py took 0.075 seconds
[2024-01-14T15:02:31.050+0000] {processor.py:154} INFO - Started process (PID=359) to work on /home/airflow/.local/lib/python3.7/site-packages/airflow/example_dags/example_sla_dag.py
[2024-01-14T15:02:31.050+0000] {processor.py:756} INFO - Processing file /home/airflow/.local/lib/python3.7/site-packages/airflow/example_dags/example_sla_dag.py for tasks to queue
[2024-01-14T15:02:31.051+0000] {logging_mixin.py:120} INFO - [2024-01-14T15:02:31.051+0000] {dagbag.py:537} INFO - Filling up the DagBag from /home/airflow/.local/lib/python3.7/site-packages/airflow/example_dags/example_sla_dag.py
[2024-01-14T15:02:31.066+0000] {processor.py:766} INFO - DAG(s) dict_keys(['example_sla_dag']) retrieved from /home/airflow/.local/lib/python3.7/site-packages/airflow/example_dags/example_sla_dag.py
[2024-01-14T15:02:31.092+0000] {logging_mixin.py:120} INFO - [2024-01-14T15:02:31.092+0000] {dag.py:2585} INFO - Sync 1 DAGs
[2024-01-14T15:02:31.110+0000] {logging_mixin.py:120} INFO - [2024-01-14T15:02:31.110+0000] {dag.py:3340} INFO - Setting next_dagrun for example_sla_dag to 2024-01-14T15:00:00+00:00, run_after=2024-01-14T15:02:00+00:00
[2024-01-14T15:02:31.120+0000] {processor.py:176} INFO - Processing /home/airflow/.local/lib/python3.7/site-packages/airflow/example_dags/example_sla_dag.py took 0.073 seconds
[2024-01-14T15:03:01.209+0000] {processor.py:154} INFO - Started process (PID=422) to work on /home/airflow/.local/lib/python3.7/site-packages/airflow/example_dags/example_sla_dag.py
[2024-01-14T15:03:01.210+0000] {processor.py:756} INFO - Processing file /home/airflow/.local/lib/python3.7/site-packages/airflow/example_dags/example_sla_dag.py for tasks to queue
[2024-01-14T15:03:01.210+0000] {logging_mixin.py:120} INFO - [2024-01-14T15:03:01.210+0000] {dagbag.py:537} INFO - Filling up the DagBag from /home/airflow/.local/lib/python3.7/site-packages/airflow/example_dags/example_sla_dag.py
[2024-01-14T15:03:01.227+0000] {processor.py:766} INFO - DAG(s) dict_keys(['example_sla_dag']) retrieved from /home/airflow/.local/lib/python3.7/site-packages/airflow/example_dags/example_sla_dag.py
[2024-01-14T15:03:01.253+0000] {logging_mixin.py:120} INFO - [2024-01-14T15:03:01.253+0000] {dag.py:2585} INFO - Sync 1 DAGs
[2024-01-14T15:03:01.270+0000] {logging_mixin.py:120} INFO - [2024-01-14T15:03:01.270+0000] {dag.py:3340} INFO - Setting next_dagrun for example_sla_dag to 2024-01-14T15:00:00+00:00, run_after=2024-01-14T15:02:00+00:00
[2024-01-14T15:03:01.281+0000] {processor.py:176} INFO - Processing /home/airflow/.local/lib/python3.7/site-packages/airflow/example_dags/example_sla_dag.py took 0.075 seconds
[2024-01-14T15:03:31.321+0000] {processor.py:154} INFO - Started process (PID=485) to work on /home/airflow/.local/lib/python3.7/site-packages/airflow/example_dags/example_sla_dag.py
[2024-01-14T15:03:31.322+0000] {processor.py:756} INFO - Processing file /home/airflow/.local/lib/python3.7/site-packages/airflow/example_dags/example_sla_dag.py for tasks to queue
[2024-01-14T15:03:31.323+0000] {logging_mixin.py:120} INFO - [2024-01-14T15:03:31.322+0000] {dagbag.py:537} INFO - Filling up the DagBag from /home/airflow/.local/lib/python3.7/site-packages/airflow/example_dags/example_sla_dag.py
[2024-01-14T15:03:31.340+0000] {processor.py:766} INFO - DAG(s) dict_keys(['example_sla_dag']) retrieved from /home/airflow/.local/lib/python3.7/site-packages/airflow/example_dags/example_sla_dag.py
[2024-01-14T15:03:31.370+0000] {logging_mixin.py:120} INFO - [2024-01-14T15:03:31.370+0000] {dag.py:2585} INFO - Sync 1 DAGs
[2024-01-14T15:03:31.389+0000] {logging_mixin.py:120} INFO - [2024-01-14T15:03:31.389+0000] {dag.py:3340} INFO - Setting next_dagrun for example_sla_dag to 2024-01-14T15:00:00+00:00, run_after=2024-01-14T15:02:00+00:00
[2024-01-14T15:03:31.400+0000] {processor.py:176} INFO - Processing /home/airflow/.local/lib/python3.7/site-packages/airflow/example_dags/example_sla_dag.py took 0.082 seconds
[2024-01-14T15:04:02.430+0000] {processor.py:154} INFO - Started process (PID=549) to work on /home/airflow/.local/lib/python3.7/site-packages/airflow/example_dags/example_sla_dag.py
[2024-01-14T15:04:02.431+0000] {processor.py:756} INFO - Processing file /home/airflow/.local/lib/python3.7/site-packages/airflow/example_dags/example_sla_dag.py for tasks to queue
[2024-01-14T15:04:02.432+0000] {logging_mixin.py:120} INFO - [2024-01-14T15:04:02.432+0000] {dagbag.py:537} INFO - Filling up the DagBag from /home/airflow/.local/lib/python3.7/site-packages/airflow/example_dags/example_sla_dag.py
[2024-01-14T15:04:02.447+0000] {processor.py:766} INFO - DAG(s) dict_keys(['example_sla_dag']) retrieved from /home/airflow/.local/lib/python3.7/site-packages/airflow/example_dags/example_sla_dag.py
[2024-01-14T15:04:02.476+0000] {logging_mixin.py:120} INFO - [2024-01-14T15:04:02.476+0000] {dag.py:2585} INFO - Sync 1 DAGs
[2024-01-14T15:04:02.494+0000] {logging_mixin.py:120} INFO - [2024-01-14T15:04:02.494+0000] {dag.py:3340} INFO - Setting next_dagrun for example_sla_dag to 2024-01-14T15:02:00+00:00, run_after=2024-01-14T15:04:00+00:00
[2024-01-14T15:04:02.506+0000] {processor.py:176} INFO - Processing /home/airflow/.local/lib/python3.7/site-packages/airflow/example_dags/example_sla_dag.py took 0.078 seconds
[2024-01-14T15:04:33.360+0000] {processor.py:154} INFO - Started process (PID=612) to work on /home/airflow/.local/lib/python3.7/site-packages/airflow/example_dags/example_sla_dag.py
[2024-01-14T15:04:33.361+0000] {processor.py:756} INFO - Processing file /home/airflow/.local/lib/python3.7/site-packages/airflow/example_dags/example_sla_dag.py for tasks to queue
[2024-01-14T15:04:33.362+0000] {logging_mixin.py:120} INFO - [2024-01-14T15:04:33.361+0000] {dagbag.py:537} INFO - Filling up the DagBag from /home/airflow/.local/lib/python3.7/site-packages/airflow/example_dags/example_sla_dag.py
[2024-01-14T15:04:33.377+0000] {processor.py:766} INFO - DAG(s) dict_keys(['example_sla_dag']) retrieved from /home/airflow/.local/lib/python3.7/site-packages/airflow/example_dags/example_sla_dag.py
[2024-01-14T15:04:33.404+0000] {logging_mixin.py:120} INFO - [2024-01-14T15:04:33.403+0000] {dag.py:2585} INFO - Sync 1 DAGs
[2024-01-14T15:04:33.421+0000] {logging_mixin.py:120} INFO - [2024-01-14T15:04:33.421+0000] {dag.py:3340} INFO - Setting next_dagrun for example_sla_dag to 2024-01-14T15:02:00+00:00, run_after=2024-01-14T15:04:00+00:00
[2024-01-14T15:04:33.433+0000] {processor.py:176} INFO - Processing /home/airflow/.local/lib/python3.7/site-packages/airflow/example_dags/example_sla_dag.py took 0.075 seconds
[2024-01-14T15:05:03.590+0000] {processor.py:154} INFO - Started process (PID=675) to work on /home/airflow/.local/lib/python3.7/site-packages/airflow/example_dags/example_sla_dag.py
[2024-01-14T15:05:03.591+0000] {processor.py:756} INFO - Processing file /home/airflow/.local/lib/python3.7/site-packages/airflow/example_dags/example_sla_dag.py for tasks to queue
[2024-01-14T15:05:03.592+0000] {logging_mixin.py:120} INFO - [2024-01-14T15:05:03.592+0000] {dagbag.py:537} INFO - Filling up the DagBag from /home/airflow/.local/lib/python3.7/site-packages/airflow/example_dags/example_sla_dag.py
[2024-01-14T15:05:03.607+0000] {processor.py:766} INFO - DAG(s) dict_keys(['example_sla_dag']) retrieved from /home/airflow/.local/lib/python3.7/site-packages/airflow/example_dags/example_sla_dag.py
[2024-01-14T15:05:03.633+0000] {logging_mixin.py:120} INFO - [2024-01-14T15:05:03.633+0000] {dag.py:2585} INFO - Sync 1 DAGs
[2024-01-14T15:05:03.650+0000] {logging_mixin.py:120} INFO - [2024-01-14T15:05:03.650+0000] {dag.py:3340} INFO - Setting next_dagrun for example_sla_dag to 2024-01-14T15:02:00+00:00, run_after=2024-01-14T15:04:00+00:00
[2024-01-14T15:05:03.661+0000] {processor.py:176} INFO - Processing /home/airflow/.local/lib/python3.7/site-packages/airflow/example_dags/example_sla_dag.py took 0.073 seconds
[2024-01-14T15:05:34.729+0000] {processor.py:154} INFO - Started process (PID=729) to work on /home/airflow/.local/lib/python3.7/site-packages/airflow/example_dags/example_sla_dag.py
[2024-01-14T15:05:34.730+0000] {processor.py:756} INFO - Processing file /home/airflow/.local/lib/python3.7/site-packages/airflow/example_dags/example_sla_dag.py for tasks to queue
[2024-01-14T15:05:34.730+0000] {logging_mixin.py:120} INFO - [2024-01-14T15:05:34.730+0000] {dagbag.py:537} INFO - Filling up the DagBag from /home/airflow/.local/lib/python3.7/site-packages/airflow/example_dags/example_sla_dag.py
[2024-01-14T15:05:34.745+0000] {processor.py:766} INFO - DAG(s) dict_keys(['example_sla_dag']) retrieved from /home/airflow/.local/lib/python3.7/site-packages/airflow/example_dags/example_sla_dag.py
[2024-01-14T15:05:34.771+0000] {logging_mixin.py:120} INFO - [2024-01-14T15:05:34.771+0000] {dag.py:2585} INFO - Sync 1 DAGs
[2024-01-14T15:05:34.789+0000] {logging_mixin.py:120} INFO - [2024-01-14T15:05:34.789+0000] {dag.py:3340} INFO - Setting next_dagrun for example_sla_dag to 2024-01-14T15:02:00+00:00, run_after=2024-01-14T15:04:00+00:00
[2024-01-14T15:05:34.800+0000] {processor.py:176} INFO - Processing /home/airflow/.local/lib/python3.7/site-packages/airflow/example_dags/example_sla_dag.py took 0.073 seconds
[2024-01-14T15:06:05.612+0000] {processor.py:154} INFO - Started process (PID=792) to work on /home/airflow/.local/lib/python3.7/site-packages/airflow/example_dags/example_sla_dag.py
[2024-01-14T15:06:05.612+0000] {processor.py:756} INFO - Processing file /home/airflow/.local/lib/python3.7/site-packages/airflow/example_dags/example_sla_dag.py for tasks to queue
[2024-01-14T15:06:05.613+0000] {logging_mixin.py:120} INFO - [2024-01-14T15:06:05.613+0000] {dagbag.py:537} INFO - Filling up the DagBag from /home/airflow/.local/lib/python3.7/site-packages/airflow/example_dags/example_sla_dag.py
[2024-01-14T15:06:05.628+0000] {processor.py:766} INFO - DAG(s) dict_keys(['example_sla_dag']) retrieved from /home/airflow/.local/lib/python3.7/site-packages/airflow/example_dags/example_sla_dag.py
[2024-01-14T15:06:05.654+0000] {logging_mixin.py:120} INFO - [2024-01-14T15:06:05.654+0000] {dag.py:2585} INFO - Sync 1 DAGs
[2024-01-14T15:06:05.671+0000] {logging_mixin.py:120} INFO - [2024-01-14T15:06:05.671+0000] {dag.py:3340} INFO - Setting next_dagrun for example_sla_dag to 2024-01-14T15:04:00+00:00, run_after=2024-01-14T15:06:00+00:00
[2024-01-14T15:06:05.681+0000] {processor.py:176} INFO - Processing /home/airflow/.local/lib/python3.7/site-packages/airflow/example_dags/example_sla_dag.py took 0.072 seconds
[2024-01-14T15:06:36.587+0000] {processor.py:154} INFO - Started process (PID=855) to work on /home/airflow/.local/lib/python3.7/site-packages/airflow/example_dags/example_sla_dag.py
[2024-01-14T15:06:36.588+0000] {processor.py:756} INFO - Processing file /home/airflow/.local/lib/python3.7/site-packages/airflow/example_dags/example_sla_dag.py for tasks to queue
[2024-01-14T15:06:36.589+0000] {logging_mixin.py:120} INFO - [2024-01-14T15:06:36.589+0000] {dagbag.py:537} INFO - Filling up the DagBag from /home/airflow/.local/lib/python3.7/site-packages/airflow/example_dags/example_sla_dag.py
[2024-01-14T15:06:36.605+0000] {processor.py:766} INFO - DAG(s) dict_keys(['example_sla_dag']) retrieved from /home/airflow/.local/lib/python3.7/site-packages/airflow/example_dags/example_sla_dag.py
[2024-01-14T15:06:36.634+0000] {logging_mixin.py:120} INFO - [2024-01-14T15:06:36.633+0000] {dag.py:2585} INFO - Sync 1 DAGs
[2024-01-14T15:06:36.652+0000] {logging_mixin.py:120} INFO - [2024-01-14T15:06:36.651+0000] {dag.py:3340} INFO - Setting next_dagrun for example_sla_dag to 2024-01-14T15:04:00+00:00, run_after=2024-01-14T15:06:00+00:00
[2024-01-14T15:06:36.662+0000] {processor.py:176} INFO - Processing /home/airflow/.local/lib/python3.7/site-packages/airflow/example_dags/example_sla_dag.py took 0.078 seconds
[2024-01-14T15:07:06.774+0000] {processor.py:154} INFO - Started process (PID=918) to work on /home/airflow/.local/lib/python3.7/site-packages/airflow/example_dags/example_sla_dag.py
[2024-01-14T15:07:06.775+0000] {processor.py:756} INFO - Processing file /home/airflow/.local/lib/python3.7/site-packages/airflow/example_dags/example_sla_dag.py for tasks to queue
[2024-01-14T15:07:06.776+0000] {logging_mixin.py:120} INFO - [2024-01-14T15:07:06.776+0000] {dagbag.py:537} INFO - Filling up the DagBag from /home/airflow/.local/lib/python3.7/site-packages/airflow/example_dags/example_sla_dag.py
[2024-01-14T15:07:06.791+0000] {processor.py:766} INFO - DAG(s) dict_keys(['example_sla_dag']) retrieved from /home/airflow/.local/lib/python3.7/site-packages/airflow/example_dags/example_sla_dag.py
[2024-01-14T15:07:06.817+0000] {logging_mixin.py:120} INFO - [2024-01-14T15:07:06.817+0000] {dag.py:2585} INFO - Sync 1 DAGs
[2024-01-14T15:07:06.835+0000] {logging_mixin.py:120} INFO - [2024-01-14T15:07:06.835+0000] {dag.py:3340} INFO - Setting next_dagrun for example_sla_dag to 2024-01-14T15:04:00+00:00, run_after=2024-01-14T15:06:00+00:00
[2024-01-14T15:07:06.845+0000] {processor.py:176} INFO - Processing /home/airflow/.local/lib/python3.7/site-packages/airflow/example_dags/example_sla_dag.py took 0.073 seconds
[2024-01-14T15:07:37.608+0000] {processor.py:154} INFO - Started process (PID=980) to work on /home/airflow/.local/lib/python3.7/site-packages/airflow/example_dags/example_sla_dag.py
[2024-01-14T15:07:37.608+0000] {processor.py:756} INFO - Processing file /home/airflow/.local/lib/python3.7/site-packages/airflow/example_dags/example_sla_dag.py for tasks to queue
[2024-01-14T15:07:37.609+0000] {logging_mixin.py:120} INFO - [2024-01-14T15:07:37.609+0000] {dagbag.py:537} INFO - Filling up the DagBag from /home/airflow/.local/lib/python3.7/site-packages/airflow/example_dags/example_sla_dag.py
[2024-01-14T15:07:37.624+0000] {processor.py:766} INFO - DAG(s) dict_keys(['example_sla_dag']) retrieved from /home/airflow/.local/lib/python3.7/site-packages/airflow/example_dags/example_sla_dag.py
[2024-01-14T15:07:37.652+0000] {logging_mixin.py:120} INFO - [2024-01-14T15:07:37.652+0000] {dag.py:2585} INFO - Sync 1 DAGs
[2024-01-14T15:07:37.671+0000] {logging_mixin.py:120} INFO - [2024-01-14T15:07:37.671+0000] {dag.py:3340} INFO - Setting next_dagrun for example_sla_dag to 2024-01-14T15:04:00+00:00, run_after=2024-01-14T15:06:00+00:00
[2024-01-14T15:07:37.684+0000] {processor.py:176} INFO - Processing /home/airflow/.local/lib/python3.7/site-packages/airflow/example_dags/example_sla_dag.py took 0.079 seconds
[2024-01-14T15:08:07.836+0000] {processor.py:154} INFO - Started process (PID=1043) to work on /home/airflow/.local/lib/python3.7/site-packages/airflow/example_dags/example_sla_dag.py
[2024-01-14T15:08:07.837+0000] {processor.py:756} INFO - Processing file /home/airflow/.local/lib/python3.7/site-packages/airflow/example_dags/example_sla_dag.py for tasks to queue
[2024-01-14T15:08:07.838+0000] {logging_mixin.py:120} INFO - [2024-01-14T15:08:07.838+0000] {dagbag.py:537} INFO - Filling up the DagBag from /home/airflow/.local/lib/python3.7/site-packages/airflow/example_dags/example_sla_dag.py
[2024-01-14T15:08:07.857+0000] {processor.py:766} INFO - DAG(s) dict_keys(['example_sla_dag']) retrieved from /home/airflow/.local/lib/python3.7/site-packages/airflow/example_dags/example_sla_dag.py
[2024-01-14T15:08:07.887+0000] {logging_mixin.py:120} INFO - [2024-01-14T15:08:07.887+0000] {dag.py:2585} INFO - Sync 1 DAGs
[2024-01-14T15:08:07.906+0000] {logging_mixin.py:120} INFO - [2024-01-14T15:08:07.906+0000] {dag.py:3340} INFO - Setting next_dagrun for example_sla_dag to 2024-01-14T15:06:00+00:00, run_after=2024-01-14T15:08:00+00:00
[2024-01-14T15:08:07.917+0000] {processor.py:176} INFO - Processing /home/airflow/.local/lib/python3.7/site-packages/airflow/example_dags/example_sla_dag.py took 0.084 seconds
[2024-01-14T15:08:38.881+0000] {processor.py:154} INFO - Started process (PID=1097) to work on /home/airflow/.local/lib/python3.7/site-packages/airflow/example_dags/example_sla_dag.py
[2024-01-14T15:08:38.882+0000] {processor.py:756} INFO - Processing file /home/airflow/.local/lib/python3.7/site-packages/airflow/example_dags/example_sla_dag.py for tasks to queue
[2024-01-14T15:08:38.883+0000] {logging_mixin.py:120} INFO - [2024-01-14T15:08:38.882+0000] {dagbag.py:537} INFO - Filling up the DagBag from /home/airflow/.local/lib/python3.7/site-packages/airflow/example_dags/example_sla_dag.py
[2024-01-14T15:08:38.899+0000] {processor.py:766} INFO - DAG(s) dict_keys(['example_sla_dag']) retrieved from /home/airflow/.local/lib/python3.7/site-packages/airflow/example_dags/example_sla_dag.py
[2024-01-14T15:08:38.924+0000] {logging_mixin.py:120} INFO - [2024-01-14T15:08:38.924+0000] {dag.py:2585} INFO - Sync 1 DAGs
[2024-01-14T15:08:38.942+0000] {logging_mixin.py:120} INFO - [2024-01-14T15:08:38.942+0000] {dag.py:3340} INFO - Setting next_dagrun for example_sla_dag to 2024-01-14T15:06:00+00:00, run_after=2024-01-14T15:08:00+00:00
[2024-01-14T15:08:38.953+0000] {processor.py:176} INFO - Processing /home/airflow/.local/lib/python3.7/site-packages/airflow/example_dags/example_sla_dag.py took 0.074 seconds
[2024-01-14T15:09:09.845+0000] {processor.py:154} INFO - Started process (PID=1160) to work on /home/airflow/.local/lib/python3.7/site-packages/airflow/example_dags/example_sla_dag.py
[2024-01-14T15:09:09.845+0000] {processor.py:756} INFO - Processing file /home/airflow/.local/lib/python3.7/site-packages/airflow/example_dags/example_sla_dag.py for tasks to queue
[2024-01-14T15:09:09.846+0000] {logging_mixin.py:120} INFO - [2024-01-14T15:09:09.846+0000] {dagbag.py:537} INFO - Filling up the DagBag from /home/airflow/.local/lib/python3.7/site-packages/airflow/example_dags/example_sla_dag.py
[2024-01-14T15:09:09.862+0000] {processor.py:766} INFO - DAG(s) dict_keys(['example_sla_dag']) retrieved from /home/airflow/.local/lib/python3.7/site-packages/airflow/example_dags/example_sla_dag.py
[2024-01-14T15:09:09.887+0000] {logging_mixin.py:120} INFO - [2024-01-14T15:09:09.887+0000] {dag.py:2585} INFO - Sync 1 DAGs
[2024-01-14T15:09:09.907+0000] {logging_mixin.py:120} INFO - [2024-01-14T15:09:09.906+0000] {dag.py:3340} INFO - Setting next_dagrun for example_sla_dag to 2024-01-14T15:06:00+00:00, run_after=2024-01-14T15:08:00+00:00
[2024-01-14T15:09:09.917+0000] {processor.py:176} INFO - Processing /home/airflow/.local/lib/python3.7/site-packages/airflow/example_dags/example_sla_dag.py took 0.076 seconds
[2024-01-14T15:09:40.760+0000] {processor.py:154} INFO - Started process (PID=1223) to work on /home/airflow/.local/lib/python3.7/site-packages/airflow/example_dags/example_sla_dag.py
[2024-01-14T15:09:40.761+0000] {processor.py:756} INFO - Processing file /home/airflow/.local/lib/python3.7/site-packages/airflow/example_dags/example_sla_dag.py for tasks to queue
[2024-01-14T15:09:40.762+0000] {logging_mixin.py:120} INFO - [2024-01-14T15:09:40.762+0000] {dagbag.py:537} INFO - Filling up the DagBag from /home/airflow/.local/lib/python3.7/site-packages/airflow/example_dags/example_sla_dag.py
[2024-01-14T15:09:40.777+0000] {processor.py:766} INFO - DAG(s) dict_keys(['example_sla_dag']) retrieved from /home/airflow/.local/lib/python3.7/site-packages/airflow/example_dags/example_sla_dag.py
[2024-01-14T15:09:40.803+0000] {logging_mixin.py:120} INFO - [2024-01-14T15:09:40.803+0000] {dag.py:2585} INFO - Sync 1 DAGs
[2024-01-14T15:09:40.820+0000] {logging_mixin.py:120} INFO - [2024-01-14T15:09:40.820+0000] {dag.py:3340} INFO - Setting next_dagrun for example_sla_dag to 2024-01-14T15:06:00+00:00, run_after=2024-01-14T15:08:00+00:00
[2024-01-14T15:09:40.830+0000] {processor.py:176} INFO - Processing /home/airflow/.local/lib/python3.7/site-packages/airflow/example_dags/example_sla_dag.py took 0.073 seconds
[2024-01-14T15:10:11.786+0000] {processor.py:154} INFO - Started process (PID=1286) to work on /home/airflow/.local/lib/python3.7/site-packages/airflow/example_dags/example_sla_dag.py
[2024-01-14T15:10:11.787+0000] {processor.py:756} INFO - Processing file /home/airflow/.local/lib/python3.7/site-packages/airflow/example_dags/example_sla_dag.py for tasks to queue
[2024-01-14T15:10:11.787+0000] {logging_mixin.py:120} INFO - [2024-01-14T15:10:11.787+0000] {dagbag.py:537} INFO - Filling up the DagBag from /home/airflow/.local/lib/python3.7/site-packages/airflow/example_dags/example_sla_dag.py
[2024-01-14T15:10:11.804+0000] {processor.py:766} INFO - DAG(s) dict_keys(['example_sla_dag']) retrieved from /home/airflow/.local/lib/python3.7/site-packages/airflow/example_dags/example_sla_dag.py
[2024-01-14T15:10:11.831+0000] {logging_mixin.py:120} INFO - [2024-01-14T15:10:11.831+0000] {dag.py:2585} INFO - Sync 1 DAGs
[2024-01-14T15:10:11.848+0000] {logging_mixin.py:120} INFO - [2024-01-14T15:10:11.848+0000] {dag.py:3340} INFO - Setting next_dagrun for example_sla_dag to 2024-01-14T15:08:00+00:00, run_after=2024-01-14T15:10:00+00:00
[2024-01-14T15:10:11.859+0000] {processor.py:176} INFO - Processing /home/airflow/.local/lib/python3.7/site-packages/airflow/example_dags/example_sla_dag.py took 0.076 seconds
[2024-01-14T15:10:42.646+0000] {processor.py:154} INFO - Started process (PID=1349) to work on /home/airflow/.local/lib/python3.7/site-packages/airflow/example_dags/example_sla_dag.py
[2024-01-14T15:10:42.647+0000] {processor.py:756} INFO - Processing file /home/airflow/.local/lib/python3.7/site-packages/airflow/example_dags/example_sla_dag.py for tasks to queue
[2024-01-14T15:10:42.647+0000] {logging_mixin.py:120} INFO - [2024-01-14T15:10:42.647+0000] {dagbag.py:537} INFO - Filling up the DagBag from /home/airflow/.local/lib/python3.7/site-packages/airflow/example_dags/example_sla_dag.py
[2024-01-14T15:10:42.664+0000] {processor.py:766} INFO - DAG(s) dict_keys(['example_sla_dag']) retrieved from /home/airflow/.local/lib/python3.7/site-packages/airflow/example_dags/example_sla_dag.py
[2024-01-14T15:10:42.689+0000] {logging_mixin.py:120} INFO - [2024-01-14T15:10:42.689+0000] {dag.py:2585} INFO - Sync 1 DAGs
[2024-01-14T15:10:42.707+0000] {logging_mixin.py:120} INFO - [2024-01-14T15:10:42.707+0000] {dag.py:3340} INFO - Setting next_dagrun for example_sla_dag to 2024-01-14T15:08:00+00:00, run_after=2024-01-14T15:10:00+00:00
[2024-01-14T15:10:42.718+0000] {processor.py:176} INFO - Processing /home/airflow/.local/lib/python3.7/site-packages/airflow/example_dags/example_sla_dag.py took 0.074 seconds
[2024-01-14T15:11:44.688+0000] {processor.py:154} INFO - Started process (PID=1475) to work on /home/airflow/.local/lib/python3.7/site-packages/airflow/example_dags/example_sla_dag.py
[2024-01-14T15:11:44.689+0000] {processor.py:756} INFO - Processing file /home/airflow/.local/lib/python3.7/site-packages/airflow/example_dags/example_sla_dag.py for tasks to queue
[2024-01-14T15:11:44.689+0000] {logging_mixin.py:120} INFO - [2024-01-14T15:11:44.689+0000] {dagbag.py:537} INFO - Filling up the DagBag from /home/airflow/.local/lib/python3.7/site-packages/airflow/example_dags/example_sla_dag.py
[2024-01-14T15:11:44.705+0000] {processor.py:766} INFO - DAG(s) dict_keys(['example_sla_dag']) retrieved from /home/airflow/.local/lib/python3.7/site-packages/airflow/example_dags/example_sla_dag.py
[2024-01-14T15:11:44.732+0000] {logging_mixin.py:120} INFO - [2024-01-14T15:11:44.732+0000] {dag.py:2585} INFO - Sync 1 DAGs
[2024-01-14T15:11:44.749+0000] {logging_mixin.py:120} INFO - [2024-01-14T15:11:44.749+0000] {dag.py:3340} INFO - Setting next_dagrun for example_sla_dag to 2024-01-14T15:08:00+00:00, run_after=2024-01-14T15:10:00+00:00
[2024-01-14T15:11:44.760+0000] {processor.py:176} INFO - Processing /home/airflow/.local/lib/python3.7/site-packages/airflow/example_dags/example_sla_dag.py took 0.074 seconds
[2024-01-14T15:12:15.743+0000] {processor.py:154} INFO - Started process (PID=1529) to work on /home/airflow/.local/lib/python3.7/site-packages/airflow/example_dags/example_sla_dag.py
[2024-01-14T15:12:15.744+0000] {processor.py:756} INFO - Processing file /home/airflow/.local/lib/python3.7/site-packages/airflow/example_dags/example_sla_dag.py for tasks to queue
[2024-01-14T15:12:15.744+0000] {logging_mixin.py:120} INFO - [2024-01-14T15:12:15.744+0000] {dagbag.py:537} INFO - Filling up the DagBag from /home/airflow/.local/lib/python3.7/site-packages/airflow/example_dags/example_sla_dag.py
[2024-01-14T15:12:15.759+0000] {processor.py:766} INFO - DAG(s) dict_keys(['example_sla_dag']) retrieved from /home/airflow/.local/lib/python3.7/site-packages/airflow/example_dags/example_sla_dag.py
[2024-01-14T15:12:15.786+0000] {logging_mixin.py:120} INFO - [2024-01-14T15:12:15.786+0000] {dag.py:2585} INFO - Sync 1 DAGs
[2024-01-14T15:12:15.803+0000] {logging_mixin.py:120} INFO - [2024-01-14T15:12:15.803+0000] {dag.py:3340} INFO - Setting next_dagrun for example_sla_dag to 2024-01-14T15:10:00+00:00, run_after=2024-01-14T15:12:00+00:00
[2024-01-14T15:12:15.815+0000] {processor.py:176} INFO - Processing /home/airflow/.local/lib/python3.7/site-packages/airflow/example_dags/example_sla_dag.py took 0.074 seconds
[2024-01-14T15:12:46.604+0000] {processor.py:154} INFO - Started process (PID=1592) to work on /home/airflow/.local/lib/python3.7/site-packages/airflow/example_dags/example_sla_dag.py
[2024-01-14T15:12:46.604+0000] {processor.py:756} INFO - Processing file /home/airflow/.local/lib/python3.7/site-packages/airflow/example_dags/example_sla_dag.py for tasks to queue
[2024-01-14T15:12:46.605+0000] {logging_mixin.py:120} INFO - [2024-01-14T15:12:46.605+0000] {dagbag.py:537} INFO - Filling up the DagBag from /home/airflow/.local/lib/python3.7/site-packages/airflow/example_dags/example_sla_dag.py
[2024-01-14T15:12:46.620+0000] {processor.py:766} INFO - DAG(s) dict_keys(['example_sla_dag']) retrieved from /home/airflow/.local/lib/python3.7/site-packages/airflow/example_dags/example_sla_dag.py
[2024-01-14T15:12:46.646+0000] {logging_mixin.py:120} INFO - [2024-01-14T15:12:46.646+0000] {dag.py:2585} INFO - Sync 1 DAGs
[2024-01-14T15:12:46.664+0000] {logging_mixin.py:120} INFO - [2024-01-14T15:12:46.663+0000] {dag.py:3340} INFO - Setting next_dagrun for example_sla_dag to 2024-01-14T15:10:00+00:00, run_after=2024-01-14T15:12:00+00:00
[2024-01-14T15:12:46.674+0000] {processor.py:176} INFO - Processing /home/airflow/.local/lib/python3.7/site-packages/airflow/example_dags/example_sla_dag.py took 0.073 seconds
[2024-01-14T15:13:17.575+0000] {processor.py:154} INFO - Started process (PID=1655) to work on /home/airflow/.local/lib/python3.7/site-packages/airflow/example_dags/example_sla_dag.py
[2024-01-14T15:13:17.576+0000] {processor.py:756} INFO - Processing file /home/airflow/.local/lib/python3.7/site-packages/airflow/example_dags/example_sla_dag.py for tasks to queue
[2024-01-14T15:13:17.577+0000] {logging_mixin.py:120} INFO - [2024-01-14T15:13:17.576+0000] {dagbag.py:537} INFO - Filling up the DagBag from /home/airflow/.local/lib/python3.7/site-packages/airflow/example_dags/example_sla_dag.py
[2024-01-14T15:13:17.592+0000] {processor.py:766} INFO - DAG(s) dict_keys(['example_sla_dag']) retrieved from /home/airflow/.local/lib/python3.7/site-packages/airflow/example_dags/example_sla_dag.py
[2024-01-14T15:13:17.619+0000] {logging_mixin.py:120} INFO - [2024-01-14T15:13:17.619+0000] {dag.py:2585} INFO - Sync 1 DAGs
[2024-01-14T15:13:17.636+0000] {logging_mixin.py:120} INFO - [2024-01-14T15:13:17.636+0000] {dag.py:3340} INFO - Setting next_dagrun for example_sla_dag to 2024-01-14T15:10:00+00:00, run_after=2024-01-14T15:12:00+00:00
[2024-01-14T15:13:17.646+0000] {processor.py:176} INFO - Processing /home/airflow/.local/lib/python3.7/site-packages/airflow/example_dags/example_sla_dag.py took 0.073 seconds
[2024-01-14T15:13:48.539+0000] {processor.py:154} INFO - Started process (PID=1718) to work on /home/airflow/.local/lib/python3.7/site-packages/airflow/example_dags/example_sla_dag.py
[2024-01-14T15:13:48.540+0000] {processor.py:756} INFO - Processing file /home/airflow/.local/lib/python3.7/site-packages/airflow/example_dags/example_sla_dag.py for tasks to queue
[2024-01-14T15:13:48.540+0000] {logging_mixin.py:120} INFO - [2024-01-14T15:13:48.540+0000] {dagbag.py:537} INFO - Filling up the DagBag from /home/airflow/.local/lib/python3.7/site-packages/airflow/example_dags/example_sla_dag.py
[2024-01-14T15:13:48.555+0000] {processor.py:766} INFO - DAG(s) dict_keys(['example_sla_dag']) retrieved from /home/airflow/.local/lib/python3.7/site-packages/airflow/example_dags/example_sla_dag.py
[2024-01-14T15:13:48.581+0000] {logging_mixin.py:120} INFO - [2024-01-14T15:13:48.581+0000] {dag.py:2585} INFO - Sync 1 DAGs
[2024-01-14T15:13:48.598+0000] {logging_mixin.py:120} INFO - [2024-01-14T15:13:48.598+0000] {dag.py:3340} INFO - Setting next_dagrun for example_sla_dag to 2024-01-14T15:10:00+00:00, run_after=2024-01-14T15:12:00+00:00
[2024-01-14T15:13:48.608+0000] {processor.py:176} INFO - Processing /home/airflow/.local/lib/python3.7/site-packages/airflow/example_dags/example_sla_dag.py took 0.071 seconds
[2024-01-14T15:14:19.515+0000] {processor.py:154} INFO - Started process (PID=1781) to work on /home/airflow/.local/lib/python3.7/site-packages/airflow/example_dags/example_sla_dag.py
[2024-01-14T15:14:19.516+0000] {processor.py:756} INFO - Processing file /home/airflow/.local/lib/python3.7/site-packages/airflow/example_dags/example_sla_dag.py for tasks to queue
[2024-01-14T15:14:19.516+0000] {logging_mixin.py:120} INFO - [2024-01-14T15:14:19.516+0000] {dagbag.py:537} INFO - Filling up the DagBag from /home/airflow/.local/lib/python3.7/site-packages/airflow/example_dags/example_sla_dag.py
[2024-01-14T15:14:19.532+0000] {processor.py:766} INFO - DAG(s) dict_keys(['example_sla_dag']) retrieved from /home/airflow/.local/lib/python3.7/site-packages/airflow/example_dags/example_sla_dag.py
[2024-01-14T15:14:19.559+0000] {logging_mixin.py:120} INFO - [2024-01-14T15:14:19.559+0000] {dag.py:2585} INFO - Sync 1 DAGs
[2024-01-14T15:14:19.576+0000] {logging_mixin.py:120} INFO - [2024-01-14T15:14:19.576+0000] {dag.py:3340} INFO - Setting next_dagrun for example_sla_dag to 2024-01-14T15:12:00+00:00, run_after=2024-01-14T15:14:00+00:00
[2024-01-14T15:14:19.587+0000] {processor.py:176} INFO - Processing /home/airflow/.local/lib/python3.7/site-packages/airflow/example_dags/example_sla_dag.py took 0.074 seconds
[2024-01-14T15:14:50.490+0000] {processor.py:154} INFO - Started process (PID=1844) to work on /home/airflow/.local/lib/python3.7/site-packages/airflow/example_dags/example_sla_dag.py
[2024-01-14T15:14:50.490+0000] {processor.py:756} INFO - Processing file /home/airflow/.local/lib/python3.7/site-packages/airflow/example_dags/example_sla_dag.py for tasks to queue
[2024-01-14T15:14:50.491+0000] {logging_mixin.py:120} INFO - [2024-01-14T15:14:50.491+0000] {dagbag.py:537} INFO - Filling up the DagBag from /home/airflow/.local/lib/python3.7/site-packages/airflow/example_dags/example_sla_dag.py
[2024-01-14T15:14:50.506+0000] {processor.py:766} INFO - DAG(s) dict_keys(['example_sla_dag']) retrieved from /home/airflow/.local/lib/python3.7/site-packages/airflow/example_dags/example_sla_dag.py
[2024-01-14T15:14:50.531+0000] {logging_mixin.py:120} INFO - [2024-01-14T15:14:50.531+0000] {dag.py:2585} INFO - Sync 1 DAGs
[2024-01-14T15:14:50.549+0000] {logging_mixin.py:120} INFO - [2024-01-14T15:14:50.549+0000] {dag.py:3340} INFO - Setting next_dagrun for example_sla_dag to 2024-01-14T15:12:00+00:00, run_after=2024-01-14T15:14:00+00:00
[2024-01-14T15:14:50.559+0000] {processor.py:176} INFO - Processing /home/airflow/.local/lib/python3.7/site-packages/airflow/example_dags/example_sla_dag.py took 0.072 seconds
[2024-01-14T15:15:21.354+0000] {processor.py:154} INFO - Started process (PID=1907) to work on /home/airflow/.local/lib/python3.7/site-packages/airflow/example_dags/example_sla_dag.py
[2024-01-14T15:15:21.355+0000] {processor.py:756} INFO - Processing file /home/airflow/.local/lib/python3.7/site-packages/airflow/example_dags/example_sla_dag.py for tasks to queue
[2024-01-14T15:15:21.355+0000] {logging_mixin.py:120} INFO - [2024-01-14T15:15:21.355+0000] {dagbag.py:537} INFO - Filling up the DagBag from /home/airflow/.local/lib/python3.7/site-packages/airflow/example_dags/example_sla_dag.py
[2024-01-14T15:15:21.370+0000] {processor.py:766} INFO - DAG(s) dict_keys(['example_sla_dag']) retrieved from /home/airflow/.local/lib/python3.7/site-packages/airflow/example_dags/example_sla_dag.py
[2024-01-14T15:15:21.396+0000] {logging_mixin.py:120} INFO - [2024-01-14T15:15:21.396+0000] {dag.py:2585} INFO - Sync 1 DAGs
[2024-01-14T15:15:21.415+0000] {logging_mixin.py:120} INFO - [2024-01-14T15:15:21.415+0000] {dag.py:3340} INFO - Setting next_dagrun for example_sla_dag to 2024-01-14T15:12:00+00:00, run_after=2024-01-14T15:14:00+00:00
[2024-01-14T15:15:21.426+0000] {processor.py:176} INFO - Processing /home/airflow/.local/lib/python3.7/site-packages/airflow/example_dags/example_sla_dag.py took 0.075 seconds
[2024-01-14T15:15:51.563+0000] {processor.py:154} INFO - Started process (PID=1961) to work on /home/airflow/.local/lib/python3.7/site-packages/airflow/example_dags/example_sla_dag.py
[2024-01-14T15:15:51.564+0000] {processor.py:756} INFO - Processing file /home/airflow/.local/lib/python3.7/site-packages/airflow/example_dags/example_sla_dag.py for tasks to queue
[2024-01-14T15:15:51.564+0000] {logging_mixin.py:120} INFO - [2024-01-14T15:15:51.564+0000] {dagbag.py:537} INFO - Filling up the DagBag from /home/airflow/.local/lib/python3.7/site-packages/airflow/example_dags/example_sla_dag.py
[2024-01-14T15:15:51.579+0000] {processor.py:766} INFO - DAG(s) dict_keys(['example_sla_dag']) retrieved from /home/airflow/.local/lib/python3.7/site-packages/airflow/example_dags/example_sla_dag.py
[2024-01-14T15:15:51.606+0000] {logging_mixin.py:120} INFO - [2024-01-14T15:15:51.606+0000] {dag.py:2585} INFO - Sync 1 DAGs
[2024-01-14T15:15:51.624+0000] {logging_mixin.py:120} INFO - [2024-01-14T15:15:51.623+0000] {dag.py:3340} INFO - Setting next_dagrun for example_sla_dag to 2024-01-14T15:12:00+00:00, run_after=2024-01-14T15:14:00+00:00
[2024-01-14T15:15:51.634+0000] {processor.py:176} INFO - Processing /home/airflow/.local/lib/python3.7/site-packages/airflow/example_dags/example_sla_dag.py took 0.073 seconds
[2024-01-14T15:16:22.619+0000] {processor.py:154} INFO - Started process (PID=2024) to work on /home/airflow/.local/lib/python3.7/site-packages/airflow/example_dags/example_sla_dag.py
[2024-01-14T15:16:22.620+0000] {processor.py:756} INFO - Processing file /home/airflow/.local/lib/python3.7/site-packages/airflow/example_dags/example_sla_dag.py for tasks to queue
[2024-01-14T15:16:22.621+0000] {logging_mixin.py:120} INFO - [2024-01-14T15:16:22.620+0000] {dagbag.py:537} INFO - Filling up the DagBag from /home/airflow/.local/lib/python3.7/site-packages/airflow/example_dags/example_sla_dag.py
[2024-01-14T15:16:22.638+0000] {processor.py:766} INFO - DAG(s) dict_keys(['example_sla_dag']) retrieved from /home/airflow/.local/lib/python3.7/site-packages/airflow/example_dags/example_sla_dag.py
[2024-01-14T15:16:22.669+0000] {logging_mixin.py:120} INFO - [2024-01-14T15:16:22.669+0000] {dag.py:2585} INFO - Sync 1 DAGs
[2024-01-14T15:16:22.688+0000] {logging_mixin.py:120} INFO - [2024-01-14T15:16:22.688+0000] {dag.py:3340} INFO - Setting next_dagrun for example_sla_dag to 2024-01-14T15:14:00+00:00, run_after=2024-01-14T15:16:00+00:00
[2024-01-14T15:16:22.699+0000] {processor.py:176} INFO - Processing /home/airflow/.local/lib/python3.7/site-packages/airflow/example_dags/example_sla_dag.py took 0.084 seconds
[2024-01-14T15:16:53.682+0000] {processor.py:154} INFO - Started process (PID=2087) to work on /home/airflow/.local/lib/python3.7/site-packages/airflow/example_dags/example_sla_dag.py
[2024-01-14T15:16:53.683+0000] {processor.py:756} INFO - Processing file /home/airflow/.local/lib/python3.7/site-packages/airflow/example_dags/example_sla_dag.py for tasks to queue
[2024-01-14T15:16:53.683+0000] {logging_mixin.py:120} INFO - [2024-01-14T15:16:53.683+0000] {dagbag.py:537} INFO - Filling up the DagBag from /home/airflow/.local/lib/python3.7/site-packages/airflow/example_dags/example_sla_dag.py
[2024-01-14T15:16:53.699+0000] {processor.py:766} INFO - DAG(s) dict_keys(['example_sla_dag']) retrieved from /home/airflow/.local/lib/python3.7/site-packages/airflow/example_dags/example_sla_dag.py
[2024-01-14T15:16:53.725+0000] {logging_mixin.py:120} INFO - [2024-01-14T15:16:53.725+0000] {dag.py:2585} INFO - Sync 1 DAGs
[2024-01-14T15:16:53.743+0000] {logging_mixin.py:120} INFO - [2024-01-14T15:16:53.743+0000] {dag.py:3340} INFO - Setting next_dagrun for example_sla_dag to 2024-01-14T15:14:00+00:00, run_after=2024-01-14T15:16:00+00:00
[2024-01-14T15:16:53.753+0000] {processor.py:176} INFO - Processing /home/airflow/.local/lib/python3.7/site-packages/airflow/example_dags/example_sla_dag.py took 0.074 seconds
[2024-01-14T15:17:24.795+0000] {processor.py:154} INFO - Started process (PID=2150) to work on /home/airflow/.local/lib/python3.7/site-packages/airflow/example_dags/example_sla_dag.py
[2024-01-14T15:17:24.796+0000] {processor.py:756} INFO - Processing file /home/airflow/.local/lib/python3.7/site-packages/airflow/example_dags/example_sla_dag.py for tasks to queue
[2024-01-14T15:17:24.796+0000] {logging_mixin.py:120} INFO - [2024-01-14T15:17:24.796+0000] {dagbag.py:537} INFO - Filling up the DagBag from /home/airflow/.local/lib/python3.7/site-packages/airflow/example_dags/example_sla_dag.py
[2024-01-14T15:17:24.812+0000] {processor.py:766} INFO - DAG(s) dict_keys(['example_sla_dag']) retrieved from /home/airflow/.local/lib/python3.7/site-packages/airflow/example_dags/example_sla_dag.py
[2024-01-14T15:17:24.838+0000] {logging_mixin.py:120} INFO - [2024-01-14T15:17:24.838+0000] {dag.py:2585} INFO - Sync 1 DAGs
[2024-01-14T15:17:24.856+0000] {logging_mixin.py:120} INFO - [2024-01-14T15:17:24.856+0000] {dag.py:3340} INFO - Setting next_dagrun for example_sla_dag to 2024-01-14T15:14:00+00:00, run_after=2024-01-14T15:16:00+00:00
[2024-01-14T15:17:24.867+0000] {processor.py:176} INFO - Processing /home/airflow/.local/lib/python3.7/site-packages/airflow/example_dags/example_sla_dag.py took 0.074 seconds
[2024-01-14T15:17:55.041+0000] {processor.py:154} INFO - Started process (PID=2213) to work on /home/airflow/.local/lib/python3.7/site-packages/airflow/example_dags/example_sla_dag.py
[2024-01-14T15:17:55.042+0000] {processor.py:756} INFO - Processing file /home/airflow/.local/lib/python3.7/site-packages/airflow/example_dags/example_sla_dag.py for tasks to queue
[2024-01-14T15:17:55.043+0000] {logging_mixin.py:120} INFO - [2024-01-14T15:17:55.043+0000] {dagbag.py:537} INFO - Filling up the DagBag from /home/airflow/.local/lib/python3.7/site-packages/airflow/example_dags/example_sla_dag.py
[2024-01-14T15:17:55.058+0000] {processor.py:766} INFO - DAG(s) dict_keys(['example_sla_dag']) retrieved from /home/airflow/.local/lib/python3.7/site-packages/airflow/example_dags/example_sla_dag.py
[2024-01-14T15:17:55.085+0000] {logging_mixin.py:120} INFO - [2024-01-14T15:17:55.085+0000] {dag.py:2585} INFO - Sync 1 DAGs
[2024-01-14T15:17:55.103+0000] {logging_mixin.py:120} INFO - [2024-01-14T15:17:55.103+0000] {dag.py:3340} INFO - Setting next_dagrun for example_sla_dag to 2024-01-14T15:14:00+00:00, run_after=2024-01-14T15:16:00+00:00
[2024-01-14T15:17:55.117+0000] {processor.py:176} INFO - Processing /home/airflow/.local/lib/python3.7/site-packages/airflow/example_dags/example_sla_dag.py took 0.078 seconds
[2024-01-14T15:18:26.108+0000] {processor.py:154} INFO - Started process (PID=2276) to work on /home/airflow/.local/lib/python3.7/site-packages/airflow/example_dags/example_sla_dag.py
[2024-01-14T15:18:26.109+0000] {processor.py:756} INFO - Processing file /home/airflow/.local/lib/python3.7/site-packages/airflow/example_dags/example_sla_dag.py for tasks to queue
[2024-01-14T15:18:26.109+0000] {logging_mixin.py:120} INFO - [2024-01-14T15:18:26.109+0000] {dagbag.py:537} INFO - Filling up the DagBag from /home/airflow/.local/lib/python3.7/site-packages/airflow/example_dags/example_sla_dag.py
[2024-01-14T15:18:26.124+0000] {processor.py:766} INFO - DAG(s) dict_keys(['example_sla_dag']) retrieved from /home/airflow/.local/lib/python3.7/site-packages/airflow/example_dags/example_sla_dag.py
[2024-01-14T15:18:26.150+0000] {logging_mixin.py:120} INFO - [2024-01-14T15:18:26.150+0000] {dag.py:2585} INFO - Sync 1 DAGs
[2024-01-14T15:18:26.166+0000] {logging_mixin.py:120} INFO - [2024-01-14T15:18:26.166+0000] {dag.py:3340} INFO - Setting next_dagrun for example_sla_dag to 2024-01-14T15:16:00+00:00, run_after=2024-01-14T15:18:00+00:00
[2024-01-14T15:18:26.177+0000] {processor.py:176} INFO - Processing /home/airflow/.local/lib/python3.7/site-packages/airflow/example_dags/example_sla_dag.py took 0.072 seconds
[2024-01-14T15:18:56.971+0000] {processor.py:154} INFO - Started process (PID=2339) to work on /home/airflow/.local/lib/python3.7/site-packages/airflow/example_dags/example_sla_dag.py
[2024-01-14T15:18:56.972+0000] {processor.py:756} INFO - Processing file /home/airflow/.local/lib/python3.7/site-packages/airflow/example_dags/example_sla_dag.py for tasks to queue
[2024-01-14T15:18:56.973+0000] {logging_mixin.py:120} INFO - [2024-01-14T15:18:56.973+0000] {dagbag.py:537} INFO - Filling up the DagBag from /home/airflow/.local/lib/python3.7/site-packages/airflow/example_dags/example_sla_dag.py
[2024-01-14T15:18:56.988+0000] {processor.py:766} INFO - DAG(s) dict_keys(['example_sla_dag']) retrieved from /home/airflow/.local/lib/python3.7/site-packages/airflow/example_dags/example_sla_dag.py
[2024-01-14T15:18:57.013+0000] {logging_mixin.py:120} INFO - [2024-01-14T15:18:57.013+0000] {dag.py:2585} INFO - Sync 1 DAGs
[2024-01-14T15:18:57.036+0000] {logging_mixin.py:120} INFO - [2024-01-14T15:18:57.036+0000] {dag.py:3340} INFO - Setting next_dagrun for example_sla_dag to 2024-01-14T15:16:00+00:00, run_after=2024-01-14T15:18:00+00:00
[2024-01-14T15:18:57.051+0000] {processor.py:176} INFO - Processing /home/airflow/.local/lib/python3.7/site-packages/airflow/example_dags/example_sla_dag.py took 0.083 seconds
[2024-01-14T15:19:27.983+0000] {processor.py:154} INFO - Started process (PID=2393) to work on /home/airflow/.local/lib/python3.7/site-packages/airflow/example_dags/example_sla_dag.py
[2024-01-14T15:19:27.984+0000] {processor.py:756} INFO - Processing file /home/airflow/.local/lib/python3.7/site-packages/airflow/example_dags/example_sla_dag.py for tasks to queue
[2024-01-14T15:19:27.984+0000] {logging_mixin.py:120} INFO - [2024-01-14T15:19:27.984+0000] {dagbag.py:537} INFO - Filling up the DagBag from /home/airflow/.local/lib/python3.7/site-packages/airflow/example_dags/example_sla_dag.py
[2024-01-14T15:19:28.000+0000] {processor.py:766} INFO - DAG(s) dict_keys(['example_sla_dag']) retrieved from /home/airflow/.local/lib/python3.7/site-packages/airflow/example_dags/example_sla_dag.py
[2024-01-14T15:19:28.027+0000] {logging_mixin.py:120} INFO - [2024-01-14T15:19:28.027+0000] {dag.py:2585} INFO - Sync 1 DAGs
[2024-01-14T15:19:28.045+0000] {logging_mixin.py:120} INFO - [2024-01-14T15:19:28.044+0000] {dag.py:3340} INFO - Setting next_dagrun for example_sla_dag to 2024-01-14T15:16:00+00:00, run_after=2024-01-14T15:18:00+00:00
[2024-01-14T15:19:28.055+0000] {processor.py:176} INFO - Processing /home/airflow/.local/lib/python3.7/site-packages/airflow/example_dags/example_sla_dag.py took 0.074 seconds
[2024-01-14T15:19:58.199+0000] {processor.py:154} INFO - Started process (PID=2456) to work on /home/airflow/.local/lib/python3.7/site-packages/airflow/example_dags/example_sla_dag.py
[2024-01-14T15:19:58.200+0000] {processor.py:756} INFO - Processing file /home/airflow/.local/lib/python3.7/site-packages/airflow/example_dags/example_sla_dag.py for tasks to queue
[2024-01-14T15:19:58.200+0000] {logging_mixin.py:120} INFO - [2024-01-14T15:19:58.200+0000] {dagbag.py:537} INFO - Filling up the DagBag from /home/airflow/.local/lib/python3.7/site-packages/airflow/example_dags/example_sla_dag.py
[2024-01-14T15:19:58.216+0000] {processor.py:766} INFO - DAG(s) dict_keys(['example_sla_dag']) retrieved from /home/airflow/.local/lib/python3.7/site-packages/airflow/example_dags/example_sla_dag.py
[2024-01-14T15:19:58.242+0000] {logging_mixin.py:120} INFO - [2024-01-14T15:19:58.242+0000] {dag.py:2585} INFO - Sync 1 DAGs
[2024-01-14T15:19:58.260+0000] {logging_mixin.py:120} INFO - [2024-01-14T15:19:58.259+0000] {dag.py:3340} INFO - Setting next_dagrun for example_sla_dag to 2024-01-14T15:16:00+00:00, run_after=2024-01-14T15:18:00+00:00
[2024-01-14T15:19:58.271+0000] {processor.py:176} INFO - Processing /home/airflow/.local/lib/python3.7/site-packages/airflow/example_dags/example_sla_dag.py took 0.074 seconds
[2024-01-14T15:20:29.148+0000] {processor.py:154} INFO - Started process (PID=2519) to work on /home/airflow/.local/lib/python3.7/site-packages/airflow/example_dags/example_sla_dag.py
[2024-01-14T15:20:29.149+0000] {processor.py:756} INFO - Processing file /home/airflow/.local/lib/python3.7/site-packages/airflow/example_dags/example_sla_dag.py for tasks to queue
[2024-01-14T15:20:29.149+0000] {logging_mixin.py:120} INFO - [2024-01-14T15:20:29.149+0000] {dagbag.py:537} INFO - Filling up the DagBag from /home/airflow/.local/lib/python3.7/site-packages/airflow/example_dags/example_sla_dag.py
[2024-01-14T15:20:29.166+0000] {processor.py:766} INFO - DAG(s) dict_keys(['example_sla_dag']) retrieved from /home/airflow/.local/lib/python3.7/site-packages/airflow/example_dags/example_sla_dag.py
[2024-01-14T15:20:29.195+0000] {logging_mixin.py:120} INFO - [2024-01-14T15:20:29.194+0000] {dag.py:2585} INFO - Sync 1 DAGs
[2024-01-14T15:20:29.213+0000] {logging_mixin.py:120} INFO - [2024-01-14T15:20:29.213+0000] {dag.py:3340} INFO - Setting next_dagrun for example_sla_dag to 2024-01-14T15:18:00+00:00, run_after=2024-01-14T15:20:00+00:00
[2024-01-14T15:20:29.227+0000] {processor.py:176} INFO - Processing /home/airflow/.local/lib/python3.7/site-packages/airflow/example_dags/example_sla_dag.py took 0.082 seconds
[2024-01-14T15:21:00.015+0000] {processor.py:154} INFO - Started process (PID=2582) to work on /home/airflow/.local/lib/python3.7/site-packages/airflow/example_dags/example_sla_dag.py
[2024-01-14T15:21:00.016+0000] {processor.py:756} INFO - Processing file /home/airflow/.local/lib/python3.7/site-packages/airflow/example_dags/example_sla_dag.py for tasks to queue
[2024-01-14T15:21:00.016+0000] {logging_mixin.py:120} INFO - [2024-01-14T15:21:00.016+0000] {dagbag.py:537} INFO - Filling up the DagBag from /home/airflow/.local/lib/python3.7/site-packages/airflow/example_dags/example_sla_dag.py
[2024-01-14T15:21:00.032+0000] {processor.py:766} INFO - DAG(s) dict_keys(['example_sla_dag']) retrieved from /home/airflow/.local/lib/python3.7/site-packages/airflow/example_dags/example_sla_dag.py
[2024-01-14T15:21:00.060+0000] {logging_mixin.py:120} INFO - [2024-01-14T15:21:00.059+0000] {dag.py:2585} INFO - Sync 1 DAGs
[2024-01-14T15:21:00.078+0000] {logging_mixin.py:120} INFO - [2024-01-14T15:21:00.077+0000] {dag.py:3340} INFO - Setting next_dagrun for example_sla_dag to 2024-01-14T15:18:00+00:00, run_after=2024-01-14T15:20:00+00:00
[2024-01-14T15:21:00.088+0000] {processor.py:176} INFO - Processing /home/airflow/.local/lib/python3.7/site-packages/airflow/example_dags/example_sla_dag.py took 0.077 seconds
[2024-01-14T15:21:31.089+0000] {processor.py:154} INFO - Started process (PID=2645) to work on /home/airflow/.local/lib/python3.7/site-packages/airflow/example_dags/example_sla_dag.py
[2024-01-14T15:21:31.090+0000] {processor.py:756} INFO - Processing file /home/airflow/.local/lib/python3.7/site-packages/airflow/example_dags/example_sla_dag.py for tasks to queue
[2024-01-14T15:21:31.091+0000] {logging_mixin.py:120} INFO - [2024-01-14T15:21:31.090+0000] {dagbag.py:537} INFO - Filling up the DagBag from /home/airflow/.local/lib/python3.7/site-packages/airflow/example_dags/example_sla_dag.py
[2024-01-14T15:21:31.106+0000] {processor.py:766} INFO - DAG(s) dict_keys(['example_sla_dag']) retrieved from /home/airflow/.local/lib/python3.7/site-packages/airflow/example_dags/example_sla_dag.py
[2024-01-14T15:21:31.132+0000] {logging_mixin.py:120} INFO - [2024-01-14T15:21:31.132+0000] {dag.py:2585} INFO - Sync 1 DAGs
[2024-01-14T15:21:31.151+0000] {logging_mixin.py:120} INFO - [2024-01-14T15:21:31.150+0000] {dag.py:3340} INFO - Setting next_dagrun for example_sla_dag to 2024-01-14T15:18:00+00:00, run_after=2024-01-14T15:20:00+00:00
[2024-01-14T15:21:31.162+0000] {processor.py:176} INFO - Processing /home/airflow/.local/lib/python3.7/site-packages/airflow/example_dags/example_sla_dag.py took 0.075 seconds
[2024-01-14T15:22:01.997+0000] {processor.py:154} INFO - Started process (PID=2708) to work on /home/airflow/.local/lib/python3.7/site-packages/airflow/example_dags/example_sla_dag.py
[2024-01-14T15:22:01.998+0000] {processor.py:756} INFO - Processing file /home/airflow/.local/lib/python3.7/site-packages/airflow/example_dags/example_sla_dag.py for tasks to queue
[2024-01-14T15:22:01.998+0000] {logging_mixin.py:120} INFO - [2024-01-14T15:22:01.998+0000] {dagbag.py:537} INFO - Filling up the DagBag from /home/airflow/.local/lib/python3.7/site-packages/airflow/example_dags/example_sla_dag.py
[2024-01-14T15:22:02.013+0000] {processor.py:766} INFO - DAG(s) dict_keys(['example_sla_dag']) retrieved from /home/airflow/.local/lib/python3.7/site-packages/airflow/example_dags/example_sla_dag.py
[2024-01-14T15:22:02.039+0000] {logging_mixin.py:120} INFO - [2024-01-14T15:22:02.039+0000] {dag.py:2585} INFO - Sync 1 DAGs
[2024-01-14T15:22:02.057+0000] {logging_mixin.py:120} INFO - [2024-01-14T15:22:02.057+0000] {dag.py:3340} INFO - Setting next_dagrun for example_sla_dag to 2024-01-14T15:20:00+00:00, run_after=2024-01-14T15:22:00+00:00
[2024-01-14T15:22:02.068+0000] {processor.py:176} INFO - Processing /home/airflow/.local/lib/python3.7/site-packages/airflow/example_dags/example_sla_dag.py took 0.074 seconds
[2024-01-14T15:22:33.002+0000] {processor.py:154} INFO - Started process (PID=2769) to work on /home/airflow/.local/lib/python3.7/site-packages/airflow/example_dags/example_sla_dag.py
[2024-01-14T15:22:33.002+0000] {processor.py:756} INFO - Processing file /home/airflow/.local/lib/python3.7/site-packages/airflow/example_dags/example_sla_dag.py for tasks to queue
[2024-01-14T15:22:33.003+0000] {logging_mixin.py:120} INFO - [2024-01-14T15:22:33.003+0000] {dagbag.py:537} INFO - Filling up the DagBag from /home/airflow/.local/lib/python3.7/site-packages/airflow/example_dags/example_sla_dag.py
[2024-01-14T15:22:33.018+0000] {processor.py:766} INFO - DAG(s) dict_keys(['example_sla_dag']) retrieved from /home/airflow/.local/lib/python3.7/site-packages/airflow/example_dags/example_sla_dag.py
[2024-01-14T15:22:33.043+0000] {logging_mixin.py:120} INFO - [2024-01-14T15:22:33.042+0000] {dag.py:2585} INFO - Sync 1 DAGs
[2024-01-14T15:22:33.060+0000] {logging_mixin.py:120} INFO - [2024-01-14T15:22:33.060+0000] {dag.py:3340} INFO - Setting next_dagrun for example_sla_dag to 2024-01-14T15:20:00+00:00, run_after=2024-01-14T15:22:00+00:00
[2024-01-14T15:22:33.072+0000] {processor.py:176} INFO - Processing /home/airflow/.local/lib/python3.7/site-packages/airflow/example_dags/example_sla_dag.py took 0.073 seconds
