[2024-01-14T15:00:01.580+0000] {processor.py:154} INFO - Started process (PID=76) to work on /home/airflow/.local/lib/python3.7/site-packages/airflow/example_dags/example_bash_operator.py
[2024-01-14T15:00:01.583+0000] {processor.py:756} INFO - Processing file /home/airflow/.local/lib/python3.7/site-packages/airflow/example_dags/example_bash_operator.py for tasks to queue
[2024-01-14T15:00:01.585+0000] {logging_mixin.py:120} INFO - [2024-01-14T15:00:01.585+0000] {dagbag.py:537} INFO - Filling up the DagBag from /home/airflow/.local/lib/python3.7/site-packages/airflow/example_dags/example_bash_operator.py
[2024-01-14T15:00:01.660+0000] {processor.py:766} INFO - DAG(s) dict_keys(['example_bash_operator']) retrieved from /home/airflow/.local/lib/python3.7/site-packages/airflow/example_dags/example_bash_operator.py
[2024-01-14T15:00:01.897+0000] {logging_mixin.py:120} INFO - [2024-01-14T15:00:01.897+0000] {manager.py:507} INFO - Created Permission View: can read on DAG:example_bash_operator
[2024-01-14T15:00:01.911+0000] {logging_mixin.py:120} INFO - [2024-01-14T15:00:01.911+0000] {manager.py:507} INFO - Created Permission View: can edit on DAG:example_bash_operator
[2024-01-14T15:00:01.923+0000] {logging_mixin.py:120} INFO - [2024-01-14T15:00:01.923+0000] {manager.py:507} INFO - Created Permission View: can delete on DAG:example_bash_operator
[2024-01-14T15:00:01.924+0000] {logging_mixin.py:120} INFO - [2024-01-14T15:00:01.924+0000] {dag.py:2585} INFO - Sync 1 DAGs
[2024-01-14T15:00:01.939+0000] {logging_mixin.py:120} INFO - [2024-01-14T15:00:01.939+0000] {dag.py:2606} INFO - Creating ORM DAG for example_bash_operator
[2024-01-14T15:00:01.950+0000] {logging_mixin.py:120} INFO - [2024-01-14T15:00:01.950+0000] {dag.py:3340} INFO - Setting next_dagrun for example_bash_operator to 2024-01-13T00:00:00+00:00, run_after=2024-01-14T00:00:00+00:00
[2024-01-14T15:00:01.973+0000] {processor.py:176} INFO - Processing /home/airflow/.local/lib/python3.7/site-packages/airflow/example_dags/example_bash_operator.py took 0.401 seconds
[2024-01-14T15:00:32.337+0000] {processor.py:154} INFO - Started process (PID=130) to work on /home/airflow/.local/lib/python3.7/site-packages/airflow/example_dags/example_bash_operator.py
[2024-01-14T15:00:32.337+0000] {processor.py:756} INFO - Processing file /home/airflow/.local/lib/python3.7/site-packages/airflow/example_dags/example_bash_operator.py for tasks to queue
[2024-01-14T15:00:32.338+0000] {logging_mixin.py:120} INFO - [2024-01-14T15:00:32.338+0000] {dagbag.py:537} INFO - Filling up the DagBag from /home/airflow/.local/lib/python3.7/site-packages/airflow/example_dags/example_bash_operator.py
[2024-01-14T15:00:32.353+0000] {processor.py:766} INFO - DAG(s) dict_keys(['example_bash_operator']) retrieved from /home/airflow/.local/lib/python3.7/site-packages/airflow/example_dags/example_bash_operator.py
[2024-01-14T15:00:32.382+0000] {logging_mixin.py:120} INFO - [2024-01-14T15:00:32.382+0000] {dag.py:2585} INFO - Sync 1 DAGs
[2024-01-14T15:00:32.399+0000] {logging_mixin.py:120} INFO - [2024-01-14T15:00:32.398+0000] {dag.py:3340} INFO - Setting next_dagrun for example_bash_operator to 2024-01-13T00:00:00+00:00, run_after=2024-01-14T00:00:00+00:00
[2024-01-14T15:00:32.410+0000] {processor.py:176} INFO - Processing /home/airflow/.local/lib/python3.7/site-packages/airflow/example_dags/example_bash_operator.py took 0.076 seconds
[2024-01-14T15:01:02.508+0000] {processor.py:154} INFO - Started process (PID=194) to work on /home/airflow/.local/lib/python3.7/site-packages/airflow/example_dags/example_bash_operator.py
[2024-01-14T15:01:02.508+0000] {processor.py:756} INFO - Processing file /home/airflow/.local/lib/python3.7/site-packages/airflow/example_dags/example_bash_operator.py for tasks to queue
[2024-01-14T15:01:02.509+0000] {logging_mixin.py:120} INFO - [2024-01-14T15:01:02.509+0000] {dagbag.py:537} INFO - Filling up the DagBag from /home/airflow/.local/lib/python3.7/site-packages/airflow/example_dags/example_bash_operator.py
[2024-01-14T15:01:02.523+0000] {processor.py:766} INFO - DAG(s) dict_keys(['example_bash_operator']) retrieved from /home/airflow/.local/lib/python3.7/site-packages/airflow/example_dags/example_bash_operator.py
[2024-01-14T15:01:02.554+0000] {logging_mixin.py:120} INFO - [2024-01-14T15:01:02.554+0000] {dag.py:2585} INFO - Sync 1 DAGs
[2024-01-14T15:01:02.572+0000] {logging_mixin.py:120} INFO - [2024-01-14T15:01:02.571+0000] {dag.py:3340} INFO - Setting next_dagrun for example_bash_operator to 2024-01-13T00:00:00+00:00, run_after=2024-01-14T00:00:00+00:00
[2024-01-14T15:01:02.584+0000] {processor.py:176} INFO - Processing /home/airflow/.local/lib/python3.7/site-packages/airflow/example_dags/example_bash_operator.py took 0.078 seconds
[2024-01-14T15:01:33.514+0000] {processor.py:154} INFO - Started process (PID=257) to work on /home/airflow/.local/lib/python3.7/site-packages/airflow/example_dags/example_bash_operator.py
[2024-01-14T15:01:33.515+0000] {processor.py:756} INFO - Processing file /home/airflow/.local/lib/python3.7/site-packages/airflow/example_dags/example_bash_operator.py for tasks to queue
[2024-01-14T15:01:33.515+0000] {logging_mixin.py:120} INFO - [2024-01-14T15:01:33.515+0000] {dagbag.py:537} INFO - Filling up the DagBag from /home/airflow/.local/lib/python3.7/site-packages/airflow/example_dags/example_bash_operator.py
[2024-01-14T15:01:33.530+0000] {processor.py:766} INFO - DAG(s) dict_keys(['example_bash_operator']) retrieved from /home/airflow/.local/lib/python3.7/site-packages/airflow/example_dags/example_bash_operator.py
[2024-01-14T15:01:33.560+0000] {logging_mixin.py:120} INFO - [2024-01-14T15:01:33.560+0000] {dag.py:2585} INFO - Sync 1 DAGs
[2024-01-14T15:01:33.576+0000] {logging_mixin.py:120} INFO - [2024-01-14T15:01:33.576+0000] {dag.py:3340} INFO - Setting next_dagrun for example_bash_operator to 2024-01-13T00:00:00+00:00, run_after=2024-01-14T00:00:00+00:00
[2024-01-14T15:01:33.587+0000] {processor.py:176} INFO - Processing /home/airflow/.local/lib/python3.7/site-packages/airflow/example_dags/example_bash_operator.py took 0.075 seconds
[2024-01-14T15:02:03.664+0000] {processor.py:154} INFO - Started process (PID=320) to work on /home/airflow/.local/lib/python3.7/site-packages/airflow/example_dags/example_bash_operator.py
[2024-01-14T15:02:03.665+0000] {processor.py:756} INFO - Processing file /home/airflow/.local/lib/python3.7/site-packages/airflow/example_dags/example_bash_operator.py for tasks to queue
[2024-01-14T15:02:03.665+0000] {logging_mixin.py:120} INFO - [2024-01-14T15:02:03.665+0000] {dagbag.py:537} INFO - Filling up the DagBag from /home/airflow/.local/lib/python3.7/site-packages/airflow/example_dags/example_bash_operator.py
[2024-01-14T15:02:03.680+0000] {processor.py:766} INFO - DAG(s) dict_keys(['example_bash_operator']) retrieved from /home/airflow/.local/lib/python3.7/site-packages/airflow/example_dags/example_bash_operator.py
[2024-01-14T15:02:03.710+0000] {logging_mixin.py:120} INFO - [2024-01-14T15:02:03.709+0000] {dag.py:2585} INFO - Sync 1 DAGs
[2024-01-14T15:02:03.725+0000] {logging_mixin.py:120} INFO - [2024-01-14T15:02:03.725+0000] {dag.py:3340} INFO - Setting next_dagrun for example_bash_operator to 2024-01-13T00:00:00+00:00, run_after=2024-01-14T00:00:00+00:00
[2024-01-14T15:02:03.737+0000] {processor.py:176} INFO - Processing /home/airflow/.local/lib/python3.7/site-packages/airflow/example_dags/example_bash_operator.py took 0.075 seconds
[2024-01-14T15:02:33.801+0000] {processor.py:154} INFO - Started process (PID=383) to work on /home/airflow/.local/lib/python3.7/site-packages/airflow/example_dags/example_bash_operator.py
[2024-01-14T15:02:33.802+0000] {processor.py:756} INFO - Processing file /home/airflow/.local/lib/python3.7/site-packages/airflow/example_dags/example_bash_operator.py for tasks to queue
[2024-01-14T15:02:33.802+0000] {logging_mixin.py:120} INFO - [2024-01-14T15:02:33.802+0000] {dagbag.py:537} INFO - Filling up the DagBag from /home/airflow/.local/lib/python3.7/site-packages/airflow/example_dags/example_bash_operator.py
[2024-01-14T15:02:33.817+0000] {processor.py:766} INFO - DAG(s) dict_keys(['example_bash_operator']) retrieved from /home/airflow/.local/lib/python3.7/site-packages/airflow/example_dags/example_bash_operator.py
[2024-01-14T15:02:33.847+0000] {logging_mixin.py:120} INFO - [2024-01-14T15:02:33.847+0000] {dag.py:2585} INFO - Sync 1 DAGs
[2024-01-14T15:02:33.864+0000] {logging_mixin.py:120} INFO - [2024-01-14T15:02:33.864+0000] {dag.py:3340} INFO - Setting next_dagrun for example_bash_operator to 2024-01-13T00:00:00+00:00, run_after=2024-01-14T00:00:00+00:00
[2024-01-14T15:02:33.876+0000] {processor.py:176} INFO - Processing /home/airflow/.local/lib/python3.7/site-packages/airflow/example_dags/example_bash_operator.py took 0.077 seconds
[2024-01-14T15:03:03.996+0000] {processor.py:154} INFO - Started process (PID=437) to work on /home/airflow/.local/lib/python3.7/site-packages/airflow/example_dags/example_bash_operator.py
[2024-01-14T15:03:03.997+0000] {processor.py:756} INFO - Processing file /home/airflow/.local/lib/python3.7/site-packages/airflow/example_dags/example_bash_operator.py for tasks to queue
[2024-01-14T15:03:03.997+0000] {logging_mixin.py:120} INFO - [2024-01-14T15:03:03.997+0000] {dagbag.py:537} INFO - Filling up the DagBag from /home/airflow/.local/lib/python3.7/site-packages/airflow/example_dags/example_bash_operator.py
[2024-01-14T15:03:04.012+0000] {processor.py:766} INFO - DAG(s) dict_keys(['example_bash_operator']) retrieved from /home/airflow/.local/lib/python3.7/site-packages/airflow/example_dags/example_bash_operator.py
[2024-01-14T15:03:04.042+0000] {logging_mixin.py:120} INFO - [2024-01-14T15:03:04.042+0000] {dag.py:2585} INFO - Sync 1 DAGs
[2024-01-14T15:03:04.058+0000] {logging_mixin.py:120} INFO - [2024-01-14T15:03:04.058+0000] {dag.py:3340} INFO - Setting next_dagrun for example_bash_operator to 2024-01-13T00:00:00+00:00, run_after=2024-01-14T00:00:00+00:00
[2024-01-14T15:03:04.069+0000] {processor.py:176} INFO - Processing /home/airflow/.local/lib/python3.7/site-packages/airflow/example_dags/example_bash_operator.py took 0.075 seconds
[2024-01-14T15:03:34.183+0000] {processor.py:154} INFO - Started process (PID=500) to work on /home/airflow/.local/lib/python3.7/site-packages/airflow/example_dags/example_bash_operator.py
[2024-01-14T15:03:34.183+0000] {processor.py:756} INFO - Processing file /home/airflow/.local/lib/python3.7/site-packages/airflow/example_dags/example_bash_operator.py for tasks to queue
[2024-01-14T15:03:34.184+0000] {logging_mixin.py:120} INFO - [2024-01-14T15:03:34.184+0000] {dagbag.py:537} INFO - Filling up the DagBag from /home/airflow/.local/lib/python3.7/site-packages/airflow/example_dags/example_bash_operator.py
[2024-01-14T15:03:34.198+0000] {processor.py:766} INFO - DAG(s) dict_keys(['example_bash_operator']) retrieved from /home/airflow/.local/lib/python3.7/site-packages/airflow/example_dags/example_bash_operator.py
[2024-01-14T15:03:34.228+0000] {logging_mixin.py:120} INFO - [2024-01-14T15:03:34.228+0000] {dag.py:2585} INFO - Sync 1 DAGs
[2024-01-14T15:03:34.244+0000] {logging_mixin.py:120} INFO - [2024-01-14T15:03:34.244+0000] {dag.py:3340} INFO - Setting next_dagrun for example_bash_operator to 2024-01-13T00:00:00+00:00, run_after=2024-01-14T00:00:00+00:00
[2024-01-14T15:03:34.255+0000] {processor.py:176} INFO - Processing /home/airflow/.local/lib/python3.7/site-packages/airflow/example_dags/example_bash_operator.py took 0.074 seconds
[2024-01-14T15:04:05.081+0000] {processor.py:154} INFO - Started process (PID=563) to work on /home/airflow/.local/lib/python3.7/site-packages/airflow/example_dags/example_bash_operator.py
[2024-01-14T15:04:05.082+0000] {processor.py:756} INFO - Processing file /home/airflow/.local/lib/python3.7/site-packages/airflow/example_dags/example_bash_operator.py for tasks to queue
[2024-01-14T15:04:05.083+0000] {logging_mixin.py:120} INFO - [2024-01-14T15:04:05.082+0000] {dagbag.py:537} INFO - Filling up the DagBag from /home/airflow/.local/lib/python3.7/site-packages/airflow/example_dags/example_bash_operator.py
[2024-01-14T15:04:05.097+0000] {processor.py:766} INFO - DAG(s) dict_keys(['example_bash_operator']) retrieved from /home/airflow/.local/lib/python3.7/site-packages/airflow/example_dags/example_bash_operator.py
[2024-01-14T15:04:05.127+0000] {logging_mixin.py:120} INFO - [2024-01-14T15:04:05.126+0000] {dag.py:2585} INFO - Sync 1 DAGs
[2024-01-14T15:04:05.143+0000] {logging_mixin.py:120} INFO - [2024-01-14T15:04:05.143+0000] {dag.py:3340} INFO - Setting next_dagrun for example_bash_operator to 2024-01-13T00:00:00+00:00, run_after=2024-01-14T00:00:00+00:00
[2024-01-14T15:04:05.153+0000] {processor.py:176} INFO - Processing /home/airflow/.local/lib/python3.7/site-packages/airflow/example_dags/example_bash_operator.py took 0.074 seconds
[2024-01-14T15:04:35.256+0000] {processor.py:154} INFO - Started process (PID=626) to work on /home/airflow/.local/lib/python3.7/site-packages/airflow/example_dags/example_bash_operator.py
[2024-01-14T15:04:35.257+0000] {processor.py:756} INFO - Processing file /home/airflow/.local/lib/python3.7/site-packages/airflow/example_dags/example_bash_operator.py for tasks to queue
[2024-01-14T15:04:35.258+0000] {logging_mixin.py:120} INFO - [2024-01-14T15:04:35.258+0000] {dagbag.py:537} INFO - Filling up the DagBag from /home/airflow/.local/lib/python3.7/site-packages/airflow/example_dags/example_bash_operator.py
[2024-01-14T15:04:35.273+0000] {processor.py:766} INFO - DAG(s) dict_keys(['example_bash_operator']) retrieved from /home/airflow/.local/lib/python3.7/site-packages/airflow/example_dags/example_bash_operator.py
[2024-01-14T15:04:35.301+0000] {logging_mixin.py:120} INFO - [2024-01-14T15:04:35.301+0000] {dag.py:2585} INFO - Sync 1 DAGs
[2024-01-14T15:04:35.319+0000] {logging_mixin.py:120} INFO - [2024-01-14T15:04:35.319+0000] {dag.py:3340} INFO - Setting next_dagrun for example_bash_operator to 2024-01-13T00:00:00+00:00, run_after=2024-01-14T00:00:00+00:00
[2024-01-14T15:04:35.330+0000] {processor.py:176} INFO - Processing /home/airflow/.local/lib/python3.7/site-packages/airflow/example_dags/example_bash_operator.py took 0.077 seconds
[2024-01-14T15:05:05.384+0000] {processor.py:154} INFO - Started process (PID=689) to work on /home/airflow/.local/lib/python3.7/site-packages/airflow/example_dags/example_bash_operator.py
[2024-01-14T15:05:05.385+0000] {processor.py:756} INFO - Processing file /home/airflow/.local/lib/python3.7/site-packages/airflow/example_dags/example_bash_operator.py for tasks to queue
[2024-01-14T15:05:05.385+0000] {logging_mixin.py:120} INFO - [2024-01-14T15:05:05.385+0000] {dagbag.py:537} INFO - Filling up the DagBag from /home/airflow/.local/lib/python3.7/site-packages/airflow/example_dags/example_bash_operator.py
[2024-01-14T15:05:05.401+0000] {processor.py:766} INFO - DAG(s) dict_keys(['example_bash_operator']) retrieved from /home/airflow/.local/lib/python3.7/site-packages/airflow/example_dags/example_bash_operator.py
[2024-01-14T15:05:05.432+0000] {logging_mixin.py:120} INFO - [2024-01-14T15:05:05.432+0000] {dag.py:2585} INFO - Sync 1 DAGs
[2024-01-14T15:05:05.449+0000] {logging_mixin.py:120} INFO - [2024-01-14T15:05:05.449+0000] {dag.py:3340} INFO - Setting next_dagrun for example_bash_operator to 2024-01-13T00:00:00+00:00, run_after=2024-01-14T00:00:00+00:00
[2024-01-14T15:05:05.461+0000] {processor.py:176} INFO - Processing /home/airflow/.local/lib/python3.7/site-packages/airflow/example_dags/example_bash_operator.py took 0.079 seconds
[2024-01-14T15:05:36.324+0000] {processor.py:154} INFO - Started process (PID=752) to work on /home/airflow/.local/lib/python3.7/site-packages/airflow/example_dags/example_bash_operator.py
[2024-01-14T15:05:36.325+0000] {processor.py:756} INFO - Processing file /home/airflow/.local/lib/python3.7/site-packages/airflow/example_dags/example_bash_operator.py for tasks to queue
[2024-01-14T15:05:36.326+0000] {logging_mixin.py:120} INFO - [2024-01-14T15:05:36.325+0000] {dagbag.py:537} INFO - Filling up the DagBag from /home/airflow/.local/lib/python3.7/site-packages/airflow/example_dags/example_bash_operator.py
[2024-01-14T15:05:36.341+0000] {processor.py:766} INFO - DAG(s) dict_keys(['example_bash_operator']) retrieved from /home/airflow/.local/lib/python3.7/site-packages/airflow/example_dags/example_bash_operator.py
[2024-01-14T15:05:36.372+0000] {logging_mixin.py:120} INFO - [2024-01-14T15:05:36.372+0000] {dag.py:2585} INFO - Sync 1 DAGs
[2024-01-14T15:05:36.389+0000] {logging_mixin.py:120} INFO - [2024-01-14T15:05:36.389+0000] {dag.py:3340} INFO - Setting next_dagrun for example_bash_operator to 2024-01-13T00:00:00+00:00, run_after=2024-01-14T00:00:00+00:00
[2024-01-14T15:05:36.401+0000] {processor.py:176} INFO - Processing /home/airflow/.local/lib/python3.7/site-packages/airflow/example_dags/example_bash_operator.py took 0.079 seconds
[2024-01-14T15:06:07.236+0000] {processor.py:154} INFO - Started process (PID=806) to work on /home/airflow/.local/lib/python3.7/site-packages/airflow/example_dags/example_bash_operator.py
[2024-01-14T15:06:07.236+0000] {processor.py:756} INFO - Processing file /home/airflow/.local/lib/python3.7/site-packages/airflow/example_dags/example_bash_operator.py for tasks to queue
[2024-01-14T15:06:07.237+0000] {logging_mixin.py:120} INFO - [2024-01-14T15:06:07.237+0000] {dagbag.py:537} INFO - Filling up the DagBag from /home/airflow/.local/lib/python3.7/site-packages/airflow/example_dags/example_bash_operator.py
[2024-01-14T15:06:07.251+0000] {processor.py:766} INFO - DAG(s) dict_keys(['example_bash_operator']) retrieved from /home/airflow/.local/lib/python3.7/site-packages/airflow/example_dags/example_bash_operator.py
[2024-01-14T15:06:07.281+0000] {logging_mixin.py:120} INFO - [2024-01-14T15:06:07.281+0000] {dag.py:2585} INFO - Sync 1 DAGs
[2024-01-14T15:06:07.296+0000] {logging_mixin.py:120} INFO - [2024-01-14T15:06:07.296+0000] {dag.py:3340} INFO - Setting next_dagrun for example_bash_operator to 2024-01-13T00:00:00+00:00, run_after=2024-01-14T00:00:00+00:00
[2024-01-14T15:06:07.307+0000] {processor.py:176} INFO - Processing /home/airflow/.local/lib/python3.7/site-packages/airflow/example_dags/example_bash_operator.py took 0.073 seconds
[2024-01-14T15:06:37.389+0000] {processor.py:154} INFO - Started process (PID=869) to work on /home/airflow/.local/lib/python3.7/site-packages/airflow/example_dags/example_bash_operator.py
[2024-01-14T15:06:37.390+0000] {processor.py:756} INFO - Processing file /home/airflow/.local/lib/python3.7/site-packages/airflow/example_dags/example_bash_operator.py for tasks to queue
[2024-01-14T15:06:37.391+0000] {logging_mixin.py:120} INFO - [2024-01-14T15:06:37.391+0000] {dagbag.py:537} INFO - Filling up the DagBag from /home/airflow/.local/lib/python3.7/site-packages/airflow/example_dags/example_bash_operator.py
[2024-01-14T15:06:37.406+0000] {processor.py:766} INFO - DAG(s) dict_keys(['example_bash_operator']) retrieved from /home/airflow/.local/lib/python3.7/site-packages/airflow/example_dags/example_bash_operator.py
[2024-01-14T15:06:37.436+0000] {logging_mixin.py:120} INFO - [2024-01-14T15:06:37.436+0000] {dag.py:2585} INFO - Sync 1 DAGs
[2024-01-14T15:06:37.454+0000] {logging_mixin.py:120} INFO - [2024-01-14T15:06:37.454+0000] {dag.py:3340} INFO - Setting next_dagrun for example_bash_operator to 2024-01-13T00:00:00+00:00, run_after=2024-01-14T00:00:00+00:00
[2024-01-14T15:06:37.466+0000] {processor.py:176} INFO - Processing /home/airflow/.local/lib/python3.7/site-packages/airflow/example_dags/example_bash_operator.py took 0.079 seconds
[2024-01-14T15:07:08.320+0000] {processor.py:154} INFO - Started process (PID=932) to work on /home/airflow/.local/lib/python3.7/site-packages/airflow/example_dags/example_bash_operator.py
[2024-01-14T15:07:08.321+0000] {processor.py:756} INFO - Processing file /home/airflow/.local/lib/python3.7/site-packages/airflow/example_dags/example_bash_operator.py for tasks to queue
[2024-01-14T15:07:08.322+0000] {logging_mixin.py:120} INFO - [2024-01-14T15:07:08.322+0000] {dagbag.py:537} INFO - Filling up the DagBag from /home/airflow/.local/lib/python3.7/site-packages/airflow/example_dags/example_bash_operator.py
[2024-01-14T15:07:08.336+0000] {processor.py:766} INFO - DAG(s) dict_keys(['example_bash_operator']) retrieved from /home/airflow/.local/lib/python3.7/site-packages/airflow/example_dags/example_bash_operator.py
[2024-01-14T15:07:08.364+0000] {logging_mixin.py:120} INFO - [2024-01-14T15:07:08.364+0000] {dag.py:2585} INFO - Sync 1 DAGs
[2024-01-14T15:07:08.381+0000] {logging_mixin.py:120} INFO - [2024-01-14T15:07:08.381+0000] {dag.py:3340} INFO - Setting next_dagrun for example_bash_operator to 2024-01-13T00:00:00+00:00, run_after=2024-01-14T00:00:00+00:00
[2024-01-14T15:07:08.392+0000] {processor.py:176} INFO - Processing /home/airflow/.local/lib/python3.7/site-packages/airflow/example_dags/example_bash_operator.py took 0.074 seconds
[2024-01-14T15:07:39.360+0000] {processor.py:154} INFO - Started process (PID=994) to work on /home/airflow/.local/lib/python3.7/site-packages/airflow/example_dags/example_bash_operator.py
[2024-01-14T15:07:39.361+0000] {processor.py:756} INFO - Processing file /home/airflow/.local/lib/python3.7/site-packages/airflow/example_dags/example_bash_operator.py for tasks to queue
[2024-01-14T15:07:39.361+0000] {logging_mixin.py:120} INFO - [2024-01-14T15:07:39.361+0000] {dagbag.py:537} INFO - Filling up the DagBag from /home/airflow/.local/lib/python3.7/site-packages/airflow/example_dags/example_bash_operator.py
[2024-01-14T15:07:39.377+0000] {processor.py:766} INFO - DAG(s) dict_keys(['example_bash_operator']) retrieved from /home/airflow/.local/lib/python3.7/site-packages/airflow/example_dags/example_bash_operator.py
[2024-01-14T15:07:39.408+0000] {logging_mixin.py:120} INFO - [2024-01-14T15:07:39.408+0000] {dag.py:2585} INFO - Sync 1 DAGs
[2024-01-14T15:07:39.424+0000] {logging_mixin.py:120} INFO - [2024-01-14T15:07:39.424+0000] {dag.py:3340} INFO - Setting next_dagrun for example_bash_operator to 2024-01-13T00:00:00+00:00, run_after=2024-01-14T00:00:00+00:00
[2024-01-14T15:07:39.435+0000] {processor.py:176} INFO - Processing /home/airflow/.local/lib/python3.7/site-packages/airflow/example_dags/example_bash_operator.py took 0.078 seconds
[2024-01-14T15:08:09.573+0000] {processor.py:154} INFO - Started process (PID=1057) to work on /home/airflow/.local/lib/python3.7/site-packages/airflow/example_dags/example_bash_operator.py
[2024-01-14T15:08:09.573+0000] {processor.py:756} INFO - Processing file /home/airflow/.local/lib/python3.7/site-packages/airflow/example_dags/example_bash_operator.py for tasks to queue
[2024-01-14T15:08:09.574+0000] {logging_mixin.py:120} INFO - [2024-01-14T15:08:09.574+0000] {dagbag.py:537} INFO - Filling up the DagBag from /home/airflow/.local/lib/python3.7/site-packages/airflow/example_dags/example_bash_operator.py
[2024-01-14T15:08:09.589+0000] {processor.py:766} INFO - DAG(s) dict_keys(['example_bash_operator']) retrieved from /home/airflow/.local/lib/python3.7/site-packages/airflow/example_dags/example_bash_operator.py
[2024-01-14T15:08:09.619+0000] {logging_mixin.py:120} INFO - [2024-01-14T15:08:09.619+0000] {dag.py:2585} INFO - Sync 1 DAGs
[2024-01-14T15:08:09.635+0000] {logging_mixin.py:120} INFO - [2024-01-14T15:08:09.635+0000] {dag.py:3340} INFO - Setting next_dagrun for example_bash_operator to 2024-01-13T00:00:00+00:00, run_after=2024-01-14T00:00:00+00:00
[2024-01-14T15:08:09.647+0000] {processor.py:176} INFO - Processing /home/airflow/.local/lib/python3.7/site-packages/airflow/example_dags/example_bash_operator.py took 0.076 seconds
[2024-01-14T15:08:40.487+0000] {processor.py:154} INFO - Started process (PID=1120) to work on /home/airflow/.local/lib/python3.7/site-packages/airflow/example_dags/example_bash_operator.py
[2024-01-14T15:08:40.488+0000] {processor.py:756} INFO - Processing file /home/airflow/.local/lib/python3.7/site-packages/airflow/example_dags/example_bash_operator.py for tasks to queue
[2024-01-14T15:08:40.489+0000] {logging_mixin.py:120} INFO - [2024-01-14T15:08:40.489+0000] {dagbag.py:537} INFO - Filling up the DagBag from /home/airflow/.local/lib/python3.7/site-packages/airflow/example_dags/example_bash_operator.py
[2024-01-14T15:08:40.504+0000] {processor.py:766} INFO - DAG(s) dict_keys(['example_bash_operator']) retrieved from /home/airflow/.local/lib/python3.7/site-packages/airflow/example_dags/example_bash_operator.py
[2024-01-14T15:08:40.533+0000] {logging_mixin.py:120} INFO - [2024-01-14T15:08:40.533+0000] {dag.py:2585} INFO - Sync 1 DAGs
[2024-01-14T15:08:40.550+0000] {logging_mixin.py:120} INFO - [2024-01-14T15:08:40.550+0000] {dag.py:3340} INFO - Setting next_dagrun for example_bash_operator to 2024-01-13T00:00:00+00:00, run_after=2024-01-14T00:00:00+00:00
[2024-01-14T15:08:40.561+0000] {processor.py:176} INFO - Processing /home/airflow/.local/lib/python3.7/site-packages/airflow/example_dags/example_bash_operator.py took 0.076 seconds
[2024-01-14T15:09:11.481+0000] {processor.py:154} INFO - Started process (PID=1174) to work on /home/airflow/.local/lib/python3.7/site-packages/airflow/example_dags/example_bash_operator.py
[2024-01-14T15:09:11.482+0000] {processor.py:756} INFO - Processing file /home/airflow/.local/lib/python3.7/site-packages/airflow/example_dags/example_bash_operator.py for tasks to queue
[2024-01-14T15:09:11.483+0000] {logging_mixin.py:120} INFO - [2024-01-14T15:09:11.483+0000] {dagbag.py:537} INFO - Filling up the DagBag from /home/airflow/.local/lib/python3.7/site-packages/airflow/example_dags/example_bash_operator.py
[2024-01-14T15:09:11.498+0000] {processor.py:766} INFO - DAG(s) dict_keys(['example_bash_operator']) retrieved from /home/airflow/.local/lib/python3.7/site-packages/airflow/example_dags/example_bash_operator.py
[2024-01-14T15:09:11.527+0000] {logging_mixin.py:120} INFO - [2024-01-14T15:09:11.527+0000] {dag.py:2585} INFO - Sync 1 DAGs
[2024-01-14T15:09:11.544+0000] {logging_mixin.py:120} INFO - [2024-01-14T15:09:11.544+0000] {dag.py:3340} INFO - Setting next_dagrun for example_bash_operator to 2024-01-13T00:00:00+00:00, run_after=2024-01-14T00:00:00+00:00
[2024-01-14T15:09:11.555+0000] {processor.py:176} INFO - Processing /home/airflow/.local/lib/python3.7/site-packages/airflow/example_dags/example_bash_operator.py took 0.077 seconds
[2024-01-14T15:09:42.464+0000] {processor.py:154} INFO - Started process (PID=1237) to work on /home/airflow/.local/lib/python3.7/site-packages/airflow/example_dags/example_bash_operator.py
[2024-01-14T15:09:42.465+0000] {processor.py:756} INFO - Processing file /home/airflow/.local/lib/python3.7/site-packages/airflow/example_dags/example_bash_operator.py for tasks to queue
[2024-01-14T15:09:42.465+0000] {logging_mixin.py:120} INFO - [2024-01-14T15:09:42.465+0000] {dagbag.py:537} INFO - Filling up the DagBag from /home/airflow/.local/lib/python3.7/site-packages/airflow/example_dags/example_bash_operator.py
[2024-01-14T15:09:42.480+0000] {processor.py:766} INFO - DAG(s) dict_keys(['example_bash_operator']) retrieved from /home/airflow/.local/lib/python3.7/site-packages/airflow/example_dags/example_bash_operator.py
[2024-01-14T15:09:42.510+0000] {logging_mixin.py:120} INFO - [2024-01-14T15:09:42.510+0000] {dag.py:2585} INFO - Sync 1 DAGs
[2024-01-14T15:09:42.526+0000] {logging_mixin.py:120} INFO - [2024-01-14T15:09:42.526+0000] {dag.py:3340} INFO - Setting next_dagrun for example_bash_operator to 2024-01-13T00:00:00+00:00, run_after=2024-01-14T00:00:00+00:00
[2024-01-14T15:09:42.536+0000] {processor.py:176} INFO - Processing /home/airflow/.local/lib/python3.7/site-packages/airflow/example_dags/example_bash_operator.py took 0.075 seconds
[2024-01-14T15:10:13.424+0000] {processor.py:154} INFO - Started process (PID=1300) to work on /home/airflow/.local/lib/python3.7/site-packages/airflow/example_dags/example_bash_operator.py
[2024-01-14T15:10:13.425+0000] {processor.py:756} INFO - Processing file /home/airflow/.local/lib/python3.7/site-packages/airflow/example_dags/example_bash_operator.py for tasks to queue
[2024-01-14T15:10:13.426+0000] {logging_mixin.py:120} INFO - [2024-01-14T15:10:13.426+0000] {dagbag.py:537} INFO - Filling up the DagBag from /home/airflow/.local/lib/python3.7/site-packages/airflow/example_dags/example_bash_operator.py
[2024-01-14T15:10:13.439+0000] {processor.py:766} INFO - DAG(s) dict_keys(['example_bash_operator']) retrieved from /home/airflow/.local/lib/python3.7/site-packages/airflow/example_dags/example_bash_operator.py
[2024-01-14T15:10:13.470+0000] {logging_mixin.py:120} INFO - [2024-01-14T15:10:13.470+0000] {dag.py:2585} INFO - Sync 1 DAGs
[2024-01-14T15:10:13.486+0000] {logging_mixin.py:120} INFO - [2024-01-14T15:10:13.486+0000] {dag.py:3340} INFO - Setting next_dagrun for example_bash_operator to 2024-01-13T00:00:00+00:00, run_after=2024-01-14T00:00:00+00:00
[2024-01-14T15:10:13.498+0000] {processor.py:176} INFO - Processing /home/airflow/.local/lib/python3.7/site-packages/airflow/example_dags/example_bash_operator.py took 0.077 seconds
[2024-01-14T15:10:44.282+0000] {processor.py:154} INFO - Started process (PID=1363) to work on /home/airflow/.local/lib/python3.7/site-packages/airflow/example_dags/example_bash_operator.py
[2024-01-14T15:10:44.283+0000] {processor.py:756} INFO - Processing file /home/airflow/.local/lib/python3.7/site-packages/airflow/example_dags/example_bash_operator.py for tasks to queue
[2024-01-14T15:10:44.284+0000] {logging_mixin.py:120} INFO - [2024-01-14T15:10:44.284+0000] {dagbag.py:537} INFO - Filling up the DagBag from /home/airflow/.local/lib/python3.7/site-packages/airflow/example_dags/example_bash_operator.py
[2024-01-14T15:10:44.299+0000] {processor.py:766} INFO - DAG(s) dict_keys(['example_bash_operator']) retrieved from /home/airflow/.local/lib/python3.7/site-packages/airflow/example_dags/example_bash_operator.py
[2024-01-14T15:10:44.329+0000] {logging_mixin.py:120} INFO - [2024-01-14T15:10:44.329+0000] {dag.py:2585} INFO - Sync 1 DAGs
[2024-01-14T15:10:44.347+0000] {logging_mixin.py:120} INFO - [2024-01-14T15:10:44.347+0000] {dag.py:3340} INFO - Setting next_dagrun for example_bash_operator to 2024-01-13T00:00:00+00:00, run_after=2024-01-14T00:00:00+00:00
[2024-01-14T15:10:44.359+0000] {processor.py:176} INFO - Processing /home/airflow/.local/lib/python3.7/site-packages/airflow/example_dags/example_bash_operator.py took 0.080 seconds
[2024-01-14T15:11:45.310+0000] {processor.py:154} INFO - Started process (PID=1489) to work on /home/airflow/.local/lib/python3.7/site-packages/airflow/example_dags/example_bash_operator.py
[2024-01-14T15:11:45.311+0000] {processor.py:756} INFO - Processing file /home/airflow/.local/lib/python3.7/site-packages/airflow/example_dags/example_bash_operator.py for tasks to queue
[2024-01-14T15:11:45.312+0000] {logging_mixin.py:120} INFO - [2024-01-14T15:11:45.312+0000] {dagbag.py:537} INFO - Filling up the DagBag from /home/airflow/.local/lib/python3.7/site-packages/airflow/example_dags/example_bash_operator.py
[2024-01-14T15:11:45.328+0000] {processor.py:766} INFO - DAG(s) dict_keys(['example_bash_operator']) retrieved from /home/airflow/.local/lib/python3.7/site-packages/airflow/example_dags/example_bash_operator.py
[2024-01-14T15:11:45.359+0000] {logging_mixin.py:120} INFO - [2024-01-14T15:11:45.359+0000] {dag.py:2585} INFO - Sync 1 DAGs
[2024-01-14T15:11:45.375+0000] {logging_mixin.py:120} INFO - [2024-01-14T15:11:45.375+0000] {dag.py:3340} INFO - Setting next_dagrun for example_bash_operator to 2024-01-13T00:00:00+00:00, run_after=2024-01-14T00:00:00+00:00
[2024-01-14T15:11:45.385+0000] {processor.py:176} INFO - Processing /home/airflow/.local/lib/python3.7/site-packages/airflow/example_dags/example_bash_operator.py took 0.078 seconds
[2024-01-14T15:12:16.373+0000] {processor.py:154} INFO - Started process (PID=1552) to work on /home/airflow/.local/lib/python3.7/site-packages/airflow/example_dags/example_bash_operator.py
[2024-01-14T15:12:16.374+0000] {processor.py:756} INFO - Processing file /home/airflow/.local/lib/python3.7/site-packages/airflow/example_dags/example_bash_operator.py for tasks to queue
[2024-01-14T15:12:16.374+0000] {logging_mixin.py:120} INFO - [2024-01-14T15:12:16.374+0000] {dagbag.py:537} INFO - Filling up the DagBag from /home/airflow/.local/lib/python3.7/site-packages/airflow/example_dags/example_bash_operator.py
[2024-01-14T15:12:16.389+0000] {processor.py:766} INFO - DAG(s) dict_keys(['example_bash_operator']) retrieved from /home/airflow/.local/lib/python3.7/site-packages/airflow/example_dags/example_bash_operator.py
[2024-01-14T15:12:16.427+0000] {logging_mixin.py:120} INFO - [2024-01-14T15:12:16.427+0000] {dag.py:2585} INFO - Sync 1 DAGs
[2024-01-14T15:12:16.443+0000] {logging_mixin.py:120} INFO - [2024-01-14T15:12:16.443+0000] {dag.py:3340} INFO - Setting next_dagrun for example_bash_operator to 2024-01-13T00:00:00+00:00, run_after=2024-01-14T00:00:00+00:00
[2024-01-14T15:12:16.455+0000] {processor.py:176} INFO - Processing /home/airflow/.local/lib/python3.7/site-packages/airflow/example_dags/example_bash_operator.py took 0.086 seconds
[2024-01-14T15:12:47.305+0000] {processor.py:154} INFO - Started process (PID=1606) to work on /home/airflow/.local/lib/python3.7/site-packages/airflow/example_dags/example_bash_operator.py
[2024-01-14T15:12:47.306+0000] {processor.py:756} INFO - Processing file /home/airflow/.local/lib/python3.7/site-packages/airflow/example_dags/example_bash_operator.py for tasks to queue
[2024-01-14T15:12:47.307+0000] {logging_mixin.py:120} INFO - [2024-01-14T15:12:47.307+0000] {dagbag.py:537} INFO - Filling up the DagBag from /home/airflow/.local/lib/python3.7/site-packages/airflow/example_dags/example_bash_operator.py
[2024-01-14T15:12:47.323+0000] {processor.py:766} INFO - DAG(s) dict_keys(['example_bash_operator']) retrieved from /home/airflow/.local/lib/python3.7/site-packages/airflow/example_dags/example_bash_operator.py
[2024-01-14T15:12:47.355+0000] {logging_mixin.py:120} INFO - [2024-01-14T15:12:47.354+0000] {dag.py:2585} INFO - Sync 1 DAGs
[2024-01-14T15:12:47.379+0000] {logging_mixin.py:120} INFO - [2024-01-14T15:12:47.379+0000] {dag.py:3340} INFO - Setting next_dagrun for example_bash_operator to 2024-01-13T00:00:00+00:00, run_after=2024-01-14T00:00:00+00:00
[2024-01-14T15:12:47.390+0000] {processor.py:176} INFO - Processing /home/airflow/.local/lib/python3.7/site-packages/airflow/example_dags/example_bash_operator.py took 0.088 seconds
[2024-01-14T15:13:18.288+0000] {processor.py:154} INFO - Started process (PID=1669) to work on /home/airflow/.local/lib/python3.7/site-packages/airflow/example_dags/example_bash_operator.py
[2024-01-14T15:13:18.289+0000] {processor.py:756} INFO - Processing file /home/airflow/.local/lib/python3.7/site-packages/airflow/example_dags/example_bash_operator.py for tasks to queue
[2024-01-14T15:13:18.290+0000] {logging_mixin.py:120} INFO - [2024-01-14T15:13:18.290+0000] {dagbag.py:537} INFO - Filling up the DagBag from /home/airflow/.local/lib/python3.7/site-packages/airflow/example_dags/example_bash_operator.py
[2024-01-14T15:13:18.304+0000] {processor.py:766} INFO - DAG(s) dict_keys(['example_bash_operator']) retrieved from /home/airflow/.local/lib/python3.7/site-packages/airflow/example_dags/example_bash_operator.py
[2024-01-14T15:13:18.334+0000] {logging_mixin.py:120} INFO - [2024-01-14T15:13:18.334+0000] {dag.py:2585} INFO - Sync 1 DAGs
[2024-01-14T15:13:18.350+0000] {logging_mixin.py:120} INFO - [2024-01-14T15:13:18.350+0000] {dag.py:3340} INFO - Setting next_dagrun for example_bash_operator to 2024-01-13T00:00:00+00:00, run_after=2024-01-14T00:00:00+00:00
[2024-01-14T15:13:18.360+0000] {processor.py:176} INFO - Processing /home/airflow/.local/lib/python3.7/site-packages/airflow/example_dags/example_bash_operator.py took 0.074 seconds
[2024-01-14T15:13:49.149+0000] {processor.py:154} INFO - Started process (PID=1732) to work on /home/airflow/.local/lib/python3.7/site-packages/airflow/example_dags/example_bash_operator.py
[2024-01-14T15:13:49.150+0000] {processor.py:756} INFO - Processing file /home/airflow/.local/lib/python3.7/site-packages/airflow/example_dags/example_bash_operator.py for tasks to queue
[2024-01-14T15:13:49.151+0000] {logging_mixin.py:120} INFO - [2024-01-14T15:13:49.150+0000] {dagbag.py:537} INFO - Filling up the DagBag from /home/airflow/.local/lib/python3.7/site-packages/airflow/example_dags/example_bash_operator.py
[2024-01-14T15:13:49.165+0000] {processor.py:766} INFO - DAG(s) dict_keys(['example_bash_operator']) retrieved from /home/airflow/.local/lib/python3.7/site-packages/airflow/example_dags/example_bash_operator.py
[2024-01-14T15:13:49.196+0000] {logging_mixin.py:120} INFO - [2024-01-14T15:13:49.196+0000] {dag.py:2585} INFO - Sync 1 DAGs
[2024-01-14T15:13:49.212+0000] {logging_mixin.py:120} INFO - [2024-01-14T15:13:49.212+0000] {dag.py:3340} INFO - Setting next_dagrun for example_bash_operator to 2024-01-13T00:00:00+00:00, run_after=2024-01-14T00:00:00+00:00
[2024-01-14T15:13:49.223+0000] {processor.py:176} INFO - Processing /home/airflow/.local/lib/python3.7/site-packages/airflow/example_dags/example_bash_operator.py took 0.076 seconds
[2024-01-14T15:14:20.134+0000] {processor.py:154} INFO - Started process (PID=1795) to work on /home/airflow/.local/lib/python3.7/site-packages/airflow/example_dags/example_bash_operator.py
[2024-01-14T15:14:20.135+0000] {processor.py:756} INFO - Processing file /home/airflow/.local/lib/python3.7/site-packages/airflow/example_dags/example_bash_operator.py for tasks to queue
[2024-01-14T15:14:20.135+0000] {logging_mixin.py:120} INFO - [2024-01-14T15:14:20.135+0000] {dagbag.py:537} INFO - Filling up the DagBag from /home/airflow/.local/lib/python3.7/site-packages/airflow/example_dags/example_bash_operator.py
[2024-01-14T15:14:20.150+0000] {processor.py:766} INFO - DAG(s) dict_keys(['example_bash_operator']) retrieved from /home/airflow/.local/lib/python3.7/site-packages/airflow/example_dags/example_bash_operator.py
[2024-01-14T15:14:20.181+0000] {logging_mixin.py:120} INFO - [2024-01-14T15:14:20.181+0000] {dag.py:2585} INFO - Sync 1 DAGs
[2024-01-14T15:14:20.196+0000] {logging_mixin.py:120} INFO - [2024-01-14T15:14:20.196+0000] {dag.py:3340} INFO - Setting next_dagrun for example_bash_operator to 2024-01-13T00:00:00+00:00, run_after=2024-01-14T00:00:00+00:00
[2024-01-14T15:14:20.207+0000] {processor.py:176} INFO - Processing /home/airflow/.local/lib/python3.7/site-packages/airflow/example_dags/example_bash_operator.py took 0.075 seconds
[2024-01-14T15:14:51.079+0000] {processor.py:154} INFO - Started process (PID=1858) to work on /home/airflow/.local/lib/python3.7/site-packages/airflow/example_dags/example_bash_operator.py
[2024-01-14T15:14:51.080+0000] {processor.py:756} INFO - Processing file /home/airflow/.local/lib/python3.7/site-packages/airflow/example_dags/example_bash_operator.py for tasks to queue
[2024-01-14T15:14:51.080+0000] {logging_mixin.py:120} INFO - [2024-01-14T15:14:51.080+0000] {dagbag.py:537} INFO - Filling up the DagBag from /home/airflow/.local/lib/python3.7/site-packages/airflow/example_dags/example_bash_operator.py
[2024-01-14T15:14:51.095+0000] {processor.py:766} INFO - DAG(s) dict_keys(['example_bash_operator']) retrieved from /home/airflow/.local/lib/python3.7/site-packages/airflow/example_dags/example_bash_operator.py
[2024-01-14T15:14:51.123+0000] {logging_mixin.py:120} INFO - [2024-01-14T15:14:51.123+0000] {dag.py:2585} INFO - Sync 1 DAGs
[2024-01-14T15:14:51.140+0000] {logging_mixin.py:120} INFO - [2024-01-14T15:14:51.140+0000] {dag.py:3340} INFO - Setting next_dagrun for example_bash_operator to 2024-01-13T00:00:00+00:00, run_after=2024-01-14T00:00:00+00:00
[2024-01-14T15:14:51.151+0000] {processor.py:176} INFO - Processing /home/airflow/.local/lib/python3.7/site-packages/airflow/example_dags/example_bash_operator.py took 0.074 seconds
[2024-01-14T15:15:22.074+0000] {processor.py:154} INFO - Started process (PID=1921) to work on /home/airflow/.local/lib/python3.7/site-packages/airflow/example_dags/example_bash_operator.py
[2024-01-14T15:15:22.074+0000] {processor.py:756} INFO - Processing file /home/airflow/.local/lib/python3.7/site-packages/airflow/example_dags/example_bash_operator.py for tasks to queue
[2024-01-14T15:15:22.075+0000] {logging_mixin.py:120} INFO - [2024-01-14T15:15:22.075+0000] {dagbag.py:537} INFO - Filling up the DagBag from /home/airflow/.local/lib/python3.7/site-packages/airflow/example_dags/example_bash_operator.py
[2024-01-14T15:15:22.089+0000] {processor.py:766} INFO - DAG(s) dict_keys(['example_bash_operator']) retrieved from /home/airflow/.local/lib/python3.7/site-packages/airflow/example_dags/example_bash_operator.py
[2024-01-14T15:15:22.121+0000] {logging_mixin.py:120} INFO - [2024-01-14T15:15:22.121+0000] {dag.py:2585} INFO - Sync 1 DAGs
[2024-01-14T15:15:22.137+0000] {logging_mixin.py:120} INFO - [2024-01-14T15:15:22.137+0000] {dag.py:3340} INFO - Setting next_dagrun for example_bash_operator to 2024-01-13T00:00:00+00:00, run_after=2024-01-14T00:00:00+00:00
[2024-01-14T15:15:22.147+0000] {processor.py:176} INFO - Processing /home/airflow/.local/lib/python3.7/site-packages/airflow/example_dags/example_bash_operator.py took 0.076 seconds
[2024-01-14T15:15:52.195+0000] {processor.py:154} INFO - Started process (PID=1975) to work on /home/airflow/.local/lib/python3.7/site-packages/airflow/example_dags/example_bash_operator.py
[2024-01-14T15:15:52.196+0000] {processor.py:756} INFO - Processing file /home/airflow/.local/lib/python3.7/site-packages/airflow/example_dags/example_bash_operator.py for tasks to queue
[2024-01-14T15:15:52.196+0000] {logging_mixin.py:120} INFO - [2024-01-14T15:15:52.196+0000] {dagbag.py:537} INFO - Filling up the DagBag from /home/airflow/.local/lib/python3.7/site-packages/airflow/example_dags/example_bash_operator.py
[2024-01-14T15:15:52.211+0000] {processor.py:766} INFO - DAG(s) dict_keys(['example_bash_operator']) retrieved from /home/airflow/.local/lib/python3.7/site-packages/airflow/example_dags/example_bash_operator.py
[2024-01-14T15:15:52.243+0000] {logging_mixin.py:120} INFO - [2024-01-14T15:15:52.242+0000] {dag.py:2585} INFO - Sync 1 DAGs
[2024-01-14T15:15:52.258+0000] {logging_mixin.py:120} INFO - [2024-01-14T15:15:52.258+0000] {dag.py:3340} INFO - Setting next_dagrun for example_bash_operator to 2024-01-13T00:00:00+00:00, run_after=2024-01-14T00:00:00+00:00
[2024-01-14T15:15:52.269+0000] {processor.py:176} INFO - Processing /home/airflow/.local/lib/python3.7/site-packages/airflow/example_dags/example_bash_operator.py took 0.077 seconds
[2024-01-14T15:16:23.247+0000] {processor.py:154} INFO - Started process (PID=2038) to work on /home/airflow/.local/lib/python3.7/site-packages/airflow/example_dags/example_bash_operator.py
[2024-01-14T15:16:23.248+0000] {processor.py:756} INFO - Processing file /home/airflow/.local/lib/python3.7/site-packages/airflow/example_dags/example_bash_operator.py for tasks to queue
[2024-01-14T15:16:23.249+0000] {logging_mixin.py:120} INFO - [2024-01-14T15:16:23.248+0000] {dagbag.py:537} INFO - Filling up the DagBag from /home/airflow/.local/lib/python3.7/site-packages/airflow/example_dags/example_bash_operator.py
[2024-01-14T15:16:23.264+0000] {processor.py:766} INFO - DAG(s) dict_keys(['example_bash_operator']) retrieved from /home/airflow/.local/lib/python3.7/site-packages/airflow/example_dags/example_bash_operator.py
[2024-01-14T15:16:23.293+0000] {logging_mixin.py:120} INFO - [2024-01-14T15:16:23.293+0000] {dag.py:2585} INFO - Sync 1 DAGs
[2024-01-14T15:16:23.309+0000] {logging_mixin.py:120} INFO - [2024-01-14T15:16:23.309+0000] {dag.py:3340} INFO - Setting next_dagrun for example_bash_operator to 2024-01-13T00:00:00+00:00, run_after=2024-01-14T00:00:00+00:00
[2024-01-14T15:16:23.321+0000] {processor.py:176} INFO - Processing /home/airflow/.local/lib/python3.7/site-packages/airflow/example_dags/example_bash_operator.py took 0.076 seconds
[2024-01-14T15:16:54.308+0000] {processor.py:154} INFO - Started process (PID=2101) to work on /home/airflow/.local/lib/python3.7/site-packages/airflow/example_dags/example_bash_operator.py
[2024-01-14T15:16:54.309+0000] {processor.py:756} INFO - Processing file /home/airflow/.local/lib/python3.7/site-packages/airflow/example_dags/example_bash_operator.py for tasks to queue
[2024-01-14T15:16:54.310+0000] {logging_mixin.py:120} INFO - [2024-01-14T15:16:54.310+0000] {dagbag.py:537} INFO - Filling up the DagBag from /home/airflow/.local/lib/python3.7/site-packages/airflow/example_dags/example_bash_operator.py
[2024-01-14T15:16:54.325+0000] {processor.py:766} INFO - DAG(s) dict_keys(['example_bash_operator']) retrieved from /home/airflow/.local/lib/python3.7/site-packages/airflow/example_dags/example_bash_operator.py
[2024-01-14T15:16:54.355+0000] {logging_mixin.py:120} INFO - [2024-01-14T15:16:54.355+0000] {dag.py:2585} INFO - Sync 1 DAGs
[2024-01-14T15:16:54.371+0000] {logging_mixin.py:120} INFO - [2024-01-14T15:16:54.371+0000] {dag.py:3340} INFO - Setting next_dagrun for example_bash_operator to 2024-01-13T00:00:00+00:00, run_after=2024-01-14T00:00:00+00:00
[2024-01-14T15:16:54.382+0000] {processor.py:176} INFO - Processing /home/airflow/.local/lib/python3.7/site-packages/airflow/example_dags/example_bash_operator.py took 0.076 seconds
[2024-01-14T15:17:25.533+0000] {processor.py:154} INFO - Started process (PID=2164) to work on /home/airflow/.local/lib/python3.7/site-packages/airflow/example_dags/example_bash_operator.py
[2024-01-14T15:17:25.534+0000] {processor.py:756} INFO - Processing file /home/airflow/.local/lib/python3.7/site-packages/airflow/example_dags/example_bash_operator.py for tasks to queue
[2024-01-14T15:17:25.534+0000] {logging_mixin.py:120} INFO - [2024-01-14T15:17:25.534+0000] {dagbag.py:537} INFO - Filling up the DagBag from /home/airflow/.local/lib/python3.7/site-packages/airflow/example_dags/example_bash_operator.py
[2024-01-14T15:17:25.549+0000] {processor.py:766} INFO - DAG(s) dict_keys(['example_bash_operator']) retrieved from /home/airflow/.local/lib/python3.7/site-packages/airflow/example_dags/example_bash_operator.py
[2024-01-14T15:17:25.579+0000] {logging_mixin.py:120} INFO - [2024-01-14T15:17:25.579+0000] {dag.py:2585} INFO - Sync 1 DAGs
[2024-01-14T15:17:25.596+0000] {logging_mixin.py:120} INFO - [2024-01-14T15:17:25.596+0000] {dag.py:3340} INFO - Setting next_dagrun for example_bash_operator to 2024-01-13T00:00:00+00:00, run_after=2024-01-14T00:00:00+00:00
[2024-01-14T15:17:25.607+0000] {processor.py:176} INFO - Processing /home/airflow/.local/lib/python3.7/site-packages/airflow/example_dags/example_bash_operator.py took 0.076 seconds
[2024-01-14T15:17:55.672+0000] {processor.py:154} INFO - Started process (PID=2227) to work on /home/airflow/.local/lib/python3.7/site-packages/airflow/example_dags/example_bash_operator.py
[2024-01-14T15:17:55.672+0000] {processor.py:756} INFO - Processing file /home/airflow/.local/lib/python3.7/site-packages/airflow/example_dags/example_bash_operator.py for tasks to queue
[2024-01-14T15:17:55.673+0000] {logging_mixin.py:120} INFO - [2024-01-14T15:17:55.673+0000] {dagbag.py:537} INFO - Filling up the DagBag from /home/airflow/.local/lib/python3.7/site-packages/airflow/example_dags/example_bash_operator.py
[2024-01-14T15:17:55.688+0000] {processor.py:766} INFO - DAG(s) dict_keys(['example_bash_operator']) retrieved from /home/airflow/.local/lib/python3.7/site-packages/airflow/example_dags/example_bash_operator.py
[2024-01-14T15:17:55.718+0000] {logging_mixin.py:120} INFO - [2024-01-14T15:17:55.718+0000] {dag.py:2585} INFO - Sync 1 DAGs
[2024-01-14T15:17:55.735+0000] {logging_mixin.py:120} INFO - [2024-01-14T15:17:55.735+0000] {dag.py:3340} INFO - Setting next_dagrun for example_bash_operator to 2024-01-13T00:00:00+00:00, run_after=2024-01-14T00:00:00+00:00
[2024-01-14T15:17:55.746+0000] {processor.py:176} INFO - Processing /home/airflow/.local/lib/python3.7/site-packages/airflow/example_dags/example_bash_operator.py took 0.077 seconds
[2024-01-14T15:18:26.703+0000] {processor.py:154} INFO - Started process (PID=2290) to work on /home/airflow/.local/lib/python3.7/site-packages/airflow/example_dags/example_bash_operator.py
[2024-01-14T15:18:26.704+0000] {processor.py:756} INFO - Processing file /home/airflow/.local/lib/python3.7/site-packages/airflow/example_dags/example_bash_operator.py for tasks to queue
[2024-01-14T15:18:26.705+0000] {logging_mixin.py:120} INFO - [2024-01-14T15:18:26.705+0000] {dagbag.py:537} INFO - Filling up the DagBag from /home/airflow/.local/lib/python3.7/site-packages/airflow/example_dags/example_bash_operator.py
[2024-01-14T15:18:26.719+0000] {processor.py:766} INFO - DAG(s) dict_keys(['example_bash_operator']) retrieved from /home/airflow/.local/lib/python3.7/site-packages/airflow/example_dags/example_bash_operator.py
[2024-01-14T15:18:26.748+0000] {logging_mixin.py:120} INFO - [2024-01-14T15:18:26.748+0000] {dag.py:2585} INFO - Sync 1 DAGs
[2024-01-14T15:18:26.764+0000] {logging_mixin.py:120} INFO - [2024-01-14T15:18:26.764+0000] {dag.py:3340} INFO - Setting next_dagrun for example_bash_operator to 2024-01-13T00:00:00+00:00, run_after=2024-01-14T00:00:00+00:00
[2024-01-14T15:18:26.777+0000] {processor.py:176} INFO - Processing /home/airflow/.local/lib/python3.7/site-packages/airflow/example_dags/example_bash_operator.py took 0.076 seconds
[2024-01-14T15:18:57.614+0000] {processor.py:154} INFO - Started process (PID=2353) to work on /home/airflow/.local/lib/python3.7/site-packages/airflow/example_dags/example_bash_operator.py
[2024-01-14T15:18:57.615+0000] {processor.py:756} INFO - Processing file /home/airflow/.local/lib/python3.7/site-packages/airflow/example_dags/example_bash_operator.py for tasks to queue
[2024-01-14T15:18:57.616+0000] {logging_mixin.py:120} INFO - [2024-01-14T15:18:57.616+0000] {dagbag.py:537} INFO - Filling up the DagBag from /home/airflow/.local/lib/python3.7/site-packages/airflow/example_dags/example_bash_operator.py
[2024-01-14T15:18:57.631+0000] {processor.py:766} INFO - DAG(s) dict_keys(['example_bash_operator']) retrieved from /home/airflow/.local/lib/python3.7/site-packages/airflow/example_dags/example_bash_operator.py
[2024-01-14T15:18:57.660+0000] {logging_mixin.py:120} INFO - [2024-01-14T15:18:57.660+0000] {dag.py:2585} INFO - Sync 1 DAGs
[2024-01-14T15:18:57.676+0000] {logging_mixin.py:120} INFO - [2024-01-14T15:18:57.676+0000] {dag.py:3340} INFO - Setting next_dagrun for example_bash_operator to 2024-01-13T00:00:00+00:00, run_after=2024-01-14T00:00:00+00:00
[2024-01-14T15:18:57.687+0000] {processor.py:176} INFO - Processing /home/airflow/.local/lib/python3.7/site-packages/airflow/example_dags/example_bash_operator.py took 0.075 seconds
[2024-01-14T15:19:28.831+0000] {processor.py:154} INFO - Started process (PID=2407) to work on /home/airflow/.local/lib/python3.7/site-packages/airflow/example_dags/example_bash_operator.py
[2024-01-14T15:19:28.832+0000] {processor.py:756} INFO - Processing file /home/airflow/.local/lib/python3.7/site-packages/airflow/example_dags/example_bash_operator.py for tasks to queue
[2024-01-14T15:19:28.832+0000] {logging_mixin.py:120} INFO - [2024-01-14T15:19:28.832+0000] {dagbag.py:537} INFO - Filling up the DagBag from /home/airflow/.local/lib/python3.7/site-packages/airflow/example_dags/example_bash_operator.py
[2024-01-14T15:19:28.849+0000] {processor.py:766} INFO - DAG(s) dict_keys(['example_bash_operator']) retrieved from /home/airflow/.local/lib/python3.7/site-packages/airflow/example_dags/example_bash_operator.py
[2024-01-14T15:19:28.881+0000] {logging_mixin.py:120} INFO - [2024-01-14T15:19:28.881+0000] {dag.py:2585} INFO - Sync 1 DAGs
[2024-01-14T15:19:28.899+0000] {logging_mixin.py:120} INFO - [2024-01-14T15:19:28.899+0000] {dag.py:3340} INFO - Setting next_dagrun for example_bash_operator to 2024-01-13T00:00:00+00:00, run_after=2024-01-14T00:00:00+00:00
[2024-01-14T15:19:28.912+0000] {processor.py:176} INFO - Processing /home/airflow/.local/lib/python3.7/site-packages/airflow/example_dags/example_bash_operator.py took 0.085 seconds
[2024-01-14T15:19:59.843+0000] {processor.py:154} INFO - Started process (PID=2470) to work on /home/airflow/.local/lib/python3.7/site-packages/airflow/example_dags/example_bash_operator.py
[2024-01-14T15:19:59.844+0000] {processor.py:756} INFO - Processing file /home/airflow/.local/lib/python3.7/site-packages/airflow/example_dags/example_bash_operator.py for tasks to queue
[2024-01-14T15:19:59.844+0000] {logging_mixin.py:120} INFO - [2024-01-14T15:19:59.844+0000] {dagbag.py:537} INFO - Filling up the DagBag from /home/airflow/.local/lib/python3.7/site-packages/airflow/example_dags/example_bash_operator.py
[2024-01-14T15:19:59.859+0000] {processor.py:766} INFO - DAG(s) dict_keys(['example_bash_operator']) retrieved from /home/airflow/.local/lib/python3.7/site-packages/airflow/example_dags/example_bash_operator.py
[2024-01-14T15:19:59.889+0000] {logging_mixin.py:120} INFO - [2024-01-14T15:19:59.889+0000] {dag.py:2585} INFO - Sync 1 DAGs
[2024-01-14T15:19:59.905+0000] {logging_mixin.py:120} INFO - [2024-01-14T15:19:59.905+0000] {dag.py:3340} INFO - Setting next_dagrun for example_bash_operator to 2024-01-13T00:00:00+00:00, run_after=2024-01-14T00:00:00+00:00
[2024-01-14T15:19:59.917+0000] {processor.py:176} INFO - Processing /home/airflow/.local/lib/python3.7/site-packages/airflow/example_dags/example_bash_operator.py took 0.076 seconds
[2024-01-14T15:20:30.748+0000] {processor.py:154} INFO - Started process (PID=2533) to work on /home/airflow/.local/lib/python3.7/site-packages/airflow/example_dags/example_bash_operator.py
[2024-01-14T15:20:30.749+0000] {processor.py:756} INFO - Processing file /home/airflow/.local/lib/python3.7/site-packages/airflow/example_dags/example_bash_operator.py for tasks to queue
[2024-01-14T15:20:30.750+0000] {logging_mixin.py:120} INFO - [2024-01-14T15:20:30.750+0000] {dagbag.py:537} INFO - Filling up the DagBag from /home/airflow/.local/lib/python3.7/site-packages/airflow/example_dags/example_bash_operator.py
[2024-01-14T15:20:30.765+0000] {processor.py:766} INFO - DAG(s) dict_keys(['example_bash_operator']) retrieved from /home/airflow/.local/lib/python3.7/site-packages/airflow/example_dags/example_bash_operator.py
[2024-01-14T15:20:30.799+0000] {logging_mixin.py:120} INFO - [2024-01-14T15:20:30.799+0000] {dag.py:2585} INFO - Sync 1 DAGs
[2024-01-14T15:20:30.818+0000] {logging_mixin.py:120} INFO - [2024-01-14T15:20:30.818+0000] {dag.py:3340} INFO - Setting next_dagrun for example_bash_operator to 2024-01-13T00:00:00+00:00, run_after=2024-01-14T00:00:00+00:00
[2024-01-14T15:20:30.831+0000] {processor.py:176} INFO - Processing /home/airflow/.local/lib/python3.7/site-packages/airflow/example_dags/example_bash_operator.py took 0.086 seconds
[2024-01-14T15:21:01.734+0000] {processor.py:154} INFO - Started process (PID=2596) to work on /home/airflow/.local/lib/python3.7/site-packages/airflow/example_dags/example_bash_operator.py
[2024-01-14T15:21:01.735+0000] {processor.py:756} INFO - Processing file /home/airflow/.local/lib/python3.7/site-packages/airflow/example_dags/example_bash_operator.py for tasks to queue
[2024-01-14T15:21:01.736+0000] {logging_mixin.py:120} INFO - [2024-01-14T15:21:01.735+0000] {dagbag.py:537} INFO - Filling up the DagBag from /home/airflow/.local/lib/python3.7/site-packages/airflow/example_dags/example_bash_operator.py
[2024-01-14T15:21:01.750+0000] {processor.py:766} INFO - DAG(s) dict_keys(['example_bash_operator']) retrieved from /home/airflow/.local/lib/python3.7/site-packages/airflow/example_dags/example_bash_operator.py
[2024-01-14T15:21:01.779+0000] {logging_mixin.py:120} INFO - [2024-01-14T15:21:01.779+0000] {dag.py:2585} INFO - Sync 1 DAGs
[2024-01-14T15:21:01.796+0000] {logging_mixin.py:120} INFO - [2024-01-14T15:21:01.796+0000] {dag.py:3340} INFO - Setting next_dagrun for example_bash_operator to 2024-01-13T00:00:00+00:00, run_after=2024-01-14T00:00:00+00:00
[2024-01-14T15:21:01.806+0000] {processor.py:176} INFO - Processing /home/airflow/.local/lib/python3.7/site-packages/airflow/example_dags/example_bash_operator.py took 0.075 seconds
[2024-01-14T15:21:32.708+0000] {processor.py:154} INFO - Started process (PID=2659) to work on /home/airflow/.local/lib/python3.7/site-packages/airflow/example_dags/example_bash_operator.py
[2024-01-14T15:21:32.709+0000] {processor.py:756} INFO - Processing file /home/airflow/.local/lib/python3.7/site-packages/airflow/example_dags/example_bash_operator.py for tasks to queue
[2024-01-14T15:21:32.710+0000] {logging_mixin.py:120} INFO - [2024-01-14T15:21:32.710+0000] {dagbag.py:537} INFO - Filling up the DagBag from /home/airflow/.local/lib/python3.7/site-packages/airflow/example_dags/example_bash_operator.py
[2024-01-14T15:21:32.725+0000] {processor.py:766} INFO - DAG(s) dict_keys(['example_bash_operator']) retrieved from /home/airflow/.local/lib/python3.7/site-packages/airflow/example_dags/example_bash_operator.py
[2024-01-14T15:21:32.756+0000] {logging_mixin.py:120} INFO - [2024-01-14T15:21:32.756+0000] {dag.py:2585} INFO - Sync 1 DAGs
[2024-01-14T15:21:32.772+0000] {logging_mixin.py:120} INFO - [2024-01-14T15:21:32.772+0000] {dag.py:3340} INFO - Setting next_dagrun for example_bash_operator to 2024-01-13T00:00:00+00:00, run_after=2024-01-14T00:00:00+00:00
[2024-01-14T15:21:32.782+0000] {processor.py:176} INFO - Processing /home/airflow/.local/lib/python3.7/site-packages/airflow/example_dags/example_bash_operator.py took 0.077 seconds
[2024-01-14T15:22:03.729+0000] {processor.py:154} INFO - Started process (PID=2722) to work on /home/airflow/.local/lib/python3.7/site-packages/airflow/example_dags/example_bash_operator.py
[2024-01-14T15:22:03.729+0000] {processor.py:756} INFO - Processing file /home/airflow/.local/lib/python3.7/site-packages/airflow/example_dags/example_bash_operator.py for tasks to queue
[2024-01-14T15:22:03.730+0000] {logging_mixin.py:120} INFO - [2024-01-14T15:22:03.730+0000] {dagbag.py:537} INFO - Filling up the DagBag from /home/airflow/.local/lib/python3.7/site-packages/airflow/example_dags/example_bash_operator.py
[2024-01-14T15:22:03.744+0000] {processor.py:766} INFO - DAG(s) dict_keys(['example_bash_operator']) retrieved from /home/airflow/.local/lib/python3.7/site-packages/airflow/example_dags/example_bash_operator.py
[2024-01-14T15:22:03.774+0000] {logging_mixin.py:120} INFO - [2024-01-14T15:22:03.774+0000] {dag.py:2585} INFO - Sync 1 DAGs
[2024-01-14T15:22:03.790+0000] {logging_mixin.py:120} INFO - [2024-01-14T15:22:03.790+0000] {dag.py:3340} INFO - Setting next_dagrun for example_bash_operator to 2024-01-13T00:00:00+00:00, run_after=2024-01-14T00:00:00+00:00
[2024-01-14T15:22:03.801+0000] {processor.py:176} INFO - Processing /home/airflow/.local/lib/python3.7/site-packages/airflow/example_dags/example_bash_operator.py took 0.075 seconds
[2024-01-14T15:22:34.758+0000] {processor.py:154} INFO - Started process (PID=2785) to work on /home/airflow/.local/lib/python3.7/site-packages/airflow/example_dags/example_bash_operator.py
[2024-01-14T15:22:34.760+0000] {processor.py:756} INFO - Processing file /home/airflow/.local/lib/python3.7/site-packages/airflow/example_dags/example_bash_operator.py for tasks to queue
[2024-01-14T15:22:34.760+0000] {logging_mixin.py:120} INFO - [2024-01-14T15:22:34.760+0000] {dagbag.py:537} INFO - Filling up the DagBag from /home/airflow/.local/lib/python3.7/site-packages/airflow/example_dags/example_bash_operator.py
[2024-01-14T15:22:34.782+0000] {processor.py:766} INFO - DAG(s) dict_keys(['example_bash_operator']) retrieved from /home/airflow/.local/lib/python3.7/site-packages/airflow/example_dags/example_bash_operator.py
[2024-01-14T15:22:34.821+0000] {logging_mixin.py:120} INFO - [2024-01-14T15:22:34.821+0000] {dag.py:2585} INFO - Sync 1 DAGs
[2024-01-14T15:22:34.841+0000] {logging_mixin.py:120} INFO - [2024-01-14T15:22:34.841+0000] {dag.py:3340} INFO - Setting next_dagrun for example_bash_operator to 2024-01-13T00:00:00+00:00, run_after=2024-01-14T00:00:00+00:00
[2024-01-14T15:22:34.856+0000] {processor.py:176} INFO - Processing /home/airflow/.local/lib/python3.7/site-packages/airflow/example_dags/example_bash_operator.py took 0.101 seconds
