[2024-01-14T14:59:57.705+0000] {processor.py:154} INFO - Started process (PID=44) to work on /home/airflow/.local/lib/python3.7/site-packages/airflow/example_dags/example_xcom.py
[2024-01-14T14:59:57.706+0000] {processor.py:756} INFO - Processing file /home/airflow/.local/lib/python3.7/site-packages/airflow/example_dags/example_xcom.py for tasks to queue
[2024-01-14T14:59:57.707+0000] {logging_mixin.py:120} INFO - [2024-01-14T14:59:57.707+0000] {dagbag.py:537} INFO - Filling up the DagBag from /home/airflow/.local/lib/python3.7/site-packages/airflow/example_dags/example_xcom.py
[2024-01-14T14:59:57.724+0000] {processor.py:766} INFO - DAG(s) dict_keys(['example_xcom']) retrieved from /home/airflow/.local/lib/python3.7/site-packages/airflow/example_dags/example_xcom.py
[2024-01-14T14:59:57.813+0000] {logging_mixin.py:120} INFO - [2024-01-14T14:59:57.813+0000] {manager.py:507} INFO - Created Permission View: can read on DAG:example_xcom
[2024-01-14T14:59:57.818+0000] {logging_mixin.py:120} INFO - [2024-01-14T14:59:57.818+0000] {manager.py:507} INFO - Created Permission View: can edit on DAG:example_xcom
[2024-01-14T14:59:57.822+0000] {logging_mixin.py:120} INFO - [2024-01-14T14:59:57.822+0000] {manager.py:507} INFO - Created Permission View: can delete on DAG:example_xcom
[2024-01-14T14:59:57.822+0000] {logging_mixin.py:120} INFO - [2024-01-14T14:59:57.822+0000] {dag.py:2585} INFO - Sync 1 DAGs
[2024-01-14T14:59:57.830+0000] {logging_mixin.py:120} INFO - [2024-01-14T14:59:57.830+0000] {dag.py:2606} INFO - Creating ORM DAG for example_xcom
[2024-01-14T14:59:57.838+0000] {logging_mixin.py:120} INFO - [2024-01-14T14:59:57.837+0000] {dag.py:3340} INFO - Setting next_dagrun for example_xcom to 2021-01-01T00:00:00+00:00, run_after=2021-01-01T00:00:00+00:00
[2024-01-14T14:59:57.848+0000] {processor.py:176} INFO - Processing /home/airflow/.local/lib/python3.7/site-packages/airflow/example_dags/example_xcom.py took 0.145 seconds
[2024-01-14T15:00:27.994+0000] {processor.py:154} INFO - Started process (PID=107) to work on /home/airflow/.local/lib/python3.7/site-packages/airflow/example_dags/example_xcom.py
[2024-01-14T15:00:27.995+0000] {processor.py:756} INFO - Processing file /home/airflow/.local/lib/python3.7/site-packages/airflow/example_dags/example_xcom.py for tasks to queue
[2024-01-14T15:00:27.995+0000] {logging_mixin.py:120} INFO - [2024-01-14T15:00:27.995+0000] {dagbag.py:537} INFO - Filling up the DagBag from /home/airflow/.local/lib/python3.7/site-packages/airflow/example_dags/example_xcom.py
[2024-01-14T15:00:28.012+0000] {processor.py:766} INFO - DAG(s) dict_keys(['example_xcom']) retrieved from /home/airflow/.local/lib/python3.7/site-packages/airflow/example_dags/example_xcom.py
[2024-01-14T15:00:28.039+0000] {logging_mixin.py:120} INFO - [2024-01-14T15:00:28.038+0000] {dag.py:2585} INFO - Sync 1 DAGs
[2024-01-14T15:00:28.054+0000] {logging_mixin.py:120} INFO - [2024-01-14T15:00:28.054+0000] {dag.py:3340} INFO - Setting next_dagrun for example_xcom to 2021-01-01T00:00:00+00:00, run_after=2021-01-01T00:00:00+00:00
[2024-01-14T15:00:28.064+0000] {processor.py:176} INFO - Processing /home/airflow/.local/lib/python3.7/site-packages/airflow/example_dags/example_xcom.py took 0.072 seconds
[2024-01-14T15:00:58.102+0000] {processor.py:154} INFO - Started process (PID=171) to work on /home/airflow/.local/lib/python3.7/site-packages/airflow/example_dags/example_xcom.py
[2024-01-14T15:00:58.102+0000] {processor.py:756} INFO - Processing file /home/airflow/.local/lib/python3.7/site-packages/airflow/example_dags/example_xcom.py for tasks to queue
[2024-01-14T15:00:58.103+0000] {logging_mixin.py:120} INFO - [2024-01-14T15:00:58.103+0000] {dagbag.py:537} INFO - Filling up the DagBag from /home/airflow/.local/lib/python3.7/site-packages/airflow/example_dags/example_xcom.py
[2024-01-14T15:00:58.118+0000] {processor.py:766} INFO - DAG(s) dict_keys(['example_xcom']) retrieved from /home/airflow/.local/lib/python3.7/site-packages/airflow/example_dags/example_xcom.py
[2024-01-14T15:00:58.146+0000] {logging_mixin.py:120} INFO - [2024-01-14T15:00:58.146+0000] {dag.py:2585} INFO - Sync 1 DAGs
[2024-01-14T15:00:58.162+0000] {logging_mixin.py:120} INFO - [2024-01-14T15:00:58.162+0000] {dag.py:3340} INFO - Setting next_dagrun for example_xcom to 2021-01-01T00:00:00+00:00, run_after=2021-01-01T00:00:00+00:00
[2024-01-14T15:00:58.174+0000] {processor.py:176} INFO - Processing /home/airflow/.local/lib/python3.7/site-packages/airflow/example_dags/example_xcom.py took 0.074 seconds
[2024-01-14T15:01:28.207+0000] {processor.py:154} INFO - Started process (PID=233) to work on /home/airflow/.local/lib/python3.7/site-packages/airflow/example_dags/example_xcom.py
[2024-01-14T15:01:28.208+0000] {processor.py:756} INFO - Processing file /home/airflow/.local/lib/python3.7/site-packages/airflow/example_dags/example_xcom.py for tasks to queue
[2024-01-14T15:01:28.209+0000] {logging_mixin.py:120} INFO - [2024-01-14T15:01:28.208+0000] {dagbag.py:537} INFO - Filling up the DagBag from /home/airflow/.local/lib/python3.7/site-packages/airflow/example_dags/example_xcom.py
[2024-01-14T15:01:28.225+0000] {processor.py:766} INFO - DAG(s) dict_keys(['example_xcom']) retrieved from /home/airflow/.local/lib/python3.7/site-packages/airflow/example_dags/example_xcom.py
[2024-01-14T15:01:28.253+0000] {logging_mixin.py:120} INFO - [2024-01-14T15:01:28.253+0000] {dag.py:2585} INFO - Sync 1 DAGs
[2024-01-14T15:01:28.268+0000] {logging_mixin.py:120} INFO - [2024-01-14T15:01:28.268+0000] {dag.py:3340} INFO - Setting next_dagrun for example_xcom to 2021-01-01T00:00:00+00:00, run_after=2021-01-01T00:00:00+00:00
[2024-01-14T15:01:28.279+0000] {processor.py:176} INFO - Processing /home/airflow/.local/lib/python3.7/site-packages/airflow/example_dags/example_xcom.py took 0.075 seconds
[2024-01-14T15:01:58.302+0000] {processor.py:154} INFO - Started process (PID=287) to work on /home/airflow/.local/lib/python3.7/site-packages/airflow/example_dags/example_xcom.py
[2024-01-14T15:01:58.303+0000] {processor.py:756} INFO - Processing file /home/airflow/.local/lib/python3.7/site-packages/airflow/example_dags/example_xcom.py for tasks to queue
[2024-01-14T15:01:58.304+0000] {logging_mixin.py:120} INFO - [2024-01-14T15:01:58.304+0000] {dagbag.py:537} INFO - Filling up the DagBag from /home/airflow/.local/lib/python3.7/site-packages/airflow/example_dags/example_xcom.py
[2024-01-14T15:01:58.320+0000] {processor.py:766} INFO - DAG(s) dict_keys(['example_xcom']) retrieved from /home/airflow/.local/lib/python3.7/site-packages/airflow/example_dags/example_xcom.py
[2024-01-14T15:01:58.351+0000] {logging_mixin.py:120} INFO - [2024-01-14T15:01:58.350+0000] {dag.py:2585} INFO - Sync 1 DAGs
[2024-01-14T15:01:58.368+0000] {logging_mixin.py:120} INFO - [2024-01-14T15:01:58.367+0000] {dag.py:3340} INFO - Setting next_dagrun for example_xcom to 2021-01-01T00:00:00+00:00, run_after=2021-01-01T00:00:00+00:00
[2024-01-14T15:01:58.381+0000] {processor.py:176} INFO - Processing /home/airflow/.local/lib/python3.7/site-packages/airflow/example_dags/example_xcom.py took 0.081 seconds
[2024-01-14T15:02:28.405+0000] {processor.py:154} INFO - Started process (PID=350) to work on /home/airflow/.local/lib/python3.7/site-packages/airflow/example_dags/example_xcom.py
[2024-01-14T15:02:28.406+0000] {processor.py:756} INFO - Processing file /home/airflow/.local/lib/python3.7/site-packages/airflow/example_dags/example_xcom.py for tasks to queue
[2024-01-14T15:02:28.407+0000] {logging_mixin.py:120} INFO - [2024-01-14T15:02:28.406+0000] {dagbag.py:537} INFO - Filling up the DagBag from /home/airflow/.local/lib/python3.7/site-packages/airflow/example_dags/example_xcom.py
[2024-01-14T15:02:28.423+0000] {processor.py:766} INFO - DAG(s) dict_keys(['example_xcom']) retrieved from /home/airflow/.local/lib/python3.7/site-packages/airflow/example_dags/example_xcom.py
[2024-01-14T15:02:28.449+0000] {logging_mixin.py:120} INFO - [2024-01-14T15:02:28.449+0000] {dag.py:2585} INFO - Sync 1 DAGs
[2024-01-14T15:02:28.464+0000] {logging_mixin.py:120} INFO - [2024-01-14T15:02:28.464+0000] {dag.py:3340} INFO - Setting next_dagrun for example_xcom to 2021-01-01T00:00:00+00:00, run_after=2021-01-01T00:00:00+00:00
[2024-01-14T15:02:28.475+0000] {processor.py:176} INFO - Processing /home/airflow/.local/lib/python3.7/site-packages/airflow/example_dags/example_xcom.py took 0.072 seconds
[2024-01-14T15:02:58.565+0000] {processor.py:154} INFO - Started process (PID=413) to work on /home/airflow/.local/lib/python3.7/site-packages/airflow/example_dags/example_xcom.py
[2024-01-14T15:02:58.565+0000] {processor.py:756} INFO - Processing file /home/airflow/.local/lib/python3.7/site-packages/airflow/example_dags/example_xcom.py for tasks to queue
[2024-01-14T15:02:58.566+0000] {logging_mixin.py:120} INFO - [2024-01-14T15:02:58.566+0000] {dagbag.py:537} INFO - Filling up the DagBag from /home/airflow/.local/lib/python3.7/site-packages/airflow/example_dags/example_xcom.py
[2024-01-14T15:02:58.582+0000] {processor.py:766} INFO - DAG(s) dict_keys(['example_xcom']) retrieved from /home/airflow/.local/lib/python3.7/site-packages/airflow/example_dags/example_xcom.py
[2024-01-14T15:02:58.610+0000] {logging_mixin.py:120} INFO - [2024-01-14T15:02:58.610+0000] {dag.py:2585} INFO - Sync 1 DAGs
[2024-01-14T15:02:58.626+0000] {logging_mixin.py:120} INFO - [2024-01-14T15:02:58.625+0000] {dag.py:3340} INFO - Setting next_dagrun for example_xcom to 2021-01-01T00:00:00+00:00, run_after=2021-01-01T00:00:00+00:00
[2024-01-14T15:02:58.637+0000] {processor.py:176} INFO - Processing /home/airflow/.local/lib/python3.7/site-packages/airflow/example_dags/example_xcom.py took 0.075 seconds
[2024-01-14T15:03:28.799+0000] {processor.py:154} INFO - Started process (PID=476) to work on /home/airflow/.local/lib/python3.7/site-packages/airflow/example_dags/example_xcom.py
[2024-01-14T15:03:28.800+0000] {processor.py:756} INFO - Processing file /home/airflow/.local/lib/python3.7/site-packages/airflow/example_dags/example_xcom.py for tasks to queue
[2024-01-14T15:03:28.800+0000] {logging_mixin.py:120} INFO - [2024-01-14T15:03:28.800+0000] {dagbag.py:537} INFO - Filling up the DagBag from /home/airflow/.local/lib/python3.7/site-packages/airflow/example_dags/example_xcom.py
[2024-01-14T15:03:28.816+0000] {processor.py:766} INFO - DAG(s) dict_keys(['example_xcom']) retrieved from /home/airflow/.local/lib/python3.7/site-packages/airflow/example_dags/example_xcom.py
[2024-01-14T15:03:28.845+0000] {logging_mixin.py:120} INFO - [2024-01-14T15:03:28.845+0000] {dag.py:2585} INFO - Sync 1 DAGs
[2024-01-14T15:03:28.860+0000] {logging_mixin.py:120} INFO - [2024-01-14T15:03:28.860+0000] {dag.py:3340} INFO - Setting next_dagrun for example_xcom to 2021-01-01T00:00:00+00:00, run_after=2021-01-01T00:00:00+00:00
[2024-01-14T15:03:28.871+0000] {processor.py:176} INFO - Processing /home/airflow/.local/lib/python3.7/site-packages/airflow/example_dags/example_xcom.py took 0.075 seconds
[2024-01-14T15:03:58.910+0000] {processor.py:154} INFO - Started process (PID=539) to work on /home/airflow/.local/lib/python3.7/site-packages/airflow/example_dags/example_xcom.py
[2024-01-14T15:03:58.910+0000] {processor.py:756} INFO - Processing file /home/airflow/.local/lib/python3.7/site-packages/airflow/example_dags/example_xcom.py for tasks to queue
[2024-01-14T15:03:58.911+0000] {logging_mixin.py:120} INFO - [2024-01-14T15:03:58.911+0000] {dagbag.py:537} INFO - Filling up the DagBag from /home/airflow/.local/lib/python3.7/site-packages/airflow/example_dags/example_xcom.py
[2024-01-14T15:03:58.926+0000] {processor.py:766} INFO - DAG(s) dict_keys(['example_xcom']) retrieved from /home/airflow/.local/lib/python3.7/site-packages/airflow/example_dags/example_xcom.py
[2024-01-14T15:03:58.951+0000] {logging_mixin.py:120} INFO - [2024-01-14T15:03:58.951+0000] {dag.py:2585} INFO - Sync 1 DAGs
[2024-01-14T15:03:58.968+0000] {logging_mixin.py:120} INFO - [2024-01-14T15:03:58.968+0000] {dag.py:3340} INFO - Setting next_dagrun for example_xcom to 2021-01-01T00:00:00+00:00, run_after=2021-01-01T00:00:00+00:00
[2024-01-14T15:03:58.979+0000] {processor.py:176} INFO - Processing /home/airflow/.local/lib/python3.7/site-packages/airflow/example_dags/example_xcom.py took 0.072 seconds
[2024-01-14T15:04:29.736+0000] {processor.py:154} INFO - Started process (PID=593) to work on /home/airflow/.local/lib/python3.7/site-packages/airflow/example_dags/example_xcom.py
[2024-01-14T15:04:29.737+0000] {processor.py:756} INFO - Processing file /home/airflow/.local/lib/python3.7/site-packages/airflow/example_dags/example_xcom.py for tasks to queue
[2024-01-14T15:04:29.737+0000] {logging_mixin.py:120} INFO - [2024-01-14T15:04:29.737+0000] {dagbag.py:537} INFO - Filling up the DagBag from /home/airflow/.local/lib/python3.7/site-packages/airflow/example_dags/example_xcom.py
[2024-01-14T15:04:29.752+0000] {processor.py:766} INFO - DAG(s) dict_keys(['example_xcom']) retrieved from /home/airflow/.local/lib/python3.7/site-packages/airflow/example_dags/example_xcom.py
[2024-01-14T15:04:29.782+0000] {logging_mixin.py:120} INFO - [2024-01-14T15:04:29.782+0000] {dag.py:2585} INFO - Sync 1 DAGs
[2024-01-14T15:04:29.798+0000] {logging_mixin.py:120} INFO - [2024-01-14T15:04:29.798+0000] {dag.py:3340} INFO - Setting next_dagrun for example_xcom to 2021-01-01T00:00:00+00:00, run_after=2021-01-01T00:00:00+00:00
[2024-01-14T15:04:29.809+0000] {processor.py:176} INFO - Processing /home/airflow/.local/lib/python3.7/site-packages/airflow/example_dags/example_xcom.py took 0.076 seconds
[2024-01-14T15:04:59.956+0000] {processor.py:154} INFO - Started process (PID=656) to work on /home/airflow/.local/lib/python3.7/site-packages/airflow/example_dags/example_xcom.py
[2024-01-14T15:04:59.957+0000] {processor.py:756} INFO - Processing file /home/airflow/.local/lib/python3.7/site-packages/airflow/example_dags/example_xcom.py for tasks to queue
[2024-01-14T15:04:59.957+0000] {logging_mixin.py:120} INFO - [2024-01-14T15:04:59.957+0000] {dagbag.py:537} INFO - Filling up the DagBag from /home/airflow/.local/lib/python3.7/site-packages/airflow/example_dags/example_xcom.py
[2024-01-14T15:04:59.974+0000] {processor.py:766} INFO - DAG(s) dict_keys(['example_xcom']) retrieved from /home/airflow/.local/lib/python3.7/site-packages/airflow/example_dags/example_xcom.py
[2024-01-14T15:05:00.003+0000] {logging_mixin.py:120} INFO - [2024-01-14T15:05:00.003+0000] {dag.py:2585} INFO - Sync 1 DAGs
[2024-01-14T15:05:00.019+0000] {logging_mixin.py:120} INFO - [2024-01-14T15:05:00.019+0000] {dag.py:3340} INFO - Setting next_dagrun for example_xcom to 2021-01-01T00:00:00+00:00, run_after=2021-01-01T00:00:00+00:00
[2024-01-14T15:05:00.030+0000] {processor.py:176} INFO - Processing /home/airflow/.local/lib/python3.7/site-packages/airflow/example_dags/example_xcom.py took 0.076 seconds
[2024-01-14T15:05:30.188+0000] {processor.py:154} INFO - Started process (PID=719) to work on /home/airflow/.local/lib/python3.7/site-packages/airflow/example_dags/example_xcom.py
[2024-01-14T15:05:30.189+0000] {processor.py:756} INFO - Processing file /home/airflow/.local/lib/python3.7/site-packages/airflow/example_dags/example_xcom.py for tasks to queue
[2024-01-14T15:05:30.189+0000] {logging_mixin.py:120} INFO - [2024-01-14T15:05:30.189+0000] {dagbag.py:537} INFO - Filling up the DagBag from /home/airflow/.local/lib/python3.7/site-packages/airflow/example_dags/example_xcom.py
[2024-01-14T15:05:30.205+0000] {processor.py:766} INFO - DAG(s) dict_keys(['example_xcom']) retrieved from /home/airflow/.local/lib/python3.7/site-packages/airflow/example_dags/example_xcom.py
[2024-01-14T15:05:30.231+0000] {logging_mixin.py:120} INFO - [2024-01-14T15:05:30.231+0000] {dag.py:2585} INFO - Sync 1 DAGs
[2024-01-14T15:05:30.247+0000] {logging_mixin.py:120} INFO - [2024-01-14T15:05:30.246+0000] {dag.py:3340} INFO - Setting next_dagrun for example_xcom to 2021-01-01T00:00:00+00:00, run_after=2021-01-01T00:00:00+00:00
[2024-01-14T15:05:30.258+0000] {processor.py:176} INFO - Processing /home/airflow/.local/lib/python3.7/site-packages/airflow/example_dags/example_xcom.py took 0.073 seconds
[2024-01-14T15:06:00.976+0000] {processor.py:154} INFO - Started process (PID=782) to work on /home/airflow/.local/lib/python3.7/site-packages/airflow/example_dags/example_xcom.py
[2024-01-14T15:06:00.976+0000] {processor.py:756} INFO - Processing file /home/airflow/.local/lib/python3.7/site-packages/airflow/example_dags/example_xcom.py for tasks to queue
[2024-01-14T15:06:00.977+0000] {logging_mixin.py:120} INFO - [2024-01-14T15:06:00.977+0000] {dagbag.py:537} INFO - Filling up the DagBag from /home/airflow/.local/lib/python3.7/site-packages/airflow/example_dags/example_xcom.py
[2024-01-14T15:06:00.993+0000] {processor.py:766} INFO - DAG(s) dict_keys(['example_xcom']) retrieved from /home/airflow/.local/lib/python3.7/site-packages/airflow/example_dags/example_xcom.py
[2024-01-14T15:06:01.022+0000] {logging_mixin.py:120} INFO - [2024-01-14T15:06:01.021+0000] {dag.py:2585} INFO - Sync 1 DAGs
[2024-01-14T15:06:01.038+0000] {logging_mixin.py:120} INFO - [2024-01-14T15:06:01.038+0000] {dag.py:3340} INFO - Setting next_dagrun for example_xcom to 2021-01-01T00:00:00+00:00, run_after=2021-01-01T00:00:00+00:00
[2024-01-14T15:06:01.049+0000] {processor.py:176} INFO - Processing /home/airflow/.local/lib/python3.7/site-packages/airflow/example_dags/example_xcom.py took 0.075 seconds
[2024-01-14T15:06:31.943+0000] {processor.py:154} INFO - Started process (PID=845) to work on /home/airflow/.local/lib/python3.7/site-packages/airflow/example_dags/example_xcom.py
[2024-01-14T15:06:31.944+0000] {processor.py:756} INFO - Processing file /home/airflow/.local/lib/python3.7/site-packages/airflow/example_dags/example_xcom.py for tasks to queue
[2024-01-14T15:06:31.944+0000] {logging_mixin.py:120} INFO - [2024-01-14T15:06:31.944+0000] {dagbag.py:537} INFO - Filling up the DagBag from /home/airflow/.local/lib/python3.7/site-packages/airflow/example_dags/example_xcom.py
[2024-01-14T15:06:31.961+0000] {processor.py:766} INFO - DAG(s) dict_keys(['example_xcom']) retrieved from /home/airflow/.local/lib/python3.7/site-packages/airflow/example_dags/example_xcom.py
[2024-01-14T15:06:31.990+0000] {logging_mixin.py:120} INFO - [2024-01-14T15:06:31.990+0000] {dag.py:2585} INFO - Sync 1 DAGs
[2024-01-14T15:06:32.006+0000] {logging_mixin.py:120} INFO - [2024-01-14T15:06:32.006+0000] {dag.py:3340} INFO - Setting next_dagrun for example_xcom to 2021-01-01T00:00:00+00:00, run_after=2021-01-01T00:00:00+00:00
[2024-01-14T15:06:32.017+0000] {processor.py:176} INFO - Processing /home/airflow/.local/lib/python3.7/site-packages/airflow/example_dags/example_xcom.py took 0.076 seconds
[2024-01-14T15:07:02.126+0000] {processor.py:154} INFO - Started process (PID=899) to work on /home/airflow/.local/lib/python3.7/site-packages/airflow/example_dags/example_xcom.py
[2024-01-14T15:07:02.126+0000] {processor.py:756} INFO - Processing file /home/airflow/.local/lib/python3.7/site-packages/airflow/example_dags/example_xcom.py for tasks to queue
[2024-01-14T15:07:02.127+0000] {logging_mixin.py:120} INFO - [2024-01-14T15:07:02.127+0000] {dagbag.py:537} INFO - Filling up the DagBag from /home/airflow/.local/lib/python3.7/site-packages/airflow/example_dags/example_xcom.py
[2024-01-14T15:07:02.144+0000] {processor.py:766} INFO - DAG(s) dict_keys(['example_xcom']) retrieved from /home/airflow/.local/lib/python3.7/site-packages/airflow/example_dags/example_xcom.py
[2024-01-14T15:07:02.172+0000] {logging_mixin.py:120} INFO - [2024-01-14T15:07:02.172+0000] {dag.py:2585} INFO - Sync 1 DAGs
[2024-01-14T15:07:02.187+0000] {logging_mixin.py:120} INFO - [2024-01-14T15:07:02.187+0000] {dag.py:3340} INFO - Setting next_dagrun for example_xcom to 2021-01-01T00:00:00+00:00, run_after=2021-01-01T00:00:00+00:00
[2024-01-14T15:07:02.198+0000] {processor.py:176} INFO - Processing /home/airflow/.local/lib/python3.7/site-packages/airflow/example_dags/example_xcom.py took 0.074 seconds
[2024-01-14T15:07:32.981+0000] {processor.py:154} INFO - Started process (PID=961) to work on /home/airflow/.local/lib/python3.7/site-packages/airflow/example_dags/example_xcom.py
[2024-01-14T15:07:32.982+0000] {processor.py:756} INFO - Processing file /home/airflow/.local/lib/python3.7/site-packages/airflow/example_dags/example_xcom.py for tasks to queue
[2024-01-14T15:07:32.983+0000] {logging_mixin.py:120} INFO - [2024-01-14T15:07:32.983+0000] {dagbag.py:537} INFO - Filling up the DagBag from /home/airflow/.local/lib/python3.7/site-packages/airflow/example_dags/example_xcom.py
[2024-01-14T15:07:32.998+0000] {processor.py:766} INFO - DAG(s) dict_keys(['example_xcom']) retrieved from /home/airflow/.local/lib/python3.7/site-packages/airflow/example_dags/example_xcom.py
[2024-01-14T15:07:33.025+0000] {logging_mixin.py:120} INFO - [2024-01-14T15:07:33.024+0000] {dag.py:2585} INFO - Sync 1 DAGs
[2024-01-14T15:07:33.039+0000] {logging_mixin.py:120} INFO - [2024-01-14T15:07:33.039+0000] {dag.py:3340} INFO - Setting next_dagrun for example_xcom to 2021-01-01T00:00:00+00:00, run_after=2021-01-01T00:00:00+00:00
[2024-01-14T15:07:33.049+0000] {processor.py:176} INFO - Processing /home/airflow/.local/lib/python3.7/site-packages/airflow/example_dags/example_xcom.py took 0.070 seconds
[2024-01-14T15:08:04.102+0000] {processor.py:154} INFO - Started process (PID=1024) to work on /home/airflow/.local/lib/python3.7/site-packages/airflow/example_dags/example_xcom.py
[2024-01-14T15:08:04.103+0000] {processor.py:756} INFO - Processing file /home/airflow/.local/lib/python3.7/site-packages/airflow/example_dags/example_xcom.py for tasks to queue
[2024-01-14T15:08:04.104+0000] {logging_mixin.py:120} INFO - [2024-01-14T15:08:04.104+0000] {dagbag.py:537} INFO - Filling up the DagBag from /home/airflow/.local/lib/python3.7/site-packages/airflow/example_dags/example_xcom.py
[2024-01-14T15:08:04.121+0000] {processor.py:766} INFO - DAG(s) dict_keys(['example_xcom']) retrieved from /home/airflow/.local/lib/python3.7/site-packages/airflow/example_dags/example_xcom.py
[2024-01-14T15:08:04.151+0000] {logging_mixin.py:120} INFO - [2024-01-14T15:08:04.151+0000] {dag.py:2585} INFO - Sync 1 DAGs
[2024-01-14T15:08:04.167+0000] {logging_mixin.py:120} INFO - [2024-01-14T15:08:04.167+0000] {dag.py:3340} INFO - Setting next_dagrun for example_xcom to 2021-01-01T00:00:00+00:00, run_after=2021-01-01T00:00:00+00:00
[2024-01-14T15:08:04.179+0000] {processor.py:176} INFO - Processing /home/airflow/.local/lib/python3.7/site-packages/airflow/example_dags/example_xcom.py took 0.079 seconds
[2024-01-14T15:08:34.250+0000] {processor.py:154} INFO - Started process (PID=1087) to work on /home/airflow/.local/lib/python3.7/site-packages/airflow/example_dags/example_xcom.py
[2024-01-14T15:08:34.252+0000] {processor.py:756} INFO - Processing file /home/airflow/.local/lib/python3.7/site-packages/airflow/example_dags/example_xcom.py for tasks to queue
[2024-01-14T15:08:34.252+0000] {logging_mixin.py:120} INFO - [2024-01-14T15:08:34.252+0000] {dagbag.py:537} INFO - Filling up the DagBag from /home/airflow/.local/lib/python3.7/site-packages/airflow/example_dags/example_xcom.py
[2024-01-14T15:08:34.268+0000] {processor.py:766} INFO - DAG(s) dict_keys(['example_xcom']) retrieved from /home/airflow/.local/lib/python3.7/site-packages/airflow/example_dags/example_xcom.py
[2024-01-14T15:08:34.294+0000] {logging_mixin.py:120} INFO - [2024-01-14T15:08:34.294+0000] {dag.py:2585} INFO - Sync 1 DAGs
[2024-01-14T15:08:34.309+0000] {logging_mixin.py:120} INFO - [2024-01-14T15:08:34.309+0000] {dag.py:3340} INFO - Setting next_dagrun for example_xcom to 2021-01-01T00:00:00+00:00, run_after=2021-01-01T00:00:00+00:00
[2024-01-14T15:08:34.320+0000] {processor.py:176} INFO - Processing /home/airflow/.local/lib/python3.7/site-packages/airflow/example_dags/example_xcom.py took 0.072 seconds
[2024-01-14T15:09:05.202+0000] {processor.py:154} INFO - Started process (PID=1150) to work on /home/airflow/.local/lib/python3.7/site-packages/airflow/example_dags/example_xcom.py
[2024-01-14T15:09:05.203+0000] {processor.py:756} INFO - Processing file /home/airflow/.local/lib/python3.7/site-packages/airflow/example_dags/example_xcom.py for tasks to queue
[2024-01-14T15:09:05.204+0000] {logging_mixin.py:120} INFO - [2024-01-14T15:09:05.204+0000] {dagbag.py:537} INFO - Filling up the DagBag from /home/airflow/.local/lib/python3.7/site-packages/airflow/example_dags/example_xcom.py
[2024-01-14T15:09:05.219+0000] {processor.py:766} INFO - DAG(s) dict_keys(['example_xcom']) retrieved from /home/airflow/.local/lib/python3.7/site-packages/airflow/example_dags/example_xcom.py
[2024-01-14T15:09:05.248+0000] {logging_mixin.py:120} INFO - [2024-01-14T15:09:05.248+0000] {dag.py:2585} INFO - Sync 1 DAGs
[2024-01-14T15:09:05.266+0000] {logging_mixin.py:120} INFO - [2024-01-14T15:09:05.266+0000] {dag.py:3340} INFO - Setting next_dagrun for example_xcom to 2021-01-01T00:00:00+00:00, run_after=2021-01-01T00:00:00+00:00
[2024-01-14T15:09:05.279+0000] {processor.py:176} INFO - Processing /home/airflow/.local/lib/python3.7/site-packages/airflow/example_dags/example_xcom.py took 0.079 seconds
[2024-01-14T15:09:36.192+0000] {processor.py:154} INFO - Started process (PID=1213) to work on /home/airflow/.local/lib/python3.7/site-packages/airflow/example_dags/example_xcom.py
[2024-01-14T15:09:36.193+0000] {processor.py:756} INFO - Processing file /home/airflow/.local/lib/python3.7/site-packages/airflow/example_dags/example_xcom.py for tasks to queue
[2024-01-14T15:09:36.193+0000] {logging_mixin.py:120} INFO - [2024-01-14T15:09:36.193+0000] {dagbag.py:537} INFO - Filling up the DagBag from /home/airflow/.local/lib/python3.7/site-packages/airflow/example_dags/example_xcom.py
[2024-01-14T15:09:36.209+0000] {processor.py:766} INFO - DAG(s) dict_keys(['example_xcom']) retrieved from /home/airflow/.local/lib/python3.7/site-packages/airflow/example_dags/example_xcom.py
[2024-01-14T15:09:36.239+0000] {logging_mixin.py:120} INFO - [2024-01-14T15:09:36.239+0000] {dag.py:2585} INFO - Sync 1 DAGs
[2024-01-14T15:09:36.254+0000] {logging_mixin.py:120} INFO - [2024-01-14T15:09:36.254+0000] {dag.py:3340} INFO - Setting next_dagrun for example_xcom to 2021-01-01T00:00:00+00:00, run_after=2021-01-01T00:00:00+00:00
[2024-01-14T15:09:36.265+0000] {processor.py:176} INFO - Processing /home/airflow/.local/lib/python3.7/site-packages/airflow/example_dags/example_xcom.py took 0.076 seconds
[2024-01-14T15:10:07.153+0000] {processor.py:154} INFO - Started process (PID=1276) to work on /home/airflow/.local/lib/python3.7/site-packages/airflow/example_dags/example_xcom.py
[2024-01-14T15:10:07.153+0000] {processor.py:756} INFO - Processing file /home/airflow/.local/lib/python3.7/site-packages/airflow/example_dags/example_xcom.py for tasks to queue
[2024-01-14T15:10:07.154+0000] {logging_mixin.py:120} INFO - [2024-01-14T15:10:07.154+0000] {dagbag.py:537} INFO - Filling up the DagBag from /home/airflow/.local/lib/python3.7/site-packages/airflow/example_dags/example_xcom.py
[2024-01-14T15:10:07.170+0000] {processor.py:766} INFO - DAG(s) dict_keys(['example_xcom']) retrieved from /home/airflow/.local/lib/python3.7/site-packages/airflow/example_dags/example_xcom.py
[2024-01-14T15:10:07.196+0000] {logging_mixin.py:120} INFO - [2024-01-14T15:10:07.196+0000] {dag.py:2585} INFO - Sync 1 DAGs
[2024-01-14T15:10:07.211+0000] {logging_mixin.py:120} INFO - [2024-01-14T15:10:07.210+0000] {dag.py:3340} INFO - Setting next_dagrun for example_xcom to 2021-01-01T00:00:00+00:00, run_after=2021-01-01T00:00:00+00:00
[2024-01-14T15:10:07.221+0000] {processor.py:176} INFO - Processing /home/airflow/.local/lib/python3.7/site-packages/airflow/example_dags/example_xcom.py took 0.070 seconds
[2024-01-14T15:10:38.075+0000] {processor.py:154} INFO - Started process (PID=1330) to work on /home/airflow/.local/lib/python3.7/site-packages/airflow/example_dags/example_xcom.py
[2024-01-14T15:10:38.076+0000] {processor.py:756} INFO - Processing file /home/airflow/.local/lib/python3.7/site-packages/airflow/example_dags/example_xcom.py for tasks to queue
[2024-01-14T15:10:38.076+0000] {logging_mixin.py:120} INFO - [2024-01-14T15:10:38.076+0000] {dagbag.py:537} INFO - Filling up the DagBag from /home/airflow/.local/lib/python3.7/site-packages/airflow/example_dags/example_xcom.py
[2024-01-14T15:10:38.092+0000] {processor.py:766} INFO - DAG(s) dict_keys(['example_xcom']) retrieved from /home/airflow/.local/lib/python3.7/site-packages/airflow/example_dags/example_xcom.py
[2024-01-14T15:10:38.120+0000] {logging_mixin.py:120} INFO - [2024-01-14T15:10:38.120+0000] {dag.py:2585} INFO - Sync 1 DAGs
[2024-01-14T15:10:38.136+0000] {logging_mixin.py:120} INFO - [2024-01-14T15:10:38.135+0000] {dag.py:3340} INFO - Setting next_dagrun for example_xcom to 2021-01-01T00:00:00+00:00, run_after=2021-01-01T00:00:00+00:00
[2024-01-14T15:10:38.146+0000] {processor.py:176} INFO - Processing /home/airflow/.local/lib/python3.7/site-packages/airflow/example_dags/example_xcom.py took 0.074 seconds
[2024-01-14T15:12:10.111+0000] {processor.py:154} INFO - Started process (PID=1519) to work on /home/airflow/.local/lib/python3.7/site-packages/airflow/example_dags/example_xcom.py
[2024-01-14T15:12:10.112+0000] {processor.py:756} INFO - Processing file /home/airflow/.local/lib/python3.7/site-packages/airflow/example_dags/example_xcom.py for tasks to queue
[2024-01-14T15:12:10.112+0000] {logging_mixin.py:120} INFO - [2024-01-14T15:12:10.112+0000] {dagbag.py:537} INFO - Filling up the DagBag from /home/airflow/.local/lib/python3.7/site-packages/airflow/example_dags/example_xcom.py
[2024-01-14T15:12:10.128+0000] {processor.py:766} INFO - DAG(s) dict_keys(['example_xcom']) retrieved from /home/airflow/.local/lib/python3.7/site-packages/airflow/example_dags/example_xcom.py
[2024-01-14T15:12:10.161+0000] {logging_mixin.py:120} INFO - [2024-01-14T15:12:10.160+0000] {dag.py:2585} INFO - Sync 1 DAGs
[2024-01-14T15:12:10.178+0000] {logging_mixin.py:120} INFO - [2024-01-14T15:12:10.177+0000] {dag.py:3340} INFO - Setting next_dagrun for example_xcom to 2021-01-01T00:00:00+00:00, run_after=2021-01-01T00:00:00+00:00
[2024-01-14T15:12:10.190+0000] {processor.py:176} INFO - Processing /home/airflow/.local/lib/python3.7/site-packages/airflow/example_dags/example_xcom.py took 0.081 seconds
[2024-01-14T15:12:41.052+0000] {processor.py:154} INFO - Started process (PID=1582) to work on /home/airflow/.local/lib/python3.7/site-packages/airflow/example_dags/example_xcom.py
[2024-01-14T15:12:41.052+0000] {processor.py:756} INFO - Processing file /home/airflow/.local/lib/python3.7/site-packages/airflow/example_dags/example_xcom.py for tasks to queue
[2024-01-14T15:12:41.053+0000] {logging_mixin.py:120} INFO - [2024-01-14T15:12:41.053+0000] {dagbag.py:537} INFO - Filling up the DagBag from /home/airflow/.local/lib/python3.7/site-packages/airflow/example_dags/example_xcom.py
[2024-01-14T15:12:41.068+0000] {processor.py:766} INFO - DAG(s) dict_keys(['example_xcom']) retrieved from /home/airflow/.local/lib/python3.7/site-packages/airflow/example_dags/example_xcom.py
[2024-01-14T15:12:41.093+0000] {logging_mixin.py:120} INFO - [2024-01-14T15:12:41.093+0000] {dag.py:2585} INFO - Sync 1 DAGs
[2024-01-14T15:12:41.108+0000] {logging_mixin.py:120} INFO - [2024-01-14T15:12:41.108+0000] {dag.py:3340} INFO - Setting next_dagrun for example_xcom to 2021-01-01T00:00:00+00:00, run_after=2021-01-01T00:00:00+00:00
[2024-01-14T15:12:41.118+0000] {processor.py:176} INFO - Processing /home/airflow/.local/lib/python3.7/site-packages/airflow/example_dags/example_xcom.py took 0.069 seconds
[2024-01-14T15:13:11.983+0000] {processor.py:154} INFO - Started process (PID=1645) to work on /home/airflow/.local/lib/python3.7/site-packages/airflow/example_dags/example_xcom.py
[2024-01-14T15:13:11.984+0000] {processor.py:756} INFO - Processing file /home/airflow/.local/lib/python3.7/site-packages/airflow/example_dags/example_xcom.py for tasks to queue
[2024-01-14T15:13:11.985+0000] {logging_mixin.py:120} INFO - [2024-01-14T15:13:11.984+0000] {dagbag.py:537} INFO - Filling up the DagBag from /home/airflow/.local/lib/python3.7/site-packages/airflow/example_dags/example_xcom.py
[2024-01-14T15:13:12.000+0000] {processor.py:766} INFO - DAG(s) dict_keys(['example_xcom']) retrieved from /home/airflow/.local/lib/python3.7/site-packages/airflow/example_dags/example_xcom.py
[2024-01-14T15:13:12.029+0000] {logging_mixin.py:120} INFO - [2024-01-14T15:13:12.028+0000] {dag.py:2585} INFO - Sync 1 DAGs
[2024-01-14T15:13:12.045+0000] {logging_mixin.py:120} INFO - [2024-01-14T15:13:12.045+0000] {dag.py:3340} INFO - Setting next_dagrun for example_xcom to 2021-01-01T00:00:00+00:00, run_after=2021-01-01T00:00:00+00:00
[2024-01-14T15:13:12.057+0000] {processor.py:176} INFO - Processing /home/airflow/.local/lib/python3.7/site-packages/airflow/example_dags/example_xcom.py took 0.076 seconds
[2024-01-14T15:13:42.960+0000] {processor.py:154} INFO - Started process (PID=1708) to work on /home/airflow/.local/lib/python3.7/site-packages/airflow/example_dags/example_xcom.py
[2024-01-14T15:13:42.960+0000] {processor.py:756} INFO - Processing file /home/airflow/.local/lib/python3.7/site-packages/airflow/example_dags/example_xcom.py for tasks to queue
[2024-01-14T15:13:42.961+0000] {logging_mixin.py:120} INFO - [2024-01-14T15:13:42.961+0000] {dagbag.py:537} INFO - Filling up the DagBag from /home/airflow/.local/lib/python3.7/site-packages/airflow/example_dags/example_xcom.py
[2024-01-14T15:13:42.977+0000] {processor.py:766} INFO - DAG(s) dict_keys(['example_xcom']) retrieved from /home/airflow/.local/lib/python3.7/site-packages/airflow/example_dags/example_xcom.py
[2024-01-14T15:13:43.003+0000] {logging_mixin.py:120} INFO - [2024-01-14T15:13:43.003+0000] {dag.py:2585} INFO - Sync 1 DAGs
[2024-01-14T15:13:43.019+0000] {logging_mixin.py:120} INFO - [2024-01-14T15:13:43.019+0000] {dag.py:3340} INFO - Setting next_dagrun for example_xcom to 2021-01-01T00:00:00+00:00, run_after=2021-01-01T00:00:00+00:00
[2024-01-14T15:13:43.031+0000] {processor.py:176} INFO - Processing /home/airflow/.local/lib/python3.7/site-packages/airflow/example_dags/example_xcom.py took 0.073 seconds
[2024-01-14T15:14:13.941+0000] {processor.py:154} INFO - Started process (PID=1762) to work on /home/airflow/.local/lib/python3.7/site-packages/airflow/example_dags/example_xcom.py
[2024-01-14T15:14:13.942+0000] {processor.py:756} INFO - Processing file /home/airflow/.local/lib/python3.7/site-packages/airflow/example_dags/example_xcom.py for tasks to queue
[2024-01-14T15:14:13.943+0000] {logging_mixin.py:120} INFO - [2024-01-14T15:14:13.942+0000] {dagbag.py:537} INFO - Filling up the DagBag from /home/airflow/.local/lib/python3.7/site-packages/airflow/example_dags/example_xcom.py
[2024-01-14T15:14:13.958+0000] {processor.py:766} INFO - DAG(s) dict_keys(['example_xcom']) retrieved from /home/airflow/.local/lib/python3.7/site-packages/airflow/example_dags/example_xcom.py
[2024-01-14T15:14:13.985+0000] {logging_mixin.py:120} INFO - [2024-01-14T15:14:13.985+0000] {dag.py:2585} INFO - Sync 1 DAGs
[2024-01-14T15:14:14.000+0000] {logging_mixin.py:120} INFO - [2024-01-14T15:14:14.000+0000] {dag.py:3340} INFO - Setting next_dagrun for example_xcom to 2021-01-01T00:00:00+00:00, run_after=2021-01-01T00:00:00+00:00
[2024-01-14T15:14:14.011+0000] {processor.py:176} INFO - Processing /home/airflow/.local/lib/python3.7/site-packages/airflow/example_dags/example_xcom.py took 0.072 seconds
[2024-01-14T15:14:44.901+0000] {processor.py:154} INFO - Started process (PID=1825) to work on /home/airflow/.local/lib/python3.7/site-packages/airflow/example_dags/example_xcom.py
[2024-01-14T15:14:44.902+0000] {processor.py:756} INFO - Processing file /home/airflow/.local/lib/python3.7/site-packages/airflow/example_dags/example_xcom.py for tasks to queue
[2024-01-14T15:14:44.902+0000] {logging_mixin.py:120} INFO - [2024-01-14T15:14:44.902+0000] {dagbag.py:537} INFO - Filling up the DagBag from /home/airflow/.local/lib/python3.7/site-packages/airflow/example_dags/example_xcom.py
[2024-01-14T15:14:44.920+0000] {processor.py:766} INFO - DAG(s) dict_keys(['example_xcom']) retrieved from /home/airflow/.local/lib/python3.7/site-packages/airflow/example_dags/example_xcom.py
[2024-01-14T15:14:44.950+0000] {logging_mixin.py:120} INFO - [2024-01-14T15:14:44.949+0000] {dag.py:2585} INFO - Sync 1 DAGs
[2024-01-14T15:14:44.966+0000] {logging_mixin.py:120} INFO - [2024-01-14T15:14:44.966+0000] {dag.py:3340} INFO - Setting next_dagrun for example_xcom to 2021-01-01T00:00:00+00:00, run_after=2021-01-01T00:00:00+00:00
[2024-01-14T15:14:44.978+0000] {processor.py:176} INFO - Processing /home/airflow/.local/lib/python3.7/site-packages/airflow/example_dags/example_xcom.py took 0.080 seconds
[2024-01-14T15:15:15.807+0000] {processor.py:154} INFO - Started process (PID=1888) to work on /home/airflow/.local/lib/python3.7/site-packages/airflow/example_dags/example_xcom.py
[2024-01-14T15:15:15.808+0000] {processor.py:756} INFO - Processing file /home/airflow/.local/lib/python3.7/site-packages/airflow/example_dags/example_xcom.py for tasks to queue
[2024-01-14T15:15:15.808+0000] {logging_mixin.py:120} INFO - [2024-01-14T15:15:15.808+0000] {dagbag.py:537} INFO - Filling up the DagBag from /home/airflow/.local/lib/python3.7/site-packages/airflow/example_dags/example_xcom.py
[2024-01-14T15:15:15.824+0000] {processor.py:766} INFO - DAG(s) dict_keys(['example_xcom']) retrieved from /home/airflow/.local/lib/python3.7/site-packages/airflow/example_dags/example_xcom.py
[2024-01-14T15:15:15.852+0000] {logging_mixin.py:120} INFO - [2024-01-14T15:15:15.852+0000] {dag.py:2585} INFO - Sync 1 DAGs
[2024-01-14T15:15:15.868+0000] {logging_mixin.py:120} INFO - [2024-01-14T15:15:15.868+0000] {dag.py:3340} INFO - Setting next_dagrun for example_xcom to 2021-01-01T00:00:00+00:00, run_after=2021-01-01T00:00:00+00:00
[2024-01-14T15:15:15.879+0000] {processor.py:176} INFO - Processing /home/airflow/.local/lib/python3.7/site-packages/airflow/example_dags/example_xcom.py took 0.075 seconds
[2024-01-14T15:15:46.867+0000] {processor.py:154} INFO - Started process (PID=1951) to work on /home/airflow/.local/lib/python3.7/site-packages/airflow/example_dags/example_xcom.py
[2024-01-14T15:15:46.868+0000] {processor.py:756} INFO - Processing file /home/airflow/.local/lib/python3.7/site-packages/airflow/example_dags/example_xcom.py for tasks to queue
[2024-01-14T15:15:46.868+0000] {logging_mixin.py:120} INFO - [2024-01-14T15:15:46.868+0000] {dagbag.py:537} INFO - Filling up the DagBag from /home/airflow/.local/lib/python3.7/site-packages/airflow/example_dags/example_xcom.py
[2024-01-14T15:15:46.885+0000] {processor.py:766} INFO - DAG(s) dict_keys(['example_xcom']) retrieved from /home/airflow/.local/lib/python3.7/site-packages/airflow/example_dags/example_xcom.py
[2024-01-14T15:15:46.916+0000] {logging_mixin.py:120} INFO - [2024-01-14T15:15:46.916+0000] {dag.py:2585} INFO - Sync 1 DAGs
[2024-01-14T15:15:46.934+0000] {logging_mixin.py:120} INFO - [2024-01-14T15:15:46.934+0000] {dag.py:3340} INFO - Setting next_dagrun for example_xcom to 2021-01-01T00:00:00+00:00, run_after=2021-01-01T00:00:00+00:00
[2024-01-14T15:15:46.950+0000] {processor.py:176} INFO - Processing /home/airflow/.local/lib/python3.7/site-packages/airflow/example_dags/example_xcom.py took 0.086 seconds
[2024-01-14T15:16:17.023+0000] {processor.py:154} INFO - Started process (PID=2014) to work on /home/airflow/.local/lib/python3.7/site-packages/airflow/example_dags/example_xcom.py
[2024-01-14T15:16:17.023+0000] {processor.py:756} INFO - Processing file /home/airflow/.local/lib/python3.7/site-packages/airflow/example_dags/example_xcom.py for tasks to queue
[2024-01-14T15:16:17.024+0000] {logging_mixin.py:120} INFO - [2024-01-14T15:16:17.024+0000] {dagbag.py:537} INFO - Filling up the DagBag from /home/airflow/.local/lib/python3.7/site-packages/airflow/example_dags/example_xcom.py
[2024-01-14T15:16:17.040+0000] {processor.py:766} INFO - DAG(s) dict_keys(['example_xcom']) retrieved from /home/airflow/.local/lib/python3.7/site-packages/airflow/example_dags/example_xcom.py
[2024-01-14T15:16:17.069+0000] {logging_mixin.py:120} INFO - [2024-01-14T15:16:17.069+0000] {dag.py:2585} INFO - Sync 1 DAGs
[2024-01-14T15:16:17.084+0000] {logging_mixin.py:120} INFO - [2024-01-14T15:16:17.084+0000] {dag.py:3340} INFO - Setting next_dagrun for example_xcom to 2021-01-01T00:00:00+00:00, run_after=2021-01-01T00:00:00+00:00
[2024-01-14T15:16:17.095+0000] {processor.py:176} INFO - Processing /home/airflow/.local/lib/python3.7/site-packages/airflow/example_dags/example_xcom.py took 0.075 seconds
[2024-01-14T15:16:48.031+0000] {processor.py:154} INFO - Started process (PID=2077) to work on /home/airflow/.local/lib/python3.7/site-packages/airflow/example_dags/example_xcom.py
[2024-01-14T15:16:48.032+0000] {processor.py:756} INFO - Processing file /home/airflow/.local/lib/python3.7/site-packages/airflow/example_dags/example_xcom.py for tasks to queue
[2024-01-14T15:16:48.032+0000] {logging_mixin.py:120} INFO - [2024-01-14T15:16:48.032+0000] {dagbag.py:537} INFO - Filling up the DagBag from /home/airflow/.local/lib/python3.7/site-packages/airflow/example_dags/example_xcom.py
[2024-01-14T15:16:48.047+0000] {processor.py:766} INFO - DAG(s) dict_keys(['example_xcom']) retrieved from /home/airflow/.local/lib/python3.7/site-packages/airflow/example_dags/example_xcom.py
[2024-01-14T15:16:48.073+0000] {logging_mixin.py:120} INFO - [2024-01-14T15:16:48.073+0000] {dag.py:2585} INFO - Sync 1 DAGs
[2024-01-14T15:16:48.089+0000] {logging_mixin.py:120} INFO - [2024-01-14T15:16:48.089+0000] {dag.py:3340} INFO - Setting next_dagrun for example_xcom to 2021-01-01T00:00:00+00:00, run_after=2021-01-01T00:00:00+00:00
[2024-01-14T15:16:48.099+0000] {processor.py:176} INFO - Processing /home/airflow/.local/lib/python3.7/site-packages/airflow/example_dags/example_xcom.py took 0.070 seconds
[2024-01-14T15:17:18.222+0000] {processor.py:154} INFO - Started process (PID=2131) to work on /home/airflow/.local/lib/python3.7/site-packages/airflow/example_dags/example_xcom.py
[2024-01-14T15:17:18.223+0000] {processor.py:756} INFO - Processing file /home/airflow/.local/lib/python3.7/site-packages/airflow/example_dags/example_xcom.py for tasks to queue
[2024-01-14T15:17:18.224+0000] {logging_mixin.py:120} INFO - [2024-01-14T15:17:18.224+0000] {dagbag.py:537} INFO - Filling up the DagBag from /home/airflow/.local/lib/python3.7/site-packages/airflow/example_dags/example_xcom.py
[2024-01-14T15:17:18.239+0000] {processor.py:766} INFO - DAG(s) dict_keys(['example_xcom']) retrieved from /home/airflow/.local/lib/python3.7/site-packages/airflow/example_dags/example_xcom.py
[2024-01-14T15:17:18.266+0000] {logging_mixin.py:120} INFO - [2024-01-14T15:17:18.266+0000] {dag.py:2585} INFO - Sync 1 DAGs
[2024-01-14T15:17:18.282+0000] {logging_mixin.py:120} INFO - [2024-01-14T15:17:18.282+0000] {dag.py:3340} INFO - Setting next_dagrun for example_xcom to 2021-01-01T00:00:00+00:00, run_after=2021-01-01T00:00:00+00:00
[2024-01-14T15:17:18.293+0000] {processor.py:176} INFO - Processing /home/airflow/.local/lib/python3.7/site-packages/airflow/example_dags/example_xcom.py took 0.073 seconds
[2024-01-14T15:17:48.406+0000] {processor.py:154} INFO - Started process (PID=2194) to work on /home/airflow/.local/lib/python3.7/site-packages/airflow/example_dags/example_xcom.py
[2024-01-14T15:17:48.407+0000] {processor.py:756} INFO - Processing file /home/airflow/.local/lib/python3.7/site-packages/airflow/example_dags/example_xcom.py for tasks to queue
[2024-01-14T15:17:48.407+0000] {logging_mixin.py:120} INFO - [2024-01-14T15:17:48.407+0000] {dagbag.py:537} INFO - Filling up the DagBag from /home/airflow/.local/lib/python3.7/site-packages/airflow/example_dags/example_xcom.py
[2024-01-14T15:17:48.423+0000] {processor.py:766} INFO - DAG(s) dict_keys(['example_xcom']) retrieved from /home/airflow/.local/lib/python3.7/site-packages/airflow/example_dags/example_xcom.py
[2024-01-14T15:17:48.449+0000] {logging_mixin.py:120} INFO - [2024-01-14T15:17:48.449+0000] {dag.py:2585} INFO - Sync 1 DAGs
[2024-01-14T15:17:48.465+0000] {logging_mixin.py:120} INFO - [2024-01-14T15:17:48.465+0000] {dag.py:3340} INFO - Setting next_dagrun for example_xcom to 2021-01-01T00:00:00+00:00, run_after=2021-01-01T00:00:00+00:00
[2024-01-14T15:17:48.476+0000] {processor.py:176} INFO - Processing /home/airflow/.local/lib/python3.7/site-packages/airflow/example_dags/example_xcom.py took 0.073 seconds
[2024-01-14T15:18:18.524+0000] {processor.py:154} INFO - Started process (PID=2257) to work on /home/airflow/.local/lib/python3.7/site-packages/airflow/example_dags/example_xcom.py
[2024-01-14T15:18:18.524+0000] {processor.py:756} INFO - Processing file /home/airflow/.local/lib/python3.7/site-packages/airflow/example_dags/example_xcom.py for tasks to queue
[2024-01-14T15:18:18.525+0000] {logging_mixin.py:120} INFO - [2024-01-14T15:18:18.525+0000] {dagbag.py:537} INFO - Filling up the DagBag from /home/airflow/.local/lib/python3.7/site-packages/airflow/example_dags/example_xcom.py
[2024-01-14T15:18:18.541+0000] {processor.py:766} INFO - DAG(s) dict_keys(['example_xcom']) retrieved from /home/airflow/.local/lib/python3.7/site-packages/airflow/example_dags/example_xcom.py
[2024-01-14T15:18:18.568+0000] {logging_mixin.py:120} INFO - [2024-01-14T15:18:18.568+0000] {dag.py:2585} INFO - Sync 1 DAGs
[2024-01-14T15:18:18.582+0000] {logging_mixin.py:120} INFO - [2024-01-14T15:18:18.582+0000] {dag.py:3340} INFO - Setting next_dagrun for example_xcom to 2021-01-01T00:00:00+00:00, run_after=2021-01-01T00:00:00+00:00
[2024-01-14T15:18:18.594+0000] {processor.py:176} INFO - Processing /home/airflow/.local/lib/python3.7/site-packages/airflow/example_dags/example_xcom.py took 0.073 seconds
[2024-01-14T15:18:49.356+0000] {processor.py:154} INFO - Started process (PID=2320) to work on /home/airflow/.local/lib/python3.7/site-packages/airflow/example_dags/example_xcom.py
[2024-01-14T15:18:49.357+0000] {processor.py:756} INFO - Processing file /home/airflow/.local/lib/python3.7/site-packages/airflow/example_dags/example_xcom.py for tasks to queue
[2024-01-14T15:18:49.358+0000] {logging_mixin.py:120} INFO - [2024-01-14T15:18:49.357+0000] {dagbag.py:537} INFO - Filling up the DagBag from /home/airflow/.local/lib/python3.7/site-packages/airflow/example_dags/example_xcom.py
[2024-01-14T15:18:49.374+0000] {processor.py:766} INFO - DAG(s) dict_keys(['example_xcom']) retrieved from /home/airflow/.local/lib/python3.7/site-packages/airflow/example_dags/example_xcom.py
[2024-01-14T15:18:49.401+0000] {logging_mixin.py:120} INFO - [2024-01-14T15:18:49.401+0000] {dag.py:2585} INFO - Sync 1 DAGs
[2024-01-14T15:18:49.421+0000] {logging_mixin.py:120} INFO - [2024-01-14T15:18:49.421+0000] {dag.py:3340} INFO - Setting next_dagrun for example_xcom to 2021-01-01T00:00:00+00:00, run_after=2021-01-01T00:00:00+00:00
[2024-01-14T15:18:49.434+0000] {processor.py:176} INFO - Processing /home/airflow/.local/lib/python3.7/site-packages/airflow/example_dags/example_xcom.py took 0.080 seconds
[2024-01-14T15:19:20.379+0000] {processor.py:154} INFO - Started process (PID=2383) to work on /home/airflow/.local/lib/python3.7/site-packages/airflow/example_dags/example_xcom.py
[2024-01-14T15:19:20.380+0000] {processor.py:756} INFO - Processing file /home/airflow/.local/lib/python3.7/site-packages/airflow/example_dags/example_xcom.py for tasks to queue
[2024-01-14T15:19:20.380+0000] {logging_mixin.py:120} INFO - [2024-01-14T15:19:20.380+0000] {dagbag.py:537} INFO - Filling up the DagBag from /home/airflow/.local/lib/python3.7/site-packages/airflow/example_dags/example_xcom.py
[2024-01-14T15:19:20.396+0000] {processor.py:766} INFO - DAG(s) dict_keys(['example_xcom']) retrieved from /home/airflow/.local/lib/python3.7/site-packages/airflow/example_dags/example_xcom.py
[2024-01-14T15:19:20.425+0000] {logging_mixin.py:120} INFO - [2024-01-14T15:19:20.425+0000] {dag.py:2585} INFO - Sync 1 DAGs
[2024-01-14T15:19:20.441+0000] {logging_mixin.py:120} INFO - [2024-01-14T15:19:20.441+0000] {dag.py:3340} INFO - Setting next_dagrun for example_xcom to 2021-01-01T00:00:00+00:00, run_after=2021-01-01T00:00:00+00:00
[2024-01-14T15:19:20.453+0000] {processor.py:176} INFO - Processing /home/airflow/.local/lib/python3.7/site-packages/airflow/example_dags/example_xcom.py took 0.076 seconds
[2024-01-14T15:19:50.621+0000] {processor.py:154} INFO - Started process (PID=2444) to work on /home/airflow/.local/lib/python3.7/site-packages/airflow/example_dags/example_xcom.py
[2024-01-14T15:19:50.622+0000] {processor.py:756} INFO - Processing file /home/airflow/.local/lib/python3.7/site-packages/airflow/example_dags/example_xcom.py for tasks to queue
[2024-01-14T15:19:50.622+0000] {logging_mixin.py:120} INFO - [2024-01-14T15:19:50.622+0000] {dagbag.py:537} INFO - Filling up the DagBag from /home/airflow/.local/lib/python3.7/site-packages/airflow/example_dags/example_xcom.py
[2024-01-14T15:19:50.637+0000] {processor.py:766} INFO - DAG(s) dict_keys(['example_xcom']) retrieved from /home/airflow/.local/lib/python3.7/site-packages/airflow/example_dags/example_xcom.py
[2024-01-14T15:19:50.664+0000] {logging_mixin.py:120} INFO - [2024-01-14T15:19:50.664+0000] {dag.py:2585} INFO - Sync 1 DAGs
[2024-01-14T15:19:50.679+0000] {logging_mixin.py:120} INFO - [2024-01-14T15:19:50.679+0000] {dag.py:3340} INFO - Setting next_dagrun for example_xcom to 2021-01-01T00:00:00+00:00, run_after=2021-01-01T00:00:00+00:00
[2024-01-14T15:19:50.690+0000] {processor.py:176} INFO - Processing /home/airflow/.local/lib/python3.7/site-packages/airflow/example_dags/example_xcom.py took 0.072 seconds
[2024-01-14T15:20:21.552+0000] {processor.py:154} INFO - Started process (PID=2500) to work on /home/airflow/.local/lib/python3.7/site-packages/airflow/example_dags/example_xcom.py
[2024-01-14T15:20:21.552+0000] {processor.py:756} INFO - Processing file /home/airflow/.local/lib/python3.7/site-packages/airflow/example_dags/example_xcom.py for tasks to queue
[2024-01-14T15:20:21.553+0000] {logging_mixin.py:120} INFO - [2024-01-14T15:20:21.553+0000] {dagbag.py:537} INFO - Filling up the DagBag from /home/airflow/.local/lib/python3.7/site-packages/airflow/example_dags/example_xcom.py
[2024-01-14T15:20:21.568+0000] {processor.py:766} INFO - DAG(s) dict_keys(['example_xcom']) retrieved from /home/airflow/.local/lib/python3.7/site-packages/airflow/example_dags/example_xcom.py
[2024-01-14T15:20:21.598+0000] {logging_mixin.py:120} INFO - [2024-01-14T15:20:21.598+0000] {dag.py:2585} INFO - Sync 1 DAGs
[2024-01-14T15:20:21.613+0000] {logging_mixin.py:120} INFO - [2024-01-14T15:20:21.613+0000] {dag.py:3340} INFO - Setting next_dagrun for example_xcom to 2021-01-01T00:00:00+00:00, run_after=2021-01-01T00:00:00+00:00
[2024-01-14T15:20:21.624+0000] {processor.py:176} INFO - Processing /home/airflow/.local/lib/python3.7/site-packages/airflow/example_dags/example_xcom.py took 0.075 seconds
[2024-01-14T15:20:52.395+0000] {processor.py:154} INFO - Started process (PID=2563) to work on /home/airflow/.local/lib/python3.7/site-packages/airflow/example_dags/example_xcom.py
[2024-01-14T15:20:52.395+0000] {processor.py:756} INFO - Processing file /home/airflow/.local/lib/python3.7/site-packages/airflow/example_dags/example_xcom.py for tasks to queue
[2024-01-14T15:20:52.396+0000] {logging_mixin.py:120} INFO - [2024-01-14T15:20:52.396+0000] {dagbag.py:537} INFO - Filling up the DagBag from /home/airflow/.local/lib/python3.7/site-packages/airflow/example_dags/example_xcom.py
[2024-01-14T15:20:52.414+0000] {processor.py:766} INFO - DAG(s) dict_keys(['example_xcom']) retrieved from /home/airflow/.local/lib/python3.7/site-packages/airflow/example_dags/example_xcom.py
[2024-01-14T15:20:52.445+0000] {logging_mixin.py:120} INFO - [2024-01-14T15:20:52.445+0000] {dag.py:2585} INFO - Sync 1 DAGs
[2024-01-14T15:20:52.463+0000] {logging_mixin.py:120} INFO - [2024-01-14T15:20:52.463+0000] {dag.py:3340} INFO - Setting next_dagrun for example_xcom to 2021-01-01T00:00:00+00:00, run_after=2021-01-01T00:00:00+00:00
[2024-01-14T15:20:52.474+0000] {processor.py:176} INFO - Processing /home/airflow/.local/lib/python3.7/site-packages/airflow/example_dags/example_xcom.py took 0.082 seconds
[2024-01-14T15:21:23.411+0000] {processor.py:154} INFO - Started process (PID=2626) to work on /home/airflow/.local/lib/python3.7/site-packages/airflow/example_dags/example_xcom.py
[2024-01-14T15:21:23.412+0000] {processor.py:756} INFO - Processing file /home/airflow/.local/lib/python3.7/site-packages/airflow/example_dags/example_xcom.py for tasks to queue
[2024-01-14T15:21:23.413+0000] {logging_mixin.py:120} INFO - [2024-01-14T15:21:23.412+0000] {dagbag.py:537} INFO - Filling up the DagBag from /home/airflow/.local/lib/python3.7/site-packages/airflow/example_dags/example_xcom.py
[2024-01-14T15:21:23.428+0000] {processor.py:766} INFO - DAG(s) dict_keys(['example_xcom']) retrieved from /home/airflow/.local/lib/python3.7/site-packages/airflow/example_dags/example_xcom.py
[2024-01-14T15:21:23.455+0000] {logging_mixin.py:120} INFO - [2024-01-14T15:21:23.455+0000] {dag.py:2585} INFO - Sync 1 DAGs
[2024-01-14T15:21:23.470+0000] {logging_mixin.py:120} INFO - [2024-01-14T15:21:23.470+0000] {dag.py:3340} INFO - Setting next_dagrun for example_xcom to 2021-01-01T00:00:00+00:00, run_after=2021-01-01T00:00:00+00:00
[2024-01-14T15:21:23.481+0000] {processor.py:176} INFO - Processing /home/airflow/.local/lib/python3.7/site-packages/airflow/example_dags/example_xcom.py took 0.072 seconds
[2024-01-14T15:21:54.409+0000] {processor.py:154} INFO - Started process (PID=2689) to work on /home/airflow/.local/lib/python3.7/site-packages/airflow/example_dags/example_xcom.py
[2024-01-14T15:21:54.409+0000] {processor.py:756} INFO - Processing file /home/airflow/.local/lib/python3.7/site-packages/airflow/example_dags/example_xcom.py for tasks to queue
[2024-01-14T15:21:54.410+0000] {logging_mixin.py:120} INFO - [2024-01-14T15:21:54.410+0000] {dagbag.py:537} INFO - Filling up the DagBag from /home/airflow/.local/lib/python3.7/site-packages/airflow/example_dags/example_xcom.py
[2024-01-14T15:21:54.426+0000] {processor.py:766} INFO - DAG(s) dict_keys(['example_xcom']) retrieved from /home/airflow/.local/lib/python3.7/site-packages/airflow/example_dags/example_xcom.py
[2024-01-14T15:21:54.455+0000] {logging_mixin.py:120} INFO - [2024-01-14T15:21:54.455+0000] {dag.py:2585} INFO - Sync 1 DAGs
[2024-01-14T15:21:54.471+0000] {logging_mixin.py:120} INFO - [2024-01-14T15:21:54.471+0000] {dag.py:3340} INFO - Setting next_dagrun for example_xcom to 2021-01-01T00:00:00+00:00, run_after=2021-01-01T00:00:00+00:00
[2024-01-14T15:21:54.481+0000] {processor.py:176} INFO - Processing /home/airflow/.local/lib/python3.7/site-packages/airflow/example_dags/example_xcom.py took 0.075 seconds
[2024-01-14T15:22:25.387+0000] {processor.py:154} INFO - Started process (PID=2752) to work on /home/airflow/.local/lib/python3.7/site-packages/airflow/example_dags/example_xcom.py
[2024-01-14T15:22:25.388+0000] {processor.py:756} INFO - Processing file /home/airflow/.local/lib/python3.7/site-packages/airflow/example_dags/example_xcom.py for tasks to queue
[2024-01-14T15:22:25.388+0000] {logging_mixin.py:120} INFO - [2024-01-14T15:22:25.388+0000] {dagbag.py:537} INFO - Filling up the DagBag from /home/airflow/.local/lib/python3.7/site-packages/airflow/example_dags/example_xcom.py
[2024-01-14T15:22:25.405+0000] {processor.py:766} INFO - DAG(s) dict_keys(['example_xcom']) retrieved from /home/airflow/.local/lib/python3.7/site-packages/airflow/example_dags/example_xcom.py
[2024-01-14T15:22:25.434+0000] {logging_mixin.py:120} INFO - [2024-01-14T15:22:25.434+0000] {dag.py:2585} INFO - Sync 1 DAGs
[2024-01-14T15:22:25.449+0000] {logging_mixin.py:120} INFO - [2024-01-14T15:22:25.449+0000] {dag.py:3340} INFO - Setting next_dagrun for example_xcom to 2021-01-01T00:00:00+00:00, run_after=2021-01-01T00:00:00+00:00
[2024-01-14T15:22:25.460+0000] {processor.py:176} INFO - Processing /home/airflow/.local/lib/python3.7/site-packages/airflow/example_dags/example_xcom.py took 0.075 seconds
[2024-01-14T15:22:55.577+0000] {processor.py:154} INFO - Started process (PID=2815) to work on /home/airflow/.local/lib/python3.7/site-packages/airflow/example_dags/example_xcom.py
[2024-01-14T15:22:55.577+0000] {processor.py:756} INFO - Processing file /home/airflow/.local/lib/python3.7/site-packages/airflow/example_dags/example_xcom.py for tasks to queue
[2024-01-14T15:22:55.578+0000] {logging_mixin.py:120} INFO - [2024-01-14T15:22:55.578+0000] {dagbag.py:537} INFO - Filling up the DagBag from /home/airflow/.local/lib/python3.7/site-packages/airflow/example_dags/example_xcom.py
[2024-01-14T15:22:55.595+0000] {processor.py:766} INFO - DAG(s) dict_keys(['example_xcom']) retrieved from /home/airflow/.local/lib/python3.7/site-packages/airflow/example_dags/example_xcom.py
[2024-01-14T15:22:55.622+0000] {logging_mixin.py:120} INFO - [2024-01-14T15:22:55.622+0000] {dag.py:2585} INFO - Sync 1 DAGs
[2024-01-14T15:22:55.638+0000] {logging_mixin.py:120} INFO - [2024-01-14T15:22:55.638+0000] {dag.py:3340} INFO - Setting next_dagrun for example_xcom to 2021-01-01T00:00:00+00:00, run_after=2021-01-01T00:00:00+00:00
[2024-01-14T15:22:55.650+0000] {processor.py:176} INFO - Processing /home/airflow/.local/lib/python3.7/site-packages/airflow/example_dags/example_xcom.py took 0.077 seconds
