[2024-01-14T15:00:01.013+0000] {processor.py:154} INFO - Started process (PID=75) to work on /home/airflow/.local/lib/python3.7/site-packages/airflow/example_dags/tutorial_taskflow_api_virtualenv.py
[2024-01-14T15:00:01.015+0000] {processor.py:756} INFO - Processing file /home/airflow/.local/lib/python3.7/site-packages/airflow/example_dags/tutorial_taskflow_api_virtualenv.py for tasks to queue
[2024-01-14T15:00:01.016+0000] {logging_mixin.py:120} INFO - [2024-01-14T15:00:01.016+0000] {dagbag.py:537} INFO - Filling up the DagBag from /home/airflow/.local/lib/python3.7/site-packages/airflow/example_dags/tutorial_taskflow_api_virtualenv.py
[2024-01-14T15:00:01.064+0000] {processor.py:766} INFO - DAG(s) dict_keys(['tutorial_taskflow_api_virtualenv']) retrieved from /home/airflow/.local/lib/python3.7/site-packages/airflow/example_dags/tutorial_taskflow_api_virtualenv.py
[2024-01-14T15:00:01.418+0000] {logging_mixin.py:120} INFO - [2024-01-14T15:00:01.418+0000] {manager.py:507} INFO - Created Permission View: can read on DAG:tutorial_taskflow_api_virtualenv
[2024-01-14T15:00:01.429+0000] {logging_mixin.py:120} INFO - [2024-01-14T15:00:01.429+0000] {manager.py:507} INFO - Created Permission View: can edit on DAG:tutorial_taskflow_api_virtualenv
[2024-01-14T15:00:01.441+0000] {logging_mixin.py:120} INFO - [2024-01-14T15:00:01.441+0000] {manager.py:507} INFO - Created Permission View: can delete on DAG:tutorial_taskflow_api_virtualenv
[2024-01-14T15:00:01.443+0000] {logging_mixin.py:120} INFO - [2024-01-14T15:00:01.442+0000] {dag.py:2585} INFO - Sync 1 DAGs
[2024-01-14T15:00:01.492+0000] {logging_mixin.py:120} INFO - [2024-01-14T15:00:01.491+0000] {dag.py:2606} INFO - Creating ORM DAG for tutorial_taskflow_api_virtualenv
[2024-01-14T15:00:01.517+0000] {logging_mixin.py:120} INFO - [2024-01-14T15:00:01.517+0000] {dag.py:3340} INFO - Setting next_dagrun for tutorial_taskflow_api_virtualenv to None, run_after=None
[2024-01-14T15:00:01.576+0000] {processor.py:176} INFO - Processing /home/airflow/.local/lib/python3.7/site-packages/airflow/example_dags/tutorial_taskflow_api_virtualenv.py took 0.569 seconds
[2024-01-14T15:00:32.257+0000] {processor.py:154} INFO - Started process (PID=129) to work on /home/airflow/.local/lib/python3.7/site-packages/airflow/example_dags/tutorial_taskflow_api_virtualenv.py
[2024-01-14T15:00:32.258+0000] {processor.py:756} INFO - Processing file /home/airflow/.local/lib/python3.7/site-packages/airflow/example_dags/tutorial_taskflow_api_virtualenv.py for tasks to queue
[2024-01-14T15:00:32.258+0000] {logging_mixin.py:120} INFO - [2024-01-14T15:00:32.258+0000] {dagbag.py:537} INFO - Filling up the DagBag from /home/airflow/.local/lib/python3.7/site-packages/airflow/example_dags/tutorial_taskflow_api_virtualenv.py
[2024-01-14T15:00:32.272+0000] {processor.py:766} INFO - DAG(s) dict_keys(['tutorial_taskflow_api_virtualenv']) retrieved from /home/airflow/.local/lib/python3.7/site-packages/airflow/example_dags/tutorial_taskflow_api_virtualenv.py
[2024-01-14T15:00:32.298+0000] {logging_mixin.py:120} INFO - [2024-01-14T15:00:32.298+0000] {dag.py:2585} INFO - Sync 1 DAGs
[2024-01-14T15:00:32.314+0000] {logging_mixin.py:120} INFO - [2024-01-14T15:00:32.314+0000] {dag.py:3340} INFO - Setting next_dagrun for tutorial_taskflow_api_virtualenv to None, run_after=None
[2024-01-14T15:00:32.324+0000] {processor.py:176} INFO - Processing /home/airflow/.local/lib/python3.7/site-packages/airflow/example_dags/tutorial_taskflow_api_virtualenv.py took 0.069 seconds
[2024-01-14T15:01:02.427+0000] {processor.py:154} INFO - Started process (PID=193) to work on /home/airflow/.local/lib/python3.7/site-packages/airflow/example_dags/tutorial_taskflow_api_virtualenv.py
[2024-01-14T15:01:02.427+0000] {processor.py:756} INFO - Processing file /home/airflow/.local/lib/python3.7/site-packages/airflow/example_dags/tutorial_taskflow_api_virtualenv.py for tasks to queue
[2024-01-14T15:01:02.428+0000] {logging_mixin.py:120} INFO - [2024-01-14T15:01:02.428+0000] {dagbag.py:537} INFO - Filling up the DagBag from /home/airflow/.local/lib/python3.7/site-packages/airflow/example_dags/tutorial_taskflow_api_virtualenv.py
[2024-01-14T15:01:02.442+0000] {processor.py:766} INFO - DAG(s) dict_keys(['tutorial_taskflow_api_virtualenv']) retrieved from /home/airflow/.local/lib/python3.7/site-packages/airflow/example_dags/tutorial_taskflow_api_virtualenv.py
[2024-01-14T15:01:02.469+0000] {logging_mixin.py:120} INFO - [2024-01-14T15:01:02.469+0000] {dag.py:2585} INFO - Sync 1 DAGs
[2024-01-14T15:01:02.484+0000] {logging_mixin.py:120} INFO - [2024-01-14T15:01:02.484+0000] {dag.py:3340} INFO - Setting next_dagrun for tutorial_taskflow_api_virtualenv to None, run_after=None
[2024-01-14T15:01:02.495+0000] {processor.py:176} INFO - Processing /home/airflow/.local/lib/python3.7/site-packages/airflow/example_dags/tutorial_taskflow_api_virtualenv.py took 0.072 seconds
[2024-01-14T15:01:33.426+0000] {processor.py:154} INFO - Started process (PID=256) to work on /home/airflow/.local/lib/python3.7/site-packages/airflow/example_dags/tutorial_taskflow_api_virtualenv.py
[2024-01-14T15:01:33.428+0000] {processor.py:756} INFO - Processing file /home/airflow/.local/lib/python3.7/site-packages/airflow/example_dags/tutorial_taskflow_api_virtualenv.py for tasks to queue
[2024-01-14T15:01:33.429+0000] {logging_mixin.py:120} INFO - [2024-01-14T15:01:33.429+0000] {dagbag.py:537} INFO - Filling up the DagBag from /home/airflow/.local/lib/python3.7/site-packages/airflow/example_dags/tutorial_taskflow_api_virtualenv.py
[2024-01-14T15:01:33.448+0000] {processor.py:766} INFO - DAG(s) dict_keys(['tutorial_taskflow_api_virtualenv']) retrieved from /home/airflow/.local/lib/python3.7/site-packages/airflow/example_dags/tutorial_taskflow_api_virtualenv.py
[2024-01-14T15:01:33.476+0000] {logging_mixin.py:120} INFO - [2024-01-14T15:01:33.475+0000] {dag.py:2585} INFO - Sync 1 DAGs
[2024-01-14T15:01:33.490+0000] {logging_mixin.py:120} INFO - [2024-01-14T15:01:33.490+0000] {dag.py:3340} INFO - Setting next_dagrun for tutorial_taskflow_api_virtualenv to None, run_after=None
[2024-01-14T15:01:33.501+0000] {processor.py:176} INFO - Processing /home/airflow/.local/lib/python3.7/site-packages/airflow/example_dags/tutorial_taskflow_api_virtualenv.py took 0.080 seconds
[2024-01-14T15:02:03.574+0000] {processor.py:154} INFO - Started process (PID=319) to work on /home/airflow/.local/lib/python3.7/site-packages/airflow/example_dags/tutorial_taskflow_api_virtualenv.py
[2024-01-14T15:02:03.576+0000] {processor.py:756} INFO - Processing file /home/airflow/.local/lib/python3.7/site-packages/airflow/example_dags/tutorial_taskflow_api_virtualenv.py for tasks to queue
[2024-01-14T15:02:03.577+0000] {logging_mixin.py:120} INFO - [2024-01-14T15:02:03.577+0000] {dagbag.py:537} INFO - Filling up the DagBag from /home/airflow/.local/lib/python3.7/site-packages/airflow/example_dags/tutorial_taskflow_api_virtualenv.py
[2024-01-14T15:02:03.596+0000] {processor.py:766} INFO - DAG(s) dict_keys(['tutorial_taskflow_api_virtualenv']) retrieved from /home/airflow/.local/lib/python3.7/site-packages/airflow/example_dags/tutorial_taskflow_api_virtualenv.py
[2024-01-14T15:02:03.624+0000] {logging_mixin.py:120} INFO - [2024-01-14T15:02:03.624+0000] {dag.py:2585} INFO - Sync 1 DAGs
[2024-01-14T15:02:03.639+0000] {logging_mixin.py:120} INFO - [2024-01-14T15:02:03.639+0000] {dag.py:3340} INFO - Setting next_dagrun for tutorial_taskflow_api_virtualenv to None, run_after=None
[2024-01-14T15:02:03.651+0000] {processor.py:176} INFO - Processing /home/airflow/.local/lib/python3.7/site-packages/airflow/example_dags/tutorial_taskflow_api_virtualenv.py took 0.082 seconds
[2024-01-14T15:02:33.693+0000] {processor.py:154} INFO - Started process (PID=381) to work on /home/airflow/.local/lib/python3.7/site-packages/airflow/example_dags/tutorial_taskflow_api_virtualenv.py
[2024-01-14T15:02:33.695+0000] {processor.py:756} INFO - Processing file /home/airflow/.local/lib/python3.7/site-packages/airflow/example_dags/tutorial_taskflow_api_virtualenv.py for tasks to queue
[2024-01-14T15:02:33.696+0000] {logging_mixin.py:120} INFO - [2024-01-14T15:02:33.696+0000] {dagbag.py:537} INFO - Filling up the DagBag from /home/airflow/.local/lib/python3.7/site-packages/airflow/example_dags/tutorial_taskflow_api_virtualenv.py
[2024-01-14T15:02:33.721+0000] {processor.py:766} INFO - DAG(s) dict_keys(['tutorial_taskflow_api_virtualenv']) retrieved from /home/airflow/.local/lib/python3.7/site-packages/airflow/example_dags/tutorial_taskflow_api_virtualenv.py
[2024-01-14T15:02:33.758+0000] {logging_mixin.py:120} INFO - [2024-01-14T15:02:33.758+0000] {dag.py:2585} INFO - Sync 1 DAGs
[2024-01-14T15:02:33.775+0000] {logging_mixin.py:120} INFO - [2024-01-14T15:02:33.775+0000] {dag.py:3340} INFO - Setting next_dagrun for tutorial_taskflow_api_virtualenv to None, run_after=None
[2024-01-14T15:02:33.786+0000] {processor.py:176} INFO - Processing /home/airflow/.local/lib/python3.7/site-packages/airflow/example_dags/tutorial_taskflow_api_virtualenv.py took 0.099 seconds
[2024-01-14T15:03:03.910+0000] {processor.py:154} INFO - Started process (PID=436) to work on /home/airflow/.local/lib/python3.7/site-packages/airflow/example_dags/tutorial_taskflow_api_virtualenv.py
[2024-01-14T15:03:03.911+0000] {processor.py:756} INFO - Processing file /home/airflow/.local/lib/python3.7/site-packages/airflow/example_dags/tutorial_taskflow_api_virtualenv.py for tasks to queue
[2024-01-14T15:03:03.912+0000] {logging_mixin.py:120} INFO - [2024-01-14T15:03:03.912+0000] {dagbag.py:537} INFO - Filling up the DagBag from /home/airflow/.local/lib/python3.7/site-packages/airflow/example_dags/tutorial_taskflow_api_virtualenv.py
[2024-01-14T15:03:03.931+0000] {processor.py:766} INFO - DAG(s) dict_keys(['tutorial_taskflow_api_virtualenv']) retrieved from /home/airflow/.local/lib/python3.7/site-packages/airflow/example_dags/tutorial_taskflow_api_virtualenv.py
[2024-01-14T15:03:03.957+0000] {logging_mixin.py:120} INFO - [2024-01-14T15:03:03.957+0000] {dag.py:2585} INFO - Sync 1 DAGs
[2024-01-14T15:03:03.973+0000] {logging_mixin.py:120} INFO - [2024-01-14T15:03:03.972+0000] {dag.py:3340} INFO - Setting next_dagrun for tutorial_taskflow_api_virtualenv to None, run_after=None
[2024-01-14T15:03:03.983+0000] {processor.py:176} INFO - Processing /home/airflow/.local/lib/python3.7/site-packages/airflow/example_dags/tutorial_taskflow_api_virtualenv.py took 0.078 seconds
[2024-01-14T15:03:34.094+0000] {processor.py:154} INFO - Started process (PID=499) to work on /home/airflow/.local/lib/python3.7/site-packages/airflow/example_dags/tutorial_taskflow_api_virtualenv.py
[2024-01-14T15:03:34.095+0000] {processor.py:756} INFO - Processing file /home/airflow/.local/lib/python3.7/site-packages/airflow/example_dags/tutorial_taskflow_api_virtualenv.py for tasks to queue
[2024-01-14T15:03:34.096+0000] {logging_mixin.py:120} INFO - [2024-01-14T15:03:34.095+0000] {dagbag.py:537} INFO - Filling up the DagBag from /home/airflow/.local/lib/python3.7/site-packages/airflow/example_dags/tutorial_taskflow_api_virtualenv.py
[2024-01-14T15:03:34.114+0000] {processor.py:766} INFO - DAG(s) dict_keys(['tutorial_taskflow_api_virtualenv']) retrieved from /home/airflow/.local/lib/python3.7/site-packages/airflow/example_dags/tutorial_taskflow_api_virtualenv.py
[2024-01-14T15:03:34.144+0000] {logging_mixin.py:120} INFO - [2024-01-14T15:03:34.144+0000] {dag.py:2585} INFO - Sync 1 DAGs
[2024-01-14T15:03:34.159+0000] {logging_mixin.py:120} INFO - [2024-01-14T15:03:34.159+0000] {dag.py:3340} INFO - Setting next_dagrun for tutorial_taskflow_api_virtualenv to None, run_after=None
[2024-01-14T15:03:34.170+0000] {processor.py:176} INFO - Processing /home/airflow/.local/lib/python3.7/site-packages/airflow/example_dags/tutorial_taskflow_api_virtualenv.py took 0.080 seconds
[2024-01-14T15:04:04.997+0000] {processor.py:154} INFO - Started process (PID=562) to work on /home/airflow/.local/lib/python3.7/site-packages/airflow/example_dags/tutorial_taskflow_api_virtualenv.py
[2024-01-14T15:04:04.998+0000] {processor.py:756} INFO - Processing file /home/airflow/.local/lib/python3.7/site-packages/airflow/example_dags/tutorial_taskflow_api_virtualenv.py for tasks to queue
[2024-01-14T15:04:04.999+0000] {logging_mixin.py:120} INFO - [2024-01-14T15:04:04.999+0000] {dagbag.py:537} INFO - Filling up the DagBag from /home/airflow/.local/lib/python3.7/site-packages/airflow/example_dags/tutorial_taskflow_api_virtualenv.py
[2024-01-14T15:04:05.016+0000] {processor.py:766} INFO - DAG(s) dict_keys(['tutorial_taskflow_api_virtualenv']) retrieved from /home/airflow/.local/lib/python3.7/site-packages/airflow/example_dags/tutorial_taskflow_api_virtualenv.py
[2024-01-14T15:04:05.043+0000] {logging_mixin.py:120} INFO - [2024-01-14T15:04:05.043+0000] {dag.py:2585} INFO - Sync 1 DAGs
[2024-01-14T15:04:05.058+0000] {logging_mixin.py:120} INFO - [2024-01-14T15:04:05.058+0000] {dag.py:3340} INFO - Setting next_dagrun for tutorial_taskflow_api_virtualenv to None, run_after=None
[2024-01-14T15:04:05.069+0000] {processor.py:176} INFO - Processing /home/airflow/.local/lib/python3.7/site-packages/airflow/example_dags/tutorial_taskflow_api_virtualenv.py took 0.075 seconds
[2024-01-14T15:04:35.171+0000] {processor.py:154} INFO - Started process (PID=625) to work on /home/airflow/.local/lib/python3.7/site-packages/airflow/example_dags/tutorial_taskflow_api_virtualenv.py
[2024-01-14T15:04:35.172+0000] {processor.py:756} INFO - Processing file /home/airflow/.local/lib/python3.7/site-packages/airflow/example_dags/tutorial_taskflow_api_virtualenv.py for tasks to queue
[2024-01-14T15:04:35.173+0000] {logging_mixin.py:120} INFO - [2024-01-14T15:04:35.173+0000] {dagbag.py:537} INFO - Filling up the DagBag from /home/airflow/.local/lib/python3.7/site-packages/airflow/example_dags/tutorial_taskflow_api_virtualenv.py
[2024-01-14T15:04:35.187+0000] {processor.py:766} INFO - DAG(s) dict_keys(['tutorial_taskflow_api_virtualenv']) retrieved from /home/airflow/.local/lib/python3.7/site-packages/airflow/example_dags/tutorial_taskflow_api_virtualenv.py
[2024-01-14T15:04:35.214+0000] {logging_mixin.py:120} INFO - [2024-01-14T15:04:35.214+0000] {dag.py:2585} INFO - Sync 1 DAGs
[2024-01-14T15:04:35.229+0000] {logging_mixin.py:120} INFO - [2024-01-14T15:04:35.229+0000] {dag.py:3340} INFO - Setting next_dagrun for tutorial_taskflow_api_virtualenv to None, run_after=None
[2024-01-14T15:04:35.242+0000] {processor.py:176} INFO - Processing /home/airflow/.local/lib/python3.7/site-packages/airflow/example_dags/tutorial_taskflow_api_virtualenv.py took 0.074 seconds
[2024-01-14T15:05:05.290+0000] {processor.py:154} INFO - Started process (PID=687) to work on /home/airflow/.local/lib/python3.7/site-packages/airflow/example_dags/tutorial_taskflow_api_virtualenv.py
[2024-01-14T15:05:05.292+0000] {processor.py:756} INFO - Processing file /home/airflow/.local/lib/python3.7/site-packages/airflow/example_dags/tutorial_taskflow_api_virtualenv.py for tasks to queue
[2024-01-14T15:05:05.293+0000] {logging_mixin.py:120} INFO - [2024-01-14T15:05:05.293+0000] {dagbag.py:537} INFO - Filling up the DagBag from /home/airflow/.local/lib/python3.7/site-packages/airflow/example_dags/tutorial_taskflow_api_virtualenv.py
[2024-01-14T15:05:05.316+0000] {processor.py:766} INFO - DAG(s) dict_keys(['tutorial_taskflow_api_virtualenv']) retrieved from /home/airflow/.local/lib/python3.7/site-packages/airflow/example_dags/tutorial_taskflow_api_virtualenv.py
[2024-01-14T15:05:05.342+0000] {logging_mixin.py:120} INFO - [2024-01-14T15:05:05.342+0000] {dag.py:2585} INFO - Sync 1 DAGs
[2024-01-14T15:05:05.358+0000] {logging_mixin.py:120} INFO - [2024-01-14T15:05:05.358+0000] {dag.py:3340} INFO - Setting next_dagrun for tutorial_taskflow_api_virtualenv to None, run_after=None
[2024-01-14T15:05:05.368+0000] {processor.py:176} INFO - Processing /home/airflow/.local/lib/python3.7/site-packages/airflow/example_dags/tutorial_taskflow_api_virtualenv.py took 0.083 seconds
[2024-01-14T15:05:36.243+0000] {processor.py:154} INFO - Started process (PID=751) to work on /home/airflow/.local/lib/python3.7/site-packages/airflow/example_dags/tutorial_taskflow_api_virtualenv.py
[2024-01-14T15:05:36.244+0000] {processor.py:756} INFO - Processing file /home/airflow/.local/lib/python3.7/site-packages/airflow/example_dags/tutorial_taskflow_api_virtualenv.py for tasks to queue
[2024-01-14T15:05:36.245+0000] {logging_mixin.py:120} INFO - [2024-01-14T15:05:36.245+0000] {dagbag.py:537} INFO - Filling up the DagBag from /home/airflow/.local/lib/python3.7/site-packages/airflow/example_dags/tutorial_taskflow_api_virtualenv.py
[2024-01-14T15:05:36.258+0000] {processor.py:766} INFO - DAG(s) dict_keys(['tutorial_taskflow_api_virtualenv']) retrieved from /home/airflow/.local/lib/python3.7/site-packages/airflow/example_dags/tutorial_taskflow_api_virtualenv.py
[2024-01-14T15:05:36.284+0000] {logging_mixin.py:120} INFO - [2024-01-14T15:05:36.284+0000] {dag.py:2585} INFO - Sync 1 DAGs
[2024-01-14T15:05:36.300+0000] {logging_mixin.py:120} INFO - [2024-01-14T15:05:36.300+0000] {dag.py:3340} INFO - Setting next_dagrun for tutorial_taskflow_api_virtualenv to None, run_after=None
[2024-01-14T15:05:36.312+0000] {processor.py:176} INFO - Processing /home/airflow/.local/lib/python3.7/site-packages/airflow/example_dags/tutorial_taskflow_api_virtualenv.py took 0.071 seconds
[2024-01-14T15:06:07.146+0000] {processor.py:154} INFO - Started process (PID=805) to work on /home/airflow/.local/lib/python3.7/site-packages/airflow/example_dags/tutorial_taskflow_api_virtualenv.py
[2024-01-14T15:06:07.148+0000] {processor.py:756} INFO - Processing file /home/airflow/.local/lib/python3.7/site-packages/airflow/example_dags/tutorial_taskflow_api_virtualenv.py for tasks to queue
[2024-01-14T15:06:07.149+0000] {logging_mixin.py:120} INFO - [2024-01-14T15:06:07.149+0000] {dagbag.py:537} INFO - Filling up the DagBag from /home/airflow/.local/lib/python3.7/site-packages/airflow/example_dags/tutorial_taskflow_api_virtualenv.py
[2024-01-14T15:06:07.169+0000] {processor.py:766} INFO - DAG(s) dict_keys(['tutorial_taskflow_api_virtualenv']) retrieved from /home/airflow/.local/lib/python3.7/site-packages/airflow/example_dags/tutorial_taskflow_api_virtualenv.py
[2024-01-14T15:06:07.197+0000] {logging_mixin.py:120} INFO - [2024-01-14T15:06:07.197+0000] {dag.py:2585} INFO - Sync 1 DAGs
[2024-01-14T15:06:07.211+0000] {logging_mixin.py:120} INFO - [2024-01-14T15:06:07.211+0000] {dag.py:3340} INFO - Setting next_dagrun for tutorial_taskflow_api_virtualenv to None, run_after=None
[2024-01-14T15:06:07.222+0000] {processor.py:176} INFO - Processing /home/airflow/.local/lib/python3.7/site-packages/airflow/example_dags/tutorial_taskflow_api_virtualenv.py took 0.081 seconds
[2024-01-14T15:06:37.303+0000] {processor.py:154} INFO - Started process (PID=868) to work on /home/airflow/.local/lib/python3.7/site-packages/airflow/example_dags/tutorial_taskflow_api_virtualenv.py
[2024-01-14T15:06:37.304+0000] {processor.py:756} INFO - Processing file /home/airflow/.local/lib/python3.7/site-packages/airflow/example_dags/tutorial_taskflow_api_virtualenv.py for tasks to queue
[2024-01-14T15:06:37.304+0000] {logging_mixin.py:120} INFO - [2024-01-14T15:06:37.304+0000] {dagbag.py:537} INFO - Filling up the DagBag from /home/airflow/.local/lib/python3.7/site-packages/airflow/example_dags/tutorial_taskflow_api_virtualenv.py
[2024-01-14T15:06:37.319+0000] {processor.py:766} INFO - DAG(s) dict_keys(['tutorial_taskflow_api_virtualenv']) retrieved from /home/airflow/.local/lib/python3.7/site-packages/airflow/example_dags/tutorial_taskflow_api_virtualenv.py
[2024-01-14T15:06:37.346+0000] {logging_mixin.py:120} INFO - [2024-01-14T15:06:37.346+0000] {dag.py:2585} INFO - Sync 1 DAGs
[2024-01-14T15:06:37.363+0000] {logging_mixin.py:120} INFO - [2024-01-14T15:06:37.363+0000] {dag.py:3340} INFO - Setting next_dagrun for tutorial_taskflow_api_virtualenv to None, run_after=None
[2024-01-14T15:06:37.375+0000] {processor.py:176} INFO - Processing /home/airflow/.local/lib/python3.7/site-packages/airflow/example_dags/tutorial_taskflow_api_virtualenv.py took 0.074 seconds
[2024-01-14T15:07:08.289+0000] {processor.py:154} INFO - Started process (PID=931) to work on /home/airflow/.local/lib/python3.7/site-packages/airflow/example_dags/tutorial_taskflow_api_virtualenv.py
[2024-01-14T15:07:08.290+0000] {processor.py:756} INFO - Processing file /home/airflow/.local/lib/python3.7/site-packages/airflow/example_dags/tutorial_taskflow_api_virtualenv.py for tasks to queue
[2024-01-14T15:07:08.291+0000] {logging_mixin.py:120} INFO - [2024-01-14T15:07:08.291+0000] {dagbag.py:537} INFO - Filling up the DagBag from /home/airflow/.local/lib/python3.7/site-packages/airflow/example_dags/tutorial_taskflow_api_virtualenv.py
[2024-01-14T15:07:08.305+0000] {processor.py:766} INFO - DAG(s) dict_keys(['tutorial_taskflow_api_virtualenv']) retrieved from /home/airflow/.local/lib/python3.7/site-packages/airflow/example_dags/tutorial_taskflow_api_virtualenv.py
[2024-01-14T15:07:08.331+0000] {logging_mixin.py:120} INFO - [2024-01-14T15:07:08.331+0000] {dag.py:2585} INFO - Sync 1 DAGs
[2024-01-14T15:07:08.346+0000] {logging_mixin.py:120} INFO - [2024-01-14T15:07:08.346+0000] {dag.py:3340} INFO - Setting next_dagrun for tutorial_taskflow_api_virtualenv to None, run_after=None
[2024-01-14T15:07:08.358+0000] {processor.py:176} INFO - Processing /home/airflow/.local/lib/python3.7/site-packages/airflow/example_dags/tutorial_taskflow_api_virtualenv.py took 0.071 seconds
[2024-01-14T15:07:39.265+0000] {processor.py:154} INFO - Started process (PID=993) to work on /home/airflow/.local/lib/python3.7/site-packages/airflow/example_dags/tutorial_taskflow_api_virtualenv.py
[2024-01-14T15:07:39.266+0000] {processor.py:756} INFO - Processing file /home/airflow/.local/lib/python3.7/site-packages/airflow/example_dags/tutorial_taskflow_api_virtualenv.py for tasks to queue
[2024-01-14T15:07:39.267+0000] {logging_mixin.py:120} INFO - [2024-01-14T15:07:39.266+0000] {dagbag.py:537} INFO - Filling up the DagBag from /home/airflow/.local/lib/python3.7/site-packages/airflow/example_dags/tutorial_taskflow_api_virtualenv.py
[2024-01-14T15:07:39.282+0000] {processor.py:766} INFO - DAG(s) dict_keys(['tutorial_taskflow_api_virtualenv']) retrieved from /home/airflow/.local/lib/python3.7/site-packages/airflow/example_dags/tutorial_taskflow_api_virtualenv.py
[2024-01-14T15:07:39.313+0000] {logging_mixin.py:120} INFO - [2024-01-14T15:07:39.313+0000] {dag.py:2585} INFO - Sync 1 DAGs
[2024-01-14T15:07:39.331+0000] {logging_mixin.py:120} INFO - [2024-01-14T15:07:39.330+0000] {dag.py:3340} INFO - Setting next_dagrun for tutorial_taskflow_api_virtualenv to None, run_after=None
[2024-01-14T15:07:39.343+0000] {processor.py:176} INFO - Processing /home/airflow/.local/lib/python3.7/site-packages/airflow/example_dags/tutorial_taskflow_api_virtualenv.py took 0.080 seconds
[2024-01-14T15:08:09.486+0000] {processor.py:154} INFO - Started process (PID=1056) to work on /home/airflow/.local/lib/python3.7/site-packages/airflow/example_dags/tutorial_taskflow_api_virtualenv.py
[2024-01-14T15:08:09.486+0000] {processor.py:756} INFO - Processing file /home/airflow/.local/lib/python3.7/site-packages/airflow/example_dags/tutorial_taskflow_api_virtualenv.py for tasks to queue
[2024-01-14T15:08:09.487+0000] {logging_mixin.py:120} INFO - [2024-01-14T15:08:09.487+0000] {dagbag.py:537} INFO - Filling up the DagBag from /home/airflow/.local/lib/python3.7/site-packages/airflow/example_dags/tutorial_taskflow_api_virtualenv.py
[2024-01-14T15:08:09.502+0000] {processor.py:766} INFO - DAG(s) dict_keys(['tutorial_taskflow_api_virtualenv']) retrieved from /home/airflow/.local/lib/python3.7/site-packages/airflow/example_dags/tutorial_taskflow_api_virtualenv.py
[2024-01-14T15:08:09.531+0000] {logging_mixin.py:120} INFO - [2024-01-14T15:08:09.531+0000] {dag.py:2585} INFO - Sync 1 DAGs
[2024-01-14T15:08:09.547+0000] {logging_mixin.py:120} INFO - [2024-01-14T15:08:09.547+0000] {dag.py:3340} INFO - Setting next_dagrun for tutorial_taskflow_api_virtualenv to None, run_after=None
[2024-01-14T15:08:09.558+0000] {processor.py:176} INFO - Processing /home/airflow/.local/lib/python3.7/site-packages/airflow/example_dags/tutorial_taskflow_api_virtualenv.py took 0.075 seconds
[2024-01-14T15:08:40.403+0000] {processor.py:154} INFO - Started process (PID=1119) to work on /home/airflow/.local/lib/python3.7/site-packages/airflow/example_dags/tutorial_taskflow_api_virtualenv.py
[2024-01-14T15:08:40.404+0000] {processor.py:756} INFO - Processing file /home/airflow/.local/lib/python3.7/site-packages/airflow/example_dags/tutorial_taskflow_api_virtualenv.py for tasks to queue
[2024-01-14T15:08:40.404+0000] {logging_mixin.py:120} INFO - [2024-01-14T15:08:40.404+0000] {dagbag.py:537} INFO - Filling up the DagBag from /home/airflow/.local/lib/python3.7/site-packages/airflow/example_dags/tutorial_taskflow_api_virtualenv.py
[2024-01-14T15:08:40.419+0000] {processor.py:766} INFO - DAG(s) dict_keys(['tutorial_taskflow_api_virtualenv']) retrieved from /home/airflow/.local/lib/python3.7/site-packages/airflow/example_dags/tutorial_taskflow_api_virtualenv.py
[2024-01-14T15:08:40.447+0000] {logging_mixin.py:120} INFO - [2024-01-14T15:08:40.447+0000] {dag.py:2585} INFO - Sync 1 DAGs
[2024-01-14T15:08:40.463+0000] {logging_mixin.py:120} INFO - [2024-01-14T15:08:40.463+0000] {dag.py:3340} INFO - Setting next_dagrun for tutorial_taskflow_api_virtualenv to None, run_after=None
[2024-01-14T15:08:40.474+0000] {processor.py:176} INFO - Processing /home/airflow/.local/lib/python3.7/site-packages/airflow/example_dags/tutorial_taskflow_api_virtualenv.py took 0.073 seconds
[2024-01-14T15:09:11.397+0000] {processor.py:154} INFO - Started process (PID=1173) to work on /home/airflow/.local/lib/python3.7/site-packages/airflow/example_dags/tutorial_taskflow_api_virtualenv.py
[2024-01-14T15:09:11.398+0000] {processor.py:756} INFO - Processing file /home/airflow/.local/lib/python3.7/site-packages/airflow/example_dags/tutorial_taskflow_api_virtualenv.py for tasks to queue
[2024-01-14T15:09:11.398+0000] {logging_mixin.py:120} INFO - [2024-01-14T15:09:11.398+0000] {dagbag.py:537} INFO - Filling up the DagBag from /home/airflow/.local/lib/python3.7/site-packages/airflow/example_dags/tutorial_taskflow_api_virtualenv.py
[2024-01-14T15:09:11.412+0000] {processor.py:766} INFO - DAG(s) dict_keys(['tutorial_taskflow_api_virtualenv']) retrieved from /home/airflow/.local/lib/python3.7/site-packages/airflow/example_dags/tutorial_taskflow_api_virtualenv.py
[2024-01-14T15:09:11.439+0000] {logging_mixin.py:120} INFO - [2024-01-14T15:09:11.439+0000] {dag.py:2585} INFO - Sync 1 DAGs
[2024-01-14T15:09:11.455+0000] {logging_mixin.py:120} INFO - [2024-01-14T15:09:11.455+0000] {dag.py:3340} INFO - Setting next_dagrun for tutorial_taskflow_api_virtualenv to None, run_after=None
[2024-01-14T15:09:11.466+0000] {processor.py:176} INFO - Processing /home/airflow/.local/lib/python3.7/site-packages/airflow/example_dags/tutorial_taskflow_api_virtualenv.py took 0.072 seconds
[2024-01-14T15:09:42.381+0000] {processor.py:154} INFO - Started process (PID=1236) to work on /home/airflow/.local/lib/python3.7/site-packages/airflow/example_dags/tutorial_taskflow_api_virtualenv.py
[2024-01-14T15:09:42.381+0000] {processor.py:756} INFO - Processing file /home/airflow/.local/lib/python3.7/site-packages/airflow/example_dags/tutorial_taskflow_api_virtualenv.py for tasks to queue
[2024-01-14T15:09:42.382+0000] {logging_mixin.py:120} INFO - [2024-01-14T15:09:42.382+0000] {dagbag.py:537} INFO - Filling up the DagBag from /home/airflow/.local/lib/python3.7/site-packages/airflow/example_dags/tutorial_taskflow_api_virtualenv.py
[2024-01-14T15:09:42.396+0000] {processor.py:766} INFO - DAG(s) dict_keys(['tutorial_taskflow_api_virtualenv']) retrieved from /home/airflow/.local/lib/python3.7/site-packages/airflow/example_dags/tutorial_taskflow_api_virtualenv.py
[2024-01-14T15:09:42.423+0000] {logging_mixin.py:120} INFO - [2024-01-14T15:09:42.423+0000] {dag.py:2585} INFO - Sync 1 DAGs
[2024-01-14T15:09:42.439+0000] {logging_mixin.py:120} INFO - [2024-01-14T15:09:42.438+0000] {dag.py:3340} INFO - Setting next_dagrun for tutorial_taskflow_api_virtualenv to None, run_after=None
[2024-01-14T15:09:42.450+0000] {processor.py:176} INFO - Processing /home/airflow/.local/lib/python3.7/site-packages/airflow/example_dags/tutorial_taskflow_api_virtualenv.py took 0.072 seconds
[2024-01-14T15:10:13.334+0000] {processor.py:154} INFO - Started process (PID=1299) to work on /home/airflow/.local/lib/python3.7/site-packages/airflow/example_dags/tutorial_taskflow_api_virtualenv.py
[2024-01-14T15:10:13.335+0000] {processor.py:756} INFO - Processing file /home/airflow/.local/lib/python3.7/site-packages/airflow/example_dags/tutorial_taskflow_api_virtualenv.py for tasks to queue
[2024-01-14T15:10:13.335+0000] {logging_mixin.py:120} INFO - [2024-01-14T15:10:13.335+0000] {dagbag.py:537} INFO - Filling up the DagBag from /home/airflow/.local/lib/python3.7/site-packages/airflow/example_dags/tutorial_taskflow_api_virtualenv.py
[2024-01-14T15:10:13.350+0000] {processor.py:766} INFO - DAG(s) dict_keys(['tutorial_taskflow_api_virtualenv']) retrieved from /home/airflow/.local/lib/python3.7/site-packages/airflow/example_dags/tutorial_taskflow_api_virtualenv.py
[2024-01-14T15:10:13.378+0000] {logging_mixin.py:120} INFO - [2024-01-14T15:10:13.378+0000] {dag.py:2585} INFO - Sync 1 DAGs
[2024-01-14T15:10:13.395+0000] {logging_mixin.py:120} INFO - [2024-01-14T15:10:13.395+0000] {dag.py:3340} INFO - Setting next_dagrun for tutorial_taskflow_api_virtualenv to None, run_after=None
[2024-01-14T15:10:13.409+0000] {processor.py:176} INFO - Processing /home/airflow/.local/lib/python3.7/site-packages/airflow/example_dags/tutorial_taskflow_api_virtualenv.py took 0.078 seconds
[2024-01-14T15:10:44.194+0000] {processor.py:154} INFO - Started process (PID=1362) to work on /home/airflow/.local/lib/python3.7/site-packages/airflow/example_dags/tutorial_taskflow_api_virtualenv.py
[2024-01-14T15:10:44.195+0000] {processor.py:756} INFO - Processing file /home/airflow/.local/lib/python3.7/site-packages/airflow/example_dags/tutorial_taskflow_api_virtualenv.py for tasks to queue
[2024-01-14T15:10:44.196+0000] {logging_mixin.py:120} INFO - [2024-01-14T15:10:44.196+0000] {dagbag.py:537} INFO - Filling up the DagBag from /home/airflow/.local/lib/python3.7/site-packages/airflow/example_dags/tutorial_taskflow_api_virtualenv.py
[2024-01-14T15:10:44.210+0000] {processor.py:766} INFO - DAG(s) dict_keys(['tutorial_taskflow_api_virtualenv']) retrieved from /home/airflow/.local/lib/python3.7/site-packages/airflow/example_dags/tutorial_taskflow_api_virtualenv.py
[2024-01-14T15:10:44.238+0000] {logging_mixin.py:120} INFO - [2024-01-14T15:10:44.238+0000] {dag.py:2585} INFO - Sync 1 DAGs
[2024-01-14T15:10:44.255+0000] {logging_mixin.py:120} INFO - [2024-01-14T15:10:44.255+0000] {dag.py:3340} INFO - Setting next_dagrun for tutorial_taskflow_api_virtualenv to None, run_after=None
[2024-01-14T15:10:44.266+0000] {processor.py:176} INFO - Processing /home/airflow/.local/lib/python3.7/site-packages/airflow/example_dags/tutorial_taskflow_api_virtualenv.py took 0.076 seconds
[2024-01-14T15:11:45.307+0000] {processor.py:154} INFO - Started process (PID=1488) to work on /home/airflow/.local/lib/python3.7/site-packages/airflow/example_dags/tutorial_taskflow_api_virtualenv.py
[2024-01-14T15:11:45.308+0000] {processor.py:756} INFO - Processing file /home/airflow/.local/lib/python3.7/site-packages/airflow/example_dags/tutorial_taskflow_api_virtualenv.py for tasks to queue
[2024-01-14T15:11:45.309+0000] {logging_mixin.py:120} INFO - [2024-01-14T15:11:45.309+0000] {dagbag.py:537} INFO - Filling up the DagBag from /home/airflow/.local/lib/python3.7/site-packages/airflow/example_dags/tutorial_taskflow_api_virtualenv.py
[2024-01-14T15:11:45.326+0000] {processor.py:766} INFO - DAG(s) dict_keys(['tutorial_taskflow_api_virtualenv']) retrieved from /home/airflow/.local/lib/python3.7/site-packages/airflow/example_dags/tutorial_taskflow_api_virtualenv.py
[2024-01-14T15:11:45.356+0000] {logging_mixin.py:120} INFO - [2024-01-14T15:11:45.356+0000] {dag.py:2585} INFO - Sync 1 DAGs
[2024-01-14T15:11:45.373+0000] {logging_mixin.py:120} INFO - [2024-01-14T15:11:45.373+0000] {dag.py:3340} INFO - Setting next_dagrun for tutorial_taskflow_api_virtualenv to None, run_after=None
[2024-01-14T15:11:45.384+0000] {processor.py:176} INFO - Processing /home/airflow/.local/lib/python3.7/site-packages/airflow/example_dags/tutorial_taskflow_api_virtualenv.py took 0.079 seconds
[2024-01-14T15:12:16.290+0000] {processor.py:154} INFO - Started process (PID=1551) to work on /home/airflow/.local/lib/python3.7/site-packages/airflow/example_dags/tutorial_taskflow_api_virtualenv.py
[2024-01-14T15:12:16.291+0000] {processor.py:756} INFO - Processing file /home/airflow/.local/lib/python3.7/site-packages/airflow/example_dags/tutorial_taskflow_api_virtualenv.py for tasks to queue
[2024-01-14T15:12:16.292+0000] {logging_mixin.py:120} INFO - [2024-01-14T15:12:16.291+0000] {dagbag.py:537} INFO - Filling up the DagBag from /home/airflow/.local/lib/python3.7/site-packages/airflow/example_dags/tutorial_taskflow_api_virtualenv.py
[2024-01-14T15:12:16.305+0000] {processor.py:766} INFO - DAG(s) dict_keys(['tutorial_taskflow_api_virtualenv']) retrieved from /home/airflow/.local/lib/python3.7/site-packages/airflow/example_dags/tutorial_taskflow_api_virtualenv.py
[2024-01-14T15:12:16.331+0000] {logging_mixin.py:120} INFO - [2024-01-14T15:12:16.331+0000] {dag.py:2585} INFO - Sync 1 DAGs
[2024-01-14T15:12:16.346+0000] {logging_mixin.py:120} INFO - [2024-01-14T15:12:16.345+0000] {dag.py:3340} INFO - Setting next_dagrun for tutorial_taskflow_api_virtualenv to None, run_after=None
[2024-01-14T15:12:16.357+0000] {processor.py:176} INFO - Processing /home/airflow/.local/lib/python3.7/site-packages/airflow/example_dags/tutorial_taskflow_api_virtualenv.py took 0.069 seconds
[2024-01-14T15:12:47.212+0000] {processor.py:154} INFO - Started process (PID=1605) to work on /home/airflow/.local/lib/python3.7/site-packages/airflow/example_dags/tutorial_taskflow_api_virtualenv.py
[2024-01-14T15:12:47.213+0000] {processor.py:756} INFO - Processing file /home/airflow/.local/lib/python3.7/site-packages/airflow/example_dags/tutorial_taskflow_api_virtualenv.py for tasks to queue
[2024-01-14T15:12:47.214+0000] {logging_mixin.py:120} INFO - [2024-01-14T15:12:47.214+0000] {dagbag.py:537} INFO - Filling up the DagBag from /home/airflow/.local/lib/python3.7/site-packages/airflow/example_dags/tutorial_taskflow_api_virtualenv.py
[2024-01-14T15:12:47.230+0000] {processor.py:766} INFO - DAG(s) dict_keys(['tutorial_taskflow_api_virtualenv']) retrieved from /home/airflow/.local/lib/python3.7/site-packages/airflow/example_dags/tutorial_taskflow_api_virtualenv.py
[2024-01-14T15:12:47.259+0000] {logging_mixin.py:120} INFO - [2024-01-14T15:12:47.259+0000] {dag.py:2585} INFO - Sync 1 DAGs
[2024-01-14T15:12:47.277+0000] {logging_mixin.py:120} INFO - [2024-01-14T15:12:47.277+0000] {dag.py:3340} INFO - Setting next_dagrun for tutorial_taskflow_api_virtualenv to None, run_after=None
[2024-01-14T15:12:47.289+0000] {processor.py:176} INFO - Processing /home/airflow/.local/lib/python3.7/site-packages/airflow/example_dags/tutorial_taskflow_api_virtualenv.py took 0.080 seconds
[2024-01-14T15:13:18.263+0000] {processor.py:154} INFO - Started process (PID=1668) to work on /home/airflow/.local/lib/python3.7/site-packages/airflow/example_dags/tutorial_taskflow_api_virtualenv.py
[2024-01-14T15:13:18.264+0000] {processor.py:756} INFO - Processing file /home/airflow/.local/lib/python3.7/site-packages/airflow/example_dags/tutorial_taskflow_api_virtualenv.py for tasks to queue
[2024-01-14T15:13:18.264+0000] {logging_mixin.py:120} INFO - [2024-01-14T15:13:18.264+0000] {dagbag.py:537} INFO - Filling up the DagBag from /home/airflow/.local/lib/python3.7/site-packages/airflow/example_dags/tutorial_taskflow_api_virtualenv.py
[2024-01-14T15:13:18.279+0000] {processor.py:766} INFO - DAG(s) dict_keys(['tutorial_taskflow_api_virtualenv']) retrieved from /home/airflow/.local/lib/python3.7/site-packages/airflow/example_dags/tutorial_taskflow_api_virtualenv.py
[2024-01-14T15:13:18.305+0000] {logging_mixin.py:120} INFO - [2024-01-14T15:13:18.305+0000] {dag.py:2585} INFO - Sync 1 DAGs
[2024-01-14T15:13:18.321+0000] {logging_mixin.py:120} INFO - [2024-01-14T15:13:18.321+0000] {dag.py:3340} INFO - Setting next_dagrun for tutorial_taskflow_api_virtualenv to None, run_after=None
[2024-01-14T15:13:18.331+0000] {processor.py:176} INFO - Processing /home/airflow/.local/lib/python3.7/site-packages/airflow/example_dags/tutorial_taskflow_api_virtualenv.py took 0.071 seconds
[2024-01-14T15:13:49.148+0000] {processor.py:154} INFO - Started process (PID=1731) to work on /home/airflow/.local/lib/python3.7/site-packages/airflow/example_dags/tutorial_taskflow_api_virtualenv.py
[2024-01-14T15:13:49.148+0000] {processor.py:756} INFO - Processing file /home/airflow/.local/lib/python3.7/site-packages/airflow/example_dags/tutorial_taskflow_api_virtualenv.py for tasks to queue
[2024-01-14T15:13:49.149+0000] {logging_mixin.py:120} INFO - [2024-01-14T15:13:49.149+0000] {dagbag.py:537} INFO - Filling up the DagBag from /home/airflow/.local/lib/python3.7/site-packages/airflow/example_dags/tutorial_taskflow_api_virtualenv.py
[2024-01-14T15:13:49.164+0000] {processor.py:766} INFO - DAG(s) dict_keys(['tutorial_taskflow_api_virtualenv']) retrieved from /home/airflow/.local/lib/python3.7/site-packages/airflow/example_dags/tutorial_taskflow_api_virtualenv.py
[2024-01-14T15:13:49.193+0000] {logging_mixin.py:120} INFO - [2024-01-14T15:13:49.193+0000] {dag.py:2585} INFO - Sync 1 DAGs
[2024-01-14T15:13:49.208+0000] {logging_mixin.py:120} INFO - [2024-01-14T15:13:49.208+0000] {dag.py:3340} INFO - Setting next_dagrun for tutorial_taskflow_api_virtualenv to None, run_after=None
[2024-01-14T15:13:49.220+0000] {processor.py:176} INFO - Processing /home/airflow/.local/lib/python3.7/site-packages/airflow/example_dags/tutorial_taskflow_api_virtualenv.py took 0.075 seconds
