[2024-01-14T14:59:57.343+0000] {processor.py:154} INFO - Started process (PID=41) to work on /home/airflow/.local/lib/python3.7/site-packages/airflow/example_dags/tutorial_taskflow_api.py
[2024-01-14T14:59:57.346+0000] {processor.py:756} INFO - Processing file /home/airflow/.local/lib/python3.7/site-packages/airflow/example_dags/tutorial_taskflow_api.py for tasks to queue
[2024-01-14T14:59:57.348+0000] {logging_mixin.py:120} INFO - [2024-01-14T14:59:57.348+0000] {dagbag.py:537} INFO - Filling up the DagBag from /home/airflow/.local/lib/python3.7/site-packages/airflow/example_dags/tutorial_taskflow_api.py
[2024-01-14T14:59:57.380+0000] {processor.py:766} INFO - DAG(s) dict_keys(['tutorial_taskflow_api']) retrieved from /home/airflow/.local/lib/python3.7/site-packages/airflow/example_dags/tutorial_taskflow_api.py
[2024-01-14T14:59:57.504+0000] {logging_mixin.py:120} INFO - [2024-01-14T14:59:57.504+0000] {manager.py:507} INFO - Created Permission View: can read on DAG:tutorial_taskflow_api
[2024-01-14T14:59:57.509+0000] {logging_mixin.py:120} INFO - [2024-01-14T14:59:57.509+0000] {manager.py:507} INFO - Created Permission View: can edit on DAG:tutorial_taskflow_api
[2024-01-14T14:59:57.513+0000] {logging_mixin.py:120} INFO - [2024-01-14T14:59:57.513+0000] {manager.py:507} INFO - Created Permission View: can delete on DAG:tutorial_taskflow_api
[2024-01-14T14:59:57.513+0000] {logging_mixin.py:120} INFO - [2024-01-14T14:59:57.513+0000] {dag.py:2585} INFO - Sync 1 DAGs
[2024-01-14T14:59:57.521+0000] {logging_mixin.py:120} INFO - [2024-01-14T14:59:57.521+0000] {dag.py:2606} INFO - Creating ORM DAG for tutorial_taskflow_api
[2024-01-14T14:59:57.528+0000] {logging_mixin.py:120} INFO - [2024-01-14T14:59:57.528+0000] {dag.py:3340} INFO - Setting next_dagrun for tutorial_taskflow_api to None, run_after=None
[2024-01-14T14:59:57.540+0000] {processor.py:176} INFO - Processing /home/airflow/.local/lib/python3.7/site-packages/airflow/example_dags/tutorial_taskflow_api.py took 0.201 seconds
[2024-01-14T15:00:27.825+0000] {processor.py:154} INFO - Started process (PID=104) to work on /home/airflow/.local/lib/python3.7/site-packages/airflow/example_dags/tutorial_taskflow_api.py
[2024-01-14T15:00:27.825+0000] {processor.py:756} INFO - Processing file /home/airflow/.local/lib/python3.7/site-packages/airflow/example_dags/tutorial_taskflow_api.py for tasks to queue
[2024-01-14T15:00:27.826+0000] {logging_mixin.py:120} INFO - [2024-01-14T15:00:27.826+0000] {dagbag.py:537} INFO - Filling up the DagBag from /home/airflow/.local/lib/python3.7/site-packages/airflow/example_dags/tutorial_taskflow_api.py
[2024-01-14T15:00:27.842+0000] {processor.py:766} INFO - DAG(s) dict_keys(['tutorial_taskflow_api']) retrieved from /home/airflow/.local/lib/python3.7/site-packages/airflow/example_dags/tutorial_taskflow_api.py
[2024-01-14T15:00:27.868+0000] {logging_mixin.py:120} INFO - [2024-01-14T15:00:27.868+0000] {dag.py:2585} INFO - Sync 1 DAGs
[2024-01-14T15:00:27.884+0000] {logging_mixin.py:120} INFO - [2024-01-14T15:00:27.884+0000] {dag.py:3340} INFO - Setting next_dagrun for tutorial_taskflow_api to None, run_after=None
[2024-01-14T15:00:27.895+0000] {processor.py:176} INFO - Processing /home/airflow/.local/lib/python3.7/site-packages/airflow/example_dags/tutorial_taskflow_api.py took 0.073 seconds
[2024-01-14T15:00:57.940+0000] {processor.py:154} INFO - Started process (PID=168) to work on /home/airflow/.local/lib/python3.7/site-packages/airflow/example_dags/tutorial_taskflow_api.py
[2024-01-14T15:00:57.940+0000] {processor.py:756} INFO - Processing file /home/airflow/.local/lib/python3.7/site-packages/airflow/example_dags/tutorial_taskflow_api.py for tasks to queue
[2024-01-14T15:00:57.941+0000] {logging_mixin.py:120} INFO - [2024-01-14T15:00:57.941+0000] {dagbag.py:537} INFO - Filling up the DagBag from /home/airflow/.local/lib/python3.7/site-packages/airflow/example_dags/tutorial_taskflow_api.py
[2024-01-14T15:00:57.955+0000] {processor.py:766} INFO - DAG(s) dict_keys(['tutorial_taskflow_api']) retrieved from /home/airflow/.local/lib/python3.7/site-packages/airflow/example_dags/tutorial_taskflow_api.py
[2024-01-14T15:00:57.981+0000] {logging_mixin.py:120} INFO - [2024-01-14T15:00:57.981+0000] {dag.py:2585} INFO - Sync 1 DAGs
[2024-01-14T15:00:57.996+0000] {logging_mixin.py:120} INFO - [2024-01-14T15:00:57.996+0000] {dag.py:3340} INFO - Setting next_dagrun for tutorial_taskflow_api to None, run_after=None
[2024-01-14T15:00:58.007+0000] {processor.py:176} INFO - Processing /home/airflow/.local/lib/python3.7/site-packages/airflow/example_dags/tutorial_taskflow_api.py took 0.069 seconds
[2024-01-14T15:01:28.040+0000] {processor.py:154} INFO - Started process (PID=231) to work on /home/airflow/.local/lib/python3.7/site-packages/airflow/example_dags/tutorial_taskflow_api.py
[2024-01-14T15:01:28.040+0000] {processor.py:756} INFO - Processing file /home/airflow/.local/lib/python3.7/site-packages/airflow/example_dags/tutorial_taskflow_api.py for tasks to queue
[2024-01-14T15:01:28.041+0000] {logging_mixin.py:120} INFO - [2024-01-14T15:01:28.041+0000] {dagbag.py:537} INFO - Filling up the DagBag from /home/airflow/.local/lib/python3.7/site-packages/airflow/example_dags/tutorial_taskflow_api.py
[2024-01-14T15:01:28.055+0000] {processor.py:766} INFO - DAG(s) dict_keys(['tutorial_taskflow_api']) retrieved from /home/airflow/.local/lib/python3.7/site-packages/airflow/example_dags/tutorial_taskflow_api.py
[2024-01-14T15:01:28.084+0000] {logging_mixin.py:120} INFO - [2024-01-14T15:01:28.084+0000] {dag.py:2585} INFO - Sync 1 DAGs
[2024-01-14T15:01:28.099+0000] {logging_mixin.py:120} INFO - [2024-01-14T15:01:28.099+0000] {dag.py:3340} INFO - Setting next_dagrun for tutorial_taskflow_api to None, run_after=None
[2024-01-14T15:01:28.111+0000] {processor.py:176} INFO - Processing /home/airflow/.local/lib/python3.7/site-packages/airflow/example_dags/tutorial_taskflow_api.py took 0.073 seconds
[2024-01-14T15:01:58.213+0000] {processor.py:154} INFO - Started process (PID=285) to work on /home/airflow/.local/lib/python3.7/site-packages/airflow/example_dags/tutorial_taskflow_api.py
[2024-01-14T15:01:58.214+0000] {processor.py:756} INFO - Processing file /home/airflow/.local/lib/python3.7/site-packages/airflow/example_dags/tutorial_taskflow_api.py for tasks to queue
[2024-01-14T15:01:58.215+0000] {logging_mixin.py:120} INFO - [2024-01-14T15:01:58.215+0000] {dagbag.py:537} INFO - Filling up the DagBag from /home/airflow/.local/lib/python3.7/site-packages/airflow/example_dags/tutorial_taskflow_api.py
[2024-01-14T15:01:58.230+0000] {processor.py:766} INFO - DAG(s) dict_keys(['tutorial_taskflow_api']) retrieved from /home/airflow/.local/lib/python3.7/site-packages/airflow/example_dags/tutorial_taskflow_api.py
[2024-01-14T15:01:58.258+0000] {logging_mixin.py:120} INFO - [2024-01-14T15:01:58.258+0000] {dag.py:2585} INFO - Sync 1 DAGs
[2024-01-14T15:01:58.274+0000] {logging_mixin.py:120} INFO - [2024-01-14T15:01:58.274+0000] {dag.py:3340} INFO - Setting next_dagrun for tutorial_taskflow_api to None, run_after=None
[2024-01-14T15:01:58.287+0000] {processor.py:176} INFO - Processing /home/airflow/.local/lib/python3.7/site-packages/airflow/example_dags/tutorial_taskflow_api.py took 0.076 seconds
[2024-01-14T15:02:28.321+0000] {processor.py:154} INFO - Started process (PID=348) to work on /home/airflow/.local/lib/python3.7/site-packages/airflow/example_dags/tutorial_taskflow_api.py
[2024-01-14T15:02:28.322+0000] {processor.py:756} INFO - Processing file /home/airflow/.local/lib/python3.7/site-packages/airflow/example_dags/tutorial_taskflow_api.py for tasks to queue
[2024-01-14T15:02:28.322+0000] {logging_mixin.py:120} INFO - [2024-01-14T15:02:28.322+0000] {dagbag.py:537} INFO - Filling up the DagBag from /home/airflow/.local/lib/python3.7/site-packages/airflow/example_dags/tutorial_taskflow_api.py
[2024-01-14T15:02:28.337+0000] {processor.py:766} INFO - DAG(s) dict_keys(['tutorial_taskflow_api']) retrieved from /home/airflow/.local/lib/python3.7/site-packages/airflow/example_dags/tutorial_taskflow_api.py
[2024-01-14T15:02:28.363+0000] {logging_mixin.py:120} INFO - [2024-01-14T15:02:28.363+0000] {dag.py:2585} INFO - Sync 1 DAGs
[2024-01-14T15:02:28.380+0000] {logging_mixin.py:120} INFO - [2024-01-14T15:02:28.380+0000] {dag.py:3340} INFO - Setting next_dagrun for tutorial_taskflow_api to None, run_after=None
[2024-01-14T15:02:28.391+0000] {processor.py:176} INFO - Processing /home/airflow/.local/lib/python3.7/site-packages/airflow/example_dags/tutorial_taskflow_api.py took 0.072 seconds
[2024-01-14T15:02:58.483+0000] {processor.py:154} INFO - Started process (PID=411) to work on /home/airflow/.local/lib/python3.7/site-packages/airflow/example_dags/tutorial_taskflow_api.py
[2024-01-14T15:02:58.484+0000] {processor.py:756} INFO - Processing file /home/airflow/.local/lib/python3.7/site-packages/airflow/example_dags/tutorial_taskflow_api.py for tasks to queue
[2024-01-14T15:02:58.484+0000] {logging_mixin.py:120} INFO - [2024-01-14T15:02:58.484+0000] {dagbag.py:537} INFO - Filling up the DagBag from /home/airflow/.local/lib/python3.7/site-packages/airflow/example_dags/tutorial_taskflow_api.py
[2024-01-14T15:02:58.498+0000] {processor.py:766} INFO - DAG(s) dict_keys(['tutorial_taskflow_api']) retrieved from /home/airflow/.local/lib/python3.7/site-packages/airflow/example_dags/tutorial_taskflow_api.py
[2024-01-14T15:02:58.524+0000] {logging_mixin.py:120} INFO - [2024-01-14T15:02:58.524+0000] {dag.py:2585} INFO - Sync 1 DAGs
[2024-01-14T15:02:58.540+0000] {logging_mixin.py:120} INFO - [2024-01-14T15:02:58.540+0000] {dag.py:3340} INFO - Setting next_dagrun for tutorial_taskflow_api to None, run_after=None
[2024-01-14T15:02:58.551+0000] {processor.py:176} INFO - Processing /home/airflow/.local/lib/python3.7/site-packages/airflow/example_dags/tutorial_taskflow_api.py took 0.070 seconds
[2024-01-14T15:03:28.625+0000] {processor.py:154} INFO - Started process (PID=474) to work on /home/airflow/.local/lib/python3.7/site-packages/airflow/example_dags/tutorial_taskflow_api.py
[2024-01-14T15:03:28.625+0000] {processor.py:756} INFO - Processing file /home/airflow/.local/lib/python3.7/site-packages/airflow/example_dags/tutorial_taskflow_api.py for tasks to queue
[2024-01-14T15:03:28.626+0000] {logging_mixin.py:120} INFO - [2024-01-14T15:03:28.626+0000] {dagbag.py:537} INFO - Filling up the DagBag from /home/airflow/.local/lib/python3.7/site-packages/airflow/example_dags/tutorial_taskflow_api.py
[2024-01-14T15:03:28.640+0000] {processor.py:766} INFO - DAG(s) dict_keys(['tutorial_taskflow_api']) retrieved from /home/airflow/.local/lib/python3.7/site-packages/airflow/example_dags/tutorial_taskflow_api.py
[2024-01-14T15:03:28.670+0000] {logging_mixin.py:120} INFO - [2024-01-14T15:03:28.670+0000] {dag.py:2585} INFO - Sync 1 DAGs
[2024-01-14T15:03:28.685+0000] {logging_mixin.py:120} INFO - [2024-01-14T15:03:28.685+0000] {dag.py:3340} INFO - Setting next_dagrun for tutorial_taskflow_api to None, run_after=None
[2024-01-14T15:03:28.696+0000] {processor.py:176} INFO - Processing /home/airflow/.local/lib/python3.7/site-packages/airflow/example_dags/tutorial_taskflow_api.py took 0.074 seconds
[2024-01-14T15:03:58.755+0000] {processor.py:154} INFO - Started process (PID=537) to work on /home/airflow/.local/lib/python3.7/site-packages/airflow/example_dags/tutorial_taskflow_api.py
[2024-01-14T15:03:58.756+0000] {processor.py:756} INFO - Processing file /home/airflow/.local/lib/python3.7/site-packages/airflow/example_dags/tutorial_taskflow_api.py for tasks to queue
[2024-01-14T15:03:58.756+0000] {logging_mixin.py:120} INFO - [2024-01-14T15:03:58.756+0000] {dagbag.py:537} INFO - Filling up the DagBag from /home/airflow/.local/lib/python3.7/site-packages/airflow/example_dags/tutorial_taskflow_api.py
[2024-01-14T15:03:58.770+0000] {processor.py:766} INFO - DAG(s) dict_keys(['tutorial_taskflow_api']) retrieved from /home/airflow/.local/lib/python3.7/site-packages/airflow/example_dags/tutorial_taskflow_api.py
[2024-01-14T15:03:58.795+0000] {logging_mixin.py:120} INFO - [2024-01-14T15:03:58.795+0000] {dag.py:2585} INFO - Sync 1 DAGs
[2024-01-14T15:03:58.810+0000] {logging_mixin.py:120} INFO - [2024-01-14T15:03:58.810+0000] {dag.py:3340} INFO - Setting next_dagrun for tutorial_taskflow_api to None, run_after=None
[2024-01-14T15:03:58.820+0000] {processor.py:176} INFO - Processing /home/airflow/.local/lib/python3.7/site-packages/airflow/example_dags/tutorial_taskflow_api.py took 0.068 seconds
[2024-01-14T15:04:29.654+0000] {processor.py:154} INFO - Started process (PID=591) to work on /home/airflow/.local/lib/python3.7/site-packages/airflow/example_dags/tutorial_taskflow_api.py
[2024-01-14T15:04:29.655+0000] {processor.py:756} INFO - Processing file /home/airflow/.local/lib/python3.7/site-packages/airflow/example_dags/tutorial_taskflow_api.py for tasks to queue
[2024-01-14T15:04:29.655+0000] {logging_mixin.py:120} INFO - [2024-01-14T15:04:29.655+0000] {dagbag.py:537} INFO - Filling up the DagBag from /home/airflow/.local/lib/python3.7/site-packages/airflow/example_dags/tutorial_taskflow_api.py
[2024-01-14T15:04:29.670+0000] {processor.py:766} INFO - DAG(s) dict_keys(['tutorial_taskflow_api']) retrieved from /home/airflow/.local/lib/python3.7/site-packages/airflow/example_dags/tutorial_taskflow_api.py
[2024-01-14T15:04:29.695+0000] {logging_mixin.py:120} INFO - [2024-01-14T15:04:29.695+0000] {dag.py:2585} INFO - Sync 1 DAGs
[2024-01-14T15:04:29.710+0000] {logging_mixin.py:120} INFO - [2024-01-14T15:04:29.710+0000] {dag.py:3340} INFO - Setting next_dagrun for tutorial_taskflow_api to None, run_after=None
[2024-01-14T15:04:29.722+0000] {processor.py:176} INFO - Processing /home/airflow/.local/lib/python3.7/site-packages/airflow/example_dags/tutorial_taskflow_api.py took 0.070 seconds
[2024-01-14T15:04:59.875+0000] {processor.py:154} INFO - Started process (PID=654) to work on /home/airflow/.local/lib/python3.7/site-packages/airflow/example_dags/tutorial_taskflow_api.py
[2024-01-14T15:04:59.876+0000] {processor.py:756} INFO - Processing file /home/airflow/.local/lib/python3.7/site-packages/airflow/example_dags/tutorial_taskflow_api.py for tasks to queue
[2024-01-14T15:04:59.876+0000] {logging_mixin.py:120} INFO - [2024-01-14T15:04:59.876+0000] {dagbag.py:537} INFO - Filling up the DagBag from /home/airflow/.local/lib/python3.7/site-packages/airflow/example_dags/tutorial_taskflow_api.py
[2024-01-14T15:04:59.890+0000] {processor.py:766} INFO - DAG(s) dict_keys(['tutorial_taskflow_api']) retrieved from /home/airflow/.local/lib/python3.7/site-packages/airflow/example_dags/tutorial_taskflow_api.py
[2024-01-14T15:04:59.916+0000] {logging_mixin.py:120} INFO - [2024-01-14T15:04:59.916+0000] {dag.py:2585} INFO - Sync 1 DAGs
[2024-01-14T15:04:59.932+0000] {logging_mixin.py:120} INFO - [2024-01-14T15:04:59.931+0000] {dag.py:3340} INFO - Setting next_dagrun for tutorial_taskflow_api to None, run_after=None
[2024-01-14T15:04:59.942+0000] {processor.py:176} INFO - Processing /home/airflow/.local/lib/python3.7/site-packages/airflow/example_dags/tutorial_taskflow_api.py took 0.069 seconds
[2024-01-14T15:05:30.015+0000] {processor.py:154} INFO - Started process (PID=717) to work on /home/airflow/.local/lib/python3.7/site-packages/airflow/example_dags/tutorial_taskflow_api.py
[2024-01-14T15:05:30.016+0000] {processor.py:756} INFO - Processing file /home/airflow/.local/lib/python3.7/site-packages/airflow/example_dags/tutorial_taskflow_api.py for tasks to queue
[2024-01-14T15:05:30.016+0000] {logging_mixin.py:120} INFO - [2024-01-14T15:05:30.016+0000] {dagbag.py:537} INFO - Filling up the DagBag from /home/airflow/.local/lib/python3.7/site-packages/airflow/example_dags/tutorial_taskflow_api.py
[2024-01-14T15:05:30.031+0000] {processor.py:766} INFO - DAG(s) dict_keys(['tutorial_taskflow_api']) retrieved from /home/airflow/.local/lib/python3.7/site-packages/airflow/example_dags/tutorial_taskflow_api.py
[2024-01-14T15:05:30.062+0000] {logging_mixin.py:120} INFO - [2024-01-14T15:05:30.062+0000] {dag.py:2585} INFO - Sync 1 DAGs
[2024-01-14T15:05:30.077+0000] {logging_mixin.py:120} INFO - [2024-01-14T15:05:30.077+0000] {dag.py:3340} INFO - Setting next_dagrun for tutorial_taskflow_api to None, run_after=None
[2024-01-14T15:05:30.090+0000] {processor.py:176} INFO - Processing /home/airflow/.local/lib/python3.7/site-packages/airflow/example_dags/tutorial_taskflow_api.py took 0.078 seconds
[2024-01-14T15:06:00.893+0000] {processor.py:154} INFO - Started process (PID=780) to work on /home/airflow/.local/lib/python3.7/site-packages/airflow/example_dags/tutorial_taskflow_api.py
[2024-01-14T15:06:00.894+0000] {processor.py:756} INFO - Processing file /home/airflow/.local/lib/python3.7/site-packages/airflow/example_dags/tutorial_taskflow_api.py for tasks to queue
[2024-01-14T15:06:00.895+0000] {logging_mixin.py:120} INFO - [2024-01-14T15:06:00.895+0000] {dagbag.py:537} INFO - Filling up the DagBag from /home/airflow/.local/lib/python3.7/site-packages/airflow/example_dags/tutorial_taskflow_api.py
[2024-01-14T15:06:00.909+0000] {processor.py:766} INFO - DAG(s) dict_keys(['tutorial_taskflow_api']) retrieved from /home/airflow/.local/lib/python3.7/site-packages/airflow/example_dags/tutorial_taskflow_api.py
[2024-01-14T15:06:00.937+0000] {logging_mixin.py:120} INFO - [2024-01-14T15:06:00.936+0000] {dag.py:2585} INFO - Sync 1 DAGs
[2024-01-14T15:06:00.951+0000] {logging_mixin.py:120} INFO - [2024-01-14T15:06:00.951+0000] {dag.py:3340} INFO - Setting next_dagrun for tutorial_taskflow_api to None, run_after=None
[2024-01-14T15:06:00.962+0000] {processor.py:176} INFO - Processing /home/airflow/.local/lib/python3.7/site-packages/airflow/example_dags/tutorial_taskflow_api.py took 0.071 seconds
[2024-01-14T15:06:31.858+0000] {processor.py:154} INFO - Started process (PID=843) to work on /home/airflow/.local/lib/python3.7/site-packages/airflow/example_dags/tutorial_taskflow_api.py
[2024-01-14T15:06:31.859+0000] {processor.py:756} INFO - Processing file /home/airflow/.local/lib/python3.7/site-packages/airflow/example_dags/tutorial_taskflow_api.py for tasks to queue
[2024-01-14T15:06:31.859+0000] {logging_mixin.py:120} INFO - [2024-01-14T15:06:31.859+0000] {dagbag.py:537} INFO - Filling up the DagBag from /home/airflow/.local/lib/python3.7/site-packages/airflow/example_dags/tutorial_taskflow_api.py
[2024-01-14T15:06:31.874+0000] {processor.py:766} INFO - DAG(s) dict_keys(['tutorial_taskflow_api']) retrieved from /home/airflow/.local/lib/python3.7/site-packages/airflow/example_dags/tutorial_taskflow_api.py
[2024-01-14T15:06:31.901+0000] {logging_mixin.py:120} INFO - [2024-01-14T15:06:31.901+0000] {dag.py:2585} INFO - Sync 1 DAGs
[2024-01-14T15:06:31.916+0000] {logging_mixin.py:120} INFO - [2024-01-14T15:06:31.916+0000] {dag.py:3340} INFO - Setting next_dagrun for tutorial_taskflow_api to None, run_after=None
[2024-01-14T15:06:31.927+0000] {processor.py:176} INFO - Processing /home/airflow/.local/lib/python3.7/site-packages/airflow/example_dags/tutorial_taskflow_api.py took 0.072 seconds
[2024-01-14T15:07:02.042+0000] {processor.py:154} INFO - Started process (PID=897) to work on /home/airflow/.local/lib/python3.7/site-packages/airflow/example_dags/tutorial_taskflow_api.py
[2024-01-14T15:07:02.042+0000] {processor.py:756} INFO - Processing file /home/airflow/.local/lib/python3.7/site-packages/airflow/example_dags/tutorial_taskflow_api.py for tasks to queue
[2024-01-14T15:07:02.043+0000] {logging_mixin.py:120} INFO - [2024-01-14T15:07:02.043+0000] {dagbag.py:537} INFO - Filling up the DagBag from /home/airflow/.local/lib/python3.7/site-packages/airflow/example_dags/tutorial_taskflow_api.py
[2024-01-14T15:07:02.057+0000] {processor.py:766} INFO - DAG(s) dict_keys(['tutorial_taskflow_api']) retrieved from /home/airflow/.local/lib/python3.7/site-packages/airflow/example_dags/tutorial_taskflow_api.py
[2024-01-14T15:07:02.085+0000] {logging_mixin.py:120} INFO - [2024-01-14T15:07:02.085+0000] {dag.py:2585} INFO - Sync 1 DAGs
[2024-01-14T15:07:02.100+0000] {logging_mixin.py:120} INFO - [2024-01-14T15:07:02.100+0000] {dag.py:3340} INFO - Setting next_dagrun for tutorial_taskflow_api to None, run_after=None
[2024-01-14T15:07:02.112+0000] {processor.py:176} INFO - Processing /home/airflow/.local/lib/python3.7/site-packages/airflow/example_dags/tutorial_taskflow_api.py took 0.073 seconds
[2024-01-14T15:07:32.892+0000] {processor.py:154} INFO - Started process (PID=959) to work on /home/airflow/.local/lib/python3.7/site-packages/airflow/example_dags/tutorial_taskflow_api.py
[2024-01-14T15:07:32.893+0000] {processor.py:756} INFO - Processing file /home/airflow/.local/lib/python3.7/site-packages/airflow/example_dags/tutorial_taskflow_api.py for tasks to queue
[2024-01-14T15:07:32.893+0000] {logging_mixin.py:120} INFO - [2024-01-14T15:07:32.893+0000] {dagbag.py:537} INFO - Filling up the DagBag from /home/airflow/.local/lib/python3.7/site-packages/airflow/example_dags/tutorial_taskflow_api.py
[2024-01-14T15:07:32.908+0000] {processor.py:766} INFO - DAG(s) dict_keys(['tutorial_taskflow_api']) retrieved from /home/airflow/.local/lib/python3.7/site-packages/airflow/example_dags/tutorial_taskflow_api.py
[2024-01-14T15:07:32.938+0000] {logging_mixin.py:120} INFO - [2024-01-14T15:07:32.938+0000] {dag.py:2585} INFO - Sync 1 DAGs
[2024-01-14T15:07:32.953+0000] {logging_mixin.py:120} INFO - [2024-01-14T15:07:32.953+0000] {dag.py:3340} INFO - Setting next_dagrun for tutorial_taskflow_api to None, run_after=None
[2024-01-14T15:07:32.964+0000] {processor.py:176} INFO - Processing /home/airflow/.local/lib/python3.7/site-packages/airflow/example_dags/tutorial_taskflow_api.py took 0.075 seconds
[2024-01-14T15:08:04.012+0000] {processor.py:154} INFO - Started process (PID=1022) to work on /home/airflow/.local/lib/python3.7/site-packages/airflow/example_dags/tutorial_taskflow_api.py
[2024-01-14T15:08:04.013+0000] {processor.py:756} INFO - Processing file /home/airflow/.local/lib/python3.7/site-packages/airflow/example_dags/tutorial_taskflow_api.py for tasks to queue
[2024-01-14T15:08:04.013+0000] {logging_mixin.py:120} INFO - [2024-01-14T15:08:04.013+0000] {dagbag.py:537} INFO - Filling up the DagBag from /home/airflow/.local/lib/python3.7/site-packages/airflow/example_dags/tutorial_taskflow_api.py
[2024-01-14T15:08:04.029+0000] {processor.py:766} INFO - DAG(s) dict_keys(['tutorial_taskflow_api']) retrieved from /home/airflow/.local/lib/python3.7/site-packages/airflow/example_dags/tutorial_taskflow_api.py
[2024-01-14T15:08:04.058+0000] {logging_mixin.py:120} INFO - [2024-01-14T15:08:04.058+0000] {dag.py:2585} INFO - Sync 1 DAGs
[2024-01-14T15:08:04.073+0000] {logging_mixin.py:120} INFO - [2024-01-14T15:08:04.073+0000] {dag.py:3340} INFO - Setting next_dagrun for tutorial_taskflow_api to None, run_after=None
[2024-01-14T15:08:04.084+0000] {processor.py:176} INFO - Processing /home/airflow/.local/lib/python3.7/site-packages/airflow/example_dags/tutorial_taskflow_api.py took 0.075 seconds
[2024-01-14T15:08:34.166+0000] {processor.py:154} INFO - Started process (PID=1085) to work on /home/airflow/.local/lib/python3.7/site-packages/airflow/example_dags/tutorial_taskflow_api.py
[2024-01-14T15:08:34.167+0000] {processor.py:756} INFO - Processing file /home/airflow/.local/lib/python3.7/site-packages/airflow/example_dags/tutorial_taskflow_api.py for tasks to queue
[2024-01-14T15:08:34.167+0000] {logging_mixin.py:120} INFO - [2024-01-14T15:08:34.167+0000] {dagbag.py:537} INFO - Filling up the DagBag from /home/airflow/.local/lib/python3.7/site-packages/airflow/example_dags/tutorial_taskflow_api.py
[2024-01-14T15:08:34.181+0000] {processor.py:766} INFO - DAG(s) dict_keys(['tutorial_taskflow_api']) retrieved from /home/airflow/.local/lib/python3.7/site-packages/airflow/example_dags/tutorial_taskflow_api.py
[2024-01-14T15:08:34.208+0000] {logging_mixin.py:120} INFO - [2024-01-14T15:08:34.208+0000] {dag.py:2585} INFO - Sync 1 DAGs
[2024-01-14T15:08:34.222+0000] {logging_mixin.py:120} INFO - [2024-01-14T15:08:34.222+0000] {dag.py:3340} INFO - Setting next_dagrun for tutorial_taskflow_api to None, run_after=None
[2024-01-14T15:08:34.234+0000] {processor.py:176} INFO - Processing /home/airflow/.local/lib/python3.7/site-packages/airflow/example_dags/tutorial_taskflow_api.py took 0.070 seconds
[2024-01-14T15:09:05.113+0000] {processor.py:154} INFO - Started process (PID=1148) to work on /home/airflow/.local/lib/python3.7/site-packages/airflow/example_dags/tutorial_taskflow_api.py
[2024-01-14T15:09:05.114+0000] {processor.py:756} INFO - Processing file /home/airflow/.local/lib/python3.7/site-packages/airflow/example_dags/tutorial_taskflow_api.py for tasks to queue
[2024-01-14T15:09:05.114+0000] {logging_mixin.py:120} INFO - [2024-01-14T15:09:05.114+0000] {dagbag.py:537} INFO - Filling up the DagBag from /home/airflow/.local/lib/python3.7/site-packages/airflow/example_dags/tutorial_taskflow_api.py
[2024-01-14T15:09:05.129+0000] {processor.py:766} INFO - DAG(s) dict_keys(['tutorial_taskflow_api']) retrieved from /home/airflow/.local/lib/python3.7/site-packages/airflow/example_dags/tutorial_taskflow_api.py
[2024-01-14T15:09:05.159+0000] {logging_mixin.py:120} INFO - [2024-01-14T15:09:05.159+0000] {dag.py:2585} INFO - Sync 1 DAGs
[2024-01-14T15:09:05.176+0000] {logging_mixin.py:120} INFO - [2024-01-14T15:09:05.176+0000] {dag.py:3340} INFO - Setting next_dagrun for tutorial_taskflow_api to None, run_after=None
[2024-01-14T15:09:05.188+0000] {processor.py:176} INFO - Processing /home/airflow/.local/lib/python3.7/site-packages/airflow/example_dags/tutorial_taskflow_api.py took 0.078 seconds
[2024-01-14T15:09:36.108+0000] {processor.py:154} INFO - Started process (PID=1211) to work on /home/airflow/.local/lib/python3.7/site-packages/airflow/example_dags/tutorial_taskflow_api.py
[2024-01-14T15:09:36.109+0000] {processor.py:756} INFO - Processing file /home/airflow/.local/lib/python3.7/site-packages/airflow/example_dags/tutorial_taskflow_api.py for tasks to queue
[2024-01-14T15:09:36.109+0000] {logging_mixin.py:120} INFO - [2024-01-14T15:09:36.109+0000] {dagbag.py:537} INFO - Filling up the DagBag from /home/airflow/.local/lib/python3.7/site-packages/airflow/example_dags/tutorial_taskflow_api.py
[2024-01-14T15:09:36.123+0000] {processor.py:766} INFO - DAG(s) dict_keys(['tutorial_taskflow_api']) retrieved from /home/airflow/.local/lib/python3.7/site-packages/airflow/example_dags/tutorial_taskflow_api.py
[2024-01-14T15:09:36.152+0000] {logging_mixin.py:120} INFO - [2024-01-14T15:09:36.152+0000] {dag.py:2585} INFO - Sync 1 DAGs
[2024-01-14T15:09:36.167+0000] {logging_mixin.py:120} INFO - [2024-01-14T15:09:36.167+0000] {dag.py:3340} INFO - Setting next_dagrun for tutorial_taskflow_api to None, run_after=None
[2024-01-14T15:09:36.178+0000] {processor.py:176} INFO - Processing /home/airflow/.local/lib/python3.7/site-packages/airflow/example_dags/tutorial_taskflow_api.py took 0.073 seconds
[2024-01-14T15:10:07.068+0000] {processor.py:154} INFO - Started process (PID=1274) to work on /home/airflow/.local/lib/python3.7/site-packages/airflow/example_dags/tutorial_taskflow_api.py
[2024-01-14T15:10:07.068+0000] {processor.py:756} INFO - Processing file /home/airflow/.local/lib/python3.7/site-packages/airflow/example_dags/tutorial_taskflow_api.py for tasks to queue
[2024-01-14T15:10:07.069+0000] {logging_mixin.py:120} INFO - [2024-01-14T15:10:07.069+0000] {dagbag.py:537} INFO - Filling up the DagBag from /home/airflow/.local/lib/python3.7/site-packages/airflow/example_dags/tutorial_taskflow_api.py
[2024-01-14T15:10:07.083+0000] {processor.py:766} INFO - DAG(s) dict_keys(['tutorial_taskflow_api']) retrieved from /home/airflow/.local/lib/python3.7/site-packages/airflow/example_dags/tutorial_taskflow_api.py
[2024-01-14T15:10:07.111+0000] {logging_mixin.py:120} INFO - [2024-01-14T15:10:07.111+0000] {dag.py:2585} INFO - Sync 1 DAGs
[2024-01-14T15:10:07.126+0000] {logging_mixin.py:120} INFO - [2024-01-14T15:10:07.126+0000] {dag.py:3340} INFO - Setting next_dagrun for tutorial_taskflow_api to None, run_after=None
[2024-01-14T15:10:07.137+0000] {processor.py:176} INFO - Processing /home/airflow/.local/lib/python3.7/site-packages/airflow/example_dags/tutorial_taskflow_api.py took 0.072 seconds
[2024-01-14T15:10:37.992+0000] {processor.py:154} INFO - Started process (PID=1328) to work on /home/airflow/.local/lib/python3.7/site-packages/airflow/example_dags/tutorial_taskflow_api.py
[2024-01-14T15:10:37.993+0000] {processor.py:756} INFO - Processing file /home/airflow/.local/lib/python3.7/site-packages/airflow/example_dags/tutorial_taskflow_api.py for tasks to queue
[2024-01-14T15:10:37.994+0000] {logging_mixin.py:120} INFO - [2024-01-14T15:10:37.993+0000] {dagbag.py:537} INFO - Filling up the DagBag from /home/airflow/.local/lib/python3.7/site-packages/airflow/example_dags/tutorial_taskflow_api.py
[2024-01-14T15:10:38.008+0000] {processor.py:766} INFO - DAG(s) dict_keys(['tutorial_taskflow_api']) retrieved from /home/airflow/.local/lib/python3.7/site-packages/airflow/example_dags/tutorial_taskflow_api.py
[2024-01-14T15:10:38.034+0000] {logging_mixin.py:120} INFO - [2024-01-14T15:10:38.034+0000] {dag.py:2585} INFO - Sync 1 DAGs
[2024-01-14T15:10:38.051+0000] {logging_mixin.py:120} INFO - [2024-01-14T15:10:38.051+0000] {dag.py:3340} INFO - Setting next_dagrun for tutorial_taskflow_api to None, run_after=None
[2024-01-14T15:10:38.062+0000] {processor.py:176} INFO - Processing /home/airflow/.local/lib/python3.7/site-packages/airflow/example_dags/tutorial_taskflow_api.py took 0.072 seconds
[2024-01-14T15:12:10.024+0000] {processor.py:154} INFO - Started process (PID=1517) to work on /home/airflow/.local/lib/python3.7/site-packages/airflow/example_dags/tutorial_taskflow_api.py
[2024-01-14T15:12:10.025+0000] {processor.py:756} INFO - Processing file /home/airflow/.local/lib/python3.7/site-packages/airflow/example_dags/tutorial_taskflow_api.py for tasks to queue
[2024-01-14T15:12:10.025+0000] {logging_mixin.py:120} INFO - [2024-01-14T15:12:10.025+0000] {dagbag.py:537} INFO - Filling up the DagBag from /home/airflow/.local/lib/python3.7/site-packages/airflow/example_dags/tutorial_taskflow_api.py
[2024-01-14T15:12:10.040+0000] {processor.py:766} INFO - DAG(s) dict_keys(['tutorial_taskflow_api']) retrieved from /home/airflow/.local/lib/python3.7/site-packages/airflow/example_dags/tutorial_taskflow_api.py
[2024-01-14T15:12:10.068+0000] {logging_mixin.py:120} INFO - [2024-01-14T15:12:10.068+0000] {dag.py:2585} INFO - Sync 1 DAGs
[2024-01-14T15:12:10.084+0000] {logging_mixin.py:120} INFO - [2024-01-14T15:12:10.084+0000] {dag.py:3340} INFO - Setting next_dagrun for tutorial_taskflow_api to None, run_after=None
[2024-01-14T15:12:10.096+0000] {processor.py:176} INFO - Processing /home/airflow/.local/lib/python3.7/site-packages/airflow/example_dags/tutorial_taskflow_api.py took 0.075 seconds
[2024-01-14T15:12:40.969+0000] {processor.py:154} INFO - Started process (PID=1580) to work on /home/airflow/.local/lib/python3.7/site-packages/airflow/example_dags/tutorial_taskflow_api.py
[2024-01-14T15:12:40.970+0000] {processor.py:756} INFO - Processing file /home/airflow/.local/lib/python3.7/site-packages/airflow/example_dags/tutorial_taskflow_api.py for tasks to queue
[2024-01-14T15:12:40.971+0000] {logging_mixin.py:120} INFO - [2024-01-14T15:12:40.970+0000] {dagbag.py:537} INFO - Filling up the DagBag from /home/airflow/.local/lib/python3.7/site-packages/airflow/example_dags/tutorial_taskflow_api.py
[2024-01-14T15:12:40.985+0000] {processor.py:766} INFO - DAG(s) dict_keys(['tutorial_taskflow_api']) retrieved from /home/airflow/.local/lib/python3.7/site-packages/airflow/example_dags/tutorial_taskflow_api.py
[2024-01-14T15:12:41.011+0000] {logging_mixin.py:120} INFO - [2024-01-14T15:12:41.011+0000] {dag.py:2585} INFO - Sync 1 DAGs
[2024-01-14T15:12:41.026+0000] {logging_mixin.py:120} INFO - [2024-01-14T15:12:41.026+0000] {dag.py:3340} INFO - Setting next_dagrun for tutorial_taskflow_api to None, run_after=None
[2024-01-14T15:12:41.038+0000] {processor.py:176} INFO - Processing /home/airflow/.local/lib/python3.7/site-packages/airflow/example_dags/tutorial_taskflow_api.py took 0.071 seconds
[2024-01-14T15:13:11.902+0000] {processor.py:154} INFO - Started process (PID=1643) to work on /home/airflow/.local/lib/python3.7/site-packages/airflow/example_dags/tutorial_taskflow_api.py
[2024-01-14T15:13:11.903+0000] {processor.py:756} INFO - Processing file /home/airflow/.local/lib/python3.7/site-packages/airflow/example_dags/tutorial_taskflow_api.py for tasks to queue
[2024-01-14T15:13:11.903+0000] {logging_mixin.py:120} INFO - [2024-01-14T15:13:11.903+0000] {dagbag.py:537} INFO - Filling up the DagBag from /home/airflow/.local/lib/python3.7/site-packages/airflow/example_dags/tutorial_taskflow_api.py
[2024-01-14T15:13:11.917+0000] {processor.py:766} INFO - DAG(s) dict_keys(['tutorial_taskflow_api']) retrieved from /home/airflow/.local/lib/python3.7/site-packages/airflow/example_dags/tutorial_taskflow_api.py
[2024-01-14T15:13:11.943+0000] {logging_mixin.py:120} INFO - [2024-01-14T15:13:11.943+0000] {dag.py:2585} INFO - Sync 1 DAGs
[2024-01-14T15:13:11.958+0000] {logging_mixin.py:120} INFO - [2024-01-14T15:13:11.958+0000] {dag.py:3340} INFO - Setting next_dagrun for tutorial_taskflow_api to None, run_after=None
[2024-01-14T15:13:11.969+0000] {processor.py:176} INFO - Processing /home/airflow/.local/lib/python3.7/site-packages/airflow/example_dags/tutorial_taskflow_api.py took 0.070 seconds
[2024-01-14T15:13:42.878+0000] {processor.py:154} INFO - Started process (PID=1706) to work on /home/airflow/.local/lib/python3.7/site-packages/airflow/example_dags/tutorial_taskflow_api.py
[2024-01-14T15:13:42.879+0000] {processor.py:756} INFO - Processing file /home/airflow/.local/lib/python3.7/site-packages/airflow/example_dags/tutorial_taskflow_api.py for tasks to queue
[2024-01-14T15:13:42.879+0000] {logging_mixin.py:120} INFO - [2024-01-14T15:13:42.879+0000] {dagbag.py:537} INFO - Filling up the DagBag from /home/airflow/.local/lib/python3.7/site-packages/airflow/example_dags/tutorial_taskflow_api.py
[2024-01-14T15:13:42.893+0000] {processor.py:766} INFO - DAG(s) dict_keys(['tutorial_taskflow_api']) retrieved from /home/airflow/.local/lib/python3.7/site-packages/airflow/example_dags/tutorial_taskflow_api.py
[2024-01-14T15:13:42.920+0000] {logging_mixin.py:120} INFO - [2024-01-14T15:13:42.920+0000] {dag.py:2585} INFO - Sync 1 DAGs
[2024-01-14T15:13:42.934+0000] {logging_mixin.py:120} INFO - [2024-01-14T15:13:42.934+0000] {dag.py:3340} INFO - Setting next_dagrun for tutorial_taskflow_api to None, run_after=None
[2024-01-14T15:13:42.946+0000] {processor.py:176} INFO - Processing /home/airflow/.local/lib/python3.7/site-packages/airflow/example_dags/tutorial_taskflow_api.py took 0.070 seconds
[2024-01-14T15:14:13.858+0000] {processor.py:154} INFO - Started process (PID=1760) to work on /home/airflow/.local/lib/python3.7/site-packages/airflow/example_dags/tutorial_taskflow_api.py
[2024-01-14T15:14:13.859+0000] {processor.py:756} INFO - Processing file /home/airflow/.local/lib/python3.7/site-packages/airflow/example_dags/tutorial_taskflow_api.py for tasks to queue
[2024-01-14T15:14:13.859+0000] {logging_mixin.py:120} INFO - [2024-01-14T15:14:13.859+0000] {dagbag.py:537} INFO - Filling up the DagBag from /home/airflow/.local/lib/python3.7/site-packages/airflow/example_dags/tutorial_taskflow_api.py
[2024-01-14T15:14:13.873+0000] {processor.py:766} INFO - DAG(s) dict_keys(['tutorial_taskflow_api']) retrieved from /home/airflow/.local/lib/python3.7/site-packages/airflow/example_dags/tutorial_taskflow_api.py
[2024-01-14T15:14:13.902+0000] {logging_mixin.py:120} INFO - [2024-01-14T15:14:13.902+0000] {dag.py:2585} INFO - Sync 1 DAGs
[2024-01-14T15:14:13.917+0000] {logging_mixin.py:120} INFO - [2024-01-14T15:14:13.917+0000] {dag.py:3340} INFO - Setting next_dagrun for tutorial_taskflow_api to None, run_after=None
[2024-01-14T15:14:13.928+0000] {processor.py:176} INFO - Processing /home/airflow/.local/lib/python3.7/site-packages/airflow/example_dags/tutorial_taskflow_api.py took 0.072 seconds
[2024-01-14T15:14:44.812+0000] {processor.py:154} INFO - Started process (PID=1823) to work on /home/airflow/.local/lib/python3.7/site-packages/airflow/example_dags/tutorial_taskflow_api.py
[2024-01-14T15:14:44.813+0000] {processor.py:756} INFO - Processing file /home/airflow/.local/lib/python3.7/site-packages/airflow/example_dags/tutorial_taskflow_api.py for tasks to queue
[2024-01-14T15:14:44.814+0000] {logging_mixin.py:120} INFO - [2024-01-14T15:14:44.814+0000] {dagbag.py:537} INFO - Filling up the DagBag from /home/airflow/.local/lib/python3.7/site-packages/airflow/example_dags/tutorial_taskflow_api.py
[2024-01-14T15:14:44.829+0000] {processor.py:766} INFO - DAG(s) dict_keys(['tutorial_taskflow_api']) retrieved from /home/airflow/.local/lib/python3.7/site-packages/airflow/example_dags/tutorial_taskflow_api.py
[2024-01-14T15:14:44.856+0000] {logging_mixin.py:120} INFO - [2024-01-14T15:14:44.856+0000] {dag.py:2585} INFO - Sync 1 DAGs
[2024-01-14T15:14:44.872+0000] {logging_mixin.py:120} INFO - [2024-01-14T15:14:44.872+0000] {dag.py:3340} INFO - Setting next_dagrun for tutorial_taskflow_api to None, run_after=None
[2024-01-14T15:14:44.885+0000] {processor.py:176} INFO - Processing /home/airflow/.local/lib/python3.7/site-packages/airflow/example_dags/tutorial_taskflow_api.py took 0.075 seconds
[2024-01-14T15:15:15.723+0000] {processor.py:154} INFO - Started process (PID=1886) to work on /home/airflow/.local/lib/python3.7/site-packages/airflow/example_dags/tutorial_taskflow_api.py
[2024-01-14T15:15:15.724+0000] {processor.py:756} INFO - Processing file /home/airflow/.local/lib/python3.7/site-packages/airflow/example_dags/tutorial_taskflow_api.py for tasks to queue
[2024-01-14T15:15:15.724+0000] {logging_mixin.py:120} INFO - [2024-01-14T15:15:15.724+0000] {dagbag.py:537} INFO - Filling up the DagBag from /home/airflow/.local/lib/python3.7/site-packages/airflow/example_dags/tutorial_taskflow_api.py
[2024-01-14T15:15:15.738+0000] {processor.py:766} INFO - DAG(s) dict_keys(['tutorial_taskflow_api']) retrieved from /home/airflow/.local/lib/python3.7/site-packages/airflow/example_dags/tutorial_taskflow_api.py
[2024-01-14T15:15:15.765+0000] {logging_mixin.py:120} INFO - [2024-01-14T15:15:15.765+0000] {dag.py:2585} INFO - Sync 1 DAGs
[2024-01-14T15:15:15.781+0000] {logging_mixin.py:120} INFO - [2024-01-14T15:15:15.781+0000] {dag.py:3340} INFO - Setting next_dagrun for tutorial_taskflow_api to None, run_after=None
[2024-01-14T15:15:15.792+0000] {processor.py:176} INFO - Processing /home/airflow/.local/lib/python3.7/site-packages/airflow/example_dags/tutorial_taskflow_api.py took 0.072 seconds
[2024-01-14T15:15:46.779+0000] {processor.py:154} INFO - Started process (PID=1949) to work on /home/airflow/.local/lib/python3.7/site-packages/airflow/example_dags/tutorial_taskflow_api.py
[2024-01-14T15:15:46.780+0000] {processor.py:756} INFO - Processing file /home/airflow/.local/lib/python3.7/site-packages/airflow/example_dags/tutorial_taskflow_api.py for tasks to queue
[2024-01-14T15:15:46.780+0000] {logging_mixin.py:120} INFO - [2024-01-14T15:15:46.780+0000] {dagbag.py:537} INFO - Filling up the DagBag from /home/airflow/.local/lib/python3.7/site-packages/airflow/example_dags/tutorial_taskflow_api.py
[2024-01-14T15:15:46.796+0000] {processor.py:766} INFO - DAG(s) dict_keys(['tutorial_taskflow_api']) retrieved from /home/airflow/.local/lib/python3.7/site-packages/airflow/example_dags/tutorial_taskflow_api.py
[2024-01-14T15:15:46.825+0000] {logging_mixin.py:120} INFO - [2024-01-14T15:15:46.825+0000] {dag.py:2585} INFO - Sync 1 DAGs
[2024-01-14T15:15:46.841+0000] {logging_mixin.py:120} INFO - [2024-01-14T15:15:46.840+0000] {dag.py:3340} INFO - Setting next_dagrun for tutorial_taskflow_api to None, run_after=None
[2024-01-14T15:15:46.852+0000] {processor.py:176} INFO - Processing /home/airflow/.local/lib/python3.7/site-packages/airflow/example_dags/tutorial_taskflow_api.py took 0.076 seconds
[2024-01-14T15:16:16.940+0000] {processor.py:154} INFO - Started process (PID=2012) to work on /home/airflow/.local/lib/python3.7/site-packages/airflow/example_dags/tutorial_taskflow_api.py
[2024-01-14T15:16:16.940+0000] {processor.py:756} INFO - Processing file /home/airflow/.local/lib/python3.7/site-packages/airflow/example_dags/tutorial_taskflow_api.py for tasks to queue
[2024-01-14T15:16:16.941+0000] {logging_mixin.py:120} INFO - [2024-01-14T15:16:16.941+0000] {dagbag.py:537} INFO - Filling up the DagBag from /home/airflow/.local/lib/python3.7/site-packages/airflow/example_dags/tutorial_taskflow_api.py
[2024-01-14T15:16:16.955+0000] {processor.py:766} INFO - DAG(s) dict_keys(['tutorial_taskflow_api']) retrieved from /home/airflow/.local/lib/python3.7/site-packages/airflow/example_dags/tutorial_taskflow_api.py
[2024-01-14T15:16:16.982+0000] {logging_mixin.py:120} INFO - [2024-01-14T15:16:16.982+0000] {dag.py:2585} INFO - Sync 1 DAGs
[2024-01-14T15:16:16.997+0000] {logging_mixin.py:120} INFO - [2024-01-14T15:16:16.997+0000] {dag.py:3340} INFO - Setting next_dagrun for tutorial_taskflow_api to None, run_after=None
[2024-01-14T15:16:17.008+0000] {processor.py:176} INFO - Processing /home/airflow/.local/lib/python3.7/site-packages/airflow/example_dags/tutorial_taskflow_api.py took 0.070 seconds
[2024-01-14T15:16:47.947+0000] {processor.py:154} INFO - Started process (PID=2075) to work on /home/airflow/.local/lib/python3.7/site-packages/airflow/example_dags/tutorial_taskflow_api.py
[2024-01-14T15:16:47.947+0000] {processor.py:756} INFO - Processing file /home/airflow/.local/lib/python3.7/site-packages/airflow/example_dags/tutorial_taskflow_api.py for tasks to queue
[2024-01-14T15:16:47.948+0000] {logging_mixin.py:120} INFO - [2024-01-14T15:16:47.948+0000] {dagbag.py:537} INFO - Filling up the DagBag from /home/airflow/.local/lib/python3.7/site-packages/airflow/example_dags/tutorial_taskflow_api.py
[2024-01-14T15:16:47.962+0000] {processor.py:766} INFO - DAG(s) dict_keys(['tutorial_taskflow_api']) retrieved from /home/airflow/.local/lib/python3.7/site-packages/airflow/example_dags/tutorial_taskflow_api.py
[2024-01-14T15:16:47.990+0000] {logging_mixin.py:120} INFO - [2024-01-14T15:16:47.989+0000] {dag.py:2585} INFO - Sync 1 DAGs
[2024-01-14T15:16:48.007+0000] {logging_mixin.py:120} INFO - [2024-01-14T15:16:48.007+0000] {dag.py:3340} INFO - Setting next_dagrun for tutorial_taskflow_api to None, run_after=None
[2024-01-14T15:16:48.018+0000] {processor.py:176} INFO - Processing /home/airflow/.local/lib/python3.7/site-packages/airflow/example_dags/tutorial_taskflow_api.py took 0.074 seconds
[2024-01-14T15:17:18.057+0000] {processor.py:154} INFO - Started process (PID=2129) to work on /home/airflow/.local/lib/python3.7/site-packages/airflow/example_dags/tutorial_taskflow_api.py
[2024-01-14T15:17:18.057+0000] {processor.py:756} INFO - Processing file /home/airflow/.local/lib/python3.7/site-packages/airflow/example_dags/tutorial_taskflow_api.py for tasks to queue
[2024-01-14T15:17:18.058+0000] {logging_mixin.py:120} INFO - [2024-01-14T15:17:18.058+0000] {dagbag.py:537} INFO - Filling up the DagBag from /home/airflow/.local/lib/python3.7/site-packages/airflow/example_dags/tutorial_taskflow_api.py
[2024-01-14T15:17:18.071+0000] {processor.py:766} INFO - DAG(s) dict_keys(['tutorial_taskflow_api']) retrieved from /home/airflow/.local/lib/python3.7/site-packages/airflow/example_dags/tutorial_taskflow_api.py
[2024-01-14T15:17:18.097+0000] {logging_mixin.py:120} INFO - [2024-01-14T15:17:18.097+0000] {dag.py:2585} INFO - Sync 1 DAGs
[2024-01-14T15:17:18.113+0000] {logging_mixin.py:120} INFO - [2024-01-14T15:17:18.113+0000] {dag.py:3340} INFO - Setting next_dagrun for tutorial_taskflow_api to None, run_after=None
[2024-01-14T15:17:18.125+0000] {processor.py:176} INFO - Processing /home/airflow/.local/lib/python3.7/site-packages/airflow/example_dags/tutorial_taskflow_api.py took 0.070 seconds
[2024-01-14T15:17:48.231+0000] {processor.py:154} INFO - Started process (PID=2192) to work on /home/airflow/.local/lib/python3.7/site-packages/airflow/example_dags/tutorial_taskflow_api.py
[2024-01-14T15:17:48.231+0000] {processor.py:756} INFO - Processing file /home/airflow/.local/lib/python3.7/site-packages/airflow/example_dags/tutorial_taskflow_api.py for tasks to queue
[2024-01-14T15:17:48.232+0000] {logging_mixin.py:120} INFO - [2024-01-14T15:17:48.232+0000] {dagbag.py:537} INFO - Filling up the DagBag from /home/airflow/.local/lib/python3.7/site-packages/airflow/example_dags/tutorial_taskflow_api.py
[2024-01-14T15:17:48.247+0000] {processor.py:766} INFO - DAG(s) dict_keys(['tutorial_taskflow_api']) retrieved from /home/airflow/.local/lib/python3.7/site-packages/airflow/example_dags/tutorial_taskflow_api.py
[2024-01-14T15:17:48.278+0000] {logging_mixin.py:120} INFO - [2024-01-14T15:17:48.278+0000] {dag.py:2585} INFO - Sync 1 DAGs
[2024-01-14T15:17:48.295+0000] {logging_mixin.py:120} INFO - [2024-01-14T15:17:48.295+0000] {dag.py:3340} INFO - Setting next_dagrun for tutorial_taskflow_api to None, run_after=None
[2024-01-14T15:17:48.306+0000] {processor.py:176} INFO - Processing /home/airflow/.local/lib/python3.7/site-packages/airflow/example_dags/tutorial_taskflow_api.py took 0.079 seconds
[2024-01-14T15:18:18.349+0000] {processor.py:154} INFO - Started process (PID=2255) to work on /home/airflow/.local/lib/python3.7/site-packages/airflow/example_dags/tutorial_taskflow_api.py
[2024-01-14T15:18:18.350+0000] {processor.py:756} INFO - Processing file /home/airflow/.local/lib/python3.7/site-packages/airflow/example_dags/tutorial_taskflow_api.py for tasks to queue
[2024-01-14T15:18:18.351+0000] {logging_mixin.py:120} INFO - [2024-01-14T15:18:18.350+0000] {dagbag.py:537} INFO - Filling up the DagBag from /home/airflow/.local/lib/python3.7/site-packages/airflow/example_dags/tutorial_taskflow_api.py
[2024-01-14T15:18:18.365+0000] {processor.py:766} INFO - DAG(s) dict_keys(['tutorial_taskflow_api']) retrieved from /home/airflow/.local/lib/python3.7/site-packages/airflow/example_dags/tutorial_taskflow_api.py
[2024-01-14T15:18:18.393+0000] {logging_mixin.py:120} INFO - [2024-01-14T15:18:18.393+0000] {dag.py:2585} INFO - Sync 1 DAGs
[2024-01-14T15:18:18.409+0000] {logging_mixin.py:120} INFO - [2024-01-14T15:18:18.409+0000] {dag.py:3340} INFO - Setting next_dagrun for tutorial_taskflow_api to None, run_after=None
[2024-01-14T15:18:18.422+0000] {processor.py:176} INFO - Processing /home/airflow/.local/lib/python3.7/site-packages/airflow/example_dags/tutorial_taskflow_api.py took 0.075 seconds
[2024-01-14T15:18:49.271+0000] {processor.py:154} INFO - Started process (PID=2318) to work on /home/airflow/.local/lib/python3.7/site-packages/airflow/example_dags/tutorial_taskflow_api.py
[2024-01-14T15:18:49.272+0000] {processor.py:756} INFO - Processing file /home/airflow/.local/lib/python3.7/site-packages/airflow/example_dags/tutorial_taskflow_api.py for tasks to queue
[2024-01-14T15:18:49.272+0000] {logging_mixin.py:120} INFO - [2024-01-14T15:18:49.272+0000] {dagbag.py:537} INFO - Filling up the DagBag from /home/airflow/.local/lib/python3.7/site-packages/airflow/example_dags/tutorial_taskflow_api.py
[2024-01-14T15:18:49.287+0000] {processor.py:766} INFO - DAG(s) dict_keys(['tutorial_taskflow_api']) retrieved from /home/airflow/.local/lib/python3.7/site-packages/airflow/example_dags/tutorial_taskflow_api.py
[2024-01-14T15:18:49.315+0000] {logging_mixin.py:120} INFO - [2024-01-14T15:18:49.315+0000] {dag.py:2585} INFO - Sync 1 DAGs
[2024-01-14T15:18:49.331+0000] {logging_mixin.py:120} INFO - [2024-01-14T15:18:49.331+0000] {dag.py:3340} INFO - Setting next_dagrun for tutorial_taskflow_api to None, run_after=None
[2024-01-14T15:18:49.343+0000] {processor.py:176} INFO - Processing /home/airflow/.local/lib/python3.7/site-packages/airflow/example_dags/tutorial_taskflow_api.py took 0.074 seconds
[2024-01-14T15:19:20.293+0000] {processor.py:154} INFO - Started process (PID=2381) to work on /home/airflow/.local/lib/python3.7/site-packages/airflow/example_dags/tutorial_taskflow_api.py
[2024-01-14T15:19:20.294+0000] {processor.py:756} INFO - Processing file /home/airflow/.local/lib/python3.7/site-packages/airflow/example_dags/tutorial_taskflow_api.py for tasks to queue
[2024-01-14T15:19:20.294+0000] {logging_mixin.py:120} INFO - [2024-01-14T15:19:20.294+0000] {dagbag.py:537} INFO - Filling up the DagBag from /home/airflow/.local/lib/python3.7/site-packages/airflow/example_dags/tutorial_taskflow_api.py
[2024-01-14T15:19:20.309+0000] {processor.py:766} INFO - DAG(s) dict_keys(['tutorial_taskflow_api']) retrieved from /home/airflow/.local/lib/python3.7/site-packages/airflow/example_dags/tutorial_taskflow_api.py
[2024-01-14T15:19:20.337+0000] {logging_mixin.py:120} INFO - [2024-01-14T15:19:20.337+0000] {dag.py:2585} INFO - Sync 1 DAGs
[2024-01-14T15:19:20.354+0000] {logging_mixin.py:120} INFO - [2024-01-14T15:19:20.353+0000] {dag.py:3340} INFO - Setting next_dagrun for tutorial_taskflow_api to None, run_after=None
[2024-01-14T15:19:20.365+0000] {processor.py:176} INFO - Processing /home/airflow/.local/lib/python3.7/site-packages/airflow/example_dags/tutorial_taskflow_api.py took 0.074 seconds
[2024-01-14T15:19:50.531+0000] {processor.py:154} INFO - Started process (PID=2442) to work on /home/airflow/.local/lib/python3.7/site-packages/airflow/example_dags/tutorial_taskflow_api.py
[2024-01-14T15:19:50.532+0000] {processor.py:756} INFO - Processing file /home/airflow/.local/lib/python3.7/site-packages/airflow/example_dags/tutorial_taskflow_api.py for tasks to queue
[2024-01-14T15:19:50.532+0000] {logging_mixin.py:120} INFO - [2024-01-14T15:19:50.532+0000] {dagbag.py:537} INFO - Filling up the DagBag from /home/airflow/.local/lib/python3.7/site-packages/airflow/example_dags/tutorial_taskflow_api.py
[2024-01-14T15:19:50.546+0000] {processor.py:766} INFO - DAG(s) dict_keys(['tutorial_taskflow_api']) retrieved from /home/airflow/.local/lib/python3.7/site-packages/airflow/example_dags/tutorial_taskflow_api.py
[2024-01-14T15:19:50.572+0000] {logging_mixin.py:120} INFO - [2024-01-14T15:19:50.572+0000] {dag.py:2585} INFO - Sync 1 DAGs
[2024-01-14T15:19:50.593+0000] {logging_mixin.py:120} INFO - [2024-01-14T15:19:50.593+0000] {dag.py:3340} INFO - Setting next_dagrun for tutorial_taskflow_api to None, run_after=None
[2024-01-14T15:19:50.605+0000] {processor.py:176} INFO - Processing /home/airflow/.local/lib/python3.7/site-packages/airflow/example_dags/tutorial_taskflow_api.py took 0.077 seconds
[2024-01-14T15:20:21.467+0000] {processor.py:154} INFO - Started process (PID=2498) to work on /home/airflow/.local/lib/python3.7/site-packages/airflow/example_dags/tutorial_taskflow_api.py
[2024-01-14T15:20:21.467+0000] {processor.py:756} INFO - Processing file /home/airflow/.local/lib/python3.7/site-packages/airflow/example_dags/tutorial_taskflow_api.py for tasks to queue
[2024-01-14T15:20:21.468+0000] {logging_mixin.py:120} INFO - [2024-01-14T15:20:21.468+0000] {dagbag.py:537} INFO - Filling up the DagBag from /home/airflow/.local/lib/python3.7/site-packages/airflow/example_dags/tutorial_taskflow_api.py
[2024-01-14T15:20:21.482+0000] {processor.py:766} INFO - DAG(s) dict_keys(['tutorial_taskflow_api']) retrieved from /home/airflow/.local/lib/python3.7/site-packages/airflow/example_dags/tutorial_taskflow_api.py
[2024-01-14T15:20:21.512+0000] {logging_mixin.py:120} INFO - [2024-01-14T15:20:21.512+0000] {dag.py:2585} INFO - Sync 1 DAGs
[2024-01-14T15:20:21.527+0000] {logging_mixin.py:120} INFO - [2024-01-14T15:20:21.527+0000] {dag.py:3340} INFO - Setting next_dagrun for tutorial_taskflow_api to None, run_after=None
[2024-01-14T15:20:21.538+0000] {processor.py:176} INFO - Processing /home/airflow/.local/lib/python3.7/site-packages/airflow/example_dags/tutorial_taskflow_api.py took 0.073 seconds
[2024-01-14T15:20:52.306+0000] {processor.py:154} INFO - Started process (PID=2561) to work on /home/airflow/.local/lib/python3.7/site-packages/airflow/example_dags/tutorial_taskflow_api.py
[2024-01-14T15:20:52.307+0000] {processor.py:756} INFO - Processing file /home/airflow/.local/lib/python3.7/site-packages/airflow/example_dags/tutorial_taskflow_api.py for tasks to queue
[2024-01-14T15:20:52.307+0000] {logging_mixin.py:120} INFO - [2024-01-14T15:20:52.307+0000] {dagbag.py:537} INFO - Filling up the DagBag from /home/airflow/.local/lib/python3.7/site-packages/airflow/example_dags/tutorial_taskflow_api.py
[2024-01-14T15:20:52.322+0000] {processor.py:766} INFO - DAG(s) dict_keys(['tutorial_taskflow_api']) retrieved from /home/airflow/.local/lib/python3.7/site-packages/airflow/example_dags/tutorial_taskflow_api.py
[2024-01-14T15:20:52.349+0000] {logging_mixin.py:120} INFO - [2024-01-14T15:20:52.349+0000] {dag.py:2585} INFO - Sync 1 DAGs
[2024-01-14T15:20:52.367+0000] {logging_mixin.py:120} INFO - [2024-01-14T15:20:52.367+0000] {dag.py:3340} INFO - Setting next_dagrun for tutorial_taskflow_api to None, run_after=None
[2024-01-14T15:20:52.379+0000] {processor.py:176} INFO - Processing /home/airflow/.local/lib/python3.7/site-packages/airflow/example_dags/tutorial_taskflow_api.py took 0.075 seconds
[2024-01-14T15:21:23.325+0000] {processor.py:154} INFO - Started process (PID=2624) to work on /home/airflow/.local/lib/python3.7/site-packages/airflow/example_dags/tutorial_taskflow_api.py
[2024-01-14T15:21:23.325+0000] {processor.py:756} INFO - Processing file /home/airflow/.local/lib/python3.7/site-packages/airflow/example_dags/tutorial_taskflow_api.py for tasks to queue
[2024-01-14T15:21:23.326+0000] {logging_mixin.py:120} INFO - [2024-01-14T15:21:23.326+0000] {dagbag.py:537} INFO - Filling up the DagBag from /home/airflow/.local/lib/python3.7/site-packages/airflow/example_dags/tutorial_taskflow_api.py
[2024-01-14T15:21:23.340+0000] {processor.py:766} INFO - DAG(s) dict_keys(['tutorial_taskflow_api']) retrieved from /home/airflow/.local/lib/python3.7/site-packages/airflow/example_dags/tutorial_taskflow_api.py
[2024-01-14T15:21:23.368+0000] {logging_mixin.py:120} INFO - [2024-01-14T15:21:23.368+0000] {dag.py:2585} INFO - Sync 1 DAGs
[2024-01-14T15:21:23.384+0000] {logging_mixin.py:120} INFO - [2024-01-14T15:21:23.384+0000] {dag.py:3340} INFO - Setting next_dagrun for tutorial_taskflow_api to None, run_after=None
[2024-01-14T15:21:23.395+0000] {processor.py:176} INFO - Processing /home/airflow/.local/lib/python3.7/site-packages/airflow/example_dags/tutorial_taskflow_api.py took 0.073 seconds
[2024-01-14T15:21:54.323+0000] {processor.py:154} INFO - Started process (PID=2687) to work on /home/airflow/.local/lib/python3.7/site-packages/airflow/example_dags/tutorial_taskflow_api.py
[2024-01-14T15:21:54.324+0000] {processor.py:756} INFO - Processing file /home/airflow/.local/lib/python3.7/site-packages/airflow/example_dags/tutorial_taskflow_api.py for tasks to queue
[2024-01-14T15:21:54.324+0000] {logging_mixin.py:120} INFO - [2024-01-14T15:21:54.324+0000] {dagbag.py:537} INFO - Filling up the DagBag from /home/airflow/.local/lib/python3.7/site-packages/airflow/example_dags/tutorial_taskflow_api.py
[2024-01-14T15:21:54.338+0000] {processor.py:766} INFO - DAG(s) dict_keys(['tutorial_taskflow_api']) retrieved from /home/airflow/.local/lib/python3.7/site-packages/airflow/example_dags/tutorial_taskflow_api.py
[2024-01-14T15:21:54.365+0000] {logging_mixin.py:120} INFO - [2024-01-14T15:21:54.365+0000] {dag.py:2585} INFO - Sync 1 DAGs
[2024-01-14T15:21:54.380+0000] {logging_mixin.py:120} INFO - [2024-01-14T15:21:54.380+0000] {dag.py:3340} INFO - Setting next_dagrun for tutorial_taskflow_api to None, run_after=None
[2024-01-14T15:21:54.392+0000] {processor.py:176} INFO - Processing /home/airflow/.local/lib/python3.7/site-packages/airflow/example_dags/tutorial_taskflow_api.py took 0.071 seconds
[2024-01-14T15:22:25.304+0000] {processor.py:154} INFO - Started process (PID=2750) to work on /home/airflow/.local/lib/python3.7/site-packages/airflow/example_dags/tutorial_taskflow_api.py
[2024-01-14T15:22:25.305+0000] {processor.py:756} INFO - Processing file /home/airflow/.local/lib/python3.7/site-packages/airflow/example_dags/tutorial_taskflow_api.py for tasks to queue
[2024-01-14T15:22:25.305+0000] {logging_mixin.py:120} INFO - [2024-01-14T15:22:25.305+0000] {dagbag.py:537} INFO - Filling up the DagBag from /home/airflow/.local/lib/python3.7/site-packages/airflow/example_dags/tutorial_taskflow_api.py
[2024-01-14T15:22:25.319+0000] {processor.py:766} INFO - DAG(s) dict_keys(['tutorial_taskflow_api']) retrieved from /home/airflow/.local/lib/python3.7/site-packages/airflow/example_dags/tutorial_taskflow_api.py
[2024-01-14T15:22:25.346+0000] {logging_mixin.py:120} INFO - [2024-01-14T15:22:25.346+0000] {dag.py:2585} INFO - Sync 1 DAGs
[2024-01-14T15:22:25.361+0000] {logging_mixin.py:120} INFO - [2024-01-14T15:22:25.361+0000] {dag.py:3340} INFO - Setting next_dagrun for tutorial_taskflow_api to None, run_after=None
[2024-01-14T15:22:25.372+0000] {processor.py:176} INFO - Processing /home/airflow/.local/lib/python3.7/site-packages/airflow/example_dags/tutorial_taskflow_api.py took 0.070 seconds
[2024-01-14T15:22:55.399+0000] {processor.py:154} INFO - Started process (PID=2813) to work on /home/airflow/.local/lib/python3.7/site-packages/airflow/example_dags/tutorial_taskflow_api.py
[2024-01-14T15:22:55.400+0000] {processor.py:756} INFO - Processing file /home/airflow/.local/lib/python3.7/site-packages/airflow/example_dags/tutorial_taskflow_api.py for tasks to queue
[2024-01-14T15:22:55.401+0000] {logging_mixin.py:120} INFO - [2024-01-14T15:22:55.401+0000] {dagbag.py:537} INFO - Filling up the DagBag from /home/airflow/.local/lib/python3.7/site-packages/airflow/example_dags/tutorial_taskflow_api.py
[2024-01-14T15:22:55.415+0000] {processor.py:766} INFO - DAG(s) dict_keys(['tutorial_taskflow_api']) retrieved from /home/airflow/.local/lib/python3.7/site-packages/airflow/example_dags/tutorial_taskflow_api.py
[2024-01-14T15:22:55.444+0000] {logging_mixin.py:120} INFO - [2024-01-14T15:22:55.444+0000] {dag.py:2585} INFO - Sync 1 DAGs
[2024-01-14T15:22:55.461+0000] {logging_mixin.py:120} INFO - [2024-01-14T15:22:55.461+0000] {dag.py:3340} INFO - Setting next_dagrun for tutorial_taskflow_api to None, run_after=None
[2024-01-14T15:22:55.473+0000] {processor.py:176} INFO - Processing /home/airflow/.local/lib/python3.7/site-packages/airflow/example_dags/tutorial_taskflow_api.py took 0.077 seconds
