[2024-01-14T14:59:58.014+0000] {processor.py:154} INFO - Started process (PID=48) to work on /home/airflow/.local/lib/python3.7/site-packages/airflow/example_dags/tutorial_dag.py
[2024-01-14T14:59:58.014+0000] {processor.py:756} INFO - Processing file /home/airflow/.local/lib/python3.7/site-packages/airflow/example_dags/tutorial_dag.py for tasks to queue
[2024-01-14T14:59:58.015+0000] {logging_mixin.py:120} INFO - [2024-01-14T14:59:58.015+0000] {dagbag.py:537} INFO - Filling up the DagBag from /home/airflow/.local/lib/python3.7/site-packages/airflow/example_dags/tutorial_dag.py
[2024-01-14T14:59:58.025+0000] {processor.py:766} INFO - DAG(s) dict_keys(['tutorial_dag']) retrieved from /home/airflow/.local/lib/python3.7/site-packages/airflow/example_dags/tutorial_dag.py
[2024-01-14T14:59:58.114+0000] {logging_mixin.py:120} INFO - [2024-01-14T14:59:58.113+0000] {manager.py:507} INFO - Created Permission View: can read on DAG:tutorial_dag
[2024-01-14T14:59:58.128+0000] {logging_mixin.py:120} INFO - [2024-01-14T14:59:58.128+0000] {manager.py:507} INFO - Created Permission View: can edit on DAG:tutorial_dag
[2024-01-14T14:59:58.136+0000] {logging_mixin.py:120} INFO - [2024-01-14T14:59:58.136+0000] {manager.py:507} INFO - Created Permission View: can delete on DAG:tutorial_dag
[2024-01-14T14:59:58.137+0000] {logging_mixin.py:120} INFO - [2024-01-14T14:59:58.136+0000] {dag.py:2585} INFO - Sync 1 DAGs
[2024-01-14T14:59:58.153+0000] {logging_mixin.py:120} INFO - [2024-01-14T14:59:58.153+0000] {dag.py:2606} INFO - Creating ORM DAG for tutorial_dag
[2024-01-14T14:59:58.169+0000] {logging_mixin.py:120} INFO - [2024-01-14T14:59:58.169+0000] {dag.py:3340} INFO - Setting next_dagrun for tutorial_dag to None, run_after=None
[2024-01-14T14:59:58.192+0000] {processor.py:176} INFO - Processing /home/airflow/.local/lib/python3.7/site-packages/airflow/example_dags/tutorial_dag.py took 0.181 seconds
[2024-01-14T15:00:28.328+0000] {processor.py:154} INFO - Started process (PID=111) to work on /home/airflow/.local/lib/python3.7/site-packages/airflow/example_dags/tutorial_dag.py
[2024-01-14T15:00:28.329+0000] {processor.py:756} INFO - Processing file /home/airflow/.local/lib/python3.7/site-packages/airflow/example_dags/tutorial_dag.py for tasks to queue
[2024-01-14T15:00:28.330+0000] {logging_mixin.py:120} INFO - [2024-01-14T15:00:28.329+0000] {dagbag.py:537} INFO - Filling up the DagBag from /home/airflow/.local/lib/python3.7/site-packages/airflow/example_dags/tutorial_dag.py
[2024-01-14T15:00:28.340+0000] {processor.py:766} INFO - DAG(s) dict_keys(['tutorial_dag']) retrieved from /home/airflow/.local/lib/python3.7/site-packages/airflow/example_dags/tutorial_dag.py
[2024-01-14T15:00:28.373+0000] {logging_mixin.py:120} INFO - [2024-01-14T15:00:28.372+0000] {dag.py:2585} INFO - Sync 1 DAGs
[2024-01-14T15:00:28.388+0000] {logging_mixin.py:120} INFO - [2024-01-14T15:00:28.388+0000] {dag.py:3340} INFO - Setting next_dagrun for tutorial_dag to None, run_after=None
[2024-01-14T15:00:28.399+0000] {processor.py:176} INFO - Processing /home/airflow/.local/lib/python3.7/site-packages/airflow/example_dags/tutorial_dag.py took 0.074 seconds
[2024-01-14T15:00:58.526+0000] {processor.py:154} INFO - Started process (PID=175) to work on /home/airflow/.local/lib/python3.7/site-packages/airflow/example_dags/tutorial_dag.py
[2024-01-14T15:00:58.526+0000] {processor.py:756} INFO - Processing file /home/airflow/.local/lib/python3.7/site-packages/airflow/example_dags/tutorial_dag.py for tasks to queue
[2024-01-14T15:00:58.527+0000] {logging_mixin.py:120} INFO - [2024-01-14T15:00:58.527+0000] {dagbag.py:537} INFO - Filling up the DagBag from /home/airflow/.local/lib/python3.7/site-packages/airflow/example_dags/tutorial_dag.py
[2024-01-14T15:00:58.537+0000] {processor.py:766} INFO - DAG(s) dict_keys(['tutorial_dag']) retrieved from /home/airflow/.local/lib/python3.7/site-packages/airflow/example_dags/tutorial_dag.py
[2024-01-14T15:00:58.566+0000] {logging_mixin.py:120} INFO - [2024-01-14T15:00:58.566+0000] {dag.py:2585} INFO - Sync 1 DAGs
[2024-01-14T15:00:58.583+0000] {logging_mixin.py:120} INFO - [2024-01-14T15:00:58.583+0000] {dag.py:3340} INFO - Setting next_dagrun for tutorial_dag to None, run_after=None
[2024-01-14T15:00:58.595+0000] {processor.py:176} INFO - Processing /home/airflow/.local/lib/python3.7/site-packages/airflow/example_dags/tutorial_dag.py took 0.071 seconds
[2024-01-14T15:01:29.481+0000] {processor.py:154} INFO - Started process (PID=238) to work on /home/airflow/.local/lib/python3.7/site-packages/airflow/example_dags/tutorial_dag.py
[2024-01-14T15:01:29.482+0000] {processor.py:756} INFO - Processing file /home/airflow/.local/lib/python3.7/site-packages/airflow/example_dags/tutorial_dag.py for tasks to queue
[2024-01-14T15:01:29.482+0000] {logging_mixin.py:120} INFO - [2024-01-14T15:01:29.482+0000] {dagbag.py:537} INFO - Filling up the DagBag from /home/airflow/.local/lib/python3.7/site-packages/airflow/example_dags/tutorial_dag.py
[2024-01-14T15:01:29.492+0000] {processor.py:766} INFO - DAG(s) dict_keys(['tutorial_dag']) retrieved from /home/airflow/.local/lib/python3.7/site-packages/airflow/example_dags/tutorial_dag.py
[2024-01-14T15:01:29.522+0000] {logging_mixin.py:120} INFO - [2024-01-14T15:01:29.522+0000] {dag.py:2585} INFO - Sync 1 DAGs
[2024-01-14T15:01:29.538+0000] {logging_mixin.py:120} INFO - [2024-01-14T15:01:29.538+0000] {dag.py:3340} INFO - Setting next_dagrun for tutorial_dag to None, run_after=None
[2024-01-14T15:01:29.549+0000] {processor.py:176} INFO - Processing /home/airflow/.local/lib/python3.7/site-packages/airflow/example_dags/tutorial_dag.py took 0.071 seconds
[2024-01-14T15:01:59.589+0000] {processor.py:154} INFO - Started process (PID=298) to work on /home/airflow/.local/lib/python3.7/site-packages/airflow/example_dags/tutorial_dag.py
[2024-01-14T15:01:59.590+0000] {processor.py:756} INFO - Processing file /home/airflow/.local/lib/python3.7/site-packages/airflow/example_dags/tutorial_dag.py for tasks to queue
[2024-01-14T15:01:59.590+0000] {logging_mixin.py:120} INFO - [2024-01-14T15:01:59.590+0000] {dagbag.py:537} INFO - Filling up the DagBag from /home/airflow/.local/lib/python3.7/site-packages/airflow/example_dags/tutorial_dag.py
[2024-01-14T15:01:59.600+0000] {processor.py:766} INFO - DAG(s) dict_keys(['tutorial_dag']) retrieved from /home/airflow/.local/lib/python3.7/site-packages/airflow/example_dags/tutorial_dag.py
[2024-01-14T15:01:59.626+0000] {logging_mixin.py:120} INFO - [2024-01-14T15:01:59.626+0000] {dag.py:2585} INFO - Sync 1 DAGs
[2024-01-14T15:01:59.641+0000] {logging_mixin.py:120} INFO - [2024-01-14T15:01:59.641+0000] {dag.py:3340} INFO - Setting next_dagrun for tutorial_dag to None, run_after=None
[2024-01-14T15:01:59.652+0000] {processor.py:176} INFO - Processing /home/airflow/.local/lib/python3.7/site-packages/airflow/example_dags/tutorial_dag.py took 0.066 seconds
[2024-01-14T15:02:29.705+0000] {processor.py:154} INFO - Started process (PID=354) to work on /home/airflow/.local/lib/python3.7/site-packages/airflow/example_dags/tutorial_dag.py
[2024-01-14T15:02:29.706+0000] {processor.py:756} INFO - Processing file /home/airflow/.local/lib/python3.7/site-packages/airflow/example_dags/tutorial_dag.py for tasks to queue
[2024-01-14T15:02:29.706+0000] {logging_mixin.py:120} INFO - [2024-01-14T15:02:29.706+0000] {dagbag.py:537} INFO - Filling up the DagBag from /home/airflow/.local/lib/python3.7/site-packages/airflow/example_dags/tutorial_dag.py
[2024-01-14T15:02:29.717+0000] {processor.py:766} INFO - DAG(s) dict_keys(['tutorial_dag']) retrieved from /home/airflow/.local/lib/python3.7/site-packages/airflow/example_dags/tutorial_dag.py
[2024-01-14T15:02:29.746+0000] {logging_mixin.py:120} INFO - [2024-01-14T15:02:29.746+0000] {dag.py:2585} INFO - Sync 1 DAGs
[2024-01-14T15:02:29.763+0000] {logging_mixin.py:120} INFO - [2024-01-14T15:02:29.763+0000] {dag.py:3340} INFO - Setting next_dagrun for tutorial_dag to None, run_after=None
[2024-01-14T15:02:29.776+0000] {processor.py:176} INFO - Processing /home/airflow/.local/lib/python3.7/site-packages/airflow/example_dags/tutorial_dag.py took 0.074 seconds
[2024-01-14T15:02:59.917+0000] {processor.py:154} INFO - Started process (PID=417) to work on /home/airflow/.local/lib/python3.7/site-packages/airflow/example_dags/tutorial_dag.py
[2024-01-14T15:02:59.918+0000] {processor.py:756} INFO - Processing file /home/airflow/.local/lib/python3.7/site-packages/airflow/example_dags/tutorial_dag.py for tasks to queue
[2024-01-14T15:02:59.919+0000] {logging_mixin.py:120} INFO - [2024-01-14T15:02:59.919+0000] {dagbag.py:537} INFO - Filling up the DagBag from /home/airflow/.local/lib/python3.7/site-packages/airflow/example_dags/tutorial_dag.py
[2024-01-14T15:02:59.929+0000] {processor.py:766} INFO - DAG(s) dict_keys(['tutorial_dag']) retrieved from /home/airflow/.local/lib/python3.7/site-packages/airflow/example_dags/tutorial_dag.py
[2024-01-14T15:02:59.959+0000] {logging_mixin.py:120} INFO - [2024-01-14T15:02:59.958+0000] {dag.py:2585} INFO - Sync 1 DAGs
[2024-01-14T15:02:59.975+0000] {logging_mixin.py:120} INFO - [2024-01-14T15:02:59.975+0000] {dag.py:3340} INFO - Setting next_dagrun for tutorial_dag to None, run_after=None
[2024-01-14T15:02:59.986+0000] {processor.py:176} INFO - Processing /home/airflow/.local/lib/python3.7/site-packages/airflow/example_dags/tutorial_dag.py took 0.071 seconds
[2024-01-14T15:03:31.080+0000] {processor.py:154} INFO - Started process (PID=481) to work on /home/airflow/.local/lib/python3.7/site-packages/airflow/example_dags/tutorial_dag.py
[2024-01-14T15:03:31.081+0000] {processor.py:756} INFO - Processing file /home/airflow/.local/lib/python3.7/site-packages/airflow/example_dags/tutorial_dag.py for tasks to queue
[2024-01-14T15:03:31.081+0000] {logging_mixin.py:120} INFO - [2024-01-14T15:03:31.081+0000] {dagbag.py:537} INFO - Filling up the DagBag from /home/airflow/.local/lib/python3.7/site-packages/airflow/example_dags/tutorial_dag.py
[2024-01-14T15:03:31.091+0000] {processor.py:766} INFO - DAG(s) dict_keys(['tutorial_dag']) retrieved from /home/airflow/.local/lib/python3.7/site-packages/airflow/example_dags/tutorial_dag.py
[2024-01-14T15:03:31.117+0000] {logging_mixin.py:120} INFO - [2024-01-14T15:03:31.116+0000] {dag.py:2585} INFO - Sync 1 DAGs
[2024-01-14T15:03:31.132+0000] {logging_mixin.py:120} INFO - [2024-01-14T15:03:31.132+0000] {dag.py:3340} INFO - Setting next_dagrun for tutorial_dag to None, run_after=None
[2024-01-14T15:03:31.143+0000] {processor.py:176} INFO - Processing /home/airflow/.local/lib/python3.7/site-packages/airflow/example_dags/tutorial_dag.py took 0.065 seconds
[2024-01-14T15:04:02.176+0000] {processor.py:154} INFO - Started process (PID=544) to work on /home/airflow/.local/lib/python3.7/site-packages/airflow/example_dags/tutorial_dag.py
[2024-01-14T15:04:02.177+0000] {processor.py:756} INFO - Processing file /home/airflow/.local/lib/python3.7/site-packages/airflow/example_dags/tutorial_dag.py for tasks to queue
[2024-01-14T15:04:02.177+0000] {logging_mixin.py:120} INFO - [2024-01-14T15:04:02.177+0000] {dagbag.py:537} INFO - Filling up the DagBag from /home/airflow/.local/lib/python3.7/site-packages/airflow/example_dags/tutorial_dag.py
[2024-01-14T15:04:02.187+0000] {processor.py:766} INFO - DAG(s) dict_keys(['tutorial_dag']) retrieved from /home/airflow/.local/lib/python3.7/site-packages/airflow/example_dags/tutorial_dag.py
[2024-01-14T15:04:02.214+0000] {logging_mixin.py:120} INFO - [2024-01-14T15:04:02.214+0000] {dag.py:2585} INFO - Sync 1 DAGs
[2024-01-14T15:04:02.234+0000] {logging_mixin.py:120} INFO - [2024-01-14T15:04:02.234+0000] {dag.py:3340} INFO - Setting next_dagrun for tutorial_dag to None, run_after=None
[2024-01-14T15:04:02.247+0000] {processor.py:176} INFO - Processing /home/airflow/.local/lib/python3.7/site-packages/airflow/example_dags/tutorial_dag.py took 0.073 seconds
[2024-01-14T15:04:33.117+0000] {processor.py:154} INFO - Started process (PID=607) to work on /home/airflow/.local/lib/python3.7/site-packages/airflow/example_dags/tutorial_dag.py
[2024-01-14T15:04:33.118+0000] {processor.py:756} INFO - Processing file /home/airflow/.local/lib/python3.7/site-packages/airflow/example_dags/tutorial_dag.py for tasks to queue
[2024-01-14T15:04:33.118+0000] {logging_mixin.py:120} INFO - [2024-01-14T15:04:33.118+0000] {dagbag.py:537} INFO - Filling up the DagBag from /home/airflow/.local/lib/python3.7/site-packages/airflow/example_dags/tutorial_dag.py
[2024-01-14T15:04:33.127+0000] {processor.py:766} INFO - DAG(s) dict_keys(['tutorial_dag']) retrieved from /home/airflow/.local/lib/python3.7/site-packages/airflow/example_dags/tutorial_dag.py
[2024-01-14T15:04:33.154+0000] {logging_mixin.py:120} INFO - [2024-01-14T15:04:33.154+0000] {dag.py:2585} INFO - Sync 1 DAGs
[2024-01-14T15:04:33.170+0000] {logging_mixin.py:120} INFO - [2024-01-14T15:04:33.170+0000] {dag.py:3340} INFO - Setting next_dagrun for tutorial_dag to None, run_after=None
[2024-01-14T15:04:33.181+0000] {processor.py:176} INFO - Processing /home/airflow/.local/lib/python3.7/site-packages/airflow/example_dags/tutorial_dag.py took 0.066 seconds
[2024-01-14T15:05:03.353+0000] {processor.py:154} INFO - Started process (PID=668) to work on /home/airflow/.local/lib/python3.7/site-packages/airflow/example_dags/tutorial_dag.py
[2024-01-14T15:05:03.354+0000] {processor.py:756} INFO - Processing file /home/airflow/.local/lib/python3.7/site-packages/airflow/example_dags/tutorial_dag.py for tasks to queue
[2024-01-14T15:05:03.355+0000] {logging_mixin.py:120} INFO - [2024-01-14T15:05:03.354+0000] {dagbag.py:537} INFO - Filling up the DagBag from /home/airflow/.local/lib/python3.7/site-packages/airflow/example_dags/tutorial_dag.py
[2024-01-14T15:05:03.364+0000] {processor.py:766} INFO - DAG(s) dict_keys(['tutorial_dag']) retrieved from /home/airflow/.local/lib/python3.7/site-packages/airflow/example_dags/tutorial_dag.py
[2024-01-14T15:05:03.389+0000] {logging_mixin.py:120} INFO - [2024-01-14T15:05:03.389+0000] {dag.py:2585} INFO - Sync 1 DAGs
[2024-01-14T15:05:03.405+0000] {logging_mixin.py:120} INFO - [2024-01-14T15:05:03.405+0000] {dag.py:3340} INFO - Setting next_dagrun for tutorial_dag to None, run_after=None
[2024-01-14T15:05:03.416+0000] {processor.py:176} INFO - Processing /home/airflow/.local/lib/python3.7/site-packages/airflow/example_dags/tutorial_dag.py took 0.065 seconds
[2024-01-14T15:05:34.489+0000] {processor.py:154} INFO - Started process (PID=724) to work on /home/airflow/.local/lib/python3.7/site-packages/airflow/example_dags/tutorial_dag.py
[2024-01-14T15:05:34.489+0000] {processor.py:756} INFO - Processing file /home/airflow/.local/lib/python3.7/site-packages/airflow/example_dags/tutorial_dag.py for tasks to queue
[2024-01-14T15:05:34.490+0000] {logging_mixin.py:120} INFO - [2024-01-14T15:05:34.490+0000] {dagbag.py:537} INFO - Filling up the DagBag from /home/airflow/.local/lib/python3.7/site-packages/airflow/example_dags/tutorial_dag.py
[2024-01-14T15:05:34.499+0000] {processor.py:766} INFO - DAG(s) dict_keys(['tutorial_dag']) retrieved from /home/airflow/.local/lib/python3.7/site-packages/airflow/example_dags/tutorial_dag.py
[2024-01-14T15:05:34.528+0000] {logging_mixin.py:120} INFO - [2024-01-14T15:05:34.527+0000] {dag.py:2585} INFO - Sync 1 DAGs
[2024-01-14T15:05:34.543+0000] {logging_mixin.py:120} INFO - [2024-01-14T15:05:34.543+0000] {dag.py:3340} INFO - Setting next_dagrun for tutorial_dag to None, run_after=None
[2024-01-14T15:05:34.554+0000] {processor.py:176} INFO - Processing /home/airflow/.local/lib/python3.7/site-packages/airflow/example_dags/tutorial_dag.py took 0.068 seconds
[2024-01-14T15:06:05.367+0000] {processor.py:154} INFO - Started process (PID=787) to work on /home/airflow/.local/lib/python3.7/site-packages/airflow/example_dags/tutorial_dag.py
[2024-01-14T15:06:05.368+0000] {processor.py:756} INFO - Processing file /home/airflow/.local/lib/python3.7/site-packages/airflow/example_dags/tutorial_dag.py for tasks to queue
[2024-01-14T15:06:05.368+0000] {logging_mixin.py:120} INFO - [2024-01-14T15:06:05.368+0000] {dagbag.py:537} INFO - Filling up the DagBag from /home/airflow/.local/lib/python3.7/site-packages/airflow/example_dags/tutorial_dag.py
[2024-01-14T15:06:05.377+0000] {processor.py:766} INFO - DAG(s) dict_keys(['tutorial_dag']) retrieved from /home/airflow/.local/lib/python3.7/site-packages/airflow/example_dags/tutorial_dag.py
[2024-01-14T15:06:05.405+0000] {logging_mixin.py:120} INFO - [2024-01-14T15:06:05.405+0000] {dag.py:2585} INFO - Sync 1 DAGs
[2024-01-14T15:06:05.420+0000] {logging_mixin.py:120} INFO - [2024-01-14T15:06:05.420+0000] {dag.py:3340} INFO - Setting next_dagrun for tutorial_dag to None, run_after=None
[2024-01-14T15:06:05.432+0000] {processor.py:176} INFO - Processing /home/airflow/.local/lib/python3.7/site-packages/airflow/example_dags/tutorial_dag.py took 0.067 seconds
[2024-01-14T15:06:36.342+0000] {processor.py:154} INFO - Started process (PID=850) to work on /home/airflow/.local/lib/python3.7/site-packages/airflow/example_dags/tutorial_dag.py
[2024-01-14T15:06:36.343+0000] {processor.py:756} INFO - Processing file /home/airflow/.local/lib/python3.7/site-packages/airflow/example_dags/tutorial_dag.py for tasks to queue
[2024-01-14T15:06:36.344+0000] {logging_mixin.py:120} INFO - [2024-01-14T15:06:36.344+0000] {dagbag.py:537} INFO - Filling up the DagBag from /home/airflow/.local/lib/python3.7/site-packages/airflow/example_dags/tutorial_dag.py
[2024-01-14T15:06:36.353+0000] {processor.py:766} INFO - DAG(s) dict_keys(['tutorial_dag']) retrieved from /home/airflow/.local/lib/python3.7/site-packages/airflow/example_dags/tutorial_dag.py
[2024-01-14T15:06:36.380+0000] {logging_mixin.py:120} INFO - [2024-01-14T15:06:36.380+0000] {dag.py:2585} INFO - Sync 1 DAGs
[2024-01-14T15:06:36.396+0000] {logging_mixin.py:120} INFO - [2024-01-14T15:06:36.396+0000] {dag.py:3340} INFO - Setting next_dagrun for tutorial_dag to None, run_after=None
[2024-01-14T15:06:36.407+0000] {processor.py:176} INFO - Processing /home/airflow/.local/lib/python3.7/site-packages/airflow/example_dags/tutorial_dag.py took 0.067 seconds
[2024-01-14T15:07:06.531+0000] {processor.py:154} INFO - Started process (PID=913) to work on /home/airflow/.local/lib/python3.7/site-packages/airflow/example_dags/tutorial_dag.py
[2024-01-14T15:07:06.532+0000] {processor.py:756} INFO - Processing file /home/airflow/.local/lib/python3.7/site-packages/airflow/example_dags/tutorial_dag.py for tasks to queue
[2024-01-14T15:07:06.532+0000] {logging_mixin.py:120} INFO - [2024-01-14T15:07:06.532+0000] {dagbag.py:537} INFO - Filling up the DagBag from /home/airflow/.local/lib/python3.7/site-packages/airflow/example_dags/tutorial_dag.py
[2024-01-14T15:07:06.541+0000] {processor.py:766} INFO - DAG(s) dict_keys(['tutorial_dag']) retrieved from /home/airflow/.local/lib/python3.7/site-packages/airflow/example_dags/tutorial_dag.py
[2024-01-14T15:07:06.569+0000] {logging_mixin.py:120} INFO - [2024-01-14T15:07:06.569+0000] {dag.py:2585} INFO - Sync 1 DAGs
[2024-01-14T15:07:06.585+0000] {logging_mixin.py:120} INFO - [2024-01-14T15:07:06.585+0000] {dag.py:3340} INFO - Setting next_dagrun for tutorial_dag to None, run_after=None
[2024-01-14T15:07:06.596+0000] {processor.py:176} INFO - Processing /home/airflow/.local/lib/python3.7/site-packages/airflow/example_dags/tutorial_dag.py took 0.067 seconds
[2024-01-14T15:07:37.361+0000] {processor.py:154} INFO - Started process (PID=975) to work on /home/airflow/.local/lib/python3.7/site-packages/airflow/example_dags/tutorial_dag.py
[2024-01-14T15:07:37.362+0000] {processor.py:756} INFO - Processing file /home/airflow/.local/lib/python3.7/site-packages/airflow/example_dags/tutorial_dag.py for tasks to queue
[2024-01-14T15:07:37.363+0000] {logging_mixin.py:120} INFO - [2024-01-14T15:07:37.363+0000] {dagbag.py:537} INFO - Filling up the DagBag from /home/airflow/.local/lib/python3.7/site-packages/airflow/example_dags/tutorial_dag.py
[2024-01-14T15:07:37.372+0000] {processor.py:766} INFO - DAG(s) dict_keys(['tutorial_dag']) retrieved from /home/airflow/.local/lib/python3.7/site-packages/airflow/example_dags/tutorial_dag.py
[2024-01-14T15:07:37.400+0000] {logging_mixin.py:120} INFO - [2024-01-14T15:07:37.399+0000] {dag.py:2585} INFO - Sync 1 DAGs
[2024-01-14T15:07:37.415+0000] {logging_mixin.py:120} INFO - [2024-01-14T15:07:37.415+0000] {dag.py:3340} INFO - Setting next_dagrun for tutorial_dag to None, run_after=None
[2024-01-14T15:07:37.425+0000] {processor.py:176} INFO - Processing /home/airflow/.local/lib/python3.7/site-packages/airflow/example_dags/tutorial_dag.py took 0.066 seconds
[2024-01-14T15:08:07.583+0000] {processor.py:154} INFO - Started process (PID=1038) to work on /home/airflow/.local/lib/python3.7/site-packages/airflow/example_dags/tutorial_dag.py
[2024-01-14T15:08:07.585+0000] {processor.py:756} INFO - Processing file /home/airflow/.local/lib/python3.7/site-packages/airflow/example_dags/tutorial_dag.py for tasks to queue
[2024-01-14T15:08:07.585+0000] {logging_mixin.py:120} INFO - [2024-01-14T15:08:07.585+0000] {dagbag.py:537} INFO - Filling up the DagBag from /home/airflow/.local/lib/python3.7/site-packages/airflow/example_dags/tutorial_dag.py
[2024-01-14T15:08:07.595+0000] {processor.py:766} INFO - DAG(s) dict_keys(['tutorial_dag']) retrieved from /home/airflow/.local/lib/python3.7/site-packages/airflow/example_dags/tutorial_dag.py
[2024-01-14T15:08:07.622+0000] {logging_mixin.py:120} INFO - [2024-01-14T15:08:07.622+0000] {dag.py:2585} INFO - Sync 1 DAGs
[2024-01-14T15:08:07.637+0000] {logging_mixin.py:120} INFO - [2024-01-14T15:08:07.637+0000] {dag.py:3340} INFO - Setting next_dagrun for tutorial_dag to None, run_after=None
[2024-01-14T15:08:07.648+0000] {processor.py:176} INFO - Processing /home/airflow/.local/lib/python3.7/site-packages/airflow/example_dags/tutorial_dag.py took 0.068 seconds
[2024-01-14T15:08:38.635+0000] {processor.py:154} INFO - Started process (PID=1092) to work on /home/airflow/.local/lib/python3.7/site-packages/airflow/example_dags/tutorial_dag.py
[2024-01-14T15:08:38.636+0000] {processor.py:756} INFO - Processing file /home/airflow/.local/lib/python3.7/site-packages/airflow/example_dags/tutorial_dag.py for tasks to queue
[2024-01-14T15:08:38.636+0000] {logging_mixin.py:120} INFO - [2024-01-14T15:08:38.636+0000] {dagbag.py:537} INFO - Filling up the DagBag from /home/airflow/.local/lib/python3.7/site-packages/airflow/example_dags/tutorial_dag.py
[2024-01-14T15:08:38.645+0000] {processor.py:766} INFO - DAG(s) dict_keys(['tutorial_dag']) retrieved from /home/airflow/.local/lib/python3.7/site-packages/airflow/example_dags/tutorial_dag.py
[2024-01-14T15:08:38.671+0000] {logging_mixin.py:120} INFO - [2024-01-14T15:08:38.671+0000] {dag.py:2585} INFO - Sync 1 DAGs
[2024-01-14T15:08:38.687+0000] {logging_mixin.py:120} INFO - [2024-01-14T15:08:38.687+0000] {dag.py:3340} INFO - Setting next_dagrun for tutorial_dag to None, run_after=None
[2024-01-14T15:08:38.698+0000] {processor.py:176} INFO - Processing /home/airflow/.local/lib/python3.7/site-packages/airflow/example_dags/tutorial_dag.py took 0.066 seconds
[2024-01-14T15:09:09.575+0000] {processor.py:154} INFO - Started process (PID=1155) to work on /home/airflow/.local/lib/python3.7/site-packages/airflow/example_dags/tutorial_dag.py
[2024-01-14T15:09:09.576+0000] {processor.py:756} INFO - Processing file /home/airflow/.local/lib/python3.7/site-packages/airflow/example_dags/tutorial_dag.py for tasks to queue
[2024-01-14T15:09:09.576+0000] {logging_mixin.py:120} INFO - [2024-01-14T15:09:09.576+0000] {dagbag.py:537} INFO - Filling up the DagBag from /home/airflow/.local/lib/python3.7/site-packages/airflow/example_dags/tutorial_dag.py
[2024-01-14T15:09:09.586+0000] {processor.py:766} INFO - DAG(s) dict_keys(['tutorial_dag']) retrieved from /home/airflow/.local/lib/python3.7/site-packages/airflow/example_dags/tutorial_dag.py
[2024-01-14T15:09:09.611+0000] {logging_mixin.py:120} INFO - [2024-01-14T15:09:09.611+0000] {dag.py:2585} INFO - Sync 1 DAGs
[2024-01-14T15:09:09.629+0000] {logging_mixin.py:120} INFO - [2024-01-14T15:09:09.629+0000] {dag.py:3340} INFO - Setting next_dagrun for tutorial_dag to None, run_after=None
[2024-01-14T15:09:09.641+0000] {processor.py:176} INFO - Processing /home/airflow/.local/lib/python3.7/site-packages/airflow/example_dags/tutorial_dag.py took 0.068 seconds
[2024-01-14T15:09:40.518+0000] {processor.py:154} INFO - Started process (PID=1218) to work on /home/airflow/.local/lib/python3.7/site-packages/airflow/example_dags/tutorial_dag.py
[2024-01-14T15:09:40.518+0000] {processor.py:756} INFO - Processing file /home/airflow/.local/lib/python3.7/site-packages/airflow/example_dags/tutorial_dag.py for tasks to queue
[2024-01-14T15:09:40.519+0000] {logging_mixin.py:120} INFO - [2024-01-14T15:09:40.519+0000] {dagbag.py:537} INFO - Filling up the DagBag from /home/airflow/.local/lib/python3.7/site-packages/airflow/example_dags/tutorial_dag.py
[2024-01-14T15:09:40.528+0000] {processor.py:766} INFO - DAG(s) dict_keys(['tutorial_dag']) retrieved from /home/airflow/.local/lib/python3.7/site-packages/airflow/example_dags/tutorial_dag.py
[2024-01-14T15:09:40.556+0000] {logging_mixin.py:120} INFO - [2024-01-14T15:09:40.556+0000] {dag.py:2585} INFO - Sync 1 DAGs
[2024-01-14T15:09:40.571+0000] {logging_mixin.py:120} INFO - [2024-01-14T15:09:40.571+0000] {dag.py:3340} INFO - Setting next_dagrun for tutorial_dag to None, run_after=None
[2024-01-14T15:09:40.582+0000] {processor.py:176} INFO - Processing /home/airflow/.local/lib/python3.7/site-packages/airflow/example_dags/tutorial_dag.py took 0.067 seconds
[2024-01-14T15:10:11.547+0000] {processor.py:154} INFO - Started process (PID=1281) to work on /home/airflow/.local/lib/python3.7/site-packages/airflow/example_dags/tutorial_dag.py
[2024-01-14T15:10:11.548+0000] {processor.py:756} INFO - Processing file /home/airflow/.local/lib/python3.7/site-packages/airflow/example_dags/tutorial_dag.py for tasks to queue
[2024-01-14T15:10:11.548+0000] {logging_mixin.py:120} INFO - [2024-01-14T15:10:11.548+0000] {dagbag.py:537} INFO - Filling up the DagBag from /home/airflow/.local/lib/python3.7/site-packages/airflow/example_dags/tutorial_dag.py
[2024-01-14T15:10:11.558+0000] {processor.py:766} INFO - DAG(s) dict_keys(['tutorial_dag']) retrieved from /home/airflow/.local/lib/python3.7/site-packages/airflow/example_dags/tutorial_dag.py
[2024-01-14T15:10:11.585+0000] {logging_mixin.py:120} INFO - [2024-01-14T15:10:11.585+0000] {dag.py:2585} INFO - Sync 1 DAGs
[2024-01-14T15:10:11.600+0000] {logging_mixin.py:120} INFO - [2024-01-14T15:10:11.600+0000] {dag.py:3340} INFO - Setting next_dagrun for tutorial_dag to None, run_after=None
[2024-01-14T15:10:11.611+0000] {processor.py:176} INFO - Processing /home/airflow/.local/lib/python3.7/site-packages/airflow/example_dags/tutorial_dag.py took 0.066 seconds
[2024-01-14T15:10:42.397+0000] {processor.py:154} INFO - Started process (PID=1344) to work on /home/airflow/.local/lib/python3.7/site-packages/airflow/example_dags/tutorial_dag.py
[2024-01-14T15:10:42.398+0000] {processor.py:756} INFO - Processing file /home/airflow/.local/lib/python3.7/site-packages/airflow/example_dags/tutorial_dag.py for tasks to queue
[2024-01-14T15:10:42.398+0000] {logging_mixin.py:120} INFO - [2024-01-14T15:10:42.398+0000] {dagbag.py:537} INFO - Filling up the DagBag from /home/airflow/.local/lib/python3.7/site-packages/airflow/example_dags/tutorial_dag.py
[2024-01-14T15:10:42.408+0000] {processor.py:766} INFO - DAG(s) dict_keys(['tutorial_dag']) retrieved from /home/airflow/.local/lib/python3.7/site-packages/airflow/example_dags/tutorial_dag.py
[2024-01-14T15:10:42.435+0000] {logging_mixin.py:120} INFO - [2024-01-14T15:10:42.435+0000] {dag.py:2585} INFO - Sync 1 DAGs
[2024-01-14T15:10:42.451+0000] {logging_mixin.py:120} INFO - [2024-01-14T15:10:42.451+0000] {dag.py:3340} INFO - Setting next_dagrun for tutorial_dag to None, run_after=None
[2024-01-14T15:10:42.462+0000] {processor.py:176} INFO - Processing /home/airflow/.local/lib/python3.7/site-packages/airflow/example_dags/tutorial_dag.py took 0.068 seconds
[2024-01-14T15:11:44.444+0000] {processor.py:154} INFO - Started process (PID=1470) to work on /home/airflow/.local/lib/python3.7/site-packages/airflow/example_dags/tutorial_dag.py
[2024-01-14T15:11:44.444+0000] {processor.py:756} INFO - Processing file /home/airflow/.local/lib/python3.7/site-packages/airflow/example_dags/tutorial_dag.py for tasks to queue
[2024-01-14T15:11:44.445+0000] {logging_mixin.py:120} INFO - [2024-01-14T15:11:44.445+0000] {dagbag.py:537} INFO - Filling up the DagBag from /home/airflow/.local/lib/python3.7/site-packages/airflow/example_dags/tutorial_dag.py
[2024-01-14T15:11:44.454+0000] {processor.py:766} INFO - DAG(s) dict_keys(['tutorial_dag']) retrieved from /home/airflow/.local/lib/python3.7/site-packages/airflow/example_dags/tutorial_dag.py
[2024-01-14T15:11:44.481+0000] {logging_mixin.py:120} INFO - [2024-01-14T15:11:44.481+0000] {dag.py:2585} INFO - Sync 1 DAGs
[2024-01-14T15:11:44.497+0000] {logging_mixin.py:120} INFO - [2024-01-14T15:11:44.497+0000] {dag.py:3340} INFO - Setting next_dagrun for tutorial_dag to None, run_after=None
[2024-01-14T15:11:44.508+0000] {processor.py:176} INFO - Processing /home/airflow/.local/lib/python3.7/site-packages/airflow/example_dags/tutorial_dag.py took 0.066 seconds
[2024-01-14T15:12:15.506+0000] {processor.py:154} INFO - Started process (PID=1524) to work on /home/airflow/.local/lib/python3.7/site-packages/airflow/example_dags/tutorial_dag.py
[2024-01-14T15:12:15.506+0000] {processor.py:756} INFO - Processing file /home/airflow/.local/lib/python3.7/site-packages/airflow/example_dags/tutorial_dag.py for tasks to queue
[2024-01-14T15:12:15.507+0000] {logging_mixin.py:120} INFO - [2024-01-14T15:12:15.507+0000] {dagbag.py:537} INFO - Filling up the DagBag from /home/airflow/.local/lib/python3.7/site-packages/airflow/example_dags/tutorial_dag.py
[2024-01-14T15:12:15.516+0000] {processor.py:766} INFO - DAG(s) dict_keys(['tutorial_dag']) retrieved from /home/airflow/.local/lib/python3.7/site-packages/airflow/example_dags/tutorial_dag.py
[2024-01-14T15:12:15.542+0000] {logging_mixin.py:120} INFO - [2024-01-14T15:12:15.542+0000] {dag.py:2585} INFO - Sync 1 DAGs
[2024-01-14T15:12:15.557+0000] {logging_mixin.py:120} INFO - [2024-01-14T15:12:15.557+0000] {dag.py:3340} INFO - Setting next_dagrun for tutorial_dag to None, run_after=None
[2024-01-14T15:12:15.567+0000] {processor.py:176} INFO - Processing /home/airflow/.local/lib/python3.7/site-packages/airflow/example_dags/tutorial_dag.py took 0.064 seconds
[2024-01-14T15:12:46.359+0000] {processor.py:154} INFO - Started process (PID=1587) to work on /home/airflow/.local/lib/python3.7/site-packages/airflow/example_dags/tutorial_dag.py
[2024-01-14T15:12:46.360+0000] {processor.py:756} INFO - Processing file /home/airflow/.local/lib/python3.7/site-packages/airflow/example_dags/tutorial_dag.py for tasks to queue
[2024-01-14T15:12:46.360+0000] {logging_mixin.py:120} INFO - [2024-01-14T15:12:46.360+0000] {dagbag.py:537} INFO - Filling up the DagBag from /home/airflow/.local/lib/python3.7/site-packages/airflow/example_dags/tutorial_dag.py
[2024-01-14T15:12:46.369+0000] {processor.py:766} INFO - DAG(s) dict_keys(['tutorial_dag']) retrieved from /home/airflow/.local/lib/python3.7/site-packages/airflow/example_dags/tutorial_dag.py
[2024-01-14T15:12:46.396+0000] {logging_mixin.py:120} INFO - [2024-01-14T15:12:46.396+0000] {dag.py:2585} INFO - Sync 1 DAGs
[2024-01-14T15:12:46.412+0000] {logging_mixin.py:120} INFO - [2024-01-14T15:12:46.412+0000] {dag.py:3340} INFO - Setting next_dagrun for tutorial_dag to None, run_after=None
[2024-01-14T15:12:46.424+0000] {processor.py:176} INFO - Processing /home/airflow/.local/lib/python3.7/site-packages/airflow/example_dags/tutorial_dag.py took 0.068 seconds
[2024-01-14T15:13:17.323+0000] {processor.py:154} INFO - Started process (PID=1650) to work on /home/airflow/.local/lib/python3.7/site-packages/airflow/example_dags/tutorial_dag.py
[2024-01-14T15:13:17.324+0000] {processor.py:756} INFO - Processing file /home/airflow/.local/lib/python3.7/site-packages/airflow/example_dags/tutorial_dag.py for tasks to queue
[2024-01-14T15:13:17.325+0000] {logging_mixin.py:120} INFO - [2024-01-14T15:13:17.324+0000] {dagbag.py:537} INFO - Filling up the DagBag from /home/airflow/.local/lib/python3.7/site-packages/airflow/example_dags/tutorial_dag.py
[2024-01-14T15:13:17.334+0000] {processor.py:766} INFO - DAG(s) dict_keys(['tutorial_dag']) retrieved from /home/airflow/.local/lib/python3.7/site-packages/airflow/example_dags/tutorial_dag.py
[2024-01-14T15:13:17.360+0000] {logging_mixin.py:120} INFO - [2024-01-14T15:13:17.360+0000] {dag.py:2585} INFO - Sync 1 DAGs
[2024-01-14T15:13:17.376+0000] {logging_mixin.py:120} INFO - [2024-01-14T15:13:17.376+0000] {dag.py:3340} INFO - Setting next_dagrun for tutorial_dag to None, run_after=None
[2024-01-14T15:13:17.387+0000] {processor.py:176} INFO - Processing /home/airflow/.local/lib/python3.7/site-packages/airflow/example_dags/tutorial_dag.py took 0.066 seconds
[2024-01-14T15:13:48.296+0000] {processor.py:154} INFO - Started process (PID=1713) to work on /home/airflow/.local/lib/python3.7/site-packages/airflow/example_dags/tutorial_dag.py
[2024-01-14T15:13:48.296+0000] {processor.py:756} INFO - Processing file /home/airflow/.local/lib/python3.7/site-packages/airflow/example_dags/tutorial_dag.py for tasks to queue
[2024-01-14T15:13:48.297+0000] {logging_mixin.py:120} INFO - [2024-01-14T15:13:48.297+0000] {dagbag.py:537} INFO - Filling up the DagBag from /home/airflow/.local/lib/python3.7/site-packages/airflow/example_dags/tutorial_dag.py
[2024-01-14T15:13:48.306+0000] {processor.py:766} INFO - DAG(s) dict_keys(['tutorial_dag']) retrieved from /home/airflow/.local/lib/python3.7/site-packages/airflow/example_dags/tutorial_dag.py
[2024-01-14T15:13:48.334+0000] {logging_mixin.py:120} INFO - [2024-01-14T15:13:48.333+0000] {dag.py:2585} INFO - Sync 1 DAGs
[2024-01-14T15:13:48.349+0000] {logging_mixin.py:120} INFO - [2024-01-14T15:13:48.349+0000] {dag.py:3340} INFO - Setting next_dagrun for tutorial_dag to None, run_after=None
[2024-01-14T15:13:48.360+0000] {processor.py:176} INFO - Processing /home/airflow/.local/lib/python3.7/site-packages/airflow/example_dags/tutorial_dag.py took 0.067 seconds
