[2024-01-14T14:59:56.924+0000] {processor.py:154} INFO - Started process (PID=39) to work on /home/airflow/.local/lib/python3.7/site-packages/airflow/example_dags/tutorial.py
[2024-01-14T14:59:56.926+0000] {processor.py:756} INFO - Processing file /home/airflow/.local/lib/python3.7/site-packages/airflow/example_dags/tutorial.py for tasks to queue
[2024-01-14T14:59:56.928+0000] {logging_mixin.py:120} INFO - [2024-01-14T14:59:56.928+0000] {dagbag.py:537} INFO - Filling up the DagBag from /home/airflow/.local/lib/python3.7/site-packages/airflow/example_dags/tutorial.py
[2024-01-14T14:59:56.964+0000] {processor.py:766} INFO - DAG(s) dict_keys(['tutorial']) retrieved from /home/airflow/.local/lib/python3.7/site-packages/airflow/example_dags/tutorial.py
[2024-01-14T14:59:57.165+0000] {logging_mixin.py:120} INFO - [2024-01-14T14:59:57.165+0000] {manager.py:507} INFO - Created Permission View: can read on DAG:tutorial
[2024-01-14T14:59:57.173+0000] {logging_mixin.py:120} INFO - [2024-01-14T14:59:57.173+0000] {manager.py:507} INFO - Created Permission View: can edit on DAG:tutorial
[2024-01-14T14:59:57.186+0000] {logging_mixin.py:120} INFO - [2024-01-14T14:59:57.186+0000] {manager.py:507} INFO - Created Permission View: can delete on DAG:tutorial
[2024-01-14T14:59:57.187+0000] {logging_mixin.py:120} INFO - [2024-01-14T14:59:57.187+0000] {dag.py:2585} INFO - Sync 1 DAGs
[2024-01-14T14:59:57.204+0000] {logging_mixin.py:120} INFO - [2024-01-14T14:59:57.204+0000] {dag.py:2606} INFO - Creating ORM DAG for tutorial
[2024-01-14T14:59:57.230+0000] {logging_mixin.py:120} INFO - [2024-01-14T14:59:57.230+0000] {dag.py:3340} INFO - Setting next_dagrun for tutorial to 2024-01-13T14:59:57.229145+00:00, run_after=2024-01-14T14:59:57.229145+00:00
[2024-01-14T14:59:57.252+0000] {processor.py:176} INFO - Processing /home/airflow/.local/lib/python3.7/site-packages/airflow/example_dags/tutorial.py took 0.332 seconds
[2024-01-14T15:00:27.724+0000] {processor.py:154} INFO - Started process (PID=102) to work on /home/airflow/.local/lib/python3.7/site-packages/airflow/example_dags/tutorial.py
[2024-01-14T15:00:27.726+0000] {processor.py:756} INFO - Processing file /home/airflow/.local/lib/python3.7/site-packages/airflow/example_dags/tutorial.py for tasks to queue
[2024-01-14T15:00:27.727+0000] {logging_mixin.py:120} INFO - [2024-01-14T15:00:27.726+0000] {dagbag.py:537} INFO - Filling up the DagBag from /home/airflow/.local/lib/python3.7/site-packages/airflow/example_dags/tutorial.py
[2024-01-14T15:00:27.746+0000] {processor.py:766} INFO - DAG(s) dict_keys(['tutorial']) retrieved from /home/airflow/.local/lib/python3.7/site-packages/airflow/example_dags/tutorial.py
[2024-01-14T15:00:27.782+0000] {logging_mixin.py:120} INFO - [2024-01-14T15:00:27.782+0000] {dag.py:2585} INFO - Sync 1 DAGs
[2024-01-14T15:00:27.799+0000] {logging_mixin.py:120} INFO - [2024-01-14T15:00:27.799+0000] {dag.py:3340} INFO - Setting next_dagrun for tutorial to 2024-01-13T15:00:27.799398+00:00, run_after=2024-01-14T15:00:27.799398+00:00
[2024-01-14T15:00:27.812+0000] {processor.py:176} INFO - Processing /home/airflow/.local/lib/python3.7/site-packages/airflow/example_dags/tutorial.py took 0.094 seconds
[2024-01-14T15:00:57.840+0000] {processor.py:154} INFO - Started process (PID=166) to work on /home/airflow/.local/lib/python3.7/site-packages/airflow/example_dags/tutorial.py
[2024-01-14T15:00:57.841+0000] {processor.py:756} INFO - Processing file /home/airflow/.local/lib/python3.7/site-packages/airflow/example_dags/tutorial.py for tasks to queue
[2024-01-14T15:00:57.842+0000] {logging_mixin.py:120} INFO - [2024-01-14T15:00:57.842+0000] {dagbag.py:537} INFO - Filling up the DagBag from /home/airflow/.local/lib/python3.7/site-packages/airflow/example_dags/tutorial.py
[2024-01-14T15:00:57.854+0000] {processor.py:766} INFO - DAG(s) dict_keys(['tutorial']) retrieved from /home/airflow/.local/lib/python3.7/site-packages/airflow/example_dags/tutorial.py
[2024-01-14T15:00:57.892+0000] {logging_mixin.py:120} INFO - [2024-01-14T15:00:57.892+0000] {dag.py:2585} INFO - Sync 1 DAGs
[2024-01-14T15:00:57.911+0000] {logging_mixin.py:120} INFO - [2024-01-14T15:00:57.911+0000] {dag.py:3340} INFO - Setting next_dagrun for tutorial to 2024-01-13T15:00:57.911291+00:00, run_after=2024-01-14T15:00:57.911291+00:00
[2024-01-14T15:00:57.925+0000] {processor.py:176} INFO - Processing /home/airflow/.local/lib/python3.7/site-packages/airflow/example_dags/tutorial.py took 0.088 seconds
[2024-01-14T15:01:27.955+0000] {processor.py:154} INFO - Started process (PID=229) to work on /home/airflow/.local/lib/python3.7/site-packages/airflow/example_dags/tutorial.py
[2024-01-14T15:01:27.956+0000] {processor.py:756} INFO - Processing file /home/airflow/.local/lib/python3.7/site-packages/airflow/example_dags/tutorial.py for tasks to queue
[2024-01-14T15:01:27.957+0000] {logging_mixin.py:120} INFO - [2024-01-14T15:01:27.957+0000] {dagbag.py:537} INFO - Filling up the DagBag from /home/airflow/.local/lib/python3.7/site-packages/airflow/example_dags/tutorial.py
[2024-01-14T15:01:27.968+0000] {processor.py:766} INFO - DAG(s) dict_keys(['tutorial']) retrieved from /home/airflow/.local/lib/python3.7/site-packages/airflow/example_dags/tutorial.py
[2024-01-14T15:01:27.998+0000] {logging_mixin.py:120} INFO - [2024-01-14T15:01:27.998+0000] {dag.py:2585} INFO - Sync 1 DAGs
[2024-01-14T15:01:28.014+0000] {logging_mixin.py:120} INFO - [2024-01-14T15:01:28.013+0000] {dag.py:3340} INFO - Setting next_dagrun for tutorial to 2024-01-13T15:01:28.013826+00:00, run_after=2024-01-14T15:01:28.013826+00:00
[2024-01-14T15:01:28.025+0000] {processor.py:176} INFO - Processing /home/airflow/.local/lib/python3.7/site-packages/airflow/example_dags/tutorial.py took 0.072 seconds
[2024-01-14T15:01:58.109+0000] {processor.py:154} INFO - Started process (PID=283) to work on /home/airflow/.local/lib/python3.7/site-packages/airflow/example_dags/tutorial.py
[2024-01-14T15:01:58.111+0000] {processor.py:756} INFO - Processing file /home/airflow/.local/lib/python3.7/site-packages/airflow/example_dags/tutorial.py for tasks to queue
[2024-01-14T15:01:58.112+0000] {logging_mixin.py:120} INFO - [2024-01-14T15:01:58.112+0000] {dagbag.py:537} INFO - Filling up the DagBag from /home/airflow/.local/lib/python3.7/site-packages/airflow/example_dags/tutorial.py
[2024-01-14T15:01:58.133+0000] {processor.py:766} INFO - DAG(s) dict_keys(['tutorial']) retrieved from /home/airflow/.local/lib/python3.7/site-packages/airflow/example_dags/tutorial.py
[2024-01-14T15:01:58.167+0000] {logging_mixin.py:120} INFO - [2024-01-14T15:01:58.167+0000] {dag.py:2585} INFO - Sync 1 DAGs
[2024-01-14T15:01:58.185+0000] {logging_mixin.py:120} INFO - [2024-01-14T15:01:58.185+0000] {dag.py:3340} INFO - Setting next_dagrun for tutorial to 2024-01-13T15:01:58.184932+00:00, run_after=2024-01-14T15:01:58.184932+00:00
[2024-01-14T15:01:58.198+0000] {processor.py:176} INFO - Processing /home/airflow/.local/lib/python3.7/site-packages/airflow/example_dags/tutorial.py took 0.095 seconds
[2024-01-14T15:02:28.229+0000] {processor.py:154} INFO - Started process (PID=346) to work on /home/airflow/.local/lib/python3.7/site-packages/airflow/example_dags/tutorial.py
[2024-01-14T15:02:28.230+0000] {processor.py:756} INFO - Processing file /home/airflow/.local/lib/python3.7/site-packages/airflow/example_dags/tutorial.py for tasks to queue
[2024-01-14T15:02:28.231+0000] {logging_mixin.py:120} INFO - [2024-01-14T15:02:28.231+0000] {dagbag.py:537} INFO - Filling up the DagBag from /home/airflow/.local/lib/python3.7/site-packages/airflow/example_dags/tutorial.py
[2024-01-14T15:02:28.248+0000] {processor.py:766} INFO - DAG(s) dict_keys(['tutorial']) retrieved from /home/airflow/.local/lib/python3.7/site-packages/airflow/example_dags/tutorial.py
[2024-01-14T15:02:28.280+0000] {logging_mixin.py:120} INFO - [2024-01-14T15:02:28.280+0000] {dag.py:2585} INFO - Sync 1 DAGs
[2024-01-14T15:02:28.295+0000] {logging_mixin.py:120} INFO - [2024-01-14T15:02:28.295+0000] {dag.py:3340} INFO - Setting next_dagrun for tutorial to 2024-01-13T15:02:28.295263+00:00, run_after=2024-01-14T15:02:28.295263+00:00
[2024-01-14T15:02:28.307+0000] {processor.py:176} INFO - Processing /home/airflow/.local/lib/python3.7/site-packages/airflow/example_dags/tutorial.py took 0.085 seconds
[2024-01-14T15:02:58.392+0000] {processor.py:154} INFO - Started process (PID=409) to work on /home/airflow/.local/lib/python3.7/site-packages/airflow/example_dags/tutorial.py
[2024-01-14T15:02:58.394+0000] {processor.py:756} INFO - Processing file /home/airflow/.local/lib/python3.7/site-packages/airflow/example_dags/tutorial.py for tasks to queue
[2024-01-14T15:02:58.395+0000] {logging_mixin.py:120} INFO - [2024-01-14T15:02:58.395+0000] {dagbag.py:537} INFO - Filling up the DagBag from /home/airflow/.local/lib/python3.7/site-packages/airflow/example_dags/tutorial.py
[2024-01-14T15:02:58.413+0000] {processor.py:766} INFO - DAG(s) dict_keys(['tutorial']) retrieved from /home/airflow/.local/lib/python3.7/site-packages/airflow/example_dags/tutorial.py
[2024-01-14T15:02:58.441+0000] {logging_mixin.py:120} INFO - [2024-01-14T15:02:58.441+0000] {dag.py:2585} INFO - Sync 1 DAGs
[2024-01-14T15:02:58.458+0000] {logging_mixin.py:120} INFO - [2024-01-14T15:02:58.458+0000] {dag.py:3340} INFO - Setting next_dagrun for tutorial to 2024-01-13T15:02:58.458358+00:00, run_after=2024-01-14T15:02:58.458358+00:00
[2024-01-14T15:02:58.469+0000] {processor.py:176} INFO - Processing /home/airflow/.local/lib/python3.7/site-packages/airflow/example_dags/tutorial.py took 0.083 seconds
[2024-01-14T15:03:28.536+0000] {processor.py:154} INFO - Started process (PID=472) to work on /home/airflow/.local/lib/python3.7/site-packages/airflow/example_dags/tutorial.py
[2024-01-14T15:03:28.537+0000] {processor.py:756} INFO - Processing file /home/airflow/.local/lib/python3.7/site-packages/airflow/example_dags/tutorial.py for tasks to queue
[2024-01-14T15:03:28.538+0000] {logging_mixin.py:120} INFO - [2024-01-14T15:03:28.538+0000] {dagbag.py:537} INFO - Filling up the DagBag from /home/airflow/.local/lib/python3.7/site-packages/airflow/example_dags/tutorial.py
[2024-01-14T15:03:28.555+0000] {processor.py:766} INFO - DAG(s) dict_keys(['tutorial']) retrieved from /home/airflow/.local/lib/python3.7/site-packages/airflow/example_dags/tutorial.py
[2024-01-14T15:03:28.581+0000] {logging_mixin.py:120} INFO - [2024-01-14T15:03:28.581+0000] {dag.py:2585} INFO - Sync 1 DAGs
[2024-01-14T15:03:28.597+0000] {logging_mixin.py:120} INFO - [2024-01-14T15:03:28.597+0000] {dag.py:3340} INFO - Setting next_dagrun for tutorial to 2024-01-13T15:03:28.597368+00:00, run_after=2024-01-14T15:03:28.597368+00:00
[2024-01-14T15:03:28.609+0000] {processor.py:176} INFO - Processing /home/airflow/.local/lib/python3.7/site-packages/airflow/example_dags/tutorial.py took 0.079 seconds
[2024-01-14T15:03:58.677+0000] {processor.py:154} INFO - Started process (PID=533) to work on /home/airflow/.local/lib/python3.7/site-packages/airflow/example_dags/tutorial.py
[2024-01-14T15:03:58.677+0000] {processor.py:756} INFO - Processing file /home/airflow/.local/lib/python3.7/site-packages/airflow/example_dags/tutorial.py for tasks to queue
[2024-01-14T15:03:58.678+0000] {logging_mixin.py:120} INFO - [2024-01-14T15:03:58.678+0000] {dagbag.py:537} INFO - Filling up the DagBag from /home/airflow/.local/lib/python3.7/site-packages/airflow/example_dags/tutorial.py
[2024-01-14T15:03:58.688+0000] {processor.py:766} INFO - DAG(s) dict_keys(['tutorial']) retrieved from /home/airflow/.local/lib/python3.7/site-packages/airflow/example_dags/tutorial.py
[2024-01-14T15:03:58.713+0000] {logging_mixin.py:120} INFO - [2024-01-14T15:03:58.713+0000] {dag.py:2585} INFO - Sync 1 DAGs
[2024-01-14T15:03:58.728+0000] {logging_mixin.py:120} INFO - [2024-01-14T15:03:58.728+0000] {dag.py:3340} INFO - Setting next_dagrun for tutorial to 2024-01-13T15:03:58.728672+00:00, run_after=2024-01-14T15:03:58.728672+00:00
[2024-01-14T15:03:58.741+0000] {processor.py:176} INFO - Processing /home/airflow/.local/lib/python3.7/site-packages/airflow/example_dags/tutorial.py took 0.067 seconds
[2024-01-14T15:04:29.562+0000] {processor.py:154} INFO - Started process (PID=589) to work on /home/airflow/.local/lib/python3.7/site-packages/airflow/example_dags/tutorial.py
[2024-01-14T15:04:29.564+0000] {processor.py:756} INFO - Processing file /home/airflow/.local/lib/python3.7/site-packages/airflow/example_dags/tutorial.py for tasks to queue
[2024-01-14T15:04:29.565+0000] {logging_mixin.py:120} INFO - [2024-01-14T15:04:29.565+0000] {dagbag.py:537} INFO - Filling up the DagBag from /home/airflow/.local/lib/python3.7/site-packages/airflow/example_dags/tutorial.py
[2024-01-14T15:04:29.583+0000] {processor.py:766} INFO - DAG(s) dict_keys(['tutorial']) retrieved from /home/airflow/.local/lib/python3.7/site-packages/airflow/example_dags/tutorial.py
[2024-01-14T15:04:29.612+0000] {logging_mixin.py:120} INFO - [2024-01-14T15:04:29.612+0000] {dag.py:2585} INFO - Sync 1 DAGs
[2024-01-14T15:04:29.628+0000] {logging_mixin.py:120} INFO - [2024-01-14T15:04:29.628+0000] {dag.py:3340} INFO - Setting next_dagrun for tutorial to 2024-01-13T15:04:29.627928+00:00, run_after=2024-01-14T15:04:29.627928+00:00
[2024-01-14T15:04:29.641+0000] {processor.py:176} INFO - Processing /home/airflow/.local/lib/python3.7/site-packages/airflow/example_dags/tutorial.py took 0.086 seconds
[2024-01-14T15:04:59.797+0000] {processor.py:154} INFO - Started process (PID=652) to work on /home/airflow/.local/lib/python3.7/site-packages/airflow/example_dags/tutorial.py
[2024-01-14T15:04:59.798+0000] {processor.py:756} INFO - Processing file /home/airflow/.local/lib/python3.7/site-packages/airflow/example_dags/tutorial.py for tasks to queue
[2024-01-14T15:04:59.798+0000] {logging_mixin.py:120} INFO - [2024-01-14T15:04:59.798+0000] {dagbag.py:537} INFO - Filling up the DagBag from /home/airflow/.local/lib/python3.7/site-packages/airflow/example_dags/tutorial.py
[2024-01-14T15:04:59.808+0000] {processor.py:766} INFO - DAG(s) dict_keys(['tutorial']) retrieved from /home/airflow/.local/lib/python3.7/site-packages/airflow/example_dags/tutorial.py
[2024-01-14T15:04:59.836+0000] {logging_mixin.py:120} INFO - [2024-01-14T15:04:59.836+0000] {dag.py:2585} INFO - Sync 1 DAGs
[2024-01-14T15:04:59.852+0000] {logging_mixin.py:120} INFO - [2024-01-14T15:04:59.852+0000] {dag.py:3340} INFO - Setting next_dagrun for tutorial to 2024-01-13T15:04:59.852058+00:00, run_after=2024-01-14T15:04:59.852058+00:00
[2024-01-14T15:04:59.863+0000] {processor.py:176} INFO - Processing /home/airflow/.local/lib/python3.7/site-packages/airflow/example_dags/tutorial.py took 0.068 seconds
[2024-01-14T15:05:29.931+0000] {processor.py:154} INFO - Started process (PID=715) to work on /home/airflow/.local/lib/python3.7/site-packages/airflow/example_dags/tutorial.py
[2024-01-14T15:05:29.932+0000] {processor.py:756} INFO - Processing file /home/airflow/.local/lib/python3.7/site-packages/airflow/example_dags/tutorial.py for tasks to queue
[2024-01-14T15:05:29.933+0000] {logging_mixin.py:120} INFO - [2024-01-14T15:05:29.932+0000] {dagbag.py:537} INFO - Filling up the DagBag from /home/airflow/.local/lib/python3.7/site-packages/airflow/example_dags/tutorial.py
[2024-01-14T15:05:29.944+0000] {processor.py:766} INFO - DAG(s) dict_keys(['tutorial']) retrieved from /home/airflow/.local/lib/python3.7/site-packages/airflow/example_dags/tutorial.py
[2024-01-14T15:05:29.971+0000] {logging_mixin.py:120} INFO - [2024-01-14T15:05:29.971+0000] {dag.py:2585} INFO - Sync 1 DAGs
[2024-01-14T15:05:29.988+0000] {logging_mixin.py:120} INFO - [2024-01-14T15:05:29.988+0000] {dag.py:3340} INFO - Setting next_dagrun for tutorial to 2024-01-13T15:05:29.987990+00:00, run_after=2024-01-14T15:05:29.987990+00:00
[2024-01-14T15:05:30.000+0000] {processor.py:176} INFO - Processing /home/airflow/.local/lib/python3.7/site-packages/airflow/example_dags/tutorial.py took 0.072 seconds
[2024-01-14T15:06:00.799+0000] {processor.py:154} INFO - Started process (PID=778) to work on /home/airflow/.local/lib/python3.7/site-packages/airflow/example_dags/tutorial.py
[2024-01-14T15:06:00.801+0000] {processor.py:756} INFO - Processing file /home/airflow/.local/lib/python3.7/site-packages/airflow/example_dags/tutorial.py for tasks to queue
[2024-01-14T15:06:00.802+0000] {logging_mixin.py:120} INFO - [2024-01-14T15:06:00.802+0000] {dagbag.py:537} INFO - Filling up the DagBag from /home/airflow/.local/lib/python3.7/site-packages/airflow/example_dags/tutorial.py
[2024-01-14T15:06:00.820+0000] {processor.py:766} INFO - DAG(s) dict_keys(['tutorial']) retrieved from /home/airflow/.local/lib/python3.7/site-packages/airflow/example_dags/tutorial.py
[2024-01-14T15:06:00.853+0000] {logging_mixin.py:120} INFO - [2024-01-14T15:06:00.853+0000] {dag.py:2585} INFO - Sync 1 DAGs
[2024-01-14T15:06:00.869+0000] {logging_mixin.py:120} INFO - [2024-01-14T15:06:00.869+0000] {dag.py:3340} INFO - Setting next_dagrun for tutorial to 2024-01-13T15:06:00.868940+00:00, run_after=2024-01-14T15:06:00.868940+00:00
[2024-01-14T15:06:00.880+0000] {processor.py:176} INFO - Processing /home/airflow/.local/lib/python3.7/site-packages/airflow/example_dags/tutorial.py took 0.087 seconds
[2024-01-14T15:06:31.772+0000] {processor.py:154} INFO - Started process (PID=841) to work on /home/airflow/.local/lib/python3.7/site-packages/airflow/example_dags/tutorial.py
[2024-01-14T15:06:31.774+0000] {processor.py:756} INFO - Processing file /home/airflow/.local/lib/python3.7/site-packages/airflow/example_dags/tutorial.py for tasks to queue
[2024-01-14T15:06:31.775+0000] {logging_mixin.py:120} INFO - [2024-01-14T15:06:31.774+0000] {dagbag.py:537} INFO - Filling up the DagBag from /home/airflow/.local/lib/python3.7/site-packages/airflow/example_dags/tutorial.py
[2024-01-14T15:06:31.789+0000] {processor.py:766} INFO - DAG(s) dict_keys(['tutorial']) retrieved from /home/airflow/.local/lib/python3.7/site-packages/airflow/example_dags/tutorial.py
[2024-01-14T15:06:31.817+0000] {logging_mixin.py:120} INFO - [2024-01-14T15:06:31.817+0000] {dag.py:2585} INFO - Sync 1 DAGs
[2024-01-14T15:06:31.833+0000] {logging_mixin.py:120} INFO - [2024-01-14T15:06:31.833+0000] {dag.py:3340} INFO - Setting next_dagrun for tutorial to 2024-01-13T15:06:31.833327+00:00, run_after=2024-01-14T15:06:31.833327+00:00
[2024-01-14T15:06:31.845+0000] {processor.py:176} INFO - Processing /home/airflow/.local/lib/python3.7/site-packages/airflow/example_dags/tutorial.py took 0.077 seconds
[2024-01-14T15:07:01.953+0000] {processor.py:154} INFO - Started process (PID=895) to work on /home/airflow/.local/lib/python3.7/site-packages/airflow/example_dags/tutorial.py
[2024-01-14T15:07:01.955+0000] {processor.py:756} INFO - Processing file /home/airflow/.local/lib/python3.7/site-packages/airflow/example_dags/tutorial.py for tasks to queue
[2024-01-14T15:07:01.956+0000] {logging_mixin.py:120} INFO - [2024-01-14T15:07:01.955+0000] {dagbag.py:537} INFO - Filling up the DagBag from /home/airflow/.local/lib/python3.7/site-packages/airflow/example_dags/tutorial.py
[2024-01-14T15:07:01.973+0000] {processor.py:766} INFO - DAG(s) dict_keys(['tutorial']) retrieved from /home/airflow/.local/lib/python3.7/site-packages/airflow/example_dags/tutorial.py
[2024-01-14T15:07:02.001+0000] {logging_mixin.py:120} INFO - [2024-01-14T15:07:02.001+0000] {dag.py:2585} INFO - Sync 1 DAGs
[2024-01-14T15:07:02.017+0000] {logging_mixin.py:120} INFO - [2024-01-14T15:07:02.017+0000] {dag.py:3340} INFO - Setting next_dagrun for tutorial to 2024-01-13T15:07:02.017672+00:00, run_after=2024-01-14T15:07:02.017672+00:00
[2024-01-14T15:07:02.028+0000] {processor.py:176} INFO - Processing /home/airflow/.local/lib/python3.7/site-packages/airflow/example_dags/tutorial.py took 0.082 seconds
[2024-01-14T15:07:32.799+0000] {processor.py:154} INFO - Started process (PID=957) to work on /home/airflow/.local/lib/python3.7/site-packages/airflow/example_dags/tutorial.py
[2024-01-14T15:07:32.801+0000] {processor.py:756} INFO - Processing file /home/airflow/.local/lib/python3.7/site-packages/airflow/example_dags/tutorial.py for tasks to queue
[2024-01-14T15:07:32.803+0000] {logging_mixin.py:120} INFO - [2024-01-14T15:07:32.803+0000] {dagbag.py:537} INFO - Filling up the DagBag from /home/airflow/.local/lib/python3.7/site-packages/airflow/example_dags/tutorial.py
[2024-01-14T15:07:32.821+0000] {processor.py:766} INFO - DAG(s) dict_keys(['tutorial']) retrieved from /home/airflow/.local/lib/python3.7/site-packages/airflow/example_dags/tutorial.py
[2024-01-14T15:07:32.850+0000] {logging_mixin.py:120} INFO - [2024-01-14T15:07:32.850+0000] {dag.py:2585} INFO - Sync 1 DAGs
[2024-01-14T15:07:32.867+0000] {logging_mixin.py:120} INFO - [2024-01-14T15:07:32.867+0000] {dag.py:3340} INFO - Setting next_dagrun for tutorial to 2024-01-13T15:07:32.867046+00:00, run_after=2024-01-14T15:07:32.867046+00:00
[2024-01-14T15:07:32.878+0000] {processor.py:176} INFO - Processing /home/airflow/.local/lib/python3.7/site-packages/airflow/example_dags/tutorial.py took 0.084 seconds
[2024-01-14T15:08:03.893+0000] {processor.py:154} INFO - Started process (PID=1020) to work on /home/airflow/.local/lib/python3.7/site-packages/airflow/example_dags/tutorial.py
[2024-01-14T15:08:03.895+0000] {processor.py:756} INFO - Processing file /home/airflow/.local/lib/python3.7/site-packages/airflow/example_dags/tutorial.py for tasks to queue
[2024-01-14T15:08:03.896+0000] {logging_mixin.py:120} INFO - [2024-01-14T15:08:03.896+0000] {dagbag.py:537} INFO - Filling up the DagBag from /home/airflow/.local/lib/python3.7/site-packages/airflow/example_dags/tutorial.py
[2024-01-14T15:08:03.918+0000] {processor.py:766} INFO - DAG(s) dict_keys(['tutorial']) retrieved from /home/airflow/.local/lib/python3.7/site-packages/airflow/example_dags/tutorial.py
[2024-01-14T15:08:03.964+0000] {logging_mixin.py:120} INFO - [2024-01-14T15:08:03.963+0000] {dag.py:2585} INFO - Sync 1 DAGs
[2024-01-14T15:08:03.983+0000] {logging_mixin.py:120} INFO - [2024-01-14T15:08:03.983+0000] {dag.py:3340} INFO - Setting next_dagrun for tutorial to 2024-01-13T15:08:03.983348+00:00, run_after=2024-01-14T15:08:03.983348+00:00
[2024-01-14T15:08:03.996+0000] {processor.py:176} INFO - Processing /home/airflow/.local/lib/python3.7/site-packages/airflow/example_dags/tutorial.py took 0.112 seconds
[2024-01-14T15:08:34.079+0000] {processor.py:154} INFO - Started process (PID=1083) to work on /home/airflow/.local/lib/python3.7/site-packages/airflow/example_dags/tutorial.py
[2024-01-14T15:08:34.081+0000] {processor.py:756} INFO - Processing file /home/airflow/.local/lib/python3.7/site-packages/airflow/example_dags/tutorial.py for tasks to queue
[2024-01-14T15:08:34.082+0000] {logging_mixin.py:120} INFO - [2024-01-14T15:08:34.082+0000] {dagbag.py:537} INFO - Filling up the DagBag from /home/airflow/.local/lib/python3.7/site-packages/airflow/example_dags/tutorial.py
[2024-01-14T15:08:34.099+0000] {processor.py:766} INFO - DAG(s) dict_keys(['tutorial']) retrieved from /home/airflow/.local/lib/python3.7/site-packages/airflow/example_dags/tutorial.py
[2024-01-14T15:08:34.127+0000] {logging_mixin.py:120} INFO - [2024-01-14T15:08:34.127+0000] {dag.py:2585} INFO - Sync 1 DAGs
[2024-01-14T15:08:34.142+0000] {logging_mixin.py:120} INFO - [2024-01-14T15:08:34.142+0000] {dag.py:3340} INFO - Setting next_dagrun for tutorial to 2024-01-13T15:08:34.142383+00:00, run_after=2024-01-14T15:08:34.142383+00:00
[2024-01-14T15:08:34.153+0000] {processor.py:176} INFO - Processing /home/airflow/.local/lib/python3.7/site-packages/airflow/example_dags/tutorial.py took 0.080 seconds
[2024-01-14T15:09:05.022+0000] {processor.py:154} INFO - Started process (PID=1146) to work on /home/airflow/.local/lib/python3.7/site-packages/airflow/example_dags/tutorial.py
[2024-01-14T15:09:05.023+0000] {processor.py:756} INFO - Processing file /home/airflow/.local/lib/python3.7/site-packages/airflow/example_dags/tutorial.py for tasks to queue
[2024-01-14T15:09:05.024+0000] {logging_mixin.py:120} INFO - [2024-01-14T15:09:05.024+0000] {dagbag.py:537} INFO - Filling up the DagBag from /home/airflow/.local/lib/python3.7/site-packages/airflow/example_dags/tutorial.py
[2024-01-14T15:09:05.038+0000] {processor.py:766} INFO - DAG(s) dict_keys(['tutorial']) retrieved from /home/airflow/.local/lib/python3.7/site-packages/airflow/example_dags/tutorial.py
[2024-01-14T15:09:05.069+0000] {logging_mixin.py:120} INFO - [2024-01-14T15:09:05.069+0000] {dag.py:2585} INFO - Sync 1 DAGs
[2024-01-14T15:09:05.087+0000] {logging_mixin.py:120} INFO - [2024-01-14T15:09:05.087+0000] {dag.py:3340} INFO - Setting next_dagrun for tutorial to 2024-01-13T15:09:05.087010+00:00, run_after=2024-01-14T15:09:05.087010+00:00
[2024-01-14T15:09:05.099+0000] {processor.py:176} INFO - Processing /home/airflow/.local/lib/python3.7/site-packages/airflow/example_dags/tutorial.py took 0.082 seconds
[2024-01-14T15:09:36.012+0000] {processor.py:154} INFO - Started process (PID=1209) to work on /home/airflow/.local/lib/python3.7/site-packages/airflow/example_dags/tutorial.py
[2024-01-14T15:09:36.014+0000] {processor.py:756} INFO - Processing file /home/airflow/.local/lib/python3.7/site-packages/airflow/example_dags/tutorial.py for tasks to queue
[2024-01-14T15:09:36.015+0000] {logging_mixin.py:120} INFO - [2024-01-14T15:09:36.015+0000] {dagbag.py:537} INFO - Filling up the DagBag from /home/airflow/.local/lib/python3.7/site-packages/airflow/example_dags/tutorial.py
[2024-01-14T15:09:36.033+0000] {processor.py:766} INFO - DAG(s) dict_keys(['tutorial']) retrieved from /home/airflow/.local/lib/python3.7/site-packages/airflow/example_dags/tutorial.py
[2024-01-14T15:09:36.063+0000] {logging_mixin.py:120} INFO - [2024-01-14T15:09:36.063+0000] {dag.py:2585} INFO - Sync 1 DAGs
[2024-01-14T15:09:36.081+0000] {logging_mixin.py:120} INFO - [2024-01-14T15:09:36.080+0000] {dag.py:3340} INFO - Setting next_dagrun for tutorial to 2024-01-13T15:09:36.080752+00:00, run_after=2024-01-14T15:09:36.080752+00:00
[2024-01-14T15:09:36.094+0000] {processor.py:176} INFO - Processing /home/airflow/.local/lib/python3.7/site-packages/airflow/example_dags/tutorial.py took 0.089 seconds
[2024-01-14T15:10:06.985+0000] {processor.py:154} INFO - Started process (PID=1272) to work on /home/airflow/.local/lib/python3.7/site-packages/airflow/example_dags/tutorial.py
[2024-01-14T15:10:06.986+0000] {processor.py:756} INFO - Processing file /home/airflow/.local/lib/python3.7/site-packages/airflow/example_dags/tutorial.py for tasks to queue
[2024-01-14T15:10:06.987+0000] {logging_mixin.py:120} INFO - [2024-01-14T15:10:06.987+0000] {dagbag.py:537} INFO - Filling up the DagBag from /home/airflow/.local/lib/python3.7/site-packages/airflow/example_dags/tutorial.py
[2024-01-14T15:10:06.998+0000] {processor.py:766} INFO - DAG(s) dict_keys(['tutorial']) retrieved from /home/airflow/.local/lib/python3.7/site-packages/airflow/example_dags/tutorial.py
[2024-01-14T15:10:07.027+0000] {logging_mixin.py:120} INFO - [2024-01-14T15:10:07.026+0000] {dag.py:2585} INFO - Sync 1 DAGs
[2024-01-14T15:10:07.042+0000] {logging_mixin.py:120} INFO - [2024-01-14T15:10:07.042+0000] {dag.py:3340} INFO - Setting next_dagrun for tutorial to 2024-01-13T15:10:07.042709+00:00, run_after=2024-01-14T15:10:07.042709+00:00
[2024-01-14T15:10:07.055+0000] {processor.py:176} INFO - Processing /home/airflow/.local/lib/python3.7/site-packages/airflow/example_dags/tutorial.py took 0.072 seconds
[2024-01-14T15:10:37.904+0000] {processor.py:154} INFO - Started process (PID=1326) to work on /home/airflow/.local/lib/python3.7/site-packages/airflow/example_dags/tutorial.py
[2024-01-14T15:10:37.906+0000] {processor.py:756} INFO - Processing file /home/airflow/.local/lib/python3.7/site-packages/airflow/example_dags/tutorial.py for tasks to queue
[2024-01-14T15:10:37.907+0000] {logging_mixin.py:120} INFO - [2024-01-14T15:10:37.907+0000] {dagbag.py:537} INFO - Filling up the DagBag from /home/airflow/.local/lib/python3.7/site-packages/airflow/example_dags/tutorial.py
[2024-01-14T15:10:37.924+0000] {processor.py:766} INFO - DAG(s) dict_keys(['tutorial']) retrieved from /home/airflow/.local/lib/python3.7/site-packages/airflow/example_dags/tutorial.py
[2024-01-14T15:10:37.952+0000] {logging_mixin.py:120} INFO - [2024-01-14T15:10:37.952+0000] {dag.py:2585} INFO - Sync 1 DAGs
[2024-01-14T15:10:37.967+0000] {logging_mixin.py:120} INFO - [2024-01-14T15:10:37.967+0000] {dag.py:3340} INFO - Setting next_dagrun for tutorial to 2024-01-13T15:10:37.967517+00:00, run_after=2024-01-14T15:10:37.967517+00:00
[2024-01-14T15:10:37.979+0000] {processor.py:176} INFO - Processing /home/airflow/.local/lib/python3.7/site-packages/airflow/example_dags/tutorial.py took 0.082 seconds
[2024-01-14T15:12:09.934+0000] {processor.py:154} INFO - Started process (PID=1515) to work on /home/airflow/.local/lib/python3.7/site-packages/airflow/example_dags/tutorial.py
[2024-01-14T15:12:09.935+0000] {processor.py:756} INFO - Processing file /home/airflow/.local/lib/python3.7/site-packages/airflow/example_dags/tutorial.py for tasks to queue
[2024-01-14T15:12:09.936+0000] {logging_mixin.py:120} INFO - [2024-01-14T15:12:09.936+0000] {dagbag.py:537} INFO - Filling up the DagBag from /home/airflow/.local/lib/python3.7/site-packages/airflow/example_dags/tutorial.py
[2024-01-14T15:12:09.949+0000] {processor.py:766} INFO - DAG(s) dict_keys(['tutorial']) retrieved from /home/airflow/.local/lib/python3.7/site-packages/airflow/example_dags/tutorial.py
[2024-01-14T15:12:09.981+0000] {logging_mixin.py:120} INFO - [2024-01-14T15:12:09.981+0000] {dag.py:2585} INFO - Sync 1 DAGs
[2024-01-14T15:12:09.998+0000] {logging_mixin.py:120} INFO - [2024-01-14T15:12:09.998+0000] {dag.py:3340} INFO - Setting next_dagrun for tutorial to 2024-01-13T15:12:09.998045+00:00, run_after=2024-01-14T15:12:09.998045+00:00
[2024-01-14T15:12:10.009+0000] {processor.py:176} INFO - Processing /home/airflow/.local/lib/python3.7/site-packages/airflow/example_dags/tutorial.py took 0.078 seconds
[2024-01-14T15:12:40.879+0000] {processor.py:154} INFO - Started process (PID=1578) to work on /home/airflow/.local/lib/python3.7/site-packages/airflow/example_dags/tutorial.py
[2024-01-14T15:12:40.881+0000] {processor.py:756} INFO - Processing file /home/airflow/.local/lib/python3.7/site-packages/airflow/example_dags/tutorial.py for tasks to queue
[2024-01-14T15:12:40.882+0000] {logging_mixin.py:120} INFO - [2024-01-14T15:12:40.882+0000] {dagbag.py:537} INFO - Filling up the DagBag from /home/airflow/.local/lib/python3.7/site-packages/airflow/example_dags/tutorial.py
[2024-01-14T15:12:40.899+0000] {processor.py:766} INFO - DAG(s) dict_keys(['tutorial']) retrieved from /home/airflow/.local/lib/python3.7/site-packages/airflow/example_dags/tutorial.py
[2024-01-14T15:12:40.928+0000] {logging_mixin.py:120} INFO - [2024-01-14T15:12:40.927+0000] {dag.py:2585} INFO - Sync 1 DAGs
[2024-01-14T15:12:40.943+0000] {logging_mixin.py:120} INFO - [2024-01-14T15:12:40.943+0000] {dag.py:3340} INFO - Setting next_dagrun for tutorial to 2024-01-13T15:12:40.943356+00:00, run_after=2024-01-14T15:12:40.943356+00:00
[2024-01-14T15:12:40.956+0000] {processor.py:176} INFO - Processing /home/airflow/.local/lib/python3.7/site-packages/airflow/example_dags/tutorial.py took 0.082 seconds
[2024-01-14T15:13:11.810+0000] {processor.py:154} INFO - Started process (PID=1641) to work on /home/airflow/.local/lib/python3.7/site-packages/airflow/example_dags/tutorial.py
[2024-01-14T15:13:11.812+0000] {processor.py:756} INFO - Processing file /home/airflow/.local/lib/python3.7/site-packages/airflow/example_dags/tutorial.py for tasks to queue
[2024-01-14T15:13:11.814+0000] {logging_mixin.py:120} INFO - [2024-01-14T15:13:11.814+0000] {dagbag.py:537} INFO - Filling up the DagBag from /home/airflow/.local/lib/python3.7/site-packages/airflow/example_dags/tutorial.py
[2024-01-14T15:13:11.833+0000] {processor.py:766} INFO - DAG(s) dict_keys(['tutorial']) retrieved from /home/airflow/.local/lib/python3.7/site-packages/airflow/example_dags/tutorial.py
[2024-01-14T15:13:11.860+0000] {logging_mixin.py:120} INFO - [2024-01-14T15:13:11.860+0000] {dag.py:2585} INFO - Sync 1 DAGs
[2024-01-14T15:13:11.877+0000] {logging_mixin.py:120} INFO - [2024-01-14T15:13:11.877+0000] {dag.py:3340} INFO - Setting next_dagrun for tutorial to 2024-01-13T15:13:11.877161+00:00, run_after=2024-01-14T15:13:11.877161+00:00
[2024-01-14T15:13:11.889+0000] {processor.py:176} INFO - Processing /home/airflow/.local/lib/python3.7/site-packages/airflow/example_dags/tutorial.py took 0.085 seconds
[2024-01-14T15:13:42.797+0000] {processor.py:154} INFO - Started process (PID=1704) to work on /home/airflow/.local/lib/python3.7/site-packages/airflow/example_dags/tutorial.py
[2024-01-14T15:13:42.798+0000] {processor.py:756} INFO - Processing file /home/airflow/.local/lib/python3.7/site-packages/airflow/example_dags/tutorial.py for tasks to queue
[2024-01-14T15:13:42.798+0000] {logging_mixin.py:120} INFO - [2024-01-14T15:13:42.798+0000] {dagbag.py:537} INFO - Filling up the DagBag from /home/airflow/.local/lib/python3.7/site-packages/airflow/example_dags/tutorial.py
[2024-01-14T15:13:42.808+0000] {processor.py:766} INFO - DAG(s) dict_keys(['tutorial']) retrieved from /home/airflow/.local/lib/python3.7/site-packages/airflow/example_dags/tutorial.py
[2024-01-14T15:13:42.834+0000] {logging_mixin.py:120} INFO - [2024-01-14T15:13:42.834+0000] {dag.py:2585} INFO - Sync 1 DAGs
[2024-01-14T15:13:42.850+0000] {logging_mixin.py:120} INFO - [2024-01-14T15:13:42.850+0000] {dag.py:3340} INFO - Setting next_dagrun for tutorial to 2024-01-13T15:13:42.850133+00:00, run_after=2024-01-14T15:13:42.850133+00:00
[2024-01-14T15:13:42.864+0000] {processor.py:176} INFO - Processing /home/airflow/.local/lib/python3.7/site-packages/airflow/example_dags/tutorial.py took 0.069 seconds
[2024-01-14T15:14:13.764+0000] {processor.py:154} INFO - Started process (PID=1758) to work on /home/airflow/.local/lib/python3.7/site-packages/airflow/example_dags/tutorial.py
[2024-01-14T15:14:13.766+0000] {processor.py:756} INFO - Processing file /home/airflow/.local/lib/python3.7/site-packages/airflow/example_dags/tutorial.py for tasks to queue
[2024-01-14T15:14:13.767+0000] {logging_mixin.py:120} INFO - [2024-01-14T15:14:13.767+0000] {dagbag.py:537} INFO - Filling up the DagBag from /home/airflow/.local/lib/python3.7/site-packages/airflow/example_dags/tutorial.py
[2024-01-14T15:14:13.783+0000] {processor.py:766} INFO - DAG(s) dict_keys(['tutorial']) retrieved from /home/airflow/.local/lib/python3.7/site-packages/airflow/example_dags/tutorial.py
[2024-01-14T15:14:13.814+0000] {logging_mixin.py:120} INFO - [2024-01-14T15:14:13.814+0000] {dag.py:2585} INFO - Sync 1 DAGs
[2024-01-14T15:14:13.831+0000] {logging_mixin.py:120} INFO - [2024-01-14T15:14:13.831+0000] {dag.py:3340} INFO - Setting next_dagrun for tutorial to 2024-01-13T15:14:13.831288+00:00, run_after=2024-01-14T15:14:13.831288+00:00
[2024-01-14T15:14:13.843+0000] {processor.py:176} INFO - Processing /home/airflow/.local/lib/python3.7/site-packages/airflow/example_dags/tutorial.py took 0.085 seconds
[2024-01-14T15:14:44.727+0000] {processor.py:154} INFO - Started process (PID=1821) to work on /home/airflow/.local/lib/python3.7/site-packages/airflow/example_dags/tutorial.py
[2024-01-14T15:14:44.728+0000] {processor.py:756} INFO - Processing file /home/airflow/.local/lib/python3.7/site-packages/airflow/example_dags/tutorial.py for tasks to queue
[2024-01-14T15:14:44.728+0000] {logging_mixin.py:120} INFO - [2024-01-14T15:14:44.728+0000] {dagbag.py:537} INFO - Filling up the DagBag from /home/airflow/.local/lib/python3.7/site-packages/airflow/example_dags/tutorial.py
[2024-01-14T15:14:44.739+0000] {processor.py:766} INFO - DAG(s) dict_keys(['tutorial']) retrieved from /home/airflow/.local/lib/python3.7/site-packages/airflow/example_dags/tutorial.py
[2024-01-14T15:14:44.768+0000] {logging_mixin.py:120} INFO - [2024-01-14T15:14:44.768+0000] {dag.py:2585} INFO - Sync 1 DAGs
[2024-01-14T15:14:44.785+0000] {logging_mixin.py:120} INFO - [2024-01-14T15:14:44.785+0000] {dag.py:3340} INFO - Setting next_dagrun for tutorial to 2024-01-13T15:14:44.784921+00:00, run_after=2024-01-14T15:14:44.784921+00:00
[2024-01-14T15:14:44.799+0000] {processor.py:176} INFO - Processing /home/airflow/.local/lib/python3.7/site-packages/airflow/example_dags/tutorial.py took 0.075 seconds
[2024-01-14T15:15:15.633+0000] {processor.py:154} INFO - Started process (PID=1884) to work on /home/airflow/.local/lib/python3.7/site-packages/airflow/example_dags/tutorial.py
[2024-01-14T15:15:15.636+0000] {processor.py:756} INFO - Processing file /home/airflow/.local/lib/python3.7/site-packages/airflow/example_dags/tutorial.py for tasks to queue
[2024-01-14T15:15:15.637+0000] {logging_mixin.py:120} INFO - [2024-01-14T15:15:15.637+0000] {dagbag.py:537} INFO - Filling up the DagBag from /home/airflow/.local/lib/python3.7/site-packages/airflow/example_dags/tutorial.py
[2024-01-14T15:15:15.654+0000] {processor.py:766} INFO - DAG(s) dict_keys(['tutorial']) retrieved from /home/airflow/.local/lib/python3.7/site-packages/airflow/example_dags/tutorial.py
[2024-01-14T15:15:15.682+0000] {logging_mixin.py:120} INFO - [2024-01-14T15:15:15.682+0000] {dag.py:2585} INFO - Sync 1 DAGs
[2024-01-14T15:15:15.698+0000] {logging_mixin.py:120} INFO - [2024-01-14T15:15:15.698+0000] {dag.py:3340} INFO - Setting next_dagrun for tutorial to 2024-01-13T15:15:15.698614+00:00, run_after=2024-01-14T15:15:15.698614+00:00
[2024-01-14T15:15:15.710+0000] {processor.py:176} INFO - Processing /home/airflow/.local/lib/python3.7/site-packages/airflow/example_dags/tutorial.py took 0.082 seconds
[2024-01-14T15:15:46.681+0000] {processor.py:154} INFO - Started process (PID=1947) to work on /home/airflow/.local/lib/python3.7/site-packages/airflow/example_dags/tutorial.py
[2024-01-14T15:15:46.682+0000] {processor.py:756} INFO - Processing file /home/airflow/.local/lib/python3.7/site-packages/airflow/example_dags/tutorial.py for tasks to queue
[2024-01-14T15:15:46.683+0000] {logging_mixin.py:120} INFO - [2024-01-14T15:15:46.683+0000] {dagbag.py:537} INFO - Filling up the DagBag from /home/airflow/.local/lib/python3.7/site-packages/airflow/example_dags/tutorial.py
[2024-01-14T15:15:46.695+0000] {processor.py:766} INFO - DAG(s) dict_keys(['tutorial']) retrieved from /home/airflow/.local/lib/python3.7/site-packages/airflow/example_dags/tutorial.py
[2024-01-14T15:15:46.726+0000] {logging_mixin.py:120} INFO - [2024-01-14T15:15:46.726+0000] {dag.py:2585} INFO - Sync 1 DAGs
[2024-01-14T15:15:46.749+0000] {logging_mixin.py:120} INFO - [2024-01-14T15:15:46.748+0000] {dag.py:3340} INFO - Setting next_dagrun for tutorial to 2024-01-13T15:15:46.748697+00:00, run_after=2024-01-14T15:15:46.748697+00:00
[2024-01-14T15:15:46.762+0000] {processor.py:176} INFO - Processing /home/airflow/.local/lib/python3.7/site-packages/airflow/example_dags/tutorial.py took 0.084 seconds
[2024-01-14T15:16:16.852+0000] {processor.py:154} INFO - Started process (PID=2010) to work on /home/airflow/.local/lib/python3.7/site-packages/airflow/example_dags/tutorial.py
[2024-01-14T15:16:16.853+0000] {processor.py:756} INFO - Processing file /home/airflow/.local/lib/python3.7/site-packages/airflow/example_dags/tutorial.py for tasks to queue
[2024-01-14T15:16:16.855+0000] {logging_mixin.py:120} INFO - [2024-01-14T15:16:16.854+0000] {dagbag.py:537} INFO - Filling up the DagBag from /home/airflow/.local/lib/python3.7/site-packages/airflow/example_dags/tutorial.py
[2024-01-14T15:16:16.870+0000] {processor.py:766} INFO - DAG(s) dict_keys(['tutorial']) retrieved from /home/airflow/.local/lib/python3.7/site-packages/airflow/example_dags/tutorial.py
[2024-01-14T15:16:16.899+0000] {logging_mixin.py:120} INFO - [2024-01-14T15:16:16.899+0000] {dag.py:2585} INFO - Sync 1 DAGs
[2024-01-14T15:16:16.914+0000] {logging_mixin.py:120} INFO - [2024-01-14T15:16:16.914+0000] {dag.py:3340} INFO - Setting next_dagrun for tutorial to 2024-01-13T15:16:16.914362+00:00, run_after=2024-01-14T15:16:16.914362+00:00
[2024-01-14T15:16:16.926+0000] {processor.py:176} INFO - Processing /home/airflow/.local/lib/python3.7/site-packages/airflow/example_dags/tutorial.py took 0.080 seconds
[2024-01-14T15:16:47.860+0000] {processor.py:154} INFO - Started process (PID=2073) to work on /home/airflow/.local/lib/python3.7/site-packages/airflow/example_dags/tutorial.py
[2024-01-14T15:16:47.862+0000] {processor.py:756} INFO - Processing file /home/airflow/.local/lib/python3.7/site-packages/airflow/example_dags/tutorial.py for tasks to queue
[2024-01-14T15:16:47.863+0000] {logging_mixin.py:120} INFO - [2024-01-14T15:16:47.863+0000] {dagbag.py:537} INFO - Filling up the DagBag from /home/airflow/.local/lib/python3.7/site-packages/airflow/example_dags/tutorial.py
[2024-01-14T15:16:47.881+0000] {processor.py:766} INFO - DAG(s) dict_keys(['tutorial']) retrieved from /home/airflow/.local/lib/python3.7/site-packages/airflow/example_dags/tutorial.py
[2024-01-14T15:16:47.907+0000] {logging_mixin.py:120} INFO - [2024-01-14T15:16:47.907+0000] {dag.py:2585} INFO - Sync 1 DAGs
[2024-01-14T15:16:47.923+0000] {logging_mixin.py:120} INFO - [2024-01-14T15:16:47.922+0000] {dag.py:3340} INFO - Setting next_dagrun for tutorial to 2024-01-13T15:16:47.922782+00:00, run_after=2024-01-14T15:16:47.922782+00:00
[2024-01-14T15:16:47.934+0000] {processor.py:176} INFO - Processing /home/airflow/.local/lib/python3.7/site-packages/airflow/example_dags/tutorial.py took 0.079 seconds
[2024-01-14T15:17:17.963+0000] {processor.py:154} INFO - Started process (PID=2127) to work on /home/airflow/.local/lib/python3.7/site-packages/airflow/example_dags/tutorial.py
[2024-01-14T15:17:17.965+0000] {processor.py:756} INFO - Processing file /home/airflow/.local/lib/python3.7/site-packages/airflow/example_dags/tutorial.py for tasks to queue
[2024-01-14T15:17:17.966+0000] {logging_mixin.py:120} INFO - [2024-01-14T15:17:17.966+0000] {dagbag.py:537} INFO - Filling up the DagBag from /home/airflow/.local/lib/python3.7/site-packages/airflow/example_dags/tutorial.py
[2024-01-14T15:17:17.984+0000] {processor.py:766} INFO - DAG(s) dict_keys(['tutorial']) retrieved from /home/airflow/.local/lib/python3.7/site-packages/airflow/example_dags/tutorial.py
[2024-01-14T15:17:18.016+0000] {logging_mixin.py:120} INFO - [2024-01-14T15:17:18.016+0000] {dag.py:2585} INFO - Sync 1 DAGs
[2024-01-14T15:17:18.031+0000] {logging_mixin.py:120} INFO - [2024-01-14T15:17:18.031+0000] {dag.py:3340} INFO - Setting next_dagrun for tutorial to 2024-01-13T15:17:18.031730+00:00, run_after=2024-01-14T15:17:18.031730+00:00
[2024-01-14T15:17:18.041+0000] {processor.py:176} INFO - Processing /home/airflow/.local/lib/python3.7/site-packages/airflow/example_dags/tutorial.py took 0.084 seconds
[2024-01-14T15:17:48.140+0000] {processor.py:154} INFO - Started process (PID=2190) to work on /home/airflow/.local/lib/python3.7/site-packages/airflow/example_dags/tutorial.py
[2024-01-14T15:17:48.142+0000] {processor.py:756} INFO - Processing file /home/airflow/.local/lib/python3.7/site-packages/airflow/example_dags/tutorial.py for tasks to queue
[2024-01-14T15:17:48.142+0000] {logging_mixin.py:120} INFO - [2024-01-14T15:17:48.142+0000] {dagbag.py:537} INFO - Filling up the DagBag from /home/airflow/.local/lib/python3.7/site-packages/airflow/example_dags/tutorial.py
[2024-01-14T15:17:48.156+0000] {processor.py:766} INFO - DAG(s) dict_keys(['tutorial']) retrieved from /home/airflow/.local/lib/python3.7/site-packages/airflow/example_dags/tutorial.py
[2024-01-14T15:17:48.185+0000] {logging_mixin.py:120} INFO - [2024-01-14T15:17:48.184+0000] {dag.py:2585} INFO - Sync 1 DAGs
[2024-01-14T15:17:48.200+0000] {logging_mixin.py:120} INFO - [2024-01-14T15:17:48.199+0000] {dag.py:3340} INFO - Setting next_dagrun for tutorial to 2024-01-13T15:17:48.199781+00:00, run_after=2024-01-14T15:17:48.199781+00:00
[2024-01-14T15:17:48.212+0000] {processor.py:176} INFO - Processing /home/airflow/.local/lib/python3.7/site-packages/airflow/example_dags/tutorial.py took 0.077 seconds
[2024-01-14T15:18:18.263+0000] {processor.py:154} INFO - Started process (PID=2253) to work on /home/airflow/.local/lib/python3.7/site-packages/airflow/example_dags/tutorial.py
[2024-01-14T15:18:18.264+0000] {processor.py:756} INFO - Processing file /home/airflow/.local/lib/python3.7/site-packages/airflow/example_dags/tutorial.py for tasks to queue
[2024-01-14T15:18:18.265+0000] {logging_mixin.py:120} INFO - [2024-01-14T15:18:18.265+0000] {dagbag.py:537} INFO - Filling up the DagBag from /home/airflow/.local/lib/python3.7/site-packages/airflow/example_dags/tutorial.py
[2024-01-14T15:18:18.278+0000] {processor.py:766} INFO - DAG(s) dict_keys(['tutorial']) retrieved from /home/airflow/.local/lib/python3.7/site-packages/airflow/example_dags/tutorial.py
[2024-01-14T15:18:18.306+0000] {logging_mixin.py:120} INFO - [2024-01-14T15:18:18.306+0000] {dag.py:2585} INFO - Sync 1 DAGs
[2024-01-14T15:18:18.320+0000] {logging_mixin.py:120} INFO - [2024-01-14T15:18:18.320+0000] {dag.py:3340} INFO - Setting next_dagrun for tutorial to 2024-01-13T15:18:18.320482+00:00, run_after=2024-01-14T15:18:18.320482+00:00
[2024-01-14T15:18:18.332+0000] {processor.py:176} INFO - Processing /home/airflow/.local/lib/python3.7/site-packages/airflow/example_dags/tutorial.py took 0.073 seconds
[2024-01-14T15:18:49.178+0000] {processor.py:154} INFO - Started process (PID=2316) to work on /home/airflow/.local/lib/python3.7/site-packages/airflow/example_dags/tutorial.py
[2024-01-14T15:18:49.180+0000] {processor.py:756} INFO - Processing file /home/airflow/.local/lib/python3.7/site-packages/airflow/example_dags/tutorial.py for tasks to queue
[2024-01-14T15:18:49.181+0000] {logging_mixin.py:120} INFO - [2024-01-14T15:18:49.181+0000] {dagbag.py:537} INFO - Filling up the DagBag from /home/airflow/.local/lib/python3.7/site-packages/airflow/example_dags/tutorial.py
[2024-01-14T15:18:49.195+0000] {processor.py:766} INFO - DAG(s) dict_keys(['tutorial']) retrieved from /home/airflow/.local/lib/python3.7/site-packages/airflow/example_dags/tutorial.py
[2024-01-14T15:18:49.227+0000] {logging_mixin.py:120} INFO - [2024-01-14T15:18:49.227+0000] {dag.py:2585} INFO - Sync 1 DAGs
[2024-01-14T15:18:49.245+0000] {logging_mixin.py:120} INFO - [2024-01-14T15:18:49.245+0000] {dag.py:3340} INFO - Setting next_dagrun for tutorial to 2024-01-13T15:18:49.244978+00:00, run_after=2024-01-14T15:18:49.244978+00:00
[2024-01-14T15:18:49.257+0000] {processor.py:176} INFO - Processing /home/airflow/.local/lib/python3.7/site-packages/airflow/example_dags/tutorial.py took 0.083 seconds
[2024-01-14T15:19:20.197+0000] {processor.py:154} INFO - Started process (PID=2379) to work on /home/airflow/.local/lib/python3.7/site-packages/airflow/example_dags/tutorial.py
[2024-01-14T15:19:20.199+0000] {processor.py:756} INFO - Processing file /home/airflow/.local/lib/python3.7/site-packages/airflow/example_dags/tutorial.py for tasks to queue
[2024-01-14T15:19:20.200+0000] {logging_mixin.py:120} INFO - [2024-01-14T15:19:20.200+0000] {dagbag.py:537} INFO - Filling up the DagBag from /home/airflow/.local/lib/python3.7/site-packages/airflow/example_dags/tutorial.py
[2024-01-14T15:19:20.219+0000] {processor.py:766} INFO - DAG(s) dict_keys(['tutorial']) retrieved from /home/airflow/.local/lib/python3.7/site-packages/airflow/example_dags/tutorial.py
[2024-01-14T15:19:20.249+0000] {logging_mixin.py:120} INFO - [2024-01-14T15:19:20.249+0000] {dag.py:2585} INFO - Sync 1 DAGs
[2024-01-14T15:19:20.267+0000] {logging_mixin.py:120} INFO - [2024-01-14T15:19:20.267+0000] {dag.py:3340} INFO - Setting next_dagrun for tutorial to 2024-01-13T15:19:20.266759+00:00, run_after=2024-01-14T15:19:20.266759+00:00
[2024-01-14T15:19:20.279+0000] {processor.py:176} INFO - Processing /home/airflow/.local/lib/python3.7/site-packages/airflow/example_dags/tutorial.py took 0.088 seconds
[2024-01-14T15:19:50.436+0000] {processor.py:154} INFO - Started process (PID=2433) to work on /home/airflow/.local/lib/python3.7/site-packages/airflow/example_dags/tutorial.py
[2024-01-14T15:19:50.438+0000] {processor.py:756} INFO - Processing file /home/airflow/.local/lib/python3.7/site-packages/airflow/example_dags/tutorial.py for tasks to queue
[2024-01-14T15:19:50.439+0000] {logging_mixin.py:120} INFO - [2024-01-14T15:19:50.439+0000] {dagbag.py:537} INFO - Filling up the DagBag from /home/airflow/.local/lib/python3.7/site-packages/airflow/example_dags/tutorial.py
[2024-01-14T15:19:50.456+0000] {processor.py:766} INFO - DAG(s) dict_keys(['tutorial']) retrieved from /home/airflow/.local/lib/python3.7/site-packages/airflow/example_dags/tutorial.py
[2024-01-14T15:19:50.487+0000] {logging_mixin.py:120} INFO - [2024-01-14T15:19:50.486+0000] {dag.py:2585} INFO - Sync 1 DAGs
[2024-01-14T15:19:50.505+0000] {logging_mixin.py:120} INFO - [2024-01-14T15:19:50.505+0000] {dag.py:3340} INFO - Setting next_dagrun for tutorial to 2024-01-13T15:19:50.505013+00:00, run_after=2024-01-14T15:19:50.505013+00:00
[2024-01-14T15:19:50.518+0000] {processor.py:176} INFO - Processing /home/airflow/.local/lib/python3.7/site-packages/airflow/example_dags/tutorial.py took 0.087 seconds
[2024-01-14T15:20:21.374+0000] {processor.py:154} INFO - Started process (PID=2496) to work on /home/airflow/.local/lib/python3.7/site-packages/airflow/example_dags/tutorial.py
[2024-01-14T15:20:21.376+0000] {processor.py:756} INFO - Processing file /home/airflow/.local/lib/python3.7/site-packages/airflow/example_dags/tutorial.py for tasks to queue
[2024-01-14T15:20:21.377+0000] {logging_mixin.py:120} INFO - [2024-01-14T15:20:21.377+0000] {dagbag.py:537} INFO - Filling up the DagBag from /home/airflow/.local/lib/python3.7/site-packages/airflow/example_dags/tutorial.py
[2024-01-14T15:20:21.396+0000] {processor.py:766} INFO - DAG(s) dict_keys(['tutorial']) retrieved from /home/airflow/.local/lib/python3.7/site-packages/airflow/example_dags/tutorial.py
[2024-01-14T15:20:21.426+0000] {logging_mixin.py:120} INFO - [2024-01-14T15:20:21.425+0000] {dag.py:2585} INFO - Sync 1 DAGs
[2024-01-14T15:20:21.442+0000] {logging_mixin.py:120} INFO - [2024-01-14T15:20:21.442+0000] {dag.py:3340} INFO - Setting next_dagrun for tutorial to 2024-01-13T15:20:21.442357+00:00, run_after=2024-01-14T15:20:21.442357+00:00
[2024-01-14T15:20:21.453+0000] {processor.py:176} INFO - Processing /home/airflow/.local/lib/python3.7/site-packages/airflow/example_dags/tutorial.py took 0.086 seconds
[2024-01-14T15:20:52.223+0000] {processor.py:154} INFO - Started process (PID=2559) to work on /home/airflow/.local/lib/python3.7/site-packages/airflow/example_dags/tutorial.py
[2024-01-14T15:20:52.224+0000] {processor.py:756} INFO - Processing file /home/airflow/.local/lib/python3.7/site-packages/airflow/example_dags/tutorial.py for tasks to queue
[2024-01-14T15:20:52.225+0000] {logging_mixin.py:120} INFO - [2024-01-14T15:20:52.225+0000] {dagbag.py:537} INFO - Filling up the DagBag from /home/airflow/.local/lib/python3.7/site-packages/airflow/example_dags/tutorial.py
[2024-01-14T15:20:52.236+0000] {processor.py:766} INFO - DAG(s) dict_keys(['tutorial']) retrieved from /home/airflow/.local/lib/python3.7/site-packages/airflow/example_dags/tutorial.py
[2024-01-14T15:20:52.263+0000] {logging_mixin.py:120} INFO - [2024-01-14T15:20:52.263+0000] {dag.py:2585} INFO - Sync 1 DAGs
[2024-01-14T15:20:52.280+0000] {logging_mixin.py:120} INFO - [2024-01-14T15:20:52.280+0000] {dag.py:3340} INFO - Setting next_dagrun for tutorial to 2024-01-13T15:20:52.279855+00:00, run_after=2024-01-14T15:20:52.279855+00:00
[2024-01-14T15:20:52.293+0000] {processor.py:176} INFO - Processing /home/airflow/.local/lib/python3.7/site-packages/airflow/example_dags/tutorial.py took 0.073 seconds
[2024-01-14T15:21:23.242+0000] {processor.py:154} INFO - Started process (PID=2622) to work on /home/airflow/.local/lib/python3.7/site-packages/airflow/example_dags/tutorial.py
[2024-01-14T15:21:23.243+0000] {processor.py:756} INFO - Processing file /home/airflow/.local/lib/python3.7/site-packages/airflow/example_dags/tutorial.py for tasks to queue
[2024-01-14T15:21:23.243+0000] {logging_mixin.py:120} INFO - [2024-01-14T15:21:23.243+0000] {dagbag.py:537} INFO - Filling up the DagBag from /home/airflow/.local/lib/python3.7/site-packages/airflow/example_dags/tutorial.py
[2024-01-14T15:21:23.255+0000] {processor.py:766} INFO - DAG(s) dict_keys(['tutorial']) retrieved from /home/airflow/.local/lib/python3.7/site-packages/airflow/example_dags/tutorial.py
[2024-01-14T15:21:23.284+0000] {logging_mixin.py:120} INFO - [2024-01-14T15:21:23.284+0000] {dag.py:2585} INFO - Sync 1 DAGs
[2024-01-14T15:21:23.301+0000] {logging_mixin.py:120} INFO - [2024-01-14T15:21:23.301+0000] {dag.py:3340} INFO - Setting next_dagrun for tutorial to 2024-01-13T15:21:23.300888+00:00, run_after=2024-01-14T15:21:23.300888+00:00
[2024-01-14T15:21:23.312+0000] {processor.py:176} INFO - Processing /home/airflow/.local/lib/python3.7/site-packages/airflow/example_dags/tutorial.py took 0.073 seconds
[2024-01-14T15:21:54.233+0000] {processor.py:154} INFO - Started process (PID=2685) to work on /home/airflow/.local/lib/python3.7/site-packages/airflow/example_dags/tutorial.py
[2024-01-14T15:21:54.235+0000] {processor.py:756} INFO - Processing file /home/airflow/.local/lib/python3.7/site-packages/airflow/example_dags/tutorial.py for tasks to queue
[2024-01-14T15:21:54.236+0000] {logging_mixin.py:120} INFO - [2024-01-14T15:21:54.236+0000] {dagbag.py:537} INFO - Filling up the DagBag from /home/airflow/.local/lib/python3.7/site-packages/airflow/example_dags/tutorial.py
[2024-01-14T15:21:54.253+0000] {processor.py:766} INFO - DAG(s) dict_keys(['tutorial']) retrieved from /home/airflow/.local/lib/python3.7/site-packages/airflow/example_dags/tutorial.py
[2024-01-14T15:21:54.282+0000] {logging_mixin.py:120} INFO - [2024-01-14T15:21:54.282+0000] {dag.py:2585} INFO - Sync 1 DAGs
[2024-01-14T15:21:54.297+0000] {logging_mixin.py:120} INFO - [2024-01-14T15:21:54.297+0000] {dag.py:3340} INFO - Setting next_dagrun for tutorial to 2024-01-13T15:21:54.297730+00:00, run_after=2024-01-14T15:21:54.297730+00:00
[2024-01-14T15:21:54.310+0000] {processor.py:176} INFO - Processing /home/airflow/.local/lib/python3.7/site-packages/airflow/example_dags/tutorial.py took 0.084 seconds
[2024-01-14T15:22:25.213+0000] {processor.py:154} INFO - Started process (PID=2748) to work on /home/airflow/.local/lib/python3.7/site-packages/airflow/example_dags/tutorial.py
[2024-01-14T15:22:25.215+0000] {processor.py:756} INFO - Processing file /home/airflow/.local/lib/python3.7/site-packages/airflow/example_dags/tutorial.py for tasks to queue
[2024-01-14T15:22:25.216+0000] {logging_mixin.py:120} INFO - [2024-01-14T15:22:25.216+0000] {dagbag.py:537} INFO - Filling up the DagBag from /home/airflow/.local/lib/python3.7/site-packages/airflow/example_dags/tutorial.py
[2024-01-14T15:22:25.235+0000] {processor.py:766} INFO - DAG(s) dict_keys(['tutorial']) retrieved from /home/airflow/.local/lib/python3.7/site-packages/airflow/example_dags/tutorial.py
[2024-01-14T15:22:25.265+0000] {logging_mixin.py:120} INFO - [2024-01-14T15:22:25.264+0000] {dag.py:2585} INFO - Sync 1 DAGs
[2024-01-14T15:22:25.280+0000] {logging_mixin.py:120} INFO - [2024-01-14T15:22:25.280+0000] {dag.py:3340} INFO - Setting next_dagrun for tutorial to 2024-01-13T15:22:25.280098+00:00, run_after=2024-01-14T15:22:25.280098+00:00
[2024-01-14T15:22:25.291+0000] {processor.py:176} INFO - Processing /home/airflow/.local/lib/python3.7/site-packages/airflow/example_dags/tutorial.py took 0.086 seconds
[2024-01-14T15:22:55.313+0000] {processor.py:154} INFO - Started process (PID=2811) to work on /home/airflow/.local/lib/python3.7/site-packages/airflow/example_dags/tutorial.py
[2024-01-14T15:22:55.314+0000] {processor.py:756} INFO - Processing file /home/airflow/.local/lib/python3.7/site-packages/airflow/example_dags/tutorial.py for tasks to queue
[2024-01-14T15:22:55.315+0000] {logging_mixin.py:120} INFO - [2024-01-14T15:22:55.315+0000] {dagbag.py:537} INFO - Filling up the DagBag from /home/airflow/.local/lib/python3.7/site-packages/airflow/example_dags/tutorial.py
[2024-01-14T15:22:55.327+0000] {processor.py:766} INFO - DAG(s) dict_keys(['tutorial']) retrieved from /home/airflow/.local/lib/python3.7/site-packages/airflow/example_dags/tutorial.py
[2024-01-14T15:22:55.357+0000] {logging_mixin.py:120} INFO - [2024-01-14T15:22:55.357+0000] {dag.py:2585} INFO - Sync 1 DAGs
[2024-01-14T15:22:55.373+0000] {logging_mixin.py:120} INFO - [2024-01-14T15:22:55.373+0000] {dag.py:3340} INFO - Setting next_dagrun for tutorial to 2024-01-13T15:22:55.372999+00:00, run_after=2024-01-14T15:22:55.372999+00:00
[2024-01-14T15:22:55.385+0000] {processor.py:176} INFO - Processing /home/airflow/.local/lib/python3.7/site-packages/airflow/example_dags/tutorial.py took 0.076 seconds
[2024-01-14T15:23:25.521+0000] {processor.py:154} INFO - Started process (PID=2865) to work on /home/airflow/.local/lib/python3.7/site-packages/airflow/example_dags/tutorial.py
[2024-01-14T15:23:25.522+0000] {processor.py:756} INFO - Processing file /home/airflow/.local/lib/python3.7/site-packages/airflow/example_dags/tutorial.py for tasks to queue
[2024-01-14T15:23:25.523+0000] {logging_mixin.py:120} INFO - [2024-01-14T15:23:25.523+0000] {dagbag.py:537} INFO - Filling up the DagBag from /home/airflow/.local/lib/python3.7/site-packages/airflow/example_dags/tutorial.py
[2024-01-14T15:23:25.540+0000] {processor.py:766} INFO - DAG(s) dict_keys(['tutorial']) retrieved from /home/airflow/.local/lib/python3.7/site-packages/airflow/example_dags/tutorial.py
[2024-01-14T15:23:25.568+0000] {logging_mixin.py:120} INFO - [2024-01-14T15:23:25.568+0000] {dag.py:2585} INFO - Sync 1 DAGs
[2024-01-14T15:23:25.584+0000] {logging_mixin.py:120} INFO - [2024-01-14T15:23:25.584+0000] {dag.py:3340} INFO - Setting next_dagrun for tutorial to 2024-01-13T15:23:25.584722+00:00, run_after=2024-01-14T15:23:25.584722+00:00
[2024-01-14T15:23:25.595+0000] {processor.py:176} INFO - Processing /home/airflow/.local/lib/python3.7/site-packages/airflow/example_dags/tutorial.py took 0.080 seconds
[2024-01-14T15:23:55.701+0000] {processor.py:154} INFO - Started process (PID=2928) to work on /home/airflow/.local/lib/python3.7/site-packages/airflow/example_dags/tutorial.py
[2024-01-14T15:23:55.702+0000] {processor.py:756} INFO - Processing file /home/airflow/.local/lib/python3.7/site-packages/airflow/example_dags/tutorial.py for tasks to queue
[2024-01-14T15:23:55.702+0000] {logging_mixin.py:120} INFO - [2024-01-14T15:23:55.702+0000] {dagbag.py:537} INFO - Filling up the DagBag from /home/airflow/.local/lib/python3.7/site-packages/airflow/example_dags/tutorial.py
[2024-01-14T15:23:55.713+0000] {processor.py:766} INFO - DAG(s) dict_keys(['tutorial']) retrieved from /home/airflow/.local/lib/python3.7/site-packages/airflow/example_dags/tutorial.py
[2024-01-14T15:23:55.741+0000] {logging_mixin.py:120} INFO - [2024-01-14T15:23:55.741+0000] {dag.py:2585} INFO - Sync 1 DAGs
[2024-01-14T15:23:55.757+0000] {logging_mixin.py:120} INFO - [2024-01-14T15:23:55.756+0000] {dag.py:3340} INFO - Setting next_dagrun for tutorial to 2024-01-13T15:23:55.756768+00:00, run_after=2024-01-14T15:23:55.756768+00:00
[2024-01-14T15:23:55.768+0000] {processor.py:176} INFO - Processing /home/airflow/.local/lib/python3.7/site-packages/airflow/example_dags/tutorial.py took 0.070 seconds
[2024-01-14T15:24:25.800+0000] {processor.py:154} INFO - Started process (PID=2991) to work on /home/airflow/.local/lib/python3.7/site-packages/airflow/example_dags/tutorial.py
[2024-01-14T15:24:25.802+0000] {processor.py:756} INFO - Processing file /home/airflow/.local/lib/python3.7/site-packages/airflow/example_dags/tutorial.py for tasks to queue
[2024-01-14T15:24:25.803+0000] {logging_mixin.py:120} INFO - [2024-01-14T15:24:25.803+0000] {dagbag.py:537} INFO - Filling up the DagBag from /home/airflow/.local/lib/python3.7/site-packages/airflow/example_dags/tutorial.py
[2024-01-14T15:24:25.820+0000] {processor.py:766} INFO - DAG(s) dict_keys(['tutorial']) retrieved from /home/airflow/.local/lib/python3.7/site-packages/airflow/example_dags/tutorial.py
[2024-01-14T15:24:25.848+0000] {logging_mixin.py:120} INFO - [2024-01-14T15:24:25.848+0000] {dag.py:2585} INFO - Sync 1 DAGs
[2024-01-14T15:24:25.863+0000] {logging_mixin.py:120} INFO - [2024-01-14T15:24:25.863+0000] {dag.py:3340} INFO - Setting next_dagrun for tutorial to 2024-01-13T15:24:25.863701+00:00, run_after=2024-01-14T15:24:25.863701+00:00
[2024-01-14T15:24:25.874+0000] {processor.py:176} INFO - Processing /home/airflow/.local/lib/python3.7/site-packages/airflow/example_dags/tutorial.py took 0.080 seconds
[2024-01-14T15:24:56.790+0000] {processor.py:154} INFO - Started process (PID=3054) to work on /home/airflow/.local/lib/python3.7/site-packages/airflow/example_dags/tutorial.py
[2024-01-14T15:24:56.792+0000] {processor.py:756} INFO - Processing file /home/airflow/.local/lib/python3.7/site-packages/airflow/example_dags/tutorial.py for tasks to queue
[2024-01-14T15:24:56.793+0000] {logging_mixin.py:120} INFO - [2024-01-14T15:24:56.793+0000] {dagbag.py:537} INFO - Filling up the DagBag from /home/airflow/.local/lib/python3.7/site-packages/airflow/example_dags/tutorial.py
[2024-01-14T15:24:56.811+0000] {processor.py:766} INFO - DAG(s) dict_keys(['tutorial']) retrieved from /home/airflow/.local/lib/python3.7/site-packages/airflow/example_dags/tutorial.py
[2024-01-14T15:24:56.839+0000] {logging_mixin.py:120} INFO - [2024-01-14T15:24:56.839+0000] {dag.py:2585} INFO - Sync 1 DAGs
[2024-01-14T15:24:56.855+0000] {logging_mixin.py:120} INFO - [2024-01-14T15:24:56.855+0000] {dag.py:3340} INFO - Setting next_dagrun for tutorial to 2024-01-13T15:24:56.854980+00:00, run_after=2024-01-14T15:24:56.854980+00:00
[2024-01-14T15:24:56.867+0000] {processor.py:176} INFO - Processing /home/airflow/.local/lib/python3.7/site-packages/airflow/example_dags/tutorial.py took 0.083 seconds
[2024-01-14T15:25:27.821+0000] {processor.py:154} INFO - Started process (PID=3117) to work on /home/airflow/.local/lib/python3.7/site-packages/airflow/example_dags/tutorial.py
[2024-01-14T15:25:27.822+0000] {processor.py:756} INFO - Processing file /home/airflow/.local/lib/python3.7/site-packages/airflow/example_dags/tutorial.py for tasks to queue
[2024-01-14T15:25:27.823+0000] {logging_mixin.py:120} INFO - [2024-01-14T15:25:27.822+0000] {dagbag.py:537} INFO - Filling up the DagBag from /home/airflow/.local/lib/python3.7/site-packages/airflow/example_dags/tutorial.py
[2024-01-14T15:25:27.837+0000] {processor.py:766} INFO - DAG(s) dict_keys(['tutorial']) retrieved from /home/airflow/.local/lib/python3.7/site-packages/airflow/example_dags/tutorial.py
[2024-01-14T15:25:27.866+0000] {logging_mixin.py:120} INFO - [2024-01-14T15:25:27.866+0000] {dag.py:2585} INFO - Sync 1 DAGs
[2024-01-14T15:25:27.884+0000] {logging_mixin.py:120} INFO - [2024-01-14T15:25:27.884+0000] {dag.py:3340} INFO - Setting next_dagrun for tutorial to 2024-01-13T15:25:27.884145+00:00, run_after=2024-01-14T15:25:27.884145+00:00
[2024-01-14T15:25:27.897+0000] {processor.py:176} INFO - Processing /home/airflow/.local/lib/python3.7/site-packages/airflow/example_dags/tutorial.py took 0.081 seconds
[2024-01-14T15:25:58.898+0000] {processor.py:154} INFO - Started process (PID=3180) to work on /home/airflow/.local/lib/python3.7/site-packages/airflow/example_dags/tutorial.py
[2024-01-14T15:25:58.898+0000] {processor.py:756} INFO - Processing file /home/airflow/.local/lib/python3.7/site-packages/airflow/example_dags/tutorial.py for tasks to queue
[2024-01-14T15:25:58.899+0000] {logging_mixin.py:120} INFO - [2024-01-14T15:25:58.899+0000] {dagbag.py:537} INFO - Filling up the DagBag from /home/airflow/.local/lib/python3.7/site-packages/airflow/example_dags/tutorial.py
[2024-01-14T15:25:58.908+0000] {processor.py:766} INFO - DAG(s) dict_keys(['tutorial']) retrieved from /home/airflow/.local/lib/python3.7/site-packages/airflow/example_dags/tutorial.py
[2024-01-14T15:25:58.934+0000] {logging_mixin.py:120} INFO - [2024-01-14T15:25:58.934+0000] {dag.py:2585} INFO - Sync 1 DAGs
[2024-01-14T15:25:58.949+0000] {logging_mixin.py:120} INFO - [2024-01-14T15:25:58.949+0000] {dag.py:3340} INFO - Setting next_dagrun for tutorial to 2024-01-13T15:25:58.948993+00:00, run_after=2024-01-14T15:25:58.948993+00:00
[2024-01-14T15:25:58.960+0000] {processor.py:176} INFO - Processing /home/airflow/.local/lib/python3.7/site-packages/airflow/example_dags/tutorial.py took 0.065 seconds
[2024-01-14T15:26:29.934+0000] {processor.py:154} INFO - Started process (PID=3234) to work on /home/airflow/.local/lib/python3.7/site-packages/airflow/example_dags/tutorial.py
[2024-01-14T15:26:29.935+0000] {processor.py:756} INFO - Processing file /home/airflow/.local/lib/python3.7/site-packages/airflow/example_dags/tutorial.py for tasks to queue
[2024-01-14T15:26:29.936+0000] {logging_mixin.py:120} INFO - [2024-01-14T15:26:29.935+0000] {dagbag.py:537} INFO - Filling up the DagBag from /home/airflow/.local/lib/python3.7/site-packages/airflow/example_dags/tutorial.py
[2024-01-14T15:26:29.947+0000] {processor.py:766} INFO - DAG(s) dict_keys(['tutorial']) retrieved from /home/airflow/.local/lib/python3.7/site-packages/airflow/example_dags/tutorial.py
[2024-01-14T15:26:29.975+0000] {logging_mixin.py:120} INFO - [2024-01-14T15:26:29.975+0000] {dag.py:2585} INFO - Sync 1 DAGs
[2024-01-14T15:26:29.990+0000] {logging_mixin.py:120} INFO - [2024-01-14T15:26:29.990+0000] {dag.py:3340} INFO - Setting next_dagrun for tutorial to 2024-01-13T15:26:29.990664+00:00, run_after=2024-01-14T15:26:29.990664+00:00
[2024-01-14T15:26:30.004+0000] {processor.py:176} INFO - Processing /home/airflow/.local/lib/python3.7/site-packages/airflow/example_dags/tutorial.py took 0.073 seconds
[2024-01-14T15:27:00.900+0000] {processor.py:154} INFO - Started process (PID=3297) to work on /home/airflow/.local/lib/python3.7/site-packages/airflow/example_dags/tutorial.py
[2024-01-14T15:27:00.902+0000] {processor.py:756} INFO - Processing file /home/airflow/.local/lib/python3.7/site-packages/airflow/example_dags/tutorial.py for tasks to queue
[2024-01-14T15:27:00.903+0000] {logging_mixin.py:120} INFO - [2024-01-14T15:27:00.903+0000] {dagbag.py:537} INFO - Filling up the DagBag from /home/airflow/.local/lib/python3.7/site-packages/airflow/example_dags/tutorial.py
[2024-01-14T15:27:00.922+0000] {processor.py:766} INFO - DAG(s) dict_keys(['tutorial']) retrieved from /home/airflow/.local/lib/python3.7/site-packages/airflow/example_dags/tutorial.py
[2024-01-14T15:27:00.953+0000] {logging_mixin.py:120} INFO - [2024-01-14T15:27:00.953+0000] {dag.py:2585} INFO - Sync 1 DAGs
[2024-01-14T15:27:00.968+0000] {logging_mixin.py:120} INFO - [2024-01-14T15:27:00.968+0000] {dag.py:3340} INFO - Setting next_dagrun for tutorial to 2024-01-13T15:27:00.968473+00:00, run_after=2024-01-14T15:27:00.968473+00:00
[2024-01-14T15:27:00.981+0000] {processor.py:176} INFO - Processing /home/airflow/.local/lib/python3.7/site-packages/airflow/example_dags/tutorial.py took 0.087 seconds
[2024-01-14T15:27:31.944+0000] {processor.py:154} INFO - Started process (PID=3360) to work on /home/airflow/.local/lib/python3.7/site-packages/airflow/example_dags/tutorial.py
[2024-01-14T15:27:31.946+0000] {processor.py:756} INFO - Processing file /home/airflow/.local/lib/python3.7/site-packages/airflow/example_dags/tutorial.py for tasks to queue
[2024-01-14T15:27:31.947+0000] {logging_mixin.py:120} INFO - [2024-01-14T15:27:31.947+0000] {dagbag.py:537} INFO - Filling up the DagBag from /home/airflow/.local/lib/python3.7/site-packages/airflow/example_dags/tutorial.py
[2024-01-14T15:27:31.961+0000] {processor.py:766} INFO - DAG(s) dict_keys(['tutorial']) retrieved from /home/airflow/.local/lib/python3.7/site-packages/airflow/example_dags/tutorial.py
[2024-01-14T15:27:31.993+0000] {logging_mixin.py:120} INFO - [2024-01-14T15:27:31.992+0000] {dag.py:2585} INFO - Sync 1 DAGs
[2024-01-14T15:27:32.011+0000] {logging_mixin.py:120} INFO - [2024-01-14T15:27:32.011+0000] {dag.py:3340} INFO - Setting next_dagrun for tutorial to 2024-01-13T15:27:32.010854+00:00, run_after=2024-01-14T15:27:32.010854+00:00
[2024-01-14T15:27:32.023+0000] {processor.py:176} INFO - Processing /home/airflow/.local/lib/python3.7/site-packages/airflow/example_dags/tutorial.py took 0.085 seconds
[2024-01-14T15:28:02.940+0000] {processor.py:154} INFO - Started process (PID=3423) to work on /home/airflow/.local/lib/python3.7/site-packages/airflow/example_dags/tutorial.py
[2024-01-14T15:28:02.941+0000] {processor.py:756} INFO - Processing file /home/airflow/.local/lib/python3.7/site-packages/airflow/example_dags/tutorial.py for tasks to queue
[2024-01-14T15:28:02.942+0000] {logging_mixin.py:120} INFO - [2024-01-14T15:28:02.942+0000] {dagbag.py:537} INFO - Filling up the DagBag from /home/airflow/.local/lib/python3.7/site-packages/airflow/example_dags/tutorial.py
[2024-01-14T15:28:02.951+0000] {processor.py:766} INFO - DAG(s) dict_keys(['tutorial']) retrieved from /home/airflow/.local/lib/python3.7/site-packages/airflow/example_dags/tutorial.py
[2024-01-14T15:28:02.979+0000] {logging_mixin.py:120} INFO - [2024-01-14T15:28:02.979+0000] {dag.py:2585} INFO - Sync 1 DAGs
[2024-01-14T15:28:02.994+0000] {logging_mixin.py:120} INFO - [2024-01-14T15:28:02.994+0000] {dag.py:3340} INFO - Setting next_dagrun for tutorial to 2024-01-13T15:28:02.993997+00:00, run_after=2024-01-14T15:28:02.993997+00:00
[2024-01-14T15:28:03.005+0000] {processor.py:176} INFO - Processing /home/airflow/.local/lib/python3.7/site-packages/airflow/example_dags/tutorial.py took 0.068 seconds
[2024-01-14T15:28:33.932+0000] {processor.py:154} INFO - Started process (PID=3486) to work on /home/airflow/.local/lib/python3.7/site-packages/airflow/example_dags/tutorial.py
[2024-01-14T15:28:33.933+0000] {processor.py:756} INFO - Processing file /home/airflow/.local/lib/python3.7/site-packages/airflow/example_dags/tutorial.py for tasks to queue
[2024-01-14T15:28:33.933+0000] {logging_mixin.py:120} INFO - [2024-01-14T15:28:33.933+0000] {dagbag.py:537} INFO - Filling up the DagBag from /home/airflow/.local/lib/python3.7/site-packages/airflow/example_dags/tutorial.py
[2024-01-14T15:28:33.945+0000] {processor.py:766} INFO - DAG(s) dict_keys(['tutorial']) retrieved from /home/airflow/.local/lib/python3.7/site-packages/airflow/example_dags/tutorial.py
[2024-01-14T15:28:33.973+0000] {logging_mixin.py:120} INFO - [2024-01-14T15:28:33.973+0000] {dag.py:2585} INFO - Sync 1 DAGs
[2024-01-14T15:28:33.989+0000] {logging_mixin.py:120} INFO - [2024-01-14T15:28:33.989+0000] {dag.py:3340} INFO - Setting next_dagrun for tutorial to 2024-01-13T15:28:33.988941+00:00, run_after=2024-01-14T15:28:33.988941+00:00
[2024-01-14T15:28:34.000+0000] {processor.py:176} INFO - Processing /home/airflow/.local/lib/python3.7/site-packages/airflow/example_dags/tutorial.py took 0.072 seconds
[2024-01-14T15:29:04.950+0000] {processor.py:154} INFO - Started process (PID=3549) to work on /home/airflow/.local/lib/python3.7/site-packages/airflow/example_dags/tutorial.py
[2024-01-14T15:29:04.952+0000] {processor.py:756} INFO - Processing file /home/airflow/.local/lib/python3.7/site-packages/airflow/example_dags/tutorial.py for tasks to queue
[2024-01-14T15:29:04.953+0000] {logging_mixin.py:120} INFO - [2024-01-14T15:29:04.953+0000] {dagbag.py:537} INFO - Filling up the DagBag from /home/airflow/.local/lib/python3.7/site-packages/airflow/example_dags/tutorial.py
[2024-01-14T15:29:04.970+0000] {processor.py:766} INFO - DAG(s) dict_keys(['tutorial']) retrieved from /home/airflow/.local/lib/python3.7/site-packages/airflow/example_dags/tutorial.py
[2024-01-14T15:29:04.998+0000] {logging_mixin.py:120} INFO - [2024-01-14T15:29:04.998+0000] {dag.py:2585} INFO - Sync 1 DAGs
[2024-01-14T15:29:05.014+0000] {logging_mixin.py:120} INFO - [2024-01-14T15:29:05.014+0000] {dag.py:3340} INFO - Setting next_dagrun for tutorial to 2024-01-13T15:29:05.014258+00:00, run_after=2024-01-14T15:29:05.014258+00:00
[2024-01-14T15:29:05.027+0000] {processor.py:176} INFO - Processing /home/airflow/.local/lib/python3.7/site-packages/airflow/example_dags/tutorial.py took 0.085 seconds
[2024-01-14T15:29:35.846+0000] {processor.py:154} INFO - Started process (PID=3611) to work on /home/airflow/.local/lib/python3.7/site-packages/airflow/example_dags/tutorial.py
[2024-01-14T15:29:35.847+0000] {processor.py:756} INFO - Processing file /home/airflow/.local/lib/python3.7/site-packages/airflow/example_dags/tutorial.py for tasks to queue
[2024-01-14T15:29:35.848+0000] {logging_mixin.py:120} INFO - [2024-01-14T15:29:35.848+0000] {dagbag.py:537} INFO - Filling up the DagBag from /home/airflow/.local/lib/python3.7/site-packages/airflow/example_dags/tutorial.py
[2024-01-14T15:29:35.860+0000] {processor.py:766} INFO - DAG(s) dict_keys(['tutorial']) retrieved from /home/airflow/.local/lib/python3.7/site-packages/airflow/example_dags/tutorial.py
[2024-01-14T15:29:35.890+0000] {logging_mixin.py:120} INFO - [2024-01-14T15:29:35.890+0000] {dag.py:2585} INFO - Sync 1 DAGs
[2024-01-14T15:29:35.908+0000] {logging_mixin.py:120} INFO - [2024-01-14T15:29:35.908+0000] {dag.py:3340} INFO - Setting next_dagrun for tutorial to 2024-01-13T15:29:35.908498+00:00, run_after=2024-01-14T15:29:35.908498+00:00
[2024-01-14T15:29:35.920+0000] {processor.py:176} INFO - Processing /home/airflow/.local/lib/python3.7/site-packages/airflow/example_dags/tutorial.py took 0.078 seconds
[2024-01-14T15:30:06.034+0000] {processor.py:154} INFO - Started process (PID=3665) to work on /home/airflow/.local/lib/python3.7/site-packages/airflow/example_dags/tutorial.py
[2024-01-14T15:30:06.036+0000] {processor.py:756} INFO - Processing file /home/airflow/.local/lib/python3.7/site-packages/airflow/example_dags/tutorial.py for tasks to queue
[2024-01-14T15:30:06.037+0000] {logging_mixin.py:120} INFO - [2024-01-14T15:30:06.037+0000] {dagbag.py:537} INFO - Filling up the DagBag from /home/airflow/.local/lib/python3.7/site-packages/airflow/example_dags/tutorial.py
[2024-01-14T15:30:06.052+0000] {processor.py:766} INFO - DAG(s) dict_keys(['tutorial']) retrieved from /home/airflow/.local/lib/python3.7/site-packages/airflow/example_dags/tutorial.py
[2024-01-14T15:30:06.083+0000] {logging_mixin.py:120} INFO - [2024-01-14T15:30:06.083+0000] {dag.py:2585} INFO - Sync 1 DAGs
[2024-01-14T15:30:06.101+0000] {logging_mixin.py:120} INFO - [2024-01-14T15:30:06.101+0000] {dag.py:3340} INFO - Setting next_dagrun for tutorial to 2024-01-13T15:30:06.101222+00:00, run_after=2024-01-14T15:30:06.101222+00:00
[2024-01-14T15:30:06.114+0000] {processor.py:176} INFO - Processing /home/airflow/.local/lib/python3.7/site-packages/airflow/example_dags/tutorial.py took 0.085 seconds
[2024-01-14T15:30:36.326+0000] {processor.py:154} INFO - Started process (PID=3728) to work on /home/airflow/.local/lib/python3.7/site-packages/airflow/example_dags/tutorial.py
[2024-01-14T15:30:36.328+0000] {processor.py:756} INFO - Processing file /home/airflow/.local/lib/python3.7/site-packages/airflow/example_dags/tutorial.py for tasks to queue
[2024-01-14T15:30:36.329+0000] {logging_mixin.py:120} INFO - [2024-01-14T15:30:36.329+0000] {dagbag.py:537} INFO - Filling up the DagBag from /home/airflow/.local/lib/python3.7/site-packages/airflow/example_dags/tutorial.py
[2024-01-14T15:30:36.347+0000] {processor.py:766} INFO - DAG(s) dict_keys(['tutorial']) retrieved from /home/airflow/.local/lib/python3.7/site-packages/airflow/example_dags/tutorial.py
[2024-01-14T15:30:36.387+0000] {logging_mixin.py:120} INFO - [2024-01-14T15:30:36.387+0000] {dag.py:2585} INFO - Sync 1 DAGs
[2024-01-14T15:30:36.406+0000] {logging_mixin.py:120} INFO - [2024-01-14T15:30:36.406+0000] {dag.py:3340} INFO - Setting next_dagrun for tutorial to 2024-01-13T15:30:36.406467+00:00, run_after=2024-01-14T15:30:36.406467+00:00
[2024-01-14T15:30:36.422+0000] {processor.py:176} INFO - Processing /home/airflow/.local/lib/python3.7/site-packages/airflow/example_dags/tutorial.py took 0.102 seconds
[2024-01-14T15:31:06.512+0000] {processor.py:154} INFO - Started process (PID=3791) to work on /home/airflow/.local/lib/python3.7/site-packages/airflow/example_dags/tutorial.py
[2024-01-14T15:31:06.513+0000] {processor.py:756} INFO - Processing file /home/airflow/.local/lib/python3.7/site-packages/airflow/example_dags/tutorial.py for tasks to queue
[2024-01-14T15:31:06.514+0000] {logging_mixin.py:120} INFO - [2024-01-14T15:31:06.514+0000] {dagbag.py:537} INFO - Filling up the DagBag from /home/airflow/.local/lib/python3.7/site-packages/airflow/example_dags/tutorial.py
[2024-01-14T15:31:06.537+0000] {processor.py:766} INFO - DAG(s) dict_keys(['tutorial']) retrieved from /home/airflow/.local/lib/python3.7/site-packages/airflow/example_dags/tutorial.py
[2024-01-14T15:31:06.573+0000] {logging_mixin.py:120} INFO - [2024-01-14T15:31:06.573+0000] {dag.py:2585} INFO - Sync 1 DAGs
[2024-01-14T15:31:06.593+0000] {logging_mixin.py:120} INFO - [2024-01-14T15:31:06.593+0000] {dag.py:3340} INFO - Setting next_dagrun for tutorial to 2024-01-13T15:31:06.592006+00:00, run_after=2024-01-14T15:31:06.592006+00:00
[2024-01-14T15:31:06.606+0000] {processor.py:176} INFO - Processing /home/airflow/.local/lib/python3.7/site-packages/airflow/example_dags/tutorial.py took 0.099 seconds
